2018-12-06 12:34:29,337 INFO: Executing Script Credit Memo Prodution Data Monitoring
2018-12-06 12:34:29,461 INFO: Executing CMProductionDataMonitoring.execute_main()
2018-12-06 12:34:35,234 INFO: Login in to Launchpad
2018-12-06 12:34:49,227 INFO: Executing CMProductionDataMonitoring.TaskFilter()
2018-12-06 12:34:49,824 INFO: Refreshing access_token
2018-12-06 12:34:57,062 INFO: select InProgress task from input sheet from CMProductionDataMonitoring.TaskFilter()
2018-12-06 12:34:57,063 INFO: Executing TransactionTrackerOperations.search_process_for_CMPDM() for: Performance Health|McKesson BASCOM PALMER EYE INST|810
2018-12-06 12:34:57,211 INFO: Executing TransactionTrackerOperations.select_customer()
2018-12-06 12:35:04,262 INFO: Executing TransactionTrackerOperations.select_customer()
2018-12-06 12:35:18,549 INFO: Executing TransactionTrackerOperations.get_CM_parcels()
2018-12-06 12:35:28,396 INFO: Executing TransactionTrackerOperations.search_process_for_CMPDM() for: Performance Health|McKesson CABELL HUNTINGTON HOSPITAL|810
2018-12-06 12:35:29,899 INFO: Executing TransactionTrackerOperations.select_customer()
2018-12-06 12:35:36,879 INFO: Executing TransactionTrackerOperations.select_customer()
2018-12-06 12:35:49,129 INFO: Executing TransactionTrackerOperations.get_CM_parcels()
2018-12-06 12:35:52,173 INFO: NoSuchElementException in TransactionTrackerOperations.get_CM_parcels()
2018-12-06 12:35:56,777 INFO: NoSuchElementException in TransactionTrackerOperations.get_CM_parcels()
2018-12-06 12:36:06,633 INFO: Executing TransactionTrackerOperations.search_process_for_CMPDM() for: Performance Health|McKesson CHILDRENS HOSPITAL|810
2018-12-06 12:36:07,343 INFO: Executing TransactionTrackerOperations.select_customer()
2018-12-06 12:36:14,823 INFO: Executing TransactionTrackerOperations.select_customer()
2018-12-06 12:36:26,498 INFO: Executing TransactionTrackerOperations.get_CM_parcels()
2018-12-06 12:36:29,430 INFO: NoSuchElementException in TransactionTrackerOperations.get_CM_parcels()
2018-12-06 12:36:34,073 INFO: NoSuchElementException in TransactionTrackerOperations.get_CM_parcels()
2018-12-06 12:36:36,955 INFO: NoSuchElementException in TransactionTrackerOperations.get_CM_parcels()
2018-12-06 12:36:45,459 INFO: Executing TransactionTrackerOperations.search_process_for_CMPDM() for: Performance Health|McKesson CHRISTIANA CARE HEALTH|810
2018-12-06 12:36:45,869 INFO: Executing TransactionTrackerOperations.select_customer()
2018-12-06 12:36:52,934 INFO: Executing TransactionTrackerOperations.select_customer()
2018-12-06 12:37:04,987 INFO: Executing TransactionTrackerOperations.get_CM_parcels()
2018-12-06 12:37:07,849 INFO: NoSuchElementException in TransactionTrackerOperations.get_CM_parcels()
2018-12-06 12:37:12,581 INFO: NoSuchElementException in TransactionTrackerOperations.get_CM_parcels()
2018-12-06 12:37:17,444 INFO: NoSuchElementException in TransactionTrackerOperations.get_CM_parcels()
2018-12-06 12:37:21,981 INFO: NoSuchElementException in TransactionTrackerOperations.get_CM_parcels()
2018-12-06 12:37:26,795 INFO: NoSuchElementException in TransactionTrackerOperations.get_CM_parcels()
2018-12-06 12:37:32,020 INFO: NoSuchElementException in TransactionTrackerOperations.get_CM_parcels()
2018-12-06 12:37:36,900 INFO: NoSuchElementException in TransactionTrackerOperations.get_CM_parcels()
2018-12-06 12:37:42,503 INFO: NoSuchElementException in TransactionTrackerOperations.get_CM_parcels()
2018-12-06 12:37:47,517 INFO: NoSuchElementException in TransactionTrackerOperations.get_CM_parcels()
2018-12-06 12:37:53,176 INFO: NoSuchElementException in TransactionTrackerOperations.get_CM_parcels()
2018-12-06 12:37:57,807 INFO: NoSuchElementException in TransactionTrackerOperations.get_CM_parcels()
2018-12-06 12:38:01,497 INFO: NoSuchElementException in TransactionTrackerOperations.get_CM_parcels()
2018-12-06 12:38:09,305 INFO: Executing TransactionTrackerOperations.search_process_for_CMPDM() for: Performance Health|McKesson EMH REGIONAL HEALTHCARE SYSTEMS|810
2018-12-06 12:38:09,855 INFO: Executing TransactionTrackerOperations.select_customer()
2018-12-06 12:38:17,215 INFO: Executing TransactionTrackerOperations.select_customer()
2018-12-06 12:38:28,907 INFO: Executing TransactionTrackerOperations.get_CM_parcels()
2018-12-06 12:38:36,245 INFO: Executing TransactionTrackerOperations.search_process_for_CMPDM() for: Performance Health|McKesson EMORY HEALTHCARE|810
2018-12-06 12:38:36,554 INFO: Executing TransactionTrackerOperations.select_customer()
2018-12-06 12:38:43,657 INFO: Executing TransactionTrackerOperations.select_customer()
2018-12-06 12:38:56,639 INFO: Executing TransactionTrackerOperations.get_CM_parcels()
2018-12-06 12:39:03,704 INFO: Executing TransactionTrackerOperations.search_process_for_CMPDM() for: Performance Health|McKesson FIRELANDS REGIONAL MEDICAL CENTER|810
2018-12-06 12:39:04,491 INFO: Executing TransactionTrackerOperations.select_customer()
2018-12-06 12:39:11,774 INFO: Executing TransactionTrackerOperations.select_customer()
2018-12-06 12:39:24,095 INFO: Executing TransactionTrackerOperations.get_CM_parcels()
2018-12-06 12:39:31,941 INFO: Executing TransactionTrackerOperations.search_process_for_CMPDM() for: Performance Health|McKesson FIRSTHEALTH CAROLINAS|810
2018-12-06 12:39:33,309 INFO: Executing TransactionTrackerOperations.select_customer()
2018-12-06 12:39:40,651 INFO: Executing TransactionTrackerOperations.select_customer()
2018-12-06 12:39:52,920 INFO: Executing TransactionTrackerOperations.get_CM_parcels()
2018-12-06 12:40:00,770 INFO: Executing TransactionTrackerOperations.search_process_for_CMPDM() for: Performance Health|McKesson FRANCISCAN ALLIANCE INC|810
2018-12-06 12:40:01,198 INFO: Executing TransactionTrackerOperations.select_customer()
2018-12-06 12:40:08,126 INFO: Executing TransactionTrackerOperations.select_customer()
2018-12-06 12:40:19,624 INFO: Executing TransactionTrackerOperations.get_CM_parcels()
2018-12-06 12:40:27,390 INFO: Executing TransactionTrackerOperations.search_process_for_CMPDM() for: Performance Health|McKesson GOOD SHEPHERD REHAB NETWORK|810
2018-12-06 12:40:27,768 INFO: Executing TransactionTrackerOperations.select_customer()
2018-12-06 12:40:34,605 INFO: Executing TransactionTrackerOperations.select_customer()
2018-12-06 12:40:46,468 INFO: Executing TransactionTrackerOperations.get_CM_parcels()
2018-12-06 12:40:49,246 INFO: NoSuchElementException in TransactionTrackerOperations.get_CM_parcels()
2018-12-06 12:40:53,796 INFO: NoSuchElementException in TransactionTrackerOperations.get_CM_parcels()
2018-12-06 12:40:58,396 INFO: NoSuchElementException in TransactionTrackerOperations.get_CM_parcels()
2018-12-06 12:41:03,036 INFO: NoSuchElementException in TransactionTrackerOperations.get_CM_parcels()
2018-12-06 12:41:07,761 INFO: NoSuchElementException in TransactionTrackerOperations.get_CM_parcels()
2018-12-06 12:41:12,508 INFO: NoSuchElementException in TransactionTrackerOperations.get_CM_parcels()
2018-12-06 12:41:17,183 INFO: NoSuchElementException in TransactionTrackerOperations.get_CM_parcels()
2018-12-06 12:41:21,786 INFO: NoSuchElementException in TransactionTrackerOperations.get_CM_parcels()
2018-12-06 12:41:26,470 INFO: NoSuchElementException in TransactionTrackerOperations.get_CM_parcels()
2018-12-06 12:41:31,139 INFO: NoSuchElementException in TransactionTrackerOperations.get_CM_parcels()
2018-12-06 12:41:35,693 INFO: NoSuchElementException in TransactionTrackerOperations.get_CM_parcels()
2018-12-06 12:41:40,290 INFO: NoSuchElementException in TransactionTrackerOperations.get_CM_parcels()
2018-12-06 12:41:42,935 INFO: NoSuchElementException in TransactionTrackerOperations.get_CM_parcels()
2018-12-06 12:41:50,165 INFO: Executing TransactionTrackerOperations.search_process_for_CMPDM() for: Performance Health|McKesson HALIFAX REGIONAL HOSPITAL|810
2018-12-06 12:41:50,964 INFO: Executing TransactionTrackerOperations.select_customer()
2018-12-06 12:41:57,889 INFO: Executing TransactionTrackerOperations.select_customer()
2018-12-06 12:42:09,850 INFO: Executing TransactionTrackerOperations.get_CM_parcels()
2018-12-06 12:42:16,147 INFO: Executing TransactionTrackerOperations.search_process_for_CMPDM() for: Performance Health|McKesson HATTISBURG CLINIC|810
2018-12-06 12:42:16,817 INFO: Executing TransactionTrackerOperations.select_customer()
2018-12-06 12:42:23,694 INFO: Executing TransactionTrackerOperations.select_customer()
2018-12-06 12:42:35,059 INFO: Executing TransactionTrackerOperations.get_CM_parcels()
2018-12-06 12:42:40,559 INFO: Executing TransactionTrackerOperations.search_process_for_CMPDM() for: Performance Health|McKesson IL BONE AND JOINT|810
2018-12-06 12:42:41,284 INFO: Executing TransactionTrackerOperations.select_customer()
2018-12-06 12:42:48,148 INFO: Executing TransactionTrackerOperations.select_customer()
2018-12-06 12:42:59,466 INFO: Executing TransactionTrackerOperations.get_CM_parcels()
2018-12-06 12:43:05,039 INFO: Executing TransactionTrackerOperations.search_process_for_CMPDM() for: Performance Health|McKesson LAKE CHARLES MEMORIAL HOSPITAL|810
2018-12-06 12:43:05,689 INFO: Executing TransactionTrackerOperations.select_customer()
2018-12-06 12:43:12,560 INFO: Executing TransactionTrackerOperations.select_customer()
2018-12-06 12:43:24,445 INFO: Executing TransactionTrackerOperations.get_CM_parcels()
2018-12-06 12:43:31,300 INFO: Executing TransactionTrackerOperations.search_process_for_CMPDM() for: Performance Health|McKesson LAWRENCE MEMORIAL HOSPITAL|810
2018-12-06 12:43:31,318 INFO: Executing TransactionTrackerOperations.select_customer()
2018-12-06 12:43:38,385 INFO: Executing TransactionTrackerOperations.select_customer()
2018-12-06 12:43:50,288 INFO: Executing TransactionTrackerOperations.get_CM_parcels()
2018-12-06 12:43:53,045 INFO: NoSuchElementException in TransactionTrackerOperations.get_CM_parcels()
2018-12-06 12:43:58,344 INFO: NoSuchElementException in TransactionTrackerOperations.get_CM_parcels()
2018-12-06 12:44:02,943 INFO: NoSuchElementException in TransactionTrackerOperations.get_CM_parcels()
2018-12-06 12:44:08,465 INFO: NoSuchElementException in TransactionTrackerOperations.get_CM_parcels()
2018-12-06 12:44:11,809 INFO: NoSuchElementException in TransactionTrackerOperations.get_CM_parcels()
2018-12-06 12:44:20,285 INFO: Executing TransactionTrackerOperations.search_process_for_CMPDM() for: Performance Health|McKesson LEESBURG REGIONAL|810
2018-12-06 12:44:20,725 INFO: Executing TransactionTrackerOperations.select_customer()
2018-12-06 12:44:28,030 INFO: Executing TransactionTrackerOperations.select_customer()
2018-12-06 12:44:39,932 INFO: Executing TransactionTrackerOperations.get_CM_parcels()
2018-12-06 12:44:40,821 INFO: NoSuchElementException in TransactionTrackerOperations.get_CM_parcels()
2018-12-06 12:44:49,049 INFO: Executing TransactionTrackerOperations.search_process_for_CMPDM() for: Performance Health|McKesson LOMA LINDA UNIVERSITY MEDICAL CENTER|810
2018-12-06 12:44:49,771 INFO: Executing TransactionTrackerOperations.select_customer()
2018-12-06 12:44:56,910 INFO: Executing TransactionTrackerOperations.select_customer()
2018-12-06 12:45:09,148 INFO: Executing TransactionTrackerOperations.get_CM_parcels()
2018-12-06 12:45:09,441 INFO: NoSuchElementException in TransactionTrackerOperations.get_CM_parcels()
2018-12-06 12:45:17,160 INFO: Executing TransactionTrackerOperations.search_process_for_CMPDM() for: Performance Health|McKesson MCG HEALTH INC|810
2018-12-06 12:45:17,721 INFO: Executing TransactionTrackerOperations.select_customer()
2018-12-06 12:45:25,523 INFO: Executing TransactionTrackerOperations.select_customer()
2018-12-06 12:45:37,866 INFO: Executing TransactionTrackerOperations.get_CM_parcels()
2018-12-06 12:45:40,557 INFO: NoSuchElementException in TransactionTrackerOperations.get_CM_parcels()
2018-12-06 12:45:45,144 INFO: NoSuchElementException in TransactionTrackerOperations.get_CM_parcels()
2018-12-06 12:45:49,583 INFO: NoSuchElementException in TransactionTrackerOperations.get_CM_parcels()
2018-12-06 12:45:53,372 INFO: NoSuchElementException in TransactionTrackerOperations.get_CM_parcels()
2018-12-06 12:46:01,785 INFO: Executing TransactionTrackerOperations.search_process_for_CMPDM() for: Performance Health|McKesson NCH HEALTHCARE|810
2018-12-06 12:46:02,266 INFO: Executing TransactionTrackerOperations.select_customer()
2018-12-06 12:46:09,087 INFO: Executing TransactionTrackerOperations.select_customer()
2018-12-06 12:46:20,264 INFO: Executing TransactionTrackerOperations.get_CM_parcels()
2018-12-06 12:46:23,016 INFO: NoSuchElementException in TransactionTrackerOperations.get_CM_parcels()
2018-12-06 12:46:27,520 INFO: NoSuchElementException in TransactionTrackerOperations.get_CM_parcels()
2018-12-06 12:46:31,955 INFO: NoSuchElementException in TransactionTrackerOperations.get_CM_parcels()
2018-12-06 12:46:36,407 INFO: NoSuchElementException in TransactionTrackerOperations.get_CM_parcels()
2018-12-06 12:46:40,872 INFO: NoSuchElementException in TransactionTrackerOperations.get_CM_parcels()
2018-12-06 12:46:44,370 INFO: NoSuchElementException in TransactionTrackerOperations.get_CM_parcels()
2018-12-06 12:46:52,046 INFO: Executing TransactionTrackerOperations.search_process_for_CMPDM() for: Performance Health|McKesson SACRED HEART HOSPITAL|810
2018-12-06 12:46:52,278 INFO: Executing TransactionTrackerOperations.select_customer()
2018-12-06 12:46:59,459 INFO: Executing TransactionTrackerOperations.select_customer()
2018-12-06 12:47:10,837 INFO: Executing TransactionTrackerOperations.get_CM_parcels()
2018-12-06 12:47:18,253 INFO: Executing TransactionTrackerOperations.search_process_for_CMPDM() for: Performance Health|McKesson SAINT FRANCES MEDICAL CENTER|810
2018-12-06 12:47:18,609 INFO: Executing TransactionTrackerOperations.select_customer()
2018-12-06 12:47:25,453 INFO: Executing TransactionTrackerOperations.select_customer()
2018-12-06 12:47:37,435 INFO: Executing TransactionTrackerOperations.get_CM_parcels()
2018-12-06 12:47:40,187 INFO: NoSuchElementException in TransactionTrackerOperations.get_CM_parcels()
2018-12-06 12:47:44,782 INFO: NoSuchElementException in TransactionTrackerOperations.get_CM_parcels()
2018-12-06 12:47:48,513 INFO: NoSuchElementException in TransactionTrackerOperations.get_CM_parcels()
2018-12-06 12:47:56,212 INFO: Executing TransactionTrackerOperations.search_process_for_CMPDM() for: Performance Health|McKesson SOUTHERN NEW HAMPSHIRE MEDICAL CENTER|810
2018-12-06 12:47:56,253 INFO: Executing TransactionTrackerOperations.select_customer()
2018-12-06 12:48:03,049 INFO: Executing TransactionTrackerOperations.select_customer()
2018-12-06 12:48:14,704 INFO: Executing TransactionTrackerOperations.get_CM_parcels()
2018-12-06 12:48:17,814 INFO: NoSuchElementException in TransactionTrackerOperations.get_CM_parcels()
2018-12-06 12:48:22,887 INFO: NoSuchElementException in TransactionTrackerOperations.get_CM_parcels()
2018-12-06 12:48:27,330 INFO: NoSuchElementException in TransactionTrackerOperations.get_CM_parcels()
2018-12-06 12:48:29,947 INFO: NoSuchElementException in TransactionTrackerOperations.get_CM_parcels()
2018-12-06 12:48:36,066 INFO: Executing TransactionTrackerOperations.search_process_for_CMPDM() for: Performance Health|McKesson TIFT REGIONAL MEDICAL CENTER|810
2018-12-06 12:48:36,842 INFO: Executing TransactionTrackerOperations.select_customer()
2018-12-06 12:48:43,778 INFO: Executing TransactionTrackerOperations.select_customer()
2018-12-06 12:48:55,804 INFO: Executing TransactionTrackerOperations.get_CM_parcels()
2018-12-06 12:49:01,420 INFO: Executing TransactionTrackerOperations.search_process_for_CMPDM() for: Performance Health|McKesson TRINITY MOTHER FRANCES HOSPITAL|810
2018-12-06 12:49:02,239 INFO: Executing TransactionTrackerOperations.select_customer()
2018-12-06 12:49:09,029 INFO: Executing TransactionTrackerOperations.select_customer()
2018-12-06 12:49:21,375 INFO: Executing TransactionTrackerOperations.get_CM_parcels()
2018-12-06 12:49:24,571 INFO: NoSuchElementException in TransactionTrackerOperations.get_CM_parcels()
2018-12-06 12:49:29,427 INFO: NoSuchElementException in TransactionTrackerOperations.get_CM_parcels()
2018-12-06 12:49:34,119 INFO: NoSuchElementException in TransactionTrackerOperations.get_CM_parcels()
2018-12-06 12:49:38,739 INFO: NoSuchElementException in TransactionTrackerOperations.get_CM_parcels()
2018-12-06 12:49:43,478 INFO: NoSuchElementException in TransactionTrackerOperations.get_CM_parcels()
2018-12-06 12:49:47,511 INFO: NoSuchElementException in TransactionTrackerOperations.get_CM_parcels()
2018-12-06 12:49:55,032 INFO: Executing TransactionTrackerOperations.search_process_for_CMPDM() for: Performance Health|McKesson Truman Medical Center|810
2018-12-06 12:49:55,052 INFO: Executing TransactionTrackerOperations.select_customer()
2018-12-06 12:50:01,876 INFO: Executing TransactionTrackerOperations.select_customer()
2018-12-06 12:50:13,147 INFO: Executing TransactionTrackerOperations.get_CM_parcels()
2018-12-06 12:50:16,096 INFO: NoSuchElementException in TransactionTrackerOperations.get_CM_parcels()
2018-12-06 12:50:20,598 INFO: NoSuchElementException in TransactionTrackerOperations.get_CM_parcels()
2018-12-06 12:50:25,049 INFO: NoSuchElementException in TransactionTrackerOperations.get_CM_parcels()
2018-12-06 12:50:29,535 INFO: NoSuchElementException in TransactionTrackerOperations.get_CM_parcels()
2018-12-06 12:50:33,932 INFO: NoSuchElementException in TransactionTrackerOperations.get_CM_parcels()
2018-12-06 12:50:38,354 INFO: NoSuchElementException in TransactionTrackerOperations.get_CM_parcels()
2018-12-06 12:50:42,805 INFO: NoSuchElementException in TransactionTrackerOperations.get_CM_parcels()
2018-12-06 12:50:47,264 INFO: NoSuchElementException in TransactionTrackerOperations.get_CM_parcels()
2018-12-06 12:50:51,778 INFO: NoSuchElementException in TransactionTrackerOperations.get_CM_parcels()
2018-12-06 12:50:56,441 INFO: NoSuchElementException in TransactionTrackerOperations.get_CM_parcels()
2018-12-06 12:51:00,986 INFO: NoSuchElementException in TransactionTrackerOperations.get_CM_parcels()
2018-12-06 12:51:05,919 INFO: NoSuchElementException in TransactionTrackerOperations.get_CM_parcels()
2018-12-06 12:51:10,813 INFO: NoSuchElementException in TransactionTrackerOperations.get_CM_parcels()
2018-12-06 12:51:15,954 INFO: NoSuchElementException in TransactionTrackerOperations.get_CM_parcels()
2018-12-06 12:51:20,606 INFO: NoSuchElementException in TransactionTrackerOperations.get_CM_parcels()
2018-12-06 12:51:25,315 INFO: NoSuchElementException in TransactionTrackerOperations.get_CM_parcels()
2018-12-06 12:51:29,929 INFO: NoSuchElementException in TransactionTrackerOperations.get_CM_parcels()
2018-12-06 12:51:32,344 INFO: NoSuchElementException in TransactionTrackerOperations.get_CM_parcels()
2018-12-06 12:51:40,704 INFO: Executing TransactionTrackerOperations.search_process_for_CMPDM() for: Performance Health|McKesson UNITED HOSPITAL SYSTEM INC|810
2018-12-06 12:51:40,780 INFO: Executing TransactionTrackerOperations.select_customer()
2018-12-06 12:51:47,585 INFO: Executing TransactionTrackerOperations.select_customer()
2018-12-06 12:51:59,499 INFO: Executing TransactionTrackerOperations.get_CM_parcels()
2018-12-06 12:52:02,331 INFO: NoSuchElementException in TransactionTrackerOperations.get_CM_parcels()
2018-12-06 12:52:14,768 INFO: NoSuchElementException in TransactionTrackerOperations.get_CM_parcels()
2018-12-06 12:52:19,468 INFO: NoSuchElementException in TransactionTrackerOperations.get_CM_parcels()
2018-12-06 12:52:27,802 INFO: Executing TransactionTrackerOperations.search_process_for_CMPDM() for: Performance Health|McKesson VAIL VALLEY MEDICAL CENTER|810
2018-12-06 12:52:28,464 INFO: Executing TransactionTrackerOperations.select_customer()
2018-12-06 12:52:35,568 INFO: Executing TransactionTrackerOperations.select_customer()
2018-12-06 12:52:46,956 INFO: Executing TransactionTrackerOperations.get_CM_parcels()
2018-12-06 12:52:49,612 INFO: NoSuchElementException in TransactionTrackerOperations.get_CM_parcels()
2018-12-06 12:52:54,146 INFO: NoSuchElementException in TransactionTrackerOperations.get_CM_parcels()
2018-12-06 12:52:58,594 INFO: NoSuchElementException in TransactionTrackerOperations.get_CM_parcels()
2018-12-06 12:53:03,079 INFO: NoSuchElementException in TransactionTrackerOperations.get_CM_parcels()
2018-12-06 12:53:07,474 INFO: NoSuchElementException in TransactionTrackerOperations.get_CM_parcels()
2018-12-06 12:53:12,036 INFO: NoSuchElementException in TransactionTrackerOperations.get_CM_parcels()
2018-12-06 12:53:16,494 INFO: NoSuchElementException in TransactionTrackerOperations.get_CM_parcels()
2018-12-06 12:53:21,019 INFO: NoSuchElementException in TransactionTrackerOperations.get_CM_parcels()
2018-12-06 12:53:25,653 INFO: NoSuchElementException in TransactionTrackerOperations.get_CM_parcels()
2018-12-06 12:53:30,129 INFO: NoSuchElementException in TransactionTrackerOperations.get_CM_parcels()
2018-12-06 12:53:34,772 INFO: NoSuchElementException in TransactionTrackerOperations.get_CM_parcels()
2018-12-06 12:53:39,285 INFO: NoSuchElementException in TransactionTrackerOperations.get_CM_parcels()
2018-12-06 12:53:43,853 INFO: NoSuchElementException in TransactionTrackerOperations.get_CM_parcels()
2018-12-06 12:53:48,570 INFO: NoSuchElementException in TransactionTrackerOperations.get_CM_parcels()
2018-12-06 12:53:53,118 INFO: NoSuchElementException in TransactionTrackerOperations.get_CM_parcels()
2018-12-06 12:53:55,530 INFO: NoSuchElementException in TransactionTrackerOperations.get_CM_parcels()
2018-12-06 12:54:03,011 INFO: Executing TransactionTrackerOperations.search_process_for_CMPDM() for: Performance Health|McKesson WHEATON FRANCISCAN HEALTHCARE|810
2018-12-06 12:54:03,063 INFO: Executing TransactionTrackerOperations.select_customer()
2018-12-06 12:54:10,103 INFO: Executing TransactionTrackerOperations.select_customer()
2018-12-06 12:54:21,661 INFO: Executing TransactionTrackerOperations.get_CM_parcels()
2018-12-06 12:54:27,461 INFO: Executing TransactionTrackerOperations.search_process_for_CMPDM() for: Performance Health|MFA DSSI|810
2018-12-06 12:54:28,338 INFO: Executing TransactionTrackerOperations.select_customer()
2018-12-06 12:54:35,149 INFO: Executing TransactionTrackerOperations.select_customer()
2018-12-06 12:54:46,121 INFO: Executing TransactionTrackerOperations.get_CM_parcels()
2018-12-06 12:54:53,071 INFO: Executing TransactionTrackerOperations.search_process_for_CMPDM() for: Performance Health|MIDWEST GERIATRIC DSSI|810
2018-12-06 12:54:53,624 INFO: Executing TransactionTrackerOperations.select_customer()
2018-12-06 12:55:00,531 INFO: Executing TransactionTrackerOperations.select_customer()
2018-12-06 12:55:12,064 INFO: Executing TransactionTrackerOperations.get_CM_parcels()
2018-12-06 12:55:18,048 INFO: Executing TransactionTrackerOperations.search_process_for_CMPDM() for: Performance Health|MIDWEST HEALTH DSSI|810
2018-12-06 12:55:18,080 INFO: Executing TransactionTrackerOperations.select_customer()
2018-12-06 12:55:25,071 INFO: Executing TransactionTrackerOperations.select_customer()
2018-12-06 12:55:36,558 INFO: Executing TransactionTrackerOperations.get_CM_parcels()
2018-12-06 12:55:39,462 INFO: NoSuchElementException in TransactionTrackerOperations.get_CM_parcels()
2018-12-06 12:55:44,162 INFO: NoSuchElementException in TransactionTrackerOperations.get_CM_parcels()
2018-12-06 12:55:47,381 INFO: NoSuchElementException in TransactionTrackerOperations.get_CM_parcels()
2018-12-06 12:55:54,256 INFO: Executing TransactionTrackerOperations.search_process_for_CMPDM() for: Performance Health|MISSION HEALTH DSSI|810
2018-12-06 12:55:54,388 INFO: Executing TransactionTrackerOperations.select_customer()
2018-12-06 12:56:01,449 INFO: Executing TransactionTrackerOperations.select_customer()
2018-12-06 12:56:13,141 INFO: Executing TransactionTrackerOperations.get_CM_parcels()
2018-12-06 12:56:16,082 INFO: NoSuchElementException in TransactionTrackerOperations.get_CM_parcels()
2018-12-06 12:56:20,765 INFO: NoSuchElementException in TransactionTrackerOperations.get_CM_parcels()
2018-12-06 12:56:25,678 INFO: NoSuchElementException in TransactionTrackerOperations.get_CM_parcels()
2018-12-06 12:56:30,463 INFO: NoSuchElementException in TransactionTrackerOperations.get_CM_parcels()
2018-12-06 12:56:36,229 INFO: NoSuchElementException in TransactionTrackerOperations.get_CM_parcels()
2018-12-06 12:56:42,008 INFO: NoSuchElementException in TransactionTrackerOperations.get_CM_parcels()
2018-12-06 12:56:46,164 INFO: NoSuchElementException in TransactionTrackerOperations.get_CM_parcels()
2018-12-06 12:56:54,130 INFO: Executing TransactionTrackerOperations.search_process_for_CMPDM() for: Performance Health|NEXION DSSI|810
2018-12-06 12:56:54,280 INFO: Executing TransactionTrackerOperations.select_customer()
2018-12-06 12:57:01,160 INFO: Executing TransactionTrackerOperations.select_customer()
2018-12-06 12:57:12,251 INFO: Executing TransactionTrackerOperations.get_CM_parcels()
2018-12-06 12:57:14,880 INFO: NoSuchElementException in TransactionTrackerOperations.get_CM_parcels()
2018-12-06 12:57:19,344 INFO: NoSuchElementException in TransactionTrackerOperations.get_CM_parcels()
2018-12-06 12:57:23,757 INFO: NoSuchElementException in TransactionTrackerOperations.get_CM_parcels()
2018-12-06 12:57:28,182 INFO: NoSuchElementException in TransactionTrackerOperations.get_CM_parcels()
2018-12-06 12:57:32,583 INFO: NoSuchElementException in TransactionTrackerOperations.get_CM_parcels()
2018-12-06 12:57:37,151 INFO: NoSuchElementException in TransactionTrackerOperations.get_CM_parcels()
2018-12-06 12:57:41,608 INFO: NoSuchElementException in TransactionTrackerOperations.get_CM_parcels()
2018-12-06 12:57:44,680 INFO: NoSuchElementException in TransactionTrackerOperations.get_CM_parcels()
2018-12-06 12:57:52,099 INFO: Executing TransactionTrackerOperations.search_process_for_CMPDM() for: Performance Health|NOLAND HEALTH SERVICES DSSI|810
2018-12-06 12:57:52,119 INFO: Executing TransactionTrackerOperations.select_customer()
2018-12-06 12:57:58,902 INFO: Executing TransactionTrackerOperations.select_customer()
2018-12-06 12:58:10,318 INFO: Executing TransactionTrackerOperations.get_CM_parcels()
2018-12-06 12:58:13,038 INFO: NoSuchElementException in TransactionTrackerOperations.get_CM_parcels()
2018-12-06 12:58:17,530 INFO: NoSuchElementException in TransactionTrackerOperations.get_CM_parcels()
2018-12-06 12:58:22,021 INFO: NoSuchElementException in TransactionTrackerOperations.get_CM_parcels()
2018-12-06 12:58:26,057 INFO: NoSuchElementException in TransactionTrackerOperations.get_CM_parcels()
2018-12-06 12:58:32,088 INFO: Executing TransactionTrackerOperations.search_process_for_CMPDM() for: Performance Health|NORTHPORT DSSI|810
2018-12-06 12:58:32,912 INFO: Executing TransactionTrackerOperations.select_customer()
2018-12-06 12:58:39,807 INFO: Executing TransactionTrackerOperations.select_customer()
2018-12-06 12:58:51,205 INFO: Executing TransactionTrackerOperations.get_CM_parcels()
2018-12-06 12:58:57,419 INFO: Executing TransactionTrackerOperations.search_process_for_CMPDM() for: Performance Health|NUVISION DSSI|810
2018-12-06 12:58:57,439 INFO: Executing TransactionTrackerOperations.select_customer()
2018-12-06 12:59:04,229 INFO: Executing TransactionTrackerOperations.select_customer()
2018-12-06 12:59:15,329 INFO: Executing TransactionTrackerOperations.get_CM_parcels()
2018-12-06 12:59:17,985 INFO: NoSuchElementException in TransactionTrackerOperations.get_CM_parcels()
2018-12-06 12:59:22,532 INFO: NoSuchElementException in TransactionTrackerOperations.get_CM_parcels()
2018-12-06 12:59:26,018 INFO: NoSuchElementException in TransactionTrackerOperations.get_CM_parcels()
2018-12-06 12:59:33,218 INFO: Executing TransactionTrackerOperations.search_process_for_CMPDM() for: Performance Health|ONIX GROUP DSSI|810
2018-12-06 12:59:33,246 INFO: Executing TransactionTrackerOperations.select_customer()
2018-12-06 12:59:40,033 INFO: Executing TransactionTrackerOperations.select_customer()
2018-12-06 12:59:51,197 INFO: Executing TransactionTrackerOperations.get_CM_parcels()
2018-12-06 12:59:53,825 INFO: NoSuchElementException in TransactionTrackerOperations.get_CM_parcels()
2018-12-06 12:59:58,309 INFO: NoSuchElementException in TransactionTrackerOperations.get_CM_parcels()
2018-12-06 13:00:02,729 INFO: NoSuchElementException in TransactionTrackerOperations.get_CM_parcels()
2018-12-06 13:00:06,747 INFO: NoSuchElementException in TransactionTrackerOperations.get_CM_parcels()
2018-12-06 13:00:12,710 INFO: Executing TransactionTrackerOperations.search_process_for_CMPDM() for: Performance Health|PENNMED CONSULTANTS INC DSSI|810
2018-12-06 13:00:13,268 INFO: Executing TransactionTrackerOperations.select_customer()
2018-12-06 13:00:20,115 INFO: Executing TransactionTrackerOperations.select_customer()
2018-12-06 13:00:31,514 INFO: Executing TransactionTrackerOperations.get_CM_parcels()
2018-12-06 13:00:37,606 INFO: Executing TransactionTrackerOperations.search_process_for_CMPDM() for: Performance Health|PREFERRED CARE DSSI|810
2018-12-06 13:00:37,626 INFO: Executing TransactionTrackerOperations.select_customer()
2018-12-06 13:00:44,405 INFO: Executing TransactionTrackerOperations.select_customer()
2018-12-06 13:00:55,624 INFO: Executing TransactionTrackerOperations.get_CM_parcels()
2018-12-06 13:01:01,104 INFO: Executing TransactionTrackerOperations.search_process_for_CMPDM() for: Performance Health|PRESBYTERIAN HOMES AND SERVICES DSSI|810
2018-12-06 13:01:01,764 INFO: Executing TransactionTrackerOperations.select_customer()
2018-12-06 13:01:08,632 INFO: Executing TransactionTrackerOperations.select_customer()
2018-12-06 13:01:20,302 INFO: Executing TransactionTrackerOperations.get_CM_parcels()
2018-12-06 13:01:22,955 INFO: NoSuchElementException in TransactionTrackerOperations.get_CM_parcels()
2018-12-06 13:01:27,420 INFO: NoSuchElementException in TransactionTrackerOperations.get_CM_parcels()
2018-12-06 13:01:31,807 INFO: NoSuchElementException in TransactionTrackerOperations.get_CM_parcels()
2018-12-06 13:01:36,225 INFO: NoSuchElementException in TransactionTrackerOperations.get_CM_parcels()
2018-12-06 13:01:40,692 INFO: NoSuchElementException in TransactionTrackerOperations.get_CM_parcels()
2018-12-06 13:01:43,772 INFO: NoSuchElementException in TransactionTrackerOperations.get_CM_parcels()
2018-12-06 13:01:50,463 INFO: Executing TransactionTrackerOperations.search_process_for_CMPDM() for: Performance Health|PRESBYTERIAN SENIOR LIVING DSSI|810
2018-12-06 13:01:50,483 INFO: Executing TransactionTrackerOperations.select_customer()
2018-12-06 13:01:57,273 INFO: Executing TransactionTrackerOperations.select_customer()
2018-12-06 13:02:09,162 INFO: Executing TransactionTrackerOperations.get_CM_parcels()
2018-12-06 13:02:11,823 INFO: NoSuchElementException in TransactionTrackerOperations.get_CM_parcels()
2018-12-06 13:02:16,294 INFO: NoSuchElementException in TransactionTrackerOperations.get_CM_parcels()
2018-12-06 13:02:20,691 INFO: NoSuchElementException in TransactionTrackerOperations.get_CM_parcels()
2018-12-06 13:02:23,167 INFO: NoSuchElementException in TransactionTrackerOperations.get_CM_parcels()
2018-12-06 13:02:30,357 INFO: Executing TransactionTrackerOperations.search_process_for_CMPDM() for: Performance Health|QUALITY LIFE SERVICES DSSI|810
2018-12-06 13:02:30,376 INFO: Executing TransactionTrackerOperations.select_customer()
2018-12-06 13:02:37,175 INFO: Executing TransactionTrackerOperations.select_customer()
2018-12-06 13:02:48,454 INFO: Executing TransactionTrackerOperations.get_CM_parcels()
2018-12-06 13:02:51,113 INFO: NoSuchElementException in TransactionTrackerOperations.get_CM_parcels()
2018-12-06 13:02:55,602 INFO: NoSuchElementException in TransactionTrackerOperations.get_CM_parcels()
2018-12-06 13:03:00,021 INFO: NoSuchElementException in TransactionTrackerOperations.get_CM_parcels()
2018-12-06 13:03:04,510 INFO: NoSuchElementException in TransactionTrackerOperations.get_CM_parcels()
2018-12-06 13:03:08,914 INFO: NoSuchElementException in TransactionTrackerOperations.get_CM_parcels()
2018-12-06 13:03:11,525 INFO: NoSuchElementException in TransactionTrackerOperations.get_CM_parcels()
2018-12-06 13:03:17,641 INFO: Executing TransactionTrackerOperations.search_process_for_CMPDM() for: Performance Health|Quest Healthcare Development DSSI|810
2018-12-06 13:03:18,229 INFO: Executing TransactionTrackerOperations.select_customer()
2018-12-06 13:03:25,051 INFO: Executing TransactionTrackerOperations.select_customer()
2018-12-06 13:03:36,220 INFO: Executing TransactionTrackerOperations.get_CM_parcels()
2018-12-06 13:03:42,921 INFO: Executing TransactionTrackerOperations.search_process_for_CMPDM() for: Performance Health|Regency Integrated Health Services DSSI|810
2018-12-06 13:03:42,945 INFO: Executing TransactionTrackerOperations.select_customer()
2018-12-06 13:03:49,733 INFO: Executing TransactionTrackerOperations.select_customer()
2018-12-06 13:04:01,069 INFO: Executing TransactionTrackerOperations.get_CM_parcels()
2018-12-06 13:04:07,726 INFO: Executing TransactionTrackerOperations.search_process_for_CMPDM() for: Performance Health|RENNES HEALTH DSSI|810
2018-12-06 13:04:07,754 INFO: Executing TransactionTrackerOperations.select_customer()
2018-12-06 13:04:14,536 INFO: Executing TransactionTrackerOperations.select_customer()
2018-12-06 13:04:25,770 INFO: Executing TransactionTrackerOperations.get_CM_parcels()
2018-12-06 13:04:28,399 INFO: NoSuchElementException in TransactionTrackerOperations.get_CM_parcels()
2018-12-06 13:04:32,875 INFO: NoSuchElementException in TransactionTrackerOperations.get_CM_parcels()
2018-12-06 13:04:37,275 INFO: NoSuchElementException in TransactionTrackerOperations.get_CM_parcels()
2018-12-06 13:04:40,296 ERROR: Error in CMProductionDataMonitoring.TaskFilter()
2018-12-06 13:04:45,810 INFO: Executing TransactionTrackerOperations.search_process_for_CMPDM() for: Performance Health|SABER HEALTHCARE DSSI|810
2018-12-06 13:04:45,830 INFO: Executing TransactionTrackerOperations.select_customer()
2018-12-06 13:04:52,667 INFO: Executing TransactionTrackerOperations.select_customer()
2018-12-06 13:05:03,972 INFO: Executing TransactionTrackerOperations.get_CM_parcels()
2018-12-06 13:05:09,427 INFO: Executing TransactionTrackerOperations.search_process_for_CMPDM() for: Performance Health|SPRENGER HEALTHCARE DSSI|810
2018-12-06 13:05:09,946 INFO: Executing TransactionTrackerOperations.select_customer()
2018-12-06 13:05:16,740 INFO: Executing TransactionTrackerOperations.select_customer()
2018-12-06 13:05:28,111 INFO: Executing TransactionTrackerOperations.get_CM_parcels()
2018-12-06 13:05:30,774 INFO: NoSuchElementException in TransactionTrackerOperations.get_CM_parcels()
2018-12-06 13:05:35,255 INFO: NoSuchElementException in TransactionTrackerOperations.get_CM_parcels()
2018-12-06 13:05:39,646 INFO: NoSuchElementException in TransactionTrackerOperations.get_CM_parcels()
2018-12-06 13:05:44,211 INFO: NoSuchElementException in TransactionTrackerOperations.get_CM_parcels()
2018-12-06 13:05:48,771 INFO: NoSuchElementException in TransactionTrackerOperations.get_CM_parcels()
2018-12-06 13:05:53,297 INFO: NoSuchElementException in TransactionTrackerOperations.get_CM_parcels()
2018-12-06 13:05:57,726 INFO: NoSuchElementException in TransactionTrackerOperations.get_CM_parcels()
2018-12-06 13:06:02,247 INFO: NoSuchElementException in TransactionTrackerOperations.get_CM_parcels()
2018-12-06 13:06:06,695 INFO: NoSuchElementException in TransactionTrackerOperations.get_CM_parcels()
2018-12-06 13:06:15,977 INFO: Executing TransactionTrackerOperations.search_process_for_CMPDM() for: Performance Health|SPRINGPOINT DSSI|810
2018-12-06 13:06:16,005 INFO: Executing TransactionTrackerOperations.select_customer()
2018-12-06 13:06:22,796 INFO: Executing TransactionTrackerOperations.select_customer()
2018-12-06 13:06:33,950 INFO: Executing TransactionTrackerOperations.get_CM_parcels()
2018-12-06 13:06:36,699 INFO: NoSuchElementException in TransactionTrackerOperations.get_CM_parcels()
2018-12-06 13:06:41,209 INFO: NoSuchElementException in TransactionTrackerOperations.get_CM_parcels()
2018-12-06 13:06:45,611 INFO: NoSuchElementException in TransactionTrackerOperations.get_CM_parcels()
2018-12-06 13:06:49,581 INFO: NoSuchElementException in TransactionTrackerOperations.get_CM_parcels()
2018-12-06 13:06:56,484 INFO: Executing TransactionTrackerOperations.search_process_for_CMPDM() for: Performance Health|STONERISE MEDICAL DSSI|810
2018-12-06 13:06:57,056 INFO: Executing TransactionTrackerOperations.select_customer()
2018-12-06 13:07:04,005 INFO: Executing TransactionTrackerOperations.select_customer()
2018-12-06 13:07:15,352 INFO: Executing TransactionTrackerOperations.get_CM_parcels()
2018-12-06 13:07:18,243 INFO: NoSuchElementException in TransactionTrackerOperations.get_CM_parcels()
2018-12-06 13:07:22,763 INFO: NoSuchElementException in TransactionTrackerOperations.get_CM_parcels()
2018-12-06 13:07:27,156 INFO: NoSuchElementException in TransactionTrackerOperations.get_CM_parcels()
2018-12-06 13:07:31,575 INFO: NoSuchElementException in TransactionTrackerOperations.get_CM_parcels()
2018-12-06 13:07:35,995 INFO: NoSuchElementException in TransactionTrackerOperations.get_CM_parcels()
2018-12-06 13:07:40,458 INFO: NoSuchElementException in TransactionTrackerOperations.get_CM_parcels()
2018-12-06 13:07:45,014 INFO: NoSuchElementException in TransactionTrackerOperations.get_CM_parcels()
2018-12-06 13:07:49,486 INFO: NoSuchElementException in TransactionTrackerOperations.get_CM_parcels()
2018-12-06 13:07:53,962 INFO: NoSuchElementException in TransactionTrackerOperations.get_CM_parcels()
2018-12-06 13:07:58,468 INFO: NoSuchElementException in TransactionTrackerOperations.get_CM_parcels()
2018-12-06 13:08:02,984 INFO: NoSuchElementException in TransactionTrackerOperations.get_CM_parcels()
2018-12-06 13:08:07,487 INFO: NoSuchElementException in TransactionTrackerOperations.get_CM_parcels()
2018-12-06 13:08:12,188 INFO: NoSuchElementException in TransactionTrackerOperations.get_CM_parcels()
2018-12-06 13:08:16,714 INFO: NoSuchElementException in TransactionTrackerOperations.get_CM_parcels()
2018-12-06 13:08:21,239 INFO: NoSuchElementException in TransactionTrackerOperations.get_CM_parcels()
2018-12-06 13:08:25,805 INFO: NoSuchElementException in TransactionTrackerOperations.get_CM_parcels()
2018-12-06 13:08:30,437 INFO: NoSuchElementException in TransactionTrackerOperations.get_CM_parcels()
2018-12-06 13:08:34,233 INFO: NoSuchElementException in TransactionTrackerOperations.get_CM_parcels()
2018-12-06 13:08:41,328 INFO: Executing TransactionTrackerOperations.search_process_for_CMPDM() for: Performance Health|TAMARAC ADMINISTRACTIVE SERVICES DSSI|810
2018-12-06 13:08:41,977 INFO: Executing TransactionTrackerOperations.select_customer()
2018-12-06 13:08:48,788 INFO: Executing TransactionTrackerOperations.select_customer()
2018-12-06 13:09:00,537 INFO: Executing TransactionTrackerOperations.get_CM_parcels()
2018-12-06 13:09:07,250 INFO: Executing TransactionTrackerOperations.search_process_for_CMPDM() for: Performance Health|TANDEM HEALTHCARE DSSI|810
2018-12-06 13:09:07,270 INFO: Executing TransactionTrackerOperations.select_customer()
2018-12-06 13:09:14,050 INFO: Executing TransactionTrackerOperations.select_customer()
2018-12-06 13:09:25,382 INFO: Executing TransactionTrackerOperations.get_CM_parcels()
2018-12-06 13:09:30,824 INFO: Executing TransactionTrackerOperations.search_process_for_CMPDM() for: Performance Health|TARA CARES LLC DSSI|810
2018-12-06 13:09:31,379 INFO: Executing TransactionTrackerOperations.select_customer()
2018-12-06 13:09:38,183 INFO: Executing TransactionTrackerOperations.select_customer()
2018-12-06 13:09:49,396 INFO: Executing TransactionTrackerOperations.get_CM_parcels()
2018-12-06 13:09:56,241 INFO: Executing TransactionTrackerOperations.search_process_for_CMPDM() for: Performance Health|TEALWOOD TWN DSSI|810
2018-12-06 13:09:56,261 INFO: Executing TransactionTrackerOperations.select_customer()
2018-12-06 13:10:03,039 INFO: Executing TransactionTrackerOperations.select_customer()
2018-12-06 13:10:14,507 INFO: Executing TransactionTrackerOperations.get_CM_parcels()
2018-12-06 13:10:17,339 INFO: NoSuchElementException in TransactionTrackerOperations.get_CM_parcels()
2018-12-06 13:10:21,897 INFO: NoSuchElementException in TransactionTrackerOperations.get_CM_parcels()
2018-12-06 13:10:26,329 INFO: NoSuchElementException in TransactionTrackerOperations.get_CM_parcels()
2018-12-06 13:10:30,784 INFO: NoSuchElementException in TransactionTrackerOperations.get_CM_parcels()
2018-12-06 13:10:35,298 INFO: NoSuchElementException in TransactionTrackerOperations.get_CM_parcels()
2018-12-06 13:10:39,712 INFO: NoSuchElementException in TransactionTrackerOperations.get_CM_parcels()
2018-12-06 13:10:44,167 INFO: NoSuchElementException in TransactionTrackerOperations.get_CM_parcels()
2018-12-06 13:10:48,644 INFO: NoSuchElementException in TransactionTrackerOperations.get_CM_parcels()
2018-12-06 13:10:53,275 INFO: NoSuchElementException in TransactionTrackerOperations.get_CM_parcels()
2018-12-06 13:10:57,064 INFO: NoSuchElementException in TransactionTrackerOperations.get_CM_parcels()
2018-12-06 13:11:04,217 INFO: Executing TransactionTrackerOperations.search_process_for_CMPDM() for: Performance Health|TRANS HEALTH CARE DSSI|810
2018-12-06 13:11:05,075 INFO: Executing TransactionTrackerOperations.select_customer()
2018-12-06 13:11:11,897 INFO: Executing TransactionTrackerOperations.select_customer()
2018-12-06 13:11:23,194 INFO: Executing TransactionTrackerOperations.get_CM_parcels()
2018-12-06 13:11:29,536 INFO: Executing TransactionTrackerOperations.search_process_for_CMPDM() for: Performance Health|UNITED MEDICAL DSSI|810
2018-12-06 13:11:29,564 INFO: Executing TransactionTrackerOperations.select_customer()
2018-12-06 13:11:36,349 INFO: Executing TransactionTrackerOperations.select_customer()
2018-12-06 13:11:47,558 INFO: Executing TransactionTrackerOperations.get_CM_parcels()
2018-12-06 13:11:54,520 INFO: Executing TransactionTrackerOperations.search_process_for_CMPDM() for: Performance Health|WILMAC DSSI|810
2018-12-06 13:11:54,544 INFO: Executing TransactionTrackerOperations.select_customer()
2018-12-06 13:12:01,340 INFO: Executing TransactionTrackerOperations.select_customer()
2018-12-06 13:12:12,245 INFO: Executing TransactionTrackerOperations.get_CM_parcels()
2018-12-06 13:12:14,914 INFO: NoSuchElementException in TransactionTrackerOperations.get_CM_parcels()
2018-12-06 13:12:19,461 INFO: NoSuchElementException in TransactionTrackerOperations.get_CM_parcels()
2018-12-06 13:12:23,879 INFO: NoSuchElementException in TransactionTrackerOperations.get_CM_parcels()
2018-12-06 13:12:26,711 INFO: NoSuchElementException in TransactionTrackerOperations.get_CM_parcels()
2018-12-06 13:12:32,749 INFO: Executing TransactionTrackerOperations.search_process_for_CMPDM() for: Performance Health|Senior Care Centers LLC|810
2018-12-06 13:12:33,451 INFO: Executing TransactionTrackerOperations.select_customer()
2018-12-06 13:12:40,277 INFO: Executing TransactionTrackerOperations.select_customer()
2018-12-06 13:12:51,307 INFO: Executing TransactionTrackerOperations.get_CM_parcels()
2018-12-06 13:12:56,899 INFO: Executing TransactionTrackerOperations.search_process_for_CMPDM() for: Performance Health|AMERICAN SENIOR COMMUNITIES DSSI|810
2018-12-06 13:12:57,754 INFO: Executing TransactionTrackerOperations.select_customer()
2018-12-06 13:13:04,599 INFO: Executing TransactionTrackerOperations.select_customer()
2018-12-06 13:13:16,219 INFO: Executing TransactionTrackerOperations.get_CM_parcels()
2018-12-06 13:13:21,867 INFO: Executing TransactionTrackerOperations.search_process_for_CMPDM() for: Performance Health|BaneCare Management DSSI|810
2018-12-06 13:13:22,371 INFO: Executing TransactionTrackerOperations.select_customer()
2018-12-06 13:13:29,193 INFO: Executing TransactionTrackerOperations.select_customer()
2018-12-06 13:13:40,225 INFO: Executing TransactionTrackerOperations.get_CM_parcels()
2018-12-06 13:13:46,961 INFO: Executing TransactionTrackerOperations.search_process_for_CMPDM() for: Performance Health|DSSI Next Step Healthcare|810
2018-12-06 13:13:46,981 INFO: Executing TransactionTrackerOperations.select_customer()
2018-12-06 13:13:53,772 INFO: Executing TransactionTrackerOperations.select_customer()
2018-12-06 13:14:05,402 INFO: Executing TransactionTrackerOperations.get_CM_parcels()
2018-12-06 13:14:08,139 INFO: NoSuchElementException in TransactionTrackerOperations.get_CM_parcels()
2018-12-06 13:14:12,711 INFO: NoSuchElementException in TransactionTrackerOperations.get_CM_parcels()
2018-12-06 13:14:17,161 INFO: NoSuchElementException in TransactionTrackerOperations.get_CM_parcels()
2018-12-06 13:14:21,685 INFO: NoSuchElementException in TransactionTrackerOperations.get_CM_parcels()
2018-12-06 13:14:26,190 INFO: NoSuchElementException in TransactionTrackerOperations.get_CM_parcels()
2018-12-06 13:14:30,727 INFO: NoSuchElementException in TransactionTrackerOperations.get_CM_parcels()
2018-12-06 13:14:35,204 INFO: NoSuchElementException in TransactionTrackerOperations.get_CM_parcels()
2018-12-06 13:14:39,703 INFO: NoSuchElementException in TransactionTrackerOperations.get_CM_parcels()
2018-12-06 13:14:44,201 INFO: NoSuchElementException in TransactionTrackerOperations.get_CM_parcels()
2018-12-06 13:14:48,671 INFO: NoSuchElementException in TransactionTrackerOperations.get_CM_parcels()
2018-12-06 13:14:53,172 INFO: NoSuchElementException in TransactionTrackerOperations.get_CM_parcels()
2018-12-06 13:14:57,741 INFO: NoSuchElementException in TransactionTrackerOperations.get_CM_parcels()
2018-12-06 13:15:02,324 INFO: NoSuchElementException in TransactionTrackerOperations.get_CM_parcels()
2018-12-06 13:15:06,863 INFO: NoSuchElementException in TransactionTrackerOperations.get_CM_parcels()
2018-12-06 13:15:11,592 INFO: NoSuchElementException in TransactionTrackerOperations.get_CM_parcels()
2018-12-06 13:15:16,112 INFO: NoSuchElementException in TransactionTrackerOperations.get_CM_parcels()
2018-12-06 13:15:20,669 INFO: NoSuchElementException in TransactionTrackerOperations.get_CM_parcels()
2018-12-06 13:15:23,782 INFO: NoSuchElementException in TransactionTrackerOperations.get_CM_parcels()
2018-12-06 13:15:31,146 INFO: Executing TransactionTrackerOperations.search_process_for_CMPDM() for: Performance Health|Regency Pacific DSSI|810
2018-12-06 13:15:31,836 INFO: Executing TransactionTrackerOperations.select_customer()
2018-12-06 13:15:38,635 INFO: Executing TransactionTrackerOperations.select_customer()
2018-12-06 13:15:49,877 INFO: Executing TransactionTrackerOperations.get_CM_parcels()
2018-12-06 13:15:55,569 INFO: Executing TransactionTrackerOperations.search_process_for_CMPDM() for: Performance Health|ADVANTAGE HPSI DSSI|810
2018-12-06 13:15:56,190 INFO: Executing TransactionTrackerOperations.select_customer()
2018-12-06 13:16:02,994 INFO: Executing TransactionTrackerOperations.select_customer()
2018-12-06 13:16:14,262 INFO: Executing TransactionTrackerOperations.get_CM_parcels()
2018-12-06 13:16:16,945 INFO: NoSuchElementException in TransactionTrackerOperations.get_CM_parcels()
2018-12-06 13:16:21,464 INFO: NoSuchElementException in TransactionTrackerOperations.get_CM_parcels()
2018-12-06 13:16:25,647 INFO: NoSuchElementException in TransactionTrackerOperations.get_CM_parcels()
2018-12-06 13:16:33,043 INFO: Executing TransactionTrackerOperations.search_process_for_CMPDM() for: Performance Health|ADVANTAGE NAVIGATOR DSSI|810
2018-12-06 13:16:33,067 INFO: Executing TransactionTrackerOperations.select_customer()
2018-12-06 13:16:39,913 INFO: Executing TransactionTrackerOperations.select_customer()
2018-12-06 13:16:51,322 INFO: Executing TransactionTrackerOperations.get_CM_parcels()
2018-12-06 13:16:58,090 INFO: Executing TransactionTrackerOperations.search_process_for_CMPDM() for: Performance Health|American Health Companies|810
2018-12-06 13:16:58,110 INFO: Executing TransactionTrackerOperations.select_customer()
2018-12-06 13:17:05,016 INFO: Executing TransactionTrackerOperations.select_customer()
2018-12-06 13:17:16,080 INFO: Executing TransactionTrackerOperations.get_CM_parcels()
2018-12-06 13:17:22,174 INFO: Executing TransactionTrackerOperations.search_process_for_CMPDM() for: Performance Health|APEX|810
2018-12-06 13:17:22,195 INFO: Executing TransactionTrackerOperations.select_customer()
2018-12-06 13:17:28,988 INFO: Executing TransactionTrackerOperations.select_customer()
2018-12-06 13:17:39,900 INFO: Executing TransactionTrackerOperations.get_CM_parcels()
2018-12-06 13:17:46,651 INFO: Executing TransactionTrackerOperations.search_process_for_CMPDM() for: Performance Health|APEX HEALTHCARE FLORIDA DSSI|810
2018-12-06 13:17:46,675 INFO: Executing TransactionTrackerOperations.select_customer()
2018-12-06 13:17:53,459 INFO: Executing TransactionTrackerOperations.select_customer()
2018-12-06 13:18:04,962 INFO: Executing TransactionTrackerOperations.get_CM_parcels()
2018-12-06 13:18:07,703 INFO: NoSuchElementException in TransactionTrackerOperations.get_CM_parcels()
2018-12-06 13:18:12,177 INFO: NoSuchElementException in TransactionTrackerOperations.get_CM_parcels()
2018-12-06 13:18:16,582 INFO: NoSuchElementException in TransactionTrackerOperations.get_CM_parcels()
2018-12-06 13:18:21,038 INFO: NoSuchElementException in TransactionTrackerOperations.get_CM_parcels()
2018-12-06 13:18:25,440 INFO: NoSuchElementException in TransactionTrackerOperations.get_CM_parcels()
2018-12-06 13:18:29,917 INFO: NoSuchElementException in TransactionTrackerOperations.get_CM_parcels()
2018-12-06 13:18:34,383 INFO: NoSuchElementException in TransactionTrackerOperations.get_CM_parcels()
2018-12-06 13:18:38,875 INFO: NoSuchElementException in TransactionTrackerOperations.get_CM_parcels()
2018-12-06 13:18:43,350 INFO: NoSuchElementException in TransactionTrackerOperations.get_CM_parcels()
2018-12-06 13:18:47,952 INFO: NoSuchElementException in TransactionTrackerOperations.get_CM_parcels()
2018-12-06 13:18:52,433 INFO: NoSuchElementException in TransactionTrackerOperations.get_CM_parcels()
2018-12-06 13:18:57,127 INFO: NoSuchElementException in TransactionTrackerOperations.get_CM_parcels()
2018-12-06 13:19:00,536 INFO: NoSuchElementException in TransactionTrackerOperations.get_CM_parcels()
2018-12-06 13:19:07,351 INFO: Executing TransactionTrackerOperations.search_process_for_CMPDM() for: Performance Health|ATRIUM LIVING CENTERS DSSI|810
2018-12-06 13:19:07,929 INFO: Executing TransactionTrackerOperations.select_customer()
2018-12-06 13:19:14,726 INFO: Executing TransactionTrackerOperations.select_customer()
2018-12-06 13:19:26,330 INFO: Executing TransactionTrackerOperations.get_CM_parcels()
2018-12-06 13:19:29,113 INFO: NoSuchElementException in TransactionTrackerOperations.get_CM_parcels()
2018-12-06 13:19:33,729 INFO: NoSuchElementException in TransactionTrackerOperations.get_CM_parcels()
2018-12-06 13:19:38,381 INFO: NoSuchElementException in TransactionTrackerOperations.get_CM_parcels()
2018-12-06 13:19:42,982 INFO: NoSuchElementException in TransactionTrackerOperations.get_CM_parcels()
2018-12-06 13:19:47,459 INFO: NoSuchElementException in TransactionTrackerOperations.get_CM_parcels()
2018-12-06 13:19:51,916 INFO: NoSuchElementException in TransactionTrackerOperations.get_CM_parcels()
2018-12-06 13:19:56,417 INFO: NoSuchElementException in TransactionTrackerOperations.get_CM_parcels()
2018-12-06 13:20:01,030 INFO: NoSuchElementException in TransactionTrackerOperations.get_CM_parcels()
2018-12-06 13:20:05,513 INFO: NoSuchElementException in TransactionTrackerOperations.get_CM_parcels()
2018-12-06 13:20:10,014 INFO: NoSuchElementException in TransactionTrackerOperations.get_CM_parcels()
2018-12-06 13:20:14,528 INFO: NoSuchElementException in TransactionTrackerOperations.get_CM_parcels()
2018-12-06 13:20:17,150 INFO: NoSuchElementException in TransactionTrackerOperations.get_CM_parcels()
2018-12-06 13:20:24,324 INFO: Executing TransactionTrackerOperations.search_process_for_CMPDM() for: Performance Health|AXIOM DSSI|810
2018-12-06 13:20:25,228 INFO: Executing TransactionTrackerOperations.select_customer()
2018-12-06 13:20:32,029 INFO: Executing TransactionTrackerOperations.select_customer()
2018-12-06 13:20:43,025 INFO: Executing TransactionTrackerOperations.get_CM_parcels()
2018-12-06 13:20:45,762 INFO: NoSuchElementException in TransactionTrackerOperations.get_CM_parcels()
2018-12-06 13:20:45,858 ERROR: Error in CMProductionDataMonitoring.TaskFilter()
2018-12-06 13:20:50,679 INFO: Executing TransactionTrackerOperations.search_process_for_CMPDM() for: Performance Health|BE GROUP DSSI|810
2018-12-06 13:20:50,708 INFO: Executing TransactionTrackerOperations.select_customer()
2018-12-06 13:20:57,488 INFO: Executing TransactionTrackerOperations.select_customer()
2018-12-06 13:21:08,536 INFO: Executing TransactionTrackerOperations.get_CM_parcels()
2018-12-06 13:21:14,122 INFO: Executing TransactionTrackerOperations.search_process_for_CMPDM() for: Performance Health|BEACON HEALTH DSSI|810
2018-12-06 13:21:14,752 INFO: Executing TransactionTrackerOperations.select_customer()
2018-12-06 13:21:21,545 INFO: Executing TransactionTrackerOperations.select_customer()
2018-12-06 13:21:32,649 INFO: Executing TransactionTrackerOperations.get_CM_parcels()
2018-12-06 13:21:35,504 INFO: NoSuchElementException in TransactionTrackerOperations.get_CM_parcels()
2018-12-06 13:21:39,975 INFO: NoSuchElementException in TransactionTrackerOperations.get_CM_parcels()
2018-12-06 13:21:44,379 INFO: NoSuchElementException in TransactionTrackerOperations.get_CM_parcels()
2018-12-06 13:21:48,873 INFO: NoSuchElementException in TransactionTrackerOperations.get_CM_parcels()
2018-12-06 13:21:53,235 INFO: NoSuchElementException in TransactionTrackerOperations.get_CM_parcels()
2018-12-06 13:21:56,291 INFO: NoSuchElementException in TransactionTrackerOperations.get_CM_parcels()
2018-12-06 13:22:03,709 INFO: Executing TransactionTrackerOperations.search_process_for_CMPDM() for: Performance Health|BENEDICTINE DSSI|810
2018-12-06 13:22:03,733 INFO: Executing TransactionTrackerOperations.select_customer()
2018-12-06 13:22:10,638 INFO: Executing TransactionTrackerOperations.select_customer()
2018-12-06 13:22:21,710 INFO: Executing TransactionTrackerOperations.get_CM_parcels()
2018-12-06 13:22:27,714 INFO: Executing TransactionTrackerOperations.search_process_for_CMPDM() for: Performance Health|Bethlen Communities Home Health and Hospice|810
2018-12-06 13:22:27,738 INFO: Executing TransactionTrackerOperations.select_customer()
2018-12-06 13:22:34,520 INFO: Executing TransactionTrackerOperations.select_customer()
2018-12-06 13:22:45,856 INFO: Executing TransactionTrackerOperations.get_CM_parcels()
2018-12-06 13:22:48,504 INFO: NoSuchElementException in TransactionTrackerOperations.get_CM_parcels()
2018-12-06 13:22:50,953 INFO: NoSuchElementException in TransactionTrackerOperations.get_CM_parcels()
2018-12-06 13:22:56,979 INFO: Executing TransactionTrackerOperations.search_process_for_CMPDM() for: Performance Health|BOMBAY LANE DSSI|810
2018-12-06 13:22:57,492 INFO: Executing TransactionTrackerOperations.select_customer()
2018-12-06 13:23:04,277 INFO: Executing TransactionTrackerOperations.select_customer()
2018-12-06 13:23:15,323 INFO: Executing TransactionTrackerOperations.get_CM_parcels()
2018-12-06 13:23:17,965 INFO: NoSuchElementException in TransactionTrackerOperations.get_CM_parcels()
2018-12-06 13:23:22,567 INFO: NoSuchElementException in TransactionTrackerOperations.get_CM_parcels()
2018-12-06 13:23:27,050 INFO: NoSuchElementException in TransactionTrackerOperations.get_CM_parcels()
2018-12-06 13:23:31,535 INFO: NoSuchElementException in TransactionTrackerOperations.get_CM_parcels()
2018-12-06 13:23:35,027 INFO: NoSuchElementException in TransactionTrackerOperations.get_CM_parcels()
2018-12-06 13:23:42,345 INFO: Executing TransactionTrackerOperations.search_process_for_CMPDM() for: Performance Health|CARDON AND ASSOCIATES DSSI|810
2018-12-06 13:23:42,365 INFO: Executing TransactionTrackerOperations.select_customer()
2018-12-06 13:23:49,157 INFO: Executing TransactionTrackerOperations.select_customer()
2018-12-06 13:24:00,669 INFO: Executing TransactionTrackerOperations.get_CM_parcels()
2018-12-06 13:24:03,310 INFO: NoSuchElementException in TransactionTrackerOperations.get_CM_parcels()
2018-12-06 13:24:07,784 INFO: NoSuchElementException in TransactionTrackerOperations.get_CM_parcels()
2018-12-06 13:24:12,173 INFO: NoSuchElementException in TransactionTrackerOperations.get_CM_parcels()
2018-12-06 13:24:16,714 INFO: NoSuchElementException in TransactionTrackerOperations.get_CM_parcels()
2018-12-06 13:24:21,129 INFO: NoSuchElementException in TransactionTrackerOperations.get_CM_parcels()
2018-12-06 13:24:25,628 INFO: NoSuchElementException in TransactionTrackerOperations.get_CM_parcels()
2018-12-06 13:24:30,061 INFO: NoSuchElementException in TransactionTrackerOperations.get_CM_parcels()
2018-12-06 13:24:34,486 INFO: NoSuchElementException in TransactionTrackerOperations.get_CM_parcels()
2018-12-06 13:24:39,088 INFO: NoSuchElementException in TransactionTrackerOperations.get_CM_parcels()
2018-12-06 13:24:43,538 INFO: NoSuchElementException in TransactionTrackerOperations.get_CM_parcels()
2018-12-06 13:24:47,982 INFO: NoSuchElementException in TransactionTrackerOperations.get_CM_parcels()
2018-12-06 13:24:52,500 INFO: NoSuchElementException in TransactionTrackerOperations.get_CM_parcels()
2018-12-06 13:24:56,547 INFO: NoSuchElementException in TransactionTrackerOperations.get_CM_parcels()
2018-12-06 13:25:04,867 INFO: Executing TransactionTrackerOperations.search_process_for_CMPDM() for: Performance Health|CERES PURCHASING SOLUTIONS DSSI|810
2018-12-06 13:25:04,887 INFO: Executing TransactionTrackerOperations.select_customer()
2018-12-06 13:25:11,684 INFO: Executing TransactionTrackerOperations.select_customer()
2018-12-06 13:25:23,275 INFO: Executing TransactionTrackerOperations.get_CM_parcels()
2018-12-06 13:25:29,413 INFO: Executing TransactionTrackerOperations.search_process_for_CMPDM() for: Performance Health|Chosen Healthcare DSSI|810
2018-12-06 13:25:30,057 INFO: Executing TransactionTrackerOperations.select_customer()
2018-12-06 13:25:36,870 INFO: Executing TransactionTrackerOperations.select_customer()
2018-12-06 13:25:47,919 INFO: Executing TransactionTrackerOperations.get_CM_parcels()
2018-12-06 13:25:54,902 INFO: Executing TransactionTrackerOperations.search_process_for_CMPDM() for: Performance Health|CLEAR CHOICE DSSI|810
2018-12-06 13:25:54,918 INFO: Executing TransactionTrackerOperations.select_customer()
2018-12-06 13:26:01,728 INFO: Executing TransactionTrackerOperations.select_customer()
2018-12-06 13:26:12,884 INFO: Executing TransactionTrackerOperations.get_CM_parcels()
2018-12-06 13:26:15,534 INFO: NoSuchElementException in TransactionTrackerOperations.get_CM_parcels()
2018-12-06 13:26:20,015 INFO: NoSuchElementException in TransactionTrackerOperations.get_CM_parcels()
2018-12-06 13:26:24,532 INFO: NoSuchElementException in TransactionTrackerOperations.get_CM_parcels()
2018-12-06 13:26:29,060 INFO: NoSuchElementException in TransactionTrackerOperations.get_CM_parcels()
2018-12-06 13:26:33,480 INFO: NoSuchElementException in TransactionTrackerOperations.get_CM_parcels()
2018-12-06 13:26:37,902 INFO: NoSuchElementException in TransactionTrackerOperations.get_CM_parcels()
2018-12-06 13:26:42,373 INFO: NoSuchElementException in TransactionTrackerOperations.get_CM_parcels()
2018-12-06 13:26:46,850 INFO: NoSuchElementException in TransactionTrackerOperations.get_CM_parcels()
2018-12-06 13:26:50,150 INFO: NoSuchElementException in TransactionTrackerOperations.get_CM_parcels()
2018-12-06 13:26:56,373 INFO: Executing TransactionTrackerOperations.search_process_for_CMPDM() for: Performance Health|COMMUNICARE DSSI|810
2018-12-06 13:26:56,913 INFO: Executing TransactionTrackerOperations.select_customer()
2018-12-06 13:27:03,708 INFO: Executing TransactionTrackerOperations.select_customer()
2018-12-06 13:27:15,132 INFO: Executing TransactionTrackerOperations.get_CM_parcels()
2018-12-06 13:27:21,233 INFO: Executing TransactionTrackerOperations.search_process_for_CMPDM() for: Performance Health|COMPLETE HEALTHCARE DSSI|810
2018-12-06 13:27:21,249 INFO: Executing TransactionTrackerOperations.select_customer()
2018-12-06 13:27:28,037 INFO: Executing TransactionTrackerOperations.select_customer()
2018-12-06 13:27:39,471 INFO: Executing TransactionTrackerOperations.get_CM_parcels()
2018-12-06 13:27:42,099 INFO: NoSuchElementException in TransactionTrackerOperations.get_CM_parcels()
2018-12-06 13:27:46,578 INFO: NoSuchElementException in TransactionTrackerOperations.get_CM_parcels()
2018-12-06 13:27:50,952 INFO: NoSuchElementException in TransactionTrackerOperations.get_CM_parcels()
2018-12-06 13:27:55,442 INFO: NoSuchElementException in TransactionTrackerOperations.get_CM_parcels()
2018-12-06 13:27:59,887 INFO: NoSuchElementException in TransactionTrackerOperations.get_CM_parcels()
2018-12-06 13:28:04,404 INFO: NoSuchElementException in TransactionTrackerOperations.get_CM_parcels()
2018-12-06 13:28:08,842 INFO: NoSuchElementException in TransactionTrackerOperations.get_CM_parcels()
2018-12-06 13:28:13,387 INFO: NoSuchElementException in TransactionTrackerOperations.get_CM_parcels()
2018-12-06 13:28:17,875 INFO: NoSuchElementException in TransactionTrackerOperations.get_CM_parcels()
2018-12-06 13:28:22,404 INFO: NoSuchElementException in TransactionTrackerOperations.get_CM_parcels()
2018-12-06 13:28:26,933 INFO: NoSuchElementException in TransactionTrackerOperations.get_CM_parcels()
2018-12-06 13:28:31,403 INFO: NoSuchElementException in TransactionTrackerOperations.get_CM_parcels()
2018-12-06 13:28:34,720 INFO: NoSuchElementException in TransactionTrackerOperations.get_CM_parcels()
2018-12-06 13:28:41,669 INFO: Executing TransactionTrackerOperations.search_process_for_CMPDM() for: Performance Health|COVENANT DOVE DSSI|810
2018-12-06 13:28:42,229 INFO: Executing TransactionTrackerOperations.select_customer()
2018-12-06 13:28:49,037 INFO: Executing TransactionTrackerOperations.select_customer()
2018-12-06 13:29:00,256 INFO: Executing TransactionTrackerOperations.get_CM_parcels()
2018-12-06 13:29:02,916 INFO: NoSuchElementException in TransactionTrackerOperations.get_CM_parcels()
2018-12-06 13:29:07,377 INFO: NoSuchElementException in TransactionTrackerOperations.get_CM_parcels()
2018-12-06 13:29:11,727 INFO: NoSuchElementException in TransactionTrackerOperations.get_CM_parcels()
2018-12-06 13:29:16,225 INFO: NoSuchElementException in TransactionTrackerOperations.get_CM_parcels()
2018-12-06 13:29:20,694 INFO: NoSuchElementException in TransactionTrackerOperations.get_CM_parcels()
2018-12-06 13:29:25,099 INFO: NoSuchElementException in TransactionTrackerOperations.get_CM_parcels()
2018-12-06 13:29:29,678 INFO: NoSuchElementException in TransactionTrackerOperations.get_CM_parcels()
2018-12-06 13:29:34,401 INFO: NoSuchElementException in TransactionTrackerOperations.get_CM_parcels()
2018-12-06 13:29:38,865 INFO: NoSuchElementException in TransactionTrackerOperations.get_CM_parcels()
2018-12-06 13:29:43,358 INFO: NoSuchElementException in TransactionTrackerOperations.get_CM_parcels()
2018-12-06 13:29:47,844 INFO: NoSuchElementException in TransactionTrackerOperations.get_CM_parcels()
2018-12-06 13:29:52,333 INFO: NoSuchElementException in TransactionTrackerOperations.get_CM_parcels()
2018-12-06 13:29:57,041 INFO: NoSuchElementException in TransactionTrackerOperations.get_CM_parcels()
2018-12-06 13:30:01,556 INFO: NoSuchElementException in TransactionTrackerOperations.get_CM_parcels()
2018-12-06 13:30:06,053 INFO: NoSuchElementException in TransactionTrackerOperations.get_CM_parcels()
2018-12-06 13:30:10,600 INFO: NoSuchElementException in TransactionTrackerOperations.get_CM_parcels()
2018-12-06 13:30:15,215 INFO: NoSuchElementException in TransactionTrackerOperations.get_CM_parcels()
2018-12-06 13:30:18,741 INFO: NoSuchElementException in TransactionTrackerOperations.get_CM_parcels()
2018-12-06 13:30:26,388 INFO: Executing TransactionTrackerOperations.search_process_for_CMPDM() for: Performance Health|DIAKON LUTHERAN DSSI|810
2018-12-06 13:30:26,570 INFO: Executing TransactionTrackerOperations.select_customer()
2018-12-06 13:30:33,370 INFO: Executing TransactionTrackerOperations.select_customer()
2018-12-06 13:30:44,642 INFO: Executing TransactionTrackerOperations.get_CM_parcels()
2018-12-06 13:30:47,268 INFO: NoSuchElementException in TransactionTrackerOperations.get_CM_parcels()
2018-12-06 13:30:51,765 INFO: NoSuchElementException in TransactionTrackerOperations.get_CM_parcels()
2018-12-06 13:30:56,193 INFO: NoSuchElementException in TransactionTrackerOperations.get_CM_parcels()
2018-12-06 13:31:00,652 INFO: NoSuchElementException in TransactionTrackerOperations.get_CM_parcels()
2018-12-06 13:31:05,076 INFO: NoSuchElementException in TransactionTrackerOperations.get_CM_parcels()
2018-12-06 13:31:07,685 INFO: NoSuchElementException in TransactionTrackerOperations.get_CM_parcels()
2018-12-06 13:31:14,558 INFO: Executing TransactionTrackerOperations.search_process_for_CMPDM() for: Performance Health|DIVERSICARE DSSI|810
2018-12-06 13:31:15,114 INFO: Executing TransactionTrackerOperations.select_customer()
2018-12-06 13:31:21,989 INFO: Executing TransactionTrackerOperations.select_customer()
2018-12-06 13:31:33,141 INFO: Executing TransactionTrackerOperations.get_CM_parcels()
2018-12-06 13:31:38,646 INFO: Executing TransactionTrackerOperations.search_process_for_CMPDM() for: Performance Health|Dycora Transitional Health DSSI|810
2018-12-06 13:31:39,283 INFO: Executing TransactionTrackerOperations.select_customer()
2018-12-06 13:31:46,097 INFO: Executing TransactionTrackerOperations.select_customer()
2018-12-06 13:31:57,432 INFO: Executing TransactionTrackerOperations.get_CM_parcels()
2018-12-06 13:32:00,128 INFO: NoSuchElementException in TransactionTrackerOperations.get_CM_parcels()
2018-12-06 13:32:04,616 INFO: NoSuchElementException in TransactionTrackerOperations.get_CM_parcels()
2018-12-06 13:32:09,000 INFO: NoSuchElementException in TransactionTrackerOperations.get_CM_parcels()
2018-12-06 13:32:13,429 INFO: NoSuchElementException in TransactionTrackerOperations.get_CM_parcels()
2018-12-06 13:32:17,825 INFO: NoSuchElementException in TransactionTrackerOperations.get_CM_parcels()
2018-12-06 13:32:22,270 INFO: NoSuchElementException in TransactionTrackerOperations.get_CM_parcels()
2018-12-06 13:32:26,699 INFO: NoSuchElementException in TransactionTrackerOperations.get_CM_parcels()
2018-12-06 13:32:31,150 INFO: NoSuchElementException in TransactionTrackerOperations.get_CM_parcels()
2018-12-06 13:32:35,590 INFO: NoSuchElementException in TransactionTrackerOperations.get_CM_parcels()
2018-12-06 13:32:40,192 INFO: NoSuchElementException in TransactionTrackerOperations.get_CM_parcels()
2018-12-06 13:32:44,648 INFO: NoSuchElementException in TransactionTrackerOperations.get_CM_parcels()
2018-12-06 13:32:53,346 INFO: Executing TransactionTrackerOperations.search_process_for_CMPDM() for: Performance Health|ERICKSON RETIREMENT COMMUNITIES DSSI|810
2018-12-06 13:32:54,038 INFO: Executing TransactionTrackerOperations.select_customer()
2018-12-06 13:33:00,820 INFO: Executing TransactionTrackerOperations.select_customer()
2018-12-06 13:33:12,637 INFO: Executing TransactionTrackerOperations.get_CM_parcels()
2018-12-06 13:33:15,261 INFO: NoSuchElementException in TransactionTrackerOperations.get_CM_parcels()
2018-12-06 13:33:19,717 INFO: NoSuchElementException in TransactionTrackerOperations.get_CM_parcels()
2018-12-06 13:33:24,135 INFO: NoSuchElementException in TransactionTrackerOperations.get_CM_parcels()
2018-12-06 13:33:28,634 INFO: NoSuchElementException in TransactionTrackerOperations.get_CM_parcels()
2018-12-06 13:33:33,048 INFO: NoSuchElementException in TransactionTrackerOperations.get_CM_parcels()
2018-12-06 13:33:37,472 INFO: NoSuchElementException in TransactionTrackerOperations.get_CM_parcels()
2018-12-06 13:33:41,973 INFO: NoSuchElementException in TransactionTrackerOperations.get_CM_parcels()
2018-12-06 13:33:46,452 INFO: NoSuchElementException in TransactionTrackerOperations.get_CM_parcels()
2018-12-06 13:33:50,938 INFO: NoSuchElementException in TransactionTrackerOperations.get_CM_parcels()
2018-12-06 13:33:55,538 INFO: NoSuchElementException in TransactionTrackerOperations.get_CM_parcels()
2018-12-06 13:34:00,010 INFO: NoSuchElementException in TransactionTrackerOperations.get_CM_parcels()
2018-12-06 13:34:04,541 INFO: NoSuchElementException in TransactionTrackerOperations.get_CM_parcels()
2018-12-06 13:34:08,079 INFO: NoSuchElementException in TransactionTrackerOperations.get_CM_parcels()
2018-12-06 13:34:15,744 INFO: Executing TransactionTrackerOperations.search_process_for_CMPDM() for: Performance Health|FORTIS MANAGEMENT GROUP DSSI|810
2018-12-06 13:34:15,920 INFO: Executing TransactionTrackerOperations.select_customer()
2018-12-06 13:34:22,763 INFO: Executing TransactionTrackerOperations.select_customer()
2018-12-06 13:34:34,111 INFO: Executing TransactionTrackerOperations.get_CM_parcels()
2018-12-06 13:34:41,055 INFO: Executing TransactionTrackerOperations.search_process_for_CMPDM() for: Performance Health|GOOD SAMARITAN SOCIETY DSSI|810
2018-12-06 13:34:41,071 INFO: Executing TransactionTrackerOperations.select_customer()
2018-12-06 13:34:47,861 INFO: Executing TransactionTrackerOperations.select_customer()
2018-12-06 13:34:59,235 INFO: Executing TransactionTrackerOperations.get_CM_parcels()
2018-12-06 13:35:05,342 INFO: Executing TransactionTrackerOperations.search_process_for_CMPDM() for: Performance Health|GULF COAST HEALTHCARE DSSI|810
2018-12-06 13:35:05,366 INFO: Executing TransactionTrackerOperations.select_customer()
2018-12-06 13:35:12,156 INFO: Executing TransactionTrackerOperations.select_customer()
2018-12-06 13:35:23,492 INFO: Executing TransactionTrackerOperations.get_CM_parcels()
2018-12-06 13:35:26,538 INFO: NoSuchElementException in TransactionTrackerOperations.get_CM_parcels()
2018-12-06 13:35:31,015 INFO: NoSuchElementException in TransactionTrackerOperations.get_CM_parcels()
2018-12-06 13:35:35,392 INFO: NoSuchElementException in TransactionTrackerOperations.get_CM_parcels()
2018-12-06 13:35:39,875 INFO: NoSuchElementException in TransactionTrackerOperations.get_CM_parcels()
2018-12-06 13:35:44,268 INFO: NoSuchElementException in TransactionTrackerOperations.get_CM_parcels()
2018-12-06 13:35:48,672 INFO: NoSuchElementException in TransactionTrackerOperations.get_CM_parcels()
2018-12-06 13:35:53,085 INFO: NoSuchElementException in TransactionTrackerOperations.get_CM_parcels()
2018-12-06 13:35:57,540 INFO: NoSuchElementException in TransactionTrackerOperations.get_CM_parcels()
2018-12-06 13:36:02,008 INFO: NoSuchElementException in TransactionTrackerOperations.get_CM_parcels()
2018-12-06 13:36:06,623 INFO: NoSuchElementException in TransactionTrackerOperations.get_CM_parcels()
2018-12-06 13:36:11,081 INFO: NoSuchElementException in TransactionTrackerOperations.get_CM_parcels()
2018-12-06 13:36:15,553 INFO: NoSuchElementException in TransactionTrackerOperations.get_CM_parcels()
2018-12-06 13:36:20,063 INFO: NoSuchElementException in TransactionTrackerOperations.get_CM_parcels()
2018-12-06 13:36:24,601 INFO: NoSuchElementException in TransactionTrackerOperations.get_CM_parcels()
2018-12-06 13:36:29,242 INFO: NoSuchElementException in TransactionTrackerOperations.get_CM_parcels()
2018-12-06 13:36:33,751 INFO: NoSuchElementException in TransactionTrackerOperations.get_CM_parcels()
2018-12-06 13:36:38,275 INFO: NoSuchElementException in TransactionTrackerOperations.get_CM_parcels()
2018-12-06 13:36:42,827 INFO: NoSuchElementException in TransactionTrackerOperations.get_CM_parcels()
2018-12-06 13:36:47,508 INFO: NoSuchElementException in TransactionTrackerOperations.get_CM_parcels()
2018-12-06 13:36:52,222 INFO: NoSuchElementException in TransactionTrackerOperations.get_CM_parcels()
2018-12-06 13:36:56,713 INFO: NoSuchElementException in TransactionTrackerOperations.get_CM_parcels()
2018-12-06 13:37:01,391 INFO: NoSuchElementException in TransactionTrackerOperations.get_CM_parcels()
2018-12-06 13:37:06,344 INFO: NoSuchElementException in TransactionTrackerOperations.get_CM_parcels()
2018-12-06 13:37:10,902 INFO: NoSuchElementException in TransactionTrackerOperations.get_CM_parcels()
2018-12-06 13:37:15,398 INFO: NoSuchElementException in TransactionTrackerOperations.get_CM_parcels()
2018-12-06 13:37:20,005 INFO: NoSuchElementException in TransactionTrackerOperations.get_CM_parcels()
2018-12-06 13:37:24,447 INFO: NoSuchElementException in TransactionTrackerOperations.get_CM_parcels()
2018-12-06 13:37:28,876 INFO: NoSuchElementException in TransactionTrackerOperations.get_CM_parcels()
2018-12-06 13:37:33,374 INFO: NoSuchElementException in TransactionTrackerOperations.get_CM_parcels()
2018-12-06 13:37:38,062 INFO: NoSuchElementException in TransactionTrackerOperations.get_CM_parcels()
2018-12-06 13:37:42,487 INFO: NoSuchElementException in TransactionTrackerOperations.get_CM_parcels()
2018-12-06 13:37:46,976 INFO: NoSuchElementException in TransactionTrackerOperations.get_CM_parcels()
2018-12-06 13:37:50,764 INFO: NoSuchElementException in TransactionTrackerOperations.get_CM_parcels()
2018-12-06 13:37:56,915 ERROR: Error in CMProductionDataMonitoring.TaskFilter()
