2018-10-08 12:19:21,815 INFO: Executing Script Credit Memo Prodution Data Monitoring
2018-10-08 12:19:25,895 INFO: Login in to Launchpad
2018-10-08 12:19:41,019 INFO: Refreshing access_token
2018-10-08 12:19:44,689 INFO: Executing method 'search_process' from TransactionTrackerOperations
2018-10-08 12:19:44,929 INFO: Executing method 'select_customer' from TransactionTrackerOperations
2018-10-08 12:19:51,733 INFO: Executing method 'select_customer' from TransactionTrackerOperations
2018-10-08 12:20:16,370 INFO: Executing method 'get_parcel' from TransactionTrackerOperations
2018-10-08 12:20:24,279 INFO: Executing method 'get_parcel' from TransactionTrackerOperations
2018-10-08 13:49:47,847 INFO: Executing Script Credit Memo Prodution Data Monitoring
2018-10-08 13:49:51,267 INFO: Login in to Launchpad
2018-10-08 13:50:04,918 INFO: Refreshing access_token
2018-10-08 13:50:08,888 INFO: Executing method 'search_process' from TransactionTrackerOperations
2018-10-08 13:50:08,902 INFO: Executing method 'select_customer' from TransactionTrackerOperations
2018-10-08 13:50:15,839 INFO: Executing method 'select_customer' from TransactionTrackerOperations
2018-10-08 13:50:40,580 INFO: Executing method 'get_parcel' from TransactionTrackerOperations
2018-10-08 13:57:35,705 INFO: Executing Script Credit Memo Prodution Data Monitoring
2018-10-08 13:57:39,088 INFO: Login in to Launchpad
2018-10-08 13:57:53,128 INFO: Refreshing access_token
2018-10-08 13:57:56,899 INFO: Executing method 'search_process' from TransactionTrackerOperations
2018-10-08 13:57:56,914 INFO: Executing method 'select_customer' from TransactionTrackerOperations
2018-10-08 13:58:03,710 INFO: Executing method 'select_customer' from TransactionTrackerOperations
2018-10-08 13:58:28,413 INFO: Executing method 'get_parcel' from TransactionTrackerOperations
2018-10-08 13:58:36,250 INFO: Executing method 'get_parcel' from TransactionTrackerOperations
2018-10-08 14:07:57,656 INFO: Executing Script Credit Memo Prodution Data Monitoring
2018-10-08 14:08:01,265 INFO: Login in to Launchpad
2018-10-08 14:08:16,327 INFO: Refreshing access_token
2018-10-08 14:08:20,321 INFO: Executing method 'search_process' from TransactionTrackerOperations
2018-10-08 14:08:20,339 INFO: Executing method 'select_customer' from TransactionTrackerOperations
2018-10-08 14:08:27,150 INFO: Executing method 'select_customer' from TransactionTrackerOperations
2018-10-08 14:08:51,847 INFO: Executing method 'get_parcel' from TransactionTrackerOperations
2018-10-08 14:08:59,664 INFO: Executing method 'get_parcel' from TransactionTrackerOperations
2018-10-08 14:11:32,001 INFO: Executing Script Credit Memo Prodution Data Monitoring
2018-10-08 14:11:35,440 INFO: Login in to Launchpad
2018-10-08 14:11:49,569 INFO: Refreshing access_token
2018-10-08 14:11:52,975 INFO: Executing method 'search_process' from TransactionTrackerOperations
2018-10-08 14:11:52,991 INFO: Executing method 'select_customer' from TransactionTrackerOperations
2018-10-08 14:11:59,872 INFO: Executing method 'select_customer' from TransactionTrackerOperations
2018-10-08 14:12:24,580 INFO: Executing method 'get_parcel' from TransactionTrackerOperations
2018-10-08 14:12:32,407 INFO: Executing method 'get_parcel' from TransactionTrackerOperations
2018-10-08 14:14:10,916 INFO: Executing Script Credit Memo Prodution Data Monitoring
2018-10-08 14:14:14,600 INFO: Login in to Launchpad
2018-10-08 14:14:28,756 INFO: Refreshing access_token
2018-10-08 14:14:32,494 INFO: Executing method 'search_process' from TransactionTrackerOperations
2018-10-08 14:14:32,704 INFO: Executing method 'select_customer' from TransactionTrackerOperations
2018-10-08 14:14:39,527 INFO: Executing method 'select_customer' from TransactionTrackerOperations
2018-10-08 14:15:04,203 INFO: Executing method 'get_parcel' from TransactionTrackerOperations
2018-10-08 14:15:12,971 INFO: Executing method 'search_process' from TransactionTrackerOperations
2018-10-08 14:15:12,986 INFO: Executing method 'select_customer' from TransactionTrackerOperations
2018-10-08 14:15:19,695 INFO: Executing method 'select_customer' from TransactionTrackerOperations
2018-10-08 14:15:41,568 INFO: Executing method 'get_parcel' from TransactionTrackerOperations
2018-10-08 14:15:48,680 INFO: Executing method 'search_process' from TransactionTrackerOperations
2018-10-08 14:15:48,702 INFO: Executing method 'select_customer' from TransactionTrackerOperations
2018-10-08 14:15:55,632 INFO: Executing method 'select_customer' from TransactionTrackerOperations
2018-10-08 14:16:17,729 INFO: Executing method 'get_parcel' from TransactionTrackerOperations
2018-10-08 14:16:25,681 INFO: Executing method 'search_process' from TransactionTrackerOperations
2018-10-08 14:16:25,693 INFO: Executing method 'select_customer' from TransactionTrackerOperations
2018-10-08 14:16:32,396 INFO: Executing method 'select_customer' from TransactionTrackerOperations
2018-10-08 14:16:53,893 INFO: Executing method 'get_parcel' from TransactionTrackerOperations
2018-10-08 14:17:02,239 INFO: Executing method 'search_process' from TransactionTrackerOperations
2018-10-08 14:17:02,253 INFO: Executing method 'select_customer' from TransactionTrackerOperations
2018-10-08 14:17:09,060 INFO: Executing method 'select_customer' from TransactionTrackerOperations
2018-10-08 14:17:30,675 INFO: Executing method 'get_parcel' from TransactionTrackerOperations
2018-10-08 14:21:20,571 INFO: Executing Script Credit Memo Prodution Data Monitoring
2018-10-08 14:21:26,675 INFO: Login in to Launchpad
2018-10-08 14:21:46,877 INFO: Refreshing access_token
2018-10-08 14:21:51,445 INFO: Executing method 'search_process' from TransactionTrackerOperations
2018-10-08 14:21:51,461 INFO: Executing method 'select_customer' from TransactionTrackerOperations
2018-10-08 14:21:58,277 INFO: Executing method 'select_customer' from TransactionTrackerOperations
2018-10-08 14:22:22,897 INFO: Executing method 'get_parcel' from TransactionTrackerOperations
2018-10-08 14:22:32,652 INFO: Executing method 'search_process' from TransactionTrackerOperations
2018-10-08 14:22:32,667 INFO: Executing method 'select_customer' from TransactionTrackerOperations
2018-10-08 14:22:39,458 INFO: Executing method 'select_customer' from TransactionTrackerOperations
2018-10-08 14:23:01,149 INFO: Executing method 'get_parcel' from TransactionTrackerOperations
2018-10-08 14:23:08,680 INFO: Executing method 'search_process' from TransactionTrackerOperations
2018-10-08 14:23:08,695 INFO: Executing method 'select_customer' from TransactionTrackerOperations
2018-10-08 14:23:15,488 INFO: Executing method 'select_customer' from TransactionTrackerOperations
2018-10-08 14:23:37,046 INFO: Executing method 'get_parcel' from TransactionTrackerOperations
2018-10-08 14:23:45,917 INFO: Executing method 'search_process' from TransactionTrackerOperations
2018-10-08 14:23:45,934 INFO: Executing method 'select_customer' from TransactionTrackerOperations
2018-10-08 14:23:52,726 INFO: Executing method 'select_customer' from TransactionTrackerOperations
2018-10-08 14:24:14,317 INFO: Executing method 'get_parcel' from TransactionTrackerOperations
2018-10-08 14:24:23,572 INFO: Executing method 'search_process' from TransactionTrackerOperations
2018-10-08 14:24:23,588 INFO: Executing method 'select_customer' from TransactionTrackerOperations
2018-10-08 14:24:30,396 INFO: Executing method 'select_customer' from TransactionTrackerOperations
2018-10-08 14:24:52,128 INFO: Executing method 'get_parcel' from TransactionTrackerOperations
2018-10-08 14:25:05,786 INFO: Executing method 'search_process' from TransactionTrackerOperations
2018-10-08 14:25:05,802 INFO: Executing method 'select_customer' from TransactionTrackerOperations
2018-10-08 14:25:12,551 INFO: Executing method 'select_customer' from TransactionTrackerOperations
2018-10-08 14:25:34,282 INFO: Executing method 'get_parcel' from TransactionTrackerOperations
2018-10-08 14:25:42,237 INFO: Executing method 'search_process' from TransactionTrackerOperations
2018-10-08 14:25:42,255 INFO: Executing method 'select_customer' from TransactionTrackerOperations
2018-10-08 14:25:49,233 INFO: Executing method 'select_customer' from TransactionTrackerOperations
2018-10-08 14:26:10,650 INFO: Executing method 'get_parcel' from TransactionTrackerOperations
2018-10-08 14:26:37,257 INFO: Executing method 'search_process' from TransactionTrackerOperations
2018-10-08 14:26:37,271 INFO: Executing method 'select_customer' from TransactionTrackerOperations
2018-10-08 14:26:44,087 INFO: Executing method 'select_customer' from TransactionTrackerOperations
2018-10-08 14:27:05,999 INFO: Executing method 'get_parcel' from TransactionTrackerOperations
2018-10-08 14:27:13,529 INFO: Executing method 'search_process' from TransactionTrackerOperations
2018-10-08 14:27:13,546 INFO: Executing method 'select_customer' from TransactionTrackerOperations
2018-10-08 14:27:20,396 INFO: Executing method 'select_customer' from TransactionTrackerOperations
2018-10-08 14:27:42,207 INFO: Executing method 'get_parcel' from TransactionTrackerOperations
2018-10-08 14:27:50,322 INFO: Executing method 'search_process' from TransactionTrackerOperations
2018-10-08 14:27:50,340 INFO: Executing method 'select_customer' from TransactionTrackerOperations
2018-10-08 14:27:57,196 INFO: Executing method 'select_customer' from TransactionTrackerOperations
2018-10-08 14:28:18,797 INFO: Executing method 'get_parcel' from TransactionTrackerOperations
2018-10-08 14:28:30,790 INFO: Executing method 'search_process' from TransactionTrackerOperations
2018-10-08 14:28:30,814 INFO: Executing method 'select_customer' from TransactionTrackerOperations
2018-10-08 14:28:37,608 INFO: Executing method 'select_customer' from TransactionTrackerOperations
2018-10-08 14:28:59,453 INFO: Executing method 'get_parcel' from TransactionTrackerOperations
2018-10-08 14:29:12,597 INFO: Executing method 'search_process' from TransactionTrackerOperations
2018-10-08 14:29:12,612 INFO: Executing method 'select_customer' from TransactionTrackerOperations
2018-10-08 14:29:19,348 INFO: Executing method 'select_customer' from TransactionTrackerOperations
2018-10-08 14:29:40,909 INFO: Executing method 'get_parcel' from TransactionTrackerOperations
2018-10-08 14:29:48,612 INFO: Executing method 'search_process' from TransactionTrackerOperations
2018-10-08 14:29:48,628 INFO: Executing method 'select_customer' from TransactionTrackerOperations
2018-10-08 14:29:55,392 INFO: Executing method 'select_customer' from TransactionTrackerOperations
2018-10-08 14:30:17,023 INFO: Executing method 'get_parcel' from TransactionTrackerOperations
2018-10-08 14:30:24,393 INFO: Executing method 'search_process' from TransactionTrackerOperations
2018-10-08 14:30:24,409 INFO: Executing method 'select_customer' from TransactionTrackerOperations
2018-10-08 14:30:31,170 INFO: Executing method 'select_customer' from TransactionTrackerOperations
2018-10-08 14:30:52,640 INFO: Executing method 'get_parcel' from TransactionTrackerOperations
2018-10-08 14:31:14,225 INFO: Executing method 'search_process' from TransactionTrackerOperations
2018-10-08 14:31:14,242 INFO: Executing method 'select_customer' from TransactionTrackerOperations
2018-10-08 14:31:20,996 INFO: Executing method 'select_customer' from TransactionTrackerOperations
2018-10-08 14:31:42,554 INFO: Executing method 'get_parcel' from TransactionTrackerOperations
2018-10-08 14:31:50,369 INFO: Executing method 'search_process' from TransactionTrackerOperations
2018-10-08 14:31:50,383 INFO: Executing method 'select_customer' from TransactionTrackerOperations
2018-10-08 14:31:57,164 INFO: Executing method 'select_customer' from TransactionTrackerOperations
2018-10-08 14:32:18,781 INFO: Executing method 'get_parcel' from TransactionTrackerOperations
2018-10-08 14:32:28,109 INFO: Executing method 'search_process' from TransactionTrackerOperations
2018-10-08 14:32:28,125 INFO: Executing method 'select_customer' from TransactionTrackerOperations
2018-10-08 14:32:34,905 INFO: Executing method 'select_customer' from TransactionTrackerOperations
2018-10-08 14:32:56,363 INFO: Executing method 'get_parcel' from TransactionTrackerOperations
2018-10-08 14:33:04,057 INFO: Executing method 'search_process' from TransactionTrackerOperations
2018-10-08 14:33:04,073 INFO: Executing method 'select_customer' from TransactionTrackerOperations
2018-10-08 14:33:10,815 INFO: Executing method 'select_customer' from TransactionTrackerOperations
2018-10-08 14:33:32,507 INFO: Executing method 'get_parcel' from TransactionTrackerOperations
2018-10-08 14:33:40,158 INFO: Executing method 'search_process' from TransactionTrackerOperations
2018-10-08 14:33:40,174 INFO: Executing method 'select_customer' from TransactionTrackerOperations
2018-10-08 14:33:46,918 INFO: Executing method 'select_customer' from TransactionTrackerOperations
2018-10-08 14:34:08,376 INFO: Executing method 'get_parcel' from TransactionTrackerOperations
2018-10-08 14:34:18,412 INFO: Executing method 'search_process' from TransactionTrackerOperations
2018-10-08 14:34:18,429 INFO: Executing method 'select_customer' from TransactionTrackerOperations
2018-10-08 14:34:25,203 INFO: Executing method 'select_customer' from TransactionTrackerOperations
2018-10-08 14:34:46,712 INFO: Executing method 'get_parcel' from TransactionTrackerOperations
2018-10-08 14:34:56,145 INFO: Executing method 'search_process' from TransactionTrackerOperations
2018-10-08 14:34:56,162 INFO: Executing method 'select_customer' from TransactionTrackerOperations
2018-10-08 14:35:02,921 INFO: Executing method 'select_customer' from TransactionTrackerOperations
2018-10-08 14:35:24,394 INFO: Executing method 'get_parcel' from TransactionTrackerOperations
2018-10-08 14:35:31,571 INFO: Executing method 'search_process' from TransactionTrackerOperations
2018-10-08 14:35:31,586 INFO: Executing method 'select_customer' from TransactionTrackerOperations
2018-10-08 14:35:38,412 INFO: Executing method 'select_customer' from TransactionTrackerOperations
2018-10-08 14:36:00,288 INFO: Executing method 'get_parcel' from TransactionTrackerOperations
2018-10-08 14:36:09,616 INFO: Executing method 'search_process' from TransactionTrackerOperations
2018-10-08 14:36:09,630 INFO: Executing method 'select_customer' from TransactionTrackerOperations
2018-10-08 14:36:16,405 INFO: Executing method 'select_customer' from TransactionTrackerOperations
2018-10-08 14:36:38,626 INFO: Executing method 'get_parcel' from TransactionTrackerOperations
2018-10-08 14:36:48,157 INFO: Executing method 'search_process' from TransactionTrackerOperations
2018-10-08 14:36:48,170 INFO: Executing method 'select_customer' from TransactionTrackerOperations
2018-10-08 14:36:54,976 INFO: Executing method 'select_customer' from TransactionTrackerOperations
2018-10-08 14:37:16,615 INFO: Executing method 'get_parcel' from TransactionTrackerOperations
2018-10-08 14:37:24,159 INFO: Executing method 'search_process' from TransactionTrackerOperations
2018-10-08 14:37:24,173 INFO: Executing method 'select_customer' from TransactionTrackerOperations
2018-10-08 14:37:30,958 INFO: Executing method 'select_customer' from TransactionTrackerOperations
2018-10-08 14:37:52,562 INFO: Executing method 'get_parcel' from TransactionTrackerOperations
2018-10-08 14:38:02,912 INFO: Executing method 'search_process' from TransactionTrackerOperations
2018-10-08 14:38:02,927 INFO: Executing method 'select_customer' from TransactionTrackerOperations
2018-10-08 14:38:09,644 INFO: Executing method 'select_customer' from TransactionTrackerOperations
2018-10-08 14:38:31,079 INFO: Executing method 'get_parcel' from TransactionTrackerOperations
2018-10-08 14:38:46,897 INFO: Executing method 'search_process' from TransactionTrackerOperations
2018-10-08 14:38:46,913 INFO: Executing method 'select_customer' from TransactionTrackerOperations
2018-10-08 14:38:53,652 INFO: Executing method 'select_customer' from TransactionTrackerOperations
2018-10-08 14:39:15,229 INFO: Executing method 'get_parcel' from TransactionTrackerOperations
2018-10-08 14:39:23,622 INFO: Executing method 'search_process' from TransactionTrackerOperations
2018-10-08 14:39:23,638 INFO: Executing method 'select_customer' from TransactionTrackerOperations
2018-10-08 14:39:30,441 INFO: Executing method 'select_customer' from TransactionTrackerOperations
2018-10-08 14:39:52,052 INFO: Executing method 'get_parcel' from TransactionTrackerOperations
2018-10-08 14:40:07,292 INFO: Executing method 'search_process' from TransactionTrackerOperations
2018-10-08 14:40:07,307 INFO: Executing method 'select_customer' from TransactionTrackerOperations
2018-10-08 14:40:14,076 INFO: Executing method 'select_customer' from TransactionTrackerOperations
2018-10-08 14:40:35,565 INFO: Executing method 'get_parcel' from TransactionTrackerOperations
2018-10-08 14:40:43,239 INFO: Executing method 'search_process' from TransactionTrackerOperations
2018-10-08 14:40:43,255 INFO: Executing method 'select_customer' from TransactionTrackerOperations
2018-10-08 14:40:50,060 INFO: Executing method 'select_customer' from TransactionTrackerOperations
2018-10-08 14:41:11,470 INFO: Executing method 'get_parcel' from TransactionTrackerOperations
2018-10-08 16:17:31,233 INFO: Executing Script Credit Memo Prodution Data Monitoring
2018-10-08 16:17:37,280 INFO: Login in to Launchpad
2018-10-08 16:17:57,950 INFO: Refreshing access_token
2018-10-08 16:18:02,976 INFO: Executing method 'search_process' from TransactionTrackerOperations
2018-10-08 16:18:02,994 INFO: Executing method 'select_customer' from TransactionTrackerOperations
2018-10-08 16:18:09,793 INFO: Executing method 'select_customer' from TransactionTrackerOperations
2018-10-08 16:18:34,633 INFO: Executing method 'get_parcel' from TransactionTrackerOperations
2018-10-08 16:18:44,366 INFO: Executing method 'search_process' from TransactionTrackerOperations
2018-10-08 16:18:44,380 INFO: Executing method 'select_customer' from TransactionTrackerOperations
2018-10-08 16:18:51,196 INFO: Executing method 'select_customer' from TransactionTrackerOperations
2018-10-08 16:19:12,509 INFO: Executing method 'get_parcel' from TransactionTrackerOperations
2018-10-08 16:23:20,129 INFO: Executing Script Credit Memo Prodution Data Monitoring
2018-10-08 16:23:26,540 INFO: Login in to Launchpad
2018-10-08 16:23:41,562 INFO: Refreshing access_token
2018-10-08 16:23:45,047 INFO: Executing method 'search_process' from TransactionTrackerOperations
2018-10-08 16:23:45,061 INFO: Executing method 'select_customer' from TransactionTrackerOperations
2018-10-08 16:23:51,858 INFO: Executing method 'select_customer' from TransactionTrackerOperations
2018-10-08 16:24:16,639 INFO: Executing method 'get_parcel' from TransactionTrackerOperations
2018-10-08 16:24:25,997 INFO: Executing method 'search_process' from TransactionTrackerOperations
2018-10-08 16:24:26,011 INFO: Executing method 'select_customer' from TransactionTrackerOperations
2018-10-08 16:24:32,823 INFO: Executing method 'select_customer' from TransactionTrackerOperations
2018-10-08 16:24:54,249 INFO: Executing method 'get_parcel' from TransactionTrackerOperations
2018-10-08 16:25:16,300 INFO: Executing method 'search_process' from TransactionTrackerOperations
2018-10-08 16:25:16,316 INFO: Executing method 'select_customer' from TransactionTrackerOperations
2018-10-08 16:25:23,027 INFO: Executing method 'select_customer' from TransactionTrackerOperations
2018-10-08 16:25:44,618 INFO: Executing method 'get_parcel' from TransactionTrackerOperations
2018-10-08 16:25:52,392 INFO: Executing method 'search_process' from TransactionTrackerOperations
2018-10-08 16:25:52,406 INFO: Executing method 'select_customer' from TransactionTrackerOperations
2018-10-08 16:25:59,146 INFO: Executing method 'select_customer' from TransactionTrackerOperations
2018-10-08 16:26:20,610 INFO: Executing method 'get_parcel' from TransactionTrackerOperations
2018-10-08 16:26:29,436 INFO: Executing method 'search_process' from TransactionTrackerOperations
2018-10-08 16:26:29,450 INFO: Executing method 'select_customer' from TransactionTrackerOperations
2018-10-08 16:26:36,213 INFO: Executing method 'select_customer' from TransactionTrackerOperations
2018-10-08 16:26:57,680 INFO: Executing method 'get_parcel' from TransactionTrackerOperations
2018-10-08 16:27:08,528 INFO: Executing method 'search_process' from TransactionTrackerOperations
2018-10-08 16:27:08,541 INFO: Executing method 'select_customer' from TransactionTrackerOperations
2018-10-08 16:27:15,316 INFO: Executing method 'select_customer' from TransactionTrackerOperations
2018-10-08 16:27:36,878 INFO: Executing method 'get_parcel' from TransactionTrackerOperations
2018-10-08 16:27:47,572 INFO: Executing method 'search_process' from TransactionTrackerOperations
2018-10-08 16:27:47,586 INFO: Executing method 'select_customer' from TransactionTrackerOperations
2018-10-08 16:27:54,369 INFO: Executing method 'select_customer' from TransactionTrackerOperations
2018-10-08 16:28:16,057 INFO: Executing method 'get_parcel' from TransactionTrackerOperations
2018-10-08 16:28:25,160 INFO: Executing method 'search_process' from TransactionTrackerOperations
2018-10-08 16:28:25,177 INFO: Executing method 'select_customer' from TransactionTrackerOperations
2018-10-08 16:28:31,887 INFO: Executing method 'select_customer' from TransactionTrackerOperations
2018-10-08 16:28:53,408 INFO: Executing method 'get_parcel' from TransactionTrackerOperations
2018-10-08 16:29:07,983 INFO: Executing method 'search_process' from TransactionTrackerOperations
2018-10-08 16:29:08,001 INFO: Executing method 'select_customer' from TransactionTrackerOperations
2018-10-08 16:29:14,776 INFO: Executing method 'select_customer' from TransactionTrackerOperations
2018-10-08 16:29:36,474 INFO: Executing method 'get_parcel' from TransactionTrackerOperations
2018-10-08 16:29:59,103 INFO: Executing method 'search_process' from TransactionTrackerOperations
2018-10-08 16:29:59,116 INFO: Executing method 'select_customer' from TransactionTrackerOperations
2018-10-08 16:30:05,869 INFO: Executing method 'select_customer' from TransactionTrackerOperations
2018-10-08 16:30:27,152 INFO: Executing method 'get_parcel' from TransactionTrackerOperations
2018-10-08 16:30:36,435 INFO: Executing method 'search_process' from TransactionTrackerOperations
2018-10-08 16:30:36,451 INFO: Executing method 'select_customer' from TransactionTrackerOperations
2018-10-08 16:30:43,208 INFO: Executing method 'select_customer' from TransactionTrackerOperations
2018-10-08 16:31:04,749 INFO: Executing method 'get_parcel' from TransactionTrackerOperations
2018-10-08 16:31:14,734 INFO: Executing method 'search_process' from TransactionTrackerOperations
2018-10-08 16:31:14,747 INFO: Executing method 'select_customer' from TransactionTrackerOperations
2018-10-08 16:31:21,498 INFO: Executing method 'select_customer' from TransactionTrackerOperations
2018-10-08 16:31:43,033 INFO: Executing method 'get_parcel' from TransactionTrackerOperations
2018-10-08 16:31:50,954 INFO: Executing method 'search_process' from TransactionTrackerOperations
2018-10-08 16:31:50,965 INFO: Executing method 'select_customer' from TransactionTrackerOperations
2018-10-08 16:31:57,708 INFO: Executing method 'select_customer' from TransactionTrackerOperations
2018-10-08 16:32:19,225 INFO: Executing method 'get_parcel' from TransactionTrackerOperations
2018-10-08 16:32:40,355 INFO: Executing method 'search_process' from TransactionTrackerOperations
2018-10-08 16:32:40,370 INFO: Executing method 'select_customer' from TransactionTrackerOperations
2018-10-08 16:32:47,173 INFO: Executing method 'select_customer' from TransactionTrackerOperations
2018-10-08 16:33:08,955 INFO: Executing method 'get_parcel' from TransactionTrackerOperations
2018-10-08 16:33:19,081 INFO: Executing method 'search_process' from TransactionTrackerOperations
2018-10-08 16:33:19,096 INFO: Executing method 'select_customer' from TransactionTrackerOperations
2018-10-08 16:33:25,801 INFO: Executing method 'select_customer' from TransactionTrackerOperations
2018-10-08 16:33:47,419 INFO: Executing method 'get_parcel' from TransactionTrackerOperations
2018-10-08 16:33:56,515 INFO: Executing method 'search_process' from TransactionTrackerOperations
2018-10-08 16:33:56,530 INFO: Executing method 'select_customer' from TransactionTrackerOperations
2018-10-08 16:34:03,252 INFO: Executing method 'select_customer' from TransactionTrackerOperations
2018-10-08 16:34:24,615 INFO: Executing method 'get_parcel' from TransactionTrackerOperations
2018-10-08 16:34:33,906 INFO: Executing method 'search_process' from TransactionTrackerOperations
2018-10-08 16:34:33,922 INFO: Executing method 'select_customer' from TransactionTrackerOperations
2018-10-08 16:34:40,743 INFO: Executing method 'select_customer' from TransactionTrackerOperations
2018-10-08 16:35:02,284 INFO: Executing method 'get_parcel' from TransactionTrackerOperations
2018-10-08 16:35:09,307 INFO: Executing method 'search_process' from TransactionTrackerOperations
2018-10-08 16:35:09,323 INFO: Executing method 'select_customer' from TransactionTrackerOperations
2018-10-08 16:35:16,087 INFO: Executing method 'select_customer' from TransactionTrackerOperations
2018-10-08 16:35:37,957 INFO: Executing method 'get_parcel' from TransactionTrackerOperations
2018-10-08 16:35:50,179 INFO: Executing method 'search_process' from TransactionTrackerOperations
2018-10-08 16:35:50,195 INFO: Executing method 'select_customer' from TransactionTrackerOperations
2018-10-08 16:35:56,964 INFO: Executing method 'select_customer' from TransactionTrackerOperations
2018-10-08 16:36:18,499 INFO: Executing method 'get_parcel' from TransactionTrackerOperations
2018-10-08 16:36:27,221 INFO: Executing method 'search_process' from TransactionTrackerOperations
2018-10-08 16:36:27,238 INFO: Executing method 'select_customer' from TransactionTrackerOperations
2018-10-08 16:36:33,990 INFO: Executing method 'select_customer' from TransactionTrackerOperations
2018-10-08 16:36:55,544 INFO: Executing method 'get_parcel' from TransactionTrackerOperations
2018-10-08 16:37:17,722 INFO: Executing method 'search_process' from TransactionTrackerOperations
2018-10-08 16:37:17,737 INFO: Executing method 'select_customer' from TransactionTrackerOperations
2018-10-08 16:37:24,597 INFO: Executing method 'select_customer' from TransactionTrackerOperations
2018-10-08 16:37:46,120 INFO: Executing method 'get_parcel' from TransactionTrackerOperations
2018-10-08 16:37:56,744 INFO: Executing method 'search_process' from TransactionTrackerOperations
2018-10-08 16:37:56,760 INFO: Executing method 'select_customer' from TransactionTrackerOperations
2018-10-08 16:38:03,501 INFO: Executing method 'select_customer' from TransactionTrackerOperations
2018-10-08 16:38:25,122 INFO: Executing method 'get_parcel' from TransactionTrackerOperations
2018-10-08 16:38:33,569 INFO: Executing method 'search_process' from TransactionTrackerOperations
2018-10-08 16:38:33,584 INFO: Executing method 'select_customer' from TransactionTrackerOperations
2018-10-08 16:38:40,320 INFO: Executing method 'select_customer' from TransactionTrackerOperations
2018-10-08 16:39:01,936 INFO: Executing method 'get_parcel' from TransactionTrackerOperations
2018-10-08 16:39:16,178 INFO: Executing method 'search_process' from TransactionTrackerOperations
2018-10-08 16:39:16,195 INFO: Executing method 'select_customer' from TransactionTrackerOperations
2018-10-08 16:39:22,938 INFO: Executing method 'select_customer' from TransactionTrackerOperations
2018-10-08 16:39:44,887 INFO: Executing method 'get_parcel' from TransactionTrackerOperations
2018-10-08 16:39:51,878 INFO: Executing method 'search_process' from TransactionTrackerOperations
2018-10-08 16:39:51,890 INFO: Executing method 'select_customer' from TransactionTrackerOperations
2018-10-08 16:39:58,641 INFO: Executing method 'select_customer' from TransactionTrackerOperations
2018-10-08 16:40:20,156 INFO: Executing method 'get_parcel' from TransactionTrackerOperations
2018-10-08 16:40:27,006 INFO: Executing method 'search_process' from TransactionTrackerOperations
2018-10-08 16:40:27,022 INFO: Executing method 'select_customer' from TransactionTrackerOperations
2018-10-08 16:40:33,756 INFO: Executing method 'select_customer' from TransactionTrackerOperations
2018-10-08 16:40:55,359 INFO: Executing method 'get_parcel' from TransactionTrackerOperations
2018-10-08 16:41:11,662 INFO: Executing method 'search_process' from TransactionTrackerOperations
2018-10-08 16:41:11,679 INFO: Executing method 'select_customer' from TransactionTrackerOperations
2018-10-08 16:41:18,419 INFO: Executing method 'select_customer' from TransactionTrackerOperations
2018-10-08 16:41:39,930 INFO: Executing method 'get_parcel' from TransactionTrackerOperations
2018-10-08 16:41:50,599 INFO: Executing method 'search_process' from TransactionTrackerOperations
2018-10-08 16:41:50,614 INFO: Executing method 'select_customer' from TransactionTrackerOperations
2018-10-08 16:41:57,358 INFO: Executing method 'select_customer' from TransactionTrackerOperations
2018-10-08 16:42:18,914 INFO: Executing method 'get_parcel' from TransactionTrackerOperations
2018-10-08 16:42:40,396 INFO: Executing method 'search_process' from TransactionTrackerOperations
2018-10-08 16:42:40,412 INFO: Executing method 'select_customer' from TransactionTrackerOperations
2018-10-08 16:42:47,183 INFO: Executing method 'select_customer' from TransactionTrackerOperations
2018-10-08 16:43:08,698 INFO: Executing method 'get_parcel' from TransactionTrackerOperations
2018-10-08 16:43:31,654 INFO: Executing method 'search_process' from TransactionTrackerOperations
2018-10-08 16:43:31,671 INFO: Executing method 'select_customer' from TransactionTrackerOperations
2018-10-08 16:43:38,421 INFO: Executing method 'select_customer' from TransactionTrackerOperations
2018-10-08 16:43:59,562 INFO: Executing method 'get_parcel' from TransactionTrackerOperations
2018-10-08 16:44:07,654 INFO: Executing method 'search_process' from TransactionTrackerOperations
2018-10-08 16:44:07,670 INFO: Executing method 'select_customer' from TransactionTrackerOperations
2018-10-08 16:44:14,424 INFO: Executing method 'select_customer' from TransactionTrackerOperations
2018-10-08 16:44:35,842 INFO: Executing method 'get_parcel' from TransactionTrackerOperations
2018-10-08 16:44:57,761 INFO: Executing method 'search_process' from TransactionTrackerOperations
2018-10-08 16:44:57,777 INFO: Executing method 'select_customer' from TransactionTrackerOperations
2018-10-08 16:45:04,558 INFO: Executing method 'select_customer' from TransactionTrackerOperations
2018-10-08 16:45:26,353 INFO: Executing method 'get_parcel' from TransactionTrackerOperations
2018-10-08 16:45:48,710 INFO: Executing method 'search_process' from TransactionTrackerOperations
2018-10-08 16:45:48,727 INFO: Executing method 'select_customer' from TransactionTrackerOperations
2018-10-08 16:45:55,481 INFO: Executing method 'select_customer' from TransactionTrackerOperations
2018-10-08 16:46:16,833 INFO: Executing method 'get_parcel' from TransactionTrackerOperations
2018-10-08 16:46:23,923 INFO: Executing method 'search_process' from TransactionTrackerOperations
2018-10-08 16:46:23,938 INFO: Executing method 'select_customer' from TransactionTrackerOperations
2018-10-08 16:46:30,743 INFO: Executing method 'select_customer' from TransactionTrackerOperations
2018-10-08 16:46:52,382 INFO: Executing method 'get_parcel' from TransactionTrackerOperations
2018-10-08 16:47:11,615 INFO: Executing method 'search_process' from TransactionTrackerOperations
2018-10-08 16:47:11,630 INFO: Executing method 'select_customer' from TransactionTrackerOperations
2018-10-08 16:47:18,386 INFO: Executing method 'select_customer' from TransactionTrackerOperations
2018-10-08 16:47:40,073 INFO: Executing method 'get_parcel' from TransactionTrackerOperations
2018-10-08 16:47:54,747 INFO: Executing method 'search_process' from TransactionTrackerOperations
2018-10-08 16:47:54,763 INFO: Executing method 'select_customer' from TransactionTrackerOperations
2018-10-08 16:48:01,576 INFO: Executing method 'select_customer' from TransactionTrackerOperations
2018-10-08 16:48:22,954 INFO: Executing method 'get_parcel' from TransactionTrackerOperations
