2018-12-11 11:37:46,127 INFO: Executing Script Credit Memo Prodution Data Monitoring
2018-12-11 11:37:46,499 INFO: Executing CMProductionDataMonitoring.execute_main()
2018-12-11 11:38:02,263 INFO: Login in to Launchpad
2018-12-11 11:38:19,383 INFO: Executing CMProductionDataMonitoring.TaskFilter()
2018-12-11 11:38:19,805 INFO: Refreshing access_token
2018-12-11 11:38:26,740 INFO: select InProgress task from input sheet from CMProductionDataMonitoring.TaskFilter()
2018-12-11 11:38:26,741 INFO: Executing TransactionTrackerOperations.search_process_for_CMPDM() for: Performance Health|McKesson BASCOM PALMER EYE INST|810
2018-12-11 11:38:26,847 INFO: Executing TransactionTrackerOperations.select_customer()
2018-12-11 11:38:33,853 INFO: Executing TransactionTrackerOperations.select_customer()
2018-12-11 11:38:45,751 INFO: Executing TransactionTrackerOperations.get_CM_parcels()
2018-12-11 11:38:52,176 INFO: Executing TransactionTrackerOperations.search_process_for_CMPDM() for: Performance Health|McKesson CABELL HUNTINGTON HOSPITAL|810
2018-12-11 11:38:52,294 INFO: Executing TransactionTrackerOperations.select_customer()
2018-12-11 11:38:59,556 INFO: Executing TransactionTrackerOperations.select_customer()
2018-12-11 11:39:11,080 INFO: Executing TransactionTrackerOperations.get_CM_parcels()
2018-12-11 11:39:13,733 INFO: NoSuchElementException in TransactionTrackerOperations.get_CM_parcels()
2018-12-11 11:39:18,234 INFO: NoSuchElementException in TransactionTrackerOperations.get_CM_parcels()
2018-12-11 11:39:20,835 INFO: NoSuchElementException in TransactionTrackerOperations.get_CM_parcels()
2018-12-11 11:39:28,088 INFO: Executing TransactionTrackerOperations.search_process_for_CMPDM() for: Performance Health|McKesson CHILDRENS HOSPITAL|810
2018-12-11 11:39:28,675 INFO: Executing TransactionTrackerOperations.select_customer()
2018-12-11 11:39:35,503 INFO: Executing TransactionTrackerOperations.select_customer()
2018-12-11 11:39:46,860 INFO: Executing TransactionTrackerOperations.get_CM_parcels()
2018-12-11 11:39:49,508 INFO: NoSuchElementException in TransactionTrackerOperations.get_CM_parcels()
2018-12-11 11:39:53,996 INFO: NoSuchElementException in TransactionTrackerOperations.get_CM_parcels()
2018-12-11 11:39:56,829 INFO: NoSuchElementException in TransactionTrackerOperations.get_CM_parcels()
2018-12-11 11:40:05,041 INFO: Executing TransactionTrackerOperations.search_process_for_CMPDM() for: Performance Health|McKesson CHRISTIANA CARE HEALTH|810
2018-12-11 11:40:05,572 INFO: Executing TransactionTrackerOperations.select_customer()
2018-12-11 11:40:12,421 INFO: Executing TransactionTrackerOperations.select_customer()
2018-12-11 11:40:23,865 INFO: Executing TransactionTrackerOperations.get_CM_parcels()
2018-12-11 11:40:26,658 INFO: NoSuchElementException in TransactionTrackerOperations.get_CM_parcels()
2018-12-11 11:40:31,172 INFO: NoSuchElementException in TransactionTrackerOperations.get_CM_parcels()
2018-12-11 11:40:35,578 INFO: NoSuchElementException in TransactionTrackerOperations.get_CM_parcels()
2018-12-11 11:40:40,257 INFO: NoSuchElementException in TransactionTrackerOperations.get_CM_parcels()
2018-12-11 11:40:44,792 INFO: NoSuchElementException in TransactionTrackerOperations.get_CM_parcels()
2018-12-11 11:40:49,303 INFO: NoSuchElementException in TransactionTrackerOperations.get_CM_parcels()
2018-12-11 11:40:53,866 INFO: NoSuchElementException in TransactionTrackerOperations.get_CM_parcels()
2018-12-11 11:40:58,308 INFO: NoSuchElementException in TransactionTrackerOperations.get_CM_parcels()
2018-12-11 11:41:02,751 INFO: NoSuchElementException in TransactionTrackerOperations.get_CM_parcels()
2018-12-11 11:41:07,748 INFO: NoSuchElementException in TransactionTrackerOperations.get_CM_parcels()
2018-12-11 11:41:12,674 INFO: NoSuchElementException in TransactionTrackerOperations.get_CM_parcels()
2018-12-11 11:41:16,927 INFO: NoSuchElementException in TransactionTrackerOperations.get_CM_parcels()
2018-12-11 11:41:25,340 INFO: Executing TransactionTrackerOperations.search_process_for_CMPDM() for: Performance Health|McKesson EMH REGIONAL HEALTHCARE SYSTEMS|810
2018-12-11 11:41:25,368 INFO: Executing TransactionTrackerOperations.select_customer()
2018-12-11 11:41:32,195 INFO: Executing TransactionTrackerOperations.select_customer()
2018-12-11 11:41:43,722 INFO: Executing TransactionTrackerOperations.get_CM_parcels()
2018-12-11 11:41:50,950 INFO: Executing TransactionTrackerOperations.search_process_for_CMPDM() for: Performance Health|McKesson EMORY HEALTHCARE|810
2018-12-11 11:41:50,989 INFO: Executing TransactionTrackerOperations.select_customer()
2018-12-11 11:41:57,846 INFO: Executing TransactionTrackerOperations.select_customer()
2018-12-11 11:42:09,047 INFO: Executing TransactionTrackerOperations.get_CM_parcels()
2018-12-11 11:42:11,996 INFO: NoSuchElementException in TransactionTrackerOperations.get_CM_parcels()
2018-12-11 11:42:16,573 INFO: NoSuchElementException in TransactionTrackerOperations.get_CM_parcels()
2018-12-11 11:42:20,993 INFO: NoSuchElementException in TransactionTrackerOperations.get_CM_parcels()
2018-12-11 11:42:25,609 INFO: NoSuchElementException in TransactionTrackerOperations.get_CM_parcels()
2018-12-11 11:42:30,048 INFO: NoSuchElementException in TransactionTrackerOperations.get_CM_parcels()
2018-12-11 11:42:34,490 INFO: NoSuchElementException in TransactionTrackerOperations.get_CM_parcels()
2018-12-11 11:42:38,907 INFO: NoSuchElementException in TransactionTrackerOperations.get_CM_parcels()
2018-12-11 11:42:43,542 INFO: NoSuchElementException in TransactionTrackerOperations.get_CM_parcels()
2018-12-11 11:42:48,196 INFO: NoSuchElementException in TransactionTrackerOperations.get_CM_parcels()
2018-12-11 11:42:52,676 INFO: NoSuchElementException in TransactionTrackerOperations.get_CM_parcels()
2018-12-11 11:42:57,150 INFO: NoSuchElementException in TransactionTrackerOperations.get_CM_parcels()
2018-12-11 11:43:01,655 INFO: NoSuchElementException in TransactionTrackerOperations.get_CM_parcels()
2018-12-11 11:43:06,179 INFO: NoSuchElementException in TransactionTrackerOperations.get_CM_parcels()
2018-12-11 11:43:10,835 INFO: NoSuchElementException in TransactionTrackerOperations.get_CM_parcels()
2018-12-11 11:43:15,353 INFO: NoSuchElementException in TransactionTrackerOperations.get_CM_parcels()
2018-12-11 11:43:20,536 INFO: NoSuchElementException in TransactionTrackerOperations.get_CM_parcels()
2018-12-11 11:43:25,127 INFO: NoSuchElementException in TransactionTrackerOperations.get_CM_parcels()
2018-12-11 11:43:29,688 INFO: NoSuchElementException in TransactionTrackerOperations.get_CM_parcels()
2018-12-11 11:43:34,398 INFO: NoSuchElementException in TransactionTrackerOperations.get_CM_parcels()
2018-12-11 11:43:38,947 INFO: NoSuchElementException in TransactionTrackerOperations.get_CM_parcels()
2018-12-11 11:43:41,789 INFO: NoSuchElementException in TransactionTrackerOperations.get_CM_parcels()
2018-12-11 11:43:51,022 INFO: Executing TransactionTrackerOperations.search_process_for_CMPDM() for: Performance Health|McKesson FIRELANDS REGIONAL MEDICAL CENTER|810
2018-12-11 11:43:51,428 INFO: Executing TransactionTrackerOperations.select_customer()
2018-12-11 11:43:58,244 INFO: Executing TransactionTrackerOperations.select_customer()
2018-12-11 11:44:10,287 INFO: Executing TransactionTrackerOperations.get_CM_parcels()
2018-12-11 11:44:16,553 INFO: Executing TransactionTrackerOperations.search_process_for_CMPDM() for: Performance Health|McKesson FIRSTHEALTH CAROLINAS|810
2018-12-11 11:44:16,582 INFO: Executing TransactionTrackerOperations.select_customer()
2018-12-11 11:44:23,788 INFO: Executing TransactionTrackerOperations.select_customer()
2018-12-11 11:44:35,099 INFO: Executing TransactionTrackerOperations.get_CM_parcels()
2018-12-11 11:44:42,146 INFO: Executing TransactionTrackerOperations.search_process_for_CMPDM() for: Performance Health|McKesson FRANCISCAN ALLIANCE INC|810
2018-12-11 11:44:42,493 INFO: Executing TransactionTrackerOperations.select_customer()
2018-12-11 11:44:49,322 INFO: Executing TransactionTrackerOperations.select_customer()
2018-12-11 11:45:01,434 INFO: Executing TransactionTrackerOperations.get_CM_parcels()
2018-12-11 11:45:04,217 INFO: NoSuchElementException in TransactionTrackerOperations.get_CM_parcels()
2018-12-11 11:45:08,813 INFO: NoSuchElementException in TransactionTrackerOperations.get_CM_parcels()
2018-12-11 11:45:13,246 INFO: NoSuchElementException in TransactionTrackerOperations.get_CM_parcels()
2018-12-11 11:45:18,161 INFO: NoSuchElementException in TransactionTrackerOperations.get_CM_parcels()
2018-12-11 11:45:22,576 INFO: NoSuchElementException in TransactionTrackerOperations.get_CM_parcels()
2018-12-11 11:45:26,992 INFO: NoSuchElementException in TransactionTrackerOperations.get_CM_parcels()
2018-12-11 11:45:31,720 INFO: NoSuchElementException in TransactionTrackerOperations.get_CM_parcels()
2018-12-11 11:45:36,253 INFO: NoSuchElementException in TransactionTrackerOperations.get_CM_parcels()
2018-12-11 11:45:40,867 INFO: NoSuchElementException in TransactionTrackerOperations.get_CM_parcels()
2018-12-11 11:45:45,448 INFO: NoSuchElementException in TransactionTrackerOperations.get_CM_parcels()
2018-12-11 11:45:50,000 INFO: NoSuchElementException in TransactionTrackerOperations.get_CM_parcels()
2018-12-11 11:45:54,508 INFO: NoSuchElementException in TransactionTrackerOperations.get_CM_parcels()
2018-12-11 11:45:58,974 INFO: NoSuchElementException in TransactionTrackerOperations.get_CM_parcels()
2018-12-11 11:46:03,626 INFO: NoSuchElementException in TransactionTrackerOperations.get_CM_parcels()
2018-12-11 11:46:12,267 INFO: Executing TransactionTrackerOperations.search_process_for_CMPDM() for: Performance Health|McKesson GOOD SHEPHERD REHAB NETWORK|810
2018-12-11 11:46:12,932 INFO: Executing TransactionTrackerOperations.select_customer()
2018-12-11 11:46:19,739 INFO: Executing TransactionTrackerOperations.select_customer()
2018-12-11 11:46:32,131 INFO: Executing TransactionTrackerOperations.get_CM_parcels()
2018-12-11 11:46:35,007 INFO: NoSuchElementException in TransactionTrackerOperations.get_CM_parcels()
2018-12-11 11:46:39,747 INFO: NoSuchElementException in TransactionTrackerOperations.get_CM_parcels()
2018-12-11 11:46:44,736 INFO: NoSuchElementException in TransactionTrackerOperations.get_CM_parcels()
2018-12-11 11:46:49,648 INFO: NoSuchElementException in TransactionTrackerOperations.get_CM_parcels()
2018-12-11 11:46:54,540 INFO: NoSuchElementException in TransactionTrackerOperations.get_CM_parcels()
2018-12-11 11:46:59,208 INFO: NoSuchElementException in TransactionTrackerOperations.get_CM_parcels()
2018-12-11 11:47:04,020 INFO: NoSuchElementException in TransactionTrackerOperations.get_CM_parcels()
2018-12-11 11:47:09,110 INFO: NoSuchElementException in TransactionTrackerOperations.get_CM_parcels()
2018-12-11 11:47:14,529 INFO: NoSuchElementException in TransactionTrackerOperations.get_CM_parcels()
2018-12-11 11:47:19,350 INFO: NoSuchElementException in TransactionTrackerOperations.get_CM_parcels()
2018-12-11 11:47:24,029 INFO: NoSuchElementException in TransactionTrackerOperations.get_CM_parcels()
2018-12-11 11:47:28,593 INFO: NoSuchElementException in TransactionTrackerOperations.get_CM_parcels()
2018-12-11 11:47:33,239 INFO: NoSuchElementException in TransactionTrackerOperations.get_CM_parcels()
2018-12-11 11:47:43,774 INFO: Executing TransactionTrackerOperations.search_process_for_CMPDM() for: Performance Health|McKesson HALIFAX REGIONAL HOSPITAL|810
2018-12-11 11:47:44,085 INFO: Executing TransactionTrackerOperations.select_customer()
2018-12-11 11:47:50,878 INFO: Executing TransactionTrackerOperations.select_customer()
2018-12-11 11:48:02,226 INFO: Executing TransactionTrackerOperations.get_CM_parcels()
2018-12-11 11:48:08,453 INFO: Executing TransactionTrackerOperations.search_process_for_CMPDM() for: Performance Health|McKesson HATTISBURG CLINIC|810
2018-12-11 11:48:08,601 INFO: Executing TransactionTrackerOperations.select_customer()
2018-12-11 11:48:16,596 INFO: Executing TransactionTrackerOperations.select_customer()
2018-12-11 11:48:29,607 INFO: Executing TransactionTrackerOperations.get_CM_parcels()
2018-12-11 11:48:37,118 INFO: Executing TransactionTrackerOperations.search_process_for_CMPDM() for: Performance Health|McKesson IL BONE AND JOINT|810
2018-12-11 11:48:37,556 INFO: Executing TransactionTrackerOperations.select_customer()
2018-12-11 11:48:44,564 INFO: Executing TransactionTrackerOperations.select_customer()
2018-12-11 11:48:57,141 INFO: Executing TransactionTrackerOperations.get_CM_parcels()
2018-12-11 11:49:05,330 INFO: Executing TransactionTrackerOperations.search_process_for_CMPDM() for: Performance Health|McKesson LAKE CHARLES MEMORIAL HOSPITAL|810
2018-12-11 11:49:05,406 INFO: Executing TransactionTrackerOperations.select_customer()
2018-12-11 11:49:12,980 INFO: Executing TransactionTrackerOperations.select_customer()
2018-12-11 11:49:25,668 INFO: Executing TransactionTrackerOperations.get_CM_parcels()
2018-12-11 11:49:33,812 INFO: Executing TransactionTrackerOperations.search_process_for_CMPDM() for: Performance Health|McKesson LAWRENCE MEMORIAL HOSPITAL|810
2018-12-11 11:49:33,830 INFO: Executing TransactionTrackerOperations.select_customer()
2018-12-11 11:51:16,266 ERROR: Error in CMProductionDataMonitoring.TaskFilter()
2018-12-11 11:51:20,973 INFO: Executing TransactionTrackerOperations.search_process_for_CMPDM() for: Performance Health|McKesson LEESBURG REGIONAL|810
2018-12-11 11:51:20,992 INFO: Executing TransactionTrackerOperations.select_customer()
2018-12-11 11:53:03,205 ERROR: Error in CMProductionDataMonitoring.TaskFilter()
2018-12-11 11:53:07,911 INFO: Executing TransactionTrackerOperations.search_process_for_CMPDM() for: Performance Health|McKesson LOMA LINDA UNIVERSITY MEDICAL CENTER|810
2018-12-11 11:53:07,930 INFO: Executing TransactionTrackerOperations.select_customer()
2018-12-11 11:54:50,124 ERROR: Error in CMProductionDataMonitoring.TaskFilter()
2018-12-11 11:54:54,965 INFO: Executing TransactionTrackerOperations.search_process_for_CMPDM() for: Performance Health|McKesson MCG HEALTH INC|810
2018-12-11 11:54:54,986 INFO: Executing TransactionTrackerOperations.select_customer()
2018-12-11 11:56:37,276 ERROR: Error in CMProductionDataMonitoring.TaskFilter()
2018-12-11 11:56:41,805 INFO: Executing TransactionTrackerOperations.search_process_for_CMPDM() for: Performance Health|McKesson NCH HEALTHCARE|810
2018-12-11 11:56:41,827 INFO: Executing TransactionTrackerOperations.select_customer()
2018-12-11 11:58:23,988 ERROR: Error in CMProductionDataMonitoring.TaskFilter()
2018-12-11 11:58:28,705 INFO: Executing TransactionTrackerOperations.search_process_for_CMPDM() for: Performance Health|McKesson SACRED HEART HOSPITAL|810
2018-12-11 11:58:28,723 INFO: Executing TransactionTrackerOperations.select_customer()
2018-12-11 12:00:10,896 ERROR: Error in CMProductionDataMonitoring.TaskFilter()
2018-12-11 12:00:15,664 INFO: Executing TransactionTrackerOperations.search_process_for_CMPDM() for: Performance Health|McKesson SAINT FRANCES MEDICAL CENTER|810
2018-12-11 12:00:15,682 INFO: Executing TransactionTrackerOperations.select_customer()
2018-12-11 12:01:57,907 ERROR: Error in CMProductionDataMonitoring.TaskFilter()
2018-12-11 12:02:02,375 INFO: Executing TransactionTrackerOperations.search_process_for_CMPDM() for: Performance Health|McKesson SOUTHERN NEW HAMPSHIRE MEDICAL CENTER|810
2018-12-11 12:02:02,395 INFO: Executing TransactionTrackerOperations.select_customer()
2018-12-11 12:03:44,651 ERROR: Error in CMProductionDataMonitoring.TaskFilter()
2018-12-11 12:03:49,145 INFO: Executing TransactionTrackerOperations.search_process_for_CMPDM() for: Performance Health|McKesson TIFT REGIONAL MEDICAL CENTER|810
2018-12-11 12:03:49,164 INFO: Executing TransactionTrackerOperations.select_customer()
2018-12-11 12:05:31,321 ERROR: Error in CMProductionDataMonitoring.TaskFilter()
2018-12-11 12:05:36,081 INFO: Executing TransactionTrackerOperations.search_process_for_CMPDM() for: Performance Health|McKesson TRINITY MOTHER FRANCES HOSPITAL|810
2018-12-11 12:05:36,098 INFO: Executing TransactionTrackerOperations.select_customer()
2018-12-11 12:07:18,205 ERROR: Error in CMProductionDataMonitoring.TaskFilter()
2018-12-11 12:07:25,105 INFO: Executing TransactionTrackerOperations.search_process_for_CMPDM() for: Performance Health|McKesson Truman Medical Center|810
2018-12-11 12:07:25,122 INFO: Executing TransactionTrackerOperations.select_customer()
2018-12-11 12:09:07,405 ERROR: Error in CMProductionDataMonitoring.TaskFilter()
2018-12-11 12:09:12,108 INFO: Executing TransactionTrackerOperations.search_process_for_CMPDM() for: Performance Health|McKesson UNITED HOSPITAL SYSTEM INC|810
2018-12-11 12:09:12,128 INFO: Executing TransactionTrackerOperations.select_customer()
2018-12-11 12:10:54,375 ERROR: Error in CMProductionDataMonitoring.TaskFilter()
2018-12-11 12:11:02,381 INFO: Executing TransactionTrackerOperations.search_process_for_CMPDM() for: Performance Health|McKesson VAIL VALLEY MEDICAL CENTER|810
2018-12-11 12:11:02,397 INFO: Executing TransactionTrackerOperations.select_customer()
2018-12-11 12:12:44,675 ERROR: Error in CMProductionDataMonitoring.TaskFilter()
2018-12-11 12:12:49,461 INFO: Executing TransactionTrackerOperations.search_process_for_CMPDM() for: Performance Health|McKesson WHEATON FRANCISCAN HEALTHCARE|810
2018-12-11 12:12:50,459 INFO: Executing TransactionTrackerOperations.select_customer()
2018-12-11 12:14:32,675 ERROR: Error in CMProductionDataMonitoring.TaskFilter()
2018-12-11 12:14:37,375 INFO: Executing TransactionTrackerOperations.search_process_for_CMPDM() for: Performance Health|MFA DSSI|810
2018-12-11 12:14:37,393 INFO: Executing TransactionTrackerOperations.select_customer()
2018-12-11 12:16:19,800 ERROR: Error in CMProductionDataMonitoring.TaskFilter()
2018-12-11 12:16:24,560 INFO: Executing TransactionTrackerOperations.search_process_for_CMPDM() for: Performance Health|MIDWEST GERIATRIC DSSI|810
2018-12-11 12:16:24,585 INFO: Executing TransactionTrackerOperations.select_customer()
2018-12-11 12:18:06,845 ERROR: Error in CMProductionDataMonitoring.TaskFilter()
2018-12-11 12:18:13,702 INFO: Executing TransactionTrackerOperations.search_process_for_CMPDM() for: Performance Health|MIDWEST HEALTH DSSI|810
2018-12-11 12:18:13,725 INFO: Executing TransactionTrackerOperations.select_customer()
2018-12-11 12:19:55,933 ERROR: Error in CMProductionDataMonitoring.TaskFilter()
2018-12-11 12:20:00,644 INFO: Executing TransactionTrackerOperations.search_process_for_CMPDM() for: Performance Health|MISSION HEALTH DSSI|810
2018-12-11 12:20:00,662 INFO: Executing TransactionTrackerOperations.select_customer()
2018-12-11 12:21:42,871 ERROR: Error in CMProductionDataMonitoring.TaskFilter()
2018-12-11 12:21:49,711 INFO: Executing TransactionTrackerOperations.search_process_for_CMPDM() for: Performance Health|NEXION DSSI|810
2018-12-11 12:21:49,747 INFO: Executing TransactionTrackerOperations.select_customer()
2018-12-11 12:23:31,997 ERROR: Error in CMProductionDataMonitoring.TaskFilter()
2018-12-11 12:23:36,718 INFO: Executing TransactionTrackerOperations.search_process_for_CMPDM() for: Performance Health|NOLAND HEALTH SERVICES DSSI|810
2018-12-11 12:23:36,736 INFO: Executing TransactionTrackerOperations.select_customer()
2018-12-11 12:25:19,177 ERROR: Error in CMProductionDataMonitoring.TaskFilter()
2018-12-11 12:25:23,898 INFO: Executing TransactionTrackerOperations.search_process_for_CMPDM() for: Performance Health|NORTHPORT DSSI|810
2018-12-11 12:25:23,916 INFO: Executing TransactionTrackerOperations.select_customer()
2018-12-11 12:27:06,028 ERROR: Error in CMProductionDataMonitoring.TaskFilter()
2018-12-11 12:27:10,796 INFO: Executing TransactionTrackerOperations.search_process_for_CMPDM() for: Performance Health|NUVISION DSSI|810
2018-12-11 12:27:10,818 INFO: Executing TransactionTrackerOperations.select_customer()
2018-12-11 12:29:33,199 INFO: Executing Script Credit Memo Prodution Data Monitoring
2018-12-11 12:29:33,323 INFO: Executing CMProductionDataMonitoring.execute_main()
2018-12-11 12:29:37,198 INFO: Login in to Launchpad
2018-12-11 12:29:53,089 INFO: Executing CMProductionDataMonitoring.TaskFilter()
2018-12-11 12:29:53,387 INFO: Refreshing access_token
2018-12-11 12:29:57,067 INFO: select InProgress task from input sheet from CMProductionDataMonitoring.TaskFilter()
2018-12-11 12:29:57,068 INFO: Executing TransactionTrackerOperations.search_process_for_CMPDM() for: Performance Health|McKesson BASCOM PALMER EYE INST|810
2018-12-11 12:29:57,207 INFO: Executing TransactionTrackerOperations.select_customer()
2018-12-11 12:30:04,080 INFO: Executing TransactionTrackerOperations.select_customer()
2018-12-11 12:30:15,541 INFO: Executing TransactionTrackerOperations.get_CM_parcels()
2018-12-11 12:30:22,632 INFO: Executing TransactionTrackerOperations.search_process_for_CMPDM() for: Performance Health|McKesson CABELL HUNTINGTON HOSPITAL|810
2018-12-11 12:30:22,978 INFO: Executing TransactionTrackerOperations.select_customer()
2018-12-11 12:30:29,813 INFO: Executing TransactionTrackerOperations.select_customer()
2018-12-11 12:30:41,309 INFO: Executing TransactionTrackerOperations.get_CM_parcels()
2018-12-11 12:30:44,090 INFO: NoSuchElementException in TransactionTrackerOperations.get_CM_parcels()
2018-12-11 12:30:48,741 INFO: NoSuchElementException in TransactionTrackerOperations.get_CM_parcels()
2018-12-11 12:30:51,389 INFO: NoSuchElementException in TransactionTrackerOperations.get_CM_parcels()
2018-12-11 12:30:59,858 INFO: Executing TransactionTrackerOperations.search_process_for_CMPDM() for: Performance Health|McKesson CHILDRENS HOSPITAL|810
2018-12-11 12:30:59,935 INFO: Executing TransactionTrackerOperations.select_customer()
2018-12-11 12:31:06,770 INFO: Executing TransactionTrackerOperations.select_customer()
2018-12-11 12:31:18,107 INFO: Executing TransactionTrackerOperations.get_CM_parcels()
2018-12-11 12:31:20,827 INFO: NoSuchElementException in TransactionTrackerOperations.get_CM_parcels()
2018-12-11 12:31:25,594 INFO: NoSuchElementException in TransactionTrackerOperations.get_CM_parcels()
2018-12-11 12:31:28,460 INFO: NoSuchElementException in TransactionTrackerOperations.get_CM_parcels()
2018-12-11 12:31:36,659 INFO: Executing TransactionTrackerOperations.search_process_for_CMPDM() for: Performance Health|McKesson CHRISTIANA CARE HEALTH|810
2018-12-11 12:31:36,713 INFO: Executing TransactionTrackerOperations.select_customer()
2018-12-11 12:31:43,534 INFO: Executing TransactionTrackerOperations.select_customer()
2018-12-11 12:31:54,859 INFO: Executing TransactionTrackerOperations.get_CM_parcels()
2018-12-11 12:31:59,476 INFO: NoSuchElementException in TransactionTrackerOperations.get_CM_parcels()
2018-12-11 12:32:04,491 INFO: NoSuchElementException in TransactionTrackerOperations.get_CM_parcels()
2018-12-11 12:32:09,355 INFO: NoSuchElementException in TransactionTrackerOperations.get_CM_parcels()
2018-12-11 12:32:14,528 INFO: NoSuchElementException in TransactionTrackerOperations.get_CM_parcels()
2018-12-11 12:32:19,388 INFO: NoSuchElementException in TransactionTrackerOperations.get_CM_parcels()
2018-12-11 12:32:24,417 INFO: NoSuchElementException in TransactionTrackerOperations.get_CM_parcels()
2018-12-11 12:32:28,978 INFO: NoSuchElementException in TransactionTrackerOperations.get_CM_parcels()
2018-12-11 12:32:33,880 INFO: NoSuchElementException in TransactionTrackerOperations.get_CM_parcels()
2018-12-11 12:32:40,194 INFO: NoSuchElementException in TransactionTrackerOperations.get_CM_parcels()
2018-12-11 12:32:45,774 INFO: NoSuchElementException in TransactionTrackerOperations.get_CM_parcels()
2018-12-11 12:32:50,378 INFO: NoSuchElementException in TransactionTrackerOperations.get_CM_parcels()
2018-12-11 12:32:55,109 INFO: NoSuchElementException in TransactionTrackerOperations.get_CM_parcels()
2018-12-11 12:33:04,818 INFO: Executing TransactionTrackerOperations.search_process_for_CMPDM() for: Performance Health|McKesson EMH REGIONAL HEALTHCARE SYSTEMS|810
2018-12-11 12:33:05,070 INFO: Executing TransactionTrackerOperations.select_customer()
2018-12-11 12:33:11,913 INFO: Executing TransactionTrackerOperations.select_customer()
2018-12-11 12:33:24,038 INFO: Executing TransactionTrackerOperations.get_CM_parcels()
2018-12-11 12:33:31,515 INFO: Executing TransactionTrackerOperations.search_process_for_CMPDM() for: Performance Health|McKesson EMORY HEALTHCARE|810
2018-12-11 12:33:31,552 INFO: Executing TransactionTrackerOperations.select_customer()
2018-12-11 12:33:38,521 INFO: Executing TransactionTrackerOperations.select_customer()
2018-12-11 12:33:49,786 INFO: Executing TransactionTrackerOperations.get_CM_parcels()
2018-12-11 12:33:52,567 INFO: NoSuchElementException in TransactionTrackerOperations.get_CM_parcels()
2018-12-11 12:33:57,206 INFO: NoSuchElementException in TransactionTrackerOperations.get_CM_parcels()
2018-12-11 12:34:01,726 INFO: NoSuchElementException in TransactionTrackerOperations.get_CM_parcels()
2018-12-11 12:34:06,222 INFO: NoSuchElementException in TransactionTrackerOperations.get_CM_parcels()
2018-12-11 12:34:10,768 INFO: NoSuchElementException in TransactionTrackerOperations.get_CM_parcels()
2018-12-11 12:34:15,370 INFO: NoSuchElementException in TransactionTrackerOperations.get_CM_parcels()
2018-12-11 12:34:19,859 INFO: NoSuchElementException in TransactionTrackerOperations.get_CM_parcels()
2018-12-11 12:34:24,367 INFO: NoSuchElementException in TransactionTrackerOperations.get_CM_parcels()
2018-12-11 12:34:28,997 INFO: NoSuchElementException in TransactionTrackerOperations.get_CM_parcels()
2018-12-11 12:34:33,960 INFO: NoSuchElementException in TransactionTrackerOperations.get_CM_parcels()
2018-12-11 12:34:38,564 INFO: NoSuchElementException in TransactionTrackerOperations.get_CM_parcels()
2018-12-11 12:34:43,169 INFO: NoSuchElementException in TransactionTrackerOperations.get_CM_parcels()
2018-12-11 12:34:47,730 INFO: NoSuchElementException in TransactionTrackerOperations.get_CM_parcels()
2018-12-11 12:34:52,439 INFO: NoSuchElementException in TransactionTrackerOperations.get_CM_parcels()
2018-12-11 12:34:57,407 INFO: NoSuchElementException in TransactionTrackerOperations.get_CM_parcels()
2018-12-11 12:35:02,053 INFO: NoSuchElementException in TransactionTrackerOperations.get_CM_parcels()
2018-12-11 12:35:06,659 INFO: NoSuchElementException in TransactionTrackerOperations.get_CM_parcels()
2018-12-11 12:35:11,683 INFO: NoSuchElementException in TransactionTrackerOperations.get_CM_parcels()
2018-12-11 12:35:17,225 INFO: NoSuchElementException in TransactionTrackerOperations.get_CM_parcels()
2018-12-11 12:35:22,614 INFO: NoSuchElementException in TransactionTrackerOperations.get_CM_parcels()
2018-12-11 12:35:25,860 INFO: NoSuchElementException in TransactionTrackerOperations.get_CM_parcels()
2018-12-11 12:35:34,525 INFO: Executing TransactionTrackerOperations.search_process_for_CMPDM() for: Performance Health|McKesson FIRELANDS REGIONAL MEDICAL CENTER|810
2018-12-11 12:35:35,117 INFO: Executing TransactionTrackerOperations.select_customer()
2018-12-11 12:35:42,322 INFO: Executing TransactionTrackerOperations.select_customer()
2018-12-11 12:35:54,054 INFO: Executing TransactionTrackerOperations.get_CM_parcels()
2018-12-11 12:36:01,432 INFO: Executing TransactionTrackerOperations.search_process_for_CMPDM() for: Performance Health|McKesson FIRSTHEALTH CAROLINAS|810
2018-12-11 12:36:02,457 INFO: Executing TransactionTrackerOperations.select_customer()
2018-12-11 12:36:09,349 INFO: Executing TransactionTrackerOperations.select_customer()
2018-12-11 12:36:23,092 INFO: Executing TransactionTrackerOperations.get_CM_parcels()
2018-12-11 12:36:30,076 INFO: Executing TransactionTrackerOperations.search_process_for_CMPDM() for: Performance Health|McKesson FRANCISCAN ALLIANCE INC|810
2018-12-11 12:36:31,058 INFO: Executing TransactionTrackerOperations.select_customer()
2018-12-11 12:36:38,441 INFO: Executing TransactionTrackerOperations.select_customer()
2018-12-11 12:36:50,955 INFO: Executing TransactionTrackerOperations.get_CM_parcels()
2018-12-11 12:36:54,499 INFO: NoSuchElementException in TransactionTrackerOperations.get_CM_parcels()
2018-12-11 12:37:00,507 INFO: NoSuchElementException in TransactionTrackerOperations.get_CM_parcels()
2018-12-11 12:37:05,252 INFO: NoSuchElementException in TransactionTrackerOperations.get_CM_parcels()
2018-12-11 12:37:09,916 INFO: NoSuchElementException in TransactionTrackerOperations.get_CM_parcels()
2018-12-11 12:37:14,491 INFO: NoSuchElementException in TransactionTrackerOperations.get_CM_parcels()
2018-12-11 12:37:19,116 INFO: NoSuchElementException in TransactionTrackerOperations.get_CM_parcels()
2018-12-11 12:37:23,889 INFO: NoSuchElementException in TransactionTrackerOperations.get_CM_parcels()
2018-12-11 12:37:29,337 INFO: NoSuchElementException in TransactionTrackerOperations.get_CM_parcels()
2018-12-11 12:37:34,409 INFO: NoSuchElementException in TransactionTrackerOperations.get_CM_parcels()
2018-12-11 12:37:39,766 INFO: NoSuchElementException in TransactionTrackerOperations.get_CM_parcels()
2018-12-11 12:37:44,883 INFO: NoSuchElementException in TransactionTrackerOperations.get_CM_parcels()
2018-12-11 12:37:50,523 INFO: NoSuchElementException in TransactionTrackerOperations.get_CM_parcels()
2018-12-11 12:37:56,105 INFO: NoSuchElementException in TransactionTrackerOperations.get_CM_parcels()
2018-12-11 12:38:01,109 INFO: NoSuchElementException in TransactionTrackerOperations.get_CM_parcels()
2018-12-11 12:38:11,771 INFO: Executing TransactionTrackerOperations.search_process_for_CMPDM() for: Performance Health|McKesson GOOD SHEPHERD REHAB NETWORK|810
2018-12-11 12:38:13,012 INFO: Executing TransactionTrackerOperations.select_customer()
2018-12-11 12:38:19,977 INFO: Executing TransactionTrackerOperations.select_customer()
2018-12-11 12:38:32,105 INFO: Executing TransactionTrackerOperations.get_CM_parcels()
2018-12-11 12:38:35,179 INFO: NoSuchElementException in TransactionTrackerOperations.get_CM_parcels()
2018-12-11 12:38:40,037 INFO: NoSuchElementException in TransactionTrackerOperations.get_CM_parcels()
2018-12-11 12:38:44,574 INFO: NoSuchElementException in TransactionTrackerOperations.get_CM_parcels()
2018-12-11 12:38:49,019 INFO: NoSuchElementException in TransactionTrackerOperations.get_CM_parcels()
2018-12-11 12:38:53,544 INFO: NoSuchElementException in TransactionTrackerOperations.get_CM_parcels()
2018-12-11 12:38:57,989 INFO: NoSuchElementException in TransactionTrackerOperations.get_CM_parcels()
2018-12-11 12:39:03,311 INFO: NoSuchElementException in TransactionTrackerOperations.get_CM_parcels()
2018-12-11 12:39:08,198 INFO: NoSuchElementException in TransactionTrackerOperations.get_CM_parcels()
2018-12-11 12:39:13,855 INFO: NoSuchElementException in TransactionTrackerOperations.get_CM_parcels()
2018-12-11 12:39:18,693 INFO: NoSuchElementException in TransactionTrackerOperations.get_CM_parcels()
2018-12-11 12:39:23,675 INFO: NoSuchElementException in TransactionTrackerOperations.get_CM_parcels()
2018-12-11 12:39:28,258 INFO: NoSuchElementException in TransactionTrackerOperations.get_CM_parcels()
2018-12-11 12:39:33,274 INFO: NoSuchElementException in TransactionTrackerOperations.get_CM_parcels()
2018-12-11 12:39:43,008 INFO: Executing TransactionTrackerOperations.search_process_for_CMPDM() for: Performance Health|McKesson HALIFAX REGIONAL HOSPITAL|810
2018-12-11 12:39:43,158 INFO: Executing TransactionTrackerOperations.select_customer()
2018-12-11 12:39:49,956 INFO: Executing TransactionTrackerOperations.select_customer()
2018-12-11 12:40:01,728 INFO: Executing TransactionTrackerOperations.get_CM_parcels()
2018-12-11 12:40:07,490 INFO: Executing TransactionTrackerOperations.search_process_for_CMPDM() for: Performance Health|McKesson HATTISBURG CLINIC|810
2018-12-11 12:40:07,949 INFO: Executing TransactionTrackerOperations.select_customer()
2018-12-11 12:40:14,795 INFO: Executing TransactionTrackerOperations.select_customer()
2018-12-11 12:40:26,060 INFO: Executing TransactionTrackerOperations.get_CM_parcels()
2018-12-11 12:40:32,837 INFO: Executing TransactionTrackerOperations.search_process_for_CMPDM() for: Performance Health|McKesson IL BONE AND JOINT|810
2018-12-11 12:40:32,856 INFO: Executing TransactionTrackerOperations.select_customer()
2018-12-11 12:40:39,666 INFO: Executing TransactionTrackerOperations.select_customer()
2018-12-11 12:40:50,997 INFO: Executing TransactionTrackerOperations.get_CM_parcels()
2018-12-11 12:40:58,358 INFO: Executing TransactionTrackerOperations.search_process_for_CMPDM() for: Performance Health|McKesson LAKE CHARLES MEMORIAL HOSPITAL|810
2018-12-11 12:40:58,371 INFO: Executing TransactionTrackerOperations.select_customer()
2018-12-11 12:42:40,669 ERROR: Error in CMProductionDataMonitoring.TaskFilter()
2018-12-11 12:42:46,563 INFO: Executing TransactionTrackerOperations.search_process_for_CMPDM() for: Performance Health|McKesson LAWRENCE MEMORIAL HOSPITAL|810
2018-12-11 12:42:46,582 INFO: Executing TransactionTrackerOperations.select_customer()
2018-12-11 12:42:53,421 INFO: Executing TransactionTrackerOperations.select_customer()
2018-12-11 12:43:05,826 INFO: Executing TransactionTrackerOperations.get_CM_parcels()
2018-12-11 12:43:08,747 INFO: NoSuchElementException in TransactionTrackerOperations.get_CM_parcels()
2018-12-11 12:43:13,404 INFO: NoSuchElementException in TransactionTrackerOperations.get_CM_parcels()
2018-12-11 12:43:18,217 INFO: NoSuchElementException in TransactionTrackerOperations.get_CM_parcels()
2018-12-11 12:43:22,902 INFO: NoSuchElementException in TransactionTrackerOperations.get_CM_parcels()
2018-12-11 12:43:26,487 INFO: NoSuchElementException in TransactionTrackerOperations.get_CM_parcels()
2018-12-11 12:43:35,209 INFO: Executing TransactionTrackerOperations.search_process_for_CMPDM() for: Performance Health|McKesson LEESBURG REGIONAL|810
2018-12-11 12:43:35,519 INFO: Executing TransactionTrackerOperations.select_customer()
2018-12-11 12:43:42,406 INFO: Executing TransactionTrackerOperations.select_customer()
2018-12-11 12:43:53,694 INFO: Executing TransactionTrackerOperations.get_CM_parcels()
2018-12-11 12:43:54,495 INFO: NoSuchElementException in TransactionTrackerOperations.get_CM_parcels()
2018-12-11 12:44:03,293 INFO: Executing TransactionTrackerOperations.search_process_for_CMPDM() for: Performance Health|McKesson LOMA LINDA UNIVERSITY MEDICAL CENTER|810
2018-12-11 12:44:03,398 INFO: Executing TransactionTrackerOperations.select_customer()
2018-12-11 12:44:10,219 INFO: Executing TransactionTrackerOperations.select_customer()
2018-12-11 12:44:21,931 INFO: Executing TransactionTrackerOperations.get_CM_parcels()
2018-12-11 12:44:22,219 INFO: NoSuchElementException in TransactionTrackerOperations.get_CM_parcels()
2018-12-11 12:44:30,696 INFO: Executing TransactionTrackerOperations.search_process_for_CMPDM() for: Performance Health|McKesson MCG HEALTH INC|810
2018-12-11 12:44:30,715 INFO: Executing TransactionTrackerOperations.select_customer()
2018-12-11 12:44:37,628 INFO: Executing TransactionTrackerOperations.select_customer()
2018-12-11 12:44:48,814 INFO: Executing TransactionTrackerOperations.get_CM_parcels()
2018-12-11 12:44:51,619 INFO: NoSuchElementException in TransactionTrackerOperations.get_CM_parcels()
2018-12-11 12:44:56,179 INFO: NoSuchElementException in TransactionTrackerOperations.get_CM_parcels()
2018-12-11 12:45:00,868 INFO: NoSuchElementException in TransactionTrackerOperations.get_CM_parcels()
2018-12-11 12:45:05,428 INFO: NoSuchElementException in TransactionTrackerOperations.get_CM_parcels()
2018-12-11 12:45:08,034 INFO: NoSuchElementException in TransactionTrackerOperations.get_CM_parcels()
2018-12-11 12:45:15,603 INFO: Executing TransactionTrackerOperations.search_process_for_CMPDM() for: Performance Health|McKesson NCH HEALTHCARE|810
2018-12-11 12:45:15,638 INFO: Executing TransactionTrackerOperations.select_customer()
2018-12-11 12:45:22,550 INFO: Executing TransactionTrackerOperations.select_customer()
2018-12-11 12:45:34,247 INFO: Executing TransactionTrackerOperations.get_CM_parcels()
2018-12-11 12:45:36,922 INFO: NoSuchElementException in TransactionTrackerOperations.get_CM_parcels()
2018-12-11 12:45:41,467 INFO: NoSuchElementException in TransactionTrackerOperations.get_CM_parcels()
2018-12-11 12:45:46,129 INFO: NoSuchElementException in TransactionTrackerOperations.get_CM_parcels()
2018-12-11 12:45:50,697 INFO: NoSuchElementException in TransactionTrackerOperations.get_CM_parcels()
2018-12-11 12:45:55,217 INFO: NoSuchElementException in TransactionTrackerOperations.get_CM_parcels()
2018-12-11 12:45:59,647 INFO: NoSuchElementException in TransactionTrackerOperations.get_CM_parcels()
2018-12-11 12:46:02,042 INFO: NoSuchElementException in TransactionTrackerOperations.get_CM_parcels()
2018-12-11 12:46:11,043 INFO: Executing TransactionTrackerOperations.search_process_for_CMPDM() for: Performance Health|McKesson SACRED HEART HOSPITAL|810
2018-12-11 12:46:11,452 INFO: Executing TransactionTrackerOperations.select_customer()
2018-12-11 12:46:18,323 INFO: Executing TransactionTrackerOperations.select_customer()
2018-12-11 12:46:30,022 INFO: Executing TransactionTrackerOperations.get_CM_parcels()
2018-12-11 12:46:37,279 INFO: Executing TransactionTrackerOperations.search_process_for_CMPDM() for: Performance Health|McKesson SAINT FRANCES MEDICAL CENTER|810
2018-12-11 12:46:37,300 INFO: Executing TransactionTrackerOperations.select_customer()
2018-12-11 12:46:44,117 INFO: Executing TransactionTrackerOperations.select_customer()
2018-12-11 12:46:55,586 INFO: Executing TransactionTrackerOperations.get_CM_parcels()
2018-12-11 12:46:58,260 INFO: NoSuchElementException in TransactionTrackerOperations.get_CM_parcels()
2018-12-11 12:47:02,798 INFO: NoSuchElementException in TransactionTrackerOperations.get_CM_parcels()
2018-12-11 12:47:07,315 INFO: NoSuchElementException in TransactionTrackerOperations.get_CM_parcels()
2018-12-11 12:47:16,726 INFO: Executing TransactionTrackerOperations.search_process_for_CMPDM() for: Performance Health|McKesson SOUTHERN NEW HAMPSHIRE MEDICAL CENTER|810
2018-12-11 12:47:16,747 INFO: Executing TransactionTrackerOperations.select_customer()
2018-12-11 12:47:23,764 INFO: Executing TransactionTrackerOperations.select_customer()
2018-12-11 12:47:37,994 INFO: Executing TransactionTrackerOperations.get_CM_parcels()
2018-12-11 12:47:41,636 INFO: NoSuchElementException in TransactionTrackerOperations.get_CM_parcels()
2018-12-11 12:47:46,580 INFO: NoSuchElementException in TransactionTrackerOperations.get_CM_parcels()
2018-12-11 12:47:52,334 INFO: NoSuchElementException in TransactionTrackerOperations.get_CM_parcels()
2018-12-11 12:47:55,639 INFO: NoSuchElementException in TransactionTrackerOperations.get_CM_parcels()
2018-12-11 12:48:05,294 INFO: Executing TransactionTrackerOperations.search_process_for_CMPDM() for: Performance Health|McKesson TIFT REGIONAL MEDICAL CENTER|810
2018-12-11 12:48:06,004 INFO: Executing TransactionTrackerOperations.select_customer()
2018-12-11 12:48:12,852 INFO: Executing TransactionTrackerOperations.select_customer()
2018-12-11 12:48:24,395 INFO: Executing TransactionTrackerOperations.get_CM_parcels()
2018-12-11 12:48:32,016 INFO: Executing TransactionTrackerOperations.search_process_for_CMPDM() for: Performance Health|McKesson TRINITY MOTHER FRANCES HOSPITAL|810
2018-12-11 12:48:33,258 INFO: Executing TransactionTrackerOperations.select_customer()
2018-12-11 12:48:41,841 INFO: Executing TransactionTrackerOperations.select_customer()
2018-12-11 12:48:55,221 INFO: Executing TransactionTrackerOperations.get_CM_parcels()
2018-12-11 12:48:58,590 INFO: NoSuchElementException in TransactionTrackerOperations.get_CM_parcels()
2018-12-11 12:49:03,649 INFO: NoSuchElementException in TransactionTrackerOperations.get_CM_parcels()
2018-12-11 12:49:08,548 INFO: NoSuchElementException in TransactionTrackerOperations.get_CM_parcels()
2018-12-11 12:49:13,297 INFO: NoSuchElementException in TransactionTrackerOperations.get_CM_parcels()
2018-12-11 12:49:18,734 INFO: NoSuchElementException in TransactionTrackerOperations.get_CM_parcels()
2018-12-11 12:49:23,663 INFO: NoSuchElementException in TransactionTrackerOperations.get_CM_parcels()
2018-12-11 12:49:26,138 INFO: NoSuchElementException in TransactionTrackerOperations.get_CM_parcels()
2018-12-11 12:49:34,080 INFO: Executing TransactionTrackerOperations.search_process_for_CMPDM() for: Performance Health|McKesson Truman Medical Center|810
2018-12-11 12:49:34,438 INFO: Executing TransactionTrackerOperations.select_customer()
2018-12-11 12:49:41,279 INFO: Executing TransactionTrackerOperations.select_customer()
2018-12-11 12:49:52,951 INFO: Executing TransactionTrackerOperations.get_CM_parcels()
2018-12-11 12:49:59,413 INFO: Executing TransactionTrackerOperations.search_process_for_CMPDM() for: Performance Health|McKesson UNITED HOSPITAL SYSTEM INC|810
2018-12-11 12:49:59,937 INFO: Executing TransactionTrackerOperations.select_customer()
2018-12-11 12:50:06,814 INFO: Executing TransactionTrackerOperations.select_customer()
2018-12-11 12:50:18,390 INFO: Executing TransactionTrackerOperations.get_CM_parcels()
2018-12-11 12:50:21,160 INFO: NoSuchElementException in TransactionTrackerOperations.get_CM_parcels()
2018-12-11 12:50:25,670 INFO: NoSuchElementException in TransactionTrackerOperations.get_CM_parcels()
2018-12-11 12:50:29,230 INFO: NoSuchElementException in TransactionTrackerOperations.get_CM_parcels()
2018-12-11 12:50:36,269 INFO: Executing TransactionTrackerOperations.search_process_for_CMPDM() for: Performance Health|McKesson VAIL VALLEY MEDICAL CENTER|810
2018-12-11 12:50:36,535 INFO: Executing TransactionTrackerOperations.select_customer()
2018-12-11 12:50:43,424 INFO: Executing TransactionTrackerOperations.select_customer()
2018-12-11 12:50:54,947 INFO: Executing TransactionTrackerOperations.get_CM_parcels()
2018-12-11 12:50:58,092 INFO: NoSuchElementException in TransactionTrackerOperations.get_CM_parcels()
2018-12-11 12:51:02,698 INFO: NoSuchElementException in TransactionTrackerOperations.get_CM_parcels()
2018-12-11 12:51:07,279 INFO: NoSuchElementException in TransactionTrackerOperations.get_CM_parcels()
2018-12-11 12:51:12,272 INFO: NoSuchElementException in TransactionTrackerOperations.get_CM_parcels()
2018-12-11 12:51:17,132 INFO: NoSuchElementException in TransactionTrackerOperations.get_CM_parcels()
2018-12-11 12:51:22,184 INFO: NoSuchElementException in TransactionTrackerOperations.get_CM_parcels()
2018-12-11 12:51:26,949 INFO: NoSuchElementException in TransactionTrackerOperations.get_CM_parcels()
2018-12-11 12:51:31,799 INFO: NoSuchElementException in TransactionTrackerOperations.get_CM_parcels()
2018-12-11 12:51:36,558 INFO: NoSuchElementException in TransactionTrackerOperations.get_CM_parcels()
2018-12-11 12:51:41,595 INFO: NoSuchElementException in TransactionTrackerOperations.get_CM_parcels()
2018-12-11 12:51:46,355 INFO: NoSuchElementException in TransactionTrackerOperations.get_CM_parcels()
2018-12-11 12:51:51,513 INFO: NoSuchElementException in TransactionTrackerOperations.get_CM_parcels()
2018-12-11 12:51:56,592 INFO: NoSuchElementException in TransactionTrackerOperations.get_CM_parcels()
2018-12-11 12:52:01,586 INFO: NoSuchElementException in TransactionTrackerOperations.get_CM_parcels()
2018-12-11 12:52:06,442 INFO: NoSuchElementException in TransactionTrackerOperations.get_CM_parcels()
2018-12-11 12:52:09,864 INFO: NoSuchElementException in TransactionTrackerOperations.get_CM_parcels()
2018-12-11 12:52:17,674 INFO: Executing TransactionTrackerOperations.search_process_for_CMPDM() for: Performance Health|McKesson WHEATON FRANCISCAN HEALTHCARE|810
2018-12-11 12:52:17,860 INFO: Executing TransactionTrackerOperations.select_customer()
2018-12-11 12:52:24,653 INFO: Executing TransactionTrackerOperations.select_customer()
2018-12-11 12:52:36,257 INFO: Executing TransactionTrackerOperations.get_CM_parcels()
2018-12-11 12:52:42,496 INFO: Executing TransactionTrackerOperations.search_process_for_CMPDM() for: Performance Health|MFA DSSI|810
2018-12-11 12:52:42,782 INFO: Executing TransactionTrackerOperations.select_customer()
2018-12-11 12:52:49,882 INFO: Executing TransactionTrackerOperations.select_customer()
2018-12-11 12:53:00,825 INFO: Executing TransactionTrackerOperations.get_CM_parcels()
2018-12-11 12:53:06,426 INFO: Executing TransactionTrackerOperations.search_process_for_CMPDM() for: Performance Health|MIDWEST GERIATRIC DSSI|810
2018-12-11 12:53:07,564 INFO: Executing TransactionTrackerOperations.select_customer()
2018-12-11 12:53:14,532 INFO: Executing TransactionTrackerOperations.select_customer()
2018-12-11 12:53:26,142 INFO: Executing TransactionTrackerOperations.get_CM_parcels()
2018-12-11 12:53:26,458 INFO: NoSuchElementException in TransactionTrackerOperations.get_CM_parcels()
2018-12-11 12:53:34,201 INFO: Executing TransactionTrackerOperations.search_process_for_CMPDM() for: Performance Health|MIDWEST HEALTH DSSI|810
2018-12-11 12:53:34,509 INFO: Executing TransactionTrackerOperations.select_customer()
2018-12-11 12:53:41,901 INFO: Executing TransactionTrackerOperations.select_customer()
2018-12-11 12:53:53,504 INFO: Executing TransactionTrackerOperations.get_CM_parcels()
2018-12-11 12:53:56,429 INFO: NoSuchElementException in TransactionTrackerOperations.get_CM_parcels()
2018-12-11 12:54:01,544 INFO: NoSuchElementException in TransactionTrackerOperations.get_CM_parcels()
2018-12-11 12:54:05,598 INFO: NoSuchElementException in TransactionTrackerOperations.get_CM_parcels()
2018-12-11 12:54:13,576 INFO: Executing TransactionTrackerOperations.search_process_for_CMPDM() for: Performance Health|MISSION HEALTH DSSI|810
2018-12-11 12:54:13,787 INFO: Executing TransactionTrackerOperations.select_customer()
2018-12-11 12:54:20,795 INFO: Executing TransactionTrackerOperations.select_customer()
2018-12-11 12:54:32,025 INFO: Executing TransactionTrackerOperations.get_CM_parcels()
2018-12-11 12:54:34,785 INFO: NoSuchElementException in TransactionTrackerOperations.get_CM_parcels()
2018-12-11 12:54:39,304 INFO: NoSuchElementException in TransactionTrackerOperations.get_CM_parcels()
2018-12-11 12:54:43,722 INFO: NoSuchElementException in TransactionTrackerOperations.get_CM_parcels()
2018-12-11 12:54:48,270 INFO: NoSuchElementException in TransactionTrackerOperations.get_CM_parcels()
2018-12-11 12:54:52,874 INFO: NoSuchElementException in TransactionTrackerOperations.get_CM_parcels()
2018-12-11 12:54:57,632 INFO: NoSuchElementException in TransactionTrackerOperations.get_CM_parcels()
2018-12-11 12:55:02,012 INFO: NoSuchElementException in TransactionTrackerOperations.get_CM_parcels()
2018-12-11 12:55:09,341 INFO: Executing TransactionTrackerOperations.search_process_for_CMPDM() for: Performance Health|NEXION DSSI|810
2018-12-11 12:55:09,372 INFO: Executing TransactionTrackerOperations.select_customer()
2018-12-11 12:55:16,312 INFO: Executing TransactionTrackerOperations.select_customer()
2018-12-11 12:55:27,846 INFO: Executing TransactionTrackerOperations.get_CM_parcels()
2018-12-11 12:55:31,045 INFO: NoSuchElementException in TransactionTrackerOperations.get_CM_parcels()
2018-12-11 12:55:35,701 INFO: NoSuchElementException in TransactionTrackerOperations.get_CM_parcels()
2018-12-11 12:55:40,207 INFO: NoSuchElementException in TransactionTrackerOperations.get_CM_parcels()
2018-12-11 12:55:44,857 INFO: NoSuchElementException in TransactionTrackerOperations.get_CM_parcels()
2018-12-11 12:55:49,356 INFO: NoSuchElementException in TransactionTrackerOperations.get_CM_parcels()
2018-12-11 12:55:53,859 INFO: NoSuchElementException in TransactionTrackerOperations.get_CM_parcels()
2018-12-11 12:55:58,544 INFO: NoSuchElementException in TransactionTrackerOperations.get_CM_parcels()
2018-12-11 12:56:02,660 INFO: NoSuchElementException in TransactionTrackerOperations.get_CM_parcels()
2018-12-11 12:56:08,807 INFO: Executing TransactionTrackerOperations.search_process_for_CMPDM() for: Performance Health|NOLAND HEALTH SERVICES DSSI|810
2018-12-11 12:56:09,737 INFO: Executing TransactionTrackerOperations.select_customer()
2018-12-11 12:56:16,656 INFO: Executing TransactionTrackerOperations.select_customer()
2018-12-11 12:56:28,274 INFO: Executing TransactionTrackerOperations.get_CM_parcels()
2018-12-11 12:56:31,143 INFO: NoSuchElementException in TransactionTrackerOperations.get_CM_parcels()
2018-12-11 12:56:35,684 INFO: NoSuchElementException in TransactionTrackerOperations.get_CM_parcels()
2018-12-11 12:56:40,187 INFO: NoSuchElementException in TransactionTrackerOperations.get_CM_parcels()
2018-12-11 12:56:44,861 INFO: NoSuchElementException in TransactionTrackerOperations.get_CM_parcels()
2018-12-11 12:56:47,709 INFO: NoSuchElementException in TransactionTrackerOperations.get_CM_parcels()
2018-12-11 12:56:55,283 INFO: Executing TransactionTrackerOperations.search_process_for_CMPDM() for: Performance Health|NORTHPORT DSSI|810
2018-12-11 12:56:55,300 INFO: Executing TransactionTrackerOperations.select_customer()
2018-12-11 12:57:02,181 INFO: Executing TransactionTrackerOperations.select_customer()
2018-12-11 12:57:13,421 INFO: Executing TransactionTrackerOperations.get_CM_parcels()
2018-12-11 12:57:19,738 INFO: Executing TransactionTrackerOperations.search_process_for_CMPDM() for: Performance Health|NUVISION DSSI|810
2018-12-11 12:57:19,752 INFO: Executing TransactionTrackerOperations.select_customer()
2018-12-11 12:57:26,643 INFO: Executing TransactionTrackerOperations.select_customer()
2018-12-11 12:57:37,863 INFO: Executing TransactionTrackerOperations.get_CM_parcels()
2018-12-11 12:57:40,629 INFO: NoSuchElementException in TransactionTrackerOperations.get_CM_parcels()
2018-12-11 12:57:45,236 INFO: NoSuchElementException in TransactionTrackerOperations.get_CM_parcels()
2018-12-11 12:57:49,052 INFO: NoSuchElementException in TransactionTrackerOperations.get_CM_parcels()
2018-12-11 12:57:56,664 INFO: Executing TransactionTrackerOperations.search_process_for_CMPDM() for: Performance Health|ONIX GROUP DSSI|810
2018-12-11 12:57:56,683 INFO: Executing TransactionTrackerOperations.select_customer()
2018-12-11 12:58:03,505 INFO: Executing TransactionTrackerOperations.select_customer()
2018-12-11 12:58:14,791 INFO: Executing TransactionTrackerOperations.get_CM_parcels()
2018-12-11 12:58:17,565 INFO: NoSuchElementException in TransactionTrackerOperations.get_CM_parcels()
2018-12-11 12:58:22,144 INFO: NoSuchElementException in TransactionTrackerOperations.get_CM_parcels()
2018-12-11 12:58:26,926 INFO: NoSuchElementException in TransactionTrackerOperations.get_CM_parcels()
2018-12-11 12:58:31,193 INFO: NoSuchElementException in TransactionTrackerOperations.get_CM_parcels()
2018-12-11 12:58:38,106 INFO: Executing TransactionTrackerOperations.search_process_for_CMPDM() for: Performance Health|PENNMED CONSULTANTS INC DSSI|810
2018-12-11 12:58:38,679 INFO: Executing TransactionTrackerOperations.select_customer()
2018-12-11 12:58:46,108 INFO: Executing TransactionTrackerOperations.select_customer()
2018-12-11 12:58:57,928 INFO: Executing TransactionTrackerOperations.get_CM_parcels()
2018-12-11 12:59:04,229 INFO: Executing TransactionTrackerOperations.search_process_for_CMPDM() for: Performance Health|PREFERRED CARE DSSI|810
2018-12-11 12:59:04,544 INFO: Executing TransactionTrackerOperations.select_customer()
2018-12-11 12:59:11,466 INFO: Executing TransactionTrackerOperations.select_customer()
2018-12-11 12:59:23,468 INFO: Executing TransactionTrackerOperations.get_CM_parcels()
2018-12-11 12:59:28,932 INFO: Executing TransactionTrackerOperations.search_process_for_CMPDM() for: Performance Health|PRESBYTERIAN HOMES AND SERVICES DSSI|810
2018-12-11 12:59:29,677 INFO: Executing TransactionTrackerOperations.select_customer()
2018-12-11 12:59:36,480 INFO: Executing TransactionTrackerOperations.select_customer()
2018-12-11 12:59:48,529 INFO: Executing TransactionTrackerOperations.get_CM_parcels()
2018-12-11 12:59:51,209 INFO: NoSuchElementException in TransactionTrackerOperations.get_CM_parcels()
2018-12-11 12:59:55,832 INFO: NoSuchElementException in TransactionTrackerOperations.get_CM_parcels()
2018-12-11 13:00:00,582 INFO: NoSuchElementException in TransactionTrackerOperations.get_CM_parcels()
2018-12-11 13:00:05,660 INFO: NoSuchElementException in TransactionTrackerOperations.get_CM_parcels()
2018-12-11 13:00:10,417 INFO: NoSuchElementException in TransactionTrackerOperations.get_CM_parcels()
2018-12-11 13:00:14,481 INFO: NoSuchElementException in TransactionTrackerOperations.get_CM_parcels()
2018-12-11 13:00:21,051 INFO: Executing TransactionTrackerOperations.search_process_for_CMPDM() for: Performance Health|PRESBYTERIAN SENIOR LIVING DSSI|810
2018-12-11 13:00:21,650 INFO: Executing TransactionTrackerOperations.select_customer()
2018-12-11 13:00:28,509 INFO: Executing TransactionTrackerOperations.select_customer()
2018-12-11 13:00:40,144 INFO: Executing TransactionTrackerOperations.get_CM_parcels()
2018-12-11 13:00:43,196 INFO: NoSuchElementException in TransactionTrackerOperations.get_CM_parcels()
2018-12-11 13:00:48,347 INFO: NoSuchElementException in TransactionTrackerOperations.get_CM_parcels()
2018-12-11 13:00:54,365 INFO: NoSuchElementException in TransactionTrackerOperations.get_CM_parcels()
2018-12-11 13:00:57,860 INFO: NoSuchElementException in TransactionTrackerOperations.get_CM_parcels()
2018-12-11 13:01:05,171 INFO: Executing TransactionTrackerOperations.search_process_for_CMPDM() for: Performance Health|QUALITY LIFE SERVICES DSSI|810
2018-12-11 13:01:05,462 INFO: Executing TransactionTrackerOperations.select_customer()
2018-12-11 13:01:12,386 INFO: Executing TransactionTrackerOperations.select_customer()
2018-12-11 13:01:24,074 INFO: Executing TransactionTrackerOperations.get_CM_parcels()
2018-12-11 13:01:26,837 INFO: NoSuchElementException in TransactionTrackerOperations.get_CM_parcels()
2018-12-11 13:01:31,369 INFO: NoSuchElementException in TransactionTrackerOperations.get_CM_parcels()
2018-12-11 13:01:35,941 INFO: NoSuchElementException in TransactionTrackerOperations.get_CM_parcels()
2018-12-11 13:01:40,529 INFO: NoSuchElementException in TransactionTrackerOperations.get_CM_parcels()
2018-12-11 13:01:45,018 INFO: NoSuchElementException in TransactionTrackerOperations.get_CM_parcels()
2018-12-11 13:01:48,341 INFO: NoSuchElementException in TransactionTrackerOperations.get_CM_parcels()
2018-12-11 13:01:54,446 INFO: Executing TransactionTrackerOperations.search_process_for_CMPDM() for: Performance Health|Quest Healthcare Development DSSI|810
2018-12-11 13:01:55,157 INFO: Executing TransactionTrackerOperations.select_customer()
2018-12-11 13:02:02,033 INFO: Executing TransactionTrackerOperations.select_customer()
2018-12-11 13:02:13,455 INFO: Executing TransactionTrackerOperations.get_CM_parcels()
2018-12-11 13:02:19,833 INFO: Executing TransactionTrackerOperations.search_process_for_CMPDM() for: Performance Health|Regency Integrated Health Services DSSI|810
2018-12-11 13:02:19,853 INFO: Executing TransactionTrackerOperations.select_customer()
2018-12-11 13:02:26,651 INFO: Executing TransactionTrackerOperations.select_customer()
2018-12-11 13:02:38,182 INFO: Executing TransactionTrackerOperations.get_CM_parcels()
2018-12-11 13:02:43,700 INFO: Executing TransactionTrackerOperations.search_process_for_CMPDM() for: Performance Health|RENNES HEALTH DSSI|810
2018-12-11 13:02:44,368 INFO: Executing TransactionTrackerOperations.select_customer()
2018-12-11 13:02:51,176 INFO: Executing TransactionTrackerOperations.select_customer()
2018-12-11 13:03:02,590 INFO: Executing TransactionTrackerOperations.get_CM_parcels()
2018-12-11 13:03:05,612 INFO: NoSuchElementException in TransactionTrackerOperations.get_CM_parcels()
2018-12-11 13:03:10,166 INFO: NoSuchElementException in TransactionTrackerOperations.get_CM_parcels()
2018-12-11 13:03:14,604 INFO: NoSuchElementException in TransactionTrackerOperations.get_CM_parcels()
2018-12-11 13:03:19,182 INFO: NoSuchElementException in TransactionTrackerOperations.get_CM_parcels()
2018-12-11 13:03:22,974 INFO: NoSuchElementException in TransactionTrackerOperations.get_CM_parcels()
2018-12-11 13:03:30,317 INFO: Executing TransactionTrackerOperations.search_process_for_CMPDM() for: Performance Health|SABER HEALTHCARE DSSI|810
2018-12-11 13:03:30,336 INFO: Executing TransactionTrackerOperations.select_customer()
2018-12-11 13:03:37,211 INFO: Executing TransactionTrackerOperations.select_customer()
2018-12-11 13:03:48,722 INFO: Executing TransactionTrackerOperations.get_CM_parcels()
2018-12-11 13:03:55,307 INFO: Executing TransactionTrackerOperations.search_process_for_CMPDM() for: Performance Health|SPRENGER HEALTHCARE DSSI|810
2018-12-11 13:03:55,325 INFO: Executing TransactionTrackerOperations.select_customer()
2018-12-11 13:04:02,712 INFO: Executing TransactionTrackerOperations.select_customer()
2018-12-11 13:04:14,235 INFO: Executing TransactionTrackerOperations.get_CM_parcels()
2018-12-11 13:04:17,016 INFO: NoSuchElementException in TransactionTrackerOperations.get_CM_parcels()
2018-12-11 13:04:21,774 INFO: NoSuchElementException in TransactionTrackerOperations.get_CM_parcels()
2018-12-11 13:04:26,406 INFO: NoSuchElementException in TransactionTrackerOperations.get_CM_parcels()
2018-12-11 13:04:31,003 INFO: NoSuchElementException in TransactionTrackerOperations.get_CM_parcels()
2018-12-11 13:04:35,470 INFO: NoSuchElementException in TransactionTrackerOperations.get_CM_parcels()
2018-12-11 13:04:40,207 INFO: NoSuchElementException in TransactionTrackerOperations.get_CM_parcels()
2018-12-11 13:04:44,664 INFO: NoSuchElementException in TransactionTrackerOperations.get_CM_parcels()
2018-12-11 13:04:49,517 INFO: NoSuchElementException in TransactionTrackerOperations.get_CM_parcels()
2018-12-11 13:04:54,151 INFO: NoSuchElementException in TransactionTrackerOperations.get_CM_parcels()
2018-12-11 13:04:58,705 INFO: NoSuchElementException in TransactionTrackerOperations.get_CM_parcels()
2018-12-11 13:05:02,567 INFO: NoSuchElementException in TransactionTrackerOperations.get_CM_parcels()
2018-12-11 13:05:10,782 INFO: Executing TransactionTrackerOperations.search_process_for_CMPDM() for: Performance Health|SPRINGPOINT DSSI|810
2018-12-11 13:05:10,809 INFO: Executing TransactionTrackerOperations.select_customer()
2018-12-11 13:05:17,657 INFO: Executing TransactionTrackerOperations.select_customer()
2018-12-11 13:05:28,923 INFO: Executing TransactionTrackerOperations.get_CM_parcels()
2018-12-11 13:05:31,670 INFO: NoSuchElementException in TransactionTrackerOperations.get_CM_parcels()
2018-12-11 13:05:36,266 INFO: NoSuchElementException in TransactionTrackerOperations.get_CM_parcels()
2018-12-11 13:05:40,669 INFO: NoSuchElementException in TransactionTrackerOperations.get_CM_parcels()
2018-12-11 13:05:44,858 INFO: NoSuchElementException in TransactionTrackerOperations.get_CM_parcels()
2018-12-11 13:05:51,450 INFO: Executing TransactionTrackerOperations.search_process_for_CMPDM() for: Performance Health|STONERISE MEDICAL DSSI|810
2018-12-11 13:05:52,064 INFO: Executing TransactionTrackerOperations.select_customer()
2018-12-11 13:05:58,927 INFO: Executing TransactionTrackerOperations.select_customer()
2018-12-11 13:06:10,328 INFO: Executing TransactionTrackerOperations.get_CM_parcels()
2018-12-11 13:06:16,131 INFO: Executing TransactionTrackerOperations.search_process_for_CMPDM() for: Performance Health|TAMARAC ADMINISTRACTIVE SERVICES DSSI|810
2018-12-11 13:06:16,766 INFO: Executing TransactionTrackerOperations.select_customer()
2018-12-11 13:06:23,577 INFO: Executing TransactionTrackerOperations.select_customer()
2018-12-11 13:06:35,455 INFO: Executing TransactionTrackerOperations.get_CM_parcels()
2018-12-11 13:06:42,342 INFO: Executing TransactionTrackerOperations.search_process_for_CMPDM() for: Performance Health|TANDEM HEALTHCARE DSSI|810
2018-12-11 13:06:42,366 INFO: Executing TransactionTrackerOperations.select_customer()
2018-12-11 13:06:49,170 INFO: Executing TransactionTrackerOperations.select_customer()
2018-12-11 13:07:00,593 INFO: Executing TransactionTrackerOperations.get_CM_parcels()
2018-12-11 13:07:07,351 INFO: Executing TransactionTrackerOperations.search_process_for_CMPDM() for: Performance Health|TARA CARES LLC DSSI|810
2018-12-11 13:07:07,370 INFO: Executing TransactionTrackerOperations.select_customer()
2018-12-11 13:07:14,172 INFO: Executing TransactionTrackerOperations.select_customer()
2018-12-11 13:07:25,481 INFO: Executing TransactionTrackerOperations.get_CM_parcels()
2018-12-11 13:07:32,431 INFO: Executing TransactionTrackerOperations.search_process_for_CMPDM() for: Performance Health|TEALWOOD TWN DSSI|810
2018-12-11 13:07:32,449 INFO: Executing TransactionTrackerOperations.select_customer()
2018-12-11 13:07:39,262 INFO: Executing TransactionTrackerOperations.select_customer()
2018-12-11 13:07:50,645 INFO: Executing TransactionTrackerOperations.get_CM_parcels()
2018-12-11 13:07:53,434 INFO: NoSuchElementException in TransactionTrackerOperations.get_CM_parcels()
2018-12-11 13:07:57,936 INFO: NoSuchElementException in TransactionTrackerOperations.get_CM_parcels()
2018-12-11 13:08:02,441 INFO: NoSuchElementException in TransactionTrackerOperations.get_CM_parcels()
2018-12-11 13:08:07,056 INFO: NoSuchElementException in TransactionTrackerOperations.get_CM_parcels()
2018-12-11 13:08:11,547 INFO: NoSuchElementException in TransactionTrackerOperations.get_CM_parcels()
2018-12-11 13:08:16,300 INFO: NoSuchElementException in TransactionTrackerOperations.get_CM_parcels()
2018-12-11 13:08:21,053 INFO: NoSuchElementException in TransactionTrackerOperations.get_CM_parcels()
2018-12-11 13:08:25,588 INFO: NoSuchElementException in TransactionTrackerOperations.get_CM_parcels()
2018-12-11 13:08:30,115 INFO: NoSuchElementException in TransactionTrackerOperations.get_CM_parcels()
2018-12-11 13:08:34,662 INFO: NoSuchElementException in TransactionTrackerOperations.get_CM_parcels()
2018-12-11 13:08:44,752 INFO: Executing TransactionTrackerOperations.search_process_for_CMPDM() for: Performance Health|TRANS HEALTH CARE DSSI|810
2018-12-11 13:08:45,284 INFO: Executing TransactionTrackerOperations.select_customer()
2018-12-11 13:08:52,197 INFO: Executing TransactionTrackerOperations.select_customer()
2018-12-11 13:09:03,843 INFO: Executing TransactionTrackerOperations.get_CM_parcels()
2018-12-11 13:09:10,819 INFO: Executing TransactionTrackerOperations.search_process_for_CMPDM() for: Performance Health|UNITED MEDICAL DSSI|810
2018-12-11 13:09:11,168 INFO: Executing TransactionTrackerOperations.select_customer()
2018-12-11 13:09:17,983 INFO: Executing TransactionTrackerOperations.select_customer()
2018-12-11 13:09:29,367 INFO: Executing TransactionTrackerOperations.get_CM_parcels()
2018-12-11 13:09:35,027 INFO: Executing TransactionTrackerOperations.search_process_for_CMPDM() for: Performance Health|WILMAC DSSI|810
2018-12-11 13:09:35,884 INFO: Executing TransactionTrackerOperations.select_customer()
2018-12-11 13:09:42,705 INFO: Executing TransactionTrackerOperations.select_customer()
2018-12-11 13:09:53,667 INFO: Executing TransactionTrackerOperations.get_CM_parcels()
2018-12-11 13:09:56,409 INFO: NoSuchElementException in TransactionTrackerOperations.get_CM_parcels()
2018-12-11 13:10:00,946 INFO: NoSuchElementException in TransactionTrackerOperations.get_CM_parcels()
2018-12-11 13:10:05,364 INFO: NoSuchElementException in TransactionTrackerOperations.get_CM_parcels()
2018-12-11 13:10:09,142 INFO: NoSuchElementException in TransactionTrackerOperations.get_CM_parcels()
2018-12-11 13:10:16,095 INFO: Executing TransactionTrackerOperations.search_process_for_CMPDM() for: Performance Health|Senior Care Centers LLC|810
2018-12-11 13:10:16,142 INFO: Executing TransactionTrackerOperations.select_customer()
2018-12-11 13:10:22,952 INFO: Executing TransactionTrackerOperations.select_customer()
2018-12-11 13:10:34,058 INFO: Executing TransactionTrackerOperations.get_CM_parcels()
2018-12-11 13:10:39,664 INFO: Executing TransactionTrackerOperations.search_process_for_CMPDM() for: Performance Health|AMERICAN SENIOR COMMUNITIES DSSI|810
2018-12-11 13:10:40,233 INFO: Executing TransactionTrackerOperations.select_customer()
2018-12-11 13:10:47,014 INFO: Executing TransactionTrackerOperations.select_customer()
2018-12-11 13:10:58,631 INFO: Executing TransactionTrackerOperations.get_CM_parcels()
2018-12-11 13:11:05,357 INFO: Executing TransactionTrackerOperations.search_process_for_CMPDM() for: Performance Health|BaneCare Management DSSI|810
2018-12-11 13:11:05,376 INFO: Executing TransactionTrackerOperations.select_customer()
2018-12-11 13:11:12,183 INFO: Executing TransactionTrackerOperations.select_customer()
2018-12-11 13:11:23,257 INFO: Executing TransactionTrackerOperations.get_CM_parcels()
2018-12-11 13:11:30,281 INFO: Executing TransactionTrackerOperations.search_process_for_CMPDM() for: Performance Health|DSSI Next Step Healthcare|810
2018-12-11 13:11:30,303 INFO: Executing TransactionTrackerOperations.select_customer()
2018-12-11 13:11:37,100 INFO: Executing TransactionTrackerOperations.select_customer()
2018-12-11 13:11:48,507 INFO: Executing TransactionTrackerOperations.get_CM_parcels()
2018-12-11 13:11:51,389 INFO: NoSuchElementException in TransactionTrackerOperations.get_CM_parcels()
2018-12-11 13:11:55,962 INFO: NoSuchElementException in TransactionTrackerOperations.get_CM_parcels()
2018-12-11 13:12:00,519 INFO: NoSuchElementException in TransactionTrackerOperations.get_CM_parcels()
2018-12-11 13:12:04,961 INFO: NoSuchElementException in TransactionTrackerOperations.get_CM_parcels()
2018-12-11 13:12:09,446 INFO: NoSuchElementException in TransactionTrackerOperations.get_CM_parcels()
2018-12-11 13:12:13,918 INFO: NoSuchElementException in TransactionTrackerOperations.get_CM_parcels()
2018-12-11 13:12:18,404 INFO: NoSuchElementException in TransactionTrackerOperations.get_CM_parcels()
2018-12-11 13:12:22,904 INFO: NoSuchElementException in TransactionTrackerOperations.get_CM_parcels()
2018-12-11 13:12:27,604 INFO: NoSuchElementException in TransactionTrackerOperations.get_CM_parcels()
2018-12-11 13:12:32,139 INFO: NoSuchElementException in TransactionTrackerOperations.get_CM_parcels()
2018-12-11 13:12:36,684 INFO: NoSuchElementException in TransactionTrackerOperations.get_CM_parcels()
2018-12-11 13:12:41,262 INFO: NoSuchElementException in TransactionTrackerOperations.get_CM_parcels()
2018-12-11 13:12:45,852 INFO: NoSuchElementException in TransactionTrackerOperations.get_CM_parcels()
2018-12-11 13:12:50,587 INFO: NoSuchElementException in TransactionTrackerOperations.get_CM_parcels()
2018-12-11 13:12:55,156 INFO: NoSuchElementException in TransactionTrackerOperations.get_CM_parcels()
2018-12-11 13:12:59,748 INFO: NoSuchElementException in TransactionTrackerOperations.get_CM_parcels()
2018-12-11 13:13:04,383 INFO: NoSuchElementException in TransactionTrackerOperations.get_CM_parcels()
2018-12-11 13:13:08,997 INFO: NoSuchElementException in TransactionTrackerOperations.get_CM_parcels()
2018-12-11 13:13:13,814 INFO: NoSuchElementException in TransactionTrackerOperations.get_CM_parcels()
2018-12-11 13:13:16,462 INFO: NoSuchElementException in TransactionTrackerOperations.get_CM_parcels()
2018-12-11 13:13:24,207 INFO: Executing TransactionTrackerOperations.search_process_for_CMPDM() for: Performance Health|Regency Pacific DSSI|810
2018-12-11 13:13:24,275 INFO: Executing TransactionTrackerOperations.select_customer()
2018-12-11 13:13:31,121 INFO: Executing TransactionTrackerOperations.select_customer()
2018-12-11 13:13:42,406 INFO: Executing TransactionTrackerOperations.get_CM_parcels()
2018-12-11 13:13:48,725 INFO: Executing TransactionTrackerOperations.search_process_for_CMPDM() for: Performance Health|ADVANTAGE HPSI DSSI|810
2018-12-11 13:13:48,744 INFO: Executing TransactionTrackerOperations.select_customer()
2018-12-11 13:13:55,538 INFO: Executing TransactionTrackerOperations.select_customer()
2018-12-11 13:14:06,857 INFO: Executing TransactionTrackerOperations.get_CM_parcels()
2018-12-11 13:14:09,588 INFO: NoSuchElementException in TransactionTrackerOperations.get_CM_parcels()
2018-12-11 13:14:14,135 INFO: NoSuchElementException in TransactionTrackerOperations.get_CM_parcels()
2018-12-11 13:14:18,675 INFO: NoSuchElementException in TransactionTrackerOperations.get_CM_parcels()
2018-12-11 13:14:21,331 INFO: NoSuchElementException in TransactionTrackerOperations.get_CM_parcels()
2018-12-11 13:14:29,012 INFO: Executing TransactionTrackerOperations.search_process_for_CMPDM() for: Performance Health|ADVANTAGE NAVIGATOR DSSI|810
2018-12-11 13:14:29,031 INFO: Executing TransactionTrackerOperations.select_customer()
2018-12-11 13:14:35,847 INFO: Executing TransactionTrackerOperations.select_customer()
2018-12-11 13:14:47,315 INFO: Executing TransactionTrackerOperations.get_CM_parcels()
2018-12-11 13:14:54,178 INFO: Executing TransactionTrackerOperations.search_process_for_CMPDM() for: Performance Health|American Health Companies|810
2018-12-11 13:14:54,202 INFO: Executing TransactionTrackerOperations.select_customer()
2018-12-11 13:15:01,002 INFO: Executing TransactionTrackerOperations.select_customer()
2018-12-11 13:15:12,275 INFO: Executing TransactionTrackerOperations.get_CM_parcels()
2018-12-11 13:15:18,457 INFO: Executing TransactionTrackerOperations.search_process_for_CMPDM() for: Performance Health|APEX|810
2018-12-11 13:15:18,477 INFO: Executing TransactionTrackerOperations.select_customer()
2018-12-11 13:15:25,295 INFO: Executing TransactionTrackerOperations.select_customer()
2018-12-11 13:15:36,213 INFO: Executing TransactionTrackerOperations.get_CM_parcels()
2018-12-11 13:15:43,146 INFO: Executing TransactionTrackerOperations.search_process_for_CMPDM() for: Performance Health|APEX HEALTHCARE FLORIDA DSSI|810
2018-12-11 13:15:43,164 INFO: Executing TransactionTrackerOperations.select_customer()
2018-12-11 13:15:49,949 INFO: Executing TransactionTrackerOperations.select_customer()
2018-12-11 13:16:01,467 INFO: Executing TransactionTrackerOperations.get_CM_parcels()
2018-12-11 13:16:04,123 INFO: NoSuchElementException in TransactionTrackerOperations.get_CM_parcels()
2018-12-11 13:16:08,660 INFO: NoSuchElementException in TransactionTrackerOperations.get_CM_parcels()
2018-12-11 13:16:13,097 INFO: NoSuchElementException in TransactionTrackerOperations.get_CM_parcels()
2018-12-11 13:16:17,591 INFO: NoSuchElementException in TransactionTrackerOperations.get_CM_parcels()
2018-12-11 13:16:22,149 INFO: NoSuchElementException in TransactionTrackerOperations.get_CM_parcels()
2018-12-11 13:16:26,706 INFO: NoSuchElementException in TransactionTrackerOperations.get_CM_parcels()
2018-12-11 13:16:31,202 INFO: NoSuchElementException in TransactionTrackerOperations.get_CM_parcels()
2018-12-11 13:16:35,873 INFO: NoSuchElementException in TransactionTrackerOperations.get_CM_parcels()
2018-12-11 13:16:40,359 INFO: NoSuchElementException in TransactionTrackerOperations.get_CM_parcels()
2018-12-11 13:16:44,909 INFO: NoSuchElementException in TransactionTrackerOperations.get_CM_parcels()
2018-12-11 13:16:49,507 INFO: NoSuchElementException in TransactionTrackerOperations.get_CM_parcels()
2018-12-11 13:16:54,049 INFO: NoSuchElementException in TransactionTrackerOperations.get_CM_parcels()
2018-12-11 13:16:58,824 INFO: NoSuchElementException in TransactionTrackerOperations.get_CM_parcels()
2018-12-11 13:17:01,692 INFO: NoSuchElementException in TransactionTrackerOperations.get_CM_parcels()
2018-12-11 13:17:08,901 INFO: Executing TransactionTrackerOperations.search_process_for_CMPDM() for: Performance Health|ATRIUM LIVING CENTERS DSSI|810
2018-12-11 13:17:09,529 INFO: Executing TransactionTrackerOperations.select_customer()
2018-12-11 13:17:16,772 INFO: Executing TransactionTrackerOperations.select_customer()
2018-12-11 13:17:28,329 INFO: Executing TransactionTrackerOperations.get_CM_parcels()
2018-12-11 13:17:31,083 INFO: NoSuchElementException in TransactionTrackerOperations.get_CM_parcels()
2018-12-11 13:17:35,604 INFO: NoSuchElementException in TransactionTrackerOperations.get_CM_parcels()
2018-12-11 13:17:40,108 INFO: NoSuchElementException in TransactionTrackerOperations.get_CM_parcels()
2018-12-11 13:17:44,664 INFO: NoSuchElementException in TransactionTrackerOperations.get_CM_parcels()
2018-12-11 13:17:49,083 INFO: NoSuchElementException in TransactionTrackerOperations.get_CM_parcels()
2018-12-11 13:17:53,585 INFO: NoSuchElementException in TransactionTrackerOperations.get_CM_parcels()
2018-12-11 13:17:58,105 INFO: NoSuchElementException in TransactionTrackerOperations.get_CM_parcels()
2018-12-11 13:18:02,623 INFO: NoSuchElementException in TransactionTrackerOperations.get_CM_parcels()
2018-12-11 13:18:07,238 INFO: NoSuchElementException in TransactionTrackerOperations.get_CM_parcels()
2018-12-11 13:18:11,709 INFO: NoSuchElementException in TransactionTrackerOperations.get_CM_parcels()
2018-12-11 13:18:16,264 INFO: NoSuchElementException in TransactionTrackerOperations.get_CM_parcels()
2018-12-11 13:18:20,603 INFO: NoSuchElementException in TransactionTrackerOperations.get_CM_parcels()
2018-12-11 13:18:28,339 INFO: Executing TransactionTrackerOperations.search_process_for_CMPDM() for: Performance Health|AXIOM DSSI|810
2018-12-11 13:18:29,100 INFO: Executing TransactionTrackerOperations.select_customer()
2018-12-11 13:18:35,902 INFO: Executing TransactionTrackerOperations.select_customer()
2018-12-11 13:18:46,967 INFO: Executing TransactionTrackerOperations.get_CM_parcels()
2018-12-11 13:18:50,165 INFO: NoSuchElementException in TransactionTrackerOperations.get_CM_parcels()
2018-12-11 13:18:53,060 INFO: NoSuchElementException in TransactionTrackerOperations.get_CM_parcels()
2018-12-11 13:19:00,151 INFO: Executing TransactionTrackerOperations.search_process_for_CMPDM() for: Performance Health|BE GROUP DSSI|810
2018-12-11 13:19:00,173 INFO: Executing TransactionTrackerOperations.select_customer()
2018-12-11 13:19:07,151 INFO: Executing TransactionTrackerOperations.select_customer()
2018-12-11 13:19:18,217 INFO: Executing TransactionTrackerOperations.get_CM_parcels()
2018-12-11 13:19:24,706 INFO: Executing TransactionTrackerOperations.search_process_for_CMPDM() for: Performance Health|BEACON HEALTH DSSI|810
2018-12-11 13:19:24,723 INFO: Executing TransactionTrackerOperations.select_customer()
2018-12-11 13:19:31,526 INFO: Executing TransactionTrackerOperations.select_customer()
2018-12-11 13:19:42,772 INFO: Executing TransactionTrackerOperations.get_CM_parcels()
2018-12-11 13:19:45,509 INFO: NoSuchElementException in TransactionTrackerOperations.get_CM_parcels()
2018-12-11 13:19:50,048 INFO: NoSuchElementException in TransactionTrackerOperations.get_CM_parcels()
2018-12-11 13:19:54,642 INFO: NoSuchElementException in TransactionTrackerOperations.get_CM_parcels()
2018-12-11 13:19:59,100 INFO: NoSuchElementException in TransactionTrackerOperations.get_CM_parcels()
2018-12-11 13:20:03,543 INFO: NoSuchElementException in TransactionTrackerOperations.get_CM_parcels()
2018-12-11 13:20:07,110 INFO: NoSuchElementException in TransactionTrackerOperations.get_CM_parcels()
2018-12-11 13:20:13,242 INFO: Executing TransactionTrackerOperations.search_process_for_CMPDM() for: Performance Health|BENEDICTINE DSSI|810
2018-12-11 13:20:13,911 INFO: Executing TransactionTrackerOperations.select_customer()
2018-12-11 13:20:20,720 INFO: Executing TransactionTrackerOperations.select_customer()
2018-12-11 13:20:31,812 INFO: Executing TransactionTrackerOperations.get_CM_parcels()
2018-12-11 13:20:38,873 INFO: Executing TransactionTrackerOperations.search_process_for_CMPDM() for: Performance Health|Bethlen Communities Home Health and Hospice|810
2018-12-11 13:20:38,893 INFO: Executing TransactionTrackerOperations.select_customer()
2018-12-11 13:20:45,683 INFO: Executing TransactionTrackerOperations.select_customer()
2018-12-11 13:20:57,081 INFO: Executing TransactionTrackerOperations.get_CM_parcels()
2018-12-11 13:20:59,868 INFO: NoSuchElementException in TransactionTrackerOperations.get_CM_parcels()
2018-12-11 13:21:02,807 INFO: NoSuchElementException in TransactionTrackerOperations.get_CM_parcels()
2018-12-11 13:21:08,889 INFO: Executing TransactionTrackerOperations.search_process_for_CMPDM() for: Performance Health|BOMBAY LANE DSSI|810
2018-12-11 13:21:09,408 INFO: Executing TransactionTrackerOperations.select_customer()
2018-12-11 13:21:16,201 INFO: Executing TransactionTrackerOperations.select_customer()
2018-12-11 13:21:27,300 INFO: Executing TransactionTrackerOperations.get_CM_parcels()
2018-12-11 13:21:29,989 INFO: NoSuchElementException in TransactionTrackerOperations.get_CM_parcels()
2018-12-11 13:21:34,498 INFO: NoSuchElementException in TransactionTrackerOperations.get_CM_parcels()
2018-12-11 13:21:38,898 INFO: NoSuchElementException in TransactionTrackerOperations.get_CM_parcels()
2018-12-11 13:21:43,391 INFO: NoSuchElementException in TransactionTrackerOperations.get_CM_parcels()
2018-12-11 13:21:47,860 INFO: NoSuchElementException in TransactionTrackerOperations.get_CM_parcels()
2018-12-11 13:21:56,966 INFO: Executing TransactionTrackerOperations.search_process_for_CMPDM() for: Performance Health|CARDON AND ASSOCIATES DSSI|810
2018-12-11 13:21:56,989 INFO: Executing TransactionTrackerOperations.select_customer()
2018-12-11 13:22:03,805 INFO: Executing TransactionTrackerOperations.select_customer()
2018-12-11 13:22:15,356 INFO: Executing TransactionTrackerOperations.get_CM_parcels()
2018-12-11 13:22:18,076 INFO: NoSuchElementException in TransactionTrackerOperations.get_CM_parcels()
2018-12-11 13:22:22,684 INFO: NoSuchElementException in TransactionTrackerOperations.get_CM_parcels()
2018-12-11 13:22:27,238 INFO: NoSuchElementException in TransactionTrackerOperations.get_CM_parcels()
2018-12-11 13:22:31,750 INFO: NoSuchElementException in TransactionTrackerOperations.get_CM_parcels()
2018-12-11 13:22:36,181 INFO: NoSuchElementException in TransactionTrackerOperations.get_CM_parcels()
2018-12-11 13:22:40,694 INFO: NoSuchElementException in TransactionTrackerOperations.get_CM_parcels()
2018-12-11 13:22:45,166 INFO: NoSuchElementException in TransactionTrackerOperations.get_CM_parcels()
2018-12-11 13:22:49,628 INFO: NoSuchElementException in TransactionTrackerOperations.get_CM_parcels()
2018-12-11 13:22:54,098 INFO: NoSuchElementException in TransactionTrackerOperations.get_CM_parcels()
2018-12-11 13:22:58,740 INFO: NoSuchElementException in TransactionTrackerOperations.get_CM_parcels()
2018-12-11 13:23:03,212 INFO: NoSuchElementException in TransactionTrackerOperations.get_CM_parcels()
2018-12-11 13:23:07,828 INFO: NoSuchElementException in TransactionTrackerOperations.get_CM_parcels()
2018-12-11 13:23:12,377 INFO: NoSuchElementException in TransactionTrackerOperations.get_CM_parcels()
2018-12-11 13:23:16,280 INFO: NoSuchElementException in TransactionTrackerOperations.get_CM_parcels()
2018-12-11 13:23:23,096 INFO: Executing TransactionTrackerOperations.search_process_for_CMPDM() for: Performance Health|CERES PURCHASING SOLUTIONS DSSI|810
2018-12-11 13:23:23,841 INFO: Executing TransactionTrackerOperations.select_customer()
2018-12-11 13:23:30,653 INFO: Executing TransactionTrackerOperations.select_customer()
2018-12-11 13:23:42,445 INFO: Executing TransactionTrackerOperations.get_CM_parcels()
2018-12-11 13:23:48,701 INFO: Executing TransactionTrackerOperations.search_process_for_CMPDM() for: Performance Health|Chosen Healthcare DSSI|810
2018-12-11 13:23:48,930 INFO: Executing TransactionTrackerOperations.select_customer()
2018-12-11 13:23:56,018 INFO: Executing TransactionTrackerOperations.select_customer()
2018-12-11 13:24:07,497 INFO: Executing TransactionTrackerOperations.get_CM_parcels()
2018-12-11 13:24:13,930 INFO: Executing TransactionTrackerOperations.search_process_for_CMPDM() for: Performance Health|CLEAR CHOICE DSSI|810
2018-12-11 13:24:14,415 INFO: Executing TransactionTrackerOperations.select_customer()
2018-12-11 13:24:21,224 INFO: Executing TransactionTrackerOperations.select_customer()
2018-12-11 13:24:32,506 INFO: Executing TransactionTrackerOperations.get_CM_parcels()
2018-12-11 13:24:35,255 INFO: NoSuchElementException in TransactionTrackerOperations.get_CM_parcels()
2018-12-11 13:24:39,799 INFO: NoSuchElementException in TransactionTrackerOperations.get_CM_parcels()
2018-12-11 13:24:44,250 INFO: NoSuchElementException in TransactionTrackerOperations.get_CM_parcels()
2018-12-11 13:24:48,727 INFO: NoSuchElementException in TransactionTrackerOperations.get_CM_parcels()
2018-12-11 13:24:53,155 INFO: NoSuchElementException in TransactionTrackerOperations.get_CM_parcels()
2018-12-11 13:24:57,614 INFO: NoSuchElementException in TransactionTrackerOperations.get_CM_parcels()
2018-12-11 13:25:02,128 INFO: NoSuchElementException in TransactionTrackerOperations.get_CM_parcels()
2018-12-11 13:25:06,640 INFO: NoSuchElementException in TransactionTrackerOperations.get_CM_parcels()
2018-12-11 13:25:11,201 INFO: NoSuchElementException in TransactionTrackerOperations.get_CM_parcels()
2018-12-11 13:25:13,595 INFO: NoSuchElementException in TransactionTrackerOperations.get_CM_parcels()
2018-12-11 13:25:20,675 INFO: Executing TransactionTrackerOperations.search_process_for_CMPDM() for: Performance Health|COMMUNICARE DSSI|810
2018-12-11 13:25:21,224 INFO: Executing TransactionTrackerOperations.select_customer()
2018-12-11 13:25:28,009 INFO: Executing TransactionTrackerOperations.select_customer()
2018-12-11 13:25:39,393 INFO: Executing TransactionTrackerOperations.get_CM_parcels()
2018-12-11 13:25:45,025 INFO: Executing TransactionTrackerOperations.search_process_for_CMPDM() for: Performance Health|COMPLETE HEALTHCARE DSSI|810
2018-12-11 13:25:45,635 INFO: Executing TransactionTrackerOperations.select_customer()
2018-12-11 13:25:52,446 INFO: Executing TransactionTrackerOperations.select_customer()
2018-12-11 13:26:03,952 INFO: Executing TransactionTrackerOperations.get_CM_parcels()
2018-12-11 13:26:06,651 INFO: NoSuchElementException in TransactionTrackerOperations.get_CM_parcels()
2018-12-11 13:26:11,218 INFO: NoSuchElementException in TransactionTrackerOperations.get_CM_parcels()
2018-12-11 13:26:15,737 INFO: NoSuchElementException in TransactionTrackerOperations.get_CM_parcels()
2018-12-11 13:26:20,334 INFO: NoSuchElementException in TransactionTrackerOperations.get_CM_parcels()
2018-12-11 13:26:24,820 INFO: NoSuchElementException in TransactionTrackerOperations.get_CM_parcels()
2018-12-11 13:26:29,301 INFO: NoSuchElementException in TransactionTrackerOperations.get_CM_parcels()
2018-12-11 13:26:33,800 INFO: NoSuchElementException in TransactionTrackerOperations.get_CM_parcels()
2018-12-11 13:26:38,393 INFO: NoSuchElementException in TransactionTrackerOperations.get_CM_parcels()
2018-12-11 13:26:43,044 INFO: NoSuchElementException in TransactionTrackerOperations.get_CM_parcels()
2018-12-11 13:26:47,556 INFO: NoSuchElementException in TransactionTrackerOperations.get_CM_parcels()
2018-12-11 13:26:52,067 INFO: NoSuchElementException in TransactionTrackerOperations.get_CM_parcels()
2018-12-11 13:26:56,583 INFO: NoSuchElementException in TransactionTrackerOperations.get_CM_parcels()
2018-12-11 13:27:01,144 INFO: NoSuchElementException in TransactionTrackerOperations.get_CM_parcels()
2018-12-11 13:27:04,497 INFO: NoSuchElementException in TransactionTrackerOperations.get_CM_parcels()
2018-12-11 13:27:12,017 INFO: Executing TransactionTrackerOperations.search_process_for_CMPDM() for: Performance Health|COVENANT DOVE DSSI|810
2018-12-11 13:27:12,044 INFO: Executing TransactionTrackerOperations.select_customer()
2018-12-11 13:27:19,054 INFO: Executing TransactionTrackerOperations.select_customer()
2018-12-11 13:27:30,348 INFO: Executing TransactionTrackerOperations.get_CM_parcels()
2018-12-11 13:27:33,034 INFO: NoSuchElementException in TransactionTrackerOperations.get_CM_parcels()
2018-12-11 13:27:37,580 INFO: NoSuchElementException in TransactionTrackerOperations.get_CM_parcels()
2018-12-11 13:27:42,026 INFO: NoSuchElementException in TransactionTrackerOperations.get_CM_parcels()
2018-12-11 13:27:46,555 INFO: NoSuchElementException in TransactionTrackerOperations.get_CM_parcels()
2018-12-11 13:27:51,000 INFO: NoSuchElementException in TransactionTrackerOperations.get_CM_parcels()
2018-12-11 13:27:55,534 INFO: NoSuchElementException in TransactionTrackerOperations.get_CM_parcels()
2018-12-11 13:28:00,036 INFO: NoSuchElementException in TransactionTrackerOperations.get_CM_parcels()
2018-12-11 13:28:04,579 INFO: NoSuchElementException in TransactionTrackerOperations.get_CM_parcels()
2018-12-11 13:28:09,213 INFO: NoSuchElementException in TransactionTrackerOperations.get_CM_parcels()
2018-12-11 13:28:13,718 INFO: NoSuchElementException in TransactionTrackerOperations.get_CM_parcels()
2018-12-11 13:28:18,241 INFO: NoSuchElementException in TransactionTrackerOperations.get_CM_parcels()
2018-12-11 13:28:22,793 INFO: NoSuchElementException in TransactionTrackerOperations.get_CM_parcels()
2018-12-11 13:28:27,348 INFO: NoSuchElementException in TransactionTrackerOperations.get_CM_parcels()
2018-12-11 13:28:31,860 INFO: NoSuchElementException in TransactionTrackerOperations.get_CM_parcels()
2018-12-11 13:28:36,408 INFO: NoSuchElementException in TransactionTrackerOperations.get_CM_parcels()
2018-12-11 13:28:41,083 INFO: NoSuchElementException in TransactionTrackerOperations.get_CM_parcels()
2018-12-11 13:28:45,747 INFO: NoSuchElementException in TransactionTrackerOperations.get_CM_parcels()
2018-12-11 13:28:50,622 INFO: NoSuchElementException in TransactionTrackerOperations.get_CM_parcels()
2018-12-11 13:28:55,243 INFO: NoSuchElementException in TransactionTrackerOperations.get_CM_parcels()
2018-12-11 13:29:04,615 INFO: Executing TransactionTrackerOperations.search_process_for_CMPDM() for: Performance Health|DIAKON LUTHERAN DSSI|810
2018-12-11 13:29:05,187 INFO: Executing TransactionTrackerOperations.select_customer()
2018-12-11 13:29:12,019 INFO: Executing TransactionTrackerOperations.select_customer()
2018-12-11 13:29:23,294 INFO: Executing TransactionTrackerOperations.get_CM_parcels()
2018-12-11 13:29:25,989 INFO: NoSuchElementException in TransactionTrackerOperations.get_CM_parcels()
2018-12-11 13:29:30,515 INFO: NoSuchElementException in TransactionTrackerOperations.get_CM_parcels()
2018-12-11 13:29:34,989 INFO: NoSuchElementException in TransactionTrackerOperations.get_CM_parcels()
2018-12-11 13:29:39,506 INFO: NoSuchElementException in TransactionTrackerOperations.get_CM_parcels()
2018-12-11 13:29:43,941 INFO: NoSuchElementException in TransactionTrackerOperations.get_CM_parcels()
2018-12-11 13:29:47,943 INFO: NoSuchElementException in TransactionTrackerOperations.get_CM_parcels()
2018-12-11 13:29:54,224 INFO: Executing TransactionTrackerOperations.search_process_for_CMPDM() for: Performance Health|DIVERSICARE DSSI|810
2018-12-11 13:29:55,318 INFO: Executing TransactionTrackerOperations.select_customer()
2018-12-11 13:30:02,165 INFO: Executing TransactionTrackerOperations.select_customer()
2018-12-11 13:30:13,373 INFO: Executing TransactionTrackerOperations.get_CM_parcels()
2018-12-11 13:30:19,515 INFO: Executing TransactionTrackerOperations.search_process_for_CMPDM() for: Performance Health|Dycora Transitional Health DSSI|810
2018-12-11 13:30:20,084 INFO: Executing TransactionTrackerOperations.select_customer()
2018-12-11 13:30:27,046 INFO: Executing TransactionTrackerOperations.select_customer()
2018-12-11 13:30:38,306 INFO: Executing TransactionTrackerOperations.get_CM_parcels()
2018-12-11 13:30:41,060 INFO: NoSuchElementException in TransactionTrackerOperations.get_CM_parcels()
2018-12-11 13:30:45,564 INFO: NoSuchElementException in TransactionTrackerOperations.get_CM_parcels()
2018-12-11 13:30:49,970 INFO: NoSuchElementException in TransactionTrackerOperations.get_CM_parcels()
2018-12-11 13:30:54,555 INFO: NoSuchElementException in TransactionTrackerOperations.get_CM_parcels()
2018-12-11 13:30:58,989 INFO: NoSuchElementException in TransactionTrackerOperations.get_CM_parcels()
2018-12-11 13:31:03,529 INFO: NoSuchElementException in TransactionTrackerOperations.get_CM_parcels()
2018-12-11 13:31:08,029 INFO: NoSuchElementException in TransactionTrackerOperations.get_CM_parcels()
2018-12-11 13:31:12,511 INFO: NoSuchElementException in TransactionTrackerOperations.get_CM_parcels()
2018-12-11 13:31:17,084 INFO: NoSuchElementException in TransactionTrackerOperations.get_CM_parcels()
2018-12-11 13:31:21,712 INFO: NoSuchElementException in TransactionTrackerOperations.get_CM_parcels()
2018-12-11 13:31:26,199 INFO: NoSuchElementException in TransactionTrackerOperations.get_CM_parcels()
2018-12-11 13:31:29,063 INFO: NoSuchElementException in TransactionTrackerOperations.get_CM_parcels()
2018-12-11 13:31:34,434 ERROR: Error in CMProductionDataMonitoring.TaskFilter()
