2019-01-17 10:45:01,965 INFO: Executing Script Credit Memo Prodution Data Monitoring
2019-01-17 10:45:02,137 INFO: Executing CMProductionDataMonitoring.execute_main()
2019-01-17 10:45:08,516 INFO: Login in to Launchpad
2019-01-17 10:45:32,486 INFO: Executing CMProductionDataMonitoring.TaskFilter()
2019-01-17 10:45:32,907 INFO: Refreshing access_token
2019-01-17 10:45:40,173 INFO: select InProgress task from input sheet from CMProductionDataMonitoring.TaskFilter()
2019-01-17 10:45:40,174 INFO: Executing TransactionTrackerOperations.search_process_for_CMPDM() for: Performance Health|McKesson BASCOM PALMER EYE INST|810
2019-01-17 10:45:40,216 INFO: Executing TransactionTrackerOperations.select_customer()
2019-01-17 10:45:47,276 INFO: Executing TransactionTrackerOperations.select_customer()
2019-01-17 10:45:59,403 INFO: Executing TransactionTrackerOperations.get_CM_parcels()
2019-01-17 10:46:05,970 INFO: Executing TransactionTrackerOperations.search_process_for_CMPDM() for: Performance Health|McKesson CABELL HUNTINGTON HOSPITAL|810
2019-01-17 10:46:05,995 INFO: Executing TransactionTrackerOperations.select_customer()
2019-01-17 10:46:12,884 INFO: Executing TransactionTrackerOperations.select_customer()
2019-01-17 10:46:25,213 INFO: Executing TransactionTrackerOperations.get_CM_parcels()
2019-01-17 10:46:28,612 INFO: NoSuchElementException in TransactionTrackerOperations.get_CM_parcels()
2019-01-17 10:46:33,408 INFO: NoSuchElementException in TransactionTrackerOperations.get_CM_parcels()
2019-01-17 10:46:37,534 INFO: NoSuchElementException in TransactionTrackerOperations.get_CM_parcels()
2019-01-17 10:46:44,270 INFO: Executing TransactionTrackerOperations.search_process_for_CMPDM() for: Performance Health|McKesson CHILDRENS HOSPITAL|810
2019-01-17 10:46:44,723 INFO: Executing TransactionTrackerOperations.select_customer()
2019-01-17 10:46:51,557 INFO: Executing TransactionTrackerOperations.select_customer()
2019-01-17 10:47:03,092 INFO: Executing TransactionTrackerOperations.get_CM_parcels()
2019-01-17 10:47:05,593 INFO: NoSuchElementException in TransactionTrackerOperations.get_CM_parcels()
2019-01-17 10:47:09,936 INFO: NoSuchElementException in TransactionTrackerOperations.get_CM_parcels()
2019-01-17 10:47:12,948 INFO: NoSuchElementException in TransactionTrackerOperations.get_CM_parcels()
2019-01-17 10:47:21,777 INFO: Executing TransactionTrackerOperations.search_process_for_CMPDM() for: Performance Health|McKesson CHRISTIANA CARE HEALTH|810
2019-01-17 10:47:22,461 INFO: Executing TransactionTrackerOperations.select_customer()
2019-01-17 10:47:29,324 INFO: Executing TransactionTrackerOperations.select_customer()
2019-01-17 10:47:40,695 INFO: Executing TransactionTrackerOperations.get_CM_parcels()
2019-01-17 10:47:43,751 INFO: NoSuchElementException in TransactionTrackerOperations.get_CM_parcels()
2019-01-17 10:47:48,307 INFO: NoSuchElementException in TransactionTrackerOperations.get_CM_parcels()
2019-01-17 10:47:52,686 INFO: NoSuchElementException in TransactionTrackerOperations.get_CM_parcels()
2019-01-17 10:47:56,939 INFO: NoSuchElementException in TransactionTrackerOperations.get_CM_parcels()
2019-01-17 10:48:01,287 INFO: NoSuchElementException in TransactionTrackerOperations.get_CM_parcels()
2019-01-17 10:48:05,715 INFO: NoSuchElementException in TransactionTrackerOperations.get_CM_parcels()
2019-01-17 10:48:10,149 INFO: NoSuchElementException in TransactionTrackerOperations.get_CM_parcels()
2019-01-17 10:48:14,607 INFO: NoSuchElementException in TransactionTrackerOperations.get_CM_parcels()
2019-01-17 10:48:19,211 INFO: NoSuchElementException in TransactionTrackerOperations.get_CM_parcels()
2019-01-17 10:48:23,647 INFO: NoSuchElementException in TransactionTrackerOperations.get_CM_parcels()
2019-01-17 10:48:28,045 INFO: NoSuchElementException in TransactionTrackerOperations.get_CM_parcels()
2019-01-17 10:48:32,604 INFO: NoSuchElementException in TransactionTrackerOperations.get_CM_parcels()
2019-01-17 10:48:36,953 INFO: NoSuchElementException in TransactionTrackerOperations.get_CM_parcels()
2019-01-17 10:48:41,288 INFO: NoSuchElementException in TransactionTrackerOperations.get_CM_parcels()
2019-01-17 10:48:45,649 INFO: NoSuchElementException in TransactionTrackerOperations.get_CM_parcels()
2019-01-17 10:48:49,986 INFO: NoSuchElementException in TransactionTrackerOperations.get_CM_parcels()
2019-01-17 10:48:54,287 INFO: NoSuchElementException in TransactionTrackerOperations.get_CM_parcels()
2019-01-17 10:48:57,949 INFO: NoSuchElementException in TransactionTrackerOperations.get_CM_parcels()
2019-01-17 10:49:05,099 INFO: Executing TransactionTrackerOperations.search_process_for_CMPDM() for: Performance Health|McKesson EMH REGIONAL HEALTHCARE SYSTEMS|810
2019-01-17 10:49:05,669 INFO: Executing TransactionTrackerOperations.select_customer()
2019-01-17 10:49:12,496 INFO: Executing TransactionTrackerOperations.select_customer()
2019-01-17 10:49:23,845 INFO: Executing TransactionTrackerOperations.get_CM_parcels()
2019-01-17 10:49:30,161 INFO: Executing TransactionTrackerOperations.search_process_for_CMPDM() for: Performance Health|McKesson EMORY HEALTHCARE|810
2019-01-17 10:49:30,181 INFO: Executing TransactionTrackerOperations.select_customer()
2019-01-17 10:49:36,987 INFO: Executing TransactionTrackerOperations.select_customer()
2019-01-17 10:49:48,474 INFO: Executing TransactionTrackerOperations.get_CM_parcels()
2019-01-17 10:49:54,035 INFO: Executing TransactionTrackerOperations.search_process_for_CMPDM() for: Performance Health|McKesson FIRELANDS REGIONAL MEDICAL CENTER|810
2019-01-17 10:49:54,289 INFO: Executing TransactionTrackerOperations.select_customer()
2019-01-17 10:50:01,087 INFO: Executing TransactionTrackerOperations.select_customer()
2019-01-17 10:50:12,933 INFO: Executing TransactionTrackerOperations.get_CM_parcels()
2019-01-17 10:50:20,910 INFO: Executing TransactionTrackerOperations.search_process_for_CMPDM() for: Performance Health|McKesson FIRSTHEALTH CAROLINAS|810
2019-01-17 10:50:20,923 INFO: Executing TransactionTrackerOperations.select_customer()
2019-01-17 10:50:27,693 INFO: Executing TransactionTrackerOperations.select_customer()
2019-01-17 10:50:38,849 INFO: Executing TransactionTrackerOperations.get_CM_parcels()
2019-01-17 10:50:44,622 INFO: Executing TransactionTrackerOperations.search_process_for_CMPDM() for: Performance Health|McKesson FRANCISCAN ALLIANCE INC|810
2019-01-17 10:50:44,899 INFO: Executing TransactionTrackerOperations.select_customer()
2019-01-17 10:50:51,746 INFO: Executing TransactionTrackerOperations.select_customer()
2019-01-17 10:51:03,013 INFO: Executing TransactionTrackerOperations.get_CM_parcels()
2019-01-17 10:51:09,483 INFO: Executing TransactionTrackerOperations.search_process_for_CMPDM() for: Performance Health|McKesson GOOD SHEPHERD REHAB NETWORK|810
2019-01-17 10:51:09,497 INFO: Executing TransactionTrackerOperations.select_customer()
2019-01-17 10:51:16,346 INFO: Executing TransactionTrackerOperations.select_customer()
2019-01-17 10:51:27,796 INFO: Executing TransactionTrackerOperations.get_CM_parcels()
2019-01-17 10:51:30,492 INFO: NoSuchElementException in TransactionTrackerOperations.get_CM_parcels()
2019-01-17 10:51:34,819 INFO: NoSuchElementException in TransactionTrackerOperations.get_CM_parcels()
2019-01-17 10:51:39,089 INFO: NoSuchElementException in TransactionTrackerOperations.get_CM_parcels()
2019-01-17 10:51:43,349 INFO: NoSuchElementException in TransactionTrackerOperations.get_CM_parcels()
2019-01-17 10:51:47,938 INFO: NoSuchElementException in TransactionTrackerOperations.get_CM_parcels()
2019-01-17 10:51:52,357 INFO: NoSuchElementException in TransactionTrackerOperations.get_CM_parcels()
2019-01-17 10:51:56,638 INFO: NoSuchElementException in TransactionTrackerOperations.get_CM_parcels()
2019-01-17 10:52:00,882 INFO: NoSuchElementException in TransactionTrackerOperations.get_CM_parcels()
2019-01-17 10:52:05,170 INFO: NoSuchElementException in TransactionTrackerOperations.get_CM_parcels()
2019-01-17 10:52:09,555 INFO: NoSuchElementException in TransactionTrackerOperations.get_CM_parcels()
2019-01-17 10:52:13,840 INFO: NoSuchElementException in TransactionTrackerOperations.get_CM_parcels()
2019-01-17 10:52:18,175 INFO: NoSuchElementException in TransactionTrackerOperations.get_CM_parcels()
2019-01-17 10:52:22,458 INFO: NoSuchElementException in TransactionTrackerOperations.get_CM_parcels()
2019-01-17 10:52:26,805 INFO: NoSuchElementException in TransactionTrackerOperations.get_CM_parcels()
2019-01-17 10:52:31,153 INFO: NoSuchElementException in TransactionTrackerOperations.get_CM_parcels()
2019-01-17 10:52:35,763 INFO: NoSuchElementException in TransactionTrackerOperations.get_CM_parcels()
2019-01-17 10:52:40,798 INFO: NoSuchElementException in TransactionTrackerOperations.get_CM_parcels()
2019-01-17 10:52:45,933 INFO: NoSuchElementException in TransactionTrackerOperations.get_CM_parcels()
2019-01-17 10:52:50,084 INFO: NoSuchElementException in TransactionTrackerOperations.get_CM_parcels()
2019-01-17 10:52:58,080 INFO: Executing TransactionTrackerOperations.search_process_for_CMPDM() for: Performance Health|McKesson HALIFAX REGIONAL HOSPITAL|810
2019-01-17 10:52:58,099 INFO: Executing TransactionTrackerOperations.select_customer()
2019-01-17 10:53:04,995 INFO: Executing TransactionTrackerOperations.select_customer()
2019-01-17 10:53:16,951 INFO: Executing TransactionTrackerOperations.get_CM_parcels()
2019-01-17 10:53:22,340 INFO: Executing TransactionTrackerOperations.search_process_for_CMPDM() for: Performance Health|McKesson HATTISBURG CLINIC|810
2019-01-17 10:53:22,712 INFO: Executing TransactionTrackerOperations.select_customer()
2019-01-17 10:53:29,585 INFO: Executing TransactionTrackerOperations.select_customer()
2019-01-17 10:53:41,020 INFO: Executing TransactionTrackerOperations.get_CM_parcels()
2019-01-17 10:53:46,443 INFO: Executing TransactionTrackerOperations.search_process_for_CMPDM() for: Performance Health|McKesson IL BONE AND JOINT|810
2019-01-17 10:53:46,781 INFO: Executing TransactionTrackerOperations.select_customer()
2019-01-17 10:53:53,612 INFO: Executing TransactionTrackerOperations.select_customer()
2019-01-17 10:54:04,992 INFO: Executing TransactionTrackerOperations.get_CM_parcels()
2019-01-17 10:54:11,206 INFO: Executing TransactionTrackerOperations.search_process_for_CMPDM() for: Performance Health|McKesson LAKE CHARLES MEMORIAL HOSPITAL|810
2019-01-17 10:54:11,219 INFO: Executing TransactionTrackerOperations.select_customer()
2019-01-17 10:54:18,077 INFO: Executing TransactionTrackerOperations.select_customer()
2019-01-17 10:54:29,491 INFO: Executing TransactionTrackerOperations.get_CM_parcels()
2019-01-17 10:54:35,733 INFO: Executing TransactionTrackerOperations.search_process_for_CMPDM() for: Performance Health|McKesson LAWRENCE MEMORIAL HOSPITAL|810
2019-01-17 10:54:35,750 INFO: Executing TransactionTrackerOperations.select_customer()
2019-01-17 10:54:42,574 INFO: Executing TransactionTrackerOperations.select_customer()
2019-01-17 10:54:54,051 INFO: Executing TransactionTrackerOperations.get_CM_parcels()
2019-01-17 10:54:56,393 INFO: NoSuchElementException in TransactionTrackerOperations.get_CM_parcels()
2019-01-17 10:55:00,676 INFO: NoSuchElementException in TransactionTrackerOperations.get_CM_parcels()
2019-01-17 10:55:04,899 INFO: NoSuchElementException in TransactionTrackerOperations.get_CM_parcels()
2019-01-17 10:55:09,201 INFO: NoSuchElementException in TransactionTrackerOperations.get_CM_parcels()
2019-01-17 10:55:13,941 INFO: NoSuchElementException in TransactionTrackerOperations.get_CM_parcels()
2019-01-17 10:55:18,586 INFO: NoSuchElementException in TransactionTrackerOperations.get_CM_parcels()
2019-01-17 10:55:21,421 INFO: NoSuchElementException in TransactionTrackerOperations.get_CM_parcels()
2019-01-17 10:55:28,372 INFO: Executing TransactionTrackerOperations.search_process_for_CMPDM() for: Performance Health|McKesson LEESBURG REGIONAL|810
2019-01-17 10:55:28,390 INFO: Executing TransactionTrackerOperations.select_customer()
2019-01-17 10:55:35,205 INFO: Executing TransactionTrackerOperations.select_customer()
2019-01-17 10:55:46,455 INFO: Executing TransactionTrackerOperations.get_CM_parcels()
2019-01-17 10:55:47,404 INFO: NoSuchElementException in TransactionTrackerOperations.get_CM_parcels()
2019-01-17 10:55:53,488 INFO: Executing TransactionTrackerOperations.search_process_for_CMPDM() for: Performance Health|McKesson LOMA LINDA UNIVERSITY MEDICAL CENTER|810
2019-01-17 10:55:53,776 INFO: Executing TransactionTrackerOperations.select_customer()
2019-01-17 10:56:00,616 INFO: Executing TransactionTrackerOperations.select_customer()
2019-01-17 10:56:12,541 INFO: Executing TransactionTrackerOperations.get_CM_parcels()
2019-01-17 10:56:12,890 INFO: NoSuchElementException in TransactionTrackerOperations.get_CM_parcels()
2019-01-17 10:56:19,548 INFO: Executing TransactionTrackerOperations.search_process_for_CMPDM() for: Performance Health|McKesson MCG HEALTH INC|810
2019-01-17 10:56:19,566 INFO: Executing TransactionTrackerOperations.select_customer()
2019-01-17 10:56:26,346 INFO: Executing TransactionTrackerOperations.select_customer()
2019-01-17 10:56:37,667 INFO: Executing TransactionTrackerOperations.get_CM_parcels()
2019-01-17 10:56:40,235 INFO: NoSuchElementException in TransactionTrackerOperations.get_CM_parcels()
2019-01-17 10:56:44,568 INFO: NoSuchElementException in TransactionTrackerOperations.get_CM_parcels()
2019-01-17 10:56:48,804 INFO: NoSuchElementException in TransactionTrackerOperations.get_CM_parcels()
2019-01-17 10:56:53,075 INFO: NoSuchElementException in TransactionTrackerOperations.get_CM_parcels()
2019-01-17 10:56:57,338 INFO: NoSuchElementException in TransactionTrackerOperations.get_CM_parcels()
2019-01-17 10:57:01,576 INFO: NoSuchElementException in TransactionTrackerOperations.get_CM_parcels()
2019-01-17 10:57:04,167 INFO: NoSuchElementException in TransactionTrackerOperations.get_CM_parcels()
2019-01-17 10:57:10,277 INFO: Executing TransactionTrackerOperations.search_process_for_CMPDM() for: Performance Health|McKesson NCH HEALTHCARE|810
2019-01-17 10:57:10,629 INFO: Executing TransactionTrackerOperations.select_customer()
2019-01-17 10:57:17,501 INFO: Executing TransactionTrackerOperations.select_customer()
2019-01-17 10:57:28,553 INFO: Executing TransactionTrackerOperations.get_CM_parcels()
2019-01-17 10:57:30,928 INFO: NoSuchElementException in TransactionTrackerOperations.get_CM_parcels()
2019-01-17 10:57:35,336 INFO: NoSuchElementException in TransactionTrackerOperations.get_CM_parcels()
2019-01-17 10:57:39,533 INFO: NoSuchElementException in TransactionTrackerOperations.get_CM_parcels()
2019-01-17 10:57:43,794 INFO: NoSuchElementException in TransactionTrackerOperations.get_CM_parcels()
2019-01-17 10:57:48,058 INFO: NoSuchElementException in TransactionTrackerOperations.get_CM_parcels()
2019-01-17 10:57:52,311 INFO: NoSuchElementException in TransactionTrackerOperations.get_CM_parcels()
2019-01-17 10:57:56,679 INFO: NoSuchElementException in TransactionTrackerOperations.get_CM_parcels()
2019-01-17 10:58:01,046 INFO: NoSuchElementException in TransactionTrackerOperations.get_CM_parcels()
2019-01-17 10:58:04,467 INFO: NoSuchElementException in TransactionTrackerOperations.get_CM_parcels()
2019-01-17 10:58:11,947 INFO: Executing TransactionTrackerOperations.search_process_for_CMPDM() for: Performance Health|McKesson SACRED HEART HOSPITAL|810
2019-01-17 10:58:11,964 INFO: Executing TransactionTrackerOperations.select_customer()
2019-01-17 10:58:18,725 INFO: Executing TransactionTrackerOperations.select_customer()
2019-01-17 10:58:29,934 INFO: Executing TransactionTrackerOperations.get_CM_parcels()
2019-01-17 10:58:35,628 INFO: Executing TransactionTrackerOperations.search_process_for_CMPDM() for: Performance Health|McKesson SAINT FRANCES MEDICAL CENTER|810
2019-01-17 10:58:35,954 INFO: Executing TransactionTrackerOperations.select_customer()
2019-01-17 10:58:42,808 INFO: Executing TransactionTrackerOperations.select_customer()
2019-01-17 10:58:54,189 INFO: Executing TransactionTrackerOperations.get_CM_parcels()
2019-01-17 10:58:56,589 INFO: NoSuchElementException in TransactionTrackerOperations.get_CM_parcels()
2019-01-17 10:59:00,798 INFO: NoSuchElementException in TransactionTrackerOperations.get_CM_parcels()
2019-01-17 10:59:04,926 INFO: NoSuchElementException in TransactionTrackerOperations.get_CM_parcels()
2019-01-17 10:59:08,749 INFO: NoSuchElementException in TransactionTrackerOperations.get_CM_parcels()
2019-01-17 10:59:15,049 INFO: Executing TransactionTrackerOperations.search_process_for_CMPDM() for: Performance Health|McKesson SOUTHERN NEW HAMPSHIRE MEDICAL CENTER|810
2019-01-17 10:59:15,322 INFO: Executing TransactionTrackerOperations.select_customer()
2019-01-17 10:59:22,140 INFO: Executing TransactionTrackerOperations.select_customer()
2019-01-17 10:59:33,613 INFO: Executing TransactionTrackerOperations.get_CM_parcels()
2019-01-17 10:59:35,988 INFO: NoSuchElementException in TransactionTrackerOperations.get_CM_parcels()
2019-01-17 10:59:40,245 INFO: NoSuchElementException in TransactionTrackerOperations.get_CM_parcels()
2019-01-17 10:59:44,400 INFO: NoSuchElementException in TransactionTrackerOperations.get_CM_parcels()
2019-01-17 10:59:48,565 INFO: NoSuchElementException in TransactionTrackerOperations.get_CM_parcels()
2019-01-17 10:59:51,751 INFO: NoSuchElementException in TransactionTrackerOperations.get_CM_parcels()
2019-01-17 10:59:57,917 INFO: Executing TransactionTrackerOperations.search_process_for_CMPDM() for: Performance Health|McKesson TIFT REGIONAL MEDICAL CENTER|810
2019-01-17 10:59:58,212 INFO: Executing TransactionTrackerOperations.select_customer()
2019-01-17 11:00:05,096 INFO: Executing TransactionTrackerOperations.select_customer()
2019-01-17 11:00:16,435 INFO: Executing TransactionTrackerOperations.get_CM_parcels()
2019-01-17 11:00:22,424 INFO: Executing TransactionTrackerOperations.search_process_for_CMPDM() for: Performance Health|McKesson TRINITY MOTHER FRANCES HOSPITAL|810
2019-01-17 11:00:22,446 INFO: Executing TransactionTrackerOperations.select_customer()
2019-01-17 11:00:29,230 INFO: Executing TransactionTrackerOperations.select_customer()
2019-01-17 11:00:40,899 INFO: Executing TransactionTrackerOperations.get_CM_parcels()
2019-01-17 11:00:43,367 INFO: NoSuchElementException in TransactionTrackerOperations.get_CM_parcels()
2019-01-17 11:00:47,660 INFO: NoSuchElementException in TransactionTrackerOperations.get_CM_parcels()
2019-01-17 11:00:51,926 INFO: NoSuchElementException in TransactionTrackerOperations.get_CM_parcels()
2019-01-17 11:00:56,180 INFO: NoSuchElementException in TransactionTrackerOperations.get_CM_parcels()
2019-01-17 11:01:00,332 INFO: NoSuchElementException in TransactionTrackerOperations.get_CM_parcels()
2019-01-17 11:01:04,599 INFO: NoSuchElementException in TransactionTrackerOperations.get_CM_parcels()
2019-01-17 11:01:09,113 INFO: NoSuchElementException in TransactionTrackerOperations.get_CM_parcels()
2019-01-17 11:01:13,478 INFO: NoSuchElementException in TransactionTrackerOperations.get_CM_parcels()
2019-01-17 11:01:16,067 INFO: NoSuchElementException in TransactionTrackerOperations.get_CM_parcels()
2019-01-17 11:01:22,006 INFO: Executing TransactionTrackerOperations.search_process_for_CMPDM() for: Performance Health|McKesson Truman Medical Center|810
2019-01-17 11:01:22,203 INFO: Executing TransactionTrackerOperations.select_customer()
2019-01-17 11:01:29,049 INFO: Executing TransactionTrackerOperations.select_customer()
2019-01-17 11:01:40,136 INFO: Executing TransactionTrackerOperations.get_CM_parcels()
2019-01-17 11:01:45,785 INFO: Executing TransactionTrackerOperations.search_process_for_CMPDM() for: Performance Health|McKesson UNITED HOSPITAL SYSTEM INC|810
2019-01-17 11:01:46,169 INFO: Executing TransactionTrackerOperations.select_customer()
2019-01-17 11:01:52,993 INFO: Executing TransactionTrackerOperations.select_customer()
2019-01-17 11:02:04,382 INFO: Executing TransactionTrackerOperations.get_CM_parcels()
2019-01-17 11:02:06,791 INFO: NoSuchElementException in TransactionTrackerOperations.get_CM_parcels()
2019-01-17 11:02:11,091 INFO: NoSuchElementException in TransactionTrackerOperations.get_CM_parcels()
2019-01-17 11:02:15,288 INFO: NoSuchElementException in TransactionTrackerOperations.get_CM_parcels()
2019-01-17 11:02:19,545 INFO: NoSuchElementException in TransactionTrackerOperations.get_CM_parcels()
2019-01-17 11:02:21,945 INFO: NoSuchElementException in TransactionTrackerOperations.get_CM_parcels()
2019-01-17 11:02:28,866 INFO: Executing TransactionTrackerOperations.search_process_for_CMPDM() for: Performance Health|McKesson VAIL VALLEY MEDICAL CENTER|810
2019-01-17 11:02:28,894 INFO: Executing TransactionTrackerOperations.select_customer()
2019-01-17 11:02:35,619 INFO: Executing TransactionTrackerOperations.select_customer()
2019-01-17 11:02:47,002 INFO: Executing TransactionTrackerOperations.get_CM_parcels()
2019-01-17 11:02:49,411 INFO: NoSuchElementException in TransactionTrackerOperations.get_CM_parcels()
2019-01-17 11:02:53,721 INFO: NoSuchElementException in TransactionTrackerOperations.get_CM_parcels()
2019-01-17 11:02:58,011 INFO: NoSuchElementException in TransactionTrackerOperations.get_CM_parcels()
2019-01-17 11:03:02,237 INFO: NoSuchElementException in TransactionTrackerOperations.get_CM_parcels()
2019-01-17 11:03:06,458 INFO: NoSuchElementException in TransactionTrackerOperations.get_CM_parcels()
2019-01-17 11:03:10,696 INFO: NoSuchElementException in TransactionTrackerOperations.get_CM_parcels()
2019-01-17 11:03:14,984 INFO: NoSuchElementException in TransactionTrackerOperations.get_CM_parcels()
2019-01-17 11:03:19,221 INFO: NoSuchElementException in TransactionTrackerOperations.get_CM_parcels()
2019-01-17 11:03:23,449 INFO: NoSuchElementException in TransactionTrackerOperations.get_CM_parcels()
2019-01-17 11:03:27,729 INFO: NoSuchElementException in TransactionTrackerOperations.get_CM_parcels()
2019-01-17 11:03:32,032 INFO: NoSuchElementException in TransactionTrackerOperations.get_CM_parcels()
2019-01-17 11:03:36,476 INFO: NoSuchElementException in TransactionTrackerOperations.get_CM_parcels()
2019-01-17 11:03:40,815 INFO: NoSuchElementException in TransactionTrackerOperations.get_CM_parcels()
2019-01-17 11:03:45,156 INFO: NoSuchElementException in TransactionTrackerOperations.get_CM_parcels()
2019-01-17 11:03:49,430 INFO: NoSuchElementException in TransactionTrackerOperations.get_CM_parcels()
2019-01-17 11:03:53,711 INFO: NoSuchElementException in TransactionTrackerOperations.get_CM_parcels()
2019-01-17 11:03:58,026 INFO: NoSuchElementException in TransactionTrackerOperations.get_CM_parcels()
2019-01-17 11:04:02,256 INFO: NoSuchElementException in TransactionTrackerOperations.get_CM_parcels()
2019-01-17 11:04:06,903 INFO: NoSuchElementException in TransactionTrackerOperations.get_CM_parcels()
2019-01-17 11:04:11,434 INFO: NoSuchElementException in TransactionTrackerOperations.get_CM_parcels()
2019-01-17 11:04:15,771 INFO: NoSuchElementException in TransactionTrackerOperations.get_CM_parcels()
2019-01-17 11:04:20,259 INFO: NoSuchElementException in TransactionTrackerOperations.get_CM_parcels()
2019-01-17 11:04:23,202 INFO: NoSuchElementException in TransactionTrackerOperations.get_CM_parcels()
2019-01-17 11:04:29,934 INFO: Executing TransactionTrackerOperations.search_process_for_CMPDM() for: Performance Health|McKesson WHEATON FRANCISCAN HEALTHCARE|810
2019-01-17 11:04:30,286 INFO: Executing TransactionTrackerOperations.select_customer()
2019-01-17 11:04:37,170 INFO: Executing TransactionTrackerOperations.select_customer()
2019-01-17 11:04:48,838 INFO: Executing TransactionTrackerOperations.get_CM_parcels()
2019-01-17 11:04:55,057 INFO: Executing TransactionTrackerOperations.search_process_for_CMPDM() for: Performance Health|MFA DSSI|810
2019-01-17 11:04:55,078 INFO: Executing TransactionTrackerOperations.select_customer()
2019-01-17 11:05:02,186 INFO: Executing TransactionTrackerOperations.select_customer()
2019-01-17 11:05:13,311 INFO: Executing TransactionTrackerOperations.get_CM_parcels()
2019-01-17 11:05:19,608 INFO: Executing TransactionTrackerOperations.search_process_for_CMPDM() for: Performance Health|MIDWEST GERIATRIC DSSI|810
2019-01-17 11:05:19,624 INFO: Executing TransactionTrackerOperations.select_customer()
2019-01-17 11:05:26,481 INFO: Executing TransactionTrackerOperations.select_customer()
2019-01-17 11:05:37,956 INFO: Executing TransactionTrackerOperations.get_CM_parcels()
2019-01-17 11:05:38,255 INFO: NoSuchElementException in TransactionTrackerOperations.get_CM_parcels()
2019-01-17 11:05:45,141 INFO: Executing TransactionTrackerOperations.search_process_for_CMPDM() for: Performance Health|MIDWEST HEALTH DSSI|810
2019-01-17 11:05:45,157 INFO: Executing TransactionTrackerOperations.select_customer()
2019-01-17 11:05:51,976 INFO: Executing TransactionTrackerOperations.select_customer()
2019-01-17 11:06:03,273 INFO: Executing TransactionTrackerOperations.get_CM_parcels()
2019-01-17 11:06:05,652 INFO: NoSuchElementException in TransactionTrackerOperations.get_CM_parcels()
2019-01-17 11:06:10,060 INFO: NoSuchElementException in TransactionTrackerOperations.get_CM_parcels()
2019-01-17 11:06:14,359 INFO: NoSuchElementException in TransactionTrackerOperations.get_CM_parcels()
2019-01-17 11:06:18,669 INFO: NoSuchElementException in TransactionTrackerOperations.get_CM_parcels()
2019-01-17 11:06:26,305 INFO: Executing TransactionTrackerOperations.search_process_for_CMPDM() for: Performance Health|MISSION HEALTH DSSI|810
2019-01-17 11:06:26,546 INFO: Executing TransactionTrackerOperations.select_customer()
2019-01-17 11:06:33,380 INFO: Executing TransactionTrackerOperations.select_customer()
2019-01-17 11:06:44,574 INFO: Executing TransactionTrackerOperations.get_CM_parcels()
2019-01-17 11:06:46,971 INFO: NoSuchElementException in TransactionTrackerOperations.get_CM_parcels()
2019-01-17 11:06:51,253 INFO: NoSuchElementException in TransactionTrackerOperations.get_CM_parcels()
2019-01-17 11:06:55,453 INFO: NoSuchElementException in TransactionTrackerOperations.get_CM_parcels()
2019-01-17 11:06:59,709 INFO: NoSuchElementException in TransactionTrackerOperations.get_CM_parcels()
2019-01-17 11:07:04,011 INFO: NoSuchElementException in TransactionTrackerOperations.get_CM_parcels()
2019-01-17 11:07:08,337 INFO: NoSuchElementException in TransactionTrackerOperations.get_CM_parcels()
2019-01-17 11:07:12,703 INFO: NoSuchElementException in TransactionTrackerOperations.get_CM_parcels()
2019-01-17 11:07:17,056 INFO: NoSuchElementException in TransactionTrackerOperations.get_CM_parcels()
2019-01-17 11:07:21,571 INFO: NoSuchElementException in TransactionTrackerOperations.get_CM_parcels()
2019-01-17 11:07:25,920 INFO: NoSuchElementException in TransactionTrackerOperations.get_CM_parcels()
2019-01-17 11:07:33,188 INFO: Executing TransactionTrackerOperations.search_process_for_CMPDM() for: Performance Health|NEXION DSSI|810
2019-01-17 11:07:33,205 INFO: Executing TransactionTrackerOperations.select_customer()
2019-01-17 11:07:40,027 INFO: Executing TransactionTrackerOperations.select_customer()
2019-01-17 11:07:51,483 INFO: Executing TransactionTrackerOperations.get_CM_parcels()
2019-01-17 11:07:53,966 INFO: NoSuchElementException in TransactionTrackerOperations.get_CM_parcels()
2019-01-17 11:07:58,346 INFO: NoSuchElementException in TransactionTrackerOperations.get_CM_parcels()
2019-01-17 11:08:02,670 INFO: NoSuchElementException in TransactionTrackerOperations.get_CM_parcels()
2019-01-17 11:08:06,956 INFO: NoSuchElementException in TransactionTrackerOperations.get_CM_parcels()
2019-01-17 11:08:11,208 INFO: NoSuchElementException in TransactionTrackerOperations.get_CM_parcels()
2019-01-17 11:08:15,483 INFO: NoSuchElementException in TransactionTrackerOperations.get_CM_parcels()
2019-01-17 11:08:20,020 INFO: NoSuchElementException in TransactionTrackerOperations.get_CM_parcels()
2019-01-17 11:08:24,499 INFO: NoSuchElementException in TransactionTrackerOperations.get_CM_parcels()
2019-01-17 11:08:29,044 INFO: NoSuchElementException in TransactionTrackerOperations.get_CM_parcels()
2019-01-17 11:08:33,532 INFO: NoSuchElementException in TransactionTrackerOperations.get_CM_parcels()
2019-01-17 11:08:37,539 INFO: NoSuchElementException in TransactionTrackerOperations.get_CM_parcels()
2019-01-17 11:08:44,307 INFO: Executing TransactionTrackerOperations.search_process_for_CMPDM() for: Performance Health|NOLAND HEALTH SERVICES DSSI|810
2019-01-17 11:08:44,824 INFO: Executing TransactionTrackerOperations.select_customer()
2019-01-17 11:08:51,701 INFO: Executing TransactionTrackerOperations.select_customer()
2019-01-17 11:09:03,042 INFO: Executing TransactionTrackerOperations.get_CM_parcels()
2019-01-17 11:09:05,391 INFO: NoSuchElementException in TransactionTrackerOperations.get_CM_parcels()
2019-01-17 11:09:09,665 INFO: NoSuchElementException in TransactionTrackerOperations.get_CM_parcels()
2019-01-17 11:09:13,808 INFO: NoSuchElementException in TransactionTrackerOperations.get_CM_parcels()
2019-01-17 11:09:17,972 INFO: NoSuchElementException in TransactionTrackerOperations.get_CM_parcels()
2019-01-17 11:09:22,182 INFO: NoSuchElementException in TransactionTrackerOperations.get_CM_parcels()
2019-01-17 11:09:26,476 INFO: NoSuchElementException in TransactionTrackerOperations.get_CM_parcels()
2019-01-17 11:09:29,659 INFO: NoSuchElementException in TransactionTrackerOperations.get_CM_parcels()
2019-01-17 11:09:36,403 INFO: Executing TransactionTrackerOperations.search_process_for_CMPDM() for: Performance Health|NORTHPORT DSSI|810
2019-01-17 11:09:36,723 INFO: Executing TransactionTrackerOperations.select_customer()
2019-01-17 11:09:43,717 INFO: Executing TransactionTrackerOperations.select_customer()
2019-01-17 11:09:55,495 INFO: Executing TransactionTrackerOperations.get_CM_parcels()
2019-01-17 11:10:01,987 INFO: Executing TransactionTrackerOperations.search_process_for_CMPDM() for: Performance Health|NUVISION DSSI|810
2019-01-17 11:10:02,002 INFO: Executing TransactionTrackerOperations.select_customer()
2019-01-17 11:10:08,822 INFO: Executing TransactionTrackerOperations.select_customer()
2019-01-17 11:10:19,869 INFO: Executing TransactionTrackerOperations.get_CM_parcels()
2019-01-17 11:10:22,269 INFO: NoSuchElementException in TransactionTrackerOperations.get_CM_parcels()
2019-01-17 11:10:26,532 INFO: NoSuchElementException in TransactionTrackerOperations.get_CM_parcels()
2019-01-17 11:10:30,694 INFO: NoSuchElementException in TransactionTrackerOperations.get_CM_parcels()
2019-01-17 11:10:34,240 INFO: NoSuchElementException in TransactionTrackerOperations.get_CM_parcels()
2019-01-17 11:10:40,397 INFO: Executing TransactionTrackerOperations.search_process_for_CMPDM() for: Performance Health|ONIX GROUP DSSI|810
2019-01-17 11:10:40,739 INFO: Executing TransactionTrackerOperations.select_customer()
2019-01-17 11:10:47,642 INFO: Executing TransactionTrackerOperations.select_customer()
2019-01-17 11:10:59,464 INFO: Executing TransactionTrackerOperations.get_CM_parcels()
2019-01-17 11:11:02,299 INFO: NoSuchElementException in TransactionTrackerOperations.get_CM_parcels()
2019-01-17 11:11:06,907 INFO: NoSuchElementException in TransactionTrackerOperations.get_CM_parcels()
2019-01-17 11:11:11,247 INFO: NoSuchElementException in TransactionTrackerOperations.get_CM_parcels()
2019-01-17 11:11:15,522 INFO: NoSuchElementException in TransactionTrackerOperations.get_CM_parcels()
2019-01-17 11:11:18,946 INFO: NoSuchElementException in TransactionTrackerOperations.get_CM_parcels()
2019-01-17 11:11:25,556 INFO: Executing TransactionTrackerOperations.search_process_for_CMPDM() for: Performance Health|PENNMED CONSULTANTS INC DSSI|810
2019-01-17 11:11:25,575 INFO: Executing TransactionTrackerOperations.select_customer()
2019-01-17 11:11:32,392 INFO: Executing TransactionTrackerOperations.select_customer()
2019-01-17 11:11:44,727 INFO: Executing TransactionTrackerOperations.get_CM_parcels()
2019-01-17 11:11:50,460 INFO: Executing TransactionTrackerOperations.search_process_for_CMPDM() for: Performance Health|PREFERRED CARE DSSI|810
2019-01-17 11:11:50,763 INFO: Executing TransactionTrackerOperations.select_customer()
2019-01-17 11:11:57,587 INFO: Executing TransactionTrackerOperations.select_customer()
2019-01-17 11:12:08,597 INFO: Executing TransactionTrackerOperations.get_CM_parcels()
2019-01-17 11:12:14,922 INFO: Executing TransactionTrackerOperations.search_process_for_CMPDM() for: Performance Health|PRESBYTERIAN HOMES AND SERVICES DSSI|810
2019-01-17 11:12:14,937 INFO: Executing TransactionTrackerOperations.select_customer()
2019-01-17 11:12:21,697 INFO: Executing TransactionTrackerOperations.select_customer()
2019-01-17 11:12:33,280 INFO: Executing TransactionTrackerOperations.get_CM_parcels()
2019-01-17 11:12:35,635 INFO: NoSuchElementException in TransactionTrackerOperations.get_CM_parcels()
2019-01-17 11:12:39,977 INFO: NoSuchElementException in TransactionTrackerOperations.get_CM_parcels()
2019-01-17 11:12:44,278 INFO: NoSuchElementException in TransactionTrackerOperations.get_CM_parcels()
2019-01-17 11:12:48,530 INFO: NoSuchElementException in TransactionTrackerOperations.get_CM_parcels()
2019-01-17 11:12:53,004 INFO: NoSuchElementException in TransactionTrackerOperations.get_CM_parcels()
2019-01-17 11:12:57,297 INFO: NoSuchElementException in TransactionTrackerOperations.get_CM_parcels()
2019-01-17 11:13:01,538 INFO: NoSuchElementException in TransactionTrackerOperations.get_CM_parcels()
2019-01-17 11:13:05,707 INFO: NoSuchElementException in TransactionTrackerOperations.get_CM_parcels()
2019-01-17 11:13:08,117 INFO: NoSuchElementException in TransactionTrackerOperations.get_CM_parcels()
2019-01-17 11:13:14,861 INFO: Executing TransactionTrackerOperations.search_process_for_CMPDM() for: Performance Health|PRESBYTERIAN SENIOR LIVING DSSI|810
2019-01-17 11:13:14,879 INFO: Executing TransactionTrackerOperations.select_customer()
2019-01-17 11:13:21,676 INFO: Executing TransactionTrackerOperations.select_customer()
2019-01-17 11:13:33,152 INFO: Executing TransactionTrackerOperations.get_CM_parcels()
2019-01-17 11:13:35,501 INFO: NoSuchElementException in TransactionTrackerOperations.get_CM_parcels()
2019-01-17 11:13:39,745 INFO: NoSuchElementException in TransactionTrackerOperations.get_CM_parcels()
2019-01-17 11:13:43,937 INFO: NoSuchElementException in TransactionTrackerOperations.get_CM_parcels()
2019-01-17 11:13:48,138 INFO: NoSuchElementException in TransactionTrackerOperations.get_CM_parcels()
2019-01-17 11:13:52,324 INFO: NoSuchElementException in TransactionTrackerOperations.get_CM_parcels()
2019-01-17 11:13:55,155 INFO: NoSuchElementException in TransactionTrackerOperations.get_CM_parcels()
2019-01-17 11:14:01,467 INFO: Executing TransactionTrackerOperations.search_process_for_CMPDM() for: Performance Health|QUALITY LIFE SERVICES DSSI|810
2019-01-17 11:14:01,739 INFO: Executing TransactionTrackerOperations.select_customer()
2019-01-17 11:14:08,538 INFO: Executing TransactionTrackerOperations.select_customer()
2019-01-17 11:14:19,811 INFO: Executing TransactionTrackerOperations.get_CM_parcels()
2019-01-17 11:14:22,132 INFO: NoSuchElementException in TransactionTrackerOperations.get_CM_parcels()
2019-01-17 11:14:26,396 INFO: NoSuchElementException in TransactionTrackerOperations.get_CM_parcels()
2019-01-17 11:14:30,658 INFO: NoSuchElementException in TransactionTrackerOperations.get_CM_parcels()
2019-01-17 11:14:34,824 INFO: NoSuchElementException in TransactionTrackerOperations.get_CM_parcels()
2019-01-17 11:14:39,033 INFO: NoSuchElementException in TransactionTrackerOperations.get_CM_parcels()
2019-01-17 11:14:43,315 INFO: NoSuchElementException in TransactionTrackerOperations.get_CM_parcels()
2019-01-17 11:14:47,600 INFO: NoSuchElementException in TransactionTrackerOperations.get_CM_parcels()
2019-01-17 11:14:51,600 INFO: NoSuchElementException in TransactionTrackerOperations.get_CM_parcels()
2019-01-17 11:14:58,410 INFO: Executing TransactionTrackerOperations.search_process_for_CMPDM() for: Performance Health|Quest Healthcare Development DSSI|810
2019-01-17 11:14:58,427 INFO: Executing TransactionTrackerOperations.select_customer()
2019-01-17 11:15:05,220 INFO: Executing TransactionTrackerOperations.select_customer()
2019-01-17 11:15:16,322 INFO: Executing TransactionTrackerOperations.get_CM_parcels()
2019-01-17 11:15:21,973 INFO: Executing TransactionTrackerOperations.search_process_for_CMPDM() for: Performance Health|Regency Integrated Health Services DSSI|810
2019-01-17 11:15:22,248 INFO: Executing TransactionTrackerOperations.select_customer()
2019-01-17 11:15:29,047 INFO: Executing TransactionTrackerOperations.select_customer()
2019-01-17 11:15:40,265 INFO: Executing TransactionTrackerOperations.get_CM_parcels()
2019-01-17 11:15:45,985 INFO: Executing TransactionTrackerOperations.search_process_for_CMPDM() for: Performance Health|RENNES HEALTH DSSI|810
2019-01-17 11:15:46,249 INFO: Executing TransactionTrackerOperations.select_customer()
2019-01-17 11:15:53,044 INFO: Executing TransactionTrackerOperations.select_customer()
2019-01-17 11:16:04,426 INFO: Executing TransactionTrackerOperations.get_CM_parcels()
2019-01-17 11:16:06,826 INFO: NoSuchElementException in TransactionTrackerOperations.get_CM_parcels()
2019-01-17 11:16:11,123 INFO: NoSuchElementException in TransactionTrackerOperations.get_CM_parcels()
2019-01-17 11:16:15,366 INFO: NoSuchElementException in TransactionTrackerOperations.get_CM_parcels()
2019-01-17 11:16:19,545 INFO: NoSuchElementException in TransactionTrackerOperations.get_CM_parcels()
2019-01-17 11:16:23,775 INFO: NoSuchElementException in TransactionTrackerOperations.get_CM_parcels()
2019-01-17 11:16:27,981 INFO: NoSuchElementException in TransactionTrackerOperations.get_CM_parcels()
2019-01-17 11:16:30,775 INFO: NoSuchElementException in TransactionTrackerOperations.get_CM_parcels()
2019-01-17 11:16:36,880 INFO: Executing TransactionTrackerOperations.search_process_for_CMPDM() for: Performance Health|SABER HEALTHCARE DSSI|810
2019-01-17 11:16:37,046 INFO: Executing TransactionTrackerOperations.select_customer()
2019-01-17 11:16:44,004 INFO: Executing TransactionTrackerOperations.select_customer()
2019-01-17 11:16:55,173 INFO: Executing TransactionTrackerOperations.get_CM_parcels()
2019-01-17 11:17:01,495 INFO: Executing TransactionTrackerOperations.search_process_for_CMPDM() for: Performance Health|SPRENGER HEALTHCARE DSSI|810
2019-01-17 11:17:01,511 INFO: Executing TransactionTrackerOperations.select_customer()
2019-01-17 11:17:08,242 INFO: Executing TransactionTrackerOperations.select_customer()
2019-01-17 11:17:19,555 INFO: Executing TransactionTrackerOperations.get_CM_parcels()
2019-01-17 11:17:21,956 INFO: NoSuchElementException in TransactionTrackerOperations.get_CM_parcels()
2019-01-17 11:17:26,277 INFO: NoSuchElementException in TransactionTrackerOperations.get_CM_parcels()
2019-01-17 11:17:30,548 INFO: NoSuchElementException in TransactionTrackerOperations.get_CM_parcels()
2019-01-17 11:17:34,781 INFO: NoSuchElementException in TransactionTrackerOperations.get_CM_parcels()
2019-01-17 11:17:38,964 INFO: NoSuchElementException in TransactionTrackerOperations.get_CM_parcels()
2019-01-17 11:17:43,195 INFO: NoSuchElementException in TransactionTrackerOperations.get_CM_parcels()
2019-01-17 11:17:47,418 INFO: NoSuchElementException in TransactionTrackerOperations.get_CM_parcels()
2019-01-17 11:17:51,704 INFO: NoSuchElementException in TransactionTrackerOperations.get_CM_parcels()
2019-01-17 11:17:56,001 INFO: NoSuchElementException in TransactionTrackerOperations.get_CM_parcels()
2019-01-17 11:18:00,263 INFO: NoSuchElementException in TransactionTrackerOperations.get_CM_parcels()
2019-01-17 11:18:04,516 INFO: NoSuchElementException in TransactionTrackerOperations.get_CM_parcels()
2019-01-17 11:18:08,823 INFO: NoSuchElementException in TransactionTrackerOperations.get_CM_parcels()
2019-01-17 11:18:13,102 INFO: NoSuchElementException in TransactionTrackerOperations.get_CM_parcels()
2019-01-17 11:18:17,360 INFO: NoSuchElementException in TransactionTrackerOperations.get_CM_parcels()
2019-01-17 11:18:19,969 INFO: NoSuchElementException in TransactionTrackerOperations.get_CM_parcels()
2019-01-17 11:18:26,778 INFO: Executing TransactionTrackerOperations.search_process_for_CMPDM() for: Performance Health|SPRINGPOINT DSSI|810
2019-01-17 11:18:26,898 INFO: Executing TransactionTrackerOperations.select_customer()
2019-01-17 11:18:33,662 INFO: Executing TransactionTrackerOperations.select_customer()
2019-01-17 11:18:44,833 INFO: Executing TransactionTrackerOperations.get_CM_parcels()
2019-01-17 11:18:47,181 INFO: NoSuchElementException in TransactionTrackerOperations.get_CM_parcels()
2019-01-17 11:18:51,471 INFO: NoSuchElementException in TransactionTrackerOperations.get_CM_parcels()
2019-01-17 11:18:55,684 INFO: NoSuchElementException in TransactionTrackerOperations.get_CM_parcels()
2019-01-17 11:18:59,905 INFO: NoSuchElementException in TransactionTrackerOperations.get_CM_parcels()
2019-01-17 11:19:03,523 INFO: NoSuchElementException in TransactionTrackerOperations.get_CM_parcels()
2019-01-17 11:19:10,489 INFO: Executing TransactionTrackerOperations.search_process_for_CMPDM() for: Performance Health|STONERISE MEDICAL DSSI|810
2019-01-17 11:19:10,509 INFO: Executing TransactionTrackerOperations.select_customer()
2019-01-17 11:19:17,327 INFO: Executing TransactionTrackerOperations.select_customer()
2019-01-17 11:19:28,651 INFO: Executing TransactionTrackerOperations.get_CM_parcels()
2019-01-17 11:19:34,633 INFO: Executing TransactionTrackerOperations.search_process_for_CMPDM() for: Performance Health|TAMARAC ADMINISTRACTIVE SERVICES DSSI|810
2019-01-17 11:19:34,655 INFO: Executing TransactionTrackerOperations.select_customer()
2019-01-17 11:19:41,409 INFO: Executing TransactionTrackerOperations.select_customer()
2019-01-17 11:19:52,989 INFO: Executing TransactionTrackerOperations.get_CM_parcels()
2019-01-17 11:19:58,340 INFO: Executing TransactionTrackerOperations.search_process_for_CMPDM() for: Performance Health|TANDEM HEALTHCARE DSSI|810
2019-01-17 11:19:58,524 INFO: Executing TransactionTrackerOperations.select_customer()
2019-01-17 11:20:05,386 INFO: Executing TransactionTrackerOperations.select_customer()
2019-01-17 11:20:16,739 INFO: Executing TransactionTrackerOperations.get_CM_parcels()
2019-01-17 11:20:23,036 INFO: Executing TransactionTrackerOperations.search_process_for_CMPDM() for: Performance Health|TARA CARES LLC DSSI|810
2019-01-17 11:20:23,053 INFO: Executing TransactionTrackerOperations.select_customer()
2019-01-17 11:20:29,848 INFO: Executing TransactionTrackerOperations.select_customer()
2019-01-17 11:20:41,076 INFO: Executing TransactionTrackerOperations.get_CM_parcels()
2019-01-17 11:20:47,274 INFO: Executing TransactionTrackerOperations.search_process_for_CMPDM() for: Performance Health|TEALWOOD TWN DSSI|810
2019-01-17 11:20:47,290 INFO: Executing TransactionTrackerOperations.select_customer()
2019-01-17 11:20:54,079 INFO: Executing TransactionTrackerOperations.select_customer()
2019-01-17 11:21:05,247 INFO: Executing TransactionTrackerOperations.get_CM_parcels()
2019-01-17 11:21:07,552 INFO: NoSuchElementException in TransactionTrackerOperations.get_CM_parcels()
2019-01-17 11:21:11,815 INFO: NoSuchElementException in TransactionTrackerOperations.get_CM_parcels()
2019-01-17 11:21:16,058 INFO: NoSuchElementException in TransactionTrackerOperations.get_CM_parcels()
2019-01-17 11:21:20,274 INFO: NoSuchElementException in TransactionTrackerOperations.get_CM_parcels()
2019-01-17 11:21:24,432 INFO: NoSuchElementException in TransactionTrackerOperations.get_CM_parcels()
2019-01-17 11:21:28,596 INFO: NoSuchElementException in TransactionTrackerOperations.get_CM_parcels()
2019-01-17 11:21:32,831 INFO: NoSuchElementException in TransactionTrackerOperations.get_CM_parcels()
2019-01-17 11:21:37,120 INFO: NoSuchElementException in TransactionTrackerOperations.get_CM_parcels()
2019-01-17 11:21:41,373 INFO: NoSuchElementException in TransactionTrackerOperations.get_CM_parcels()
2019-01-17 11:21:45,619 INFO: NoSuchElementException in TransactionTrackerOperations.get_CM_parcels()
2019-01-17 11:21:50,026 INFO: NoSuchElementException in TransactionTrackerOperations.get_CM_parcels()
2019-01-17 11:21:54,294 INFO: NoSuchElementException in TransactionTrackerOperations.get_CM_parcels()
2019-01-17 11:21:58,649 INFO: NoSuchElementException in TransactionTrackerOperations.get_CM_parcels()
2019-01-17 11:22:06,958 INFO: Executing TransactionTrackerOperations.search_process_for_CMPDM() for: Performance Health|TRANS HEALTH CARE DSSI|810
2019-01-17 11:22:07,170 INFO: Executing TransactionTrackerOperations.select_customer()
2019-01-17 11:22:14,001 INFO: Executing TransactionTrackerOperations.select_customer()
2019-01-17 11:22:25,297 INFO: Executing TransactionTrackerOperations.get_CM_parcels()
2019-01-17 11:22:31,519 INFO: Executing TransactionTrackerOperations.search_process_for_CMPDM() for: Performance Health|UNITED MEDICAL DSSI|810
2019-01-17 11:22:31,538 INFO: Executing TransactionTrackerOperations.select_customer()
2019-01-17 11:22:38,295 INFO: Executing TransactionTrackerOperations.select_customer()
2019-01-17 11:22:49,476 INFO: Executing TransactionTrackerOperations.get_CM_parcels()
2019-01-17 11:22:55,129 INFO: Executing TransactionTrackerOperations.search_process_for_CMPDM() for: Performance Health|WILMAC DSSI|810
2019-01-17 11:22:55,594 INFO: Executing TransactionTrackerOperations.select_customer()
2019-01-17 11:23:02,396 INFO: Executing TransactionTrackerOperations.select_customer()
2019-01-17 11:23:13,190 INFO: Executing TransactionTrackerOperations.get_CM_parcels()
2019-01-17 11:23:15,540 INFO: NoSuchElementException in TransactionTrackerOperations.get_CM_parcels()
2019-01-17 11:23:19,807 INFO: NoSuchElementException in TransactionTrackerOperations.get_CM_parcels()
2019-01-17 11:23:23,965 INFO: NoSuchElementException in TransactionTrackerOperations.get_CM_parcels()
2019-01-17 11:23:28,218 INFO: NoSuchElementException in TransactionTrackerOperations.get_CM_parcels()
2019-01-17 11:23:32,568 INFO: NoSuchElementException in TransactionTrackerOperations.get_CM_parcels()
2019-01-17 11:23:35,018 INFO: NoSuchElementException in TransactionTrackerOperations.get_CM_parcels()
2019-01-17 11:23:41,302 INFO: Executing TransactionTrackerOperations.search_process_for_CMPDM() for: Performance Health|Senior Care Centers LLC|810
2019-01-17 11:23:41,726 INFO: Executing TransactionTrackerOperations.select_customer()
2019-01-17 11:23:48,459 INFO: Executing TransactionTrackerOperations.select_customer()
2019-01-17 11:23:59,612 INFO: Executing TransactionTrackerOperations.get_CM_parcels()
2019-01-17 11:24:05,295 INFO: completed CMProductionDataMonitoring.execute_main()
2019-01-17 14:41:23,078 INFO: Executing Script Credit Memo Prodution Data Monitoring
2019-01-17 14:41:23,193 INFO: Executing CMProductionDataMonitoring.execute_main()
2019-01-17 14:41:29,792 INFO: Login in to Launchpad
2019-01-17 14:41:47,862 INFO: Executing CMProductionDataMonitoring.TaskFilter()
2019-01-17 14:41:48,453 INFO: Refreshing access_token
2019-01-17 14:41:55,867 INFO: select InProgress task from input sheet from CMProductionDataMonitoring.TaskFilter()
2019-01-17 14:41:55,869 INFO: Executing TransactionTrackerOperations.search_process_for_CMPDM() for: Performance Health|BaneCare Management DSSI|810
2019-01-17 14:41:55,933 INFO: Executing TransactionTrackerOperations.select_customer()
2019-01-17 14:42:03,117 INFO: Executing TransactionTrackerOperations.select_customer()
2019-01-17 14:42:14,779 INFO: Executing TransactionTrackerOperations.get_CM_parcels()
2019-01-17 14:42:20,623 INFO: Executing TransactionTrackerOperations.search_process_for_CMPDM() for: Performance Health|DSSI Next Step Healthcare|810
2019-01-17 14:42:21,102 INFO: Executing TransactionTrackerOperations.select_customer()
2019-01-17 14:42:28,150 INFO: Executing TransactionTrackerOperations.select_customer()
2019-01-17 14:42:41,181 INFO: Executing TransactionTrackerOperations.get_CM_parcels()
2019-01-17 14:42:46,774 INFO: Executing TransactionTrackerOperations.search_process_for_CMPDM() for: Performance Health|Regency Pacific DSSI|810
2019-01-17 14:42:47,489 INFO: Executing TransactionTrackerOperations.select_customer()
2019-01-17 14:42:53,771 INFO: Executing TransactionTrackerOperations.select_customer()
2019-01-17 14:42:55,894 ERROR: Error in CMProductionDataMonitoring.TaskFilter()
2019-01-17 14:43:00,373 INFO: Executing TransactionTrackerOperations.search_process_for_CMPDM() for: Performance Health|ADVANTAGE HPSI DSSI|810
2019-01-17 14:43:00,767 INFO: Executing TransactionTrackerOperations.select_customer()
2019-01-17 14:43:07,580 INFO: Executing TransactionTrackerOperations.select_customer()
2019-01-17 14:43:18,954 INFO: Executing TransactionTrackerOperations.get_CM_parcels()
2019-01-17 14:43:21,376 INFO: NoSuchElementException in TransactionTrackerOperations.get_CM_parcels()
2019-01-17 14:43:25,709 INFO: NoSuchElementException in TransactionTrackerOperations.get_CM_parcels()
2019-01-17 14:43:30,012 INFO: NoSuchElementException in TransactionTrackerOperations.get_CM_parcels()
2019-01-17 14:43:34,243 INFO: NoSuchElementException in TransactionTrackerOperations.get_CM_parcels()
2019-01-17 14:43:37,246 INFO: NoSuchElementException in TransactionTrackerOperations.get_CM_parcels()
2019-01-17 14:43:43,305 INFO: Executing TransactionTrackerOperations.search_process_for_CMPDM() for: Performance Health|ADVANTAGE NAVIGATOR DSSI|810
2019-01-17 14:43:43,482 INFO: Executing TransactionTrackerOperations.select_customer()
2019-01-17 14:43:50,271 INFO: Executing TransactionTrackerOperations.select_customer()
2019-01-17 14:44:01,755 INFO: Executing TransactionTrackerOperations.get_CM_parcels()
2019-01-17 14:44:07,143 INFO: Executing TransactionTrackerOperations.search_process_for_CMPDM() for: Performance Health|American Health Companies|810
2019-01-17 14:44:07,522 INFO: Executing TransactionTrackerOperations.select_customer()
2019-01-17 14:44:14,346 INFO: Executing TransactionTrackerOperations.select_customer()
2019-01-17 14:44:25,537 INFO: Executing TransactionTrackerOperations.get_CM_parcels()
2019-01-17 14:44:30,879 INFO: Executing TransactionTrackerOperations.search_process_for_CMPDM() for: Performance Health|APEX|810
2019-01-17 14:44:31,343 INFO: Executing TransactionTrackerOperations.select_customer()
2019-01-17 14:44:38,095 INFO: Executing TransactionTrackerOperations.select_customer()
2019-01-17 14:44:49,034 INFO: Executing TransactionTrackerOperations.get_CM_parcels()
2019-01-17 14:44:55,292 INFO: Executing TransactionTrackerOperations.search_process_for_CMPDM() for: Performance Health|APEX HEALTHCARE FLORIDA DSSI|810
2019-01-17 14:44:55,308 INFO: Executing TransactionTrackerOperations.select_customer()
2019-01-17 14:45:02,133 INFO: Executing TransactionTrackerOperations.select_customer()
2019-01-17 14:45:13,532 INFO: Executing TransactionTrackerOperations.get_CM_parcels()
2019-01-17 14:45:19,016 INFO: Executing TransactionTrackerOperations.search_process_for_CMPDM() for: Performance Health|ATRIUM LIVING CENTERS DSSI|810
2019-01-17 14:45:19,725 INFO: Executing TransactionTrackerOperations.select_customer()
2019-01-17 14:45:26,546 INFO: Executing TransactionTrackerOperations.select_customer()
2019-01-17 14:45:38,128 INFO: Executing TransactionTrackerOperations.get_CM_parcels()
2019-01-17 14:45:40,480 INFO: NoSuchElementException in TransactionTrackerOperations.get_CM_parcels()
2019-01-17 14:45:44,877 INFO: NoSuchElementException in TransactionTrackerOperations.get_CM_parcels()
2019-01-17 14:45:49,102 INFO: NoSuchElementException in TransactionTrackerOperations.get_CM_parcels()
2019-01-17 14:45:53,351 INFO: NoSuchElementException in TransactionTrackerOperations.get_CM_parcels()
2019-01-17 14:45:57,570 INFO: NoSuchElementException in TransactionTrackerOperations.get_CM_parcels()
2019-01-17 14:46:02,002 INFO: NoSuchElementException in TransactionTrackerOperations.get_CM_parcels()
2019-01-17 14:46:06,228 INFO: NoSuchElementException in TransactionTrackerOperations.get_CM_parcels()
2019-01-17 14:46:10,451 INFO: NoSuchElementException in TransactionTrackerOperations.get_CM_parcels()
2019-01-17 14:46:14,689 INFO: NoSuchElementException in TransactionTrackerOperations.get_CM_parcels()
2019-01-17 14:46:18,982 INFO: NoSuchElementException in TransactionTrackerOperations.get_CM_parcels()
2019-01-17 14:46:23,299 INFO: NoSuchElementException in TransactionTrackerOperations.get_CM_parcels()
2019-01-17 14:46:27,635 INFO: NoSuchElementException in TransactionTrackerOperations.get_CM_parcels()
2019-01-17 14:46:31,993 INFO: NoSuchElementException in TransactionTrackerOperations.get_CM_parcels()
2019-01-17 14:46:36,336 INFO: NoSuchElementException in TransactionTrackerOperations.get_CM_parcels()
2019-01-17 14:46:40,672 INFO: NoSuchElementException in TransactionTrackerOperations.get_CM_parcels()
2019-01-17 14:46:45,111 INFO: NoSuchElementException in TransactionTrackerOperations.get_CM_parcels()
2019-01-17 14:46:48,187 INFO: NoSuchElementException in TransactionTrackerOperations.get_CM_parcels()
2019-01-17 14:46:55,653 INFO: Executing TransactionTrackerOperations.search_process_for_CMPDM() for: Performance Health|AXIOM DSSI|810
2019-01-17 14:46:55,673 INFO: Executing TransactionTrackerOperations.select_customer()
2019-01-17 14:47:02,487 INFO: Executing TransactionTrackerOperations.select_customer()
2019-01-17 14:47:13,475 INFO: Executing TransactionTrackerOperations.get_CM_parcels()
2019-01-17 14:47:15,819 INFO: NoSuchElementException in TransactionTrackerOperations.get_CM_parcels()
2019-01-17 14:47:20,205 INFO: NoSuchElementException in TransactionTrackerOperations.get_CM_parcels()
2019-01-17 14:47:29,158 INFO: Executing TransactionTrackerOperations.search_process_for_CMPDM() for: Performance Health|BE GROUP DSSI|810
2019-01-17 14:47:29,276 INFO: Executing TransactionTrackerOperations.select_customer()
2019-01-17 14:47:36,118 INFO: Executing TransactionTrackerOperations.select_customer()
2019-01-17 14:47:47,084 INFO: Executing TransactionTrackerOperations.get_CM_parcels()
2019-01-17 14:47:53,226 INFO: Executing TransactionTrackerOperations.search_process_for_CMPDM() for: Performance Health|BEACON HEALTH DSSI|810
2019-01-17 14:47:53,244 INFO: Executing TransactionTrackerOperations.select_customer()
2019-01-17 14:48:00,085 INFO: Executing TransactionTrackerOperations.select_customer()
2019-01-17 14:48:11,252 INFO: Executing TransactionTrackerOperations.get_CM_parcels()
2019-01-17 14:48:13,585 INFO: NoSuchElementException in TransactionTrackerOperations.get_CM_parcels()
2019-01-17 14:48:17,980 INFO: NoSuchElementException in TransactionTrackerOperations.get_CM_parcels()
2019-01-17 14:48:22,181 INFO: NoSuchElementException in TransactionTrackerOperations.get_CM_parcels()
2019-01-17 14:48:26,419 INFO: NoSuchElementException in TransactionTrackerOperations.get_CM_parcels()
2019-01-17 14:48:30,637 INFO: NoSuchElementException in TransactionTrackerOperations.get_CM_parcels()
2019-01-17 14:48:34,883 INFO: NoSuchElementException in TransactionTrackerOperations.get_CM_parcels()
2019-01-17 14:48:39,196 INFO: NoSuchElementException in TransactionTrackerOperations.get_CM_parcels()
2019-01-17 14:48:41,621 INFO: NoSuchElementException in TransactionTrackerOperations.get_CM_parcels()
2019-01-17 14:48:47,865 INFO: Executing TransactionTrackerOperations.search_process_for_CMPDM() for: Performance Health|BENEDICTINE DSSI|810
2019-01-17 14:48:48,100 INFO: Executing TransactionTrackerOperations.select_customer()
2019-01-17 14:48:54,869 INFO: Executing TransactionTrackerOperations.select_customer()
2019-01-17 14:49:06,095 INFO: Executing TransactionTrackerOperations.get_CM_parcels()
2019-01-17 14:49:11,610 INFO: Executing TransactionTrackerOperations.search_process_for_CMPDM() for: Performance Health|Bethlen Communities Home Health and Hospice|810
2019-01-17 14:49:11,947 INFO: Executing TransactionTrackerOperations.select_customer()
2019-01-17 14:49:18,732 INFO: Executing TransactionTrackerOperations.select_customer()
2019-01-17 14:49:30,950 INFO: Executing TransactionTrackerOperations.get_CM_parcels()
2019-01-17 14:49:33,805 INFO: NoSuchElementException in TransactionTrackerOperations.get_CM_parcels()
2019-01-17 14:49:37,704 INFO: NoSuchElementException in TransactionTrackerOperations.get_CM_parcels()
2019-01-17 14:49:44,934 INFO: Executing TransactionTrackerOperations.search_process_for_CMPDM() for: Performance Health|BOMBAY LANE DSSI|810
2019-01-17 14:49:45,246 INFO: Executing TransactionTrackerOperations.select_customer()
2019-01-17 14:49:52,060 INFO: Executing TransactionTrackerOperations.select_customer()
2019-01-17 14:50:03,041 INFO: Executing TransactionTrackerOperations.get_CM_parcels()
2019-01-17 14:50:05,540 INFO: NoSuchElementException in TransactionTrackerOperations.get_CM_parcels()
2019-01-17 14:50:09,820 INFO: NoSuchElementException in TransactionTrackerOperations.get_CM_parcels()
2019-01-17 14:50:14,018 INFO: NoSuchElementException in TransactionTrackerOperations.get_CM_parcels()
2019-01-17 14:50:18,306 INFO: NoSuchElementException in TransactionTrackerOperations.get_CM_parcels()
2019-01-17 14:50:22,528 INFO: NoSuchElementException in TransactionTrackerOperations.get_CM_parcels()
2019-01-17 14:50:26,899 INFO: NoSuchElementException in TransactionTrackerOperations.get_CM_parcels()
2019-01-17 14:50:31,149 INFO: NoSuchElementException in TransactionTrackerOperations.get_CM_parcels()
2019-01-17 14:50:35,438 INFO: NoSuchElementException in TransactionTrackerOperations.get_CM_parcels()
2019-01-17 14:50:38,809 INFO: NoSuchElementException in TransactionTrackerOperations.get_CM_parcels()
2019-01-17 14:50:44,883 INFO: Executing TransactionTrackerOperations.search_process_for_CMPDM() for: Performance Health|CARDON AND ASSOCIATES DSSI|810
2019-01-17 14:50:45,463 INFO: Executing TransactionTrackerOperations.select_customer()
2019-01-17 14:50:52,236 INFO: Executing TransactionTrackerOperations.select_customer()
2019-01-17 14:51:03,701 INFO: Executing TransactionTrackerOperations.get_CM_parcels()
2019-01-17 14:51:06,105 INFO: NoSuchElementException in TransactionTrackerOperations.get_CM_parcels()
2019-01-17 14:51:10,433 INFO: NoSuchElementException in TransactionTrackerOperations.get_CM_parcels()
2019-01-17 14:51:14,676 INFO: NoSuchElementException in TransactionTrackerOperations.get_CM_parcels()
2019-01-17 14:51:18,921 INFO: NoSuchElementException in TransactionTrackerOperations.get_CM_parcels()
2019-01-17 14:51:23,188 INFO: NoSuchElementException in TransactionTrackerOperations.get_CM_parcels()
2019-01-17 14:51:27,431 INFO: NoSuchElementException in TransactionTrackerOperations.get_CM_parcels()
2019-01-17 14:51:31,748 INFO: NoSuchElementException in TransactionTrackerOperations.get_CM_parcels()
2019-01-17 14:51:36,042 INFO: NoSuchElementException in TransactionTrackerOperations.get_CM_parcels()
2019-01-17 14:51:40,330 INFO: NoSuchElementException in TransactionTrackerOperations.get_CM_parcels()
2019-01-17 14:51:44,730 INFO: NoSuchElementException in TransactionTrackerOperations.get_CM_parcels()
2019-01-17 14:51:49,127 INFO: NoSuchElementException in TransactionTrackerOperations.get_CM_parcels()
2019-01-17 14:51:53,507 INFO: NoSuchElementException in TransactionTrackerOperations.get_CM_parcels()
2019-01-17 14:51:57,747 INFO: NoSuchElementException in TransactionTrackerOperations.get_CM_parcels()
2019-01-17 14:52:02,144 INFO: NoSuchElementException in TransactionTrackerOperations.get_CM_parcels()
2019-01-17 14:52:06,342 INFO: NoSuchElementException in TransactionTrackerOperations.get_CM_parcels()
2019-01-17 14:52:10,677 INFO: NoSuchElementException in TransactionTrackerOperations.get_CM_parcels()
2019-01-17 14:52:14,984 INFO: NoSuchElementException in TransactionTrackerOperations.get_CM_parcels()
2019-01-17 14:52:18,775 INFO: NoSuchElementException in TransactionTrackerOperations.get_CM_parcels()
2019-01-17 14:52:26,156 INFO: Executing TransactionTrackerOperations.search_process_for_CMPDM() for: Performance Health|CERES PURCHASING SOLUTIONS DSSI|810
2019-01-17 14:52:26,172 INFO: Executing TransactionTrackerOperations.select_customer()
2019-01-17 14:52:32,999 INFO: Executing TransactionTrackerOperations.select_customer()
2019-01-17 14:52:44,475 INFO: Executing TransactionTrackerOperations.get_CM_parcels()
2019-01-17 14:52:50,524 INFO: Executing TransactionTrackerOperations.search_process_for_CMPDM() for: Performance Health|Chosen Healthcare DSSI|810
2019-01-17 14:52:50,541 INFO: Executing TransactionTrackerOperations.select_customer()
2019-01-17 14:52:57,400 INFO: Executing TransactionTrackerOperations.select_customer()
2019-01-17 14:53:08,604 INFO: Executing TransactionTrackerOperations.get_CM_parcels()
2019-01-17 14:53:14,365 INFO: Executing TransactionTrackerOperations.search_process_for_CMPDM() for: Performance Health|CLEAR CHOICE DSSI|810
2019-01-17 14:53:14,681 INFO: Executing TransactionTrackerOperations.select_customer()
2019-01-17 14:53:21,512 INFO: Executing TransactionTrackerOperations.select_customer()
2019-01-17 14:53:32,619 INFO: Executing TransactionTrackerOperations.get_CM_parcels()
2019-01-17 14:53:35,036 INFO: NoSuchElementException in TransactionTrackerOperations.get_CM_parcels()
2019-01-17 14:53:39,344 INFO: NoSuchElementException in TransactionTrackerOperations.get_CM_parcels()
2019-01-17 14:53:43,625 INFO: NoSuchElementException in TransactionTrackerOperations.get_CM_parcels()
2019-01-17 14:53:47,882 INFO: NoSuchElementException in TransactionTrackerOperations.get_CM_parcels()
2019-01-17 14:53:52,112 INFO: NoSuchElementException in TransactionTrackerOperations.get_CM_parcels()
2019-01-17 14:53:56,421 INFO: NoSuchElementException in TransactionTrackerOperations.get_CM_parcels()
2019-01-17 14:54:00,719 INFO: NoSuchElementException in TransactionTrackerOperations.get_CM_parcels()
2019-01-17 14:54:04,978 INFO: NoSuchElementException in TransactionTrackerOperations.get_CM_parcels()
2019-01-17 14:54:09,246 INFO: NoSuchElementException in TransactionTrackerOperations.get_CM_parcels()
2019-01-17 14:54:13,534 INFO: NoSuchElementException in TransactionTrackerOperations.get_CM_parcels()
2019-01-17 14:54:17,970 INFO: NoSuchElementException in TransactionTrackerOperations.get_CM_parcels()
2019-01-17 14:54:22,373 INFO: NoSuchElementException in TransactionTrackerOperations.get_CM_parcels()
2019-01-17 14:54:30,790 INFO: Executing TransactionTrackerOperations.search_process_for_CMPDM() for: Performance Health|COMMUNICARE DSSI|810
2019-01-17 14:54:31,115 INFO: Executing TransactionTrackerOperations.select_customer()
2019-01-17 14:54:37,951 INFO: Executing TransactionTrackerOperations.select_customer()
2019-01-17 14:54:49,106 INFO: Executing TransactionTrackerOperations.get_CM_parcels()
2019-01-17 14:54:54,816 INFO: Executing TransactionTrackerOperations.search_process_for_CMPDM() for: Performance Health|COMPLETE HEALTHCARE DSSI|810
2019-01-17 14:54:55,052 INFO: Executing TransactionTrackerOperations.select_customer()
2019-01-17 14:55:01,816 INFO: Executing TransactionTrackerOperations.select_customer()
2019-01-17 14:55:13,209 INFO: Executing TransactionTrackerOperations.get_CM_parcels()
2019-01-17 14:55:15,534 INFO: NoSuchElementException in TransactionTrackerOperations.get_CM_parcels()
2019-01-17 14:55:19,938 INFO: NoSuchElementException in TransactionTrackerOperations.get_CM_parcels()
2019-01-17 14:55:24,206 INFO: NoSuchElementException in TransactionTrackerOperations.get_CM_parcels()
2019-01-17 14:55:28,414 INFO: NoSuchElementException in TransactionTrackerOperations.get_CM_parcels()
2019-01-17 14:55:32,616 INFO: NoSuchElementException in TransactionTrackerOperations.get_CM_parcels()
2019-01-17 14:55:36,853 INFO: NoSuchElementException in TransactionTrackerOperations.get_CM_parcels()
2019-01-17 14:55:41,072 INFO: NoSuchElementException in TransactionTrackerOperations.get_CM_parcels()
2019-01-17 14:55:45,369 INFO: NoSuchElementException in TransactionTrackerOperations.get_CM_parcels()
2019-01-17 14:55:49,629 INFO: NoSuchElementException in TransactionTrackerOperations.get_CM_parcels()
2019-01-17 14:55:53,893 INFO: NoSuchElementException in TransactionTrackerOperations.get_CM_parcels()
2019-01-17 14:55:58,312 INFO: NoSuchElementException in TransactionTrackerOperations.get_CM_parcels()
2019-01-17 14:56:02,646 INFO: NoSuchElementException in TransactionTrackerOperations.get_CM_parcels()
2019-01-17 14:56:06,916 INFO: NoSuchElementException in TransactionTrackerOperations.get_CM_parcels()
2019-01-17 14:56:11,284 INFO: NoSuchElementException in TransactionTrackerOperations.get_CM_parcels()
2019-01-17 14:56:15,577 INFO: NoSuchElementException in TransactionTrackerOperations.get_CM_parcels()
2019-01-17 14:56:19,854 INFO: NoSuchElementException in TransactionTrackerOperations.get_CM_parcels()
2019-01-17 14:56:24,196 INFO: NoSuchElementException in TransactionTrackerOperations.get_CM_parcels()
2019-01-17 14:56:28,647 INFO: NoSuchElementException in TransactionTrackerOperations.get_CM_parcels()
2019-01-17 14:56:31,281 INFO: NoSuchElementException in TransactionTrackerOperations.get_CM_parcels()
2019-01-17 14:56:38,996 INFO: Executing TransactionTrackerOperations.search_process_for_CMPDM() for: Performance Health|COVENANT DOVE DSSI|810
2019-01-17 14:56:39,022 INFO: Executing TransactionTrackerOperations.select_customer()
2019-01-17 14:56:45,846 INFO: Executing TransactionTrackerOperations.select_customer()
2019-01-17 14:56:56,930 INFO: Executing TransactionTrackerOperations.get_CM_parcels()
2019-01-17 14:56:59,427 INFO: NoSuchElementException in TransactionTrackerOperations.get_CM_parcels()
2019-01-17 14:57:03,728 INFO: NoSuchElementException in TransactionTrackerOperations.get_CM_parcels()
2019-01-17 14:57:07,949 INFO: NoSuchElementException in TransactionTrackerOperations.get_CM_parcels()
2019-01-17 14:57:12,147 INFO: NoSuchElementException in TransactionTrackerOperations.get_CM_parcels()
2019-01-17 14:57:16,317 INFO: NoSuchElementException in TransactionTrackerOperations.get_CM_parcels()
2019-01-17 14:57:20,539 INFO: NoSuchElementException in TransactionTrackerOperations.get_CM_parcels()
2019-01-17 14:57:25,190 INFO: NoSuchElementException in TransactionTrackerOperations.get_CM_parcels()
2019-01-17 14:57:29,553 INFO: NoSuchElementException in TransactionTrackerOperations.get_CM_parcels()
2019-01-17 14:57:34,120 INFO: NoSuchElementException in TransactionTrackerOperations.get_CM_parcels()
2019-01-17 14:57:38,523 INFO: NoSuchElementException in TransactionTrackerOperations.get_CM_parcels()
2019-01-17 14:57:43,030 INFO: NoSuchElementException in TransactionTrackerOperations.get_CM_parcels()
2019-01-17 14:57:47,633 INFO: NoSuchElementException in TransactionTrackerOperations.get_CM_parcels()
2019-01-17 14:57:52,040 INFO: NoSuchElementException in TransactionTrackerOperations.get_CM_parcels()
2019-01-17 14:57:56,489 INFO: NoSuchElementException in TransactionTrackerOperations.get_CM_parcels()
2019-01-17 14:58:00,910 INFO: NoSuchElementException in TransactionTrackerOperations.get_CM_parcels()
2019-01-17 14:58:05,366 INFO: NoSuchElementException in TransactionTrackerOperations.get_CM_parcels()
2019-01-17 14:58:09,772 INFO: NoSuchElementException in TransactionTrackerOperations.get_CM_parcels()
2019-01-17 14:58:13,942 INFO: NoSuchElementException in TransactionTrackerOperations.get_CM_parcels()
2019-01-17 14:58:18,189 INFO: NoSuchElementException in TransactionTrackerOperations.get_CM_parcels()
2019-01-17 14:58:22,423 INFO: NoSuchElementException in TransactionTrackerOperations.get_CM_parcels()
2019-01-17 14:58:26,724 INFO: NoSuchElementException in TransactionTrackerOperations.get_CM_parcels()
2019-01-17 14:58:31,078 INFO: NoSuchElementException in TransactionTrackerOperations.get_CM_parcels()
2019-01-17 14:58:35,403 INFO: NoSuchElementException in TransactionTrackerOperations.get_CM_parcels()
2019-01-17 14:58:39,576 INFO: NoSuchElementException in TransactionTrackerOperations.get_CM_parcels()
2019-01-17 14:58:43,955 INFO: NoSuchElementException in TransactionTrackerOperations.get_CM_parcels()
2019-01-17 14:58:47,532 INFO: NoSuchElementException in TransactionTrackerOperations.get_CM_parcels()
2019-01-17 14:58:54,492 INFO: Executing TransactionTrackerOperations.search_process_for_CMPDM() for: Performance Health|DIAKON LUTHERAN DSSI|810
2019-01-17 14:58:54,856 INFO: Executing TransactionTrackerOperations.select_customer()
2019-01-17 14:59:01,716 INFO: Executing TransactionTrackerOperations.select_customer()
2019-01-17 14:59:13,074 INFO: Executing TransactionTrackerOperations.get_CM_parcels()
2019-01-17 14:59:15,461 INFO: NoSuchElementException in TransactionTrackerOperations.get_CM_parcels()
2019-01-17 14:59:19,824 INFO: NoSuchElementException in TransactionTrackerOperations.get_CM_parcels()
2019-01-17 14:59:24,093 INFO: NoSuchElementException in TransactionTrackerOperations.get_CM_parcels()
2019-01-17 14:59:28,294 INFO: NoSuchElementException in TransactionTrackerOperations.get_CM_parcels()
2019-01-17 14:59:32,533 INFO: NoSuchElementException in TransactionTrackerOperations.get_CM_parcels()
2019-01-17 14:59:36,842 INFO: NoSuchElementException in TransactionTrackerOperations.get_CM_parcels()
2019-01-17 14:59:41,102 INFO: NoSuchElementException in TransactionTrackerOperations.get_CM_parcels()
2019-01-17 14:59:45,438 INFO: NoSuchElementException in TransactionTrackerOperations.get_CM_parcels()
2019-01-17 14:59:49,076 INFO: NoSuchElementException in TransactionTrackerOperations.get_CM_parcels()
2019-01-17 14:59:55,169 INFO: Executing TransactionTrackerOperations.search_process_for_CMPDM() for: Performance Health|DIVERSICARE DSSI|810
2019-01-17 14:59:55,475 INFO: Executing TransactionTrackerOperations.select_customer()
2019-01-17 15:00:02,285 INFO: Executing TransactionTrackerOperations.select_customer()
2019-01-17 15:00:13,451 INFO: Executing TransactionTrackerOperations.get_CM_parcels()
2019-01-17 15:00:19,953 INFO: Executing TransactionTrackerOperations.search_process_for_CMPDM() for: Performance Health|Dycora Transitional Health DSSI|810
2019-01-17 15:00:19,982 INFO: Executing TransactionTrackerOperations.select_customer()
2019-01-17 15:00:26,749 INFO: Executing TransactionTrackerOperations.select_customer()
2019-01-17 15:00:38,020 INFO: Executing TransactionTrackerOperations.get_CM_parcels()
2019-01-17 15:00:40,460 INFO: NoSuchElementException in TransactionTrackerOperations.get_CM_parcels()
2019-01-17 15:00:44,785 INFO: NoSuchElementException in TransactionTrackerOperations.get_CM_parcels()
2019-01-17 15:00:49,043 INFO: NoSuchElementException in TransactionTrackerOperations.get_CM_parcels()
2019-01-17 15:00:53,328 INFO: NoSuchElementException in TransactionTrackerOperations.get_CM_parcels()
2019-01-17 15:00:57,614 INFO: NoSuchElementException in TransactionTrackerOperations.get_CM_parcels()
2019-01-17 15:01:01,925 INFO: NoSuchElementException in TransactionTrackerOperations.get_CM_parcels()
2019-01-17 15:01:06,172 INFO: NoSuchElementException in TransactionTrackerOperations.get_CM_parcels()
2019-01-17 15:01:10,432 INFO: NoSuchElementException in TransactionTrackerOperations.get_CM_parcels()
2019-01-17 15:01:14,690 INFO: NoSuchElementException in TransactionTrackerOperations.get_CM_parcels()
2019-01-17 15:01:19,017 INFO: NoSuchElementException in TransactionTrackerOperations.get_CM_parcels()
2019-01-17 15:01:23,272 INFO: NoSuchElementException in TransactionTrackerOperations.get_CM_parcels()
2019-01-17 15:01:27,522 INFO: NoSuchElementException in TransactionTrackerOperations.get_CM_parcels()
2019-01-17 15:01:31,895 INFO: NoSuchElementException in TransactionTrackerOperations.get_CM_parcels()
2019-01-17 15:01:36,202 INFO: NoSuchElementException in TransactionTrackerOperations.get_CM_parcels()
2019-01-17 15:01:39,845 INFO: NoSuchElementException in TransactionTrackerOperations.get_CM_parcels()
2019-01-17 15:01:47,070 INFO: Executing TransactionTrackerOperations.search_process_for_CMPDM() for: Performance Health|ERICKSON RETIREMENT COMMUNITIES DSSI|810
2019-01-17 15:01:47,370 INFO: Executing TransactionTrackerOperations.select_customer()
2019-01-17 15:01:54,184 INFO: Executing TransactionTrackerOperations.select_customer()
2019-01-17 15:02:05,798 INFO: Executing TransactionTrackerOperations.get_CM_parcels()
2019-01-17 15:02:08,169 INFO: NoSuchElementException in TransactionTrackerOperations.get_CM_parcels()
2019-01-17 15:02:12,441 INFO: NoSuchElementException in TransactionTrackerOperations.get_CM_parcels()
2019-01-17 15:02:16,723 INFO: NoSuchElementException in TransactionTrackerOperations.get_CM_parcels()
2019-01-17 15:02:20,929 INFO: NoSuchElementException in TransactionTrackerOperations.get_CM_parcels()
2019-01-17 15:02:25,121 INFO: NoSuchElementException in TransactionTrackerOperations.get_CM_parcels()
2019-01-17 15:02:29,341 INFO: NoSuchElementException in TransactionTrackerOperations.get_CM_parcels()
2019-01-17 15:02:33,580 INFO: NoSuchElementException in TransactionTrackerOperations.get_CM_parcels()
2019-01-17 15:02:37,961 INFO: NoSuchElementException in TransactionTrackerOperations.get_CM_parcels()
2019-01-17 15:02:42,227 INFO: NoSuchElementException in TransactionTrackerOperations.get_CM_parcels()
2019-01-17 15:02:46,554 INFO: NoSuchElementException in TransactionTrackerOperations.get_CM_parcels()
2019-01-17 15:02:50,883 INFO: NoSuchElementException in TransactionTrackerOperations.get_CM_parcels()
2019-01-17 15:02:55,174 INFO: NoSuchElementException in TransactionTrackerOperations.get_CM_parcels()
2019-01-17 15:02:59,436 INFO: NoSuchElementException in TransactionTrackerOperations.get_CM_parcels()
2019-01-17 15:03:03,668 INFO: NoSuchElementException in TransactionTrackerOperations.get_CM_parcels()
2019-01-17 15:03:07,976 INFO: NoSuchElementException in TransactionTrackerOperations.get_CM_parcels()
2019-01-17 15:03:11,966 INFO: NoSuchElementException in TransactionTrackerOperations.get_CM_parcels()
2019-01-17 15:03:15,983 INFO: NoSuchElementException in TransactionTrackerOperations.get_CM_parcels()
2019-01-17 15:03:19,913 INFO: NoSuchElementException in TransactionTrackerOperations.get_CM_parcels()
2019-01-17 15:03:23,893 INFO: NoSuchElementException in TransactionTrackerOperations.get_CM_parcels()
2019-01-17 15:03:27,908 INFO: NoSuchElementException in TransactionTrackerOperations.get_CM_parcels()
2019-01-17 15:03:49,327 INFO: Executing TransactionTrackerOperations.search_process_for_CMPDM() for: Performance Health|FORTIS MANAGEMENT GROUP DSSI|810
2019-01-17 15:03:49,619 INFO: Executing TransactionTrackerOperations.select_customer()
2019-01-17 15:03:56,466 INFO: Executing TransactionTrackerOperations.select_customer()
2019-01-17 15:04:07,710 INFO: Executing TransactionTrackerOperations.get_CM_parcels()
2019-01-17 15:04:07,993 INFO: NoSuchElementException in TransactionTrackerOperations.get_CM_parcels()
2019-01-17 15:04:14,347 INFO: Executing TransactionTrackerOperations.search_process_for_CMPDM() for: Performance Health|GOOD SAMARITAN SOCIETY DSSI|810
2019-01-17 15:04:14,786 INFO: Executing TransactionTrackerOperations.select_customer()
2019-01-17 15:04:21,659 INFO: Executing TransactionTrackerOperations.select_customer()
2019-01-17 15:04:32,997 INFO: Executing TransactionTrackerOperations.get_CM_parcels()
2019-01-17 15:04:38,583 INFO: Executing TransactionTrackerOperations.search_process_for_CMPDM() for: Performance Health|GULF COAST HEALTHCARE DSSI|810
2019-01-17 15:04:38,967 INFO: Executing TransactionTrackerOperations.select_customer()
2019-01-17 15:04:45,786 INFO: Executing TransactionTrackerOperations.select_customer()
2019-01-17 15:04:57,144 INFO: Executing TransactionTrackerOperations.get_CM_parcels()
2019-01-17 15:05:03,344 INFO: Executing TransactionTrackerOperations.search_process_for_CMPDM() for: Performance Health|ICARE MANAGEMENT DSSI|810
2019-01-17 15:05:03,362 INFO: Executing TransactionTrackerOperations.select_customer()
2019-01-17 15:05:10,154 INFO: Executing TransactionTrackerOperations.select_customer()
2019-01-17 15:05:21,458 INFO: Executing TransactionTrackerOperations.get_CM_parcels()
2019-01-17 15:05:24,304 INFO: NoSuchElementException in TransactionTrackerOperations.get_CM_parcels()
2019-01-17 15:05:28,588 INFO: NoSuchElementException in TransactionTrackerOperations.get_CM_parcels()
2019-01-17 15:05:32,865 INFO: NoSuchElementException in TransactionTrackerOperations.get_CM_parcels()
2019-01-17 15:05:37,241 INFO: NoSuchElementException in TransactionTrackerOperations.get_CM_parcels()
2019-01-17 15:05:41,453 INFO: NoSuchElementException in TransactionTrackerOperations.get_CM_parcels()
2019-01-17 15:05:45,825 INFO: NoSuchElementException in TransactionTrackerOperations.get_CM_parcels()
2019-01-17 15:05:48,607 INFO: NoSuchElementException in TransactionTrackerOperations.get_CM_parcels()
2019-01-17 15:05:55,670 INFO: Executing TransactionTrackerOperations.search_process_for_CMPDM() for: Performance Health|Kindred Healthcare via IntelliOrder|810
2019-01-17 15:05:55,690 INFO: Executing TransactionTrackerOperations.select_customer()
2019-01-17 15:06:02,526 INFO: Executing TransactionTrackerOperations.select_customer()
2019-01-17 15:06:13,637 INFO: Executing TransactionTrackerOperations.get_CM_parcels()
2019-01-17 15:06:15,981 INFO: NoSuchElementException in TransactionTrackerOperations.get_CM_parcels()
2019-01-17 15:06:20,298 INFO: NoSuchElementException in TransactionTrackerOperations.get_CM_parcels()
2019-01-17 15:06:24,491 INFO: NoSuchElementException in TransactionTrackerOperations.get_CM_parcels()
2019-01-17 15:06:28,731 INFO: NoSuchElementException in TransactionTrackerOperations.get_CM_parcels()
2019-01-17 15:06:32,951 INFO: NoSuchElementException in TransactionTrackerOperations.get_CM_parcels()
2019-01-17 15:06:37,190 INFO: NoSuchElementException in TransactionTrackerOperations.get_CM_parcels()
2019-01-17 15:06:41,489 INFO: NoSuchElementException in TransactionTrackerOperations.get_CM_parcels()
2019-01-17 15:06:45,888 INFO: NoSuchElementException in TransactionTrackerOperations.get_CM_parcels()
2019-01-17 15:06:50,190 INFO: NoSuchElementException in TransactionTrackerOperations.get_CM_parcels()
2019-01-17 15:06:54,552 INFO: NoSuchElementException in TransactionTrackerOperations.get_CM_parcels()
2019-01-17 15:06:58,727 INFO: NoSuchElementException in TransactionTrackerOperations.get_CM_parcels()
2019-01-17 15:07:03,014 INFO: NoSuchElementException in TransactionTrackerOperations.get_CM_parcels()
2019-01-17 15:07:07,310 INFO: NoSuchElementException in TransactionTrackerOperations.get_CM_parcels()
2019-01-17 15:07:11,531 INFO: NoSuchElementException in TransactionTrackerOperations.get_CM_parcels()
2019-01-17 15:07:15,811 INFO: NoSuchElementException in TransactionTrackerOperations.get_CM_parcels()
2019-01-17 15:07:20,140 INFO: NoSuchElementException in TransactionTrackerOperations.get_CM_parcels()
2019-01-17 15:07:24,390 INFO: NoSuchElementException in TransactionTrackerOperations.get_CM_parcels()
2019-01-17 15:07:28,699 INFO: NoSuchElementException in TransactionTrackerOperations.get_CM_parcels()
2019-01-17 15:07:32,970 INFO: NoSuchElementException in TransactionTrackerOperations.get_CM_parcels()
2019-01-17 15:07:37,225 INFO: NoSuchElementException in TransactionTrackerOperations.get_CM_parcels()
2019-01-17 15:07:41,456 INFO: NoSuchElementException in TransactionTrackerOperations.get_CM_parcels()
2019-01-17 15:07:45,791 INFO: NoSuchElementException in TransactionTrackerOperations.get_CM_parcels()
2019-01-17 15:07:50,144 INFO: NoSuchElementException in TransactionTrackerOperations.get_CM_parcels()
2019-01-17 15:07:54,432 INFO: NoSuchElementException in TransactionTrackerOperations.get_CM_parcels()
2019-01-17 15:07:58,710 INFO: NoSuchElementException in TransactionTrackerOperations.get_CM_parcels()
2019-01-17 15:08:02,916 INFO: NoSuchElementException in TransactionTrackerOperations.get_CM_parcels()
2019-01-17 15:08:07,117 INFO: NoSuchElementException in TransactionTrackerOperations.get_CM_parcels()
2019-01-17 15:08:11,340 INFO: NoSuchElementException in TransactionTrackerOperations.get_CM_parcels()
2019-01-17 15:08:15,662 INFO: NoSuchElementException in TransactionTrackerOperations.get_CM_parcels()
2019-01-17 15:08:19,947 INFO: NoSuchElementException in TransactionTrackerOperations.get_CM_parcels()
2019-01-17 15:08:24,224 INFO: NoSuchElementException in TransactionTrackerOperations.get_CM_parcels()
2019-01-17 15:08:28,495 INFO: NoSuchElementException in TransactionTrackerOperations.get_CM_parcels()
2019-01-17 15:08:32,861 INFO: NoSuchElementException in TransactionTrackerOperations.get_CM_parcels()
2019-01-17 15:08:37,087 INFO: NoSuchElementException in TransactionTrackerOperations.get_CM_parcels()
2019-01-17 15:08:41,507 INFO: NoSuchElementException in TransactionTrackerOperations.get_CM_parcels()
2019-01-17 15:08:45,764 INFO: NoSuchElementException in TransactionTrackerOperations.get_CM_parcels()
2019-01-17 15:08:50,009 INFO: NoSuchElementException in TransactionTrackerOperations.get_CM_parcels()
2019-01-17 15:08:54,376 INFO: NoSuchElementException in TransactionTrackerOperations.get_CM_parcels()
2019-01-17 15:08:58,630 INFO: NoSuchElementException in TransactionTrackerOperations.get_CM_parcels()
2019-01-17 15:09:02,917 INFO: NoSuchElementException in TransactionTrackerOperations.get_CM_parcels()
2019-01-17 15:09:07,245 INFO: NoSuchElementException in TransactionTrackerOperations.get_CM_parcels()
2019-01-17 15:09:11,547 INFO: NoSuchElementException in TransactionTrackerOperations.get_CM_parcels()
2019-01-17 15:09:15,907 INFO: NoSuchElementException in TransactionTrackerOperations.get_CM_parcels()
2019-01-17 15:09:20,187 INFO: NoSuchElementException in TransactionTrackerOperations.get_CM_parcels()
2019-01-17 15:09:24,474 INFO: NoSuchElementException in TransactionTrackerOperations.get_CM_parcels()
2019-01-17 15:09:28,743 INFO: NoSuchElementException in TransactionTrackerOperations.get_CM_parcels()
2019-01-17 15:09:33,053 INFO: NoSuchElementException in TransactionTrackerOperations.get_CM_parcels()
2019-01-17 15:09:37,340 INFO: NoSuchElementException in TransactionTrackerOperations.get_CM_parcels()
2019-01-17 15:09:41,425 INFO: NoSuchElementException in TransactionTrackerOperations.get_CM_parcels()
2019-01-17 15:09:48,289 INFO: Executing TransactionTrackerOperations.search_process_for_CMPDM() for: Performance Health|LAVIE ADMINISTRATIVE SERVICES DSSI|810
2019-01-17 15:09:48,599 INFO: Executing TransactionTrackerOperations.select_customer()
2019-01-17 15:09:55,428 INFO: Executing TransactionTrackerOperations.select_customer()
2019-01-17 15:10:06,937 INFO: Executing TransactionTrackerOperations.get_CM_parcels()
2019-01-17 15:10:09,314 INFO: NoSuchElementException in TransactionTrackerOperations.get_CM_parcels()
2019-01-17 15:10:13,597 INFO: NoSuchElementException in TransactionTrackerOperations.get_CM_parcels()
2019-01-17 15:10:17,726 INFO: NoSuchElementException in TransactionTrackerOperations.get_CM_parcels()
2019-01-17 15:10:21,983 INFO: NoSuchElementException in TransactionTrackerOperations.get_CM_parcels()
2019-01-17 15:10:26,211 INFO: NoSuchElementException in TransactionTrackerOperations.get_CM_parcels()
2019-01-17 15:10:30,424 INFO: NoSuchElementException in TransactionTrackerOperations.get_CM_parcels()
2019-01-17 15:10:35,005 INFO: NoSuchElementException in TransactionTrackerOperations.get_CM_parcels()
2019-01-17 15:10:39,340 INFO: NoSuchElementException in TransactionTrackerOperations.get_CM_parcels()
2019-01-17 15:10:43,597 INFO: NoSuchElementException in TransactionTrackerOperations.get_CM_parcels()
2019-01-17 15:10:47,934 INFO: NoSuchElementException in TransactionTrackerOperations.get_CM_parcels()
2019-01-17 15:10:52,190 INFO: NoSuchElementException in TransactionTrackerOperations.get_CM_parcels()
2019-01-17 15:10:56,453 INFO: NoSuchElementException in TransactionTrackerOperations.get_CM_parcels()
2019-01-17 15:10:58,864 INFO: NoSuchElementException in TransactionTrackerOperations.get_CM_parcels()
2019-01-17 15:11:06,213 INFO: Executing TransactionTrackerOperations.search_process_for_CMPDM() for: Performance Health|LEGACY SENIOR DSSI|810
2019-01-17 15:11:06,229 INFO: Executing TransactionTrackerOperations.select_customer()
2019-01-17 15:11:13,044 INFO: Executing TransactionTrackerOperations.select_customer()
2019-01-17 15:11:24,313 INFO: Executing TransactionTrackerOperations.get_CM_parcels()
2019-01-17 15:11:30,006 INFO: Executing TransactionTrackerOperations.search_process_for_CMPDM() for: Performance Health|MARINER DSSI|810
2019-01-17 15:11:30,292 INFO: Executing TransactionTrackerOperations.select_customer()
2019-01-17 15:11:37,062 INFO: Executing TransactionTrackerOperations.select_customer()
2019-01-17 15:11:48,129 INFO: Executing TransactionTrackerOperations.get_CM_parcels()
2019-01-17 15:11:54,401 INFO: Executing TransactionTrackerOperations.search_process_for_CMPDM() for: Performance Health|MARINER HEALTH DSSI|810
2019-01-17 15:11:54,418 INFO: Executing TransactionTrackerOperations.select_customer()
2019-01-17 15:12:01,264 INFO: Executing TransactionTrackerOperations.select_customer()
2019-01-17 15:12:12,455 INFO: Executing TransactionTrackerOperations.get_CM_parcels()
2019-01-17 15:12:14,862 INFO: NoSuchElementException in TransactionTrackerOperations.get_CM_parcels()
2019-01-17 15:12:19,160 INFO: NoSuchElementException in TransactionTrackerOperations.get_CM_parcels()
2019-01-17 15:12:23,430 INFO: NoSuchElementException in TransactionTrackerOperations.get_CM_parcels()
2019-01-17 15:12:27,662 INFO: NoSuchElementException in TransactionTrackerOperations.get_CM_parcels()
2019-01-17 15:12:31,905 INFO: NoSuchElementException in TransactionTrackerOperations.get_CM_parcels()
2019-01-17 15:12:36,371 INFO: NoSuchElementException in TransactionTrackerOperations.get_CM_parcels()
2019-01-17 15:12:40,574 INFO: NoSuchElementException in TransactionTrackerOperations.get_CM_parcels()
2019-01-17 15:12:45,119 INFO: NoSuchElementException in TransactionTrackerOperations.get_CM_parcels()
2019-01-17 15:12:49,576 INFO: NoSuchElementException in TransactionTrackerOperations.get_CM_parcels()
2019-01-17 15:12:54,042 INFO: NoSuchElementException in TransactionTrackerOperations.get_CM_parcels()
2019-01-17 15:12:58,322 INFO: NoSuchElementException in TransactionTrackerOperations.get_CM_parcels()
2019-01-17 15:13:02,535 INFO: NoSuchElementException in TransactionTrackerOperations.get_CM_parcels()
2019-01-17 15:13:06,794 INFO: NoSuchElementException in TransactionTrackerOperations.get_CM_parcels()
2019-01-17 15:13:11,078 INFO: NoSuchElementException in TransactionTrackerOperations.get_CM_parcels()
2019-01-17 15:13:13,462 INFO: NoSuchElementException in TransactionTrackerOperations.get_CM_parcels()
2019-01-17 15:13:20,744 INFO: Executing TransactionTrackerOperations.search_process_for_CMPDM() for: Performance Health|MEDCENTERDIRECT DOT COM|810
2019-01-17 15:13:20,765 INFO: Executing TransactionTrackerOperations.select_customer()
2019-01-17 15:13:27,605 INFO: Executing TransactionTrackerOperations.select_customer()
2019-01-17 15:13:38,894 INFO: Executing TransactionTrackerOperations.get_CM_parcels()
2019-01-17 15:13:44,922 INFO: Executing TransactionTrackerOperations.search_process_for_CMPDM() for: Performance Health|DSSI Kindred at Home|810
2019-01-17 15:13:44,938 INFO: Executing TransactionTrackerOperations.select_customer()
2019-01-17 15:13:51,682 INFO: Executing TransactionTrackerOperations.select_customer()
2019-01-17 15:14:02,708 INFO: Executing TransactionTrackerOperations.get_CM_parcels()
2019-01-17 15:14:08,142 INFO: Executing TransactionTrackerOperations.search_process_for_CMPDM() for: Performance Health|McKesson Medical Systems Columbus Community Hospital|810
2019-01-17 15:14:08,479 INFO: Executing TransactionTrackerOperations.select_customer()
2019-01-17 15:14:15,274 INFO: Executing TransactionTrackerOperations.select_customer()
2019-01-17 15:14:26,833 INFO: Executing TransactionTrackerOperations.get_CM_parcels()
2019-01-17 15:14:32,450 INFO: Executing TransactionTrackerOperations.search_process_for_CMPDM() for: Performance Health|McKesson Material Systems UT Health East Texas|810
2019-01-17 15:14:32,721 INFO: Executing TransactionTrackerOperations.select_customer()
2019-01-17 15:14:39,537 INFO: Executing TransactionTrackerOperations.select_customer()
2019-01-17 15:14:50,930 INFO: Executing TransactionTrackerOperations.get_CM_parcels()
2019-01-17 15:14:51,918 INFO: NoSuchElementException in TransactionTrackerOperations.get_CM_parcels()
2019-01-17 15:14:58,146 INFO: Executing TransactionTrackerOperations.search_process_for_CMPDM() for: Performance Health|DSSI Cadia Healthcare|810
2019-01-17 15:14:58,324 INFO: Executing TransactionTrackerOperations.select_customer()
2019-01-17 15:15:05,164 INFO: Executing TransactionTrackerOperations.select_customer()
2019-01-17 15:15:16,497 INFO: Executing TransactionTrackerOperations.get_CM_parcels()
2019-01-17 15:15:22,230 INFO: completed CMProductionDataMonitoring.execute_main()
