2018-10-05 15:31:40,975 INFO: Executing Script Prodution Data Monitoring
2018-10-05 15:31:49,899 INFO: Login in to Launchpad
2018-10-05 15:32:18,361 INFO: Refreshing access_token
2018-10-05 15:32:23,215 INFO: Executing method 'search_process' from TransactionTrackerOperations
2018-10-05 15:32:23,258 INFO: Executing method 'select_customer' from TransactionTrackerOperations
2018-10-05 15:32:30,148 INFO: Executing method 'select_customer' from TransactionTrackerOperations
2018-10-05 15:32:51,870 INFO: Executing method 'get_parcel' from TransactionTrackerOperations
2018-10-05 15:33:00,312 INFO: Executing method 'search_process' from TransactionTrackerOperations
2018-10-05 15:33:00,327 INFO: Executing method 'select_customer' from TransactionTrackerOperations
2018-10-05 15:33:07,331 INFO: Executing method 'select_customer' from TransactionTrackerOperations
2018-10-05 15:33:29,032 INFO: Executing method 'get_parcel' from TransactionTrackerOperations
2018-10-05 15:33:36,101 INFO: Executing method 'search_process' from TransactionTrackerOperations
2018-10-05 15:33:36,117 INFO: Executing method 'select_customer' from TransactionTrackerOperations
2018-10-05 15:33:42,992 INFO: Executing method 'select_customer' from TransactionTrackerOperations
2018-10-05 15:34:05,082 INFO: Executing method 'get_parcel' from TransactionTrackerOperations
2018-10-05 15:34:12,840 INFO: Executing method 'search_process' from TransactionTrackerOperations
2018-10-05 15:34:12,856 INFO: Executing method 'select_customer' from TransactionTrackerOperations
2018-10-05 15:34:19,801 INFO: Executing method 'select_customer' from TransactionTrackerOperations
2018-10-05 15:34:41,701 INFO: Executing method 'get_parcel' from TransactionTrackerOperations
2018-10-05 15:34:49,949 INFO: Executing method 'search_process' from TransactionTrackerOperations
2018-10-05 15:34:49,983 INFO: Executing method 'select_customer' from TransactionTrackerOperations
2018-10-05 15:34:56,767 INFO: Executing method 'select_customer' from TransactionTrackerOperations
2018-10-05 15:35:18,591 INFO: Executing method 'get_parcel' from TransactionTrackerOperations
2018-10-05 15:35:26,838 INFO: Executing method 'search_process' from TransactionTrackerOperations
2018-10-05 15:35:26,854 INFO: Executing method 'select_customer' from TransactionTrackerOperations
2018-10-05 15:35:33,694 INFO: Executing method 'select_customer' from TransactionTrackerOperations
2018-10-05 15:35:55,621 INFO: Executing method 'get_parcel' from TransactionTrackerOperations
2018-10-05 15:36:02,475 INFO: Executing method 'search_process' from TransactionTrackerOperations
2018-10-05 15:36:02,492 INFO: Executing method 'select_customer' from TransactionTrackerOperations
2018-10-05 15:36:09,323 INFO: Executing method 'select_customer' from TransactionTrackerOperations
2018-10-05 15:36:30,899 INFO: Executing method 'get_parcel' from TransactionTrackerOperations
2018-10-05 15:36:39,363 INFO: Executing method 'search_process' from TransactionTrackerOperations
2018-10-05 15:36:39,378 INFO: Executing method 'select_customer' from TransactionTrackerOperations
2018-10-05 15:36:46,194 INFO: Executing method 'select_customer' from TransactionTrackerOperations
2018-10-05 15:37:08,098 INFO: Executing method 'get_parcel' from TransactionTrackerOperations
2018-10-05 15:37:15,177 INFO: Executing method 'search_process' from TransactionTrackerOperations
2018-10-05 15:37:15,193 INFO: Executing method 'select_customer' from TransactionTrackerOperations
2018-10-05 15:37:22,023 INFO: Executing method 'select_customer' from TransactionTrackerOperations
2018-10-05 15:37:43,736 INFO: Executing method 'get_parcel' from TransactionTrackerOperations
2018-10-05 15:37:50,816 INFO: Executing method 'search_process' from TransactionTrackerOperations
2018-10-05 15:37:50,831 INFO: Executing method 'select_customer' from TransactionTrackerOperations
2018-10-05 15:37:57,646 INFO: Executing method 'select_customer' from TransactionTrackerOperations
2018-10-05 15:38:19,381 INFO: Executing method 'get_parcel' from TransactionTrackerOperations
2018-10-05 15:38:27,754 INFO: Executing method 'search_process' from TransactionTrackerOperations
2018-10-05 15:38:27,771 INFO: Executing method 'select_customer' from TransactionTrackerOperations
2018-10-05 15:38:34,586 INFO: Executing method 'select_customer' from TransactionTrackerOperations
2018-10-05 15:38:56,367 INFO: Executing method 'get_parcel' from TransactionTrackerOperations
2018-10-05 15:39:04,512 INFO: Executing method 'search_process' from TransactionTrackerOperations
2018-10-05 15:39:04,526 INFO: Executing method 'select_customer' from TransactionTrackerOperations
2018-10-05 15:39:11,317 INFO: Executing method 'select_customer' from TransactionTrackerOperations
2018-10-05 15:39:33,139 INFO: Executing method 'get_parcel' from TransactionTrackerOperations
2018-10-05 15:39:40,301 INFO: Executing method 'search_process' from TransactionTrackerOperations
2018-10-05 15:39:40,316 INFO: Executing method 'select_customer' from TransactionTrackerOperations
2018-10-05 15:39:47,159 INFO: Executing method 'select_customer' from TransactionTrackerOperations
2018-10-05 15:40:08,811 INFO: Executing method 'get_parcel' from TransactionTrackerOperations
2018-10-05 15:40:15,870 INFO: Executing method 'search_process' from TransactionTrackerOperations
2018-10-05 15:40:15,885 INFO: Executing method 'select_customer' from TransactionTrackerOperations
2018-10-05 15:40:22,752 INFO: Executing method 'select_customer' from TransactionTrackerOperations
2018-10-05 15:40:44,427 INFO: Executing method 'get_parcel' from TransactionTrackerOperations
2018-10-05 15:40:52,589 INFO: Executing method 'search_process' from TransactionTrackerOperations
2018-10-05 15:40:52,610 INFO: Executing method 'select_customer' from TransactionTrackerOperations
2018-10-05 15:40:59,379 INFO: Executing method 'select_customer' from TransactionTrackerOperations
2018-10-05 15:41:21,327 INFO: Executing method 'get_parcel' from TransactionTrackerOperations
2018-10-05 15:41:28,424 INFO: Executing method 'search_process' from TransactionTrackerOperations
2018-10-05 15:41:28,438 INFO: Executing method 'select_customer' from TransactionTrackerOperations
2018-10-05 15:41:35,269 INFO: Executing method 'select_customer' from TransactionTrackerOperations
2018-10-05 15:41:57,109 INFO: Executing method 'get_parcel' from TransactionTrackerOperations
2018-10-05 15:42:05,348 INFO: Executing method 'search_process' from TransactionTrackerOperations
2018-10-05 15:42:05,365 INFO: Executing method 'select_customer' from TransactionTrackerOperations
2018-10-05 15:42:12,145 INFO: Executing method 'select_customer' from TransactionTrackerOperations
2018-10-05 15:42:33,751 INFO: Executing method 'get_parcel' from TransactionTrackerOperations
2018-10-05 15:42:40,888 INFO: Executing method 'search_process' from TransactionTrackerOperations
2018-10-05 15:42:40,903 INFO: Executing method 'select_customer' from TransactionTrackerOperations
2018-10-05 15:42:47,682 INFO: Executing method 'select_customer' from TransactionTrackerOperations
2018-10-05 15:43:09,757 INFO: Executing method 'get_parcel' from TransactionTrackerOperations
2018-10-05 15:43:16,963 INFO: Executing method 'search_process' from TransactionTrackerOperations
2018-10-05 15:43:16,978 INFO: Executing method 'select_customer' from TransactionTrackerOperations
2018-10-05 15:43:23,786 INFO: Executing method 'select_customer' from TransactionTrackerOperations
2018-10-05 15:43:45,458 INFO: Executing method 'get_parcel' from TransactionTrackerOperations
2018-10-05 15:43:53,497 INFO: Executing method 'search_process' from TransactionTrackerOperations
2018-10-05 15:43:53,512 INFO: Executing method 'select_customer' from TransactionTrackerOperations
2018-10-05 15:44:00,387 INFO: Executing method 'select_customer' from TransactionTrackerOperations
2018-10-05 15:44:21,996 INFO: Executing method 'get_parcel' from TransactionTrackerOperations
2018-10-05 15:44:30,225 INFO: Executing method 'search_process' from TransactionTrackerOperations
2018-10-05 15:44:30,238 INFO: Executing method 'select_customer' from TransactionTrackerOperations
2018-10-05 15:44:36,999 INFO: Executing method 'select_customer' from TransactionTrackerOperations
2018-10-05 15:44:58,585 INFO: Executing method 'get_parcel' from TransactionTrackerOperations
2018-10-05 15:45:05,583 INFO: Executing method 'search_process' from TransactionTrackerOperations
2018-10-05 15:45:05,599 INFO: Executing method 'select_customer' from TransactionTrackerOperations
2018-10-05 15:45:12,434 INFO: Executing method 'select_customer' from TransactionTrackerOperations
2018-10-05 15:45:34,263 INFO: Executing method 'get_parcel' from TransactionTrackerOperations
2018-10-05 15:45:42,184 INFO: Executing method 'search_process' from TransactionTrackerOperations
2018-10-05 15:45:42,202 INFO: Executing method 'select_customer' from TransactionTrackerOperations
2018-10-05 15:45:49,011 INFO: Executing method 'select_customer' from TransactionTrackerOperations
2018-10-05 15:46:10,981 INFO: Executing method 'get_parcel' from TransactionTrackerOperations
2018-10-05 15:46:18,334 INFO: Executing method 'search_process' from TransactionTrackerOperations
2018-10-05 15:46:18,346 INFO: Executing method 'select_customer' from TransactionTrackerOperations
2018-10-05 15:46:25,295 INFO: Executing method 'select_customer' from TransactionTrackerOperations
2018-10-05 15:46:47,288 INFO: Executing method 'get_parcel' from TransactionTrackerOperations
2018-10-05 15:46:54,311 INFO: Executing method 'search_process' from TransactionTrackerOperations
2018-10-05 15:46:54,326 INFO: Executing method 'select_customer' from TransactionTrackerOperations
2018-10-05 15:47:01,123 INFO: Executing method 'select_customer' from TransactionTrackerOperations
2018-10-05 15:47:22,905 INFO: Executing method 'get_parcel' from TransactionTrackerOperations
2018-10-05 15:47:31,181 INFO: Executing method 'search_process' from TransactionTrackerOperations
2018-10-05 15:47:31,197 INFO: Executing method 'select_customer' from TransactionTrackerOperations
2018-10-05 15:47:38,001 INFO: Executing method 'select_customer' from TransactionTrackerOperations
2018-10-05 15:47:59,651 INFO: Executing method 'get_parcel' from TransactionTrackerOperations
2018-10-05 15:48:07,582 INFO: Executing method 'search_process' from TransactionTrackerOperations
2018-10-05 15:48:07,598 INFO: Executing method 'select_customer' from TransactionTrackerOperations
2018-10-05 15:48:14,383 INFO: Executing method 'select_customer' from TransactionTrackerOperations
2018-10-05 15:48:36,132 INFO: Executing method 'get_parcel' from TransactionTrackerOperations
2018-10-05 15:48:43,878 INFO: Executing method 'search_process' from TransactionTrackerOperations
2018-10-05 15:48:43,896 INFO: Executing method 'select_customer' from TransactionTrackerOperations
2018-10-05 15:48:50,849 INFO: Executing method 'select_customer' from TransactionTrackerOperations
2018-10-05 15:49:12,748 INFO: Executing method 'get_parcel' from TransactionTrackerOperations
2018-10-05 15:49:21,064 INFO: Executing method 'search_process' from TransactionTrackerOperations
2018-10-05 15:49:21,080 INFO: Executing method 'select_customer' from TransactionTrackerOperations
2018-10-05 15:49:27,901 INFO: Executing method 'select_customer' from TransactionTrackerOperations
2018-10-05 15:49:49,659 INFO: Executing method 'get_parcel' from TransactionTrackerOperations
2018-10-05 15:49:56,677 INFO: Executing method 'search_process' from TransactionTrackerOperations
2018-10-05 15:49:56,692 INFO: Executing method 'select_customer' from TransactionTrackerOperations
2018-10-05 15:50:03,569 INFO: Executing method 'select_customer' from TransactionTrackerOperations
2018-10-05 15:50:25,152 INFO: Executing method 'get_parcel' from TransactionTrackerOperations
2018-10-05 15:50:33,439 INFO: Executing method 'search_process' from TransactionTrackerOperations
2018-10-05 15:50:33,455 INFO: Executing method 'select_customer' from TransactionTrackerOperations
2018-10-05 15:50:40,238 INFO: Executing method 'select_customer' from TransactionTrackerOperations
2018-10-05 15:51:01,939 INFO: Executing method 'get_parcel' from TransactionTrackerOperations
2018-10-05 15:51:08,899 INFO: Executing method 'search_process' from TransactionTrackerOperations
2018-10-05 15:51:08,915 INFO: Executing method 'select_customer' from TransactionTrackerOperations
2018-10-05 15:51:15,741 INFO: Executing method 'select_customer' from TransactionTrackerOperations
2018-10-05 15:51:37,561 INFO: Executing method 'get_parcel' from TransactionTrackerOperations
2018-10-05 15:51:45,696 INFO: Executing method 'search_process' from TransactionTrackerOperations
2018-10-05 15:51:45,712 INFO: Executing method 'select_customer' from TransactionTrackerOperations
2018-10-05 15:51:52,544 INFO: Executing method 'select_customer' from TransactionTrackerOperations
2018-10-05 15:52:14,336 INFO: Executing method 'get_parcel' from TransactionTrackerOperations
2018-10-05 15:52:22,420 INFO: Executing method 'search_process' from TransactionTrackerOperations
2018-10-05 15:52:22,435 INFO: Executing method 'select_customer' from TransactionTrackerOperations
2018-10-05 15:52:29,272 INFO: Executing method 'select_customer' from TransactionTrackerOperations
2018-10-05 15:52:50,938 INFO: Executing method 'get_parcel' from TransactionTrackerOperations
2018-10-05 15:52:59,017 INFO: Executing method 'search_process' from TransactionTrackerOperations
2018-10-05 15:52:59,034 INFO: Executing method 'select_customer' from TransactionTrackerOperations
2018-10-05 15:53:05,841 INFO: Executing method 'select_customer' from TransactionTrackerOperations
2018-10-05 15:53:27,601 INFO: Executing method 'get_parcel' from TransactionTrackerOperations
2018-10-05 15:53:35,774 INFO: Executing method 'search_process' from TransactionTrackerOperations
2018-10-05 15:53:35,789 INFO: Executing method 'select_customer' from TransactionTrackerOperations
2018-10-05 15:53:42,642 INFO: Executing method 'select_customer' from TransactionTrackerOperations
2018-10-05 15:54:04,556 INFO: Executing method 'get_parcel' from TransactionTrackerOperations
2018-10-05 15:54:12,997 INFO: Executing method 'search_process' from TransactionTrackerOperations
2018-10-05 15:54:13,012 INFO: Executing method 'select_customer' from TransactionTrackerOperations
2018-10-05 15:54:19,831 INFO: Executing method 'select_customer' from TransactionTrackerOperations
2018-10-05 15:54:41,572 INFO: Executing method 'get_parcel' from TransactionTrackerOperations
2018-10-05 15:54:49,959 INFO: Executing method 'search_process' from TransactionTrackerOperations
2018-10-05 15:54:49,977 INFO: Executing method 'select_customer' from TransactionTrackerOperations
2018-10-05 15:54:56,743 INFO: Executing method 'select_customer' from TransactionTrackerOperations
2018-10-05 15:55:18,223 INFO: Executing method 'get_parcel' from TransactionTrackerOperations
2018-10-05 15:55:26,227 INFO: Executing method 'search_process' from TransactionTrackerOperations
2018-10-05 15:55:26,245 INFO: Executing method 'select_customer' from TransactionTrackerOperations
2018-10-05 15:55:33,095 INFO: Executing method 'select_customer' from TransactionTrackerOperations
2018-10-05 15:55:54,640 INFO: Executing method 'get_parcel' from TransactionTrackerOperations
2018-10-05 15:56:02,857 INFO: Executing method 'search_process' from TransactionTrackerOperations
2018-10-05 15:56:02,874 INFO: Executing method 'select_customer' from TransactionTrackerOperations
2018-10-05 15:56:09,723 INFO: Executing method 'select_customer' from TransactionTrackerOperations
2018-10-05 15:56:31,422 INFO: Executing method 'get_parcel' from TransactionTrackerOperations
2018-10-05 15:56:38,444 INFO: Executing method 'search_process' from TransactionTrackerOperations
2018-10-05 15:56:38,462 INFO: Executing method 'select_customer' from TransactionTrackerOperations
2018-10-05 15:56:45,249 INFO: Executing method 'select_customer' from TransactionTrackerOperations
2018-10-05 15:57:06,893 INFO: Executing method 'get_parcel' from TransactionTrackerOperations
2018-10-05 15:57:15,199 INFO: Executing method 'search_process' from TransactionTrackerOperations
2018-10-05 15:57:15,216 INFO: Executing method 'select_customer' from TransactionTrackerOperations
2018-10-05 15:57:22,025 INFO: Executing method 'select_customer' from TransactionTrackerOperations
2018-10-05 15:57:43,985 INFO: Executing method 'get_parcel' from TransactionTrackerOperations
2018-10-05 15:57:53,182 INFO: Executing method 'search_process' from TransactionTrackerOperations
2018-10-05 15:57:53,198 INFO: Executing method 'select_customer' from TransactionTrackerOperations
2018-10-05 15:57:59,986 INFO: Executing method 'select_customer' from TransactionTrackerOperations
2018-10-05 15:58:21,781 INFO: Executing method 'get_parcel' from TransactionTrackerOperations
2018-10-05 15:58:29,824 INFO: Executing method 'search_process' from TransactionTrackerOperations
2018-10-05 15:58:29,840 INFO: Executing method 'select_customer' from TransactionTrackerOperations
2018-10-05 15:58:36,630 INFO: Executing method 'select_customer' from TransactionTrackerOperations
2018-10-05 15:58:58,304 INFO: Executing method 'get_parcel' from TransactionTrackerOperations
2018-10-05 15:59:06,342 INFO: Executing method 'search_process' from TransactionTrackerOperations
2018-10-05 15:59:06,355 INFO: Executing method 'select_customer' from TransactionTrackerOperations
2018-10-05 15:59:13,175 INFO: Executing method 'select_customer' from TransactionTrackerOperations
2018-10-05 15:59:35,082 INFO: Executing method 'get_parcel' from TransactionTrackerOperations
2018-10-05 15:59:42,384 INFO: Executing method 'search_process' from TransactionTrackerOperations
2018-10-05 15:59:42,400 INFO: Executing method 'select_customer' from TransactionTrackerOperations
2018-10-05 15:59:49,230 INFO: Executing method 'select_customer' from TransactionTrackerOperations
2018-10-05 16:00:10,966 INFO: Executing method 'get_parcel' from TransactionTrackerOperations
2018-10-05 16:00:19,388 INFO: Executing method 'search_process' from TransactionTrackerOperations
2018-10-05 16:00:19,404 INFO: Executing method 'select_customer' from TransactionTrackerOperations
2018-10-05 16:00:26,145 INFO: Executing method 'select_customer' from TransactionTrackerOperations
2018-10-05 16:00:47,770 INFO: Executing method 'get_parcel' from TransactionTrackerOperations
2018-10-05 16:00:55,932 INFO: Executing method 'search_process' from TransactionTrackerOperations
2018-10-05 16:00:55,947 INFO: Executing method 'select_customer' from TransactionTrackerOperations
2018-10-05 16:01:02,725 INFO: Executing method 'select_customer' from TransactionTrackerOperations
2018-10-05 16:01:24,259 INFO: Executing method 'get_parcel' from TransactionTrackerOperations
2018-10-05 16:01:31,958 INFO: Executing method 'search_process' from TransactionTrackerOperations
2018-10-05 16:01:31,974 INFO: Executing method 'select_customer' from TransactionTrackerOperations
2018-10-05 16:01:38,772 INFO: Executing method 'select_customer' from TransactionTrackerOperations
2018-10-05 16:02:00,392 INFO: Executing method 'get_parcel' from TransactionTrackerOperations
2018-10-05 16:02:08,826 INFO: Executing method 'search_process' from TransactionTrackerOperations
2018-10-05 16:02:08,841 INFO: Executing method 'select_customer' from TransactionTrackerOperations
2018-10-05 16:02:15,618 INFO: Executing method 'select_customer' from TransactionTrackerOperations
2018-10-05 16:02:37,123 INFO: Executing method 'get_parcel' from TransactionTrackerOperations
2018-10-05 16:02:45,338 INFO: Executing method 'search_process' from TransactionTrackerOperations
2018-10-05 16:02:45,354 INFO: Executing method 'select_customer' from TransactionTrackerOperations
2018-10-05 16:02:52,139 INFO: Executing method 'select_customer' from TransactionTrackerOperations
2018-10-05 16:03:13,828 INFO: Executing method 'get_parcel' from TransactionTrackerOperations
2018-10-05 16:03:22,062 INFO: Executing method 'search_process' from TransactionTrackerOperations
2018-10-05 16:03:22,078 INFO: Executing method 'select_customer' from TransactionTrackerOperations
2018-10-05 16:03:28,857 INFO: Executing method 'select_customer' from TransactionTrackerOperations
2018-10-05 16:03:50,731 INFO: Executing method 'get_parcel' from TransactionTrackerOperations
2018-10-05 16:03:57,763 INFO: Executing method 'search_process' from TransactionTrackerOperations
2018-10-05 16:03:57,777 INFO: Executing method 'select_customer' from TransactionTrackerOperations
2018-10-05 16:04:04,517 INFO: Executing method 'select_customer' from TransactionTrackerOperations
2018-10-05 16:04:26,200 INFO: Executing method 'get_parcel' from TransactionTrackerOperations
2018-10-05 16:04:33,319 INFO: Executing method 'search_process' from TransactionTrackerOperations
2018-10-05 16:04:33,344 INFO: Executing method 'select_customer' from TransactionTrackerOperations
2018-10-05 16:04:40,118 INFO: Executing method 'select_customer' from TransactionTrackerOperations
2018-10-05 16:05:01,839 INFO: Executing method 'get_parcel' from TransactionTrackerOperations
2018-10-05 16:05:10,236 INFO: Executing method 'search_process' from TransactionTrackerOperations
2018-10-05 16:05:10,251 INFO: Executing method 'select_customer' from TransactionTrackerOperations
2018-10-05 16:05:17,015 INFO: Executing method 'select_customer' from TransactionTrackerOperations
2018-10-05 16:05:38,666 INFO: Executing method 'get_parcel' from TransactionTrackerOperations
2018-10-05 16:05:47,181 INFO: Executing method 'search_process' from TransactionTrackerOperations
2018-10-05 16:05:47,197 INFO: Executing method 'select_customer' from TransactionTrackerOperations
2018-10-05 16:05:53,979 INFO: Executing method 'select_customer' from TransactionTrackerOperations
2018-10-05 16:06:15,630 INFO: Executing method 'get_parcel' from TransactionTrackerOperations
2018-10-05 16:06:23,708 INFO: Executing method 'search_process' from TransactionTrackerOperations
2018-10-05 16:06:23,724 INFO: Executing method 'select_customer' from TransactionTrackerOperations
2018-10-05 16:06:30,499 INFO: Executing method 'select_customer' from TransactionTrackerOperations
2018-10-05 16:06:52,155 INFO: Executing method 'get_parcel' from TransactionTrackerOperations
2018-10-05 16:07:00,553 INFO: Executing method 'search_process' from TransactionTrackerOperations
2018-10-05 16:07:00,569 INFO: Executing method 'select_customer' from TransactionTrackerOperations
2018-10-05 16:07:07,347 INFO: Executing method 'select_customer' from TransactionTrackerOperations
2018-10-05 16:07:28,577 INFO: Executing method 'get_parcel' from TransactionTrackerOperations
2018-10-05 16:07:36,668 INFO: Executing method 'search_process' from TransactionTrackerOperations
2018-10-05 16:07:36,684 INFO: Executing method 'select_customer' from TransactionTrackerOperations
2018-10-05 16:07:43,451 INFO: Executing method 'select_customer' from TransactionTrackerOperations
2018-10-05 16:08:04,917 INFO: Executing method 'get_parcel' from TransactionTrackerOperations
2018-10-05 16:08:13,129 INFO: Executing method 'search_process' from TransactionTrackerOperations
2018-10-05 16:08:13,145 INFO: Executing method 'select_customer' from TransactionTrackerOperations
2018-10-05 16:08:19,906 INFO: Executing method 'select_customer' from TransactionTrackerOperations
2018-10-05 16:08:41,811 INFO: Executing method 'get_parcel' from TransactionTrackerOperations
2018-10-05 16:08:49,782 INFO: Executing method 'search_process' from TransactionTrackerOperations
2018-10-05 16:08:49,796 INFO: Executing method 'select_customer' from TransactionTrackerOperations
2018-10-05 16:08:56,569 INFO: Executing method 'select_customer' from TransactionTrackerOperations
2018-10-05 16:09:18,208 INFO: Executing method 'get_parcel' from TransactionTrackerOperations
2018-10-05 16:09:25,282 INFO: Executing method 'search_process' from TransactionTrackerOperations
2018-10-05 16:09:25,297 INFO: Executing method 'select_customer' from TransactionTrackerOperations
2018-10-05 16:09:32,094 INFO: Executing method 'select_customer' from TransactionTrackerOperations
2018-10-05 16:09:53,798 INFO: Executing method 'get_parcel' from TransactionTrackerOperations
2018-10-05 16:10:02,182 INFO: Executing method 'search_process' from TransactionTrackerOperations
2018-10-05 16:10:02,197 INFO: Executing method 'select_customer' from TransactionTrackerOperations
2018-10-05 16:10:08,973 INFO: Executing method 'select_customer' from TransactionTrackerOperations
2018-10-05 16:10:31,046 INFO: Executing method 'get_parcel' from TransactionTrackerOperations
2018-10-05 16:10:47,000 INFO: Executing method 'search_process' from TransactionTrackerOperations
2018-10-05 16:10:47,030 INFO: Executing method 'select_customer' from TransactionTrackerOperations
2018-10-05 16:10:53,795 INFO: Executing method 'select_customer' from TransactionTrackerOperations
2018-10-05 16:11:15,194 INFO: Executing method 'get_parcel' from TransactionTrackerOperations
2018-10-05 16:23:35,202 INFO: Executing Script Prodution Data Monitoring
2018-10-05 16:23:39,718 INFO: Login in to Launchpad
2018-10-05 16:24:05,757 INFO: Refreshing access_token
2018-10-05 16:24:10,082 INFO: Executing method 'search_process' from TransactionTrackerOperations
2018-10-05 16:24:10,101 INFO: Executing method 'select_customer' from TransactionTrackerOperations
2018-10-05 16:24:16,911 INFO: Executing method 'select_customer' from TransactionTrackerOperations
2018-10-05 16:41:08,326 INFO: Executing Script Prodution Data Monitoring
2018-10-05 16:41:13,533 INFO: Login in to Launchpad
2018-10-05 16:41:29,374 INFO: Refreshing access_token
2018-10-05 16:41:33,421 INFO: Executing method 'search_process' from TransactionTrackerOperations
2018-10-05 16:41:33,440 INFO: Executing method 'select_customer' from TransactionTrackerOperations
2018-10-05 16:41:40,284 INFO: Executing method 'select_customer' from TransactionTrackerOperations
2018-10-05 16:42:04,925 INFO: Executing method 'get_parcel' from TransactionTrackerOperations
2018-10-05 16:42:13,930 INFO: Executing method 'search_process' from TransactionTrackerOperations
2018-10-05 16:42:13,944 INFO: Executing method 'select_customer' from TransactionTrackerOperations
2018-10-05 16:42:20,739 INFO: Executing method 'select_customer' from TransactionTrackerOperations
2018-10-05 16:42:42,315 INFO: Executing method 'get_parcel' from TransactionTrackerOperations
2018-10-05 16:42:50,009 INFO: Executing method 'search_process' from TransactionTrackerOperations
2018-10-05 16:42:50,023 INFO: Executing method 'select_customer' from TransactionTrackerOperations
2018-10-05 16:42:56,803 INFO: Executing method 'select_customer' from TransactionTrackerOperations
2018-10-05 16:43:18,971 INFO: Executing method 'get_parcel' from TransactionTrackerOperations
2018-10-05 16:44:26,512 INFO: Executing Script Prodution Data Monitoring
2018-10-05 16:44:29,890 INFO: Login in to Launchpad
2018-10-05 16:44:46,366 INFO: Refreshing access_token
2018-10-05 16:44:50,070 INFO: Executing method 'search_process' from TransactionTrackerOperations
2018-10-05 16:44:50,088 INFO: Executing method 'select_customer' from TransactionTrackerOperations
2018-10-05 16:44:56,913 INFO: Executing method 'select_customer' from TransactionTrackerOperations
2018-10-05 16:45:21,678 INFO: Executing method 'get_parcel' from TransactionTrackerOperations
2018-10-05 16:45:30,570 INFO: Executing method 'search_process' from TransactionTrackerOperations
2018-10-05 16:45:30,584 INFO: Executing method 'select_customer' from TransactionTrackerOperations
2018-10-05 16:45:37,355 INFO: Executing method 'select_customer' from TransactionTrackerOperations
2018-10-05 16:45:59,069 INFO: Executing method 'get_parcel' from TransactionTrackerOperations
2018-10-05 16:46:06,617 INFO: Executing method 'search_process' from TransactionTrackerOperations
2018-10-05 16:46:06,631 INFO: Executing method 'select_customer' from TransactionTrackerOperations
2018-10-05 16:46:13,399 INFO: Executing method 'select_customer' from TransactionTrackerOperations
2018-10-05 16:46:35,162 INFO: Executing method 'get_parcel' from TransactionTrackerOperations
2018-10-05 16:46:43,692 INFO: Executing method 'search_process' from TransactionTrackerOperations
2018-10-05 16:46:43,707 INFO: Executing method 'select_customer' from TransactionTrackerOperations
2018-10-05 16:46:50,516 INFO: Executing method 'select_customer' from TransactionTrackerOperations
2018-10-05 16:47:12,138 INFO: Executing method 'get_parcel' from TransactionTrackerOperations
2018-10-05 16:47:20,859 INFO: Executing method 'search_process' from TransactionTrackerOperations
2018-10-05 16:47:20,873 INFO: Executing method 'select_customer' from TransactionTrackerOperations
2018-10-05 16:47:27,624 INFO: Executing method 'select_customer' from TransactionTrackerOperations
2018-10-05 16:47:49,230 INFO: Executing method 'get_parcel' from TransactionTrackerOperations
2018-10-05 16:48:02,662 INFO: Executing method 'search_process' from TransactionTrackerOperations
2018-10-05 16:48:02,701 INFO: Executing method 'select_customer' from TransactionTrackerOperations
2018-10-05 16:48:09,500 INFO: Executing method 'select_customer' from TransactionTrackerOperations
2018-10-05 16:48:31,460 INFO: Executing method 'get_parcel' from TransactionTrackerOperations
2018-10-05 16:48:39,412 INFO: Executing method 'search_process' from TransactionTrackerOperations
2018-10-05 16:48:39,428 INFO: Executing method 'select_customer' from TransactionTrackerOperations
2018-10-05 16:48:46,251 INFO: Executing method 'select_customer' from TransactionTrackerOperations
2018-10-05 16:49:07,778 INFO: Executing method 'get_parcel' from TransactionTrackerOperations
2018-10-05 16:49:22,469 INFO: Executing method 'search_process' from TransactionTrackerOperations
2018-10-05 16:49:22,483 INFO: Executing method 'select_customer' from TransactionTrackerOperations
2018-10-05 16:49:29,264 INFO: Executing method 'select_customer' from TransactionTrackerOperations
2018-10-05 16:49:51,037 INFO: Executing method 'get_parcel' from TransactionTrackerOperations
2018-10-05 16:49:58,838 INFO: Executing method 'search_process' from TransactionTrackerOperations
2018-10-05 16:49:58,873 INFO: Executing method 'select_customer' from TransactionTrackerOperations
2018-10-05 16:50:05,728 INFO: Executing method 'select_customer' from TransactionTrackerOperations
2018-10-05 16:50:27,359 INFO: Executing method 'get_parcel' from TransactionTrackerOperations
2018-10-05 16:50:34,843 INFO: Executing method 'search_process' from TransactionTrackerOperations
2018-10-05 16:50:34,859 INFO: Executing method 'select_customer' from TransactionTrackerOperations
2018-10-05 16:50:41,726 INFO: Executing method 'select_customer' from TransactionTrackerOperations
2018-10-05 16:51:03,457 INFO: Executing method 'get_parcel' from TransactionTrackerOperations
2018-10-05 16:51:16,027 INFO: Executing method 'search_process' from TransactionTrackerOperations
2018-10-05 16:51:16,042 INFO: Executing method 'select_customer' from TransactionTrackerOperations
2018-10-05 16:51:22,877 INFO: Executing method 'select_customer' from TransactionTrackerOperations
2018-10-05 16:51:44,720 INFO: Executing method 'get_parcel' from TransactionTrackerOperations
2018-10-05 16:51:57,331 INFO: Executing method 'search_process' from TransactionTrackerOperations
2018-10-05 16:51:57,347 INFO: Executing method 'select_customer' from TransactionTrackerOperations
2018-10-05 16:52:04,120 INFO: Executing method 'select_customer' from TransactionTrackerOperations
2018-10-05 16:52:25,723 INFO: Executing method 'get_parcel' from TransactionTrackerOperations
2018-10-05 16:52:33,620 INFO: Executing method 'search_process' from TransactionTrackerOperations
2018-10-05 16:52:33,635 INFO: Executing method 'select_customer' from TransactionTrackerOperations
2018-10-05 16:52:40,484 INFO: Executing method 'select_customer' from TransactionTrackerOperations
2018-10-05 16:53:02,075 INFO: Executing method 'get_parcel' from TransactionTrackerOperations
2018-10-05 16:53:09,739 INFO: Executing method 'search_process' from TransactionTrackerOperations
2018-10-05 16:53:09,754 INFO: Executing method 'select_customer' from TransactionTrackerOperations
2018-10-05 16:53:16,523 INFO: Executing method 'select_customer' from TransactionTrackerOperations
2018-10-05 16:53:38,713 INFO: Executing method 'get_parcel' from TransactionTrackerOperations
2018-10-05 16:53:59,048 INFO: Executing method 'search_process' from TransactionTrackerOperations
2018-10-05 16:53:59,068 INFO: Executing method 'select_customer' from TransactionTrackerOperations
2018-10-05 16:54:05,855 INFO: Executing method 'select_customer' from TransactionTrackerOperations
2018-10-05 16:54:27,681 INFO: Executing method 'get_parcel' from TransactionTrackerOperations
2018-10-05 16:54:34,563 INFO: Executing method 'search_process' from TransactionTrackerOperations
2018-10-05 16:54:34,579 INFO: Executing method 'select_customer' from TransactionTrackerOperations
2018-10-05 16:54:41,389 INFO: Executing method 'select_customer' from TransactionTrackerOperations
2018-10-05 16:55:03,167 INFO: Executing method 'get_parcel' from TransactionTrackerOperations
2018-10-05 16:55:11,620 INFO: Executing method 'search_process' from TransactionTrackerOperations
2018-10-05 16:55:11,634 INFO: Executing method 'select_customer' from TransactionTrackerOperations
2018-10-05 16:55:18,413 INFO: Executing method 'select_customer' from TransactionTrackerOperations
2018-10-05 16:55:40,021 INFO: Executing method 'get_parcel' from TransactionTrackerOperations
2018-10-05 16:55:47,200 INFO: Executing method 'search_process' from TransactionTrackerOperations
2018-10-05 16:55:47,215 INFO: Executing method 'select_customer' from TransactionTrackerOperations
2018-10-05 16:55:54,026 INFO: Executing method 'select_customer' from TransactionTrackerOperations
2018-10-05 16:56:15,875 INFO: Executing method 'get_parcel' from TransactionTrackerOperations
2018-10-05 16:56:23,046 INFO: Executing method 'search_process' from TransactionTrackerOperations
2018-10-05 16:56:23,061 INFO: Executing method 'select_customer' from TransactionTrackerOperations
2018-10-05 16:56:29,875 INFO: Executing method 'select_customer' from TransactionTrackerOperations
2018-10-05 16:56:51,357 INFO: Executing method 'get_parcel' from TransactionTrackerOperations
2018-10-05 16:57:00,302 INFO: Executing method 'search_process' from TransactionTrackerOperations
2018-10-05 16:57:00,318 INFO: Executing method 'select_customer' from TransactionTrackerOperations
2018-10-05 16:57:07,172 INFO: Executing method 'select_customer' from TransactionTrackerOperations
2018-10-05 16:57:28,988 INFO: Executing method 'get_parcel' from TransactionTrackerOperations
2018-10-05 16:57:38,528 INFO: Executing method 'search_process' from TransactionTrackerOperations
2018-10-05 16:57:38,549 INFO: Executing method 'select_customer' from TransactionTrackerOperations
2018-10-05 16:57:45,464 INFO: Executing method 'select_customer' from TransactionTrackerOperations
2018-10-05 16:58:07,174 INFO: Executing method 'get_parcel' from TransactionTrackerOperations
2018-10-05 16:58:14,805 INFO: Executing method 'search_process' from TransactionTrackerOperations
2018-10-05 16:58:14,820 INFO: Executing method 'select_customer' from TransactionTrackerOperations
2018-10-05 16:58:21,632 INFO: Executing method 'select_customer' from TransactionTrackerOperations
2018-10-05 16:58:44,257 INFO: Executing method 'get_parcel' from TransactionTrackerOperations
2018-10-05 16:58:52,269 INFO: Executing method 'search_process' from TransactionTrackerOperations
2018-10-05 16:58:52,282 INFO: Executing method 'select_customer' from TransactionTrackerOperations
2018-10-05 16:58:59,119 INFO: Executing method 'select_customer' from TransactionTrackerOperations
2018-10-05 16:59:20,930 INFO: Executing method 'get_parcel' from TransactionTrackerOperations
2018-10-05 16:59:29,979 INFO: Executing method 'search_process' from TransactionTrackerOperations
2018-10-05 16:59:29,992 INFO: Executing method 'select_customer' from TransactionTrackerOperations
2018-10-05 16:59:36,794 INFO: Executing method 'select_customer' from TransactionTrackerOperations
2018-10-05 16:59:59,823 INFO: Executing method 'get_parcel' from TransactionTrackerOperations
2018-10-05 17:00:07,504 INFO: Executing method 'search_process' from TransactionTrackerOperations
2018-10-05 17:00:07,519 INFO: Executing method 'select_customer' from TransactionTrackerOperations
2018-10-05 17:00:14,328 INFO: Executing method 'select_customer' from TransactionTrackerOperations
2018-10-05 17:00:36,595 INFO: Executing method 'get_parcel' from TransactionTrackerOperations
2018-10-05 17:00:45,893 INFO: Executing method 'search_process' from TransactionTrackerOperations
2018-10-05 17:00:45,908 INFO: Executing method 'select_customer' from TransactionTrackerOperations
2018-10-05 17:00:52,861 INFO: Executing method 'select_customer' from TransactionTrackerOperations
2018-10-05 17:01:14,645 INFO: Executing method 'get_parcel' from TransactionTrackerOperations
2018-10-05 17:01:28,823 INFO: Executing method 'search_process' from TransactionTrackerOperations
2018-10-05 17:01:28,840 INFO: Executing method 'select_customer' from TransactionTrackerOperations
2018-10-05 17:01:35,684 INFO: Executing method 'select_customer' from TransactionTrackerOperations
2018-10-05 17:01:57,355 INFO: Executing method 'get_parcel' from TransactionTrackerOperations
2018-10-05 17:02:05,751 INFO: Executing method 'search_process' from TransactionTrackerOperations
2018-10-05 17:02:05,768 INFO: Executing method 'select_customer' from TransactionTrackerOperations
2018-10-05 17:02:12,592 INFO: Executing method 'select_customer' from TransactionTrackerOperations
2018-10-05 17:02:34,472 INFO: Executing method 'get_parcel' from TransactionTrackerOperations
2018-10-05 17:02:48,810 INFO: Executing method 'search_process' from TransactionTrackerOperations
2018-10-05 17:02:48,828 INFO: Executing method 'select_customer' from TransactionTrackerOperations
2018-10-05 17:02:55,711 INFO: Executing method 'select_customer' from TransactionTrackerOperations
2018-10-05 17:03:17,670 INFO: Executing method 'get_parcel' from TransactionTrackerOperations
2018-10-05 17:03:24,469 INFO: Executing method 'search_process' from TransactionTrackerOperations
2018-10-05 17:03:24,484 INFO: Executing method 'select_customer' from TransactionTrackerOperations
2018-10-05 17:03:31,305 INFO: Executing method 'select_customer' from TransactionTrackerOperations
2018-10-05 17:03:53,317 INFO: Executing method 'get_parcel' from TransactionTrackerOperations
2018-10-05 17:04:14,447 INFO: Executing method 'search_process' from TransactionTrackerOperations
2018-10-05 17:04:14,461 INFO: Executing method 'select_customer' from TransactionTrackerOperations
2018-10-05 17:04:21,284 INFO: Executing method 'select_customer' from TransactionTrackerOperations
2018-10-05 17:04:42,925 INFO: Executing method 'get_parcel' from TransactionTrackerOperations
2018-10-05 17:04:49,971 INFO: Executing method 'search_process' from TransactionTrackerOperations
2018-10-05 17:04:49,985 INFO: Executing method 'select_customer' from TransactionTrackerOperations
2018-10-05 17:04:56,784 INFO: Executing method 'select_customer' from TransactionTrackerOperations
2018-10-05 17:05:18,264 INFO: Executing method 'get_parcel' from TransactionTrackerOperations
2018-10-05 17:05:26,687 INFO: Executing method 'search_process' from TransactionTrackerOperations
2018-10-05 17:05:26,703 INFO: Executing method 'select_customer' from TransactionTrackerOperations
2018-10-05 17:05:33,545 INFO: Executing method 'select_customer' from TransactionTrackerOperations
2018-10-05 17:05:55,166 INFO: Executing method 'get_parcel' from TransactionTrackerOperations
2018-10-05 17:06:05,052 INFO: Executing method 'search_process' from TransactionTrackerOperations
2018-10-05 17:06:05,067 INFO: Executing method 'select_customer' from TransactionTrackerOperations
2018-10-05 17:06:11,870 INFO: Executing method 'select_customer' from TransactionTrackerOperations
2018-10-05 17:06:33,331 INFO: Executing method 'get_parcel' from TransactionTrackerOperations
2018-10-05 17:06:43,163 INFO: Executing method 'search_process' from TransactionTrackerOperations
2018-10-05 17:06:43,178 INFO: Executing method 'select_customer' from TransactionTrackerOperations
2018-10-05 17:06:50,002 INFO: Executing method 'select_customer' from TransactionTrackerOperations
2018-10-05 17:07:12,512 INFO: Executing method 'get_parcel' from TransactionTrackerOperations
2018-10-05 17:07:20,951 INFO: Executing method 'search_process' from TransactionTrackerOperations
2018-10-05 17:07:20,965 INFO: Executing method 'select_customer' from TransactionTrackerOperations
2018-10-05 17:07:27,749 INFO: Executing method 'select_customer' from TransactionTrackerOperations
2018-10-05 17:07:49,750 INFO: Executing method 'get_parcel' from TransactionTrackerOperations
2018-10-05 17:08:03,829 INFO: Executing method 'search_process' from TransactionTrackerOperations
2018-10-05 17:08:03,844 INFO: Executing method 'select_customer' from TransactionTrackerOperations
2018-10-05 17:08:12,073 INFO: Executing method 'select_customer' from TransactionTrackerOperations
2018-10-05 17:08:34,850 INFO: Executing method 'get_parcel' from TransactionTrackerOperations
2018-10-05 17:12:09,387 INFO: Executing Script Prodution Data Monitoring
2018-10-05 17:12:15,622 INFO: Login in to Launchpad
2018-10-05 17:12:32,205 INFO: Refreshing access_token
2018-10-05 17:12:36,335 INFO: Executing method 'search_process' from TransactionTrackerOperations
2018-10-05 17:12:36,372 INFO: Executing method 'select_customer' from TransactionTrackerOperations
2018-10-05 17:12:43,267 INFO: Executing method 'select_customer' from TransactionTrackerOperations
2018-10-05 17:13:08,062 INFO: Executing method 'get_parcel' from TransactionTrackerOperations
2018-10-05 17:13:17,341 INFO: Executing method 'search_process' from TransactionTrackerOperations
2018-10-05 17:13:17,352 INFO: Executing method 'select_customer' from TransactionTrackerOperations
2018-10-05 17:13:24,076 INFO: Executing method 'select_customer' from TransactionTrackerOperations
2018-10-05 17:13:46,440 INFO: Executing method 'get_parcel' from TransactionTrackerOperations
2018-10-05 17:14:07,248 INFO: Executing method 'search_process' from TransactionTrackerOperations
2018-10-05 17:14:07,262 INFO: Executing method 'select_customer' from TransactionTrackerOperations
2018-10-05 17:14:14,191 INFO: Executing method 'select_customer' from TransactionTrackerOperations
2018-10-05 17:14:35,894 INFO: Executing method 'get_parcel' from TransactionTrackerOperations
2018-10-05 17:14:45,351 INFO: Executing method 'search_process' from TransactionTrackerOperations
2018-10-05 17:14:45,362 INFO: Executing method 'select_customer' from TransactionTrackerOperations
2018-10-05 17:14:52,540 INFO: Executing method 'select_customer' from TransactionTrackerOperations
2018-10-05 17:15:15,837 INFO: Executing method 'get_parcel' from TransactionTrackerOperations
2018-10-05 17:15:25,474 INFO: Executing method 'search_process' from TransactionTrackerOperations
2018-10-05 17:15:25,497 INFO: Executing method 'select_customer' from TransactionTrackerOperations
2018-10-05 17:15:32,513 INFO: Executing method 'select_customer' from TransactionTrackerOperations
2018-10-05 17:15:55,481 INFO: Executing method 'get_parcel' from TransactionTrackerOperations
2018-10-05 17:16:03,405 INFO: Executing method 'search_process' from TransactionTrackerOperations
2018-10-05 17:16:03,424 INFO: Executing method 'select_customer' from TransactionTrackerOperations
2018-10-05 17:16:10,245 INFO: Executing method 'select_customer' from TransactionTrackerOperations
2018-10-05 17:16:34,455 INFO: Executing method 'get_parcel' from TransactionTrackerOperations
2018-10-05 17:16:55,859 INFO: Executing method 'search_process' from TransactionTrackerOperations
2018-10-05 17:16:55,878 INFO: Executing method 'select_customer' from TransactionTrackerOperations
2018-10-05 17:17:03,392 INFO: Executing method 'select_customer' from TransactionTrackerOperations
2018-10-05 17:17:26,215 INFO: Executing method 'get_parcel' from TransactionTrackerOperations
2018-10-05 17:17:36,275 INFO: Executing method 'search_process' from TransactionTrackerOperations
2018-10-05 17:17:36,293 INFO: Executing method 'select_customer' from TransactionTrackerOperations
2018-10-05 17:17:43,910 INFO: Executing method 'select_customer' from TransactionTrackerOperations
2018-10-05 17:18:07,027 INFO: Executing method 'get_parcel' from TransactionTrackerOperations
2018-10-05 17:18:15,508 INFO: Executing method 'search_process' from TransactionTrackerOperations
2018-10-05 17:18:15,522 INFO: Executing method 'select_customer' from TransactionTrackerOperations
2018-10-05 17:18:22,334 INFO: Executing method 'select_customer' from TransactionTrackerOperations
2018-10-05 17:18:44,142 INFO: Executing method 'get_parcel' from TransactionTrackerOperations
2018-10-05 17:18:54,908 INFO: Executing method 'search_process' from TransactionTrackerOperations
2018-10-05 17:18:54,926 INFO: Executing method 'select_customer' from TransactionTrackerOperations
2018-10-05 17:19:01,838 INFO: Executing method 'select_customer' from TransactionTrackerOperations
2018-10-05 17:19:23,856 INFO: Executing method 'get_parcel' from TransactionTrackerOperations
2018-10-05 17:19:31,400 INFO: Executing method 'search_process' from TransactionTrackerOperations
2018-10-05 17:19:31,418 INFO: Executing method 'select_customer' from TransactionTrackerOperations
2018-10-05 17:19:38,214 INFO: Executing method 'select_customer' from TransactionTrackerOperations
2018-10-05 17:20:00,230 INFO: Executing method 'get_parcel' from TransactionTrackerOperations
2018-10-05 17:20:13,054 INFO: Executing method 'search_process' from TransactionTrackerOperations
2018-10-05 17:20:13,080 INFO: Executing method 'select_customer' from TransactionTrackerOperations
2018-10-05 17:20:19,900 INFO: Executing method 'select_customer' from TransactionTrackerOperations
2018-10-05 17:20:41,872 INFO: Executing method 'get_parcel' from TransactionTrackerOperations
2018-10-05 17:20:51,215 INFO: Executing method 'search_process' from TransactionTrackerOperations
2018-10-05 17:20:51,230 INFO: Executing method 'select_customer' from TransactionTrackerOperations
2018-10-05 17:20:58,044 INFO: Executing method 'select_customer' from TransactionTrackerOperations
2018-10-05 17:21:19,799 INFO: Executing method 'get_parcel' from TransactionTrackerOperations
2018-10-05 17:26:39,860 INFO: Executing Script Prodution Data Monitoring
2018-10-05 17:26:44,924 INFO: Login in to Launchpad
2018-10-05 17:27:01,886 INFO: Refreshing access_token
2018-10-05 17:27:05,865 INFO: Executing method 'search_process' from TransactionTrackerOperations
2018-10-05 17:27:05,878 INFO: Executing method 'select_customer' from TransactionTrackerOperations
2018-10-05 17:27:13,487 INFO: Executing method 'select_customer' from TransactionTrackerOperations
2018-10-05 17:27:42,187 INFO: Executing method 'get_parcel' from TransactionTrackerOperations
2018-10-05 17:27:53,893 INFO: Executing method 'search_process' from TransactionTrackerOperations
2018-10-05 17:27:53,911 INFO: Executing method 'select_customer' from TransactionTrackerOperations
2018-10-05 17:28:00,884 INFO: Executing method 'select_customer' from TransactionTrackerOperations
2018-10-05 17:28:23,914 INFO: Executing method 'get_parcel' from TransactionTrackerOperations
2018-10-05 17:28:46,460 INFO: Executing method 'search_process' from TransactionTrackerOperations
2018-10-05 17:28:46,475 INFO: Executing method 'select_customer' from TransactionTrackerOperations
2018-10-05 17:28:53,253 INFO: Executing method 'select_customer' from TransactionTrackerOperations
2018-10-05 17:29:14,910 INFO: Executing method 'get_parcel' from TransactionTrackerOperations
2018-10-05 17:29:26,721 INFO: Executing method 'search_process' from TransactionTrackerOperations
2018-10-05 17:29:26,732 INFO: Executing method 'select_customer' from TransactionTrackerOperations
2018-10-05 17:29:33,559 INFO: Executing method 'select_customer' from TransactionTrackerOperations
2018-10-05 17:29:55,448 INFO: Executing method 'get_parcel' from TransactionTrackerOperations
2018-10-05 17:30:04,648 INFO: Executing method 'search_process' from TransactionTrackerOperations
2018-10-05 17:30:04,664 INFO: Executing method 'select_customer' from TransactionTrackerOperations
2018-10-05 17:30:11,479 INFO: Executing method 'select_customer' from TransactionTrackerOperations
2018-10-05 17:30:34,222 INFO: Executing method 'get_parcel' from TransactionTrackerOperations
2018-10-05 17:30:51,014 INFO: Executing method 'search_process' from TransactionTrackerOperations
2018-10-05 17:30:51,031 INFO: Executing method 'select_customer' from TransactionTrackerOperations
2018-10-05 17:30:57,965 INFO: Executing method 'select_customer' from TransactionTrackerOperations
2018-10-05 17:31:20,302 INFO: Executing method 'get_parcel' from TransactionTrackerOperations
2018-10-05 17:31:27,815 INFO: Executing method 'search_process' from TransactionTrackerOperations
2018-10-05 17:31:27,829 INFO: Executing method 'select_customer' from TransactionTrackerOperations
2018-10-05 17:31:34,606 INFO: Executing method 'select_customer' from TransactionTrackerOperations
2018-10-05 17:31:56,301 INFO: Executing method 'get_parcel' from TransactionTrackerOperations
2018-10-05 17:32:03,681 INFO: Executing method 'search_process' from TransactionTrackerOperations
2018-10-05 17:32:03,697 INFO: Executing method 'select_customer' from TransactionTrackerOperations
2018-10-05 17:32:10,478 INFO: Executing method 'select_customer' from TransactionTrackerOperations
2018-10-05 17:32:33,379 INFO: Executing method 'get_parcel' from TransactionTrackerOperations
2018-10-05 17:32:51,686 INFO: Executing method 'search_process' from TransactionTrackerOperations
2018-10-05 17:32:51,704 INFO: Executing method 'select_customer' from TransactionTrackerOperations
2018-10-05 17:32:58,707 INFO: Executing method 'select_customer' from TransactionTrackerOperations
2018-10-05 17:33:20,423 INFO: Executing method 'get_parcel' from TransactionTrackerOperations
2018-10-05 17:33:31,975 INFO: Executing method 'search_process' from TransactionTrackerOperations
2018-10-05 17:33:31,989 INFO: Executing method 'select_customer' from TransactionTrackerOperations
2018-10-05 17:33:38,788 INFO: Executing method 'select_customer' from TransactionTrackerOperations
2018-10-05 17:34:01,448 INFO: Executing method 'get_parcel' from TransactionTrackerOperations
2018-10-05 17:34:24,436 INFO: Executing method 'search_process' from TransactionTrackerOperations
2018-10-05 17:34:24,452 INFO: Executing method 'select_customer' from TransactionTrackerOperations
2018-10-05 17:34:31,260 INFO: Executing method 'select_customer' from TransactionTrackerOperations
2018-10-05 17:34:57,581 INFO: Executing method 'get_parcel' from TransactionTrackerOperations
2018-10-05 17:35:18,881 INFO: Executing method 'search_process' from TransactionTrackerOperations
2018-10-05 17:35:18,905 INFO: Executing method 'select_customer' from TransactionTrackerOperations
2018-10-05 17:35:25,801 INFO: Executing method 'select_customer' from TransactionTrackerOperations
2018-10-05 17:35:47,145 INFO: Executing method 'get_parcel' from TransactionTrackerOperations
2018-10-05 17:35:55,879 INFO: Executing method 'search_process' from TransactionTrackerOperations
2018-10-05 17:35:55,894 INFO: Executing method 'select_customer' from TransactionTrackerOperations
2018-10-05 17:36:02,725 INFO: Executing method 'select_customer' from TransactionTrackerOperations
2018-10-05 17:36:25,741 INFO: Executing method 'get_parcel' from TransactionTrackerOperations
2018-10-05 17:36:47,642 INFO: Executing method 'search_process' from TransactionTrackerOperations
2018-10-05 17:36:47,658 INFO: Executing method 'select_customer' from TransactionTrackerOperations
2018-10-05 17:36:54,457 INFO: Executing method 'select_customer' from TransactionTrackerOperations
2018-10-05 17:37:17,696 INFO: Executing method 'get_parcel' from TransactionTrackerOperations
2018-10-05 17:37:39,826 INFO: Executing method 'search_process' from TransactionTrackerOperations
2018-10-05 17:37:39,843 INFO: Executing method 'select_customer' from TransactionTrackerOperations
2018-10-05 17:37:46,654 INFO: Executing method 'select_customer' from TransactionTrackerOperations
2018-10-05 17:38:08,226 INFO: Executing method 'get_parcel' from TransactionTrackerOperations
2018-10-05 17:38:15,170 INFO: Executing method 'search_process' from TransactionTrackerOperations
2018-10-05 17:38:15,183 INFO: Executing method 'select_customer' from TransactionTrackerOperations
2018-10-05 17:38:22,069 INFO: Executing method 'select_customer' from TransactionTrackerOperations
2018-10-05 17:38:45,899 INFO: Executing method 'get_parcel' from TransactionTrackerOperations
2018-10-05 17:39:08,371 INFO: Executing method 'search_process' from TransactionTrackerOperations
2018-10-05 17:39:08,399 INFO: Executing method 'select_customer' from TransactionTrackerOperations
2018-10-05 17:39:15,352 INFO: Executing method 'select_customer' from TransactionTrackerOperations
2018-10-05 17:39:38,493 INFO: Executing method 'get_parcel' from TransactionTrackerOperations
2018-10-05 17:39:54,471 INFO: Executing method 'search_process' from TransactionTrackerOperations
2018-10-05 17:39:54,485 INFO: Executing method 'select_customer' from TransactionTrackerOperations
2018-10-05 17:40:01,190 INFO: Executing method 'select_customer' from TransactionTrackerOperations
2018-10-05 17:40:22,984 INFO: Executing method 'get_parcel' from TransactionTrackerOperations
