2018-12-24 13:12:28,172 INFO: Executing Script Credit Memo Prodution Data Monitoring
2018-12-24 13:12:28,305 INFO: Executing CMProductionDataMonitoring.execute_main()
2018-12-24 13:12:41,404 INFO: Login in to Launchpad
2018-12-24 13:12:55,009 INFO: Executing CMProductionDataMonitoring.TaskFilter()
2018-12-24 13:12:55,343 INFO: Refreshing access_token
2018-12-24 13:12:59,386 INFO: select InProgress task from input sheet from CMProductionDataMonitoring.TaskFilter()
2018-12-24 13:12:59,386 INFO: Executing TransactionTrackerOperations.search_process_for_CMPDM() for: Performance Health|McKesson BASCOM PALMER EYE INST|810
2018-12-24 13:12:59,418 INFO: Executing TransactionTrackerOperations.select_customer()
2018-12-24 13:13:06,366 INFO: Executing TransactionTrackerOperations.select_customer()
2018-12-24 13:13:18,354 INFO: Executing TransactionTrackerOperations.get_CM_parcels()
2018-12-24 13:13:25,723 INFO: Executing TransactionTrackerOperations.search_process_for_CMPDM() for: Performance Health|McKesson CABELL HUNTINGTON HOSPITAL|810
2018-12-24 13:13:25,760 INFO: Executing TransactionTrackerOperations.select_customer()
2018-12-24 13:13:32,616 INFO: Executing TransactionTrackerOperations.select_customer()
2018-12-24 13:13:44,278 INFO: Executing TransactionTrackerOperations.get_CM_parcels()
2018-12-24 13:13:46,969 INFO: NoSuchElementException in TransactionTrackerOperations.get_CM_parcels()
2018-12-24 13:13:51,516 INFO: NoSuchElementException in TransactionTrackerOperations.get_CM_parcels()
2018-12-24 13:13:55,021 INFO: NoSuchElementException in TransactionTrackerOperations.get_CM_parcels()
2018-12-24 13:14:02,034 INFO: Executing TransactionTrackerOperations.search_process_for_CMPDM() for: Performance Health|McKesson CHILDRENS HOSPITAL|810
2018-12-24 13:14:02,916 INFO: Executing TransactionTrackerOperations.select_customer()
2018-12-24 13:14:09,814 INFO: Executing TransactionTrackerOperations.select_customer()
2018-12-24 13:14:21,174 INFO: Executing TransactionTrackerOperations.get_CM_parcels()
2018-12-24 13:14:23,847 INFO: NoSuchElementException in TransactionTrackerOperations.get_CM_parcels()
2018-12-24 13:14:29,188 INFO: NoSuchElementException in TransactionTrackerOperations.get_CM_parcels()
2018-12-24 13:14:32,258 INFO: NoSuchElementException in TransactionTrackerOperations.get_CM_parcels()
2018-12-24 13:14:40,058 INFO: Executing TransactionTrackerOperations.search_process_for_CMPDM() for: Performance Health|McKesson CHRISTIANA CARE HEALTH|810
2018-12-24 13:14:40,079 INFO: Executing TransactionTrackerOperations.select_customer()
2018-12-24 13:14:46,931 INFO: Executing TransactionTrackerOperations.select_customer()
2018-12-24 13:14:58,333 INFO: Executing TransactionTrackerOperations.get_CM_parcels()
2018-12-24 13:15:01,088 INFO: NoSuchElementException in TransactionTrackerOperations.get_CM_parcels()
2018-12-24 13:15:05,642 INFO: NoSuchElementException in TransactionTrackerOperations.get_CM_parcels()
2018-12-24 13:15:10,046 INFO: NoSuchElementException in TransactionTrackerOperations.get_CM_parcels()
2018-12-24 13:15:14,490 INFO: NoSuchElementException in TransactionTrackerOperations.get_CM_parcels()
2018-12-24 13:15:18,913 INFO: NoSuchElementException in TransactionTrackerOperations.get_CM_parcels()
2018-12-24 13:15:23,377 INFO: NoSuchElementException in TransactionTrackerOperations.get_CM_parcels()
2018-12-24 13:15:27,972 INFO: NoSuchElementException in TransactionTrackerOperations.get_CM_parcels()
2018-12-24 13:15:32,466 INFO: NoSuchElementException in TransactionTrackerOperations.get_CM_parcels()
2018-12-24 13:15:37,003 INFO: NoSuchElementException in TransactionTrackerOperations.get_CM_parcels()
2018-12-24 13:15:41,480 INFO: NoSuchElementException in TransactionTrackerOperations.get_CM_parcels()
2018-12-24 13:15:45,996 INFO: NoSuchElementException in TransactionTrackerOperations.get_CM_parcels()
2018-12-24 13:15:50,884 INFO: NoSuchElementException in TransactionTrackerOperations.get_CM_parcels()
2018-12-24 13:15:55,849 INFO: NoSuchElementException in TransactionTrackerOperations.get_CM_parcels()
2018-12-24 13:16:00,559 INFO: NoSuchElementException in TransactionTrackerOperations.get_CM_parcels()
2018-12-24 13:16:05,109 INFO: NoSuchElementException in TransactionTrackerOperations.get_CM_parcels()
2018-12-24 13:16:07,525 INFO: NoSuchElementException in TransactionTrackerOperations.get_CM_parcels()
2018-12-24 13:16:16,102 INFO: Executing TransactionTrackerOperations.search_process_for_CMPDM() for: Performance Health|McKesson EMH REGIONAL HEALTHCARE SYSTEMS|810
2018-12-24 13:16:16,119 INFO: Executing TransactionTrackerOperations.select_customer()
2018-12-24 13:16:22,974 INFO: Executing TransactionTrackerOperations.select_customer()
2018-12-24 13:16:35,071 INFO: Executing TransactionTrackerOperations.get_CM_parcels()
2018-12-24 13:16:41,776 INFO: Executing TransactionTrackerOperations.search_process_for_CMPDM() for: Performance Health|McKesson EMORY HEALTHCARE|810
2018-12-24 13:16:41,795 INFO: Executing TransactionTrackerOperations.select_customer()
2018-12-24 13:16:48,635 INFO: Executing TransactionTrackerOperations.select_customer()
2018-12-24 13:17:00,252 INFO: Executing TransactionTrackerOperations.get_CM_parcels()
2018-12-24 13:17:07,556 INFO: Executing TransactionTrackerOperations.search_process_for_CMPDM() for: Performance Health|McKesson FIRELANDS REGIONAL MEDICAL CENTER|810
2018-12-24 13:17:07,585 INFO: Executing TransactionTrackerOperations.select_customer()
2018-12-24 13:17:14,433 INFO: Executing TransactionTrackerOperations.select_customer()
2018-12-24 13:17:26,546 INFO: Executing TransactionTrackerOperations.get_CM_parcels()
2018-12-24 13:17:34,015 INFO: Executing TransactionTrackerOperations.search_process_for_CMPDM() for: Performance Health|McKesson FIRSTHEALTH CAROLINAS|810
2018-12-24 13:17:34,033 INFO: Executing TransactionTrackerOperations.select_customer()
2018-12-24 13:17:40,884 INFO: Executing TransactionTrackerOperations.select_customer()
2018-12-24 13:17:52,250 INFO: Executing TransactionTrackerOperations.get_CM_parcels()
2018-12-24 13:17:59,983 INFO: Executing TransactionTrackerOperations.search_process_for_CMPDM() for: Performance Health|McKesson FRANCISCAN ALLIANCE INC|810
2018-12-24 13:18:00,032 INFO: Executing TransactionTrackerOperations.select_customer()
2018-12-24 13:18:06,915 INFO: Executing TransactionTrackerOperations.select_customer()
2018-12-24 13:18:18,715 INFO: Executing TransactionTrackerOperations.get_CM_parcels()
2018-12-24 13:18:21,378 INFO: NoSuchElementException in TransactionTrackerOperations.get_CM_parcels()
2018-12-24 13:18:25,932 INFO: NoSuchElementException in TransactionTrackerOperations.get_CM_parcels()
2018-12-24 13:18:30,800 INFO: NoSuchElementException in TransactionTrackerOperations.get_CM_parcels()
2018-12-24 13:18:35,542 INFO: NoSuchElementException in TransactionTrackerOperations.get_CM_parcels()
2018-12-24 13:18:40,010 INFO: NoSuchElementException in TransactionTrackerOperations.get_CM_parcels()
2018-12-24 13:18:44,518 INFO: NoSuchElementException in TransactionTrackerOperations.get_CM_parcels()
2018-12-24 13:18:49,032 INFO: NoSuchElementException in TransactionTrackerOperations.get_CM_parcels()
2018-12-24 13:18:53,610 INFO: NoSuchElementException in TransactionTrackerOperations.get_CM_parcels()
2018-12-24 13:18:58,174 INFO: NoSuchElementException in TransactionTrackerOperations.get_CM_parcels()
2018-12-24 13:19:02,754 INFO: NoSuchElementException in TransactionTrackerOperations.get_CM_parcels()
2018-12-24 13:19:07,235 INFO: NoSuchElementException in TransactionTrackerOperations.get_CM_parcels()
2018-12-24 13:19:11,774 INFO: NoSuchElementException in TransactionTrackerOperations.get_CM_parcels()
2018-12-24 13:19:16,580 INFO: NoSuchElementException in TransactionTrackerOperations.get_CM_parcels()
2018-12-24 13:19:21,124 INFO: NoSuchElementException in TransactionTrackerOperations.get_CM_parcels()
2018-12-24 13:19:25,842 INFO: NoSuchElementException in TransactionTrackerOperations.get_CM_parcels()
2018-12-24 13:19:30,429 INFO: NoSuchElementException in TransactionTrackerOperations.get_CM_parcels()
2018-12-24 13:19:35,022 INFO: NoSuchElementException in TransactionTrackerOperations.get_CM_parcels()
2018-12-24 13:19:38,379 INFO: NoSuchElementException in TransactionTrackerOperations.get_CM_parcels()
2018-12-24 13:19:46,928 INFO: Executing TransactionTrackerOperations.search_process_for_CMPDM() for: Performance Health|McKesson GOOD SHEPHERD REHAB NETWORK|810
2018-12-24 13:19:46,953 INFO: Executing TransactionTrackerOperations.select_customer()
2018-12-24 13:19:53,832 INFO: Executing TransactionTrackerOperations.select_customer()
2018-12-24 13:20:05,719 INFO: Executing TransactionTrackerOperations.get_CM_parcels()
2018-12-24 13:20:08,356 INFO: NoSuchElementException in TransactionTrackerOperations.get_CM_parcels()
2018-12-24 13:20:12,932 INFO: NoSuchElementException in TransactionTrackerOperations.get_CM_parcels()
2018-12-24 13:20:17,403 INFO: NoSuchElementException in TransactionTrackerOperations.get_CM_parcels()
2018-12-24 13:20:21,873 INFO: NoSuchElementException in TransactionTrackerOperations.get_CM_parcels()
2018-12-24 13:20:26,863 INFO: NoSuchElementException in TransactionTrackerOperations.get_CM_parcels()
2018-12-24 13:20:31,508 INFO: NoSuchElementException in TransactionTrackerOperations.get_CM_parcels()
2018-12-24 13:20:36,225 INFO: NoSuchElementException in TransactionTrackerOperations.get_CM_parcels()
2018-12-24 13:20:40,902 INFO: NoSuchElementException in TransactionTrackerOperations.get_CM_parcels()
2018-12-24 13:20:45,562 INFO: NoSuchElementException in TransactionTrackerOperations.get_CM_parcels()
2018-12-24 13:20:50,174 INFO: NoSuchElementException in TransactionTrackerOperations.get_CM_parcels()
2018-12-24 13:20:54,819 INFO: NoSuchElementException in TransactionTrackerOperations.get_CM_parcels()
2018-12-24 13:20:59,411 INFO: NoSuchElementException in TransactionTrackerOperations.get_CM_parcels()
2018-12-24 13:21:03,949 INFO: NoSuchElementException in TransactionTrackerOperations.get_CM_parcels()
2018-12-24 13:21:08,518 INFO: NoSuchElementException in TransactionTrackerOperations.get_CM_parcels()
2018-12-24 13:21:13,187 INFO: NoSuchElementException in TransactionTrackerOperations.get_CM_parcels()
2018-12-24 13:21:17,886 INFO: NoSuchElementException in TransactionTrackerOperations.get_CM_parcels()
2018-12-24 13:21:20,280 INFO: NoSuchElementException in TransactionTrackerOperations.get_CM_parcels()
2018-12-24 13:21:29,471 INFO: Executing TransactionTrackerOperations.search_process_for_CMPDM() for: Performance Health|McKesson HALIFAX REGIONAL HOSPITAL|810
2018-12-24 13:21:29,884 INFO: Executing TransactionTrackerOperations.select_customer()
2018-12-24 13:21:36,738 INFO: Executing TransactionTrackerOperations.select_customer()
2018-12-24 13:21:48,609 INFO: Executing TransactionTrackerOperations.get_CM_parcels()
2018-12-24 13:21:56,054 INFO: Executing TransactionTrackerOperations.search_process_for_CMPDM() for: Performance Health|McKesson HATTISBURG CLINIC|810
2018-12-24 13:21:56,073 INFO: Executing TransactionTrackerOperations.select_customer()
2018-12-24 13:22:02,904 INFO: Executing TransactionTrackerOperations.select_customer()
2018-12-24 13:22:14,529 INFO: Executing TransactionTrackerOperations.get_CM_parcels()
2018-12-24 13:22:21,844 INFO: Executing TransactionTrackerOperations.search_process_for_CMPDM() for: Performance Health|McKesson IL BONE AND JOINT|810
2018-12-24 13:22:21,870 INFO: Executing TransactionTrackerOperations.select_customer()
2018-12-24 13:22:28,728 INFO: Executing TransactionTrackerOperations.select_customer()
2018-12-24 13:22:40,330 INFO: Executing TransactionTrackerOperations.get_CM_parcels()
2018-12-24 13:22:47,720 INFO: Executing TransactionTrackerOperations.search_process_for_CMPDM() for: Performance Health|McKesson LAKE CHARLES MEMORIAL HOSPITAL|810
2018-12-24 13:22:47,739 INFO: Executing TransactionTrackerOperations.select_customer()
2018-12-24 13:22:54,603 INFO: Executing TransactionTrackerOperations.select_customer()
2018-12-24 13:23:06,595 INFO: Executing TransactionTrackerOperations.get_CM_parcels()
2018-12-24 13:23:12,623 INFO: Executing TransactionTrackerOperations.search_process_for_CMPDM() for: Performance Health|McKesson LAWRENCE MEMORIAL HOSPITAL|810
2018-12-24 13:23:13,521 INFO: Executing TransactionTrackerOperations.select_customer()
2018-12-24 13:23:20,358 INFO: Executing TransactionTrackerOperations.select_customer()
2018-12-24 13:23:32,233 INFO: Executing TransactionTrackerOperations.get_CM_parcels()
2018-12-24 13:23:34,895 INFO: NoSuchElementException in TransactionTrackerOperations.get_CM_parcels()
2018-12-24 13:23:39,430 INFO: NoSuchElementException in TransactionTrackerOperations.get_CM_parcels()
2018-12-24 13:23:43,902 INFO: NoSuchElementException in TransactionTrackerOperations.get_CM_parcels()
2018-12-24 13:23:48,464 INFO: NoSuchElementException in TransactionTrackerOperations.get_CM_parcels()
2018-12-24 13:23:52,658 INFO: NoSuchElementException in TransactionTrackerOperations.get_CM_parcels()
2018-12-24 13:24:00,071 INFO: Executing TransactionTrackerOperations.search_process_for_CMPDM() for: Performance Health|McKesson LEESBURG REGIONAL|810
2018-12-24 13:24:00,991 INFO: Executing TransactionTrackerOperations.select_customer()
2018-12-24 13:24:07,892 INFO: Executing TransactionTrackerOperations.select_customer()
2018-12-24 13:24:19,769 INFO: Executing TransactionTrackerOperations.get_CM_parcels()
2018-12-24 13:24:20,579 INFO: NoSuchElementException in TransactionTrackerOperations.get_CM_parcels()
2018-12-24 13:24:28,534 INFO: Executing TransactionTrackerOperations.search_process_for_CMPDM() for: Performance Health|McKesson LOMA LINDA UNIVERSITY MEDICAL CENTER|810
2018-12-24 13:24:28,563 INFO: Executing TransactionTrackerOperations.select_customer()
2018-12-24 13:24:35,398 INFO: Executing TransactionTrackerOperations.select_customer()
2018-12-24 13:24:47,603 INFO: Executing TransactionTrackerOperations.get_CM_parcels()
2018-12-24 13:24:47,898 INFO: NoSuchElementException in TransactionTrackerOperations.get_CM_parcels()
2018-12-24 13:24:56,315 INFO: Executing TransactionTrackerOperations.search_process_for_CMPDM() for: Performance Health|McKesson MCG HEALTH INC|810
2018-12-24 13:24:56,335 INFO: Executing TransactionTrackerOperations.select_customer()
2018-12-24 13:25:03,180 INFO: Executing TransactionTrackerOperations.select_customer()
2018-12-24 13:25:14,707 INFO: Executing TransactionTrackerOperations.get_CM_parcels()
2018-12-24 13:25:17,332 INFO: NoSuchElementException in TransactionTrackerOperations.get_CM_parcels()
2018-12-24 13:25:21,851 INFO: NoSuchElementException in TransactionTrackerOperations.get_CM_parcels()
2018-12-24 13:25:26,351 INFO: NoSuchElementException in TransactionTrackerOperations.get_CM_parcels()
2018-12-24 13:25:30,750 INFO: NoSuchElementException in TransactionTrackerOperations.get_CM_parcels()
2018-12-24 13:25:34,282 INFO: NoSuchElementException in TransactionTrackerOperations.get_CM_parcels()
2018-12-24 13:25:42,177 INFO: Executing TransactionTrackerOperations.search_process_for_CMPDM() for: Performance Health|McKesson NCH HEALTHCARE|810
2018-12-24 13:25:42,192 INFO: Executing TransactionTrackerOperations.select_customer()
2018-12-24 13:25:49,057 INFO: Executing TransactionTrackerOperations.select_customer()
2018-12-24 13:26:00,661 INFO: Executing TransactionTrackerOperations.get_CM_parcels()
2018-12-24 13:26:03,301 INFO: NoSuchElementException in TransactionTrackerOperations.get_CM_parcels()
2018-12-24 13:26:07,895 INFO: NoSuchElementException in TransactionTrackerOperations.get_CM_parcels()
2018-12-24 13:26:12,317 INFO: NoSuchElementException in TransactionTrackerOperations.get_CM_parcels()
2018-12-24 13:26:16,759 INFO: NoSuchElementException in TransactionTrackerOperations.get_CM_parcels()
2018-12-24 13:26:21,167 INFO: NoSuchElementException in TransactionTrackerOperations.get_CM_parcels()
2018-12-24 13:26:25,720 INFO: NoSuchElementException in TransactionTrackerOperations.get_CM_parcels()
2018-12-24 13:26:29,949 INFO: NoSuchElementException in TransactionTrackerOperations.get_CM_parcels()
2018-12-24 13:26:37,250 INFO: Executing TransactionTrackerOperations.search_process_for_CMPDM() for: Performance Health|McKesson SACRED HEART HOSPITAL|810
2018-12-24 13:26:37,283 INFO: Executing TransactionTrackerOperations.select_customer()
2018-12-24 13:26:44,115 INFO: Executing TransactionTrackerOperations.select_customer()
2018-12-24 13:26:55,864 INFO: Executing TransactionTrackerOperations.get_CM_parcels()
2018-12-24 13:27:02,108 INFO: Executing TransactionTrackerOperations.search_process_for_CMPDM() for: Performance Health|McKesson SAINT FRANCES MEDICAL CENTER|810
2018-12-24 13:27:03,041 INFO: Executing TransactionTrackerOperations.select_customer()
2018-12-24 13:27:09,902 INFO: Executing TransactionTrackerOperations.select_customer()
2018-12-24 13:27:21,846 INFO: Executing TransactionTrackerOperations.get_CM_parcels()
2018-12-24 13:27:24,499 INFO: NoSuchElementException in TransactionTrackerOperations.get_CM_parcels()
2018-12-24 13:27:28,984 INFO: NoSuchElementException in TransactionTrackerOperations.get_CM_parcels()
2018-12-24 13:27:33,507 INFO: NoSuchElementException in TransactionTrackerOperations.get_CM_parcels()
2018-12-24 13:27:36,783 INFO: NoSuchElementException in TransactionTrackerOperations.get_CM_parcels()
2018-12-24 13:27:44,763 INFO: Executing TransactionTrackerOperations.search_process_for_CMPDM() for: Performance Health|McKesson SOUTHERN NEW HAMPSHIRE MEDICAL CENTER|810
2018-12-24 13:27:44,781 INFO: Executing TransactionTrackerOperations.select_customer()
2018-12-24 13:27:51,641 INFO: Executing TransactionTrackerOperations.select_customer()
2018-12-24 13:28:03,927 INFO: Executing TransactionTrackerOperations.get_CM_parcels()
2018-12-24 13:28:06,586 INFO: NoSuchElementException in TransactionTrackerOperations.get_CM_parcels()
2018-12-24 13:28:11,283 INFO: NoSuchElementException in TransactionTrackerOperations.get_CM_parcels()
2018-12-24 13:28:15,696 INFO: NoSuchElementException in TransactionTrackerOperations.get_CM_parcels()
2018-12-24 13:28:19,450 INFO: NoSuchElementException in TransactionTrackerOperations.get_CM_parcels()
2018-12-24 13:28:27,289 INFO: Executing TransactionTrackerOperations.search_process_for_CMPDM() for: Performance Health|McKesson TIFT REGIONAL MEDICAL CENTER|810
2018-12-24 13:28:27,315 INFO: Executing TransactionTrackerOperations.select_customer()
2018-12-24 13:28:34,180 INFO: Executing TransactionTrackerOperations.select_customer()
2018-12-24 13:28:46,217 INFO: Executing TransactionTrackerOperations.get_CM_parcels()
2018-12-24 13:28:53,574 INFO: Executing TransactionTrackerOperations.search_process_for_CMPDM() for: Performance Health|McKesson TRINITY MOTHER FRANCES HOSPITAL|810
2018-12-24 13:28:53,597 INFO: Executing TransactionTrackerOperations.select_customer()
2018-12-24 13:29:00,469 INFO: Executing TransactionTrackerOperations.select_customer()
2018-12-24 13:29:12,532 INFO: Executing TransactionTrackerOperations.get_CM_parcels()
2018-12-24 13:29:15,145 INFO: NoSuchElementException in TransactionTrackerOperations.get_CM_parcels()
2018-12-24 13:29:19,796 INFO: NoSuchElementException in TransactionTrackerOperations.get_CM_parcels()
2018-12-24 13:29:24,270 INFO: NoSuchElementException in TransactionTrackerOperations.get_CM_parcels()
2018-12-24 13:29:28,772 INFO: NoSuchElementException in TransactionTrackerOperations.get_CM_parcels()
2018-12-24 13:29:33,194 INFO: NoSuchElementException in TransactionTrackerOperations.get_CM_parcels()
2018-12-24 13:29:37,685 INFO: NoSuchElementException in TransactionTrackerOperations.get_CM_parcels()
2018-12-24 13:29:42,112 INFO: NoSuchElementException in TransactionTrackerOperations.get_CM_parcels()
2018-12-24 13:29:51,641 INFO: Executing TransactionTrackerOperations.search_process_for_CMPDM() for: Performance Health|McKesson Truman Medical Center|810
2018-12-24 13:29:51,661 INFO: Executing TransactionTrackerOperations.select_customer()
2018-12-24 13:29:58,513 INFO: Executing TransactionTrackerOperations.select_customer()
2018-12-24 13:30:10,153 INFO: Executing TransactionTrackerOperations.get_CM_parcels()
2018-12-24 13:30:17,571 INFO: Executing TransactionTrackerOperations.search_process_for_CMPDM() for: Performance Health|McKesson UNITED HOSPITAL SYSTEM INC|810
2018-12-24 13:30:17,616 INFO: Executing TransactionTrackerOperations.select_customer()
2018-12-24 13:30:24,439 INFO: Executing TransactionTrackerOperations.select_customer()
2018-12-24 13:30:36,251 INFO: Executing TransactionTrackerOperations.get_CM_parcels()
2018-12-24 13:30:38,908 INFO: NoSuchElementException in TransactionTrackerOperations.get_CM_parcels()
2018-12-24 13:30:43,484 INFO: NoSuchElementException in TransactionTrackerOperations.get_CM_parcels()
2018-12-24 13:30:47,900 INFO: NoSuchElementException in TransactionTrackerOperations.get_CM_parcels()
2018-12-24 13:30:50,567 INFO: NoSuchElementException in TransactionTrackerOperations.get_CM_parcels()
2018-12-24 13:30:57,984 INFO: Executing TransactionTrackerOperations.search_process_for_CMPDM() for: Performance Health|McKesson VAIL VALLEY MEDICAL CENTER|810
2018-12-24 13:30:58,004 INFO: Executing TransactionTrackerOperations.select_customer()
2018-12-24 13:31:04,882 INFO: Executing TransactionTrackerOperations.select_customer()
2018-12-24 13:31:16,806 INFO: Executing TransactionTrackerOperations.get_CM_parcels()
2018-12-24 13:31:19,527 INFO: NoSuchElementException in TransactionTrackerOperations.get_CM_parcels()
2018-12-24 13:31:23,999 INFO: NoSuchElementException in TransactionTrackerOperations.get_CM_parcels()
2018-12-24 13:31:28,403 INFO: NoSuchElementException in TransactionTrackerOperations.get_CM_parcels()
2018-12-24 13:31:32,802 INFO: NoSuchElementException in TransactionTrackerOperations.get_CM_parcels()
2018-12-24 13:31:37,220 INFO: NoSuchElementException in TransactionTrackerOperations.get_CM_parcels()
2018-12-24 13:31:41,713 INFO: NoSuchElementException in TransactionTrackerOperations.get_CM_parcels()
2018-12-24 13:31:46,153 INFO: NoSuchElementException in TransactionTrackerOperations.get_CM_parcels()
2018-12-24 13:31:50,716 INFO: NoSuchElementException in TransactionTrackerOperations.get_CM_parcels()
2018-12-24 13:31:55,216 INFO: NoSuchElementException in TransactionTrackerOperations.get_CM_parcels()
2018-12-24 13:31:59,720 INFO: NoSuchElementException in TransactionTrackerOperations.get_CM_parcels()
2018-12-24 13:32:04,231 INFO: NoSuchElementException in TransactionTrackerOperations.get_CM_parcels()
2018-12-24 13:32:08,746 INFO: NoSuchElementException in TransactionTrackerOperations.get_CM_parcels()
2018-12-24 13:32:13,253 INFO: NoSuchElementException in TransactionTrackerOperations.get_CM_parcels()
2018-12-24 13:32:17,832 INFO: NoSuchElementException in TransactionTrackerOperations.get_CM_parcels()
2018-12-24 13:32:22,404 INFO: NoSuchElementException in TransactionTrackerOperations.get_CM_parcels()
2018-12-24 13:32:27,080 INFO: NoSuchElementException in TransactionTrackerOperations.get_CM_parcels()
2018-12-24 13:32:31,667 INFO: NoSuchElementException in TransactionTrackerOperations.get_CM_parcels()
2018-12-24 13:32:36,372 INFO: NoSuchElementException in TransactionTrackerOperations.get_CM_parcels()
2018-12-24 13:32:40,004 INFO: NoSuchElementException in TransactionTrackerOperations.get_CM_parcels()
2018-12-24 13:32:49,060 INFO: Executing TransactionTrackerOperations.search_process_for_CMPDM() for: Performance Health|McKesson WHEATON FRANCISCAN HEALTHCARE|810
2018-12-24 13:32:49,078 INFO: Executing TransactionTrackerOperations.select_customer()
2018-12-24 13:32:55,933 INFO: Executing TransactionTrackerOperations.select_customer()
2018-12-24 13:33:07,873 INFO: Executing TransactionTrackerOperations.get_CM_parcels()
2018-12-24 13:33:13,920 INFO: Executing TransactionTrackerOperations.search_process_for_CMPDM() for: Performance Health|MFA DSSI|810
2018-12-24 13:33:14,883 INFO: Executing TransactionTrackerOperations.select_customer()
2018-12-24 13:33:21,727 INFO: Executing TransactionTrackerOperations.select_customer()
2018-12-24 13:33:32,700 INFO: Executing TransactionTrackerOperations.get_CM_parcels()
2018-12-24 13:33:40,031 INFO: Executing TransactionTrackerOperations.search_process_for_CMPDM() for: Performance Health|MIDWEST GERIATRIC DSSI|810
2018-12-24 13:33:40,048 INFO: Executing TransactionTrackerOperations.select_customer()
2018-12-24 13:33:46,900 INFO: Executing TransactionTrackerOperations.select_customer()
2018-12-24 13:33:58,326 INFO: Executing TransactionTrackerOperations.get_CM_parcels()
2018-12-24 13:33:58,621 INFO: NoSuchElementException in TransactionTrackerOperations.get_CM_parcels()
2018-12-24 13:34:06,928 INFO: Executing TransactionTrackerOperations.search_process_for_CMPDM() for: Performance Health|MIDWEST HEALTH DSSI|810
2018-12-24 13:34:06,947 INFO: Executing TransactionTrackerOperations.select_customer()
2018-12-24 13:34:13,793 INFO: Executing TransactionTrackerOperations.select_customer()
2018-12-24 13:34:25,232 INFO: Executing TransactionTrackerOperations.get_CM_parcels()
2018-12-24 13:34:27,889 INFO: NoSuchElementException in TransactionTrackerOperations.get_CM_parcels()
2018-12-24 13:34:32,815 INFO: NoSuchElementException in TransactionTrackerOperations.get_CM_parcels()
2018-12-24 13:34:37,343 INFO: NoSuchElementException in TransactionTrackerOperations.get_CM_parcels()
2018-12-24 13:34:39,946 INFO: NoSuchElementException in TransactionTrackerOperations.get_CM_parcels()
2018-12-24 13:34:47,200 INFO: Executing TransactionTrackerOperations.search_process_for_CMPDM() for: Performance Health|MISSION HEALTH DSSI|810
2018-12-24 13:34:47,221 INFO: Executing TransactionTrackerOperations.select_customer()
2018-12-24 13:34:54,112 INFO: Executing TransactionTrackerOperations.select_customer()
2018-12-24 13:35:05,494 INFO: Executing TransactionTrackerOperations.get_CM_parcels()
2018-12-24 13:35:08,102 INFO: NoSuchElementException in TransactionTrackerOperations.get_CM_parcels()
2018-12-24 13:35:12,605 INFO: NoSuchElementException in TransactionTrackerOperations.get_CM_parcels()
2018-12-24 13:35:17,092 INFO: NoSuchElementException in TransactionTrackerOperations.get_CM_parcels()
2018-12-24 13:35:21,505 INFO: NoSuchElementException in TransactionTrackerOperations.get_CM_parcels()
2018-12-24 13:35:25,950 INFO: NoSuchElementException in TransactionTrackerOperations.get_CM_parcels()
2018-12-24 13:35:30,495 INFO: NoSuchElementException in TransactionTrackerOperations.get_CM_parcels()
2018-12-24 13:35:34,972 INFO: NoSuchElementException in TransactionTrackerOperations.get_CM_parcels()
2018-12-24 13:35:38,774 INFO: NoSuchElementException in TransactionTrackerOperations.get_CM_parcels()
2018-12-24 13:35:46,720 INFO: Executing TransactionTrackerOperations.search_process_for_CMPDM() for: Performance Health|NEXION DSSI|810
2018-12-24 13:35:46,755 INFO: Executing TransactionTrackerOperations.select_customer()
2018-12-24 13:35:53,636 INFO: Executing TransactionTrackerOperations.select_customer()
2018-12-24 13:36:04,770 INFO: Executing TransactionTrackerOperations.get_CM_parcels()
2018-12-24 13:36:07,446 INFO: NoSuchElementException in TransactionTrackerOperations.get_CM_parcels()
2018-12-24 13:36:11,967 INFO: NoSuchElementException in TransactionTrackerOperations.get_CM_parcels()
2018-12-24 13:36:16,498 INFO: NoSuchElementException in TransactionTrackerOperations.get_CM_parcels()
2018-12-24 13:36:21,223 INFO: NoSuchElementException in TransactionTrackerOperations.get_CM_parcels()
2018-12-24 13:36:25,761 INFO: NoSuchElementException in TransactionTrackerOperations.get_CM_parcels()
2018-12-24 13:36:30,221 INFO: NoSuchElementException in TransactionTrackerOperations.get_CM_parcels()
2018-12-24 13:36:34,678 INFO: NoSuchElementException in TransactionTrackerOperations.get_CM_parcels()
2018-12-24 13:36:39,141 INFO: NoSuchElementException in TransactionTrackerOperations.get_CM_parcels()
2018-12-24 13:36:43,707 INFO: NoSuchElementException in TransactionTrackerOperations.get_CM_parcels()
2018-12-24 13:36:53,127 INFO: Executing TransactionTrackerOperations.search_process_for_CMPDM() for: Performance Health|NOLAND HEALTH SERVICES DSSI|810
2018-12-24 13:36:54,183 INFO: Executing TransactionTrackerOperations.select_customer()
2018-12-24 13:37:01,040 INFO: Executing TransactionTrackerOperations.select_customer()
2018-12-24 13:37:12,662 INFO: Executing TransactionTrackerOperations.get_CM_parcels()
2018-12-24 13:37:15,311 INFO: NoSuchElementException in TransactionTrackerOperations.get_CM_parcels()
2018-12-24 13:37:19,848 INFO: NoSuchElementException in TransactionTrackerOperations.get_CM_parcels()
2018-12-24 13:37:24,337 INFO: NoSuchElementException in TransactionTrackerOperations.get_CM_parcels()
2018-12-24 13:37:28,791 INFO: NoSuchElementException in TransactionTrackerOperations.get_CM_parcels()
2018-12-24 13:37:33,194 INFO: NoSuchElementException in TransactionTrackerOperations.get_CM_parcels()
2018-12-24 13:37:35,824 INFO: NoSuchElementException in TransactionTrackerOperations.get_CM_parcels()
2018-12-24 13:37:43,670 INFO: Executing TransactionTrackerOperations.search_process_for_CMPDM() for: Performance Health|NORTHPORT DSSI|810
2018-12-24 13:37:43,690 INFO: Executing TransactionTrackerOperations.select_customer()
2018-12-24 13:37:50,538 INFO: Executing TransactionTrackerOperations.select_customer()
2018-12-24 13:38:01,809 INFO: Executing TransactionTrackerOperations.get_CM_parcels()
2018-12-24 13:38:09,053 INFO: Executing TransactionTrackerOperations.search_process_for_CMPDM() for: Performance Health|NUVISION DSSI|810
2018-12-24 13:38:09,072 INFO: Executing TransactionTrackerOperations.select_customer()
2018-12-24 13:38:15,914 INFO: Executing TransactionTrackerOperations.select_customer()
2018-12-24 13:38:27,085 INFO: Executing TransactionTrackerOperations.get_CM_parcels()
2018-12-24 13:38:29,770 INFO: NoSuchElementException in TransactionTrackerOperations.get_CM_parcels()
2018-12-24 13:38:34,363 INFO: NoSuchElementException in TransactionTrackerOperations.get_CM_parcels()
2018-12-24 13:38:38,901 INFO: NoSuchElementException in TransactionTrackerOperations.get_CM_parcels()
2018-12-24 13:38:48,373 INFO: Executing TransactionTrackerOperations.search_process_for_CMPDM() for: Performance Health|ONIX GROUP DSSI|810
2018-12-24 13:38:48,396 INFO: Executing TransactionTrackerOperations.select_customer()
2018-12-24 13:38:55,234 INFO: Executing TransactionTrackerOperations.select_customer()
2018-12-24 13:39:06,515 INFO: Executing TransactionTrackerOperations.get_CM_parcels()
2018-12-24 13:39:09,157 INFO: NoSuchElementException in TransactionTrackerOperations.get_CM_parcels()
2018-12-24 13:39:13,655 INFO: NoSuchElementException in TransactionTrackerOperations.get_CM_parcels()
2018-12-24 13:39:18,219 INFO: NoSuchElementException in TransactionTrackerOperations.get_CM_parcels()
2018-12-24 13:39:22,654 INFO: NoSuchElementException in TransactionTrackerOperations.get_CM_parcels()
2018-12-24 13:39:25,489 INFO: NoSuchElementException in TransactionTrackerOperations.get_CM_parcels()
2018-12-24 13:39:33,377 INFO: Executing TransactionTrackerOperations.search_process_for_CMPDM() for: Performance Health|PENNMED CONSULTANTS INC DSSI|810
2018-12-24 13:39:33,489 INFO: Executing TransactionTrackerOperations.select_customer()
2018-12-24 13:39:40,346 INFO: Executing TransactionTrackerOperations.select_customer()
2018-12-24 13:39:51,915 INFO: Executing TransactionTrackerOperations.get_CM_parcels()
2018-12-24 13:39:58,173 INFO: Executing TransactionTrackerOperations.search_process_for_CMPDM() for: Performance Health|PREFERRED CARE DSSI|810
2018-12-24 13:39:59,080 INFO: Executing TransactionTrackerOperations.select_customer()
2018-12-24 13:40:05,917 INFO: Executing TransactionTrackerOperations.select_customer()
2018-12-24 13:40:17,234 INFO: Executing TransactionTrackerOperations.get_CM_parcels()
2018-12-24 13:40:24,476 INFO: Executing TransactionTrackerOperations.search_process_for_CMPDM() for: Performance Health|PRESBYTERIAN HOMES AND SERVICES DSSI|810
2018-12-24 13:40:24,496 INFO: Executing TransactionTrackerOperations.select_customer()
2018-12-24 13:40:31,316 INFO: Executing TransactionTrackerOperations.select_customer()
2018-12-24 13:40:43,141 INFO: Executing TransactionTrackerOperations.get_CM_parcels()
2018-12-24 13:40:45,870 INFO: NoSuchElementException in TransactionTrackerOperations.get_CM_parcels()
2018-12-24 13:40:50,346 INFO: NoSuchElementException in TransactionTrackerOperations.get_CM_parcels()
2018-12-24 13:40:54,951 INFO: NoSuchElementException in TransactionTrackerOperations.get_CM_parcels()
2018-12-24 13:40:59,422 INFO: NoSuchElementException in TransactionTrackerOperations.get_CM_parcels()
2018-12-24 13:41:03,849 INFO: NoSuchElementException in TransactionTrackerOperations.get_CM_parcels()
2018-12-24 13:41:08,301 INFO: NoSuchElementException in TransactionTrackerOperations.get_CM_parcels()
2018-12-24 13:41:11,837 INFO: NoSuchElementException in TransactionTrackerOperations.get_CM_parcels()
2018-12-24 13:41:18,828 INFO: Executing TransactionTrackerOperations.search_process_for_CMPDM() for: Performance Health|PRESBYTERIAN SENIOR LIVING DSSI|810
2018-12-24 13:41:19,810 INFO: Executing TransactionTrackerOperations.select_customer()
2018-12-24 13:41:26,656 INFO: Executing TransactionTrackerOperations.select_customer()
2018-12-24 13:41:38,432 INFO: Executing TransactionTrackerOperations.get_CM_parcels()
2018-12-24 13:41:41,065 INFO: NoSuchElementException in TransactionTrackerOperations.get_CM_parcels()
2018-12-24 13:41:45,612 INFO: NoSuchElementException in TransactionTrackerOperations.get_CM_parcels()
2018-12-24 13:41:50,113 INFO: NoSuchElementException in TransactionTrackerOperations.get_CM_parcels()
2018-12-24 13:41:54,663 INFO: NoSuchElementException in TransactionTrackerOperations.get_CM_parcels()
2018-12-24 13:41:57,744 INFO: NoSuchElementException in TransactionTrackerOperations.get_CM_parcels()
2018-12-24 13:42:05,686 INFO: Executing TransactionTrackerOperations.search_process_for_CMPDM() for: Performance Health|QUALITY LIFE SERVICES DSSI|810
2018-12-24 13:42:05,704 INFO: Executing TransactionTrackerOperations.select_customer()
2018-12-24 13:42:12,541 INFO: Executing TransactionTrackerOperations.select_customer()
2018-12-24 13:42:23,819 INFO: Executing TransactionTrackerOperations.get_CM_parcels()
2018-12-24 13:42:26,387 INFO: NoSuchElementException in TransactionTrackerOperations.get_CM_parcels()
2018-12-24 13:42:30,857 INFO: NoSuchElementException in TransactionTrackerOperations.get_CM_parcels()
2018-12-24 13:42:35,311 INFO: NoSuchElementException in TransactionTrackerOperations.get_CM_parcels()
2018-12-24 13:42:39,806 INFO: NoSuchElementException in TransactionTrackerOperations.get_CM_parcels()
2018-12-24 13:42:44,269 INFO: NoSuchElementException in TransactionTrackerOperations.get_CM_parcels()
2018-12-24 13:42:48,741 INFO: NoSuchElementException in TransactionTrackerOperations.get_CM_parcels()
2018-12-24 13:42:51,597 INFO: NoSuchElementException in TransactionTrackerOperations.get_CM_parcels()
2018-12-24 13:42:59,410 INFO: Executing TransactionTrackerOperations.search_process_for_CMPDM() for: Performance Health|Quest Healthcare Development DSSI|810
2018-12-24 13:42:59,445 INFO: Executing TransactionTrackerOperations.select_customer()
2018-12-24 13:43:06,285 INFO: Executing TransactionTrackerOperations.select_customer()
2018-12-24 13:43:17,574 INFO: Executing TransactionTrackerOperations.get_CM_parcels()
2018-12-24 13:43:23,667 INFO: Executing TransactionTrackerOperations.search_process_for_CMPDM() for: Performance Health|Regency Integrated Health Services DSSI|810
2018-12-24 13:43:24,164 INFO: Executing TransactionTrackerOperations.select_customer()
2018-12-24 13:43:31,006 INFO: Executing TransactionTrackerOperations.select_customer()
2018-12-24 13:43:42,776 INFO: Executing TransactionTrackerOperations.get_CM_parcels()
2018-12-24 13:43:48,731 INFO: Executing TransactionTrackerOperations.search_process_for_CMPDM() for: Performance Health|RENNES HEALTH DSSI|810
2018-12-24 13:43:49,815 INFO: Executing TransactionTrackerOperations.select_customer()
2018-12-24 13:43:56,684 INFO: Executing TransactionTrackerOperations.select_customer()
2018-12-24 13:44:08,080 INFO: Executing TransactionTrackerOperations.get_CM_parcels()
2018-12-24 13:44:10,775 INFO: NoSuchElementException in TransactionTrackerOperations.get_CM_parcels()
2018-12-24 13:44:15,418 INFO: NoSuchElementException in TransactionTrackerOperations.get_CM_parcels()
2018-12-24 13:44:20,030 INFO: NoSuchElementException in TransactionTrackerOperations.get_CM_parcels()
2018-12-24 13:44:24,457 INFO: NoSuchElementException in TransactionTrackerOperations.get_CM_parcels()
2018-12-24 13:44:28,904 INFO: NoSuchElementException in TransactionTrackerOperations.get_CM_parcels()
2018-12-24 13:44:31,786 INFO: NoSuchElementException in TransactionTrackerOperations.get_CM_parcels()
2018-12-24 13:44:38,921 INFO: Executing TransactionTrackerOperations.search_process_for_CMPDM() for: Performance Health|SABER HEALTHCARE DSSI|810
2018-12-24 13:44:39,871 INFO: Executing TransactionTrackerOperations.select_customer()
2018-12-24 13:44:46,730 INFO: Executing TransactionTrackerOperations.select_customer()
2018-12-24 13:44:58,176 INFO: Executing TransactionTrackerOperations.get_CM_parcels()
2018-12-24 13:45:04,568 INFO: Executing TransactionTrackerOperations.search_process_for_CMPDM() for: Performance Health|SPRENGER HEALTHCARE DSSI|810
2018-12-24 13:45:05,492 INFO: Executing TransactionTrackerOperations.select_customer()
2018-12-24 13:45:12,325 INFO: Executing TransactionTrackerOperations.select_customer()
2018-12-24 13:45:23,871 INFO: Executing TransactionTrackerOperations.get_CM_parcels()
2018-12-24 13:45:26,615 INFO: NoSuchElementException in TransactionTrackerOperations.get_CM_parcels()
2018-12-24 13:45:31,155 INFO: NoSuchElementException in TransactionTrackerOperations.get_CM_parcels()
2018-12-24 13:45:35,673 INFO: NoSuchElementException in TransactionTrackerOperations.get_CM_parcels()
2018-12-24 13:45:40,088 INFO: NoSuchElementException in TransactionTrackerOperations.get_CM_parcels()
2018-12-24 13:45:44,550 INFO: NoSuchElementException in TransactionTrackerOperations.get_CM_parcels()
2018-12-24 13:45:48,996 INFO: NoSuchElementException in TransactionTrackerOperations.get_CM_parcels()
2018-12-24 13:45:53,450 INFO: NoSuchElementException in TransactionTrackerOperations.get_CM_parcels()
2018-12-24 13:45:58,233 INFO: NoSuchElementException in TransactionTrackerOperations.get_CM_parcels()
2018-12-24 13:46:02,718 INFO: NoSuchElementException in TransactionTrackerOperations.get_CM_parcels()
2018-12-24 13:46:07,297 INFO: NoSuchElementException in TransactionTrackerOperations.get_CM_parcels()
2018-12-24 13:46:11,804 INFO: NoSuchElementException in TransactionTrackerOperations.get_CM_parcels()
2018-12-24 13:46:15,699 INFO: NoSuchElementException in TransactionTrackerOperations.get_CM_parcels()
2018-12-24 13:46:24,283 INFO: Executing TransactionTrackerOperations.search_process_for_CMPDM() for: Performance Health|SPRINGPOINT DSSI|810
2018-12-24 13:46:24,307 INFO: Executing TransactionTrackerOperations.select_customer()
2018-12-24 13:46:31,158 INFO: Executing TransactionTrackerOperations.select_customer()
2018-12-24 13:46:42,481 INFO: Executing TransactionTrackerOperations.get_CM_parcels()
2018-12-24 13:46:45,226 INFO: NoSuchElementException in TransactionTrackerOperations.get_CM_parcels()
2018-12-24 13:46:49,807 INFO: NoSuchElementException in TransactionTrackerOperations.get_CM_parcels()
2018-12-24 13:46:54,216 INFO: NoSuchElementException in TransactionTrackerOperations.get_CM_parcels()
2018-12-24 13:46:58,729 INFO: NoSuchElementException in TransactionTrackerOperations.get_CM_parcels()
2018-12-24 13:47:02,233 INFO: NoSuchElementException in TransactionTrackerOperations.get_CM_parcels()
2018-12-24 13:47:10,005 INFO: Executing TransactionTrackerOperations.search_process_for_CMPDM() for: Performance Health|STONERISE MEDICAL DSSI|810
2018-12-24 13:47:10,024 INFO: Executing TransactionTrackerOperations.select_customer()
2018-12-24 13:47:16,869 INFO: Executing TransactionTrackerOperations.select_customer()
2018-12-24 13:47:28,504 INFO: Executing TransactionTrackerOperations.get_CM_parcels()
2018-12-24 13:47:35,711 INFO: Executing TransactionTrackerOperations.search_process_for_CMPDM() for: Performance Health|TAMARAC ADMINISTRACTIVE SERVICES DSSI|810
2018-12-24 13:47:35,731 INFO: Executing TransactionTrackerOperations.select_customer()
2018-12-24 13:47:42,573 INFO: Executing TransactionTrackerOperations.select_customer()
2018-12-24 13:47:54,552 INFO: Executing TransactionTrackerOperations.get_CM_parcels()
2018-12-24 13:48:01,822 INFO: Executing TransactionTrackerOperations.search_process_for_CMPDM() for: Performance Health|TANDEM HEALTHCARE DSSI|810
2018-12-24 13:48:01,869 INFO: Executing TransactionTrackerOperations.select_customer()
2018-12-24 13:48:08,708 INFO: Executing TransactionTrackerOperations.select_customer()
2018-12-24 13:48:20,218 INFO: Executing TransactionTrackerOperations.get_CM_parcels()
2018-12-24 13:48:26,399 INFO: Executing TransactionTrackerOperations.search_process_for_CMPDM() for: Performance Health|TARA CARES LLC DSSI|810
2018-12-24 13:48:27,397 INFO: Executing TransactionTrackerOperations.select_customer()
2018-12-24 13:48:34,250 INFO: Executing TransactionTrackerOperations.select_customer()
2018-12-24 13:48:45,687 INFO: Executing TransactionTrackerOperations.get_CM_parcels()
2018-12-24 13:48:52,374 INFO: Executing TransactionTrackerOperations.search_process_for_CMPDM() for: Performance Health|TEALWOOD TWN DSSI|810
2018-12-24 13:48:52,393 INFO: Executing TransactionTrackerOperations.select_customer()
2018-12-24 13:48:59,219 INFO: Executing TransactionTrackerOperations.select_customer()
2018-12-24 13:49:10,621 INFO: Executing TransactionTrackerOperations.get_CM_parcels()
2018-12-24 13:49:13,267 INFO: NoSuchElementException in TransactionTrackerOperations.get_CM_parcels()
2018-12-24 13:49:18,227 INFO: NoSuchElementException in TransactionTrackerOperations.get_CM_parcels()
2018-12-24 13:49:22,768 INFO: NoSuchElementException in TransactionTrackerOperations.get_CM_parcels()
2018-12-24 13:49:27,163 INFO: NoSuchElementException in TransactionTrackerOperations.get_CM_parcels()
2018-12-24 13:49:31,590 INFO: NoSuchElementException in TransactionTrackerOperations.get_CM_parcels()
2018-12-24 13:49:36,199 INFO: NoSuchElementException in TransactionTrackerOperations.get_CM_parcels()
2018-12-24 13:49:40,642 INFO: NoSuchElementException in TransactionTrackerOperations.get_CM_parcels()
2018-12-24 13:49:45,091 INFO: NoSuchElementException in TransactionTrackerOperations.get_CM_parcels()
2018-12-24 13:49:49,591 INFO: NoSuchElementException in TransactionTrackerOperations.get_CM_parcels()
2018-12-24 13:49:54,086 INFO: NoSuchElementException in TransactionTrackerOperations.get_CM_parcels()
2018-12-24 13:49:58,584 INFO: NoSuchElementException in TransactionTrackerOperations.get_CM_parcels()
2018-12-24 13:50:07,347 INFO: Executing TransactionTrackerOperations.search_process_for_CMPDM() for: Performance Health|TRANS HEALTH CARE DSSI|810
2018-12-24 13:50:08,368 INFO: Executing TransactionTrackerOperations.select_customer()
2018-12-24 13:50:15,225 INFO: Executing TransactionTrackerOperations.select_customer()
2018-12-24 13:50:26,725 INFO: Executing TransactionTrackerOperations.get_CM_parcels()
2018-12-24 13:50:33,961 INFO: Executing TransactionTrackerOperations.search_process_for_CMPDM() for: Performance Health|UNITED MEDICAL DSSI|810
2018-12-24 13:50:33,978 INFO: Executing TransactionTrackerOperations.select_customer()
2018-12-24 13:50:40,844 INFO: Executing TransactionTrackerOperations.select_customer()
2018-12-24 13:50:52,187 INFO: Executing TransactionTrackerOperations.get_CM_parcels()
2018-12-24 13:50:59,629 INFO: Executing TransactionTrackerOperations.search_process_for_CMPDM() for: Performance Health|WILMAC DSSI|810
2018-12-24 13:50:59,646 INFO: Executing TransactionTrackerOperations.select_customer()
2018-12-24 13:51:06,481 INFO: Executing TransactionTrackerOperations.select_customer()
2018-12-24 13:51:17,379 INFO: Executing TransactionTrackerOperations.get_CM_parcels()
2018-12-24 13:51:19,986 INFO: NoSuchElementException in TransactionTrackerOperations.get_CM_parcels()
2018-12-24 13:51:24,732 INFO: NoSuchElementException in TransactionTrackerOperations.get_CM_parcels()
2018-12-24 13:51:29,202 INFO: NoSuchElementException in TransactionTrackerOperations.get_CM_parcels()
2018-12-24 13:51:33,663 INFO: NoSuchElementException in TransactionTrackerOperations.get_CM_parcels()
2018-12-24 13:51:36,491 INFO: NoSuchElementException in TransactionTrackerOperations.get_CM_parcels()
2018-12-24 13:51:43,456 INFO: Executing TransactionTrackerOperations.search_process_for_CMPDM() for: Performance Health|Senior Care Centers LLC|810
2018-12-24 13:51:44,499 INFO: Executing TransactionTrackerOperations.select_customer()
2018-12-24 13:51:51,394 INFO: Executing TransactionTrackerOperations.select_customer()
2018-12-24 13:52:02,749 INFO: Executing TransactionTrackerOperations.get_CM_parcels()
2018-12-24 13:52:10,397 INFO: Executing TransactionTrackerOperations.search_process_for_CMPDM() for: Performance Health|AMERICAN SENIOR COMMUNITIES DSSI|810
2018-12-24 13:52:10,468 INFO: Executing TransactionTrackerOperations.select_customer()
2018-12-24 13:52:17,289 INFO: Executing TransactionTrackerOperations.select_customer()
2018-12-24 13:52:29,078 INFO: Executing TransactionTrackerOperations.get_CM_parcels()
2018-12-24 13:52:36,302 INFO: Executing TransactionTrackerOperations.search_process_for_CMPDM() for: Performance Health|BaneCare Management DSSI|810
2018-12-24 13:52:36,323 INFO: Executing TransactionTrackerOperations.select_customer()
2018-12-24 13:52:43,154 INFO: Executing TransactionTrackerOperations.select_customer()
2018-12-24 13:52:54,446 INFO: Executing TransactionTrackerOperations.get_CM_parcels()
2018-12-24 13:53:01,712 INFO: Executing TransactionTrackerOperations.search_process_for_CMPDM() for: Performance Health|DSSI Next Step Healthcare|810
2018-12-24 13:53:02,031 INFO: Executing TransactionTrackerOperations.select_customer()
2018-12-24 13:53:08,914 INFO: Executing TransactionTrackerOperations.select_customer()
2018-12-24 13:53:20,450 INFO: Executing TransactionTrackerOperations.get_CM_parcels()
2018-12-24 13:53:26,346 INFO: Executing TransactionTrackerOperations.search_process_for_CMPDM() for: Performance Health|Regency Pacific DSSI|810
2018-12-24 13:53:27,251 INFO: Executing TransactionTrackerOperations.select_customer()
2018-12-24 13:53:34,106 INFO: Executing TransactionTrackerOperations.select_customer()
2018-12-24 13:53:45,431 INFO: Executing TransactionTrackerOperations.get_CM_parcels()
2018-12-24 13:53:45,703 INFO: NoSuchElementException in TransactionTrackerOperations.get_CM_parcels()
2018-12-24 13:53:53,725 INFO: Executing TransactionTrackerOperations.search_process_for_CMPDM() for: Performance Health|ADVANTAGE HPSI DSSI|810
2018-12-24 13:53:53,754 INFO: Executing TransactionTrackerOperations.select_customer()
2018-12-24 13:54:00,596 INFO: Executing TransactionTrackerOperations.select_customer()
2018-12-24 13:54:12,171 INFO: Executing TransactionTrackerOperations.get_CM_parcels()
2018-12-24 13:54:14,960 INFO: NoSuchElementException in TransactionTrackerOperations.get_CM_parcels()
2018-12-24 13:54:19,471 INFO: NoSuchElementException in TransactionTrackerOperations.get_CM_parcels()
2018-12-24 13:54:23,917 INFO: NoSuchElementException in TransactionTrackerOperations.get_CM_parcels()
2018-12-24 13:54:27,631 INFO: NoSuchElementException in TransactionTrackerOperations.get_CM_parcels()
2018-12-24 13:54:35,485 INFO: Executing TransactionTrackerOperations.search_process_for_CMPDM() for: Performance Health|ADVANTAGE NAVIGATOR DSSI|810
2018-12-24 13:54:35,905 INFO: Executing TransactionTrackerOperations.select_customer()
2018-12-24 13:54:42,745 INFO: Executing TransactionTrackerOperations.select_customer()
2018-12-24 13:54:54,266 INFO: Executing TransactionTrackerOperations.get_CM_parcels()
2018-12-24 13:55:01,845 INFO: Executing TransactionTrackerOperations.search_process_for_CMPDM() for: Performance Health|American Health Companies|810
2018-12-24 13:55:01,868 INFO: Executing TransactionTrackerOperations.select_customer()
2018-12-24 13:55:08,709 INFO: Executing TransactionTrackerOperations.select_customer()
2018-12-24 13:55:19,772 INFO: Executing TransactionTrackerOperations.get_CM_parcels()
2018-12-24 13:55:27,179 INFO: Executing TransactionTrackerOperations.search_process_for_CMPDM() for: Performance Health|APEX|810
2018-12-24 13:55:27,196 INFO: Executing TransactionTrackerOperations.select_customer()
2018-12-24 13:55:34,046 INFO: Executing TransactionTrackerOperations.select_customer()
2018-12-24 13:55:45,030 INFO: Executing TransactionTrackerOperations.get_CM_parcels()
2018-12-24 13:55:52,419 INFO: Executing TransactionTrackerOperations.search_process_for_CMPDM() for: Performance Health|APEX HEALTHCARE FLORIDA DSSI|810
2018-12-24 13:55:52,466 INFO: Executing TransactionTrackerOperations.select_customer()
2018-12-24 13:55:59,307 INFO: Executing TransactionTrackerOperations.select_customer()
2018-12-24 13:56:10,985 INFO: Executing TransactionTrackerOperations.get_CM_parcels()
2018-12-24 13:56:13,712 INFO: NoSuchElementException in TransactionTrackerOperations.get_CM_parcels()
2018-12-24 13:56:18,246 INFO: NoSuchElementException in TransactionTrackerOperations.get_CM_parcels()
2018-12-24 13:56:22,755 INFO: NoSuchElementException in TransactionTrackerOperations.get_CM_parcels()
2018-12-24 13:56:27,146 INFO: NoSuchElementException in TransactionTrackerOperations.get_CM_parcels()
2018-12-24 13:56:31,583 INFO: NoSuchElementException in TransactionTrackerOperations.get_CM_parcels()
2018-12-24 13:56:36,010 INFO: NoSuchElementException in TransactionTrackerOperations.get_CM_parcels()
2018-12-24 13:56:40,439 INFO: NoSuchElementException in TransactionTrackerOperations.get_CM_parcels()
2018-12-24 13:56:44,911 INFO: NoSuchElementException in TransactionTrackerOperations.get_CM_parcels()
2018-12-24 13:56:49,425 INFO: NoSuchElementException in TransactionTrackerOperations.get_CM_parcels()
2018-12-24 13:56:53,957 INFO: NoSuchElementException in TransactionTrackerOperations.get_CM_parcels()
2018-12-24 13:56:58,453 INFO: NoSuchElementException in TransactionTrackerOperations.get_CM_parcels()
2018-12-24 13:57:02,933 INFO: NoSuchElementException in TransactionTrackerOperations.get_CM_parcels()
2018-12-24 13:57:07,528 INFO: NoSuchElementException in TransactionTrackerOperations.get_CM_parcels()
2018-12-24 13:57:12,010 INFO: NoSuchElementException in TransactionTrackerOperations.get_CM_parcels()
2018-12-24 13:57:16,680 INFO: NoSuchElementException in TransactionTrackerOperations.get_CM_parcels()
2018-12-24 13:57:19,759 INFO: NoSuchElementException in TransactionTrackerOperations.get_CM_parcels()
2018-12-24 13:57:27,286 INFO: Executing TransactionTrackerOperations.search_process_for_CMPDM() for: Performance Health|ATRIUM LIVING CENTERS DSSI|810
2018-12-24 13:57:28,135 INFO: Executing TransactionTrackerOperations.select_customer()
2018-12-24 13:57:34,988 INFO: Executing TransactionTrackerOperations.select_customer()
2018-12-24 13:57:46,621 INFO: Executing TransactionTrackerOperations.get_CM_parcels()
2018-12-24 13:57:49,221 INFO: NoSuchElementException in TransactionTrackerOperations.get_CM_parcels()
2018-12-24 13:57:53,724 INFO: NoSuchElementException in TransactionTrackerOperations.get_CM_parcels()
2018-12-24 13:57:58,152 INFO: NoSuchElementException in TransactionTrackerOperations.get_CM_parcels()
2018-12-24 13:58:02,685 INFO: NoSuchElementException in TransactionTrackerOperations.get_CM_parcels()
2018-12-24 13:58:07,088 INFO: NoSuchElementException in TransactionTrackerOperations.get_CM_parcels()
2018-12-24 13:58:11,544 INFO: NoSuchElementException in TransactionTrackerOperations.get_CM_parcels()
2018-12-24 13:58:15,988 INFO: NoSuchElementException in TransactionTrackerOperations.get_CM_parcels()
2018-12-24 13:58:20,460 INFO: NoSuchElementException in TransactionTrackerOperations.get_CM_parcels()
2018-12-24 13:58:24,922 INFO: NoSuchElementException in TransactionTrackerOperations.get_CM_parcels()
2018-12-24 13:58:29,404 INFO: NoSuchElementException in TransactionTrackerOperations.get_CM_parcels()
2018-12-24 13:58:33,969 INFO: NoSuchElementException in TransactionTrackerOperations.get_CM_parcels()
2018-12-24 13:58:38,478 INFO: NoSuchElementException in TransactionTrackerOperations.get_CM_parcels()
2018-12-24 13:58:42,973 INFO: NoSuchElementException in TransactionTrackerOperations.get_CM_parcels()
2018-12-24 13:58:46,303 INFO: NoSuchElementException in TransactionTrackerOperations.get_CM_parcels()
2018-12-24 13:58:55,123 INFO: Executing TransactionTrackerOperations.search_process_for_CMPDM() for: Performance Health|AXIOM DSSI|810
2018-12-24 13:58:55,142 INFO: Executing TransactionTrackerOperations.select_customer()
2018-12-24 13:59:01,996 INFO: Executing TransactionTrackerOperations.select_customer()
2018-12-24 13:59:13,140 INFO: Executing TransactionTrackerOperations.get_CM_parcels()
2018-12-24 13:59:15,946 INFO: NoSuchElementException in TransactionTrackerOperations.get_CM_parcels()
2018-12-24 13:59:19,145 INFO: NoSuchElementException in TransactionTrackerOperations.get_CM_parcels()
2018-12-24 13:59:27,153 INFO: Executing TransactionTrackerOperations.search_process_for_CMPDM() for: Performance Health|BE GROUP DSSI|810
2018-12-24 13:59:27,173 INFO: Executing TransactionTrackerOperations.select_customer()
2018-12-24 13:59:34,020 INFO: Executing TransactionTrackerOperations.select_customer()
2018-12-24 13:59:45,120 INFO: Executing TransactionTrackerOperations.get_CM_parcels()
2018-12-24 13:59:51,920 INFO: Executing TransactionTrackerOperations.search_process_for_CMPDM() for: Performance Health|BEACON HEALTH DSSI|810
2018-12-24 13:59:51,943 INFO: Executing TransactionTrackerOperations.select_customer()
2018-12-24 13:59:58,810 INFO: Executing TransactionTrackerOperations.select_customer()
2018-12-24 14:00:10,045 INFO: Executing TransactionTrackerOperations.get_CM_parcels()
2018-12-24 14:00:12,652 INFO: NoSuchElementException in TransactionTrackerOperations.get_CM_parcels()
2018-12-24 14:00:17,183 INFO: NoSuchElementException in TransactionTrackerOperations.get_CM_parcels()
2018-12-24 14:00:21,680 INFO: NoSuchElementException in TransactionTrackerOperations.get_CM_parcels()
2018-12-24 14:00:26,075 INFO: NoSuchElementException in TransactionTrackerOperations.get_CM_parcels()
2018-12-24 14:00:30,520 INFO: NoSuchElementException in TransactionTrackerOperations.get_CM_parcels()
2018-12-24 14:00:34,252 INFO: NoSuchElementException in TransactionTrackerOperations.get_CM_parcels()
2018-12-24 14:00:42,216 INFO: Executing TransactionTrackerOperations.search_process_for_CMPDM() for: Performance Health|BENEDICTINE DSSI|810
2018-12-24 14:00:42,234 INFO: Executing TransactionTrackerOperations.select_customer()
2018-12-24 14:00:49,104 INFO: Executing TransactionTrackerOperations.select_customer()
2018-12-24 14:01:00,253 INFO: Executing TransactionTrackerOperations.get_CM_parcels()
2018-12-24 14:01:07,157 INFO: Executing TransactionTrackerOperations.search_process_for_CMPDM() for: Performance Health|Bethlen Communities Home Health and Hospice|810
2018-12-24 14:01:07,189 INFO: Executing TransactionTrackerOperations.select_customer()
2018-12-24 14:01:14,048 INFO: Executing TransactionTrackerOperations.select_customer()
2018-12-24 14:01:25,896 INFO: Executing TransactionTrackerOperations.get_CM_parcels()
2018-12-24 14:01:28,513 INFO: NoSuchElementException in TransactionTrackerOperations.get_CM_parcels()
2018-12-24 14:01:31,960 INFO: NoSuchElementException in TransactionTrackerOperations.get_CM_parcels()
2018-12-24 14:01:39,849 INFO: Executing TransactionTrackerOperations.search_process_for_CMPDM() for: Performance Health|BOMBAY LANE DSSI|810
2018-12-24 14:01:39,870 INFO: Executing TransactionTrackerOperations.select_customer()
2018-12-24 14:01:46,731 INFO: Executing TransactionTrackerOperations.select_customer()
2018-12-24 14:01:57,895 INFO: Executing TransactionTrackerOperations.get_CM_parcels()
2018-12-24 14:02:00,572 INFO: NoSuchElementException in TransactionTrackerOperations.get_CM_parcels()
2018-12-24 14:02:05,070 INFO: NoSuchElementException in TransactionTrackerOperations.get_CM_parcels()
2018-12-24 14:02:09,606 INFO: NoSuchElementException in TransactionTrackerOperations.get_CM_parcels()
2018-12-24 14:02:14,056 INFO: NoSuchElementException in TransactionTrackerOperations.get_CM_parcels()
2018-12-24 14:02:18,552 INFO: NoSuchElementException in TransactionTrackerOperations.get_CM_parcels()
2018-12-24 14:02:23,135 INFO: NoSuchElementException in TransactionTrackerOperations.get_CM_parcels()
2018-12-24 14:02:26,655 INFO: NoSuchElementException in TransactionTrackerOperations.get_CM_parcels()
2018-12-24 14:02:35,234 INFO: Executing TransactionTrackerOperations.search_process_for_CMPDM() for: Performance Health|CARDON AND ASSOCIATES DSSI|810
2018-12-24 14:02:35,256 INFO: Executing TransactionTrackerOperations.select_customer()
2018-12-24 14:02:42,126 INFO: Executing TransactionTrackerOperations.select_customer()
2018-12-24 14:02:53,856 INFO: Executing TransactionTrackerOperations.get_CM_parcels()
2018-12-24 14:02:56,658 INFO: NoSuchElementException in TransactionTrackerOperations.get_CM_parcels()
2018-12-24 14:03:01,215 INFO: NoSuchElementException in TransactionTrackerOperations.get_CM_parcels()
2018-12-24 14:03:05,672 INFO: NoSuchElementException in TransactionTrackerOperations.get_CM_parcels()
2018-12-24 14:03:10,089 INFO: NoSuchElementException in TransactionTrackerOperations.get_CM_parcels()
2018-12-24 14:03:14,610 INFO: NoSuchElementException in TransactionTrackerOperations.get_CM_parcels()
2018-12-24 14:03:19,084 INFO: NoSuchElementException in TransactionTrackerOperations.get_CM_parcels()
2018-12-24 14:03:23,617 INFO: NoSuchElementException in TransactionTrackerOperations.get_CM_parcels()
2018-12-24 14:03:28,067 INFO: NoSuchElementException in TransactionTrackerOperations.get_CM_parcels()
2018-12-24 14:03:32,593 INFO: NoSuchElementException in TransactionTrackerOperations.get_CM_parcels()
2018-12-24 14:03:37,182 INFO: NoSuchElementException in TransactionTrackerOperations.get_CM_parcels()
2018-12-24 14:03:41,719 INFO: NoSuchElementException in TransactionTrackerOperations.get_CM_parcels()
2018-12-24 14:03:46,179 INFO: NoSuchElementException in TransactionTrackerOperations.get_CM_parcels()
2018-12-24 14:03:50,866 INFO: NoSuchElementException in TransactionTrackerOperations.get_CM_parcels()
2018-12-24 14:03:55,346 INFO: NoSuchElementException in TransactionTrackerOperations.get_CM_parcels()
2018-12-24 14:03:59,840 INFO: NoSuchElementException in TransactionTrackerOperations.get_CM_parcels()
2018-12-24 14:04:03,170 INFO: NoSuchElementException in TransactionTrackerOperations.get_CM_parcels()
2018-12-24 14:04:11,348 INFO: Executing TransactionTrackerOperations.search_process_for_CMPDM() for: Performance Health|CERES PURCHASING SOLUTIONS DSSI|810
2018-12-24 14:04:11,376 INFO: Executing TransactionTrackerOperations.select_customer()
2018-12-24 14:04:18,261 INFO: Executing TransactionTrackerOperations.select_customer()
2018-12-24 14:04:30,002 INFO: Executing TransactionTrackerOperations.get_CM_parcels()
2018-12-24 14:04:36,392 INFO: Executing TransactionTrackerOperations.search_process_for_CMPDM() for: Performance Health|Chosen Healthcare DSSI|810
2018-12-24 14:04:37,344 INFO: Executing TransactionTrackerOperations.select_customer()
2018-12-24 14:04:44,169 INFO: Executing TransactionTrackerOperations.select_customer()
2018-12-24 14:04:55,480 INFO: Executing TransactionTrackerOperations.get_CM_parcels()
2018-12-24 14:05:02,258 INFO: Executing TransactionTrackerOperations.search_process_for_CMPDM() for: Performance Health|CLEAR CHOICE DSSI|810
2018-12-24 14:05:02,276 INFO: Executing TransactionTrackerOperations.select_customer()
2018-12-24 14:05:09,119 INFO: Executing TransactionTrackerOperations.select_customer()
2018-12-24 14:05:20,395 INFO: Executing TransactionTrackerOperations.get_CM_parcels()
2018-12-24 14:05:23,038 INFO: NoSuchElementException in TransactionTrackerOperations.get_CM_parcels()
2018-12-24 14:05:27,662 INFO: NoSuchElementException in TransactionTrackerOperations.get_CM_parcels()
2018-12-24 14:05:32,094 INFO: NoSuchElementException in TransactionTrackerOperations.get_CM_parcels()
2018-12-24 14:05:36,502 INFO: NoSuchElementException in TransactionTrackerOperations.get_CM_parcels()
2018-12-24 14:05:41,012 INFO: NoSuchElementException in TransactionTrackerOperations.get_CM_parcels()
2018-12-24 14:05:45,496 INFO: NoSuchElementException in TransactionTrackerOperations.get_CM_parcels()
2018-12-24 14:05:50,024 INFO: NoSuchElementException in TransactionTrackerOperations.get_CM_parcels()
2018-12-24 14:05:54,513 INFO: NoSuchElementException in TransactionTrackerOperations.get_CM_parcels()
2018-12-24 14:05:59,080 INFO: NoSuchElementException in TransactionTrackerOperations.get_CM_parcels()
2018-12-24 14:06:03,763 INFO: NoSuchElementException in TransactionTrackerOperations.get_CM_parcels()
2018-12-24 14:06:06,378 INFO: NoSuchElementException in TransactionTrackerOperations.get_CM_parcels()
2018-12-24 14:06:15,214 INFO: Executing TransactionTrackerOperations.search_process_for_CMPDM() for: Performance Health|COMMUNICARE DSSI|810
2018-12-24 14:06:16,193 INFO: Executing TransactionTrackerOperations.select_customer()
2018-12-24 14:06:23,090 INFO: Executing TransactionTrackerOperations.select_customer()
2018-12-24 14:06:34,467 INFO: Executing TransactionTrackerOperations.get_CM_parcels()
2018-12-24 14:06:41,771 INFO: Executing TransactionTrackerOperations.search_process_for_CMPDM() for: Performance Health|COMPLETE HEALTHCARE DSSI|810
2018-12-24 14:06:41,792 INFO: Executing TransactionTrackerOperations.select_customer()
2018-12-24 14:06:48,642 INFO: Executing TransactionTrackerOperations.select_customer()
2018-12-24 14:07:00,171 INFO: Executing TransactionTrackerOperations.get_CM_parcels()
2018-12-24 14:07:03,391 INFO: NoSuchElementException in TransactionTrackerOperations.get_CM_parcels()
2018-12-24 14:07:07,953 INFO: NoSuchElementException in TransactionTrackerOperations.get_CM_parcels()
2018-12-24 14:07:12,425 INFO: NoSuchElementException in TransactionTrackerOperations.get_CM_parcels()
2018-12-24 14:07:16,820 INFO: NoSuchElementException in TransactionTrackerOperations.get_CM_parcels()
2018-12-24 14:07:21,248 INFO: NoSuchElementException in TransactionTrackerOperations.get_CM_parcels()
2018-12-24 14:07:25,801 INFO: NoSuchElementException in TransactionTrackerOperations.get_CM_parcels()
2018-12-24 14:07:30,245 INFO: NoSuchElementException in TransactionTrackerOperations.get_CM_parcels()
2018-12-24 14:07:34,857 INFO: NoSuchElementException in TransactionTrackerOperations.get_CM_parcels()
2018-12-24 14:07:39,399 INFO: NoSuchElementException in TransactionTrackerOperations.get_CM_parcels()
2018-12-24 14:07:43,930 INFO: NoSuchElementException in TransactionTrackerOperations.get_CM_parcels()
2018-12-24 14:07:48,466 INFO: NoSuchElementException in TransactionTrackerOperations.get_CM_parcels()
2018-12-24 14:07:52,954 INFO: NoSuchElementException in TransactionTrackerOperations.get_CM_parcels()
2018-12-24 14:07:57,541 INFO: NoSuchElementException in TransactionTrackerOperations.get_CM_parcels()
2018-12-24 14:08:02,131 INFO: NoSuchElementException in TransactionTrackerOperations.get_CM_parcels()
2018-12-24 14:08:06,662 INFO: NoSuchElementException in TransactionTrackerOperations.get_CM_parcels()
2018-12-24 14:08:09,045 INFO: NoSuchElementException in TransactionTrackerOperations.get_CM_parcels()
2018-12-24 14:08:16,614 INFO: Executing TransactionTrackerOperations.search_process_for_CMPDM() for: Performance Health|COVENANT DOVE DSSI|810
2018-12-24 14:08:17,687 INFO: Executing TransactionTrackerOperations.select_customer()
2018-12-24 14:08:24,532 INFO: Executing TransactionTrackerOperations.select_customer()
2018-12-24 14:08:35,805 INFO: Executing TransactionTrackerOperations.get_CM_parcels()
2018-12-24 14:08:38,451 INFO: NoSuchElementException in TransactionTrackerOperations.get_CM_parcels()
2018-12-24 14:08:43,015 INFO: NoSuchElementException in TransactionTrackerOperations.get_CM_parcels()
2018-12-24 14:08:47,464 INFO: NoSuchElementException in TransactionTrackerOperations.get_CM_parcels()
2018-12-24 14:08:51,880 INFO: NoSuchElementException in TransactionTrackerOperations.get_CM_parcels()
2018-12-24 14:08:56,831 INFO: NoSuchElementException in TransactionTrackerOperations.get_CM_parcels()
2018-12-24 14:09:01,571 INFO: NoSuchElementException in TransactionTrackerOperations.get_CM_parcels()
2018-12-24 14:09:06,369 INFO: NoSuchElementException in TransactionTrackerOperations.get_CM_parcels()
2018-12-24 14:09:11,239 INFO: NoSuchElementException in TransactionTrackerOperations.get_CM_parcels()
2018-12-24 14:09:16,194 INFO: NoSuchElementException in TransactionTrackerOperations.get_CM_parcels()
2018-12-24 14:09:21,179 INFO: NoSuchElementException in TransactionTrackerOperations.get_CM_parcels()
2018-12-24 14:09:25,990 INFO: NoSuchElementException in TransactionTrackerOperations.get_CM_parcels()
2018-12-24 14:09:30,643 INFO: NoSuchElementException in TransactionTrackerOperations.get_CM_parcels()
2018-12-24 14:09:35,200 INFO: NoSuchElementException in TransactionTrackerOperations.get_CM_parcels()
2018-12-24 14:09:39,956 INFO: NoSuchElementException in TransactionTrackerOperations.get_CM_parcels()
2018-12-24 14:09:44,773 INFO: NoSuchElementException in TransactionTrackerOperations.get_CM_parcels()
2018-12-24 14:09:49,667 INFO: NoSuchElementException in TransactionTrackerOperations.get_CM_parcels()
2018-12-24 14:09:54,373 INFO: NoSuchElementException in TransactionTrackerOperations.get_CM_parcels()
2018-12-24 14:09:59,320 INFO: NoSuchElementException in TransactionTrackerOperations.get_CM_parcels()
2018-12-24 14:10:04,137 INFO: NoSuchElementException in TransactionTrackerOperations.get_CM_parcels()
2018-12-24 14:10:09,014 INFO: NoSuchElementException in TransactionTrackerOperations.get_CM_parcels()
2018-12-24 14:10:13,883 INFO: NoSuchElementException in TransactionTrackerOperations.get_CM_parcels()
2018-12-24 14:10:18,250 INFO: NoSuchElementException in TransactionTrackerOperations.get_CM_parcels()
2018-12-24 14:10:27,275 INFO: Executing TransactionTrackerOperations.search_process_for_CMPDM() for: Performance Health|DIAKON LUTHERAN DSSI|810
2018-12-24 14:10:27,296 INFO: Executing TransactionTrackerOperations.select_customer()
2018-12-24 14:10:34,128 INFO: Executing TransactionTrackerOperations.select_customer()
2018-12-24 14:10:45,486 INFO: Executing TransactionTrackerOperations.get_CM_parcels()
2018-12-24 14:10:48,131 INFO: NoSuchElementException in TransactionTrackerOperations.get_CM_parcels()
2018-12-24 14:10:52,668 INFO: NoSuchElementException in TransactionTrackerOperations.get_CM_parcels()
2018-12-24 14:10:57,198 INFO: NoSuchElementException in TransactionTrackerOperations.get_CM_parcels()
2018-12-24 14:11:01,688 INFO: NoSuchElementException in TransactionTrackerOperations.get_CM_parcels()
2018-12-24 14:11:06,131 INFO: NoSuchElementException in TransactionTrackerOperations.get_CM_parcels()
2018-12-24 14:11:10,584 INFO: NoSuchElementException in TransactionTrackerOperations.get_CM_parcels()
2018-12-24 14:11:15,147 INFO: NoSuchElementException in TransactionTrackerOperations.get_CM_parcels()
2018-12-24 14:11:17,960 INFO: NoSuchElementException in TransactionTrackerOperations.get_CM_parcels()
2018-12-24 14:11:24,980 INFO: Executing TransactionTrackerOperations.search_process_for_CMPDM() for: Performance Health|DIVERSICARE DSSI|810
2018-12-24 14:11:25,817 INFO: Executing TransactionTrackerOperations.select_customer()
2018-12-24 14:11:32,676 INFO: Executing TransactionTrackerOperations.select_customer()
2018-12-24 14:11:44,015 INFO: Executing TransactionTrackerOperations.get_CM_parcels()
2018-12-24 14:11:51,177 INFO: Executing TransactionTrackerOperations.search_process_for_CMPDM() for: Performance Health|Dycora Transitional Health DSSI|810
2018-12-24 14:11:51,195 INFO: Executing TransactionTrackerOperations.select_customer()
2018-12-24 14:11:58,015 INFO: Executing TransactionTrackerOperations.select_customer()
2018-12-24 14:12:09,549 INFO: Executing TransactionTrackerOperations.get_CM_parcels()
2018-12-24 14:12:12,157 INFO: NoSuchElementException in TransactionTrackerOperations.get_CM_parcels()
2018-12-24 14:12:16,764 INFO: NoSuchElementException in TransactionTrackerOperations.get_CM_parcels()
2018-12-24 14:12:21,212 INFO: NoSuchElementException in TransactionTrackerOperations.get_CM_parcels()
2018-12-24 14:12:25,641 INFO: NoSuchElementException in TransactionTrackerOperations.get_CM_parcels()
2018-12-24 14:12:30,171 INFO: NoSuchElementException in TransactionTrackerOperations.get_CM_parcels()
2018-12-24 14:12:34,645 INFO: NoSuchElementException in TransactionTrackerOperations.get_CM_parcels()
2018-12-24 14:12:39,086 INFO: NoSuchElementException in TransactionTrackerOperations.get_CM_parcels()
2018-12-24 14:12:43,525 INFO: NoSuchElementException in TransactionTrackerOperations.get_CM_parcels()
2018-12-24 14:12:47,958 INFO: NoSuchElementException in TransactionTrackerOperations.get_CM_parcels()
2018-12-24 14:12:52,445 INFO: NoSuchElementException in TransactionTrackerOperations.get_CM_parcels()
2018-12-24 14:12:56,991 INFO: NoSuchElementException in TransactionTrackerOperations.get_CM_parcels()
2018-12-24 14:13:01,624 INFO: NoSuchElementException in TransactionTrackerOperations.get_CM_parcels()
2018-12-24 14:13:05,700 INFO: NoSuchElementException in TransactionTrackerOperations.get_CM_parcels()
2018-12-24 14:13:11,471 ERROR: Error in CMProductionDataMonitoring.TaskFilter()
