2018-11-21 18:11:49,408 INFO: Executing Script Credit Memo Prodution Data Monitoring
2018-11-21 18:11:49,520 INFO: Executing CMProductionDataMonitoring.execute_main()
2018-11-21 18:11:55,647 INFO: Login in to Launchpad
2018-11-21 18:12:07,936 INFO: Executing CMProductionDataMonitoring.TaskFilter()
2018-11-21 18:12:08,270 INFO: Refreshing access_token
2018-11-21 18:12:12,348 INFO: select InProgress task from input sheet from CMProductionDataMonitoring.TaskFilter()
2018-11-21 18:12:12,350 INFO: Executing TransactionTrackerOperations.search_process_for_CMPDM() for: Performance Health|McKesson BASCOM PALMER EYE INST|810
2018-11-21 18:12:12,384 INFO: Executing TransactionTrackerOperations.select_customer()
2018-11-21 18:12:19,142 INFO: Executing TransactionTrackerOperations.select_customer()
2018-11-21 18:12:30,221 INFO: Executing TransactionTrackerOperations.get_CM_parcels()
2018-11-21 18:12:35,841 INFO: Executing TransactionTrackerOperations.search_process_for_CMPDM() for: Performance Health|McKesson CABELL HUNTINGTON HOSPITAL|810
2018-11-21 18:12:36,456 INFO: Executing TransactionTrackerOperations.select_customer()
2018-11-21 18:12:43,243 INFO: Executing TransactionTrackerOperations.select_customer()
2018-11-21 18:12:54,417 INFO: Executing TransactionTrackerOperations.get_CM_parcels()
2018-11-21 18:12:56,761 INFO: NoSuchElementException in TransactionTrackerOperations.get_CM_parcels()
2018-11-21 18:13:00,679 INFO: NoSuchElementException in TransactionTrackerOperations.get_CM_parcels()
2018-11-21 18:13:08,889 INFO: Executing TransactionTrackerOperations.search_process_for_CMPDM() for: Performance Health|McKesson CHILDRENS HOSPITAL|810
2018-11-21 18:13:08,902 INFO: Executing TransactionTrackerOperations.select_customer()
2018-11-21 18:13:15,818 INFO: Executing TransactionTrackerOperations.select_customer()
2018-11-21 18:13:26,822 INFO: Executing TransactionTrackerOperations.get_CM_parcels()
2018-11-21 18:13:29,159 INFO: NoSuchElementException in TransactionTrackerOperations.get_CM_parcels()
2018-11-21 18:13:33,386 INFO: NoSuchElementException in TransactionTrackerOperations.get_CM_parcels()
2018-11-21 18:13:35,794 INFO: NoSuchElementException in TransactionTrackerOperations.get_CM_parcels()
2018-11-21 18:13:42,912 INFO: Executing TransactionTrackerOperations.search_process_for_CMPDM() for: Performance Health|McKesson CHRISTIANA CARE HEALTH|810
2018-11-21 18:13:43,572 INFO: Executing TransactionTrackerOperations.select_customer()
2018-11-21 18:13:50,330 INFO: Executing TransactionTrackerOperations.select_customer()
2018-11-21 18:14:01,408 INFO: Executing TransactionTrackerOperations.get_CM_parcels()
2018-11-21 18:14:03,729 INFO: NoSuchElementException in TransactionTrackerOperations.get_CM_parcels()
2018-11-21 18:14:07,954 INFO: NoSuchElementException in TransactionTrackerOperations.get_CM_parcels()
2018-11-21 18:14:12,127 INFO: NoSuchElementException in TransactionTrackerOperations.get_CM_parcels()
2018-11-21 18:14:16,461 INFO: NoSuchElementException in TransactionTrackerOperations.get_CM_parcels()
2018-11-21 18:14:20,652 INFO: NoSuchElementException in TransactionTrackerOperations.get_CM_parcels()
2018-11-21 18:14:24,809 INFO: NoSuchElementException in TransactionTrackerOperations.get_CM_parcels()
2018-11-21 18:14:29,086 INFO: NoSuchElementException in TransactionTrackerOperations.get_CM_parcels()
2018-11-21 18:14:33,316 INFO: NoSuchElementException in TransactionTrackerOperations.get_CM_parcels()
2018-11-21 18:14:37,613 INFO: NoSuchElementException in TransactionTrackerOperations.get_CM_parcels()
2018-11-21 18:14:41,843 INFO: NoSuchElementException in TransactionTrackerOperations.get_CM_parcels()
2018-11-21 18:14:44,691 INFO: NoSuchElementException in TransactionTrackerOperations.get_CM_parcels()
2018-11-21 18:14:51,673 INFO: Executing TransactionTrackerOperations.search_process_for_CMPDM() for: Performance Health|McKesson EMH REGIONAL HEALTHCARE SYSTEMS|810
2018-11-21 18:14:52,404 INFO: Executing TransactionTrackerOperations.select_customer()
2018-11-21 18:14:59,139 INFO: Executing TransactionTrackerOperations.select_customer()
2018-11-21 18:15:10,404 INFO: Executing TransactionTrackerOperations.get_CM_parcels()
2018-11-21 18:15:16,498 INFO: Executing TransactionTrackerOperations.search_process_for_CMPDM() for: Performance Health|McKesson EMORY HEALTHCARE|810
2018-11-21 18:15:17,246 INFO: Executing TransactionTrackerOperations.select_customer()
2018-11-21 18:15:23,996 INFO: Executing TransactionTrackerOperations.select_customer()
2018-11-21 18:15:34,936 INFO: Executing TransactionTrackerOperations.get_CM_parcels()
2018-11-21 18:15:37,313 INFO: NoSuchElementException in TransactionTrackerOperations.get_CM_parcels()
2018-11-21 18:15:41,613 INFO: NoSuchElementException in TransactionTrackerOperations.get_CM_parcels()
2018-11-21 18:15:45,817 INFO: NoSuchElementException in TransactionTrackerOperations.get_CM_parcels()
2018-11-21 18:15:49,988 INFO: NoSuchElementException in TransactionTrackerOperations.get_CM_parcels()
2018-11-21 18:15:54,131 INFO: NoSuchElementException in TransactionTrackerOperations.get_CM_parcels()
2018-11-21 18:15:58,328 INFO: NoSuchElementException in TransactionTrackerOperations.get_CM_parcels()
2018-11-21 18:16:02,844 INFO: NoSuchElementException in TransactionTrackerOperations.get_CM_parcels()
2018-11-21 18:16:07,071 INFO: NoSuchElementException in TransactionTrackerOperations.get_CM_parcels()
2018-11-21 18:16:11,486 INFO: NoSuchElementException in TransactionTrackerOperations.get_CM_parcels()
2018-11-21 18:16:15,747 INFO: NoSuchElementException in TransactionTrackerOperations.get_CM_parcels()
2018-11-21 18:16:20,003 INFO: NoSuchElementException in TransactionTrackerOperations.get_CM_parcels()
2018-11-21 18:16:24,253 INFO: NoSuchElementException in TransactionTrackerOperations.get_CM_parcels()
2018-11-21 18:16:28,488 INFO: NoSuchElementException in TransactionTrackerOperations.get_CM_parcels()
2018-11-21 18:16:32,697 INFO: NoSuchElementException in TransactionTrackerOperations.get_CM_parcels()
2018-11-21 18:16:36,856 INFO: NoSuchElementException in TransactionTrackerOperations.get_CM_parcels()
2018-11-21 18:16:41,049 INFO: NoSuchElementException in TransactionTrackerOperations.get_CM_parcels()
2018-11-21 18:16:45,302 INFO: NoSuchElementException in TransactionTrackerOperations.get_CM_parcels()
2018-11-21 18:16:48,102 INFO: NoSuchElementException in TransactionTrackerOperations.get_CM_parcels()
2018-11-21 18:16:55,252 INFO: Executing TransactionTrackerOperations.search_process_for_CMPDM() for: Performance Health|McKesson FIRELANDS REGIONAL MEDICAL CENTER|810
2018-11-21 18:16:55,899 INFO: Executing TransactionTrackerOperations.select_customer()
2018-11-21 18:17:02,962 INFO: Executing TransactionTrackerOperations.select_customer()
2018-11-21 18:17:14,207 INFO: Executing TransactionTrackerOperations.get_CM_parcels()
2018-11-21 18:17:21,369 INFO: Executing TransactionTrackerOperations.search_process_for_CMPDM() for: Performance Health|McKesson FIRSTHEALTH CAROLINAS|810
2018-11-21 18:17:21,386 INFO: Executing TransactionTrackerOperations.select_customer()
2018-11-21 18:17:28,140 INFO: Executing TransactionTrackerOperations.select_customer()
2018-11-21 18:17:39,161 INFO: Executing TransactionTrackerOperations.get_CM_parcels()
2018-11-21 18:17:46,300 INFO: Executing TransactionTrackerOperations.search_process_for_CMPDM() for: Performance Health|McKesson FRANCISCAN ALLIANCE INC|810
2018-11-21 18:17:46,315 INFO: Executing TransactionTrackerOperations.select_customer()
2018-11-21 18:17:53,024 INFO: Executing TransactionTrackerOperations.select_customer()
2018-11-21 18:18:04,185 INFO: Executing TransactionTrackerOperations.get_CM_parcels()
2018-11-21 18:18:06,584 INFO: NoSuchElementException in TransactionTrackerOperations.get_CM_parcels()
2018-11-21 18:18:10,923 INFO: NoSuchElementException in TransactionTrackerOperations.get_CM_parcels()
2018-11-21 18:18:15,211 INFO: NoSuchElementException in TransactionTrackerOperations.get_CM_parcels()
2018-11-21 18:18:19,653 INFO: NoSuchElementException in TransactionTrackerOperations.get_CM_parcels()
2018-11-21 18:18:23,834 INFO: NoSuchElementException in TransactionTrackerOperations.get_CM_parcels()
2018-11-21 18:18:28,139 INFO: NoSuchElementException in TransactionTrackerOperations.get_CM_parcels()
2018-11-21 18:18:32,320 INFO: NoSuchElementException in TransactionTrackerOperations.get_CM_parcels()
2018-11-21 18:18:36,593 INFO: NoSuchElementException in TransactionTrackerOperations.get_CM_parcels()
2018-11-21 18:18:40,872 INFO: NoSuchElementException in TransactionTrackerOperations.get_CM_parcels()
2018-11-21 18:18:45,101 INFO: NoSuchElementException in TransactionTrackerOperations.get_CM_parcels()
2018-11-21 18:18:49,339 INFO: NoSuchElementException in TransactionTrackerOperations.get_CM_parcels()
2018-11-21 18:18:52,461 INFO: NoSuchElementException in TransactionTrackerOperations.get_CM_parcels()
2018-11-21 18:19:00,080 INFO: Executing TransactionTrackerOperations.search_process_for_CMPDM() for: Performance Health|McKesson GOOD SHEPHERD REHAB NETWORK|810
2018-11-21 18:19:00,611 INFO: Executing TransactionTrackerOperations.select_customer()
2018-11-21 18:19:07,349 INFO: Executing TransactionTrackerOperations.select_customer()
2018-11-21 18:19:18,502 INFO: Executing TransactionTrackerOperations.get_CM_parcels()
2018-11-21 18:19:20,785 INFO: NoSuchElementException in TransactionTrackerOperations.get_CM_parcels()
2018-11-21 18:19:24,968 INFO: NoSuchElementException in TransactionTrackerOperations.get_CM_parcels()
2018-11-21 18:19:29,134 INFO: NoSuchElementException in TransactionTrackerOperations.get_CM_parcels()
2018-11-21 18:19:33,244 INFO: NoSuchElementException in TransactionTrackerOperations.get_CM_parcels()
2018-11-21 18:19:37,371 INFO: NoSuchElementException in TransactionTrackerOperations.get_CM_parcels()
2018-11-21 18:19:41,610 INFO: NoSuchElementException in TransactionTrackerOperations.get_CM_parcels()
2018-11-21 18:19:45,746 INFO: NoSuchElementException in TransactionTrackerOperations.get_CM_parcels()
2018-11-21 18:19:49,998 INFO: NoSuchElementException in TransactionTrackerOperations.get_CM_parcels()
2018-11-21 18:19:54,153 INFO: NoSuchElementException in TransactionTrackerOperations.get_CM_parcels()
2018-11-21 18:19:58,317 INFO: NoSuchElementException in TransactionTrackerOperations.get_CM_parcels()
2018-11-21 18:20:01,541 INFO: NoSuchElementException in TransactionTrackerOperations.get_CM_parcels()
2018-11-21 18:20:08,588 INFO: Executing TransactionTrackerOperations.search_process_for_CMPDM() for: Performance Health|McKesson HALIFAX REGIONAL HOSPITAL|810
2018-11-21 18:20:09,286 INFO: Executing TransactionTrackerOperations.select_customer()
2018-11-21 18:20:16,016 INFO: Executing TransactionTrackerOperations.select_customer()
2018-11-21 18:20:27,112 INFO: Executing TransactionTrackerOperations.get_CM_parcels()
2018-11-21 18:20:33,186 INFO: Executing TransactionTrackerOperations.search_process_for_CMPDM() for: Performance Health|McKesson HATTISBURG CLINIC|810
2018-11-21 18:20:33,879 INFO: Executing TransactionTrackerOperations.select_customer()
2018-11-21 18:20:40,617 INFO: Executing TransactionTrackerOperations.select_customer()
2018-11-21 18:20:51,588 INFO: Executing TransactionTrackerOperations.get_CM_parcels()
2018-11-21 18:20:57,689 INFO: Executing TransactionTrackerOperations.search_process_for_CMPDM() for: Performance Health|McKesson IL BONE AND JOINT|810
2018-11-21 18:20:58,392 INFO: Executing TransactionTrackerOperations.select_customer()
2018-11-21 18:21:05,136 INFO: Executing TransactionTrackerOperations.select_customer()
2018-11-21 18:21:16,063 INFO: Executing TransactionTrackerOperations.get_CM_parcels()
2018-11-21 18:21:22,276 INFO: Executing TransactionTrackerOperations.search_process_for_CMPDM() for: Performance Health|McKesson LAKE CHARLES MEMORIAL HOSPITAL|810
2018-11-21 18:21:22,952 INFO: Executing TransactionTrackerOperations.select_customer()
2018-11-21 18:21:29,725 INFO: Executing TransactionTrackerOperations.select_customer()
2018-11-21 18:21:41,083 INFO: Executing TransactionTrackerOperations.get_CM_parcels()
2018-11-21 18:21:47,805 INFO: Executing TransactionTrackerOperations.search_process_for_CMPDM() for: Performance Health|McKesson LAWRENCE MEMORIAL HOSPITAL|810
2018-11-21 18:21:47,821 INFO: Executing TransactionTrackerOperations.select_customer()
2018-11-21 18:21:54,593 INFO: Executing TransactionTrackerOperations.select_customer()
2018-11-21 18:22:06,037 INFO: Executing TransactionTrackerOperations.get_CM_parcels()
2018-11-21 18:22:08,356 INFO: NoSuchElementException in TransactionTrackerOperations.get_CM_parcels()
2018-11-21 18:22:12,573 INFO: NoSuchElementException in TransactionTrackerOperations.get_CM_parcels()
2018-11-21 18:22:16,750 INFO: NoSuchElementException in TransactionTrackerOperations.get_CM_parcels()
2018-11-21 18:22:20,884 INFO: NoSuchElementException in TransactionTrackerOperations.get_CM_parcels()
2018-11-21 18:22:23,476 INFO: NoSuchElementException in TransactionTrackerOperations.get_CM_parcels()
2018-11-21 18:22:30,674 INFO: Executing TransactionTrackerOperations.search_process_for_CMPDM() for: Performance Health|McKesson LEESBURG REGIONAL|810
2018-11-21 18:22:31,347 INFO: Executing TransactionTrackerOperations.select_customer()
2018-11-21 18:22:38,097 INFO: Executing TransactionTrackerOperations.select_customer()
2018-11-21 18:22:49,032 INFO: Executing TransactionTrackerOperations.get_CM_parcels()
2018-11-21 18:22:49,763 INFO: NoSuchElementException in TransactionTrackerOperations.get_CM_parcels()
2018-11-21 18:22:56,573 INFO: Executing TransactionTrackerOperations.search_process_for_CMPDM() for: Performance Health|McKesson LOMA LINDA UNIVERSITY MEDICAL CENTER|810
2018-11-21 18:22:57,177 INFO: Executing TransactionTrackerOperations.select_customer()
2018-11-21 18:23:03,895 INFO: Executing TransactionTrackerOperations.select_customer()
2018-11-21 18:23:15,215 INFO: Executing TransactionTrackerOperations.get_CM_parcels()
2018-11-21 18:23:15,512 INFO: NoSuchElementException in TransactionTrackerOperations.get_CM_parcels()
2018-11-21 18:23:22,603 INFO: Executing TransactionTrackerOperations.search_process_for_CMPDM() for: Performance Health|McKesson MCG HEALTH INC|810
2018-11-21 18:23:23,244 INFO: Executing TransactionTrackerOperations.select_customer()
2018-11-21 18:23:29,997 INFO: Executing TransactionTrackerOperations.select_customer()
2018-11-21 18:23:40,872 INFO: Executing TransactionTrackerOperations.get_CM_parcels()
2018-11-21 18:23:43,220 INFO: NoSuchElementException in TransactionTrackerOperations.get_CM_parcels()
2018-11-21 18:23:47,432 INFO: NoSuchElementException in TransactionTrackerOperations.get_CM_parcels()
2018-11-21 18:23:51,545 INFO: NoSuchElementException in TransactionTrackerOperations.get_CM_parcels()
2018-11-21 18:23:55,081 INFO: NoSuchElementException in TransactionTrackerOperations.get_CM_parcels()
2018-11-21 18:24:02,346 INFO: Executing TransactionTrackerOperations.search_process_for_CMPDM() for: Performance Health|McKesson NCH HEALTHCARE|810
2018-11-21 18:24:02,939 INFO: Executing TransactionTrackerOperations.select_customer()
2018-11-21 18:24:09,687 INFO: Executing TransactionTrackerOperations.select_customer()
2018-11-21 18:24:20,588 INFO: Executing TransactionTrackerOperations.get_CM_parcels()
2018-11-21 18:24:27,785 INFO: Executing TransactionTrackerOperations.search_process_for_CMPDM() for: Performance Health|McKesson SACRED HEART HOSPITAL|810
2018-11-21 18:24:28,099 INFO: Executing TransactionTrackerOperations.select_customer()
2018-11-21 18:24:34,862 INFO: Executing TransactionTrackerOperations.select_customer()
2018-11-21 18:24:45,856 INFO: Executing TransactionTrackerOperations.get_CM_parcels()
2018-11-21 18:24:51,689 INFO: Executing TransactionTrackerOperations.search_process_for_CMPDM() for: Performance Health|McKesson SAINT FRANCES MEDICAL CENTER|810
2018-11-21 18:24:52,298 INFO: Executing TransactionTrackerOperations.select_customer()
2018-11-21 18:24:59,001 INFO: Executing TransactionTrackerOperations.select_customer()
2018-11-21 18:25:10,114 INFO: Executing TransactionTrackerOperations.get_CM_parcels()
2018-11-21 18:25:12,399 INFO: NoSuchElementException in TransactionTrackerOperations.get_CM_parcels()
2018-11-21 18:25:16,597 INFO: NoSuchElementException in TransactionTrackerOperations.get_CM_parcels()
2018-11-21 18:25:20,253 INFO: NoSuchElementException in TransactionTrackerOperations.get_CM_parcels()
2018-11-21 18:25:27,088 INFO: Executing TransactionTrackerOperations.search_process_for_CMPDM() for: Performance Health|McKesson SOUTHERN NEW HAMPSHIRE MEDICAL CENTER|810
2018-11-21 18:25:27,654 INFO: Executing TransactionTrackerOperations.select_customer()
2018-11-21 18:25:34,435 INFO: Executing TransactionTrackerOperations.select_customer()
2018-11-21 18:25:45,733 INFO: Executing TransactionTrackerOperations.get_CM_parcels()
2018-11-21 18:25:48,061 INFO: NoSuchElementException in TransactionTrackerOperations.get_CM_parcels()
2018-11-21 18:25:52,254 INFO: NoSuchElementException in TransactionTrackerOperations.get_CM_parcels()
2018-11-21 18:25:55,579 INFO: NoSuchElementException in TransactionTrackerOperations.get_CM_parcels()
2018-11-21 18:26:02,128 INFO: Executing TransactionTrackerOperations.search_process_for_CMPDM() for: Performance Health|McKesson TIFT REGIONAL MEDICAL CENTER|810
2018-11-21 18:26:02,747 INFO: Executing TransactionTrackerOperations.select_customer()
2018-11-21 18:26:09,601 INFO: Executing TransactionTrackerOperations.select_customer()
2018-11-21 18:26:20,706 INFO: Executing TransactionTrackerOperations.get_CM_parcels()
2018-11-21 18:26:27,640 INFO: Executing TransactionTrackerOperations.search_process_for_CMPDM() for: Performance Health|McKesson TRINITY MOTHER FRANCES HOSPITAL|810
2018-11-21 18:26:27,652 INFO: Executing TransactionTrackerOperations.select_customer()
2018-11-21 18:26:34,404 INFO: Executing TransactionTrackerOperations.select_customer()
2018-11-21 18:26:45,598 INFO: Executing TransactionTrackerOperations.get_CM_parcels()
2018-11-21 18:26:47,972 INFO: NoSuchElementException in TransactionTrackerOperations.get_CM_parcels()
2018-11-21 18:26:52,235 INFO: NoSuchElementException in TransactionTrackerOperations.get_CM_parcels()
2018-11-21 18:26:56,375 INFO: NoSuchElementException in TransactionTrackerOperations.get_CM_parcels()
2018-11-21 18:27:00,593 INFO: NoSuchElementException in TransactionTrackerOperations.get_CM_parcels()
2018-11-21 18:27:04,735 INFO: NoSuchElementException in TransactionTrackerOperations.get_CM_parcels()
2018-11-21 18:27:07,322 INFO: NoSuchElementException in TransactionTrackerOperations.get_CM_parcels()
2018-11-21 18:27:14,254 INFO: Executing TransactionTrackerOperations.search_process_for_CMPDM() for: Performance Health|McKesson Truman Medical Center|810
2018-11-21 18:27:14,911 INFO: Executing TransactionTrackerOperations.select_customer()
2018-11-21 18:27:21,656 INFO: Executing TransactionTrackerOperations.select_customer()
2018-11-21 18:27:32,573 INFO: Executing TransactionTrackerOperations.get_CM_parcels()
2018-11-21 18:27:34,925 INFO: NoSuchElementException in TransactionTrackerOperations.get_CM_parcels()
2018-11-21 18:27:39,133 INFO: NoSuchElementException in TransactionTrackerOperations.get_CM_parcels()
2018-11-21 18:27:43,294 INFO: NoSuchElementException in TransactionTrackerOperations.get_CM_parcels()
2018-11-21 18:27:47,498 INFO: NoSuchElementException in TransactionTrackerOperations.get_CM_parcels()
2018-11-21 18:27:51,731 INFO: NoSuchElementException in TransactionTrackerOperations.get_CM_parcels()
2018-11-21 18:27:55,926 INFO: NoSuchElementException in TransactionTrackerOperations.get_CM_parcels()
2018-11-21 18:28:00,097 INFO: NoSuchElementException in TransactionTrackerOperations.get_CM_parcels()
2018-11-21 18:28:04,458 INFO: NoSuchElementException in TransactionTrackerOperations.get_CM_parcels()
2018-11-21 18:28:08,700 INFO: NoSuchElementException in TransactionTrackerOperations.get_CM_parcels()
2018-11-21 18:28:12,936 INFO: NoSuchElementException in TransactionTrackerOperations.get_CM_parcels()
2018-11-21 18:28:17,269 INFO: NoSuchElementException in TransactionTrackerOperations.get_CM_parcels()
2018-11-21 18:28:21,513 INFO: NoSuchElementException in TransactionTrackerOperations.get_CM_parcels()
2018-11-21 18:28:25,826 INFO: NoSuchElementException in TransactionTrackerOperations.get_CM_parcels()
2018-11-21 18:28:30,171 INFO: NoSuchElementException in TransactionTrackerOperations.get_CM_parcels()
2018-11-21 18:28:34,417 INFO: NoSuchElementException in TransactionTrackerOperations.get_CM_parcels()
2018-11-21 18:28:37,672 INFO: NoSuchElementException in TransactionTrackerOperations.get_CM_parcels()
2018-11-21 18:28:44,647 INFO: Executing TransactionTrackerOperations.search_process_for_CMPDM() for: Performance Health|McKesson UNITED HOSPITAL SYSTEM INC|810
2018-11-21 18:28:44,932 INFO: Executing TransactionTrackerOperations.select_customer()
2018-11-21 18:28:51,684 INFO: Executing TransactionTrackerOperations.select_customer()
2018-11-21 18:29:02,810 INFO: Executing TransactionTrackerOperations.get_CM_parcels()
2018-11-21 18:29:05,141 INFO: NoSuchElementException in TransactionTrackerOperations.get_CM_parcels()
2018-11-21 18:29:09,352 INFO: NoSuchElementException in TransactionTrackerOperations.get_CM_parcels()
2018-11-21 18:29:17,456 INFO: Executing TransactionTrackerOperations.search_process_for_CMPDM() for: Performance Health|McKesson VAIL VALLEY MEDICAL CENTER|810
2018-11-21 18:29:18,168 INFO: Executing TransactionTrackerOperations.select_customer()
2018-11-21 18:29:24,927 INFO: Executing TransactionTrackerOperations.select_customer()
2018-11-21 18:29:36,044 INFO: Executing TransactionTrackerOperations.get_CM_parcels()
2018-11-21 18:29:38,382 INFO: NoSuchElementException in TransactionTrackerOperations.get_CM_parcels()
2018-11-21 18:29:42,585 INFO: NoSuchElementException in TransactionTrackerOperations.get_CM_parcels()
2018-11-21 18:29:46,766 INFO: NoSuchElementException in TransactionTrackerOperations.get_CM_parcels()
2018-11-21 18:29:50,971 INFO: NoSuchElementException in TransactionTrackerOperations.get_CM_parcels()
2018-11-21 18:29:55,095 INFO: NoSuchElementException in TransactionTrackerOperations.get_CM_parcels()
2018-11-21 18:29:59,256 INFO: NoSuchElementException in TransactionTrackerOperations.get_CM_parcels()
2018-11-21 18:30:03,453 INFO: NoSuchElementException in TransactionTrackerOperations.get_CM_parcels()
2018-11-21 18:30:07,745 INFO: NoSuchElementException in TransactionTrackerOperations.get_CM_parcels()
2018-11-21 18:30:11,924 INFO: NoSuchElementException in TransactionTrackerOperations.get_CM_parcels()
2018-11-21 18:30:16,150 INFO: NoSuchElementException in TransactionTrackerOperations.get_CM_parcels()
2018-11-21 18:30:20,409 INFO: NoSuchElementException in TransactionTrackerOperations.get_CM_parcels()
2018-11-21 18:30:24,556 INFO: NoSuchElementException in TransactionTrackerOperations.get_CM_parcels()
2018-11-21 18:30:27,957 INFO: NoSuchElementException in TransactionTrackerOperations.get_CM_parcels()
2018-11-21 18:30:34,992 INFO: Executing TransactionTrackerOperations.search_process_for_CMPDM() for: Performance Health|McKesson WHEATON FRANCISCAN HEALTHCARE|810
2018-11-21 18:30:35,482 INFO: Executing TransactionTrackerOperations.select_customer()
2018-11-21 18:30:42,215 INFO: Executing TransactionTrackerOperations.select_customer()
2018-11-21 18:30:53,758 INFO: Executing TransactionTrackerOperations.get_CM_parcels()
2018-11-21 18:30:59,958 INFO: Executing TransactionTrackerOperations.search_process_for_CMPDM() for: Performance Health|MFA DSSI|810
2018-11-21 18:31:00,564 INFO: Executing TransactionTrackerOperations.select_customer()
2018-11-21 18:31:07,950 INFO: Executing TransactionTrackerOperations.select_customer()
2018-11-21 18:31:18,729 INFO: Executing TransactionTrackerOperations.get_CM_parcels()
2018-11-21 18:31:24,652 INFO: Executing TransactionTrackerOperations.search_process_for_CMPDM() for: Performance Health|MIDWEST GERIATRIC DSSI|810
2018-11-21 18:31:25,394 INFO: Executing TransactionTrackerOperations.select_customer()
2018-11-21 18:31:32,216 INFO: Executing TransactionTrackerOperations.select_customer()
2018-11-21 18:31:43,298 INFO: Executing TransactionTrackerOperations.get_CM_parcels()
2018-11-21 18:31:49,298 INFO: Executing TransactionTrackerOperations.search_process_for_CMPDM() for: Performance Health|MIDWEST HEALTH DSSI|810
2018-11-21 18:31:49,603 INFO: Executing TransactionTrackerOperations.select_customer()
2018-11-21 18:31:56,368 INFO: Executing TransactionTrackerOperations.select_customer()
2018-11-21 18:32:07,392 INFO: Executing TransactionTrackerOperations.get_CM_parcels()
2018-11-21 18:32:10,010 INFO: NoSuchElementException in TransactionTrackerOperations.get_CM_parcels()
2018-11-21 18:32:14,394 INFO: NoSuchElementException in TransactionTrackerOperations.get_CM_parcels()
2018-11-21 18:32:16,944 INFO: NoSuchElementException in TransactionTrackerOperations.get_CM_parcels()
2018-11-21 18:32:24,356 INFO: Executing TransactionTrackerOperations.search_process_for_CMPDM() for: Performance Health|MISSION HEALTH DSSI|810
2018-11-21 18:32:24,439 INFO: Executing TransactionTrackerOperations.select_customer()
2018-11-21 18:32:31,397 INFO: Executing TransactionTrackerOperations.select_customer()
2018-11-21 18:32:42,361 INFO: Executing TransactionTrackerOperations.get_CM_parcels()
2018-11-21 18:32:45,388 INFO: NoSuchElementException in TransactionTrackerOperations.get_CM_parcels()
2018-11-21 18:32:50,381 INFO: NoSuchElementException in TransactionTrackerOperations.get_CM_parcels()
2018-11-21 18:32:55,741 INFO: NoSuchElementException in TransactionTrackerOperations.get_CM_parcels()
2018-11-21 18:33:00,751 INFO: NoSuchElementException in TransactionTrackerOperations.get_CM_parcels()
2018-11-21 18:33:05,690 INFO: NoSuchElementException in TransactionTrackerOperations.get_CM_parcels()
2018-11-21 18:33:09,706 INFO: NoSuchElementException in TransactionTrackerOperations.get_CM_parcels()
2018-11-21 18:33:17,080 INFO: Executing TransactionTrackerOperations.search_process_for_CMPDM() for: Performance Health|NEXION DSSI|810
2018-11-21 18:33:17,860 INFO: Executing TransactionTrackerOperations.select_customer()
2018-11-21 18:33:24,666 INFO: Executing TransactionTrackerOperations.select_customer()
2018-11-21 18:33:35,619 INFO: Executing TransactionTrackerOperations.get_CM_parcels()
2018-11-21 18:33:37,969 INFO: NoSuchElementException in TransactionTrackerOperations.get_CM_parcels()
2018-11-21 18:33:43,023 INFO: NoSuchElementException in TransactionTrackerOperations.get_CM_parcels()
2018-11-21 18:33:47,220 INFO: NoSuchElementException in TransactionTrackerOperations.get_CM_parcels()
2018-11-21 18:33:51,337 INFO: NoSuchElementException in TransactionTrackerOperations.get_CM_parcels()
2018-11-21 18:33:55,460 INFO: NoSuchElementException in TransactionTrackerOperations.get_CM_parcels()
2018-11-21 18:33:59,715 INFO: NoSuchElementException in TransactionTrackerOperations.get_CM_parcels()
2018-11-21 18:34:03,370 INFO: NoSuchElementException in TransactionTrackerOperations.get_CM_parcels()
2018-11-21 18:34:10,252 INFO: Executing TransactionTrackerOperations.search_process_for_CMPDM() for: Performance Health|NOLAND HEALTH SERVICES DSSI|810
2018-11-21 18:34:10,286 INFO: Executing TransactionTrackerOperations.select_customer()
2018-11-21 18:34:17,013 INFO: Executing TransactionTrackerOperations.select_customer()
2018-11-21 18:34:28,102 INFO: Executing TransactionTrackerOperations.get_CM_parcels()
2018-11-21 18:34:30,406 INFO: NoSuchElementException in TransactionTrackerOperations.get_CM_parcels()
2018-11-21 18:34:34,657 INFO: NoSuchElementException in TransactionTrackerOperations.get_CM_parcels()
2018-11-21 18:34:38,842 INFO: NoSuchElementException in TransactionTrackerOperations.get_CM_parcels()
2018-11-21 18:34:46,797 INFO: Executing TransactionTrackerOperations.search_process_for_CMPDM() for: Performance Health|NORTHERN HILLS DSSI|810
2018-11-21 18:34:47,443 INFO: Executing TransactionTrackerOperations.select_customer()
2018-11-21 18:34:54,182 INFO: Executing TransactionTrackerOperations.select_customer()
2018-11-21 18:35:05,170 INFO: Executing TransactionTrackerOperations.get_CM_parcels()
2018-11-21 18:35:07,497 INFO: NoSuchElementException in TransactionTrackerOperations.get_CM_parcels()
2018-11-21 18:35:11,725 INFO: NoSuchElementException in TransactionTrackerOperations.get_CM_parcels()
2018-11-21 18:35:15,868 INFO: NoSuchElementException in TransactionTrackerOperations.get_CM_parcels()
2018-11-21 18:35:19,999 INFO: NoSuchElementException in TransactionTrackerOperations.get_CM_parcels()
2018-11-21 18:35:24,108 INFO: NoSuchElementException in TransactionTrackerOperations.get_CM_parcels()
2018-11-21 18:35:28,244 INFO: NoSuchElementException in TransactionTrackerOperations.get_CM_parcels()
2018-11-21 18:35:32,511 INFO: NoSuchElementException in TransactionTrackerOperations.get_CM_parcels()
2018-11-21 18:35:36,827 INFO: NoSuchElementException in TransactionTrackerOperations.get_CM_parcels()
2018-11-21 18:35:41,340 INFO: NoSuchElementException in TransactionTrackerOperations.get_CM_parcels()
2018-11-21 18:35:45,662 INFO: NoSuchElementException in TransactionTrackerOperations.get_CM_parcels()
2018-11-21 18:35:49,981 INFO: NoSuchElementException in TransactionTrackerOperations.get_CM_parcels()
2018-11-21 18:35:54,466 INFO: NoSuchElementException in TransactionTrackerOperations.get_CM_parcels()
2018-11-21 18:35:57,273 INFO: NoSuchElementException in TransactionTrackerOperations.get_CM_parcels()
2018-11-21 18:36:04,761 INFO: Executing TransactionTrackerOperations.search_process_for_CMPDM() for: Performance Health|NORTHPORT DSSI|810
2018-11-21 18:36:05,641 INFO: Executing TransactionTrackerOperations.select_customer()
2018-11-21 18:36:12,408 INFO: Executing TransactionTrackerOperations.select_customer()
2018-11-21 18:36:23,323 INFO: Executing TransactionTrackerOperations.get_CM_parcels()
2018-11-21 18:36:29,355 INFO: Executing TransactionTrackerOperations.search_process_for_CMPDM() for: Performance Health|NUVISION DSSI|810
2018-11-21 18:36:29,681 INFO: Executing TransactionTrackerOperations.select_customer()
2018-11-21 18:36:36,438 INFO: Executing TransactionTrackerOperations.select_customer()
2018-11-21 18:36:47,273 INFO: Executing TransactionTrackerOperations.get_CM_parcels()
2018-11-21 18:36:49,579 INFO: NoSuchElementException in TransactionTrackerOperations.get_CM_parcels()
2018-11-21 18:36:53,770 INFO: NoSuchElementException in TransactionTrackerOperations.get_CM_parcels()
2018-11-21 18:36:56,945 INFO: NoSuchElementException in TransactionTrackerOperations.get_CM_parcels()
2018-11-21 18:37:03,984 INFO: Executing TransactionTrackerOperations.search_process_for_CMPDM() for: Performance Health|ONIX GROUP DSSI|810
2018-11-21 18:37:04,774 INFO: Executing TransactionTrackerOperations.select_customer()
2018-11-21 18:37:11,538 INFO: Executing TransactionTrackerOperations.select_customer()
2018-11-21 18:37:22,557 INFO: Executing TransactionTrackerOperations.get_CM_parcels()
2018-11-21 18:37:24,993 INFO: NoSuchElementException in TransactionTrackerOperations.get_CM_parcels()
2018-11-21 18:37:29,334 INFO: NoSuchElementException in TransactionTrackerOperations.get_CM_parcels()
2018-11-21 18:37:33,634 INFO: NoSuchElementException in TransactionTrackerOperations.get_CM_parcels()
2018-11-21 18:37:36,781 INFO: NoSuchElementException in TransactionTrackerOperations.get_CM_parcels()
2018-11-21 18:37:44,597 INFO: Executing TransactionTrackerOperations.search_process_for_CMPDM() for: Performance Health|PENNMED CONSULTANTS INC DSSI|810
2018-11-21 18:37:44,611 INFO: Executing TransactionTrackerOperations.select_customer()
2018-11-21 18:37:52,136 INFO: Executing TransactionTrackerOperations.select_customer()
2018-11-21 18:38:06,680 INFO: Executing TransactionTrackerOperations.get_CM_parcels()
2018-11-21 18:38:13,665 INFO: Executing TransactionTrackerOperations.search_process_for_CMPDM() for: Performance Health|PREFERRED CARE DSSI|810
2018-11-21 18:38:13,791 INFO: Executing TransactionTrackerOperations.select_customer()
2018-11-21 18:38:20,643 INFO: Executing TransactionTrackerOperations.select_customer()
2018-11-21 18:38:31,897 INFO: Executing TransactionTrackerOperations.get_CM_parcels()
2018-11-21 18:38:38,138 INFO: Executing TransactionTrackerOperations.search_process_for_CMPDM() for: Performance Health|PRESBYTERIAN HOMES AND SERVICES DSSI|810
2018-11-21 18:38:38,982 INFO: Executing TransactionTrackerOperations.select_customer()
2018-11-21 18:38:45,876 INFO: Executing TransactionTrackerOperations.select_customer()
2018-11-21 18:38:57,579 INFO: Executing TransactionTrackerOperations.get_CM_parcels()
2018-11-21 18:39:00,150 INFO: NoSuchElementException in TransactionTrackerOperations.get_CM_parcels()
2018-11-21 18:39:04,576 INFO: NoSuchElementException in TransactionTrackerOperations.get_CM_parcels()
2018-11-21 18:39:09,136 INFO: NoSuchElementException in TransactionTrackerOperations.get_CM_parcels()
2018-11-21 18:39:13,522 INFO: NoSuchElementException in TransactionTrackerOperations.get_CM_parcels()
2018-11-21 18:39:16,840 INFO: NoSuchElementException in TransactionTrackerOperations.get_CM_parcels()
2018-11-21 18:39:24,837 INFO: Executing TransactionTrackerOperations.search_process_for_CMPDM() for: Performance Health|PRESBYTERIAN SENIOR LIVING DSSI|810
2018-11-21 18:39:24,871 INFO: Executing TransactionTrackerOperations.select_customer()
2018-11-21 18:39:31,689 INFO: Executing TransactionTrackerOperations.select_customer()
2018-11-21 18:39:43,336 INFO: Executing TransactionTrackerOperations.get_CM_parcels()
2018-11-21 18:39:46,304 INFO: NoSuchElementException in TransactionTrackerOperations.get_CM_parcels()
2018-11-21 18:39:50,823 INFO: NoSuchElementException in TransactionTrackerOperations.get_CM_parcels()
2018-11-21 18:39:54,124 INFO: NoSuchElementException in TransactionTrackerOperations.get_CM_parcels()
2018-11-21 18:40:00,967 INFO: Executing TransactionTrackerOperations.search_process_for_CMPDM() for: Performance Health|QUALITY LIFE SERVICES DSSI|810
2018-11-21 18:40:01,773 INFO: Executing TransactionTrackerOperations.select_customer()
2018-11-21 18:40:08,579 INFO: Executing TransactionTrackerOperations.select_customer()
2018-11-21 18:40:20,111 INFO: Executing TransactionTrackerOperations.get_CM_parcels()
2018-11-21 18:40:23,660 INFO: NoSuchElementException in TransactionTrackerOperations.get_CM_parcels()
2018-11-21 18:40:28,478 INFO: NoSuchElementException in TransactionTrackerOperations.get_CM_parcels()
2018-11-21 18:40:34,315 INFO: NoSuchElementException in TransactionTrackerOperations.get_CM_parcels()
2018-11-21 18:40:38,907 INFO: NoSuchElementException in TransactionTrackerOperations.get_CM_parcels()
2018-11-21 18:40:43,367 INFO: NoSuchElementException in TransactionTrackerOperations.get_CM_parcels()
2018-11-21 18:40:51,974 INFO: Executing TransactionTrackerOperations.search_process_for_CMPDM() for: Performance Health|Quest Healthcare Development DSSI|810
2018-11-21 18:40:53,027 INFO: Executing TransactionTrackerOperations.select_customer()
2018-11-21 18:40:59,858 INFO: Executing TransactionTrackerOperations.select_customer()
2018-11-21 18:41:11,065 INFO: Executing TransactionTrackerOperations.get_CM_parcels()
2018-11-21 18:41:18,155 INFO: Executing TransactionTrackerOperations.search_process_for_CMPDM() for: Performance Health|Regency Integrated Health Services DSSI|810
2018-11-21 18:41:18,170 INFO: Executing TransactionTrackerOperations.select_customer()
2018-11-21 18:41:24,939 INFO: Executing TransactionTrackerOperations.select_customer()
2018-11-21 18:41:36,395 INFO: Executing TransactionTrackerOperations.get_CM_parcels()
2018-11-21 18:41:39,680 INFO: NoSuchElementException in TransactionTrackerOperations.get_CM_parcels()
2018-11-21 18:41:44,829 INFO: NoSuchElementException in TransactionTrackerOperations.get_CM_parcels()
2018-11-21 18:41:49,480 INFO: NoSuchElementException in TransactionTrackerOperations.get_CM_parcels()
2018-11-21 18:41:53,860 INFO: NoSuchElementException in TransactionTrackerOperations.get_CM_parcels()
2018-11-21 18:41:58,587 INFO: NoSuchElementException in TransactionTrackerOperations.get_CM_parcels()
2018-11-21 18:42:03,162 INFO: NoSuchElementException in TransactionTrackerOperations.get_CM_parcels()
2018-11-21 18:42:07,681 INFO: NoSuchElementException in TransactionTrackerOperations.get_CM_parcels()
2018-11-21 18:42:12,419 INFO: NoSuchElementException in TransactionTrackerOperations.get_CM_parcels()
2018-11-21 18:42:17,121 INFO: NoSuchElementException in TransactionTrackerOperations.get_CM_parcels()
2018-11-21 18:42:22,042 INFO: NoSuchElementException in TransactionTrackerOperations.get_CM_parcels()
2018-11-21 18:42:27,007 INFO: NoSuchElementException in TransactionTrackerOperations.get_CM_parcels()
2018-11-21 18:42:31,459 INFO: NoSuchElementException in TransactionTrackerOperations.get_CM_parcels()
2018-11-21 18:42:37,575 INFO: NoSuchElementException in TransactionTrackerOperations.get_CM_parcels()
2018-11-21 18:42:44,192 INFO: NoSuchElementException in TransactionTrackerOperations.get_CM_parcels()
2018-11-21 18:42:48,465 INFO: NoSuchElementException in TransactionTrackerOperations.get_CM_parcels()
2018-11-21 18:42:52,757 INFO: NoSuchElementException in TransactionTrackerOperations.get_CM_parcels()
2018-11-21 18:42:57,220 INFO: NoSuchElementException in TransactionTrackerOperations.get_CM_parcels()
2018-11-21 18:43:01,676 INFO: NoSuchElementException in TransactionTrackerOperations.get_CM_parcels()
2018-11-21 18:43:04,911 INFO: NoSuchElementException in TransactionTrackerOperations.get_CM_parcels()
2018-11-21 18:43:12,257 INFO: Executing TransactionTrackerOperations.search_process_for_CMPDM() for: Performance Health|RENNES HEALTH DSSI|810
2018-11-21 18:43:12,467 INFO: Executing TransactionTrackerOperations.select_customer()
2018-11-21 18:43:20,488 INFO: Executing TransactionTrackerOperations.select_customer()
2018-11-21 18:43:31,508 INFO: Executing TransactionTrackerOperations.get_CM_parcels()
2018-11-21 18:43:34,134 INFO: NoSuchElementException in TransactionTrackerOperations.get_CM_parcels()
2018-11-21 18:43:38,410 INFO: NoSuchElementException in TransactionTrackerOperations.get_CM_parcels()
2018-11-21 18:43:42,720 INFO: NoSuchElementException in TransactionTrackerOperations.get_CM_parcels()
2018-11-21 18:43:47,138 INFO: NoSuchElementException in TransactionTrackerOperations.get_CM_parcels()
2018-11-21 18:43:49,610 INFO: NoSuchElementException in TransactionTrackerOperations.get_CM_parcels()
2018-11-21 18:43:57,285 INFO: Executing TransactionTrackerOperations.search_process_for_CMPDM() for: Performance Health|SABER HEALTHCARE DSSI|810
2018-11-21 18:43:57,559 INFO: Executing TransactionTrackerOperations.select_customer()
2018-11-21 18:44:04,603 INFO: Executing TransactionTrackerOperations.select_customer()
2018-11-21 18:44:15,806 INFO: Executing TransactionTrackerOperations.get_CM_parcels()
2018-11-21 18:44:21,641 INFO: Executing TransactionTrackerOperations.search_process_for_CMPDM() for: Performance Health|SPRENGER HEALTHCARE DSSI|810
2018-11-21 18:44:22,493 INFO: Executing TransactionTrackerOperations.select_customer()
2018-11-21 18:44:29,312 INFO: Executing TransactionTrackerOperations.select_customer()
2018-11-21 18:44:40,791 INFO: Executing TransactionTrackerOperations.get_CM_parcels()
2018-11-21 18:44:43,321 INFO: NoSuchElementException in TransactionTrackerOperations.get_CM_parcels()
2018-11-21 18:44:47,849 INFO: NoSuchElementException in TransactionTrackerOperations.get_CM_parcels()
2018-11-21 18:44:52,088 INFO: NoSuchElementException in TransactionTrackerOperations.get_CM_parcels()
2018-11-21 18:44:56,276 INFO: NoSuchElementException in TransactionTrackerOperations.get_CM_parcels()
2018-11-21 18:45:00,583 INFO: NoSuchElementException in TransactionTrackerOperations.get_CM_parcels()
2018-11-21 18:45:05,072 INFO: NoSuchElementException in TransactionTrackerOperations.get_CM_parcels()
2018-11-21 18:45:09,440 INFO: NoSuchElementException in TransactionTrackerOperations.get_CM_parcels()
2018-11-21 18:45:13,615 INFO: NoSuchElementException in TransactionTrackerOperations.get_CM_parcels()
2018-11-21 18:45:20,561 INFO: Executing TransactionTrackerOperations.search_process_for_CMPDM() for: Performance Health|SPRINGPOINT DSSI|810
2018-11-21 18:45:21,818 INFO: Executing TransactionTrackerOperations.select_customer()
2018-11-21 18:45:29,053 INFO: Executing TransactionTrackerOperations.select_customer()
2018-11-21 18:45:40,077 INFO: Executing TransactionTrackerOperations.get_CM_parcels()
2018-11-21 18:45:42,534 INFO: NoSuchElementException in TransactionTrackerOperations.get_CM_parcels()
2018-11-21 18:45:47,320 INFO: NoSuchElementException in TransactionTrackerOperations.get_CM_parcels()
2018-11-21 18:45:51,718 INFO: NoSuchElementException in TransactionTrackerOperations.get_CM_parcels()
2018-11-21 18:45:54,774 INFO: NoSuchElementException in TransactionTrackerOperations.get_CM_parcels()
2018-11-21 18:46:01,388 INFO: Executing TransactionTrackerOperations.search_process_for_CMPDM() for: Performance Health|STONERISE MEDICAL DSSI|810
2018-11-21 18:46:02,017 INFO: Executing TransactionTrackerOperations.select_customer()
2018-11-21 18:46:08,788 INFO: Executing TransactionTrackerOperations.select_customer()
2018-11-21 18:46:20,010 INFO: Executing TransactionTrackerOperations.get_CM_parcels()
2018-11-21 18:46:22,656 INFO: NoSuchElementException in TransactionTrackerOperations.get_CM_parcels()
2018-11-21 18:46:26,898 INFO: NoSuchElementException in TransactionTrackerOperations.get_CM_parcels()
2018-11-21 18:46:32,045 INFO: NoSuchElementException in TransactionTrackerOperations.get_CM_parcels()
2018-11-21 18:46:37,075 INFO: NoSuchElementException in TransactionTrackerOperations.get_CM_parcels()
2018-11-21 18:46:41,301 INFO: NoSuchElementException in TransactionTrackerOperations.get_CM_parcels()
2018-11-21 18:46:45,461 INFO: NoSuchElementException in TransactionTrackerOperations.get_CM_parcels()
2018-11-21 18:46:49,676 INFO: NoSuchElementException in TransactionTrackerOperations.get_CM_parcels()
2018-11-21 18:46:53,991 INFO: NoSuchElementException in TransactionTrackerOperations.get_CM_parcels()
2018-11-21 18:46:58,205 INFO: NoSuchElementException in TransactionTrackerOperations.get_CM_parcels()
2018-11-21 18:47:02,463 INFO: NoSuchElementException in TransactionTrackerOperations.get_CM_parcels()
2018-11-21 18:47:07,352 INFO: NoSuchElementException in TransactionTrackerOperations.get_CM_parcels()
2018-11-21 18:47:12,315 INFO: NoSuchElementException in TransactionTrackerOperations.get_CM_parcels()
2018-11-21 18:47:16,795 INFO: NoSuchElementException in TransactionTrackerOperations.get_CM_parcels()
2018-11-21 18:47:21,120 INFO: NoSuchElementException in TransactionTrackerOperations.get_CM_parcels()
2018-11-21 18:47:25,522 INFO: NoSuchElementException in TransactionTrackerOperations.get_CM_parcels()
2018-11-21 18:47:29,357 INFO: NoSuchElementException in TransactionTrackerOperations.get_CM_parcels()
2018-11-21 18:47:36,279 INFO: Executing TransactionTrackerOperations.search_process_for_CMPDM() for: Performance Health|TAMARAC ADMINISTRACTIVE SERVICES DSSI|810
2018-11-21 18:47:36,482 INFO: Executing TransactionTrackerOperations.select_customer()
2018-11-21 18:47:43,304 INFO: Executing TransactionTrackerOperations.select_customer()
2018-11-21 18:47:54,712 INFO: Executing TransactionTrackerOperations.get_CM_parcels()
2018-11-21 18:48:02,022 INFO: Executing TransactionTrackerOperations.search_process_for_CMPDM() for: Performance Health|TANDEM HEALTHCARE DSSI|810
2018-11-21 18:48:02,038 INFO: Executing TransactionTrackerOperations.select_customer()
2018-11-21 18:48:08,795 INFO: Executing TransactionTrackerOperations.select_customer()
2018-11-21 18:48:19,714 INFO: Executing TransactionTrackerOperations.get_CM_parcels()
2018-11-21 18:48:25,993 INFO: Executing TransactionTrackerOperations.search_process_for_CMPDM() for: Performance Health|TARA CARES LLC DSSI|810
2018-11-21 18:48:26,170 INFO: Executing TransactionTrackerOperations.select_customer()
2018-11-21 18:48:32,941 INFO: Executing TransactionTrackerOperations.select_customer()
2018-11-21 18:48:43,783 INFO: Executing TransactionTrackerOperations.get_CM_parcels()
2018-11-21 18:48:46,066 INFO: NoSuchElementException in TransactionTrackerOperations.get_CM_parcels()
2018-11-21 18:48:50,370 INFO: NoSuchElementException in TransactionTrackerOperations.get_CM_parcels()
2018-11-21 18:48:54,811 INFO: NoSuchElementException in TransactionTrackerOperations.get_CM_parcels()
2018-11-21 18:48:59,304 INFO: NoSuchElementException in TransactionTrackerOperations.get_CM_parcels()
2018-11-21 18:49:03,499 INFO: NoSuchElementException in TransactionTrackerOperations.get_CM_parcels()
2018-11-21 18:49:07,643 INFO: NoSuchElementException in TransactionTrackerOperations.get_CM_parcels()
2018-11-21 18:49:12,260 INFO: NoSuchElementException in TransactionTrackerOperations.get_CM_parcels()
2018-11-21 18:49:16,713 INFO: NoSuchElementException in TransactionTrackerOperations.get_CM_parcels()
2018-11-21 18:49:20,951 INFO: NoSuchElementException in TransactionTrackerOperations.get_CM_parcels()
2018-11-21 18:49:25,418 INFO: NoSuchElementException in TransactionTrackerOperations.get_CM_parcels()
2018-11-21 18:49:29,881 INFO: NoSuchElementException in TransactionTrackerOperations.get_CM_parcels()
2018-11-21 18:49:34,296 INFO: NoSuchElementException in TransactionTrackerOperations.get_CM_parcels()
2018-11-21 18:49:38,541 INFO: NoSuchElementException in TransactionTrackerOperations.get_CM_parcels()
2018-11-21 18:49:42,747 INFO: NoSuchElementException in TransactionTrackerOperations.get_CM_parcels()
2018-11-21 18:49:46,974 INFO: NoSuchElementException in TransactionTrackerOperations.get_CM_parcels()
2018-11-21 18:49:51,284 INFO: NoSuchElementException in TransactionTrackerOperations.get_CM_parcels()
2018-11-21 18:49:55,656 INFO: NoSuchElementException in TransactionTrackerOperations.get_CM_parcels()
2018-11-21 18:49:59,557 INFO: NoSuchElementException in TransactionTrackerOperations.get_CM_parcels()
2018-11-21 18:50:07,361 INFO: Executing TransactionTrackerOperations.search_process_for_CMPDM() for: Performance Health|TEALWOOD TWN DSSI|810
2018-11-21 18:50:08,129 INFO: Executing TransactionTrackerOperations.select_customer()
2018-11-21 18:50:14,912 INFO: Executing TransactionTrackerOperations.select_customer()
2018-11-21 18:50:26,092 INFO: Executing TransactionTrackerOperations.get_CM_parcels()
2018-11-21 18:50:28,593 INFO: NoSuchElementException in TransactionTrackerOperations.get_CM_parcels()
2018-11-21 18:50:32,911 INFO: NoSuchElementException in TransactionTrackerOperations.get_CM_parcels()
2018-11-21 18:50:37,202 INFO: NoSuchElementException in TransactionTrackerOperations.get_CM_parcels()
2018-11-21 18:50:41,406 INFO: NoSuchElementException in TransactionTrackerOperations.get_CM_parcels()
2018-11-21 18:50:45,686 INFO: NoSuchElementException in TransactionTrackerOperations.get_CM_parcels()
2018-11-21 18:50:49,938 INFO: NoSuchElementException in TransactionTrackerOperations.get_CM_parcels()
2018-11-21 18:50:54,149 INFO: NoSuchElementException in TransactionTrackerOperations.get_CM_parcels()
2018-11-21 18:50:58,405 INFO: NoSuchElementException in TransactionTrackerOperations.get_CM_parcels()
2018-11-21 18:51:02,401 INFO: NoSuchElementException in TransactionTrackerOperations.get_CM_parcels()
2018-11-21 18:51:10,504 INFO: Executing TransactionTrackerOperations.search_process_for_CMPDM() for: Performance Health|TRANS HEALTH CARE DSSI|810
2018-11-21 18:51:10,523 INFO: Executing TransactionTrackerOperations.select_customer()
2018-11-21 18:51:17,264 INFO: Executing TransactionTrackerOperations.select_customer()
2018-11-21 18:51:28,154 INFO: Executing TransactionTrackerOperations.get_CM_parcels()
2018-11-21 18:51:34,604 INFO: Executing TransactionTrackerOperations.search_process_for_CMPDM() for: Performance Health|UNITED MEDICAL DSSI|810
2018-11-21 18:51:34,620 INFO: Executing TransactionTrackerOperations.select_customer()
2018-11-21 18:51:41,368 INFO: Executing TransactionTrackerOperations.select_customer()
2018-11-21 18:51:52,222 INFO: Executing TransactionTrackerOperations.get_CM_parcels()
2018-11-21 18:51:58,360 INFO: Executing TransactionTrackerOperations.search_process_for_CMPDM() for: Performance Health|WILMAC DSSI|810
2018-11-21 18:51:59,123 INFO: Executing TransactionTrackerOperations.select_customer()
2018-11-21 18:52:05,876 INFO: Executing TransactionTrackerOperations.select_customer()
2018-11-21 18:52:16,625 INFO: Executing TransactionTrackerOperations.get_CM_parcels()
2018-11-21 18:52:19,006 INFO: NoSuchElementException in TransactionTrackerOperations.get_CM_parcels()
2018-11-21 18:52:23,215 INFO: NoSuchElementException in TransactionTrackerOperations.get_CM_parcels()
2018-11-21 18:52:26,799 INFO: NoSuchElementException in TransactionTrackerOperations.get_CM_parcels()
2018-11-21 18:52:34,666 INFO: Executing TransactionTrackerOperations.search_process_for_CMPDM() for: Performance Health|Senior Care Centers LLC|810
2018-11-21 18:52:34,684 INFO: Executing TransactionTrackerOperations.select_customer()
2018-11-21 18:52:41,482 INFO: Executing TransactionTrackerOperations.select_customer()
2018-11-21 18:52:52,341 INFO: Executing TransactionTrackerOperations.get_CM_parcels()
2018-11-21 18:52:58,329 INFO: Executing TransactionTrackerOperations.search_process_for_CMPDM() for: Performance Health|AMERICAN SENIOR COMMUNITIES DSSI|810
2018-11-21 18:52:59,017 INFO: Executing TransactionTrackerOperations.select_customer()
2018-11-21 18:53:05,780 INFO: Executing TransactionTrackerOperations.select_customer()
2018-11-21 18:53:17,087 INFO: Executing TransactionTrackerOperations.get_CM_parcels()
2018-11-21 18:53:23,276 INFO: Executing TransactionTrackerOperations.search_process_for_CMPDM() for: Performance Health|BaneCare Management DSSI|810
2018-11-21 18:53:23,901 INFO: Executing TransactionTrackerOperations.select_customer()
2018-11-21 18:53:30,706 INFO: Executing TransactionTrackerOperations.select_customer()
2018-11-21 18:53:41,542 INFO: Executing TransactionTrackerOperations.get_CM_parcels()
2018-11-21 18:53:48,308 INFO: Executing TransactionTrackerOperations.search_process_for_CMPDM() for: Performance Health|DSSI Southern Healthcare|810
2018-11-21 18:53:48,327 INFO: Executing TransactionTrackerOperations.select_customer()
2018-11-21 18:53:55,097 INFO: Executing TransactionTrackerOperations.select_customer()
2018-11-21 18:54:06,207 INFO: Executing TransactionTrackerOperations.get_CM_parcels()
2018-11-21 18:54:13,213 INFO: Executing TransactionTrackerOperations.search_process_for_CMPDM() for: Performance Health|DSSI Next Step Healthcare|810
2018-11-21 18:54:13,267 INFO: Executing TransactionTrackerOperations.select_customer()
2018-11-21 18:54:20,132 INFO: Executing TransactionTrackerOperations.select_customer()
2018-11-21 18:54:31,376 INFO: Executing TransactionTrackerOperations.get_CM_parcels()
2018-11-21 18:54:33,821 INFO: NoSuchElementException in TransactionTrackerOperations.get_CM_parcels()
2018-11-21 18:54:38,280 INFO: NoSuchElementException in TransactionTrackerOperations.get_CM_parcels()
2018-11-21 18:54:42,837 INFO: NoSuchElementException in TransactionTrackerOperations.get_CM_parcels()
2018-11-21 18:54:47,254 INFO: NoSuchElementException in TransactionTrackerOperations.get_CM_parcels()
2018-11-21 18:54:51,604 INFO: NoSuchElementException in TransactionTrackerOperations.get_CM_parcels()
2018-11-21 18:54:55,888 INFO: NoSuchElementException in TransactionTrackerOperations.get_CM_parcels()
2018-11-21 18:55:00,208 INFO: NoSuchElementException in TransactionTrackerOperations.get_CM_parcels()
2018-11-21 18:55:04,373 INFO: NoSuchElementException in TransactionTrackerOperations.get_CM_parcels()
2018-11-21 18:55:08,631 INFO: NoSuchElementException in TransactionTrackerOperations.get_CM_parcels()
2018-11-21 18:55:12,893 INFO: NoSuchElementException in TransactionTrackerOperations.get_CM_parcels()
2018-11-21 18:55:17,093 INFO: NoSuchElementException in TransactionTrackerOperations.get_CM_parcels()
2018-11-21 18:55:21,349 INFO: NoSuchElementException in TransactionTrackerOperations.get_CM_parcels()
2018-11-21 18:55:25,796 INFO: NoSuchElementException in TransactionTrackerOperations.get_CM_parcels()
2018-11-21 18:55:30,006 INFO: NoSuchElementException in TransactionTrackerOperations.get_CM_parcels()
2018-11-21 18:55:34,679 INFO: NoSuchElementException in TransactionTrackerOperations.get_CM_parcels()
2018-11-21 18:55:38,908 INFO: NoSuchElementException in TransactionTrackerOperations.get_CM_parcels()
2018-11-21 18:55:45,876 INFO: Executing TransactionTrackerOperations.search_process_for_CMPDM() for: Performance Health|Regency Pacific DSSI|810
2018-11-21 18:55:46,688 INFO: Executing TransactionTrackerOperations.select_customer()
2018-11-21 18:55:53,395 INFO: Executing TransactionTrackerOperations.select_customer()
2018-11-21 18:56:04,231 INFO: Executing TransactionTrackerOperations.get_CM_parcels()
2018-11-21 18:56:10,476 INFO: Executing TransactionTrackerOperations.search_process_for_CMPDM() for: Performance Health|ADVANTAGE HPSI DSSI|810
2018-11-21 18:56:11,294 INFO: Executing TransactionTrackerOperations.select_customer()
2018-11-21 18:56:18,076 INFO: Executing TransactionTrackerOperations.select_customer()
2018-11-21 18:56:29,181 INFO: Executing TransactionTrackerOperations.get_CM_parcels()
2018-11-21 18:56:31,569 INFO: NoSuchElementException in TransactionTrackerOperations.get_CM_parcels()
2018-11-21 18:56:35,886 INFO: NoSuchElementException in TransactionTrackerOperations.get_CM_parcels()
2018-11-21 18:56:39,091 INFO: NoSuchElementException in TransactionTrackerOperations.get_CM_parcels()
2018-11-21 18:56:45,391 INFO: Executing TransactionTrackerOperations.search_process_for_CMPDM() for: Performance Health|ADVANTAGE NAVIGATOR DSSI|810
2018-11-21 18:56:45,439 INFO: Executing TransactionTrackerOperations.select_customer()
2018-11-21 18:56:52,220 INFO: Executing TransactionTrackerOperations.select_customer()
2018-11-21 18:57:03,466 INFO: Executing TransactionTrackerOperations.get_CM_parcels()
2018-11-21 18:57:09,255 INFO: Executing TransactionTrackerOperations.search_process_for_CMPDM() for: Performance Health|American Health Companies|810
2018-11-21 18:57:09,874 INFO: Executing TransactionTrackerOperations.select_customer()
2018-11-21 18:57:16,631 INFO: Executing TransactionTrackerOperations.select_customer()
2018-11-21 18:57:27,453 INFO: Executing TransactionTrackerOperations.get_CM_parcels()
2018-11-21 18:57:33,461 INFO: Executing TransactionTrackerOperations.search_process_for_CMPDM() for: Performance Health|APEX|810
2018-11-21 18:57:34,094 INFO: Executing TransactionTrackerOperations.select_customer()
2018-11-21 18:57:40,851 INFO: Executing TransactionTrackerOperations.select_customer()
2018-11-21 18:57:51,589 INFO: Executing TransactionTrackerOperations.get_CM_parcels()
2018-11-21 18:57:53,947 INFO: NoSuchElementException in TransactionTrackerOperations.get_CM_parcels()
2018-11-21 18:57:58,285 INFO: NoSuchElementException in TransactionTrackerOperations.get_CM_parcels()
2018-11-21 18:58:02,429 INFO: NoSuchElementException in TransactionTrackerOperations.get_CM_parcels()
2018-11-21 18:58:07,400 INFO: NoSuchElementException in TransactionTrackerOperations.get_CM_parcels()
2018-11-21 18:58:17,308 INFO: NoSuchElementException in TransactionTrackerOperations.get_CM_parcels()
2018-11-21 18:58:24,190 INFO: NoSuchElementException in TransactionTrackerOperations.get_CM_parcels()
2018-11-21 18:58:30,231 INFO: NoSuchElementException in TransactionTrackerOperations.get_CM_parcels()
2018-11-21 18:58:35,519 INFO: NoSuchElementException in TransactionTrackerOperations.get_CM_parcels()
