2018-12-19 14:16:49,796 INFO: Executing Script Credit Memo Prodution Data Monitoring
2018-12-19 14:16:49,994 INFO: Executing CMProductionDataMonitoring.execute_main()
2018-12-19 14:17:02,997 INFO: Login in to Launchpad
2018-12-19 14:17:39,481 INFO: Executing CMProductionDataMonitoring.TaskFilter()
2018-12-19 14:17:39,853 INFO: Refreshing access_token
2018-12-19 14:17:56,483 INFO: select InProgress task from input sheet from CMProductionDataMonitoring.TaskFilter()
2018-12-19 14:17:56,484 INFO: Executing TransactionTrackerOperations.search_process_for_CMPDM() for: Performance Health|McKesson BASCOM PALMER EYE INST|810
2018-12-19 14:17:56,509 INFO: Executing TransactionTrackerOperations.select_customer()
2018-12-19 14:18:03,407 INFO: Executing TransactionTrackerOperations.select_customer()
2018-12-19 14:18:15,370 INFO: Executing TransactionTrackerOperations.get_CM_parcels()
2018-12-19 14:18:21,098 INFO: Executing TransactionTrackerOperations.search_process_for_CMPDM() for: Performance Health|McKesson CABELL HUNTINGTON HOSPITAL|810
2018-12-19 14:18:21,708 INFO: Executing TransactionTrackerOperations.select_customer()
2018-12-19 14:18:28,531 INFO: Executing TransactionTrackerOperations.select_customer()
2018-12-19 14:18:40,058 INFO: Executing TransactionTrackerOperations.get_CM_parcels()
2018-12-19 14:18:43,449 INFO: NoSuchElementException in TransactionTrackerOperations.get_CM_parcels()
2018-12-19 14:18:49,263 INFO: NoSuchElementException in TransactionTrackerOperations.get_CM_parcels()
2018-12-19 14:18:52,412 INFO: NoSuchElementException in TransactionTrackerOperations.get_CM_parcels()
2018-12-19 14:18:59,386 INFO: Executing TransactionTrackerOperations.search_process_for_CMPDM() for: Performance Health|McKesson CHILDRENS HOSPITAL|810
2018-12-19 14:19:01,587 INFO: Executing TransactionTrackerOperations.select_customer()
2018-12-19 14:19:08,703 INFO: Executing TransactionTrackerOperations.select_customer()
2018-12-19 14:19:21,028 INFO: Executing TransactionTrackerOperations.get_CM_parcels()
2018-12-19 14:19:24,079 INFO: NoSuchElementException in TransactionTrackerOperations.get_CM_parcels()
2018-12-19 14:19:28,820 INFO: NoSuchElementException in TransactionTrackerOperations.get_CM_parcels()
2018-12-19 14:19:32,185 INFO: NoSuchElementException in TransactionTrackerOperations.get_CM_parcels()
2018-12-19 14:19:39,803 INFO: Executing TransactionTrackerOperations.search_process_for_CMPDM() for: Performance Health|McKesson CHRISTIANA CARE HEALTH|810
2018-12-19 14:19:40,393 INFO: Executing TransactionTrackerOperations.select_customer()
2018-12-19 14:19:47,315 INFO: Executing TransactionTrackerOperations.select_customer()
2018-12-19 14:19:59,744 INFO: Executing TransactionTrackerOperations.get_CM_parcels()
2018-12-19 14:20:03,577 INFO: NoSuchElementException in TransactionTrackerOperations.get_CM_parcels()
2018-12-19 14:20:09,068 INFO: NoSuchElementException in TransactionTrackerOperations.get_CM_parcels()
2018-12-19 14:20:14,166 INFO: NoSuchElementException in TransactionTrackerOperations.get_CM_parcels()
2018-12-19 14:20:19,693 INFO: NoSuchElementException in TransactionTrackerOperations.get_CM_parcels()
2018-12-19 14:20:25,665 INFO: NoSuchElementException in TransactionTrackerOperations.get_CM_parcels()
2018-12-19 14:20:32,020 INFO: NoSuchElementException in TransactionTrackerOperations.get_CM_parcels()
2018-12-19 14:20:38,109 INFO: NoSuchElementException in TransactionTrackerOperations.get_CM_parcels()
2018-12-19 14:20:43,536 INFO: NoSuchElementException in TransactionTrackerOperations.get_CM_parcels()
2018-12-19 14:20:48,970 INFO: NoSuchElementException in TransactionTrackerOperations.get_CM_parcels()
2018-12-19 14:20:54,152 INFO: NoSuchElementException in TransactionTrackerOperations.get_CM_parcels()
2018-12-19 14:20:58,937 INFO: NoSuchElementException in TransactionTrackerOperations.get_CM_parcels()
2018-12-19 14:21:03,703 INFO: NoSuchElementException in TransactionTrackerOperations.get_CM_parcels()
2018-12-19 14:21:08,539 INFO: NoSuchElementException in TransactionTrackerOperations.get_CM_parcels()
2018-12-19 14:21:12,644 INFO: NoSuchElementException in TransactionTrackerOperations.get_CM_parcels()
2018-12-19 14:21:19,404 INFO: Executing TransactionTrackerOperations.search_process_for_CMPDM() for: Performance Health|McKesson EMH REGIONAL HEALTHCARE SYSTEMS|810
2018-12-19 14:21:20,109 INFO: Executing TransactionTrackerOperations.select_customer()
2018-12-19 14:21:27,166 INFO: Executing TransactionTrackerOperations.select_customer()
2018-12-19 14:21:40,137 INFO: Executing TransactionTrackerOperations.get_CM_parcels()
2018-12-19 14:21:47,966 INFO: Executing TransactionTrackerOperations.search_process_for_CMPDM() for: Performance Health|McKesson EMORY HEALTHCARE|810
2018-12-19 14:21:48,593 INFO: Executing TransactionTrackerOperations.select_customer()
2018-12-19 14:21:55,934 INFO: Executing TransactionTrackerOperations.select_customer()
2018-12-19 14:22:07,858 INFO: Executing TransactionTrackerOperations.get_CM_parcels()
2018-12-19 14:22:15,061 INFO: Executing TransactionTrackerOperations.search_process_for_CMPDM() for: Performance Health|McKesson FIRELANDS REGIONAL MEDICAL CENTER|810
2018-12-19 14:22:15,531 INFO: Executing TransactionTrackerOperations.select_customer()
2018-12-19 14:22:22,410 INFO: Executing TransactionTrackerOperations.select_customer()
2018-12-19 14:22:34,456 INFO: Executing TransactionTrackerOperations.get_CM_parcels()
2018-12-19 14:22:42,276 INFO: Executing TransactionTrackerOperations.search_process_for_CMPDM() for: Performance Health|McKesson FIRSTHEALTH CAROLINAS|810
2018-12-19 14:22:42,923 INFO: Executing TransactionTrackerOperations.select_customer()
2018-12-19 14:22:50,713 INFO: Executing TransactionTrackerOperations.select_customer()
2018-12-19 14:23:03,448 INFO: Executing TransactionTrackerOperations.get_CM_parcels()
2018-12-19 14:23:11,517 INFO: Executing TransactionTrackerOperations.search_process_for_CMPDM() for: Performance Health|McKesson FRANCISCAN ALLIANCE INC|810
2018-12-19 14:23:12,029 INFO: Executing TransactionTrackerOperations.select_customer()
2018-12-19 14:23:19,468 INFO: Executing TransactionTrackerOperations.select_customer()
2018-12-19 14:23:32,092 INFO: Executing TransactionTrackerOperations.get_CM_parcels()
2018-12-19 14:23:39,314 INFO: Executing TransactionTrackerOperations.search_process_for_CMPDM() for: Performance Health|McKesson GOOD SHEPHERD REHAB NETWORK|810
2018-12-19 14:23:39,849 INFO: Executing TransactionTrackerOperations.select_customer()
2018-12-19 14:23:46,927 INFO: Executing TransactionTrackerOperations.select_customer()
2018-12-19 14:23:59,781 INFO: Executing TransactionTrackerOperations.get_CM_parcels()
2018-12-19 14:24:03,956 INFO: NoSuchElementException in TransactionTrackerOperations.get_CM_parcels()
2018-12-19 14:24:08,839 INFO: NoSuchElementException in TransactionTrackerOperations.get_CM_parcels()
2018-12-19 14:24:13,566 INFO: NoSuchElementException in TransactionTrackerOperations.get_CM_parcels()
2018-12-19 14:24:19,091 INFO: NoSuchElementException in TransactionTrackerOperations.get_CM_parcels()
2018-12-19 14:24:23,872 INFO: NoSuchElementException in TransactionTrackerOperations.get_CM_parcels()
2018-12-19 14:24:29,202 INFO: NoSuchElementException in TransactionTrackerOperations.get_CM_parcels()
2018-12-19 14:24:34,607 INFO: NoSuchElementException in TransactionTrackerOperations.get_CM_parcels()
2018-12-19 14:24:39,651 INFO: NoSuchElementException in TransactionTrackerOperations.get_CM_parcels()
2018-12-19 14:24:45,096 INFO: NoSuchElementException in TransactionTrackerOperations.get_CM_parcels()
2018-12-19 14:24:50,325 INFO: NoSuchElementException in TransactionTrackerOperations.get_CM_parcels()
2018-12-19 14:24:55,240 INFO: NoSuchElementException in TransactionTrackerOperations.get_CM_parcels()
2018-12-19 14:25:00,035 INFO: NoSuchElementException in TransactionTrackerOperations.get_CM_parcels()
2018-12-19 14:25:04,842 INFO: NoSuchElementException in TransactionTrackerOperations.get_CM_parcels()
2018-12-19 14:25:09,600 INFO: NoSuchElementException in TransactionTrackerOperations.get_CM_parcels()
2018-12-19 14:25:14,333 INFO: NoSuchElementException in TransactionTrackerOperations.get_CM_parcels()
2018-12-19 14:25:24,549 INFO: Executing TransactionTrackerOperations.search_process_for_CMPDM() for: Performance Health|McKesson HALIFAX REGIONAL HOSPITAL|810
2018-12-19 14:25:24,680 INFO: Executing TransactionTrackerOperations.select_customer()
2018-12-19 14:25:31,595 INFO: Executing TransactionTrackerOperations.select_customer()
2018-12-19 14:25:44,231 INFO: Executing TransactionTrackerOperations.get_CM_parcels()
2018-12-19 14:25:52,315 INFO: Executing TransactionTrackerOperations.search_process_for_CMPDM() for: Performance Health|McKesson HATTISBURG CLINIC|810
2018-12-19 14:25:52,656 INFO: Executing TransactionTrackerOperations.select_customer()
2018-12-19 14:25:59,662 INFO: Executing TransactionTrackerOperations.select_customer()
2018-12-19 14:26:11,451 INFO: Executing TransactionTrackerOperations.get_CM_parcels()
2018-12-19 14:26:19,400 INFO: Executing TransactionTrackerOperations.search_process_for_CMPDM() for: Performance Health|McKesson IL BONE AND JOINT|810
2018-12-19 14:26:19,483 INFO: Executing TransactionTrackerOperations.select_customer()
2018-12-19 14:26:26,391 INFO: Executing TransactionTrackerOperations.select_customer()
2018-12-19 14:26:38,537 INFO: Executing TransactionTrackerOperations.get_CM_parcels()
2018-12-19 14:26:46,680 INFO: Executing TransactionTrackerOperations.search_process_for_CMPDM() for: Performance Health|McKesson LAKE CHARLES MEMORIAL HOSPITAL|810
2018-12-19 14:26:47,301 INFO: Executing TransactionTrackerOperations.select_customer()
2018-12-19 14:26:54,608 INFO: Executing TransactionTrackerOperations.select_customer()
2018-12-19 14:27:07,335 INFO: Executing TransactionTrackerOperations.get_CM_parcels()
2018-12-19 14:27:14,523 INFO: Executing TransactionTrackerOperations.search_process_for_CMPDM() for: Performance Health|McKesson LAWRENCE MEMORIAL HOSPITAL|810
2018-12-19 14:27:15,033 INFO: Executing TransactionTrackerOperations.select_customer()
2018-12-19 14:27:22,645 INFO: Executing TransactionTrackerOperations.select_customer()
2018-12-19 14:27:34,785 INFO: Executing TransactionTrackerOperations.get_CM_parcels()
2018-12-19 14:27:37,674 INFO: NoSuchElementException in TransactionTrackerOperations.get_CM_parcels()
2018-12-19 14:27:42,352 INFO: NoSuchElementException in TransactionTrackerOperations.get_CM_parcels()
2018-12-19 14:27:47,105 INFO: NoSuchElementException in TransactionTrackerOperations.get_CM_parcels()
2018-12-19 14:27:51,688 INFO: NoSuchElementException in TransactionTrackerOperations.get_CM_parcels()
2018-12-19 14:27:55,588 INFO: NoSuchElementException in TransactionTrackerOperations.get_CM_parcels()
2018-12-19 14:28:03,990 INFO: Executing TransactionTrackerOperations.search_process_for_CMPDM() for: Performance Health|McKesson LEESBURG REGIONAL|810
2018-12-19 14:28:04,531 INFO: Executing TransactionTrackerOperations.select_customer()
2018-12-19 14:28:11,600 INFO: Executing TransactionTrackerOperations.select_customer()
2018-12-19 14:28:23,543 INFO: Executing TransactionTrackerOperations.get_CM_parcels()
2018-12-19 14:28:24,560 INFO: NoSuchElementException in TransactionTrackerOperations.get_CM_parcels()
2018-12-19 14:28:32,737 INFO: Executing TransactionTrackerOperations.search_process_for_CMPDM() for: Performance Health|McKesson LOMA LINDA UNIVERSITY MEDICAL CENTER|810
2018-12-19 14:28:32,916 INFO: Executing TransactionTrackerOperations.select_customer()
2018-12-19 14:28:40,138 INFO: Executing TransactionTrackerOperations.select_customer()
2018-12-19 14:28:53,194 INFO: Executing TransactionTrackerOperations.get_CM_parcels()
2018-12-19 14:28:53,495 INFO: NoSuchElementException in TransactionTrackerOperations.get_CM_parcels()
2018-12-19 14:29:01,702 INFO: Executing TransactionTrackerOperations.search_process_for_CMPDM() for: Performance Health|McKesson MCG HEALTH INC|810
2018-12-19 14:29:02,095 INFO: Executing TransactionTrackerOperations.select_customer()
2018-12-19 14:29:09,027 INFO: Executing TransactionTrackerOperations.select_customer()
2018-12-19 14:29:21,126 INFO: Executing TransactionTrackerOperations.get_CM_parcels()
2018-12-19 14:29:23,962 INFO: NoSuchElementException in TransactionTrackerOperations.get_CM_parcels()
2018-12-19 14:29:28,709 INFO: NoSuchElementException in TransactionTrackerOperations.get_CM_parcels()
2018-12-19 14:29:33,371 INFO: NoSuchElementException in TransactionTrackerOperations.get_CM_parcels()
2018-12-19 14:29:38,113 INFO: NoSuchElementException in TransactionTrackerOperations.get_CM_parcels()
2018-12-19 14:29:41,874 INFO: NoSuchElementException in TransactionTrackerOperations.get_CM_parcels()
2018-12-19 14:29:49,528 INFO: Executing TransactionTrackerOperations.search_process_for_CMPDM() for: Performance Health|McKesson NCH HEALTHCARE|810
2018-12-19 14:29:50,197 INFO: Executing TransactionTrackerOperations.select_customer()
2018-12-19 14:29:57,167 INFO: Executing TransactionTrackerOperations.select_customer()
2018-12-19 14:30:09,564 INFO: Executing TransactionTrackerOperations.get_CM_parcels()
2018-12-19 14:30:12,577 INFO: NoSuchElementException in TransactionTrackerOperations.get_CM_parcels()
2018-12-19 14:30:17,573 INFO: NoSuchElementException in TransactionTrackerOperations.get_CM_parcels()
2018-12-19 14:30:22,484 INFO: NoSuchElementException in TransactionTrackerOperations.get_CM_parcels()
2018-12-19 14:30:27,082 INFO: NoSuchElementException in TransactionTrackerOperations.get_CM_parcels()
2018-12-19 14:30:31,722 INFO: NoSuchElementException in TransactionTrackerOperations.get_CM_parcels()
2018-12-19 14:30:36,447 INFO: NoSuchElementException in TransactionTrackerOperations.get_CM_parcels()
2018-12-19 14:30:40,822 INFO: NoSuchElementException in TransactionTrackerOperations.get_CM_parcels()
2018-12-19 14:30:48,490 INFO: Executing TransactionTrackerOperations.search_process_for_CMPDM() for: Performance Health|McKesson SACRED HEART HOSPITAL|810
2018-12-19 14:30:49,678 INFO: Executing TransactionTrackerOperations.select_customer()
2018-12-19 14:30:56,875 INFO: Executing TransactionTrackerOperations.select_customer()
2018-12-19 14:31:10,632 INFO: Executing TransactionTrackerOperations.get_CM_parcels()
2018-12-19 14:31:17,854 INFO: Executing TransactionTrackerOperations.search_process_for_CMPDM() for: Performance Health|McKesson SAINT FRANCES MEDICAL CENTER|810
2018-12-19 14:31:18,384 INFO: Executing TransactionTrackerOperations.select_customer()
2018-12-19 14:31:25,576 INFO: Executing TransactionTrackerOperations.select_customer()
2018-12-19 14:31:38,678 INFO: Executing TransactionTrackerOperations.get_CM_parcels()
2018-12-19 14:31:42,581 INFO: NoSuchElementException in TransactionTrackerOperations.get_CM_parcels()
2018-12-19 14:31:48,222 INFO: NoSuchElementException in TransactionTrackerOperations.get_CM_parcels()
2018-12-19 14:31:52,837 INFO: NoSuchElementException in TransactionTrackerOperations.get_CM_parcels()
2018-12-19 14:31:55,553 INFO: NoSuchElementException in TransactionTrackerOperations.get_CM_parcels()
2018-12-19 14:32:02,670 INFO: Executing TransactionTrackerOperations.search_process_for_CMPDM() for: Performance Health|McKesson SOUTHERN NEW HAMPSHIRE MEDICAL CENTER|810
2018-12-19 14:32:04,324 INFO: Executing TransactionTrackerOperations.select_customer()
2018-12-19 14:32:11,866 INFO: Executing TransactionTrackerOperations.select_customer()
2018-12-19 14:32:24,834 INFO: Executing TransactionTrackerOperations.get_CM_parcels()
2018-12-19 14:32:27,836 INFO: NoSuchElementException in TransactionTrackerOperations.get_CM_parcels()
2018-12-19 14:32:32,760 INFO: NoSuchElementException in TransactionTrackerOperations.get_CM_parcels()
2018-12-19 14:32:37,578 INFO: NoSuchElementException in TransactionTrackerOperations.get_CM_parcels()
2018-12-19 14:32:41,343 INFO: NoSuchElementException in TransactionTrackerOperations.get_CM_parcels()
2018-12-19 14:32:48,588 INFO: Executing TransactionTrackerOperations.search_process_for_CMPDM() for: Performance Health|McKesson TIFT REGIONAL MEDICAL CENTER|810
2018-12-19 14:32:49,105 INFO: Executing TransactionTrackerOperations.select_customer()
2018-12-19 14:32:56,068 INFO: Executing TransactionTrackerOperations.select_customer()
2018-12-19 14:33:09,194 INFO: Executing TransactionTrackerOperations.get_CM_parcels()
2018-12-19 14:33:17,054 INFO: Executing TransactionTrackerOperations.search_process_for_CMPDM() for: Performance Health|McKesson TRINITY MOTHER FRANCES HOSPITAL|810
2018-12-19 14:33:17,993 INFO: Executing TransactionTrackerOperations.select_customer()
2018-12-19 14:33:25,003 INFO: Executing TransactionTrackerOperations.select_customer()
2018-12-19 14:33:38,108 INFO: Executing TransactionTrackerOperations.get_CM_parcels()
2018-12-19 14:33:41,553 INFO: NoSuchElementException in TransactionTrackerOperations.get_CM_parcels()
2018-12-19 14:33:46,226 INFO: NoSuchElementException in TransactionTrackerOperations.get_CM_parcels()
2018-12-19 14:33:51,121 INFO: NoSuchElementException in TransactionTrackerOperations.get_CM_parcels()
2018-12-19 14:33:55,746 INFO: NoSuchElementException in TransactionTrackerOperations.get_CM_parcels()
2018-12-19 14:34:00,867 INFO: NoSuchElementException in TransactionTrackerOperations.get_CM_parcels()
2018-12-19 14:34:05,675 INFO: NoSuchElementException in TransactionTrackerOperations.get_CM_parcels()
2018-12-19 14:34:09,256 INFO: NoSuchElementException in TransactionTrackerOperations.get_CM_parcels()
2018-12-19 14:34:15,802 INFO: Executing TransactionTrackerOperations.search_process_for_CMPDM() for: Performance Health|McKesson Truman Medical Center|810
2018-12-19 14:34:16,696 INFO: Executing TransactionTrackerOperations.select_customer()
2018-12-19 14:34:24,273 INFO: Executing TransactionTrackerOperations.select_customer()
2018-12-19 14:34:35,739 INFO: Executing TransactionTrackerOperations.get_CM_parcels()
2018-12-19 14:34:43,384 INFO: Executing TransactionTrackerOperations.search_process_for_CMPDM() for: Performance Health|McKesson UNITED HOSPITAL SYSTEM INC|810
2018-12-19 14:34:43,398 INFO: Executing TransactionTrackerOperations.select_customer()
2018-12-19 14:36:25,439 ERROR: Error in CMProductionDataMonitoring.TaskFilter()
2018-12-19 14:36:29,911 INFO: Executing TransactionTrackerOperations.search_process_for_CMPDM() for: Performance Health|McKesson VAIL VALLEY MEDICAL CENTER|810
2018-12-19 14:36:30,026 INFO: Executing TransactionTrackerOperations.select_customer()
2018-12-19 14:36:36,903 INFO: Executing TransactionTrackerOperations.select_customer()
2018-12-19 14:36:49,217 INFO: Executing TransactionTrackerOperations.get_CM_parcels()
2018-12-19 14:36:56,090 INFO: Executing TransactionTrackerOperations.search_process_for_CMPDM() for: Performance Health|McKesson WHEATON FRANCISCAN HEALTHCARE|810
2018-12-19 14:36:56,312 INFO: Executing TransactionTrackerOperations.select_customer()
2018-12-19 14:37:03,488 INFO: Executing TransactionTrackerOperations.select_customer()
2018-12-19 14:37:15,591 INFO: Executing TransactionTrackerOperations.get_CM_parcels()
2018-12-19 14:37:22,379 INFO: Executing TransactionTrackerOperations.search_process_for_CMPDM() for: Performance Health|MFA DSSI|810
2018-12-19 14:37:22,410 INFO: Executing TransactionTrackerOperations.select_customer()
2018-12-19 14:37:29,291 INFO: Executing TransactionTrackerOperations.select_customer()
2018-12-19 14:37:40,346 INFO: Executing TransactionTrackerOperations.get_CM_parcels()
2018-12-19 14:37:47,564 INFO: Executing TransactionTrackerOperations.search_process_for_CMPDM() for: Performance Health|MIDWEST GERIATRIC DSSI|810
2018-12-19 14:37:47,631 INFO: Executing TransactionTrackerOperations.select_customer()
2018-12-19 14:37:54,695 INFO: Executing TransactionTrackerOperations.select_customer()
2018-12-19 14:38:06,256 INFO: Executing TransactionTrackerOperations.get_CM_parcels()
2018-12-19 14:38:06,560 INFO: NoSuchElementException in TransactionTrackerOperations.get_CM_parcels()
2018-12-19 14:38:14,129 INFO: Executing TransactionTrackerOperations.search_process_for_CMPDM() for: Performance Health|MIDWEST HEALTH DSSI|810
2018-12-19 14:38:14,171 INFO: Executing TransactionTrackerOperations.select_customer()
2018-12-19 14:38:21,074 INFO: Executing TransactionTrackerOperations.select_customer()
2018-12-19 14:38:32,789 INFO: Executing TransactionTrackerOperations.get_CM_parcels()
2018-12-19 14:38:35,591 INFO: NoSuchElementException in TransactionTrackerOperations.get_CM_parcels()
2018-12-19 14:38:40,302 INFO: NoSuchElementException in TransactionTrackerOperations.get_CM_parcels()
2018-12-19 14:38:44,900 INFO: NoSuchElementException in TransactionTrackerOperations.get_CM_parcels()
2018-12-19 14:38:53,948 INFO: Executing TransactionTrackerOperations.search_process_for_CMPDM() for: Performance Health|MISSION HEALTH DSSI|810
2018-12-19 14:38:53,973 INFO: Executing TransactionTrackerOperations.select_customer()
2018-12-19 14:39:00,817 INFO: Executing TransactionTrackerOperations.select_customer()
2018-12-19 14:39:12,350 INFO: Executing TransactionTrackerOperations.get_CM_parcels()
2018-12-19 14:39:15,253 INFO: NoSuchElementException in TransactionTrackerOperations.get_CM_parcels()
2018-12-19 14:39:20,114 INFO: NoSuchElementException in TransactionTrackerOperations.get_CM_parcels()
2018-12-19 14:39:24,723 INFO: NoSuchElementException in TransactionTrackerOperations.get_CM_parcels()
2018-12-19 14:39:29,270 INFO: NoSuchElementException in TransactionTrackerOperations.get_CM_parcels()
2018-12-19 14:39:33,875 INFO: NoSuchElementException in TransactionTrackerOperations.get_CM_parcels()
2018-12-19 14:39:38,559 INFO: NoSuchElementException in TransactionTrackerOperations.get_CM_parcels()
2018-12-19 14:39:43,160 INFO: NoSuchElementException in TransactionTrackerOperations.get_CM_parcels()
2018-12-19 14:39:46,294 INFO: NoSuchElementException in TransactionTrackerOperations.get_CM_parcels()
2018-12-19 14:39:52,496 INFO: Executing TransactionTrackerOperations.search_process_for_CMPDM() for: Performance Health|NEXION DSSI|810
2018-12-19 14:39:53,052 INFO: Executing TransactionTrackerOperations.select_customer()
2018-12-19 14:39:59,915 INFO: Executing TransactionTrackerOperations.select_customer()
2018-12-19 14:40:11,132 INFO: Executing TransactionTrackerOperations.get_CM_parcels()
2018-12-19 14:40:13,933 INFO: NoSuchElementException in TransactionTrackerOperations.get_CM_parcels()
2018-12-19 14:40:18,531 INFO: NoSuchElementException in TransactionTrackerOperations.get_CM_parcels()
2018-12-19 14:40:23,005 INFO: NoSuchElementException in TransactionTrackerOperations.get_CM_parcels()
2018-12-19 14:40:27,626 INFO: NoSuchElementException in TransactionTrackerOperations.get_CM_parcels()
2018-12-19 14:40:32,238 INFO: NoSuchElementException in TransactionTrackerOperations.get_CM_parcels()
2018-12-19 14:40:36,841 INFO: NoSuchElementException in TransactionTrackerOperations.get_CM_parcels()
2018-12-19 14:40:41,492 INFO: NoSuchElementException in TransactionTrackerOperations.get_CM_parcels()
2018-12-19 14:40:46,038 INFO: NoSuchElementException in TransactionTrackerOperations.get_CM_parcels()
2018-12-19 14:40:49,639 INFO: NoSuchElementException in TransactionTrackerOperations.get_CM_parcels()
2018-12-19 14:40:55,704 INFO: Executing TransactionTrackerOperations.search_process_for_CMPDM() for: Performance Health|NOLAND HEALTH SERVICES DSSI|810
2018-12-19 14:40:56,445 INFO: Executing TransactionTrackerOperations.select_customer()
2018-12-19 14:41:03,363 INFO: Executing TransactionTrackerOperations.select_customer()
2018-12-19 14:41:15,186 INFO: Executing TransactionTrackerOperations.get_CM_parcels()
2018-12-19 14:41:18,219 INFO: NoSuchElementException in TransactionTrackerOperations.get_CM_parcels()
2018-12-19 14:41:22,947 INFO: NoSuchElementException in TransactionTrackerOperations.get_CM_parcels()
2018-12-19 14:41:27,556 INFO: NoSuchElementException in TransactionTrackerOperations.get_CM_parcels()
2018-12-19 14:41:32,059 INFO: NoSuchElementException in TransactionTrackerOperations.get_CM_parcels()
2018-12-19 14:41:35,898 INFO: NoSuchElementException in TransactionTrackerOperations.get_CM_parcels()
2018-12-19 14:41:42,624 INFO: Executing TransactionTrackerOperations.search_process_for_CMPDM() for: Performance Health|NORTHPORT DSSI|810
2018-12-19 14:41:42,650 INFO: Executing TransactionTrackerOperations.select_customer()
2018-12-19 14:41:49,513 INFO: Executing TransactionTrackerOperations.select_customer()
2018-12-19 14:42:00,888 INFO: Executing TransactionTrackerOperations.get_CM_parcels()
2018-12-19 14:42:06,939 INFO: Executing TransactionTrackerOperations.search_process_for_CMPDM() for: Performance Health|NUVISION DSSI|810
2018-12-19 14:42:06,972 INFO: Executing TransactionTrackerOperations.select_customer()
2018-12-19 14:42:13,827 INFO: Executing TransactionTrackerOperations.select_customer()
2018-12-19 14:42:25,114 INFO: Executing TransactionTrackerOperations.get_CM_parcels()
2018-12-19 14:42:27,879 INFO: NoSuchElementException in TransactionTrackerOperations.get_CM_parcels()
2018-12-19 14:42:32,438 INFO: NoSuchElementException in TransactionTrackerOperations.get_CM_parcels()
2018-12-19 14:42:37,051 INFO: NoSuchElementException in TransactionTrackerOperations.get_CM_parcels()
2018-12-19 14:42:46,068 INFO: Executing TransactionTrackerOperations.search_process_for_CMPDM() for: Performance Health|ONIX GROUP DSSI|810
2018-12-19 14:42:46,243 INFO: Executing TransactionTrackerOperations.select_customer()
2018-12-19 14:42:53,120 INFO: Executing TransactionTrackerOperations.select_customer()
2018-12-19 14:43:04,562 INFO: Executing TransactionTrackerOperations.get_CM_parcels()
2018-12-19 14:43:07,337 INFO: NoSuchElementException in TransactionTrackerOperations.get_CM_parcels()
2018-12-19 14:43:12,302 INFO: NoSuchElementException in TransactionTrackerOperations.get_CM_parcels()
2018-12-19 14:43:17,389 INFO: NoSuchElementException in TransactionTrackerOperations.get_CM_parcels()
2018-12-19 14:43:22,059 INFO: NoSuchElementException in TransactionTrackerOperations.get_CM_parcels()
2018-12-19 14:43:24,759 INFO: NoSuchElementException in TransactionTrackerOperations.get_CM_parcels()
2018-12-19 14:43:31,570 INFO: Executing TransactionTrackerOperations.search_process_for_CMPDM() for: Performance Health|PENNMED CONSULTANTS INC DSSI|810
2018-12-19 14:43:31,777 INFO: Executing TransactionTrackerOperations.select_customer()
2018-12-19 14:43:38,659 INFO: Executing TransactionTrackerOperations.select_customer()
2018-12-19 14:43:52,296 INFO: Executing TransactionTrackerOperations.get_CM_parcels()
2018-12-19 14:43:58,423 INFO: Executing TransactionTrackerOperations.search_process_for_CMPDM() for: Performance Health|PREFERRED CARE DSSI|810
2018-12-19 14:43:59,535 INFO: Executing TransactionTrackerOperations.select_customer()
2018-12-19 14:44:06,667 INFO: Executing TransactionTrackerOperations.select_customer()
2018-12-19 14:44:19,985 INFO: Executing TransactionTrackerOperations.get_CM_parcels()
2018-12-19 14:44:26,964 INFO: Executing TransactionTrackerOperations.search_process_for_CMPDM() for: Performance Health|PRESBYTERIAN HOMES AND SERVICES DSSI|810
2018-12-19 14:44:28,089 INFO: Executing TransactionTrackerOperations.select_customer()
2018-12-19 14:44:35,688 INFO: Executing TransactionTrackerOperations.select_customer()
2018-12-19 14:44:49,372 INFO: Executing TransactionTrackerOperations.get_CM_parcels()
2018-12-19 14:44:53,632 INFO: NoSuchElementException in TransactionTrackerOperations.get_CM_parcels()
2018-12-19 14:44:59,730 INFO: NoSuchElementException in TransactionTrackerOperations.get_CM_parcels()
2018-12-19 14:45:04,984 INFO: NoSuchElementException in TransactionTrackerOperations.get_CM_parcels()
2018-12-19 14:45:10,267 INFO: NoSuchElementException in TransactionTrackerOperations.get_CM_parcels()
2018-12-19 14:45:15,245 INFO: NoSuchElementException in TransactionTrackerOperations.get_CM_parcels()
2018-12-19 14:45:20,448 INFO: NoSuchElementException in TransactionTrackerOperations.get_CM_parcels()
2018-12-19 14:45:23,581 INFO: NoSuchElementException in TransactionTrackerOperations.get_CM_parcels()
2018-12-19 14:45:31,801 INFO: Executing TransactionTrackerOperations.search_process_for_CMPDM() for: Performance Health|PRESBYTERIAN SENIOR LIVING DSSI|810
2018-12-19 14:45:32,191 INFO: Executing TransactionTrackerOperations.select_customer()
2018-12-19 14:45:39,545 INFO: Executing TransactionTrackerOperations.select_customer()
2018-12-19 14:45:51,760 INFO: Executing TransactionTrackerOperations.get_CM_parcels()
2018-12-19 14:45:54,566 INFO: NoSuchElementException in TransactionTrackerOperations.get_CM_parcels()
2018-12-19 14:45:59,195 INFO: NoSuchElementException in TransactionTrackerOperations.get_CM_parcels()
2018-12-19 14:46:03,730 INFO: NoSuchElementException in TransactionTrackerOperations.get_CM_parcels()
2018-12-19 14:46:07,569 INFO: NoSuchElementException in TransactionTrackerOperations.get_CM_parcels()
2018-12-19 14:46:14,067 INFO: Executing TransactionTrackerOperations.search_process_for_CMPDM() for: Performance Health|QUALITY LIFE SERVICES DSSI|810
2018-12-19 14:46:15,315 INFO: Executing TransactionTrackerOperations.select_customer()
2018-12-19 14:46:22,257 INFO: Executing TransactionTrackerOperations.select_customer()
2018-12-19 14:46:33,893 INFO: Executing TransactionTrackerOperations.get_CM_parcels()
2018-12-19 14:46:37,037 INFO: NoSuchElementException in TransactionTrackerOperations.get_CM_parcels()
2018-12-19 14:46:41,945 INFO: NoSuchElementException in TransactionTrackerOperations.get_CM_parcels()
2018-12-19 14:46:46,819 INFO: NoSuchElementException in TransactionTrackerOperations.get_CM_parcels()
2018-12-19 14:46:51,940 INFO: NoSuchElementException in TransactionTrackerOperations.get_CM_parcels()
2018-12-19 14:46:56,770 INFO: NoSuchElementException in TransactionTrackerOperations.get_CM_parcels()
2018-12-19 14:47:01,261 INFO: NoSuchElementException in TransactionTrackerOperations.get_CM_parcels()
2018-12-19 14:47:08,826 INFO: Executing TransactionTrackerOperations.search_process_for_CMPDM() for: Performance Health|Quest Healthcare Development DSSI|810
2018-12-19 14:47:08,985 INFO: Executing TransactionTrackerOperations.select_customer()
2018-12-19 14:47:15,913 INFO: Executing TransactionTrackerOperations.select_customer()
2018-12-19 14:47:28,071 INFO: Executing TransactionTrackerOperations.get_CM_parcels()
2018-12-19 14:47:34,111 INFO: Executing TransactionTrackerOperations.search_process_for_CMPDM() for: Performance Health|Regency Integrated Health Services DSSI|810
2018-12-19 14:47:34,252 INFO: Executing TransactionTrackerOperations.select_customer()
2018-12-19 14:47:41,195 INFO: Executing TransactionTrackerOperations.select_customer()
2018-12-19 14:47:53,287 INFO: Executing TransactionTrackerOperations.get_CM_parcels()
2018-12-19 14:47:58,797 INFO: Executing TransactionTrackerOperations.search_process_for_CMPDM() for: Performance Health|RENNES HEALTH DSSI|810
2018-12-19 14:47:59,502 INFO: Executing TransactionTrackerOperations.select_customer()
2018-12-19 14:48:06,397 INFO: Executing TransactionTrackerOperations.select_customer()
2018-12-19 14:48:18,047 INFO: Executing TransactionTrackerOperations.get_CM_parcels()
2018-12-19 14:48:20,924 INFO: NoSuchElementException in TransactionTrackerOperations.get_CM_parcels()
2018-12-19 14:48:25,706 INFO: NoSuchElementException in TransactionTrackerOperations.get_CM_parcels()
2018-12-19 14:48:30,769 INFO: NoSuchElementException in TransactionTrackerOperations.get_CM_parcels()
2018-12-19 14:48:36,037 INFO: NoSuchElementException in TransactionTrackerOperations.get_CM_parcels()
2018-12-19 14:48:40,976 INFO: NoSuchElementException in TransactionTrackerOperations.get_CM_parcels()
2018-12-19 14:48:43,641 INFO: NoSuchElementException in TransactionTrackerOperations.get_CM_parcels()
2018-12-19 14:48:50,818 INFO: Executing TransactionTrackerOperations.search_process_for_CMPDM() for: Performance Health|SABER HEALTHCARE DSSI|810
2018-12-19 14:48:51,251 INFO: Executing TransactionTrackerOperations.select_customer()
2018-12-19 14:48:58,366 INFO: Executing TransactionTrackerOperations.select_customer()
2018-12-19 14:49:10,682 INFO: Executing TransactionTrackerOperations.get_CM_parcels()
2018-12-19 14:49:16,383 INFO: Executing TransactionTrackerOperations.search_process_for_CMPDM() for: Performance Health|SPRENGER HEALTHCARE DSSI|810
2018-12-19 14:49:17,551 INFO: Executing TransactionTrackerOperations.select_customer()
2018-12-19 14:49:24,612 INFO: Executing TransactionTrackerOperations.select_customer()
2018-12-19 14:49:36,903 INFO: Executing TransactionTrackerOperations.get_CM_parcels()
2018-12-19 14:49:40,363 INFO: NoSuchElementException in TransactionTrackerOperations.get_CM_parcels()
2018-12-19 14:49:45,401 INFO: NoSuchElementException in TransactionTrackerOperations.get_CM_parcels()
2018-12-19 14:49:50,329 INFO: NoSuchElementException in TransactionTrackerOperations.get_CM_parcels()
2018-12-19 14:49:55,238 INFO: NoSuchElementException in TransactionTrackerOperations.get_CM_parcels()
2018-12-19 14:50:00,309 INFO: NoSuchElementException in TransactionTrackerOperations.get_CM_parcels()
2018-12-19 14:50:05,330 INFO: NoSuchElementException in TransactionTrackerOperations.get_CM_parcels()
2018-12-19 14:50:10,416 INFO: NoSuchElementException in TransactionTrackerOperations.get_CM_parcels()
2018-12-19 14:50:15,428 INFO: NoSuchElementException in TransactionTrackerOperations.get_CM_parcels()
2018-12-19 14:50:20,675 INFO: NoSuchElementException in TransactionTrackerOperations.get_CM_parcels()
2018-12-19 14:50:25,842 INFO: NoSuchElementException in TransactionTrackerOperations.get_CM_parcels()
2018-12-19 14:50:30,985 INFO: NoSuchElementException in TransactionTrackerOperations.get_CM_parcels()
2018-12-19 14:50:34,348 INFO: NoSuchElementException in TransactionTrackerOperations.get_CM_parcels()
2018-12-19 14:50:42,189 INFO: Executing TransactionTrackerOperations.search_process_for_CMPDM() for: Performance Health|SPRINGPOINT DSSI|810
2018-12-19 14:50:42,685 INFO: Executing TransactionTrackerOperations.select_customer()
2018-12-19 14:50:49,752 INFO: Executing TransactionTrackerOperations.select_customer()
2018-12-19 14:51:01,823 INFO: Executing TransactionTrackerOperations.get_CM_parcels()
2018-12-19 14:51:06,107 INFO: NoSuchElementException in TransactionTrackerOperations.get_CM_parcels()
2018-12-19 14:51:12,673 INFO: NoSuchElementException in TransactionTrackerOperations.get_CM_parcels()
2018-12-19 14:51:18,914 INFO: NoSuchElementException in TransactionTrackerOperations.get_CM_parcels()
2018-12-19 14:51:25,061 INFO: NoSuchElementException in TransactionTrackerOperations.get_CM_parcels()
2018-12-19 14:51:28,000 INFO: NoSuchElementException in TransactionTrackerOperations.get_CM_parcels()
2018-12-19 14:51:36,767 INFO: Executing TransactionTrackerOperations.search_process_for_CMPDM() for: Performance Health|STONERISE MEDICAL DSSI|810
2018-12-19 14:51:38,216 INFO: Executing TransactionTrackerOperations.select_customer()
2018-12-19 14:51:46,067 INFO: Executing TransactionTrackerOperations.select_customer()
2018-12-19 14:52:00,048 INFO: Executing TransactionTrackerOperations.get_CM_parcels()
2018-12-19 14:52:07,759 INFO: Executing TransactionTrackerOperations.search_process_for_CMPDM() for: Performance Health|TAMARAC ADMINISTRACTIVE SERVICES DSSI|810
2018-12-19 14:52:09,107 INFO: Executing TransactionTrackerOperations.select_customer()
2018-12-19 14:52:17,320 INFO: Executing TransactionTrackerOperations.select_customer()
2018-12-19 14:52:33,265 INFO: Executing TransactionTrackerOperations.get_CM_parcels()
2018-12-19 14:52:40,757 INFO: Executing TransactionTrackerOperations.search_process_for_CMPDM() for: Performance Health|TANDEM HEALTHCARE DSSI|810
2018-12-19 14:52:41,957 INFO: Executing TransactionTrackerOperations.select_customer()
2018-12-19 14:52:49,495 INFO: Executing TransactionTrackerOperations.select_customer()
2018-12-19 14:53:03,375 INFO: Executing TransactionTrackerOperations.get_CM_parcels()
2018-12-19 14:53:10,534 INFO: Executing TransactionTrackerOperations.search_process_for_CMPDM() for: Performance Health|TARA CARES LLC DSSI|810
2018-12-19 14:53:11,679 INFO: Executing TransactionTrackerOperations.select_customer()
2018-12-19 14:53:19,190 INFO: Executing TransactionTrackerOperations.select_customer()
2018-12-19 14:53:32,711 INFO: Executing TransactionTrackerOperations.get_CM_parcels()
2018-12-19 14:53:39,676 INFO: Executing TransactionTrackerOperations.search_process_for_CMPDM() for: Performance Health|TEALWOOD TWN DSSI|810
2018-12-19 14:53:40,877 INFO: Executing TransactionTrackerOperations.select_customer()
2018-12-19 14:53:48,660 INFO: Executing TransactionTrackerOperations.select_customer()
2018-12-19 14:54:01,751 INFO: Executing TransactionTrackerOperations.get_CM_parcels()
2018-12-19 14:54:06,289 INFO: NoSuchElementException in TransactionTrackerOperations.get_CM_parcels()
2018-12-19 14:54:12,522 INFO: NoSuchElementException in TransactionTrackerOperations.get_CM_parcels()
2018-12-19 14:54:18,971 INFO: NoSuchElementException in TransactionTrackerOperations.get_CM_parcels()
2018-12-19 14:54:24,978 INFO: NoSuchElementException in TransactionTrackerOperations.get_CM_parcels()
2018-12-19 14:54:31,149 INFO: NoSuchElementException in TransactionTrackerOperations.get_CM_parcels()
2018-12-19 14:54:37,354 INFO: NoSuchElementException in TransactionTrackerOperations.get_CM_parcels()
2018-12-19 14:54:43,568 INFO: NoSuchElementException in TransactionTrackerOperations.get_CM_parcels()
2018-12-19 14:54:49,733 INFO: NoSuchElementException in TransactionTrackerOperations.get_CM_parcels()
2018-12-19 14:54:56,091 INFO: NoSuchElementException in TransactionTrackerOperations.get_CM_parcels()
2018-12-19 14:55:02,521 INFO: NoSuchElementException in TransactionTrackerOperations.get_CM_parcels()
2018-12-19 14:55:06,678 INFO: NoSuchElementException in TransactionTrackerOperations.get_CM_parcels()
2018-12-19 14:55:15,159 INFO: Executing TransactionTrackerOperations.search_process_for_CMPDM() for: Performance Health|TRANS HEALTH CARE DSSI|810
2018-12-19 14:55:16,356 INFO: Executing TransactionTrackerOperations.select_customer()
2018-12-19 14:55:24,158 INFO: Executing TransactionTrackerOperations.select_customer()
2018-12-19 14:55:37,482 INFO: Executing TransactionTrackerOperations.get_CM_parcels()
2018-12-19 14:55:44,429 INFO: Executing TransactionTrackerOperations.search_process_for_CMPDM() for: Performance Health|UNITED MEDICAL DSSI|810
2018-12-19 14:55:45,445 INFO: Executing TransactionTrackerOperations.select_customer()
2018-12-19 14:55:53,033 INFO: Executing TransactionTrackerOperations.select_customer()
2018-12-19 14:56:06,274 INFO: Executing TransactionTrackerOperations.get_CM_parcels()
2018-12-19 14:56:13,278 INFO: Executing TransactionTrackerOperations.search_process_for_CMPDM() for: Performance Health|WILMAC DSSI|810
2018-12-19 14:56:14,493 INFO: Executing TransactionTrackerOperations.select_customer()
2018-12-19 14:56:22,183 INFO: Executing TransactionTrackerOperations.select_customer()
2018-12-19 14:56:34,613 INFO: Executing TransactionTrackerOperations.get_CM_parcels()
2018-12-19 14:56:39,333 INFO: NoSuchElementException in TransactionTrackerOperations.get_CM_parcels()
2018-12-19 14:56:45,833 INFO: NoSuchElementException in TransactionTrackerOperations.get_CM_parcels()
2018-12-19 14:56:52,243 INFO: NoSuchElementException in TransactionTrackerOperations.get_CM_parcels()
2018-12-19 14:56:58,598 INFO: NoSuchElementException in TransactionTrackerOperations.get_CM_parcels()
2018-12-19 14:57:01,233 INFO: NoSuchElementException in TransactionTrackerOperations.get_CM_parcels()
2018-12-19 14:57:08,741 INFO: Executing TransactionTrackerOperations.search_process_for_CMPDM() for: Performance Health|Senior Care Centers LLC|810
2018-12-19 14:57:09,767 INFO: Executing TransactionTrackerOperations.select_customer()
2018-12-19 14:57:17,209 INFO: Executing TransactionTrackerOperations.select_customer()
2018-12-19 14:57:30,449 INFO: Executing TransactionTrackerOperations.get_CM_parcels()
2018-12-19 14:57:37,798 INFO: Executing TransactionTrackerOperations.search_process_for_CMPDM() for: Performance Health|AMERICAN SENIOR COMMUNITIES DSSI|810
2018-12-19 14:57:38,864 INFO: Executing TransactionTrackerOperations.select_customer()
2018-12-19 14:57:46,701 INFO: Executing TransactionTrackerOperations.select_customer()
2018-12-19 14:58:00,734 INFO: Executing TransactionTrackerOperations.get_CM_parcels()
2018-12-19 14:58:07,896 INFO: Executing TransactionTrackerOperations.search_process_for_CMPDM() for: Performance Health|BaneCare Management DSSI|810
2018-12-19 14:58:08,780 INFO: Executing TransactionTrackerOperations.select_customer()
2018-12-19 14:58:16,382 INFO: Executing TransactionTrackerOperations.select_customer()
2018-12-19 14:58:29,820 INFO: Executing TransactionTrackerOperations.get_CM_parcels()
2018-12-19 14:58:36,731 INFO: Executing TransactionTrackerOperations.search_process_for_CMPDM() for: Performance Health|DSSI Next Step Healthcare|810
2018-12-19 14:58:37,699 INFO: Executing TransactionTrackerOperations.select_customer()
2018-12-19 14:58:45,316 INFO: Executing TransactionTrackerOperations.select_customer()
2018-12-19 14:58:59,096 INFO: Executing TransactionTrackerOperations.get_CM_parcels()
2018-12-19 14:59:06,632 INFO: Executing TransactionTrackerOperations.search_process_for_CMPDM() for: Performance Health|Regency Pacific DSSI|810
2018-12-19 14:59:07,718 INFO: Executing TransactionTrackerOperations.select_customer()
2018-12-19 14:59:15,218 INFO: Executing TransactionTrackerOperations.select_customer()
2018-12-19 14:59:28,535 INFO: Executing TransactionTrackerOperations.get_CM_parcels()
2018-12-19 14:59:28,959 INFO: NoSuchElementException in TransactionTrackerOperations.get_CM_parcels()
2018-12-19 14:59:36,365 INFO: Executing TransactionTrackerOperations.search_process_for_CMPDM() for: Performance Health|ADVANTAGE HPSI DSSI|810
2018-12-19 14:59:37,354 INFO: Executing TransactionTrackerOperations.select_customer()
2018-12-19 14:59:44,840 INFO: Executing TransactionTrackerOperations.select_customer()
2018-12-19 14:59:58,005 INFO: Executing TransactionTrackerOperations.get_CM_parcels()
2018-12-19 15:00:02,783 INFO: NoSuchElementException in TransactionTrackerOperations.get_CM_parcels()
2018-12-19 15:00:09,098 INFO: NoSuchElementException in TransactionTrackerOperations.get_CM_parcels()
2018-12-19 15:00:15,388 INFO: NoSuchElementException in TransactionTrackerOperations.get_CM_parcels()
2018-12-19 15:00:19,773 INFO: NoSuchElementException in TransactionTrackerOperations.get_CM_parcels()
2018-12-19 15:00:27,568 INFO: Executing TransactionTrackerOperations.search_process_for_CMPDM() for: Performance Health|ADVANTAGE NAVIGATOR DSSI|810
2018-12-19 15:00:28,705 INFO: Executing TransactionTrackerOperations.select_customer()
2018-12-19 15:00:36,335 INFO: Executing TransactionTrackerOperations.select_customer()
2018-12-19 15:00:50,200 INFO: Executing TransactionTrackerOperations.get_CM_parcels()
2018-12-19 15:00:57,136 INFO: Executing TransactionTrackerOperations.search_process_for_CMPDM() for: Performance Health|American Health Companies|810
2018-12-19 15:00:58,104 INFO: Executing TransactionTrackerOperations.select_customer()
2018-12-19 15:01:05,802 INFO: Executing TransactionTrackerOperations.select_customer()
2018-12-19 15:01:18,904 INFO: Executing TransactionTrackerOperations.get_CM_parcels()
2018-12-19 15:01:26,096 INFO: Executing TransactionTrackerOperations.search_process_for_CMPDM() for: Performance Health|APEX|810
2018-12-19 15:01:27,522 INFO: Executing TransactionTrackerOperations.select_customer()
2018-12-19 15:01:34,966 INFO: Executing TransactionTrackerOperations.select_customer()
2018-12-19 15:01:46,589 INFO: Executing TransactionTrackerOperations.get_CM_parcels()
2018-12-19 15:01:52,739 INFO: Executing TransactionTrackerOperations.search_process_for_CMPDM() for: Performance Health|APEX HEALTHCARE FLORIDA DSSI|810
2018-12-19 15:01:53,324 INFO: Executing TransactionTrackerOperations.select_customer()
2018-12-19 15:02:00,447 INFO: Executing TransactionTrackerOperations.select_customer()
2018-12-19 15:02:12,629 INFO: Executing TransactionTrackerOperations.get_CM_parcels()
2018-12-19 15:02:18,751 INFO: Executing TransactionTrackerOperations.search_process_for_CMPDM() for: Performance Health|ATRIUM LIVING CENTERS DSSI|810
2018-12-19 15:02:19,010 INFO: Executing TransactionTrackerOperations.select_customer()
2018-12-19 15:02:26,093 INFO: Executing TransactionTrackerOperations.select_customer()
2018-12-19 15:02:38,272 INFO: Executing TransactionTrackerOperations.get_CM_parcels()
2018-12-19 15:02:41,412 INFO: NoSuchElementException in TransactionTrackerOperations.get_CM_parcels()
2018-12-19 15:02:46,507 INFO: NoSuchElementException in TransactionTrackerOperations.get_CM_parcels()
2018-12-19 15:02:51,520 INFO: NoSuchElementException in TransactionTrackerOperations.get_CM_parcels()
2018-12-19 15:02:56,483 INFO: NoSuchElementException in TransactionTrackerOperations.get_CM_parcels()
2018-12-19 15:03:01,384 INFO: NoSuchElementException in TransactionTrackerOperations.get_CM_parcels()
2018-12-19 15:03:06,404 INFO: NoSuchElementException in TransactionTrackerOperations.get_CM_parcels()
2018-12-19 15:03:11,401 INFO: NoSuchElementException in TransactionTrackerOperations.get_CM_parcels()
2018-12-19 15:03:16,386 INFO: NoSuchElementException in TransactionTrackerOperations.get_CM_parcels()
2018-12-19 15:03:21,215 INFO: NoSuchElementException in TransactionTrackerOperations.get_CM_parcels()
2018-12-19 15:03:26,447 INFO: NoSuchElementException in TransactionTrackerOperations.get_CM_parcels()
2018-12-19 15:03:31,413 INFO: NoSuchElementException in TransactionTrackerOperations.get_CM_parcels()
2018-12-19 15:03:36,403 INFO: NoSuchElementException in TransactionTrackerOperations.get_CM_parcels()
2018-12-19 15:03:41,295 INFO: NoSuchElementException in TransactionTrackerOperations.get_CM_parcels()
2018-12-19 15:03:43,784 INFO: NoSuchElementException in TransactionTrackerOperations.get_CM_parcels()
2018-12-19 15:03:51,178 INFO: Executing TransactionTrackerOperations.search_process_for_CMPDM() for: Performance Health|AXIOM DSSI|810
2018-12-19 15:03:51,480 INFO: Executing TransactionTrackerOperations.select_customer()
2018-12-19 15:03:58,563 INFO: Executing TransactionTrackerOperations.select_customer()
2018-12-19 15:04:10,262 INFO: Executing TransactionTrackerOperations.get_CM_parcels()
2018-12-19 15:04:14,089 INFO: NoSuchElementException in TransactionTrackerOperations.get_CM_parcels()
2018-12-19 15:04:17,646 INFO: NoSuchElementException in TransactionTrackerOperations.get_CM_parcels()
2018-12-19 15:04:24,259 INFO: Executing TransactionTrackerOperations.search_process_for_CMPDM() for: Performance Health|BE GROUP DSSI|810
2018-12-19 15:04:24,610 INFO: Executing TransactionTrackerOperations.select_customer()
2018-12-19 15:04:31,797 INFO: Executing TransactionTrackerOperations.select_customer()
2018-12-19 15:04:43,437 INFO: Executing TransactionTrackerOperations.get_CM_parcels()
2018-12-19 15:04:49,675 INFO: Executing TransactionTrackerOperations.search_process_for_CMPDM() for: Performance Health|BEACON HEALTH DSSI|810
2018-12-19 15:04:50,004 INFO: Executing TransactionTrackerOperations.select_customer()
2018-12-19 15:04:57,178 INFO: Executing TransactionTrackerOperations.select_customer()
2018-12-19 15:05:09,312 INFO: Executing TransactionTrackerOperations.get_CM_parcels()
2018-12-19 15:05:12,718 INFO: NoSuchElementException in TransactionTrackerOperations.get_CM_parcels()
2018-12-19 15:05:17,743 INFO: NoSuchElementException in TransactionTrackerOperations.get_CM_parcels()
2018-12-19 15:05:22,712 INFO: NoSuchElementException in TransactionTrackerOperations.get_CM_parcels()
2018-12-19 15:05:27,702 INFO: NoSuchElementException in TransactionTrackerOperations.get_CM_parcels()
2018-12-19 15:05:32,854 INFO: NoSuchElementException in TransactionTrackerOperations.get_CM_parcels()
2018-12-19 15:05:37,621 INFO: NoSuchElementException in TransactionTrackerOperations.get_CM_parcels()
2018-12-19 15:05:45,691 INFO: Executing TransactionTrackerOperations.search_process_for_CMPDM() for: Performance Health|BENEDICTINE DSSI|810
2018-12-19 15:05:46,856 INFO: Executing TransactionTrackerOperations.select_customer()
2018-12-19 15:05:54,216 INFO: Executing TransactionTrackerOperations.select_customer()
2018-12-19 15:06:06,080 INFO: Executing TransactionTrackerOperations.get_CM_parcels()
2018-12-19 15:06:12,310 INFO: Executing TransactionTrackerOperations.search_process_for_CMPDM() for: Performance Health|Bethlen Communities Home Health and Hospice|810
2018-12-19 15:06:12,683 INFO: Executing TransactionTrackerOperations.select_customer()
2018-12-19 15:06:19,903 INFO: Executing TransactionTrackerOperations.select_customer()
2018-12-19 15:06:32,412 INFO: Executing TransactionTrackerOperations.get_CM_parcels()
2018-12-19 15:06:35,693 INFO: NoSuchElementException in TransactionTrackerOperations.get_CM_parcels()
2018-12-19 15:06:38,784 INFO: NoSuchElementException in TransactionTrackerOperations.get_CM_parcels()
2018-12-19 15:06:45,581 INFO: Executing TransactionTrackerOperations.search_process_for_CMPDM() for: Performance Health|BOMBAY LANE DSSI|810
2018-12-19 15:06:46,147 INFO: Executing TransactionTrackerOperations.select_customer()
2018-12-19 15:06:53,290 INFO: Executing TransactionTrackerOperations.select_customer()
2018-12-19 15:07:05,362 INFO: Executing TransactionTrackerOperations.get_CM_parcels()
2018-12-19 15:07:08,935 INFO: NoSuchElementException in TransactionTrackerOperations.get_CM_parcels()
2018-12-19 15:07:14,056 INFO: NoSuchElementException in TransactionTrackerOperations.get_CM_parcels()
2018-12-19 15:07:18,946 INFO: NoSuchElementException in TransactionTrackerOperations.get_CM_parcels()
2018-12-19 15:07:23,950 INFO: NoSuchElementException in TransactionTrackerOperations.get_CM_parcels()
2018-12-19 15:07:28,879 INFO: NoSuchElementException in TransactionTrackerOperations.get_CM_parcels()
2018-12-19 15:07:33,017 INFO: NoSuchElementException in TransactionTrackerOperations.get_CM_parcels()
2018-12-19 15:07:40,501 INFO: Executing TransactionTrackerOperations.search_process_for_CMPDM() for: Performance Health|CARDON AND ASSOCIATES DSSI|810
2018-12-19 15:07:41,412 INFO: Executing TransactionTrackerOperations.select_customer()
2018-12-19 15:07:49,251 INFO: Executing TransactionTrackerOperations.select_customer()
2018-12-19 15:08:01,798 INFO: Executing TransactionTrackerOperations.get_CM_parcels()
2018-12-19 15:08:05,286 INFO: NoSuchElementException in TransactionTrackerOperations.get_CM_parcels()
2018-12-19 15:08:10,629 INFO: NoSuchElementException in TransactionTrackerOperations.get_CM_parcels()
2018-12-19 15:08:15,633 INFO: NoSuchElementException in TransactionTrackerOperations.get_CM_parcels()
2018-12-19 15:08:20,829 INFO: NoSuchElementException in TransactionTrackerOperations.get_CM_parcels()
2018-12-19 15:08:25,711 INFO: NoSuchElementException in TransactionTrackerOperations.get_CM_parcels()
2018-12-19 15:08:30,650 INFO: NoSuchElementException in TransactionTrackerOperations.get_CM_parcels()
2018-12-19 15:08:35,554 INFO: NoSuchElementException in TransactionTrackerOperations.get_CM_parcels()
2018-12-19 15:08:40,741 INFO: NoSuchElementException in TransactionTrackerOperations.get_CM_parcels()
2018-12-19 15:08:46,261 INFO: NoSuchElementException in TransactionTrackerOperations.get_CM_parcels()
2018-12-19 15:08:51,733 INFO: NoSuchElementException in TransactionTrackerOperations.get_CM_parcels()
2018-12-19 15:08:56,723 INFO: NoSuchElementException in TransactionTrackerOperations.get_CM_parcels()
2018-12-19 15:09:01,753 INFO: NoSuchElementException in TransactionTrackerOperations.get_CM_parcels()
2018-12-19 15:09:06,795 INFO: NoSuchElementException in TransactionTrackerOperations.get_CM_parcels()
2018-12-19 15:09:11,828 INFO: NoSuchElementException in TransactionTrackerOperations.get_CM_parcels()
2018-12-19 15:09:16,623 INFO: NoSuchElementException in TransactionTrackerOperations.get_CM_parcels()
2018-12-19 15:09:25,745 INFO: Executing TransactionTrackerOperations.search_process_for_CMPDM() for: Performance Health|CERES PURCHASING SOLUTIONS DSSI|810
2018-12-19 15:09:26,508 INFO: Executing TransactionTrackerOperations.select_customer()
2018-12-19 15:09:33,548 INFO: Executing TransactionTrackerOperations.select_customer()
2018-12-19 15:09:45,999 INFO: Executing TransactionTrackerOperations.get_CM_parcels()
2018-12-19 15:09:52,189 INFO: Executing TransactionTrackerOperations.search_process_for_CMPDM() for: Performance Health|Chosen Healthcare DSSI|810
2018-12-19 15:09:52,671 INFO: Executing TransactionTrackerOperations.select_customer()
2018-12-19 15:09:59,691 INFO: Executing TransactionTrackerOperations.select_customer()
2018-12-19 15:10:11,751 INFO: Executing TransactionTrackerOperations.get_CM_parcels()
2018-12-19 15:10:18,099 INFO: Executing TransactionTrackerOperations.search_process_for_CMPDM() for: Performance Health|CLEAR CHOICE DSSI|810
2018-12-19 15:10:18,540 INFO: Executing TransactionTrackerOperations.select_customer()
2018-12-19 15:10:25,625 INFO: Executing TransactionTrackerOperations.select_customer()
2018-12-19 15:10:37,619 INFO: Executing TransactionTrackerOperations.get_CM_parcels()
2018-12-19 15:10:40,917 INFO: NoSuchElementException in TransactionTrackerOperations.get_CM_parcels()
2018-12-19 15:10:46,083 INFO: NoSuchElementException in TransactionTrackerOperations.get_CM_parcels()
2018-12-19 15:10:51,025 INFO: NoSuchElementException in TransactionTrackerOperations.get_CM_parcels()
2018-12-19 15:10:55,921 INFO: NoSuchElementException in TransactionTrackerOperations.get_CM_parcels()
2018-12-19 15:11:00,868 INFO: NoSuchElementException in TransactionTrackerOperations.get_CM_parcels()
2018-12-19 15:11:05,747 INFO: NoSuchElementException in TransactionTrackerOperations.get_CM_parcels()
2018-12-19 15:11:10,685 INFO: NoSuchElementException in TransactionTrackerOperations.get_CM_parcels()
2018-12-19 15:11:15,610 INFO: NoSuchElementException in TransactionTrackerOperations.get_CM_parcels()
2018-12-19 15:11:20,585 INFO: NoSuchElementException in TransactionTrackerOperations.get_CM_parcels()
2018-12-19 15:11:24,158 INFO: NoSuchElementException in TransactionTrackerOperations.get_CM_parcels()
2018-12-19 15:11:31,713 INFO: Executing TransactionTrackerOperations.search_process_for_CMPDM() for: Performance Health|COMMUNICARE DSSI|810
2018-12-19 15:11:32,138 INFO: Executing TransactionTrackerOperations.select_customer()
2018-12-19 15:11:39,099 INFO: Executing TransactionTrackerOperations.select_customer()
2018-12-19 15:11:51,097 INFO: Executing TransactionTrackerOperations.get_CM_parcels()
2018-12-19 15:11:57,248 INFO: Executing TransactionTrackerOperations.search_process_for_CMPDM() for: Performance Health|COMPLETE HEALTHCARE DSSI|810
2018-12-19 15:11:57,644 INFO: Executing TransactionTrackerOperations.select_customer()
2018-12-19 15:12:04,761 INFO: Executing TransactionTrackerOperations.select_customer()
2018-12-19 15:12:16,829 INFO: Executing TransactionTrackerOperations.get_CM_parcels()
2018-12-19 15:12:20,133 INFO: NoSuchElementException in TransactionTrackerOperations.get_CM_parcels()
2018-12-19 15:12:25,138 INFO: NoSuchElementException in TransactionTrackerOperations.get_CM_parcels()
2018-12-19 15:12:30,135 INFO: NoSuchElementException in TransactionTrackerOperations.get_CM_parcels()
2018-12-19 15:12:35,299 INFO: NoSuchElementException in TransactionTrackerOperations.get_CM_parcels()
2018-12-19 15:12:40,371 INFO: NoSuchElementException in TransactionTrackerOperations.get_CM_parcels()
2018-12-19 15:12:45,239 INFO: NoSuchElementException in TransactionTrackerOperations.get_CM_parcels()
2018-12-19 15:12:50,247 INFO: NoSuchElementException in TransactionTrackerOperations.get_CM_parcels()
2018-12-19 15:12:55,486 INFO: NoSuchElementException in TransactionTrackerOperations.get_CM_parcels()
2018-12-19 15:13:00,643 INFO: NoSuchElementException in TransactionTrackerOperations.get_CM_parcels()
2018-12-19 15:13:07,108 INFO: NoSuchElementException in TransactionTrackerOperations.get_CM_parcels()
2018-12-19 15:13:12,825 INFO: NoSuchElementException in TransactionTrackerOperations.get_CM_parcels()
2018-12-19 15:13:18,581 INFO: NoSuchElementException in TransactionTrackerOperations.get_CM_parcels()
2018-12-19 15:13:24,247 INFO: NoSuchElementException in TransactionTrackerOperations.get_CM_parcels()
2018-12-19 15:13:29,442 INFO: NoSuchElementException in TransactionTrackerOperations.get_CM_parcels()
2018-12-19 15:13:33,080 INFO: NoSuchElementException in TransactionTrackerOperations.get_CM_parcels()
2018-12-19 15:13:40,463 INFO: Executing TransactionTrackerOperations.search_process_for_CMPDM() for: Performance Health|COVENANT DOVE DSSI|810
2018-12-19 15:13:40,795 INFO: Executing TransactionTrackerOperations.select_customer()
2018-12-19 15:13:47,855 INFO: Executing TransactionTrackerOperations.select_customer()
2018-12-19 15:14:00,098 INFO: Executing TransactionTrackerOperations.get_CM_parcels()
2018-12-19 15:14:03,255 INFO: NoSuchElementException in TransactionTrackerOperations.get_CM_parcels()
2018-12-19 15:14:08,269 INFO: NoSuchElementException in TransactionTrackerOperations.get_CM_parcels()
2018-12-19 15:14:13,121 INFO: NoSuchElementException in TransactionTrackerOperations.get_CM_parcels()
2018-12-19 15:14:18,214 INFO: NoSuchElementException in TransactionTrackerOperations.get_CM_parcels()
2018-12-19 15:14:23,127 INFO: NoSuchElementException in TransactionTrackerOperations.get_CM_parcels()
2018-12-19 15:14:28,098 INFO: NoSuchElementException in TransactionTrackerOperations.get_CM_parcels()
2018-12-19 15:14:33,039 INFO: NoSuchElementException in TransactionTrackerOperations.get_CM_parcels()
2018-12-19 15:14:37,995 INFO: NoSuchElementException in TransactionTrackerOperations.get_CM_parcels()
2018-12-19 15:14:42,944 INFO: NoSuchElementException in TransactionTrackerOperations.get_CM_parcels()
2018-12-19 15:14:48,053 INFO: NoSuchElementException in TransactionTrackerOperations.get_CM_parcels()
2018-12-19 15:14:52,993 INFO: NoSuchElementException in TransactionTrackerOperations.get_CM_parcels()
2018-12-19 15:14:57,998 INFO: NoSuchElementException in TransactionTrackerOperations.get_CM_parcels()
2018-12-19 15:15:03,072 INFO: NoSuchElementException in TransactionTrackerOperations.get_CM_parcels()
2018-12-19 15:15:08,363 INFO: NoSuchElementException in TransactionTrackerOperations.get_CM_parcels()
2018-12-19 15:15:13,494 INFO: NoSuchElementException in TransactionTrackerOperations.get_CM_parcels()
2018-12-19 15:15:18,912 INFO: NoSuchElementException in TransactionTrackerOperations.get_CM_parcels()
2018-12-19 15:15:24,094 INFO: NoSuchElementException in TransactionTrackerOperations.get_CM_parcels()
2018-12-19 15:15:29,154 INFO: NoSuchElementException in TransactionTrackerOperations.get_CM_parcels()
2018-12-19 15:15:34,495 INFO: NoSuchElementException in TransactionTrackerOperations.get_CM_parcels()
2018-12-19 15:15:39,529 INFO: NoSuchElementException in TransactionTrackerOperations.get_CM_parcels()
2018-12-19 15:15:43,370 INFO: NoSuchElementException in TransactionTrackerOperations.get_CM_parcels()
2018-12-19 15:15:51,078 INFO: Executing TransactionTrackerOperations.search_process_for_CMPDM() for: Performance Health|DIAKON LUTHERAN DSSI|810
2018-12-19 15:15:51,397 INFO: Executing TransactionTrackerOperations.select_customer()
2018-12-19 15:15:58,530 INFO: Executing TransactionTrackerOperations.select_customer()
2018-12-19 15:16:10,489 INFO: Executing TransactionTrackerOperations.get_CM_parcels()
2018-12-19 15:16:13,579 INFO: NoSuchElementException in TransactionTrackerOperations.get_CM_parcels()
2018-12-19 15:16:18,517 INFO: NoSuchElementException in TransactionTrackerOperations.get_CM_parcels()
2018-12-19 15:16:23,399 INFO: NoSuchElementException in TransactionTrackerOperations.get_CM_parcels()
2018-12-19 15:16:28,442 INFO: NoSuchElementException in TransactionTrackerOperations.get_CM_parcels()
2018-12-19 15:16:33,441 INFO: NoSuchElementException in TransactionTrackerOperations.get_CM_parcels()
2018-12-19 15:16:38,438 INFO: NoSuchElementException in TransactionTrackerOperations.get_CM_parcels()
2018-12-19 15:16:42,744 INFO: NoSuchElementException in TransactionTrackerOperations.get_CM_parcels()
2018-12-19 15:16:49,767 INFO: Executing TransactionTrackerOperations.search_process_for_CMPDM() for: Performance Health|DIVERSICARE DSSI|810
2018-12-19 15:16:50,426 INFO: Executing TransactionTrackerOperations.select_customer()
2018-12-19 15:16:57,370 INFO: Executing TransactionTrackerOperations.select_customer()
2018-12-19 15:17:09,288 INFO: Executing TransactionTrackerOperations.get_CM_parcels()
2018-12-19 15:17:14,791 INFO: Executing TransactionTrackerOperations.search_process_for_CMPDM() for: Performance Health|Dycora Transitional Health DSSI|810
2018-12-19 15:17:15,921 INFO: Executing TransactionTrackerOperations.select_customer()
2018-12-19 15:17:22,990 INFO: Executing TransactionTrackerOperations.select_customer()
2018-12-19 15:17:35,112 INFO: Executing TransactionTrackerOperations.get_CM_parcels()
2018-12-19 15:17:38,418 INFO: NoSuchElementException in TransactionTrackerOperations.get_CM_parcels()
2018-12-19 15:17:43,439 INFO: NoSuchElementException in TransactionTrackerOperations.get_CM_parcels()
2018-12-19 15:17:48,504 INFO: NoSuchElementException in TransactionTrackerOperations.get_CM_parcels()
2018-12-19 15:17:53,456 INFO: NoSuchElementException in TransactionTrackerOperations.get_CM_parcels()
2018-12-19 15:17:58,456 INFO: NoSuchElementException in TransactionTrackerOperations.get_CM_parcels()
2018-12-19 15:18:03,748 INFO: NoSuchElementException in TransactionTrackerOperations.get_CM_parcels()
2018-12-19 15:18:08,973 INFO: NoSuchElementException in TransactionTrackerOperations.get_CM_parcels()
2018-12-19 15:18:13,928 INFO: NoSuchElementException in TransactionTrackerOperations.get_CM_parcels()
2018-12-19 15:18:19,023 INFO: NoSuchElementException in TransactionTrackerOperations.get_CM_parcels()
2018-12-19 15:18:24,210 INFO: NoSuchElementException in TransactionTrackerOperations.get_CM_parcels()
2018-12-19 15:18:29,200 INFO: NoSuchElementException in TransactionTrackerOperations.get_CM_parcels()
2018-12-19 15:18:34,816 INFO: NoSuchElementException in TransactionTrackerOperations.get_CM_parcels()
2018-12-19 15:18:40,840 ERROR: Error in CMProductionDataMonitoring.TaskFilter()
2018-12-19 18:07:27,978 INFO: Executing Script Credit Memo Prodution Data Monitoring
2018-12-19 18:07:28,131 INFO: Executing CMProductionDataMonitoring.execute_main()
2018-12-19 18:07:34,370 INFO: Login in to Launchpad
2018-12-19 18:08:08,432 INFO: Executing CMProductionDataMonitoring.TaskFilter()
2018-12-19 18:08:08,683 INFO: Refreshing access_token
2018-12-19 18:08:16,186 INFO: select InProgress task from input sheet from CMProductionDataMonitoring.TaskFilter()
2018-12-19 18:08:16,186 INFO: Executing TransactionTrackerOperations.search_process_for_CMPDM() for: Performance Health|ICARE MANAGEMENT DSSI|810
2018-12-19 18:08:16,212 INFO: Executing TransactionTrackerOperations.select_customer()
2018-12-19 18:08:23,648 INFO: Executing TransactionTrackerOperations.select_customer()
2018-12-19 18:08:36,701 INFO: Executing TransactionTrackerOperations.get_CM_parcels()
2018-12-19 18:08:39,937 INFO: NoSuchElementException in TransactionTrackerOperations.get_CM_parcels()
2018-12-19 18:08:45,110 INFO: NoSuchElementException in TransactionTrackerOperations.get_CM_parcels()
2018-12-19 18:08:49,983 INFO: NoSuchElementException in TransactionTrackerOperations.get_CM_parcels()
2018-12-19 18:08:54,887 INFO: NoSuchElementException in TransactionTrackerOperations.get_CM_parcels()
2018-12-19 18:08:59,465 INFO: NoSuchElementException in TransactionTrackerOperations.get_CM_parcels()
2018-12-19 18:09:06,264 INFO: Executing TransactionTrackerOperations.search_process_for_CMPDM() for: Performance Health|Kindred Healthcare via IntelliOrder|810
2018-12-19 18:09:07,127 INFO: Executing TransactionTrackerOperations.select_customer()
2018-12-19 18:09:14,149 INFO: Executing TransactionTrackerOperations.select_customer()
2018-12-19 18:09:26,219 INFO: Executing TransactionTrackerOperations.get_CM_parcels()
2018-12-19 18:09:29,283 INFO: NoSuchElementException in TransactionTrackerOperations.get_CM_parcels()
2018-12-19 18:09:34,341 INFO: NoSuchElementException in TransactionTrackerOperations.get_CM_parcels()
2018-12-19 18:09:39,216 INFO: NoSuchElementException in TransactionTrackerOperations.get_CM_parcels()
2018-12-19 18:09:43,977 INFO: NoSuchElementException in TransactionTrackerOperations.get_CM_parcels()
2018-12-19 18:09:48,858 INFO: NoSuchElementException in TransactionTrackerOperations.get_CM_parcels()
2018-12-19 18:09:53,738 INFO: NoSuchElementException in TransactionTrackerOperations.get_CM_parcels()
2018-12-19 18:09:58,677 INFO: NoSuchElementException in TransactionTrackerOperations.get_CM_parcels()
2018-12-19 18:10:03,498 INFO: NoSuchElementException in TransactionTrackerOperations.get_CM_parcels()
2018-12-19 18:10:08,434 INFO: NoSuchElementException in TransactionTrackerOperations.get_CM_parcels()
2018-12-19 18:10:13,362 INFO: NoSuchElementException in TransactionTrackerOperations.get_CM_parcels()
2018-12-19 18:10:18,315 INFO: NoSuchElementException in TransactionTrackerOperations.get_CM_parcels()
2018-12-19 18:10:23,313 INFO: NoSuchElementException in TransactionTrackerOperations.get_CM_parcels()
2018-12-19 18:10:28,222 INFO: NoSuchElementException in TransactionTrackerOperations.get_CM_parcels()
2018-12-19 18:10:33,214 INFO: NoSuchElementException in TransactionTrackerOperations.get_CM_parcels()
2018-12-19 18:10:38,232 INFO: NoSuchElementException in TransactionTrackerOperations.get_CM_parcels()
2018-12-19 18:10:43,284 INFO: NoSuchElementException in TransactionTrackerOperations.get_CM_parcels()
2018-12-19 18:10:48,502 INFO: NoSuchElementException in TransactionTrackerOperations.get_CM_parcels()
2018-12-19 18:10:53,362 INFO: NoSuchElementException in TransactionTrackerOperations.get_CM_parcels()
2018-12-19 18:10:58,317 INFO: NoSuchElementException in TransactionTrackerOperations.get_CM_parcels()
2018-12-19 18:11:03,210 INFO: NoSuchElementException in TransactionTrackerOperations.get_CM_parcels()
2018-12-19 18:11:08,248 INFO: NoSuchElementException in TransactionTrackerOperations.get_CM_parcels()
2018-12-19 18:11:13,174 INFO: NoSuchElementException in TransactionTrackerOperations.get_CM_parcels()
2018-12-19 18:11:18,339 INFO: NoSuchElementException in TransactionTrackerOperations.get_CM_parcels()
2018-12-19 18:11:23,272 INFO: NoSuchElementException in TransactionTrackerOperations.get_CM_parcels()
2018-12-19 18:11:28,360 INFO: NoSuchElementException in TransactionTrackerOperations.get_CM_parcels()
2018-12-19 18:11:33,060 INFO: NoSuchElementException in TransactionTrackerOperations.get_CM_parcels()
2018-12-19 18:11:38,175 INFO: NoSuchElementException in TransactionTrackerOperations.get_CM_parcels()
2018-12-19 18:11:43,047 INFO: NoSuchElementException in TransactionTrackerOperations.get_CM_parcels()
2018-12-19 18:11:47,967 INFO: NoSuchElementException in TransactionTrackerOperations.get_CM_parcels()
2018-12-19 18:11:52,861 INFO: NoSuchElementException in TransactionTrackerOperations.get_CM_parcels()
2018-12-19 18:11:57,655 INFO: NoSuchElementException in TransactionTrackerOperations.get_CM_parcels()
2018-12-19 18:12:01,412 INFO: NoSuchElementException in TransactionTrackerOperations.get_CM_parcels()
2018-12-19 18:12:30,578 INFO: Executing TransactionTrackerOperations.search_process_for_CMPDM() for: Performance Health|LAVIE ADMINISTRATIVE SERVICES DSSI|810
2018-12-19 18:12:31,038 INFO: Executing TransactionTrackerOperations.select_customer()
2018-12-19 18:12:37,967 INFO: Executing TransactionTrackerOperations.select_customer()
2018-12-19 18:12:50,177 INFO: Executing TransactionTrackerOperations.get_CM_parcels()
2018-12-19 18:12:53,287 INFO: NoSuchElementException in TransactionTrackerOperations.get_CM_parcels()
2018-12-19 18:12:58,241 INFO: NoSuchElementException in TransactionTrackerOperations.get_CM_parcels()
2018-12-19 18:13:03,182 INFO: NoSuchElementException in TransactionTrackerOperations.get_CM_parcels()
2018-12-19 18:13:08,061 INFO: NoSuchElementException in TransactionTrackerOperations.get_CM_parcels()
2018-12-19 18:13:12,932 INFO: NoSuchElementException in TransactionTrackerOperations.get_CM_parcels()
2018-12-19 18:13:17,724 INFO: NoSuchElementException in TransactionTrackerOperations.get_CM_parcels()
2018-12-19 18:13:22,634 INFO: NoSuchElementException in TransactionTrackerOperations.get_CM_parcels()
2018-12-19 18:13:27,534 INFO: NoSuchElementException in TransactionTrackerOperations.get_CM_parcels()
2018-12-19 18:13:32,531 INFO: NoSuchElementException in TransactionTrackerOperations.get_CM_parcels()
2018-12-19 18:13:37,720 INFO: NoSuchElementException in TransactionTrackerOperations.get_CM_parcels()
2018-12-19 18:13:42,798 INFO: NoSuchElementException in TransactionTrackerOperations.get_CM_parcels()
2018-12-19 18:13:47,679 INFO: NoSuchElementException in TransactionTrackerOperations.get_CM_parcels()
2018-12-19 18:13:50,209 INFO: NoSuchElementException in TransactionTrackerOperations.get_CM_parcels()
2018-12-19 18:13:58,724 INFO: Executing TransactionTrackerOperations.search_process_for_CMPDM() for: Performance Health|LEGACY SENIOR DSSI|810
2018-12-19 18:13:59,158 INFO: Executing TransactionTrackerOperations.select_customer()
2018-12-19 18:14:06,145 INFO: Executing TransactionTrackerOperations.select_customer()
2018-12-19 18:14:18,225 INFO: Executing TransactionTrackerOperations.get_CM_parcels()
2018-12-19 18:14:24,461 INFO: Executing TransactionTrackerOperations.search_process_for_CMPDM() for: Performance Health|MARINER DSSI|810
2018-12-19 18:14:24,874 INFO: Executing TransactionTrackerOperations.select_customer()
2018-12-19 18:14:31,776 INFO: Executing TransactionTrackerOperations.select_customer()
2018-12-19 18:14:45,350 INFO: Executing TransactionTrackerOperations.get_CM_parcels()
2018-12-19 18:14:51,552 INFO: Executing TransactionTrackerOperations.search_process_for_CMPDM() for: Performance Health|MARINER HEALTH DSSI|810
2018-12-19 18:14:51,930 INFO: Executing TransactionTrackerOperations.select_customer()
2018-12-19 18:14:59,092 INFO: Executing TransactionTrackerOperations.select_customer()
2018-12-19 18:15:10,976 INFO: Executing TransactionTrackerOperations.get_CM_parcels()
2018-12-19 18:15:14,216 INFO: NoSuchElementException in TransactionTrackerOperations.get_CM_parcels()
2018-12-19 18:15:19,109 INFO: NoSuchElementException in TransactionTrackerOperations.get_CM_parcels()
2018-12-19 18:15:24,083 INFO: NoSuchElementException in TransactionTrackerOperations.get_CM_parcels()
2018-12-19 18:15:29,086 INFO: NoSuchElementException in TransactionTrackerOperations.get_CM_parcels()
2018-12-19 18:15:33,952 INFO: NoSuchElementException in TransactionTrackerOperations.get_CM_parcels()
2018-12-19 18:15:39,022 INFO: NoSuchElementException in TransactionTrackerOperations.get_CM_parcels()
2018-12-19 18:15:44,159 INFO: NoSuchElementException in TransactionTrackerOperations.get_CM_parcels()
2018-12-19 18:15:49,164 INFO: NoSuchElementException in TransactionTrackerOperations.get_CM_parcels()
2018-12-19 18:15:54,166 INFO: NoSuchElementException in TransactionTrackerOperations.get_CM_parcels()
2018-12-19 18:15:59,136 INFO: NoSuchElementException in TransactionTrackerOperations.get_CM_parcels()
2018-12-19 18:16:04,192 INFO: NoSuchElementException in TransactionTrackerOperations.get_CM_parcels()
2018-12-19 18:16:09,138 INFO: NoSuchElementException in TransactionTrackerOperations.get_CM_parcels()
2018-12-19 18:16:19,078 INFO: completed CMProductionDataMonitoring.execute_main()
