2018-11-28 10:42:38,912 INFO: Executing Script Credit Memo Prodution Data Monitoring
2018-11-28 10:42:38,976 INFO: Executing CMProductionDataMonitoring.execute_main()
2018-11-28 10:42:42,417 INFO: Login in to Launchpad
2018-11-28 10:42:55,518 INFO: Executing CMProductionDataMonitoring.TaskFilter()
2018-11-28 10:42:55,750 INFO: Refreshing access_token
2018-11-28 10:42:59,951 INFO: select InProgress task from input sheet from CMProductionDataMonitoring.TaskFilter()
2018-11-28 10:42:59,952 INFO: Executing TransactionTrackerOperations.search_process_for_CMPDM() for: Performance Health|McKesson BASCOM PALMER EYE INST|810
2018-11-28 10:42:59,969 INFO: Executing TransactionTrackerOperations.select_customer()
2018-11-28 10:43:06,746 INFO: Executing TransactionTrackerOperations.select_customer()
2018-11-28 10:43:18,281 INFO: Executing TransactionTrackerOperations.get_CM_parcels()
2018-11-28 10:43:24,497 INFO: Executing TransactionTrackerOperations.search_process_for_CMPDM() for: Performance Health|McKesson CABELL HUNTINGTON HOSPITAL|810
2018-11-28 10:43:25,398 INFO: Executing TransactionTrackerOperations.select_customer()
2018-11-28 10:43:32,141 INFO: Executing TransactionTrackerOperations.select_customer()
2018-11-28 10:43:43,274 INFO: Executing TransactionTrackerOperations.get_CM_parcels()
2018-11-28 10:43:45,662 INFO: NoSuchElementException in TransactionTrackerOperations.get_CM_parcels()
2018-11-28 10:43:49,464 INFO: NoSuchElementException in TransactionTrackerOperations.get_CM_parcels()
2018-11-28 10:43:56,787 INFO: Executing TransactionTrackerOperations.search_process_for_CMPDM() for: Performance Health|McKesson CHILDRENS HOSPITAL|810
2018-11-28 10:43:57,556 INFO: Executing TransactionTrackerOperations.select_customer()
2018-11-28 10:44:04,288 INFO: Executing TransactionTrackerOperations.select_customer()
2018-11-28 10:44:15,326 INFO: Executing TransactionTrackerOperations.get_CM_parcels()
2018-11-28 10:44:17,618 INFO: NoSuchElementException in TransactionTrackerOperations.get_CM_parcels()
2018-11-28 10:44:21,898 INFO: NoSuchElementException in TransactionTrackerOperations.get_CM_parcels()
2018-11-28 10:44:24,248 INFO: NoSuchElementException in TransactionTrackerOperations.get_CM_parcels()
2018-11-28 10:44:32,125 INFO: Executing TransactionTrackerOperations.search_process_for_CMPDM() for: Performance Health|McKesson CHRISTIANA CARE HEALTH|810
2018-11-28 10:44:32,182 INFO: Executing TransactionTrackerOperations.select_customer()
2018-11-28 10:44:38,954 INFO: Executing TransactionTrackerOperations.select_customer()
2018-11-28 10:44:49,919 INFO: Executing TransactionTrackerOperations.get_CM_parcels()
2018-11-28 10:44:52,284 INFO: NoSuchElementException in TransactionTrackerOperations.get_CM_parcels()
2018-11-28 10:44:56,524 INFO: NoSuchElementException in TransactionTrackerOperations.get_CM_parcels()
2018-11-28 10:45:00,722 INFO: NoSuchElementException in TransactionTrackerOperations.get_CM_parcels()
2018-11-28 10:45:04,894 INFO: NoSuchElementException in TransactionTrackerOperations.get_CM_parcels()
2018-11-28 10:45:09,050 INFO: NoSuchElementException in TransactionTrackerOperations.get_CM_parcels()
2018-11-28 10:45:13,220 INFO: NoSuchElementException in TransactionTrackerOperations.get_CM_parcels()
2018-11-28 10:45:17,590 INFO: NoSuchElementException in TransactionTrackerOperations.get_CM_parcels()
2018-11-28 10:45:21,863 INFO: NoSuchElementException in TransactionTrackerOperations.get_CM_parcels()
2018-11-28 10:45:26,036 INFO: NoSuchElementException in TransactionTrackerOperations.get_CM_parcels()
2018-11-28 10:45:30,267 INFO: NoSuchElementException in TransactionTrackerOperations.get_CM_parcels()
2018-11-28 10:45:33,652 INFO: NoSuchElementException in TransactionTrackerOperations.get_CM_parcels()
2018-11-28 10:45:41,376 INFO: Executing TransactionTrackerOperations.search_process_for_CMPDM() for: Performance Health|McKesson EMH REGIONAL HEALTHCARE SYSTEMS|810
2018-11-28 10:45:42,024 INFO: Executing TransactionTrackerOperations.select_customer()
2018-11-28 10:45:48,786 INFO: Executing TransactionTrackerOperations.select_customer()
2018-11-28 10:45:59,997 INFO: Executing TransactionTrackerOperations.get_CM_parcels()
2018-11-28 10:46:06,047 INFO: Executing TransactionTrackerOperations.search_process_for_CMPDM() for: Performance Health|McKesson EMORY HEALTHCARE|810
2018-11-28 10:46:06,208 INFO: Executing TransactionTrackerOperations.select_customer()
2018-11-28 10:46:12,994 INFO: Executing TransactionTrackerOperations.select_customer()
2018-11-28 10:46:23,882 INFO: Executing TransactionTrackerOperations.get_CM_parcels()
2018-11-28 10:46:26,163 INFO: NoSuchElementException in TransactionTrackerOperations.get_CM_parcels()
2018-11-28 10:46:30,351 INFO: NoSuchElementException in TransactionTrackerOperations.get_CM_parcels()
2018-11-28 10:46:34,506 INFO: NoSuchElementException in TransactionTrackerOperations.get_CM_parcels()
2018-11-28 10:46:38,677 INFO: NoSuchElementException in TransactionTrackerOperations.get_CM_parcels()
2018-11-28 10:46:42,905 INFO: NoSuchElementException in TransactionTrackerOperations.get_CM_parcels()
2018-11-28 10:46:47,075 INFO: NoSuchElementException in TransactionTrackerOperations.get_CM_parcels()
2018-11-28 10:46:51,327 INFO: NoSuchElementException in TransactionTrackerOperations.get_CM_parcels()
2018-11-28 10:46:55,517 INFO: NoSuchElementException in TransactionTrackerOperations.get_CM_parcels()
2018-11-28 10:46:59,646 INFO: NoSuchElementException in TransactionTrackerOperations.get_CM_parcels()
2018-11-28 10:47:03,909 INFO: NoSuchElementException in TransactionTrackerOperations.get_CM_parcels()
2018-11-28 10:47:08,088 INFO: NoSuchElementException in TransactionTrackerOperations.get_CM_parcels()
2018-11-28 10:47:12,278 INFO: NoSuchElementException in TransactionTrackerOperations.get_CM_parcels()
2018-11-28 10:47:16,524 INFO: NoSuchElementException in TransactionTrackerOperations.get_CM_parcels()
2018-11-28 10:47:20,738 INFO: NoSuchElementException in TransactionTrackerOperations.get_CM_parcels()
2018-11-28 10:47:24,958 INFO: NoSuchElementException in TransactionTrackerOperations.get_CM_parcels()
2018-11-28 10:47:29,142 INFO: NoSuchElementException in TransactionTrackerOperations.get_CM_parcels()
2018-11-28 10:47:33,375 INFO: NoSuchElementException in TransactionTrackerOperations.get_CM_parcels()
2018-11-28 10:47:37,741 INFO: NoSuchElementException in TransactionTrackerOperations.get_CM_parcels()
2018-11-28 10:47:46,518 INFO: Executing TransactionTrackerOperations.search_process_for_CMPDM() for: Performance Health|McKesson FIRELANDS REGIONAL MEDICAL CENTER|810
2018-11-28 10:47:47,116 INFO: Executing TransactionTrackerOperations.select_customer()
2018-11-28 10:47:53,866 INFO: Executing TransactionTrackerOperations.select_customer()
2018-11-28 10:48:05,168 INFO: Executing TransactionTrackerOperations.get_CM_parcels()
2018-11-28 10:48:11,469 INFO: Executing TransactionTrackerOperations.search_process_for_CMPDM() for: Performance Health|McKesson FIRSTHEALTH CAROLINAS|810
2018-11-28 10:48:12,185 INFO: Executing TransactionTrackerOperations.select_customer()
2018-11-28 10:48:18,986 INFO: Executing TransactionTrackerOperations.select_customer()
2018-11-28 10:48:30,070 INFO: Executing TransactionTrackerOperations.get_CM_parcels()
2018-11-28 10:48:36,165 INFO: Executing TransactionTrackerOperations.search_process_for_CMPDM() for: Performance Health|McKesson FRANCISCAN ALLIANCE INC|810
2018-11-28 10:48:36,829 INFO: Executing TransactionTrackerOperations.select_customer()
2018-11-28 10:48:43,825 INFO: Executing TransactionTrackerOperations.select_customer()
2018-11-28 10:48:55,094 INFO: Executing TransactionTrackerOperations.get_CM_parcels()
2018-11-28 10:48:57,811 INFO: NoSuchElementException in TransactionTrackerOperations.get_CM_parcels()
2018-11-28 10:49:02,398 INFO: NoSuchElementException in TransactionTrackerOperations.get_CM_parcels()
2018-11-28 10:49:06,821 INFO: NoSuchElementException in TransactionTrackerOperations.get_CM_parcels()
2018-11-28 10:49:11,203 INFO: NoSuchElementException in TransactionTrackerOperations.get_CM_parcels()
2018-11-28 10:49:15,612 INFO: NoSuchElementException in TransactionTrackerOperations.get_CM_parcels()
2018-11-28 10:49:19,998 INFO: NoSuchElementException in TransactionTrackerOperations.get_CM_parcels()
2018-11-28 10:49:24,570 INFO: NoSuchElementException in TransactionTrackerOperations.get_CM_parcels()
2018-11-28 10:49:28,980 INFO: NoSuchElementException in TransactionTrackerOperations.get_CM_parcels()
2018-11-28 10:49:33,443 INFO: NoSuchElementException in TransactionTrackerOperations.get_CM_parcels()
2018-11-28 10:49:37,874 INFO: NoSuchElementException in TransactionTrackerOperations.get_CM_parcels()
2018-11-28 10:49:42,289 INFO: NoSuchElementException in TransactionTrackerOperations.get_CM_parcels()
2018-11-28 10:49:46,229 INFO: NoSuchElementException in TransactionTrackerOperations.get_CM_parcels()
2018-11-28 10:49:53,983 INFO: Executing TransactionTrackerOperations.search_process_for_CMPDM() for: Performance Health|McKesson GOOD SHEPHERD REHAB NETWORK|810
2018-11-28 10:49:54,871 INFO: Executing TransactionTrackerOperations.select_customer()
2018-11-28 10:50:01,694 INFO: Executing TransactionTrackerOperations.select_customer()
2018-11-28 10:50:13,460 INFO: Executing TransactionTrackerOperations.get_CM_parcels()
2018-11-28 10:50:16,292 INFO: NoSuchElementException in TransactionTrackerOperations.get_CM_parcels()
2018-11-28 10:50:20,812 INFO: NoSuchElementException in TransactionTrackerOperations.get_CM_parcels()
2018-11-28 10:50:25,226 INFO: NoSuchElementException in TransactionTrackerOperations.get_CM_parcels()
2018-11-28 10:50:29,611 INFO: NoSuchElementException in TransactionTrackerOperations.get_CM_parcels()
2018-11-28 10:50:34,468 INFO: NoSuchElementException in TransactionTrackerOperations.get_CM_parcels()
2018-11-28 10:50:38,829 INFO: NoSuchElementException in TransactionTrackerOperations.get_CM_parcels()
2018-11-28 10:50:43,246 INFO: NoSuchElementException in TransactionTrackerOperations.get_CM_parcels()
2018-11-28 10:50:47,694 INFO: NoSuchElementException in TransactionTrackerOperations.get_CM_parcels()
2018-11-28 10:50:52,266 INFO: NoSuchElementException in TransactionTrackerOperations.get_CM_parcels()
2018-11-28 10:50:56,669 INFO: NoSuchElementException in TransactionTrackerOperations.get_CM_parcels()
2018-11-28 10:51:01,141 INFO: NoSuchElementException in TransactionTrackerOperations.get_CM_parcels()
2018-11-28 10:51:10,690 INFO: Executing TransactionTrackerOperations.search_process_for_CMPDM() for: Performance Health|McKesson HALIFAX REGIONAL HOSPITAL|810
2018-11-28 10:51:10,709 INFO: Executing TransactionTrackerOperations.select_customer()
2018-11-28 10:51:17,467 INFO: Executing TransactionTrackerOperations.select_customer()
2018-11-28 10:51:29,234 INFO: Executing TransactionTrackerOperations.get_CM_parcels()
2018-11-28 10:51:36,342 INFO: Executing TransactionTrackerOperations.search_process_for_CMPDM() for: Performance Health|McKesson HATTISBURG CLINIC|810
2018-11-28 10:51:36,360 INFO: Executing TransactionTrackerOperations.select_customer()
2018-11-28 10:51:43,147 INFO: Executing TransactionTrackerOperations.select_customer()
2018-11-28 10:51:54,314 INFO: Executing TransactionTrackerOperations.get_CM_parcels()
2018-11-28 10:52:01,498 INFO: Executing TransactionTrackerOperations.search_process_for_CMPDM() for: Performance Health|McKesson IL BONE AND JOINT|810
2018-11-28 10:52:01,517 INFO: Executing TransactionTrackerOperations.select_customer()
2018-11-28 10:52:08,317 INFO: Executing TransactionTrackerOperations.select_customer()
2018-11-28 10:52:19,728 INFO: Executing TransactionTrackerOperations.get_CM_parcels()
2018-11-28 10:52:26,851 INFO: Executing TransactionTrackerOperations.search_process_for_CMPDM() for: Performance Health|McKesson LAKE CHARLES MEMORIAL HOSPITAL|810
2018-11-28 10:52:26,867 INFO: Executing TransactionTrackerOperations.select_customer()
2018-11-28 10:52:33,635 INFO: Executing TransactionTrackerOperations.select_customer()
2018-11-28 10:52:45,313 INFO: Executing TransactionTrackerOperations.get_CM_parcels()
2018-11-28 10:52:51,417 INFO: Executing TransactionTrackerOperations.search_process_for_CMPDM() for: Performance Health|McKesson LAWRENCE MEMORIAL HOSPITAL|810
2018-11-28 10:52:52,306 INFO: Executing TransactionTrackerOperations.select_customer()
2018-11-28 10:52:59,136 INFO: Executing TransactionTrackerOperations.select_customer()
2018-11-28 10:53:10,499 INFO: Executing TransactionTrackerOperations.get_CM_parcels()
2018-11-28 10:53:13,108 INFO: NoSuchElementException in TransactionTrackerOperations.get_CM_parcels()
2018-11-28 10:53:17,549 INFO: NoSuchElementException in TransactionTrackerOperations.get_CM_parcels()
2018-11-28 10:53:21,970 INFO: NoSuchElementException in TransactionTrackerOperations.get_CM_parcels()
2018-11-28 10:53:26,319 INFO: NoSuchElementException in TransactionTrackerOperations.get_CM_parcels()
2018-11-28 10:53:29,128 INFO: NoSuchElementException in TransactionTrackerOperations.get_CM_parcels()
2018-11-28 10:53:35,627 INFO: Executing TransactionTrackerOperations.search_process_for_CMPDM() for: Performance Health|McKesson LEESBURG REGIONAL|810
2018-11-28 10:53:35,864 INFO: Executing TransactionTrackerOperations.select_customer()
2018-11-28 10:53:42,660 INFO: Executing TransactionTrackerOperations.select_customer()
2018-11-28 10:53:54,211 INFO: Executing TransactionTrackerOperations.get_CM_parcels()
2018-11-28 10:53:55,106 INFO: NoSuchElementException in TransactionTrackerOperations.get_CM_parcels()
2018-11-28 10:54:02,266 INFO: Executing TransactionTrackerOperations.search_process_for_CMPDM() for: Performance Health|McKesson LOMA LINDA UNIVERSITY MEDICAL CENTER|810
2018-11-28 10:54:03,246 INFO: Executing TransactionTrackerOperations.select_customer()
2018-11-28 10:54:10,115 INFO: Executing TransactionTrackerOperations.select_customer()
2018-11-28 10:54:22,502 INFO: Executing TransactionTrackerOperations.get_CM_parcels()
2018-11-28 10:54:22,798 INFO: NoSuchElementException in TransactionTrackerOperations.get_CM_parcels()
2018-11-28 10:54:30,528 INFO: Executing TransactionTrackerOperations.search_process_for_CMPDM() for: Performance Health|McKesson MCG HEALTH INC|810
2018-11-28 10:54:30,737 INFO: Executing TransactionTrackerOperations.select_customer()
2018-11-28 10:54:37,651 INFO: Executing TransactionTrackerOperations.select_customer()
2018-11-28 10:54:49,401 INFO: Executing TransactionTrackerOperations.get_CM_parcels()
2018-11-28 10:54:52,600 INFO: NoSuchElementException in TransactionTrackerOperations.get_CM_parcels()
2018-11-28 10:54:57,375 INFO: NoSuchElementException in TransactionTrackerOperations.get_CM_parcels()
2018-11-28 10:55:02,570 INFO: NoSuchElementException in TransactionTrackerOperations.get_CM_parcels()
2018-11-28 10:55:06,835 INFO: NoSuchElementException in TransactionTrackerOperations.get_CM_parcels()
2018-11-28 10:55:13,938 INFO: Executing TransactionTrackerOperations.search_process_for_CMPDM() for: Performance Health|McKesson NCH HEALTHCARE|810
2018-11-28 10:55:15,190 INFO: Executing TransactionTrackerOperations.select_customer()
2018-11-28 10:55:22,089 INFO: Executing TransactionTrackerOperations.select_customer()
2018-11-28 10:55:33,390 INFO: Executing TransactionTrackerOperations.get_CM_parcels()
2018-11-28 10:55:36,489 INFO: NoSuchElementException in TransactionTrackerOperations.get_CM_parcels()
2018-11-28 10:55:41,155 INFO: NoSuchElementException in TransactionTrackerOperations.get_CM_parcels()
2018-11-28 10:55:45,816 INFO: NoSuchElementException in TransactionTrackerOperations.get_CM_parcels()
2018-11-28 10:55:50,526 INFO: NoSuchElementException in TransactionTrackerOperations.get_CM_parcels()
2018-11-28 10:55:55,104 INFO: NoSuchElementException in TransactionTrackerOperations.get_CM_parcels()
2018-11-28 10:55:57,532 INFO: NoSuchElementException in TransactionTrackerOperations.get_CM_parcels()
2018-11-28 10:56:05,190 INFO: Executing TransactionTrackerOperations.search_process_for_CMPDM() for: Performance Health|McKesson SACRED HEART HOSPITAL|810
2018-11-28 10:56:06,168 INFO: Executing TransactionTrackerOperations.select_customer()
2018-11-28 10:56:13,042 INFO: Executing TransactionTrackerOperations.select_customer()
2018-11-28 10:56:24,938 INFO: Executing TransactionTrackerOperations.get_CM_parcels()
2018-11-28 10:56:32,243 INFO: Executing TransactionTrackerOperations.search_process_for_CMPDM() for: Performance Health|McKesson SAINT FRANCES MEDICAL CENTER|810
2018-11-28 10:56:32,270 INFO: Executing TransactionTrackerOperations.select_customer()
2018-11-28 10:56:39,094 INFO: Executing TransactionTrackerOperations.select_customer()
2018-11-28 10:56:51,187 INFO: Executing TransactionTrackerOperations.get_CM_parcels()
2018-11-28 10:56:54,075 INFO: NoSuchElementException in TransactionTrackerOperations.get_CM_parcels()
2018-11-28 10:56:58,773 INFO: NoSuchElementException in TransactionTrackerOperations.get_CM_parcels()
2018-11-28 10:57:02,700 INFO: NoSuchElementException in TransactionTrackerOperations.get_CM_parcels()
2018-11-28 10:57:10,442 INFO: Executing TransactionTrackerOperations.search_process_for_CMPDM() for: Performance Health|McKesson SOUTHERN NEW HAMPSHIRE MEDICAL CENTER|810
2018-11-28 10:57:11,446 INFO: Executing TransactionTrackerOperations.select_customer()
2018-11-28 10:57:18,310 INFO: Executing TransactionTrackerOperations.select_customer()
2018-11-28 10:57:30,692 INFO: Executing TransactionTrackerOperations.get_CM_parcels()
2018-11-28 10:57:33,593 INFO: NoSuchElementException in TransactionTrackerOperations.get_CM_parcels()
2018-11-28 10:57:38,315 INFO: NoSuchElementException in TransactionTrackerOperations.get_CM_parcels()
2018-11-28 10:57:42,765 INFO: NoSuchElementException in TransactionTrackerOperations.get_CM_parcels()
2018-11-28 10:57:51,087 INFO: Executing TransactionTrackerOperations.search_process_for_CMPDM() for: Performance Health|McKesson TIFT REGIONAL MEDICAL CENTER|810
2018-11-28 10:57:51,207 INFO: Executing TransactionTrackerOperations.select_customer()
2018-11-28 10:57:58,115 INFO: Executing TransactionTrackerOperations.select_customer()
2018-11-28 10:58:10,259 INFO: Executing TransactionTrackerOperations.get_CM_parcels()
2018-11-28 10:58:16,661 INFO: Executing TransactionTrackerOperations.search_process_for_CMPDM() for: Performance Health|McKesson TRINITY MOTHER FRANCES HOSPITAL|810
2018-11-28 10:58:16,789 INFO: Executing TransactionTrackerOperations.select_customer()
2018-11-28 10:58:23,648 INFO: Executing TransactionTrackerOperations.select_customer()
2018-11-28 10:58:35,863 INFO: Executing TransactionTrackerOperations.get_CM_parcels()
2018-11-28 10:58:38,793 INFO: NoSuchElementException in TransactionTrackerOperations.get_CM_parcels()
2018-11-28 10:58:43,548 INFO: NoSuchElementException in TransactionTrackerOperations.get_CM_parcels()
2018-11-28 10:58:48,375 INFO: NoSuchElementException in TransactionTrackerOperations.get_CM_parcels()
2018-11-28 10:58:52,979 INFO: NoSuchElementException in TransactionTrackerOperations.get_CM_parcels()
2018-11-28 10:58:57,590 INFO: NoSuchElementException in TransactionTrackerOperations.get_CM_parcels()
2018-11-28 10:59:00,733 INFO: NoSuchElementException in TransactionTrackerOperations.get_CM_parcels()
2018-11-28 10:59:07,436 INFO: Executing TransactionTrackerOperations.search_process_for_CMPDM() for: Performance Health|McKesson Truman Medical Center|810
2018-11-28 10:59:08,453 INFO: Executing TransactionTrackerOperations.select_customer()
2018-11-28 10:59:15,349 INFO: Executing TransactionTrackerOperations.select_customer()
2018-11-28 10:59:27,130 INFO: Executing TransactionTrackerOperations.get_CM_parcels()
2018-11-28 10:59:30,003 INFO: NoSuchElementException in TransactionTrackerOperations.get_CM_parcels()
2018-11-28 10:59:34,716 INFO: NoSuchElementException in TransactionTrackerOperations.get_CM_parcels()
2018-11-28 10:59:39,408 INFO: NoSuchElementException in TransactionTrackerOperations.get_CM_parcels()
2018-11-28 10:59:44,018 INFO: NoSuchElementException in TransactionTrackerOperations.get_CM_parcels()
2018-11-28 10:59:48,667 INFO: NoSuchElementException in TransactionTrackerOperations.get_CM_parcels()
2018-11-28 10:59:53,388 INFO: NoSuchElementException in TransactionTrackerOperations.get_CM_parcels()
2018-11-28 10:59:58,106 INFO: NoSuchElementException in TransactionTrackerOperations.get_CM_parcels()
2018-11-28 11:00:02,768 INFO: NoSuchElementException in TransactionTrackerOperations.get_CM_parcels()
2018-11-28 11:00:07,536 INFO: NoSuchElementException in TransactionTrackerOperations.get_CM_parcels()
2018-11-28 11:00:12,213 INFO: NoSuchElementException in TransactionTrackerOperations.get_CM_parcels()
2018-11-28 11:00:17,325 INFO: NoSuchElementException in TransactionTrackerOperations.get_CM_parcels()
2018-11-28 11:00:22,075 INFO: NoSuchElementException in TransactionTrackerOperations.get_CM_parcels()
2018-11-28 11:00:26,936 INFO: NoSuchElementException in TransactionTrackerOperations.get_CM_parcels()
2018-11-28 11:00:31,645 INFO: NoSuchElementException in TransactionTrackerOperations.get_CM_parcels()
2018-11-28 11:00:36,570 INFO: NoSuchElementException in TransactionTrackerOperations.get_CM_parcels()
2018-11-28 11:00:41,244 INFO: NoSuchElementException in TransactionTrackerOperations.get_CM_parcels()
2018-11-28 11:00:50,044 INFO: Executing TransactionTrackerOperations.search_process_for_CMPDM() for: Performance Health|McKesson UNITED HOSPITAL SYSTEM INC|810
2018-11-28 11:00:50,325 INFO: Executing TransactionTrackerOperations.select_customer()
2018-11-28 11:00:57,317 INFO: Executing TransactionTrackerOperations.select_customer()
2018-11-28 11:01:08,881 INFO: Executing TransactionTrackerOperations.get_CM_parcels()
2018-11-28 11:01:11,873 INFO: NoSuchElementException in TransactionTrackerOperations.get_CM_parcels()
2018-11-28 11:01:16,546 INFO: NoSuchElementException in TransactionTrackerOperations.get_CM_parcels()
2018-11-28 11:01:25,628 INFO: Executing TransactionTrackerOperations.search_process_for_CMPDM() for: Performance Health|McKesson VAIL VALLEY MEDICAL CENTER|810
2018-11-28 11:01:25,878 INFO: Executing TransactionTrackerOperations.select_customer()
2018-11-28 11:01:32,720 INFO: Executing TransactionTrackerOperations.select_customer()
2018-11-28 11:01:44,318 INFO: Executing TransactionTrackerOperations.get_CM_parcels()
2018-11-28 11:01:47,230 INFO: NoSuchElementException in TransactionTrackerOperations.get_CM_parcels()
2018-11-28 11:01:51,902 INFO: NoSuchElementException in TransactionTrackerOperations.get_CM_parcels()
2018-11-28 11:01:56,549 INFO: NoSuchElementException in TransactionTrackerOperations.get_CM_parcels()
2018-11-28 11:02:01,107 INFO: NoSuchElementException in TransactionTrackerOperations.get_CM_parcels()
2018-11-28 11:02:05,736 INFO: NoSuchElementException in TransactionTrackerOperations.get_CM_parcels()
2018-11-28 11:02:10,386 INFO: NoSuchElementException in TransactionTrackerOperations.get_CM_parcels()
2018-11-28 11:02:15,037 INFO: NoSuchElementException in TransactionTrackerOperations.get_CM_parcels()
2018-11-28 11:02:19,705 INFO: NoSuchElementException in TransactionTrackerOperations.get_CM_parcels()
2018-11-28 11:02:24,510 INFO: NoSuchElementException in TransactionTrackerOperations.get_CM_parcels()
2018-11-28 11:02:29,187 INFO: NoSuchElementException in TransactionTrackerOperations.get_CM_parcels()
2018-11-28 11:02:33,816 INFO: NoSuchElementException in TransactionTrackerOperations.get_CM_parcels()
2018-11-28 11:02:38,550 INFO: NoSuchElementException in TransactionTrackerOperations.get_CM_parcels()
2018-11-28 11:02:43,312 INFO: NoSuchElementException in TransactionTrackerOperations.get_CM_parcels()
2018-11-28 11:02:46,238 INFO: NoSuchElementException in TransactionTrackerOperations.get_CM_parcels()
2018-11-28 11:02:54,313 INFO: Executing TransactionTrackerOperations.search_process_for_CMPDM() for: Performance Health|McKesson WHEATON FRANCISCAN HEALTHCARE|810
2018-11-28 11:02:54,565 INFO: Executing TransactionTrackerOperations.select_customer()
2018-11-28 11:03:01,476 INFO: Executing TransactionTrackerOperations.select_customer()
2018-11-28 11:03:13,653 INFO: Executing TransactionTrackerOperations.get_CM_parcels()
2018-11-28 11:03:19,521 INFO: Executing TransactionTrackerOperations.search_process_for_CMPDM() for: Performance Health|MFA DSSI|810
2018-11-28 11:03:19,643 INFO: Executing TransactionTrackerOperations.select_customer()
2018-11-28 11:03:26,644 INFO: Executing TransactionTrackerOperations.select_customer()
2018-11-28 11:03:37,647 INFO: Executing TransactionTrackerOperations.get_CM_parcels()
2018-11-28 11:03:44,896 INFO: Executing TransactionTrackerOperations.search_process_for_CMPDM() for: Performance Health|MIDWEST GERIATRIC DSSI|810
2018-11-28 11:03:45,048 INFO: Executing TransactionTrackerOperations.select_customer()
2018-11-28 11:03:51,905 INFO: Executing TransactionTrackerOperations.select_customer()
2018-11-28 11:04:03,464 INFO: Executing TransactionTrackerOperations.get_CM_parcels()
2018-11-28 11:04:09,635 INFO: Executing TransactionTrackerOperations.search_process_for_CMPDM() for: Performance Health|MIDWEST HEALTH DSSI|810
2018-11-28 11:04:10,973 INFO: Executing TransactionTrackerOperations.select_customer()
2018-11-28 11:04:18,092 INFO: Executing TransactionTrackerOperations.select_customer()
2018-11-28 11:04:29,960 INFO: Executing TransactionTrackerOperations.get_CM_parcels()
2018-11-28 11:04:33,126 INFO: NoSuchElementException in TransactionTrackerOperations.get_CM_parcels()
2018-11-28 11:04:38,027 INFO: NoSuchElementException in TransactionTrackerOperations.get_CM_parcels()
2018-11-28 11:04:40,537 INFO: NoSuchElementException in TransactionTrackerOperations.get_CM_parcels()
2018-11-28 11:04:47,167 INFO: Executing TransactionTrackerOperations.search_process_for_CMPDM() for: Performance Health|MISSION HEALTH DSSI|810
2018-11-28 11:04:48,375 INFO: Executing TransactionTrackerOperations.select_customer()
2018-11-28 11:04:55,268 INFO: Executing TransactionTrackerOperations.select_customer()
2018-11-28 11:05:06,888 INFO: Executing TransactionTrackerOperations.get_CM_parcels()
2018-11-28 11:05:09,971 INFO: NoSuchElementException in TransactionTrackerOperations.get_CM_parcels()
2018-11-28 11:05:14,819 INFO: NoSuchElementException in TransactionTrackerOperations.get_CM_parcels()
2018-11-28 11:05:19,620 INFO: NoSuchElementException in TransactionTrackerOperations.get_CM_parcels()
2018-11-28 11:05:24,389 INFO: NoSuchElementException in TransactionTrackerOperations.get_CM_parcels()
2018-11-28 11:05:29,125 INFO: NoSuchElementException in TransactionTrackerOperations.get_CM_parcels()
2018-11-28 11:05:33,869 INFO: NoSuchElementException in TransactionTrackerOperations.get_CM_parcels()
2018-11-28 11:05:36,608 INFO: NoSuchElementException in TransactionTrackerOperations.get_CM_parcels()
2018-11-28 11:05:43,201 INFO: Executing TransactionTrackerOperations.search_process_for_CMPDM() for: Performance Health|NEXION DSSI|810
2018-11-28 11:05:44,262 INFO: Executing TransactionTrackerOperations.select_customer()
2018-11-28 11:05:51,157 INFO: Executing TransactionTrackerOperations.select_customer()
2018-11-28 11:06:02,454 INFO: Executing TransactionTrackerOperations.get_CM_parcels()
2018-11-28 11:06:05,430 INFO: NoSuchElementException in TransactionTrackerOperations.get_CM_parcels()
2018-11-28 11:06:10,176 INFO: NoSuchElementException in TransactionTrackerOperations.get_CM_parcels()
2018-11-28 11:06:14,804 INFO: NoSuchElementException in TransactionTrackerOperations.get_CM_parcels()
2018-11-28 11:06:19,382 INFO: NoSuchElementException in TransactionTrackerOperations.get_CM_parcels()
2018-11-28 11:06:23,937 INFO: NoSuchElementException in TransactionTrackerOperations.get_CM_parcels()
2018-11-28 11:06:28,523 INFO: NoSuchElementException in TransactionTrackerOperations.get_CM_parcels()
2018-11-28 11:06:33,126 INFO: NoSuchElementException in TransactionTrackerOperations.get_CM_parcels()
2018-11-28 11:06:35,544 INFO: NoSuchElementException in TransactionTrackerOperations.get_CM_parcels()
2018-11-28 11:06:43,019 INFO: Executing TransactionTrackerOperations.search_process_for_CMPDM() for: Performance Health|NOLAND HEALTH SERVICES DSSI|810
2018-11-28 11:06:43,092 INFO: Executing TransactionTrackerOperations.select_customer()
2018-11-28 11:06:50,102 INFO: Executing TransactionTrackerOperations.select_customer()
2018-11-28 11:07:01,747 INFO: Executing TransactionTrackerOperations.get_CM_parcels()
2018-11-28 11:07:04,631 INFO: NoSuchElementException in TransactionTrackerOperations.get_CM_parcels()
2018-11-28 11:07:09,323 INFO: NoSuchElementException in TransactionTrackerOperations.get_CM_parcels()
2018-11-28 11:07:13,963 INFO: NoSuchElementException in TransactionTrackerOperations.get_CM_parcels()
2018-11-28 11:07:16,870 INFO: NoSuchElementException in TransactionTrackerOperations.get_CM_parcels()
2018-11-28 11:07:25,107 INFO: Executing TransactionTrackerOperations.search_process_for_CMPDM() for: Performance Health|NORTHPORT DSSI|810
2018-11-28 11:07:25,218 INFO: Executing TransactionTrackerOperations.select_customer()
2018-11-28 11:07:32,085 INFO: Executing TransactionTrackerOperations.select_customer()
2018-11-28 11:07:43,411 INFO: Executing TransactionTrackerOperations.get_CM_parcels()
2018-11-28 11:07:49,822 INFO: Executing TransactionTrackerOperations.search_process_for_CMPDM() for: Performance Health|NUVISION DSSI|810
2018-11-28 11:07:50,896 INFO: Executing TransactionTrackerOperations.select_customer()
2018-11-28 11:07:57,748 INFO: Executing TransactionTrackerOperations.select_customer()
2018-11-28 11:08:09,061 INFO: Executing TransactionTrackerOperations.get_CM_parcels()
2018-11-28 11:08:11,956 INFO: NoSuchElementException in TransactionTrackerOperations.get_CM_parcels()
2018-11-28 11:08:16,630 INFO: NoSuchElementException in TransactionTrackerOperations.get_CM_parcels()
2018-11-28 11:08:20,033 INFO: NoSuchElementException in TransactionTrackerOperations.get_CM_parcels()
2018-11-28 11:08:28,216 INFO: Executing TransactionTrackerOperations.search_process_for_CMPDM() for: Performance Health|ONIX GROUP DSSI|810
2018-11-28 11:08:28,265 INFO: Executing TransactionTrackerOperations.select_customer()
2018-11-28 11:08:35,118 INFO: Executing TransactionTrackerOperations.select_customer()
2018-11-28 11:08:46,501 INFO: Executing TransactionTrackerOperations.get_CM_parcels()
2018-11-28 11:08:49,374 INFO: NoSuchElementException in TransactionTrackerOperations.get_CM_parcels()
2018-11-28 11:08:54,086 INFO: NoSuchElementException in TransactionTrackerOperations.get_CM_parcels()
2018-11-28 11:08:58,786 INFO: NoSuchElementException in TransactionTrackerOperations.get_CM_parcels()
2018-11-28 11:09:02,639 INFO: NoSuchElementException in TransactionTrackerOperations.get_CM_parcels()
2018-11-28 11:09:10,606 INFO: Executing TransactionTrackerOperations.search_process_for_CMPDM() for: Performance Health|PENNMED CONSULTANTS INC DSSI|810
2018-11-28 11:09:10,630 INFO: Executing TransactionTrackerOperations.select_customer()
2018-11-28 11:09:17,494 INFO: Executing TransactionTrackerOperations.select_customer()
2018-11-28 11:09:29,100 INFO: Executing TransactionTrackerOperations.get_CM_parcels()
2018-11-28 11:09:36,194 INFO: Executing TransactionTrackerOperations.search_process_for_CMPDM() for: Performance Health|PREFERRED CARE DSSI|810
2018-11-28 11:09:36,216 INFO: Executing TransactionTrackerOperations.select_customer()
2018-11-28 11:09:43,070 INFO: Executing TransactionTrackerOperations.select_customer()
2018-11-28 11:09:54,429 INFO: Executing TransactionTrackerOperations.get_CM_parcels()
2018-11-28 11:10:01,351 INFO: Executing TransactionTrackerOperations.search_process_for_CMPDM() for: Performance Health|PRESBYTERIAN HOMES AND SERVICES DSSI|810
2018-11-28 11:10:01,376 INFO: Executing TransactionTrackerOperations.select_customer()
2018-11-28 11:10:08,230 INFO: Executing TransactionTrackerOperations.select_customer()
2018-11-28 11:10:20,037 INFO: Executing TransactionTrackerOperations.get_CM_parcels()
2018-11-28 11:10:22,963 INFO: NoSuchElementException in TransactionTrackerOperations.get_CM_parcels()
2018-11-28 11:10:27,626 INFO: NoSuchElementException in TransactionTrackerOperations.get_CM_parcels()
2018-11-28 11:10:32,246 INFO: NoSuchElementException in TransactionTrackerOperations.get_CM_parcels()
2018-11-28 11:10:37,007 INFO: NoSuchElementException in TransactionTrackerOperations.get_CM_parcels()
2018-11-28 11:10:40,386 INFO: NoSuchElementException in TransactionTrackerOperations.get_CM_parcels()
2018-11-28 11:10:48,438 INFO: Executing TransactionTrackerOperations.search_process_for_CMPDM() for: Performance Health|PRESBYTERIAN SENIOR LIVING DSSI|810
2018-11-28 11:10:48,473 INFO: Executing TransactionTrackerOperations.select_customer()
2018-11-28 11:10:55,329 INFO: Executing TransactionTrackerOperations.select_customer()
2018-11-28 11:11:07,056 INFO: Executing TransactionTrackerOperations.get_CM_parcels()
2018-11-28 11:11:09,966 INFO: NoSuchElementException in TransactionTrackerOperations.get_CM_parcels()
2018-11-28 11:11:14,598 INFO: NoSuchElementException in TransactionTrackerOperations.get_CM_parcels()
2018-11-28 11:11:18,966 INFO: NoSuchElementException in TransactionTrackerOperations.get_CM_parcels()
2018-11-28 11:11:27,464 INFO: Executing TransactionTrackerOperations.search_process_for_CMPDM() for: Performance Health|QUALITY LIFE SERVICES DSSI|810
2018-11-28 11:11:27,534 INFO: Executing TransactionTrackerOperations.select_customer()
2018-11-28 11:11:34,388 INFO: Executing TransactionTrackerOperations.select_customer()
2018-11-28 11:11:45,871 INFO: Executing TransactionTrackerOperations.get_CM_parcels()
2018-11-28 11:11:48,685 INFO: NoSuchElementException in TransactionTrackerOperations.get_CM_parcels()
2018-11-28 11:11:53,332 INFO: NoSuchElementException in TransactionTrackerOperations.get_CM_parcels()
2018-11-28 11:11:57,953 INFO: NoSuchElementException in TransactionTrackerOperations.get_CM_parcels()
2018-11-28 11:12:02,480 INFO: NoSuchElementException in TransactionTrackerOperations.get_CM_parcels()
2018-11-28 11:12:07,034 INFO: NoSuchElementException in TransactionTrackerOperations.get_CM_parcels()
2018-11-28 11:12:09,674 INFO: NoSuchElementException in TransactionTrackerOperations.get_CM_parcels()
2018-11-28 11:12:16,758 INFO: Executing TransactionTrackerOperations.search_process_for_CMPDM() for: Performance Health|Quest Healthcare Development DSSI|810
2018-11-28 11:12:16,911 INFO: Executing TransactionTrackerOperations.select_customer()
2018-11-28 11:12:23,791 INFO: Executing TransactionTrackerOperations.select_customer()
2018-11-28 11:12:35,221 INFO: Executing TransactionTrackerOperations.get_CM_parcels()
2018-11-28 11:12:41,570 INFO: Executing TransactionTrackerOperations.search_process_for_CMPDM() for: Performance Health|Regency Integrated Health Services DSSI|810
2018-11-28 11:12:42,577 INFO: Executing TransactionTrackerOperations.select_customer()
2018-11-28 11:12:49,475 INFO: Executing TransactionTrackerOperations.select_customer()
2018-11-28 11:13:01,354 INFO: Executing TransactionTrackerOperations.get_CM_parcels()
2018-11-28 11:13:07,263 INFO: Executing TransactionTrackerOperations.search_process_for_CMPDM() for: Performance Health|RENNES HEALTH DSSI|810
2018-11-28 11:13:08,298 INFO: Executing TransactionTrackerOperations.select_customer()
2018-11-28 11:13:15,231 INFO: Executing TransactionTrackerOperations.select_customer()
2018-11-28 11:13:26,764 INFO: Executing TransactionTrackerOperations.get_CM_parcels()
2018-11-28 11:13:29,665 INFO: NoSuchElementException in TransactionTrackerOperations.get_CM_parcels()
2018-11-28 11:13:34,422 INFO: NoSuchElementException in TransactionTrackerOperations.get_CM_parcels()
2018-11-28 11:13:39,129 INFO: NoSuchElementException in TransactionTrackerOperations.get_CM_parcels()
2018-11-28 11:13:43,695 INFO: NoSuchElementException in TransactionTrackerOperations.get_CM_parcels()
2018-11-28 11:13:47,112 INFO: NoSuchElementException in TransactionTrackerOperations.get_CM_parcels()
2018-11-28 11:13:54,297 INFO: Executing TransactionTrackerOperations.search_process_for_CMPDM() for: Performance Health|SABER HEALTHCARE DSSI|810
2018-11-28 11:13:55,407 INFO: Executing TransactionTrackerOperations.select_customer()
2018-11-28 11:14:02,306 INFO: Executing TransactionTrackerOperations.select_customer()
2018-11-28 11:14:13,821 INFO: Executing TransactionTrackerOperations.get_CM_parcels()
2018-11-28 11:14:19,907 INFO: Executing TransactionTrackerOperations.search_process_for_CMPDM() for: Performance Health|SPRENGER HEALTHCARE DSSI|810
2018-11-28 11:14:20,474 INFO: Executing TransactionTrackerOperations.select_customer()
2018-11-28 11:14:27,341 INFO: Executing TransactionTrackerOperations.select_customer()
2018-11-28 11:14:38,979 INFO: Executing TransactionTrackerOperations.get_CM_parcels()
2018-11-28 11:14:41,932 INFO: NoSuchElementException in TransactionTrackerOperations.get_CM_parcels()
2018-11-28 11:14:46,764 INFO: NoSuchElementException in TransactionTrackerOperations.get_CM_parcels()
2018-11-28 11:14:51,450 INFO: NoSuchElementException in TransactionTrackerOperations.get_CM_parcels()
2018-11-28 11:14:56,059 INFO: NoSuchElementException in TransactionTrackerOperations.get_CM_parcels()
2018-11-28 11:15:00,698 INFO: NoSuchElementException in TransactionTrackerOperations.get_CM_parcels()
2018-11-28 11:15:05,412 INFO: NoSuchElementException in TransactionTrackerOperations.get_CM_parcels()
2018-11-28 11:15:10,114 INFO: NoSuchElementException in TransactionTrackerOperations.get_CM_parcels()
2018-11-28 11:15:14,780 INFO: NoSuchElementException in TransactionTrackerOperations.get_CM_parcels()
2018-11-28 11:15:17,426 INFO: NoSuchElementException in TransactionTrackerOperations.get_CM_parcels()
2018-11-28 11:15:24,957 INFO: Executing TransactionTrackerOperations.search_process_for_CMPDM() for: Performance Health|SPRINGPOINT DSSI|810
2018-11-28 11:15:25,601 INFO: Executing TransactionTrackerOperations.select_customer()
2018-11-28 11:15:32,505 INFO: Executing TransactionTrackerOperations.select_customer()
2018-11-28 11:15:43,949 INFO: Executing TransactionTrackerOperations.get_CM_parcels()
2018-11-28 11:15:46,884 INFO: NoSuchElementException in TransactionTrackerOperations.get_CM_parcels()
2018-11-28 11:15:51,741 INFO: NoSuchElementException in TransactionTrackerOperations.get_CM_parcels()
2018-11-28 11:15:56,426 INFO: NoSuchElementException in TransactionTrackerOperations.get_CM_parcels()
2018-11-28 11:16:00,078 INFO: NoSuchElementException in TransactionTrackerOperations.get_CM_parcels()
2018-11-28 11:16:06,911 INFO: Executing TransactionTrackerOperations.search_process_for_CMPDM() for: Performance Health|STONERISE MEDICAL DSSI|810
2018-11-28 11:16:07,914 INFO: Executing TransactionTrackerOperations.select_customer()
2018-11-28 11:16:14,789 INFO: Executing TransactionTrackerOperations.select_customer()
2018-11-28 11:16:26,465 INFO: Executing TransactionTrackerOperations.get_CM_parcels()
2018-11-28 11:16:29,467 INFO: NoSuchElementException in TransactionTrackerOperations.get_CM_parcels()
2018-11-28 11:16:34,115 INFO: NoSuchElementException in TransactionTrackerOperations.get_CM_parcels()
2018-11-28 11:16:38,751 INFO: NoSuchElementException in TransactionTrackerOperations.get_CM_parcels()
2018-11-28 11:16:43,312 INFO: NoSuchElementException in TransactionTrackerOperations.get_CM_parcels()
2018-11-28 11:16:47,934 INFO: NoSuchElementException in TransactionTrackerOperations.get_CM_parcels()
2018-11-28 11:16:52,581 INFO: NoSuchElementException in TransactionTrackerOperations.get_CM_parcels()
2018-11-28 11:16:57,270 INFO: NoSuchElementException in TransactionTrackerOperations.get_CM_parcels()
2018-11-28 11:17:01,904 INFO: NoSuchElementException in TransactionTrackerOperations.get_CM_parcels()
2018-11-28 11:17:06,730 INFO: NoSuchElementException in TransactionTrackerOperations.get_CM_parcels()
2018-11-28 11:17:11,351 INFO: NoSuchElementException in TransactionTrackerOperations.get_CM_parcels()
2018-11-28 11:17:16,025 INFO: NoSuchElementException in TransactionTrackerOperations.get_CM_parcels()
2018-11-28 11:17:20,729 INFO: NoSuchElementException in TransactionTrackerOperations.get_CM_parcels()
2018-11-28 11:17:25,537 INFO: NoSuchElementException in TransactionTrackerOperations.get_CM_parcels()
2018-11-28 11:17:30,229 INFO: NoSuchElementException in TransactionTrackerOperations.get_CM_parcels()
2018-11-28 11:17:34,927 INFO: NoSuchElementException in TransactionTrackerOperations.get_CM_parcels()
2018-11-28 11:17:39,682 INFO: NoSuchElementException in TransactionTrackerOperations.get_CM_parcels()
2018-11-28 11:17:43,924 INFO: NoSuchElementException in TransactionTrackerOperations.get_CM_parcels()
2018-11-28 11:17:50,952 INFO: Executing TransactionTrackerOperations.search_process_for_CMPDM() for: Performance Health|TAMARAC ADMINISTRACTIVE SERVICES DSSI|810
2018-11-28 11:17:51,483 INFO: Executing TransactionTrackerOperations.select_customer()
2018-11-28 11:17:58,358 INFO: Executing TransactionTrackerOperations.select_customer()
2018-11-28 11:18:10,914 INFO: Executing TransactionTrackerOperations.get_CM_parcels()
2018-11-28 11:18:17,908 INFO: Executing TransactionTrackerOperations.search_process_for_CMPDM() for: Performance Health|TANDEM HEALTHCARE DSSI|810
2018-11-28 11:18:18,143 INFO: Executing TransactionTrackerOperations.select_customer()
2018-11-28 11:18:25,038 INFO: Executing TransactionTrackerOperations.select_customer()
2018-11-28 11:18:36,676 INFO: Executing TransactionTrackerOperations.get_CM_parcels()
2018-11-28 11:18:43,806 INFO: Executing TransactionTrackerOperations.search_process_for_CMPDM() for: Performance Health|TARA CARES LLC DSSI|810
2018-11-28 11:18:43,827 INFO: Executing TransactionTrackerOperations.select_customer()
2018-11-28 11:18:50,611 INFO: Executing TransactionTrackerOperations.select_customer()
2018-11-28 11:19:01,921 INFO: Executing TransactionTrackerOperations.get_CM_parcels()
2018-11-28 11:19:04,983 INFO: Executing TransactionTrackerOperations.search_process_for_CMPDM() for: Performance Health|TEALWOOD TWN DSSI|810
2018-11-28 11:19:06,069 INFO: Executing TransactionTrackerOperations.select_customer()
2018-11-28 11:19:12,879 INFO: Executing TransactionTrackerOperations.select_customer()
2018-11-28 11:19:24,397 INFO: Executing TransactionTrackerOperations.get_CM_parcels()
2018-11-28 11:19:27,034 INFO: NoSuchElementException in TransactionTrackerOperations.get_CM_parcels()
2018-11-28 11:19:31,509 INFO: NoSuchElementException in TransactionTrackerOperations.get_CM_parcels()
2018-11-28 11:19:35,938 INFO: NoSuchElementException in TransactionTrackerOperations.get_CM_parcels()
2018-11-28 11:19:40,309 INFO: NoSuchElementException in TransactionTrackerOperations.get_CM_parcels()
2018-11-28 11:19:44,724 INFO: NoSuchElementException in TransactionTrackerOperations.get_CM_parcels()
2018-11-28 11:19:49,118 INFO: NoSuchElementException in TransactionTrackerOperations.get_CM_parcels()
2018-11-28 11:19:53,538 INFO: NoSuchElementException in TransactionTrackerOperations.get_CM_parcels()
2018-11-28 11:19:57,976 INFO: NoSuchElementException in TransactionTrackerOperations.get_CM_parcels()
2018-11-28 11:20:02,551 INFO: NoSuchElementException in TransactionTrackerOperations.get_CM_parcels()
2018-11-28 11:20:05,379 INFO: NoSuchElementException in TransactionTrackerOperations.get_CM_parcels()
2018-11-28 11:20:13,718 INFO: Executing TransactionTrackerOperations.search_process_for_CMPDM() for: Performance Health|TRANS HEALTH CARE DSSI|810
2018-11-28 11:20:13,737 INFO: Executing TransactionTrackerOperations.select_customer()
2018-11-28 11:20:20,511 INFO: Executing TransactionTrackerOperations.select_customer()
2018-11-28 11:20:31,822 INFO: Executing TransactionTrackerOperations.get_CM_parcels()
2018-11-28 11:20:38,977 INFO: Executing TransactionTrackerOperations.search_process_for_CMPDM() for: Performance Health|UNITED MEDICAL DSSI|810
2018-11-28 11:20:39,010 INFO: Executing TransactionTrackerOperations.select_customer()
2018-11-28 11:20:45,803 INFO: Executing TransactionTrackerOperations.select_customer()
2018-11-28 11:20:57,098 INFO: Executing TransactionTrackerOperations.get_CM_parcels()
2018-11-28 11:21:03,365 INFO: Executing TransactionTrackerOperations.search_process_for_CMPDM() for: Performance Health|WILMAC DSSI|810
2018-11-28 11:21:04,406 INFO: Executing TransactionTrackerOperations.select_customer()
2018-11-28 11:21:11,193 INFO: Executing TransactionTrackerOperations.select_customer()
2018-11-28 11:21:22,072 INFO: Executing TransactionTrackerOperations.get_CM_parcels()
2018-11-28 11:21:24,712 INFO: NoSuchElementException in TransactionTrackerOperations.get_CM_parcels()
2018-11-28 11:21:29,179 INFO: NoSuchElementException in TransactionTrackerOperations.get_CM_parcels()
2018-11-28 11:21:33,385 INFO: NoSuchElementException in TransactionTrackerOperations.get_CM_parcels()
2018-11-28 11:21:40,915 INFO: Executing TransactionTrackerOperations.search_process_for_CMPDM() for: Performance Health|Senior Care Centers LLC|810
2018-11-28 11:21:40,934 INFO: Executing TransactionTrackerOperations.select_customer()
2018-11-28 11:21:47,736 INFO: Executing TransactionTrackerOperations.select_customer()
2018-11-28 11:21:58,993 INFO: Executing TransactionTrackerOperations.get_CM_parcels()
2018-11-28 11:22:05,424 INFO: Executing TransactionTrackerOperations.search_process_for_CMPDM() for: Performance Health|AMERICAN SENIOR COMMUNITIES DSSI|810
2018-11-28 11:22:05,441 INFO: Executing TransactionTrackerOperations.select_customer()
2018-11-28 11:22:12,347 INFO: Executing TransactionTrackerOperations.select_customer()
2018-11-28 11:22:23,966 INFO: Executing TransactionTrackerOperations.get_CM_parcels()
2018-11-28 11:22:30,485 INFO: Executing TransactionTrackerOperations.search_process_for_CMPDM() for: Performance Health|BaneCare Management DSSI|810
2018-11-28 11:22:30,500 INFO: Executing TransactionTrackerOperations.select_customer()
2018-11-28 11:22:37,309 INFO: Executing TransactionTrackerOperations.select_customer()
2018-11-28 11:22:48,385 INFO: Executing TransactionTrackerOperations.get_CM_parcels()
2018-11-28 11:22:54,554 INFO: Executing TransactionTrackerOperations.search_process_for_CMPDM() for: Performance Health|DSSI Next Step Healthcare|810
2018-11-28 11:22:55,483 INFO: Executing TransactionTrackerOperations.select_customer()
2018-11-28 11:23:02,290 INFO: Executing TransactionTrackerOperations.select_customer()
2018-11-28 11:23:13,716 INFO: Executing TransactionTrackerOperations.get_CM_parcels()
2018-11-28 11:23:16,447 INFO: NoSuchElementException in TransactionTrackerOperations.get_CM_parcels()
2018-11-28 11:23:20,905 INFO: NoSuchElementException in TransactionTrackerOperations.get_CM_parcels()
2018-11-28 11:23:25,474 INFO: NoSuchElementException in TransactionTrackerOperations.get_CM_parcels()
2018-11-28 11:23:29,844 INFO: NoSuchElementException in TransactionTrackerOperations.get_CM_parcels()
2018-11-28 11:23:34,317 INFO: NoSuchElementException in TransactionTrackerOperations.get_CM_parcels()
2018-11-28 11:23:38,727 INFO: NoSuchElementException in TransactionTrackerOperations.get_CM_parcels()
2018-11-28 11:23:43,186 INFO: NoSuchElementException in TransactionTrackerOperations.get_CM_parcels()
2018-11-28 11:23:47,655 INFO: NoSuchElementException in TransactionTrackerOperations.get_CM_parcels()
2018-11-28 11:23:52,111 INFO: NoSuchElementException in TransactionTrackerOperations.get_CM_parcels()
2018-11-28 11:23:56,663 INFO: NoSuchElementException in TransactionTrackerOperations.get_CM_parcels()
2018-11-28 11:24:01,156 INFO: NoSuchElementException in TransactionTrackerOperations.get_CM_parcels()
2018-11-28 11:24:05,575 INFO: NoSuchElementException in TransactionTrackerOperations.get_CM_parcels()
2018-11-28 11:24:10,052 INFO: NoSuchElementException in TransactionTrackerOperations.get_CM_parcels()
2018-11-28 11:24:14,531 INFO: NoSuchElementException in TransactionTrackerOperations.get_CM_parcels()
2018-11-28 11:24:19,019 INFO: NoSuchElementException in TransactionTrackerOperations.get_CM_parcels()
2018-11-28 11:24:23,677 INFO: NoSuchElementException in TransactionTrackerOperations.get_CM_parcels()
2018-11-28 11:24:27,201 INFO: NoSuchElementException in TransactionTrackerOperations.get_CM_parcels()
2018-11-28 11:24:36,085 INFO: Executing TransactionTrackerOperations.search_process_for_CMPDM() for: Performance Health|Regency Pacific DSSI|810
2018-11-28 11:24:36,104 INFO: Executing TransactionTrackerOperations.select_customer()
2018-11-28 11:24:42,885 INFO: Executing TransactionTrackerOperations.select_customer()
2018-11-28 11:24:54,066 INFO: Executing TransactionTrackerOperations.get_CM_parcels()
2018-11-28 11:25:01,393 INFO: Executing TransactionTrackerOperations.search_process_for_CMPDM() for: Performance Health|ADVANTAGE HPSI DSSI|810
2018-11-28 11:25:01,411 INFO: Executing TransactionTrackerOperations.select_customer()
2018-11-28 11:25:08,176 INFO: Executing TransactionTrackerOperations.select_customer()
2018-11-28 11:25:19,411 INFO: Executing TransactionTrackerOperations.get_CM_parcels()
2018-11-28 11:25:22,045 INFO: NoSuchElementException in TransactionTrackerOperations.get_CM_parcels()
2018-11-28 11:25:26,560 INFO: NoSuchElementException in TransactionTrackerOperations.get_CM_parcels()
2018-11-28 11:25:29,855 INFO: NoSuchElementException in TransactionTrackerOperations.get_CM_parcels()
2018-11-28 11:25:37,751 INFO: Executing TransactionTrackerOperations.search_process_for_CMPDM() for: Performance Health|ADVANTAGE NAVIGATOR DSSI|810
2018-11-28 11:25:37,769 INFO: Executing TransactionTrackerOperations.select_customer()
2018-11-28 11:25:44,675 INFO: Executing TransactionTrackerOperations.select_customer()
2018-11-28 11:25:56,036 INFO: Executing TransactionTrackerOperations.get_CM_parcels()
2018-11-28 11:26:02,105 INFO: Executing TransactionTrackerOperations.search_process_for_CMPDM() for: Performance Health|American Health Companies|810
2018-11-28 11:26:03,203 INFO: Executing TransactionTrackerOperations.select_customer()
2018-11-28 11:26:09,997 INFO: Executing TransactionTrackerOperations.select_customer()
2018-11-28 11:26:20,896 INFO: Executing TransactionTrackerOperations.get_CM_parcels()
2018-11-28 11:26:27,996 INFO: Executing TransactionTrackerOperations.search_process_for_CMPDM() for: Performance Health|APEX|810
2018-11-28 11:26:28,014 INFO: Executing TransactionTrackerOperations.select_customer()
2018-11-28 11:26:34,806 INFO: Executing TransactionTrackerOperations.select_customer()
2018-11-28 11:26:45,680 INFO: Executing TransactionTrackerOperations.get_CM_parcels()
2018-11-28 11:26:48,669 INFO: Executing TransactionTrackerOperations.search_process_for_CMPDM() for: Performance Health|APEX HEALTHCARE FLORIDA DSSI|810
2018-11-28 11:26:49,596 INFO: Executing TransactionTrackerOperations.select_customer()
2018-11-28 11:26:56,379 INFO: Executing TransactionTrackerOperations.select_customer()
2018-11-28 11:27:07,795 INFO: Executing TransactionTrackerOperations.get_CM_parcels()
2018-11-28 11:27:10,452 INFO: NoSuchElementException in TransactionTrackerOperations.get_CM_parcels()
2018-11-28 11:27:14,873 INFO: NoSuchElementException in TransactionTrackerOperations.get_CM_parcels()
2018-11-28 11:27:19,286 INFO: NoSuchElementException in TransactionTrackerOperations.get_CM_parcels()
2018-11-28 11:27:23,602 INFO: NoSuchElementException in TransactionTrackerOperations.get_CM_parcels()
2018-11-28 11:27:27,946 INFO: NoSuchElementException in TransactionTrackerOperations.get_CM_parcels()
2018-11-28 11:27:32,332 INFO: NoSuchElementException in TransactionTrackerOperations.get_CM_parcels()
2018-11-28 11:27:36,754 INFO: NoSuchElementException in TransactionTrackerOperations.get_CM_parcels()
2018-11-28 11:27:41,952 INFO: NoSuchElementException in TransactionTrackerOperations.get_CM_parcels()
2018-11-28 11:27:46,571 INFO: NoSuchElementException in TransactionTrackerOperations.get_CM_parcels()
2018-11-28 11:27:51,124 INFO: NoSuchElementException in TransactionTrackerOperations.get_CM_parcels()
2018-11-28 11:27:55,746 INFO: NoSuchElementException in TransactionTrackerOperations.get_CM_parcels()
2018-11-28 11:27:59,393 INFO: NoSuchElementException in TransactionTrackerOperations.get_CM_parcels()
2018-11-28 11:28:06,771 INFO: Executing TransactionTrackerOperations.search_process_for_CMPDM() for: Performance Health|ATRIUM LIVING CENTERS DSSI|810
2018-11-28 11:28:07,027 INFO: Executing TransactionTrackerOperations.select_customer()
2018-11-28 11:28:13,975 INFO: Executing TransactionTrackerOperations.select_customer()
2018-11-28 11:28:25,501 INFO: Executing TransactionTrackerOperations.get_CM_parcels()
2018-11-28 11:28:28,361 INFO: NoSuchElementException in TransactionTrackerOperations.get_CM_parcels()
2018-11-28 11:28:33,046 INFO: NoSuchElementException in TransactionTrackerOperations.get_CM_parcels()
2018-11-28 11:28:37,953 INFO: NoSuchElementException in TransactionTrackerOperations.get_CM_parcels()
2018-11-28 11:28:42,640 INFO: NoSuchElementException in TransactionTrackerOperations.get_CM_parcels()
2018-11-28 11:28:47,322 INFO: NoSuchElementException in TransactionTrackerOperations.get_CM_parcels()
2018-11-28 11:28:51,878 INFO: NoSuchElementException in TransactionTrackerOperations.get_CM_parcels()
2018-11-28 11:28:56,443 INFO: NoSuchElementException in TransactionTrackerOperations.get_CM_parcels()
2018-11-28 11:29:01,213 INFO: NoSuchElementException in TransactionTrackerOperations.get_CM_parcels()
2018-11-28 11:29:07,718 INFO: NoSuchElementException in TransactionTrackerOperations.get_CM_parcels()
2018-11-28 11:29:12,370 INFO: NoSuchElementException in TransactionTrackerOperations.get_CM_parcels()
2018-11-28 11:29:16,380 INFO: NoSuchElementException in TransactionTrackerOperations.get_CM_parcels()
2018-11-28 11:29:24,391 INFO: Executing TransactionTrackerOperations.search_process_for_CMPDM() for: Performance Health|AXIOM DSSI|810
2018-11-28 11:29:24,422 INFO: Executing TransactionTrackerOperations.select_customer()
2018-11-28 11:29:31,215 INFO: Executing TransactionTrackerOperations.select_customer()
2018-11-28 11:29:42,254 INFO: Executing TransactionTrackerOperations.get_CM_parcels()
2018-11-28 11:29:44,598 INFO: NoSuchElementException in TransactionTrackerOperations.get_CM_parcels()
2018-11-28 11:29:52,405 INFO: Executing TransactionTrackerOperations.search_process_for_CMPDM() for: Performance Health|BE GROUP DSSI|810
2018-11-28 11:29:52,833 INFO: Executing TransactionTrackerOperations.select_customer()
2018-11-28 11:29:59,745 INFO: Executing TransactionTrackerOperations.select_customer()
2018-11-28 11:30:10,936 INFO: Executing TransactionTrackerOperations.get_CM_parcels()
2018-11-28 11:30:16,858 INFO: Executing TransactionTrackerOperations.search_process_for_CMPDM() for: Performance Health|BEACON HEALTH DSSI|810
2018-11-28 11:30:17,975 INFO: Executing TransactionTrackerOperations.select_customer()
2018-11-28 11:30:24,850 INFO: Executing TransactionTrackerOperations.select_customer()
2018-11-28 11:30:36,295 INFO: Executing TransactionTrackerOperations.get_CM_parcels()
2018-11-28 11:30:39,337 INFO: NoSuchElementException in TransactionTrackerOperations.get_CM_parcels()
2018-11-28 11:30:44,436 INFO: NoSuchElementException in TransactionTrackerOperations.get_CM_parcels()
2018-11-28 11:30:48,988 INFO: NoSuchElementException in TransactionTrackerOperations.get_CM_parcels()
2018-11-28 11:30:53,374 INFO: NoSuchElementException in TransactionTrackerOperations.get_CM_parcels()
2018-11-28 11:30:57,309 INFO: NoSuchElementException in TransactionTrackerOperations.get_CM_parcels()
2018-11-28 11:31:04,868 INFO: Executing TransactionTrackerOperations.search_process_for_CMPDM() for: Performance Health|BENEDICTINE DSSI|810
2018-11-28 11:31:04,881 INFO: Executing TransactionTrackerOperations.select_customer()
2018-11-28 11:32:47,283 ERROR: Error in CMProductionDataMonitoring.TaskFilter()
2018-11-28 11:32:53,596 INFO: Executing TransactionTrackerOperations.search_process_for_CMPDM() for: Performance Health|Bethlen Communities Home Health and Hospice|810
2018-11-28 11:32:53,615 INFO: Executing TransactionTrackerOperations.select_customer()
2018-11-28 11:33:00,387 INFO: Executing TransactionTrackerOperations.select_customer()
2018-11-28 11:33:11,684 INFO: Executing TransactionTrackerOperations.get_CM_parcels()
2018-11-28 11:33:14,374 INFO: NoSuchElementException in TransactionTrackerOperations.get_CM_parcels()
2018-11-28 11:33:14,474 ERROR: Error in CMProductionDataMonitoring.TaskFilter()
2018-11-28 11:33:20,017 INFO: Executing TransactionTrackerOperations.search_process_for_CMPDM() for: Performance Health|BOMBAY LANE DSSI|810
2018-11-28 11:33:20,034 INFO: Executing TransactionTrackerOperations.select_customer()
2018-11-28 11:33:26,862 INFO: Executing TransactionTrackerOperations.select_customer()
2018-11-28 11:33:37,878 INFO: Executing TransactionTrackerOperations.get_CM_parcels()
2018-11-28 11:33:40,506 INFO: NoSuchElementException in TransactionTrackerOperations.get_CM_parcels()
2018-11-28 11:33:44,910 INFO: NoSuchElementException in TransactionTrackerOperations.get_CM_parcels()
2018-11-28 11:33:49,411 INFO: NoSuchElementException in TransactionTrackerOperations.get_CM_parcels()
2018-11-28 11:33:53,945 INFO: NoSuchElementException in TransactionTrackerOperations.get_CM_parcels()
2018-11-28 11:33:56,549 INFO: NoSuchElementException in TransactionTrackerOperations.get_CM_parcels()
2018-11-28 11:34:04,277 INFO: Executing TransactionTrackerOperations.search_process_for_CMPDM() for: Performance Health|CARDON AND ASSOCIATES DSSI|810
2018-11-28 11:34:04,298 INFO: Executing TransactionTrackerOperations.select_customer()
2018-11-28 11:34:11,087 INFO: Executing TransactionTrackerOperations.select_customer()
2018-11-28 11:34:22,616 INFO: Executing TransactionTrackerOperations.get_CM_parcels()
2018-11-28 11:34:25,339 INFO: NoSuchElementException in TransactionTrackerOperations.get_CM_parcels()
2018-11-28 11:34:29,826 INFO: NoSuchElementException in TransactionTrackerOperations.get_CM_parcels()
2018-11-28 11:34:34,308 INFO: NoSuchElementException in TransactionTrackerOperations.get_CM_parcels()
2018-11-28 11:34:38,798 INFO: NoSuchElementException in TransactionTrackerOperations.get_CM_parcels()
2018-11-28 11:34:43,215 INFO: NoSuchElementException in TransactionTrackerOperations.get_CM_parcels()
2018-11-28 11:34:47,632 INFO: NoSuchElementException in TransactionTrackerOperations.get_CM_parcels()
2018-11-28 11:34:52,090 INFO: NoSuchElementException in TransactionTrackerOperations.get_CM_parcels()
2018-11-28 11:34:56,502 INFO: NoSuchElementException in TransactionTrackerOperations.get_CM_parcels()
2018-11-28 11:35:00,903 INFO: NoSuchElementException in TransactionTrackerOperations.get_CM_parcels()
2018-11-28 11:35:05,381 INFO: NoSuchElementException in TransactionTrackerOperations.get_CM_parcels()
2018-11-28 11:35:09,848 INFO: NoSuchElementException in TransactionTrackerOperations.get_CM_parcels()
2018-11-28 11:35:14,453 INFO: NoSuchElementException in TransactionTrackerOperations.get_CM_parcels()
2018-11-28 11:35:17,529 INFO: NoSuchElementException in TransactionTrackerOperations.get_CM_parcels()
2018-11-28 11:35:25,620 INFO: Executing TransactionTrackerOperations.search_process_for_CMPDM() for: Performance Health|CERES PURCHASING SOLUTIONS DSSI|810
2018-11-28 11:35:25,638 INFO: Executing TransactionTrackerOperations.select_customer()
2018-11-28 11:35:32,467 INFO: Executing TransactionTrackerOperations.select_customer()
2018-11-28 11:35:44,018 INFO: Executing TransactionTrackerOperations.get_CM_parcels()
2018-11-28 11:35:49,997 INFO: Executing TransactionTrackerOperations.search_process_for_CMPDM() for: Performance Health|Chosen Healthcare DSSI|810
2018-11-28 11:35:50,628 INFO: Executing TransactionTrackerOperations.select_customer()
2018-11-28 11:35:57,411 INFO: Executing TransactionTrackerOperations.select_customer()
2018-11-28 11:36:08,446 INFO: Executing TransactionTrackerOperations.get_CM_parcels()
2018-11-28 11:36:14,741 INFO: Executing TransactionTrackerOperations.search_process_for_CMPDM() for: Performance Health|CLEAR CHOICE DSSI|810
2018-11-28 11:36:15,612 INFO: Executing TransactionTrackerOperations.select_customer()
2018-11-28 11:36:22,408 INFO: Executing TransactionTrackerOperations.select_customer()
2018-11-28 11:36:33,644 INFO: Executing TransactionTrackerOperations.get_CM_parcels()
2018-11-28 11:36:36,227 INFO: NoSuchElementException in TransactionTrackerOperations.get_CM_parcels()
2018-11-28 11:36:40,667 INFO: NoSuchElementException in TransactionTrackerOperations.get_CM_parcels()
2018-11-28 11:36:45,072 INFO: NoSuchElementException in TransactionTrackerOperations.get_CM_parcels()
2018-11-28 11:36:49,433 INFO: NoSuchElementException in TransactionTrackerOperations.get_CM_parcels()
2018-11-28 11:36:53,827 INFO: NoSuchElementException in TransactionTrackerOperations.get_CM_parcels()
2018-11-28 11:36:58,192 INFO: NoSuchElementException in TransactionTrackerOperations.get_CM_parcels()
2018-11-28 11:37:02,868 INFO: NoSuchElementException in TransactionTrackerOperations.get_CM_parcels()
2018-11-28 11:37:06,453 INFO: NoSuchElementException in TransactionTrackerOperations.get_CM_parcels()
2018-11-28 11:37:13,151 INFO: Executing TransactionTrackerOperations.search_process_for_CMPDM() for: Performance Health|COMMUNICARE DSSI|810
2018-11-28 11:37:14,221 INFO: Executing TransactionTrackerOperations.select_customer()
2018-11-28 11:37:21,043 INFO: Executing TransactionTrackerOperations.select_customer()
2018-11-28 11:37:32,269 INFO: Executing TransactionTrackerOperations.get_CM_parcels()
2018-11-28 11:37:38,264 INFO: Executing TransactionTrackerOperations.search_process_for_CMPDM() for: Performance Health|COMPLETE HEALTHCARE DSSI|810
2018-11-28 11:37:39,080 INFO: Executing TransactionTrackerOperations.select_customer()
2018-11-28 11:37:45,879 INFO: Executing TransactionTrackerOperations.select_customer()
2018-11-28 11:37:57,273 INFO: Executing TransactionTrackerOperations.get_CM_parcels()
2018-11-28 11:37:59,872 INFO: NoSuchElementException in TransactionTrackerOperations.get_CM_parcels()
2018-11-28 11:38:04,401 INFO: NoSuchElementException in TransactionTrackerOperations.get_CM_parcels()
2018-11-28 11:38:08,836 INFO: NoSuchElementException in TransactionTrackerOperations.get_CM_parcels()
2018-11-28 11:38:13,157 INFO: NoSuchElementException in TransactionTrackerOperations.get_CM_parcels()
2018-11-28 11:38:17,559 INFO: NoSuchElementException in TransactionTrackerOperations.get_CM_parcels()
2018-11-28 11:38:21,996 INFO: NoSuchElementException in TransactionTrackerOperations.get_CM_parcels()
2018-11-28 11:38:26,443 INFO: NoSuchElementException in TransactionTrackerOperations.get_CM_parcels()
2018-11-28 11:38:30,864 INFO: NoSuchElementException in TransactionTrackerOperations.get_CM_parcels()
2018-11-28 11:38:35,487 INFO: NoSuchElementException in TransactionTrackerOperations.get_CM_parcels()
2018-11-28 11:38:39,912 INFO: NoSuchElementException in TransactionTrackerOperations.get_CM_parcels()
2018-11-28 11:38:44,375 INFO: NoSuchElementException in TransactionTrackerOperations.get_CM_parcels()
2018-11-28 11:38:47,675 INFO: NoSuchElementException in TransactionTrackerOperations.get_CM_parcels()
2018-11-28 11:38:55,784 INFO: Executing TransactionTrackerOperations.search_process_for_CMPDM() for: Performance Health|COVENANT DOVE DSSI|810
2018-11-28 11:38:56,226 INFO: Executing TransactionTrackerOperations.select_customer()
2018-11-28 11:39:03,032 INFO: Executing TransactionTrackerOperations.select_customer()
2018-11-28 11:39:14,248 INFO: Executing TransactionTrackerOperations.get_CM_parcels()
2018-11-28 11:39:16,876 INFO: NoSuchElementException in TransactionTrackerOperations.get_CM_parcels()
2018-11-28 11:39:21,326 INFO: NoSuchElementException in TransactionTrackerOperations.get_CM_parcels()
2018-11-28 11:39:25,742 INFO: NoSuchElementException in TransactionTrackerOperations.get_CM_parcels()
2018-11-28 11:39:30,151 INFO: NoSuchElementException in TransactionTrackerOperations.get_CM_parcels()
2018-11-28 11:39:34,514 INFO: NoSuchElementException in TransactionTrackerOperations.get_CM_parcels()
2018-11-28 11:39:38,909 INFO: NoSuchElementException in TransactionTrackerOperations.get_CM_parcels()
2018-11-28 11:39:43,333 INFO: NoSuchElementException in TransactionTrackerOperations.get_CM_parcels()
2018-11-28 11:39:47,747 INFO: NoSuchElementException in TransactionTrackerOperations.get_CM_parcels()
2018-11-28 11:39:52,150 INFO: NoSuchElementException in TransactionTrackerOperations.get_CM_parcels()
2018-11-28 11:39:56,608 INFO: NoSuchElementException in TransactionTrackerOperations.get_CM_parcels()
2018-11-28 11:40:01,148 INFO: NoSuchElementException in TransactionTrackerOperations.get_CM_parcels()
2018-11-28 11:40:05,737 INFO: NoSuchElementException in TransactionTrackerOperations.get_CM_parcels()
2018-11-28 11:40:10,179 INFO: NoSuchElementException in TransactionTrackerOperations.get_CM_parcels()
2018-11-28 11:40:14,663 INFO: NoSuchElementException in TransactionTrackerOperations.get_CM_parcels()
2018-11-28 11:40:19,184 INFO: NoSuchElementException in TransactionTrackerOperations.get_CM_parcels()
2018-11-28 11:40:23,692 INFO: NoSuchElementException in TransactionTrackerOperations.get_CM_parcels()
2018-11-28 11:40:27,255 INFO: NoSuchElementException in TransactionTrackerOperations.get_CM_parcels()
2018-11-28 11:40:33,499 INFO: Executing TransactionTrackerOperations.search_process_for_CMPDM() for: Performance Health|DIAKON LUTHERAN DSSI|810
2018-11-28 11:40:34,354 INFO: Executing TransactionTrackerOperations.select_customer()
2018-11-28 11:40:41,136 INFO: Executing TransactionTrackerOperations.select_customer()
2018-11-28 11:40:52,434 INFO: Executing TransactionTrackerOperations.get_CM_parcels()
2018-11-28 11:40:55,061 INFO: NoSuchElementException in TransactionTrackerOperations.get_CM_parcels()
2018-11-28 11:40:59,549 INFO: NoSuchElementException in TransactionTrackerOperations.get_CM_parcels()
2018-11-28 11:41:04,000 INFO: NoSuchElementException in TransactionTrackerOperations.get_CM_parcels()
2018-11-28 11:41:08,335 INFO: NoSuchElementException in TransactionTrackerOperations.get_CM_parcels()
2018-11-28 11:41:12,554 INFO: NoSuchElementException in TransactionTrackerOperations.get_CM_parcels()
2018-11-28 11:41:20,710 INFO: Executing TransactionTrackerOperations.search_process_for_CMPDM() for: Performance Health|DIVERSICARE DSSI|810
2018-11-28 11:41:20,729 INFO: Executing TransactionTrackerOperations.select_customer()
2018-11-28 11:41:27,521 INFO: Executing TransactionTrackerOperations.select_customer()
2018-11-28 11:41:38,633 INFO: Executing TransactionTrackerOperations.get_CM_parcels()
2018-11-28 11:41:45,667 INFO: Executing TransactionTrackerOperations.search_process_for_CMPDM() for: Performance Health|Dycora Transitional Health DSSI|810
2018-11-28 11:41:45,689 INFO: Executing TransactionTrackerOperations.select_customer()
2018-11-28 11:41:52,462 INFO: Executing TransactionTrackerOperations.select_customer()
2018-11-28 11:42:03,595 INFO: Executing TransactionTrackerOperations.get_CM_parcels()
2018-11-28 11:42:06,195 INFO: NoSuchElementException in TransactionTrackerOperations.get_CM_parcels()
2018-11-28 11:42:10,677 INFO: NoSuchElementException in TransactionTrackerOperations.get_CM_parcels()
2018-11-28 11:42:15,026 INFO: NoSuchElementException in TransactionTrackerOperations.get_CM_parcels()
2018-11-28 11:42:19,480 INFO: NoSuchElementException in TransactionTrackerOperations.get_CM_parcels()
2018-11-28 11:42:23,913 INFO: NoSuchElementException in TransactionTrackerOperations.get_CM_parcels()
2018-11-28 11:42:28,310 INFO: NoSuchElementException in TransactionTrackerOperations.get_CM_parcels()
2018-11-28 11:42:32,861 INFO: NoSuchElementException in TransactionTrackerOperations.get_CM_parcels()
2018-11-28 11:42:37,248 INFO: NoSuchElementException in TransactionTrackerOperations.get_CM_parcels()
2018-11-28 11:42:41,693 INFO: NoSuchElementException in TransactionTrackerOperations.get_CM_parcels()
2018-11-28 11:42:46,248 INFO: NoSuchElementException in TransactionTrackerOperations.get_CM_parcels()
2018-11-28 11:42:48,624 INFO: NoSuchElementException in TransactionTrackerOperations.get_CM_parcels()
2018-11-28 11:42:55,666 INFO: Executing TransactionTrackerOperations.search_process_for_CMPDM() for: Performance Health|ERICKSON RETIREMENT COMMUNITIES DSSI|810
2018-11-28 11:42:56,204 INFO: Executing TransactionTrackerOperations.select_customer()
2018-11-28 11:43:02,993 INFO: Executing TransactionTrackerOperations.select_customer()
2018-11-28 11:43:14,750 INFO: Executing TransactionTrackerOperations.get_CM_parcels()
2018-11-28 11:43:17,384 INFO: NoSuchElementException in TransactionTrackerOperations.get_CM_parcels()
2018-11-28 11:43:21,834 INFO: NoSuchElementException in TransactionTrackerOperations.get_CM_parcels()
2018-11-28 11:43:26,297 INFO: NoSuchElementException in TransactionTrackerOperations.get_CM_parcels()
2018-11-28 11:43:30,712 INFO: NoSuchElementException in TransactionTrackerOperations.get_CM_parcels()
2018-11-28 11:43:35,082 INFO: NoSuchElementException in TransactionTrackerOperations.get_CM_parcels()
2018-11-28 11:43:39,492 INFO: NoSuchElementException in TransactionTrackerOperations.get_CM_parcels()
2018-11-28 11:43:43,996 INFO: NoSuchElementException in TransactionTrackerOperations.get_CM_parcels()
2018-11-28 11:43:48,436 INFO: NoSuchElementException in TransactionTrackerOperations.get_CM_parcels()
2018-11-28 11:43:52,928 INFO: NoSuchElementException in TransactionTrackerOperations.get_CM_parcels()
2018-11-28 11:43:57,387 INFO: NoSuchElementException in TransactionTrackerOperations.get_CM_parcels()
2018-11-28 11:44:01,844 INFO: NoSuchElementException in TransactionTrackerOperations.get_CM_parcels()
2018-11-28 11:44:06,337 INFO: NoSuchElementException in TransactionTrackerOperations.get_CM_parcels()
2018-11-28 11:44:09,061 INFO: NoSuchElementException in TransactionTrackerOperations.get_CM_parcels()
2018-11-28 11:44:13,823 ERROR: Error in CMProductionDataMonitoring.TaskFilter()
