2018-10-18 18:43:19,914 INFO: Executing Script Credit Memo Prodution Data Monitoring
2018-10-18 18:43:23,915 INFO: Login in to Launchpad
2018-10-18 18:43:38,180 INFO: Refreshing access_token
2018-10-18 18:43:42,393 INFO: Executing method 'search_process' from TransactionTrackerOperations
2018-10-18 18:43:45,860 INFO: Executing method 'select_customer' from TransactionTrackerOperations
2018-10-18 18:43:54,574 INFO: Executing method 'select_customer' from TransactionTrackerOperations
2018-10-18 18:44:26,580 INFO: Executing method 'search_process' from TransactionTrackerOperations
2018-10-18 18:44:28,875 INFO: Executing method 'select_customer' from TransactionTrackerOperations
2018-10-18 18:44:37,527 INFO: Executing method 'select_customer' from TransactionTrackerOperations
2018-10-18 18:44:58,985 INFO: Executing method 'search_process' from TransactionTrackerOperations
2018-10-18 18:45:00,999 INFO: Executing method 'select_customer' from TransactionTrackerOperations
2018-10-18 18:45:09,674 INFO: Executing method 'select_customer' from TransactionTrackerOperations
2018-10-18 18:46:36,232 INFO: Executing Script Credit Memo Prodution Data Monitoring
2018-10-18 18:46:39,632 INFO: Login in to Launchpad
2018-10-18 18:46:53,321 INFO: Refreshing access_token
2018-10-18 18:46:56,683 INFO: Executing method 'search_process' from TransactionTrackerOperations
2018-10-18 18:46:58,699 INFO: Executing method 'select_customer' from TransactionTrackerOperations
2018-10-18 18:47:07,399 INFO: Executing method 'select_customer' from TransactionTrackerOperations
2018-10-18 18:47:38,939 INFO: Executing method 'search_process' from TransactionTrackerOperations
2018-10-18 18:47:40,951 INFO: Executing method 'select_customer' from TransactionTrackerOperations
2018-10-18 18:47:49,684 INFO: Executing method 'select_customer' from TransactionTrackerOperations
2018-10-18 18:48:11,131 INFO: Executing method 'search_process' from TransactionTrackerOperations
2018-10-18 18:48:13,145 INFO: Executing method 'select_customer' from TransactionTrackerOperations
2018-10-18 18:50:55,804 INFO: Executing Script Credit Memo Prodution Data Monitoring
2018-10-18 18:50:59,194 INFO: Login in to Launchpad
2018-10-18 18:51:12,154 INFO: Refreshing access_token
2018-10-18 18:51:17,262 INFO: Executing method 'search_process' from TransactionTrackerOperations
2018-10-18 18:51:19,277 INFO: Executing method 'select_customer' from TransactionTrackerOperations
2018-10-18 18:51:27,960 INFO: Executing method 'select_customer' from TransactionTrackerOperations
2018-10-18 18:51:59,386 INFO: Executing method 'search_process' from TransactionTrackerOperations
2018-10-18 18:52:01,402 INFO: Executing method 'select_customer' from TransactionTrackerOperations
2018-10-18 18:53:05,761 INFO: Executing Script Credit Memo Prodution Data Monitoring
2018-10-18 18:53:09,234 INFO: Login in to Launchpad
2018-10-18 18:53:22,432 INFO: Refreshing access_token
2018-10-18 18:53:26,556 INFO: Executing method 'search_process' from TransactionTrackerOperations
2018-10-18 18:53:28,574 INFO: Executing method 'select_customer' from TransactionTrackerOperations
2018-10-18 18:53:37,249 INFO: Executing method 'select_customer' from TransactionTrackerOperations
2018-10-18 18:54:09,100 INFO: Executing method 'search_process' from TransactionTrackerOperations
2018-10-18 18:54:11,116 INFO: Executing method 'select_customer' from TransactionTrackerOperations
2018-10-18 19:01:34,174 INFO: Executing Script Credit Memo Prodution Data Monitoring
2018-10-18 19:01:37,575 INFO: Login in to Launchpad
2018-10-18 19:01:50,531 INFO: Refreshing access_token
2018-10-18 19:01:54,172 INFO: Executing method 'search_process' from TransactionTrackerOperations
2018-10-18 19:01:56,458 INFO: Executing method 'select_customer' from TransactionTrackerOperations
2018-10-18 19:02:05,146 INFO: Executing method 'select_customer' from TransactionTrackerOperations
2018-10-18 19:03:53,884 INFO: Executing Script Credit Memo Prodution Data Monitoring
2018-10-18 19:03:57,283 INFO: Login in to Launchpad
2018-10-18 19:04:10,924 INFO: Refreshing access_token
2018-10-18 19:04:14,186 INFO: Executing method 'search_process' from TransactionTrackerOperations
2018-10-18 19:04:16,203 INFO: Executing method 'select_customer' from TransactionTrackerOperations
2018-10-18 19:04:24,865 INFO: Executing method 'select_customer' from TransactionTrackerOperations
2018-10-18 19:04:56,703 INFO: Executing method 'search_process' from TransactionTrackerOperations
2018-10-18 19:04:58,716 INFO: Executing method 'select_customer' from TransactionTrackerOperations
2018-10-18 19:05:07,407 INFO: Executing method 'select_customer' from TransactionTrackerOperations
2018-10-18 19:10:05,959 INFO: Executing Script Credit Memo Prodution Data Monitoring
2018-10-18 19:10:09,357 INFO: Login in to Launchpad
2018-10-18 19:10:22,670 INFO: Refreshing access_token
2018-10-18 19:10:26,367 INFO: Executing method 'search_process' from TransactionTrackerOperations
2018-10-18 19:10:28,392 INFO: Executing method 'select_customer' from TransactionTrackerOperations
2018-10-18 19:10:37,065 INFO: Executing method 'select_customer' from TransactionTrackerOperations
2018-10-18 19:11:08,642 INFO: Executing method 'search_process' from TransactionTrackerOperations
2018-10-18 19:11:10,655 INFO: Executing method 'select_customer' from TransactionTrackerOperations
2018-10-18 19:11:19,334 INFO: Executing method 'select_customer' from TransactionTrackerOperations
2018-10-18 19:11:40,594 INFO: Executing method 'search_process' from TransactionTrackerOperations
2018-10-18 19:11:42,609 INFO: Executing method 'select_customer' from TransactionTrackerOperations
2018-10-18 19:11:51,368 INFO: Executing method 'select_customer' from TransactionTrackerOperations
2018-10-18 19:15:34,725 INFO: Executing Script Credit Memo Prodution Data Monitoring
2018-10-18 19:15:38,084 INFO: Login in to Launchpad
2018-10-18 19:15:51,047 INFO: Refreshing access_token
2018-10-18 19:15:56,078 INFO: Executing method 'search_process' from TransactionTrackerOperations
2018-10-18 19:15:58,093 INFO: Executing method 'select_customer' from TransactionTrackerOperations
2018-10-18 19:16:06,808 INFO: Executing method 'select_customer' from TransactionTrackerOperations
2018-10-18 19:16:38,396 INFO: Executing method 'search_process' from TransactionTrackerOperations
2018-10-18 19:16:40,410 INFO: Executing method 'select_customer' from TransactionTrackerOperations
2018-10-18 19:16:49,109 INFO: Executing method 'select_customer' from TransactionTrackerOperations
2018-10-18 19:40:58,139 INFO: Executing Script Credit Memo Prodution Data Monitoring
2018-10-18 19:41:01,776 INFO: Login in to Launchpad
2018-10-18 19:41:15,106 INFO: Refreshing access_token
2018-10-18 19:41:19,193 INFO: Executing method 'search_process' from TransactionTrackerOperations
2018-10-18 19:41:21,209 INFO: Executing method 'select_customer' from TransactionTrackerOperations
2018-10-18 19:41:29,869 INFO: Executing method 'select_customer' from TransactionTrackerOperations
2018-10-18 19:42:00,408 INFO: Executing method 'search_process' from TransactionTrackerOperations
2018-10-18 19:42:02,422 INFO: Executing method 'select_customer' from TransactionTrackerOperations
2018-10-18 19:42:11,081 INFO: Executing method 'select_customer' from TransactionTrackerOperations
2018-10-18 19:46:46,780 INFO: Executing Script Credit Memo Prodution Data Monitoring
2018-10-18 19:46:50,191 INFO: Login in to Launchpad
2018-10-18 19:47:03,067 INFO: Refreshing access_token
2018-10-18 19:47:07,117 INFO: Executing method 'search_process' from TransactionTrackerOperations
2018-10-18 19:47:09,130 INFO: Executing method 'select_customer' from TransactionTrackerOperations
2018-10-18 19:47:17,775 INFO: Executing method 'select_customer' from TransactionTrackerOperations
2018-10-18 19:47:38,756 INFO: Executing method 'search_process' from TransactionTrackerOperations
2018-10-18 19:47:40,771 INFO: Executing method 'select_customer' from TransactionTrackerOperations
2018-10-18 19:47:49,394 INFO: Executing method 'select_customer' from TransactionTrackerOperations
2018-10-18 19:48:20,966 INFO: Executing method 'search_process' from TransactionTrackerOperations
2018-10-18 19:48:22,983 INFO: Executing method 'select_customer' from TransactionTrackerOperations
2018-10-18 19:48:31,674 INFO: Executing method 'select_customer' from TransactionTrackerOperations
2018-10-18 19:49:02,448 INFO: Executing method 'search_process' from TransactionTrackerOperations
2018-10-18 19:49:04,462 INFO: Executing method 'select_customer' from TransactionTrackerOperations
2018-10-18 19:49:13,109 INFO: Executing method 'select_customer' from TransactionTrackerOperations
2018-10-18 19:50:00,653 INFO: Executing method 'search_process' from TransactionTrackerOperations
2018-10-18 19:50:02,668 INFO: Executing method 'select_customer' from TransactionTrackerOperations
2018-10-18 19:50:11,330 INFO: Executing method 'select_customer' from TransactionTrackerOperations
2018-10-18 19:50:32,707 INFO: Executing method 'search_process' from TransactionTrackerOperations
2018-10-18 19:50:34,718 INFO: Executing method 'select_customer' from TransactionTrackerOperations
2018-10-18 19:50:43,411 INFO: Executing method 'select_customer' from TransactionTrackerOperations
2018-10-18 19:51:38,899 INFO: Executing method 'search_process' from TransactionTrackerOperations
2018-10-18 19:51:40,924 INFO: Executing method 'select_customer' from TransactionTrackerOperations
2018-10-18 19:53:16,150 INFO: Executing Script Credit Memo Prodution Data Monitoring
2018-10-18 19:53:19,574 INFO: Login in to Launchpad
2018-10-18 19:53:33,281 INFO: Refreshing access_token
2018-10-18 19:53:36,980 INFO: Executing method 'search_process' from TransactionTrackerOperations
2018-10-18 19:53:39,252 INFO: Executing method 'select_customer' from TransactionTrackerOperations
2018-10-18 19:53:47,977 INFO: Executing method 'select_customer' from TransactionTrackerOperations
2018-10-18 19:54:19,866 INFO: Executing method 'search_process' from TransactionTrackerOperations
2018-10-18 19:54:21,879 INFO: Executing method 'select_customer' from TransactionTrackerOperations
2018-10-18 19:54:30,577 INFO: Executing method 'select_customer' from TransactionTrackerOperations
2018-10-18 19:54:52,020 INFO: Executing method 'search_process' from TransactionTrackerOperations
2018-10-18 19:54:54,034 INFO: Executing method 'select_customer' from TransactionTrackerOperations
2018-10-18 19:55:02,743 INFO: Executing method 'select_customer' from TransactionTrackerOperations
2018-10-18 19:55:33,373 INFO: Executing method 'search_process' from TransactionTrackerOperations
2018-10-18 19:55:35,403 INFO: Executing method 'select_customer' from TransactionTrackerOperations
2018-10-18 19:55:44,144 INFO: Executing method 'select_customer' from TransactionTrackerOperations
2018-10-18 20:05:31,655 INFO: Executing Script Credit Memo Prodution Data Monitoring
2018-10-18 20:05:35,049 INFO: Login in to Launchpad
2018-10-18 20:05:48,904 INFO: Refreshing access_token
2018-10-18 20:05:52,737 INFO: Executing method 'search_process' from TransactionTrackerOperations
2018-10-18 20:05:54,754 INFO: Executing method 'select_customer' from TransactionTrackerOperations
2018-10-18 20:06:03,496 INFO: Executing method 'select_customer' from TransactionTrackerOperations
2018-10-18 20:06:34,338 INFO: Executing method 'search_process' from TransactionTrackerOperations
2018-10-18 20:06:36,353 INFO: Executing method 'select_customer' from TransactionTrackerOperations
2018-10-18 20:06:45,108 INFO: Executing method 'select_customer' from TransactionTrackerOperations
2018-10-18 20:07:05,981 INFO: Executing method 'search_process' from TransactionTrackerOperations
2018-10-18 20:07:07,993 INFO: Executing method 'select_customer' from TransactionTrackerOperations
2018-10-18 20:07:16,643 INFO: Executing method 'select_customer' from TransactionTrackerOperations
2018-10-18 20:07:47,097 INFO: Executing method 'search_process' from TransactionTrackerOperations
2018-10-18 20:07:49,111 INFO: Executing method 'select_customer' from TransactionTrackerOperations
2018-10-18 20:07:57,794 INFO: Executing method 'select_customer' from TransactionTrackerOperations
2018-10-18 20:08:28,567 INFO: Executing method 'search_process' from TransactionTrackerOperations
2018-10-18 20:08:30,581 INFO: Executing method 'select_customer' from TransactionTrackerOperations
2018-10-18 20:08:39,223 INFO: Executing method 'select_customer' from TransactionTrackerOperations
2018-10-18 20:09:27,018 INFO: Executing method 'search_process' from TransactionTrackerOperations
2018-10-18 20:09:29,031 INFO: Executing method 'select_customer' from TransactionTrackerOperations
2018-10-18 20:09:37,678 INFO: Executing method 'select_customer' from TransactionTrackerOperations
2018-10-18 20:09:59,118 INFO: Executing method 'search_process' from TransactionTrackerOperations
2018-10-18 20:10:01,134 INFO: Executing method 'select_customer' from TransactionTrackerOperations
2018-10-18 20:10:09,862 INFO: Executing method 'select_customer' from TransactionTrackerOperations
2018-10-18 20:11:03,615 INFO: Executing method 'search_process' from TransactionTrackerOperations
2018-10-18 20:11:05,630 INFO: Executing method 'select_customer' from TransactionTrackerOperations
2018-10-18 20:11:14,270 INFO: Executing method 'select_customer' from TransactionTrackerOperations
2018-10-18 20:11:35,959 INFO: Executing method 'search_process' from TransactionTrackerOperations
2018-10-18 20:11:37,973 INFO: Executing method 'select_customer' from TransactionTrackerOperations
2018-10-18 20:11:46,809 INFO: Executing method 'select_customer' from TransactionTrackerOperations
2018-10-18 20:12:08,078 INFO: Executing method 'search_process' from TransactionTrackerOperations
2018-10-18 20:12:10,093 INFO: Executing method 'select_customer' from TransactionTrackerOperations
2018-10-18 20:12:18,831 INFO: Executing method 'select_customer' from TransactionTrackerOperations
2018-10-18 20:13:03,111 INFO: Executing method 'search_process' from TransactionTrackerOperations
2018-10-18 20:13:05,127 INFO: Executing method 'select_customer' from TransactionTrackerOperations
2018-10-18 20:13:13,787 INFO: Executing method 'select_customer' from TransactionTrackerOperations
2018-10-18 20:13:58,646 INFO: Executing method 'search_process' from TransactionTrackerOperations
2018-10-18 20:14:00,660 INFO: Executing method 'select_customer' from TransactionTrackerOperations
2018-10-18 20:14:09,395 INFO: Executing method 'select_customer' from TransactionTrackerOperations
2018-10-18 20:14:30,835 INFO: Executing method 'search_process' from TransactionTrackerOperations
2018-10-18 20:14:32,848 INFO: Executing method 'select_customer' from TransactionTrackerOperations
2018-10-18 20:14:41,503 INFO: Executing method 'select_customer' from TransactionTrackerOperations
2018-10-18 20:15:02,643 INFO: Executing method 'search_process' from TransactionTrackerOperations
2018-10-18 20:15:04,657 INFO: Executing method 'select_customer' from TransactionTrackerOperations
2018-10-18 20:15:13,352 INFO: Executing method 'select_customer' from TransactionTrackerOperations
2018-10-18 20:16:32,162 INFO: Executing method 'search_process' from TransactionTrackerOperations
2018-10-18 20:16:34,175 INFO: Executing method 'select_customer' from TransactionTrackerOperations
2018-10-18 20:16:42,939 INFO: Executing method 'select_customer' from TransactionTrackerOperations
2018-10-18 20:17:04,886 INFO: Executing method 'search_process' from TransactionTrackerOperations
2018-10-18 20:17:06,899 INFO: Executing method 'select_customer' from TransactionTrackerOperations
2018-10-18 20:17:15,589 INFO: Executing method 'select_customer' from TransactionTrackerOperations
2018-10-18 20:17:49,705 INFO: Executing method 'search_process' from TransactionTrackerOperations
2018-10-18 20:17:51,718 INFO: Executing method 'select_customer' from TransactionTrackerOperations
2018-10-18 20:18:00,471 INFO: Executing method 'select_customer' from TransactionTrackerOperations
2018-10-18 20:18:27,188 INFO: Executing method 'search_process' from TransactionTrackerOperations
2018-10-18 20:18:29,206 INFO: Executing method 'select_customer' from TransactionTrackerOperations
2018-10-18 20:18:37,889 INFO: Executing method 'select_customer' from TransactionTrackerOperations
2018-10-18 20:19:04,816 INFO: Executing method 'search_process' from TransactionTrackerOperations
2018-10-18 20:19:06,831 INFO: Executing method 'select_customer' from TransactionTrackerOperations
2018-10-18 20:19:15,560 INFO: Executing method 'select_customer' from TransactionTrackerOperations
2018-10-18 20:19:49,832 INFO: Executing method 'search_process' from TransactionTrackerOperations
2018-10-18 20:19:51,846 INFO: Executing method 'select_customer' from TransactionTrackerOperations
2018-10-18 20:20:00,591 INFO: Executing method 'select_customer' from TransactionTrackerOperations
2018-10-18 20:20:41,987 INFO: Executing Script Credit Memo Prodution Data Monitoring
2018-10-18 20:20:45,363 INFO: Login in to Launchpad
2018-10-18 20:20:57,688 INFO: Refreshing access_token
2018-10-18 20:21:01,913 INFO: Executing method 'search_process' from TransactionTrackerOperations
2018-10-18 20:21:04,079 INFO: Executing method 'select_customer' from TransactionTrackerOperations
2018-10-18 20:21:13,803 INFO: Executing method 'select_customer' from TransactionTrackerOperations
2018-10-18 20:21:46,819 INFO: Executing method 'search_process' from TransactionTrackerOperations
2018-10-18 20:21:48,835 INFO: Executing method 'select_customer' from TransactionTrackerOperations
2018-10-18 20:21:57,974 INFO: Executing method 'select_customer' from TransactionTrackerOperations
2018-10-18 20:22:19,561 INFO: Executing method 'search_process' from TransactionTrackerOperations
2018-10-18 20:22:21,577 INFO: Executing method 'select_customer' from TransactionTrackerOperations
2018-10-18 20:22:30,751 INFO: Executing method 'select_customer' from TransactionTrackerOperations
