2018-12-13 12:04:48,132 INFO: Executing Script Credit Memo Prodution Data Monitoring
2018-12-13 12:04:48,322 INFO: Executing CMProductionDataMonitoring.execute_main()
2018-12-13 12:04:57,761 INFO: Login in to Launchpad
2018-12-13 12:05:10,843 INFO: Executing CMProductionDataMonitoring.TaskFilter()
2018-12-13 12:05:11,163 INFO: Refreshing access_token
2018-12-13 12:05:18,327 INFO: select InProgress task from input sheet from CMProductionDataMonitoring.TaskFilter()
2018-12-13 12:05:18,328 INFO: Executing TransactionTrackerOperations.search_process_for_CMPDM() for: Performance Health|McKesson BASCOM PALMER EYE INST|810
2018-12-13 12:05:18,365 INFO: Executing TransactionTrackerOperations.select_customer()
2018-12-13 12:05:25,203 INFO: Executing TransactionTrackerOperations.select_customer()
2018-12-13 12:05:36,574 INFO: Executing TransactionTrackerOperations.get_CM_parcels()
2018-12-13 12:05:43,733 INFO: Executing TransactionTrackerOperations.search_process_for_CMPDM() for: Performance Health|McKesson CABELL HUNTINGTON HOSPITAL|810
2018-12-13 12:05:43,977 INFO: Executing TransactionTrackerOperations.select_customer()
2018-12-13 12:05:50,803 INFO: Executing TransactionTrackerOperations.select_customer()
2018-12-13 12:06:02,241 INFO: Executing TransactionTrackerOperations.get_CM_parcels()
2018-12-13 12:06:05,039 INFO: NoSuchElementException in TransactionTrackerOperations.get_CM_parcels()
2018-12-13 12:06:09,580 INFO: NoSuchElementException in TransactionTrackerOperations.get_CM_parcels()
2018-12-13 12:06:12,196 INFO: NoSuchElementException in TransactionTrackerOperations.get_CM_parcels()
2018-12-13 12:06:19,203 INFO: Executing TransactionTrackerOperations.search_process_for_CMPDM() for: Performance Health|McKesson CHILDRENS HOSPITAL|810
2018-12-13 12:06:19,716 INFO: Executing TransactionTrackerOperations.select_customer()
2018-12-13 12:06:26,629 INFO: Executing TransactionTrackerOperations.select_customer()
2018-12-13 12:06:37,932 INFO: Executing TransactionTrackerOperations.get_CM_parcels()
2018-12-13 12:06:40,751 INFO: NoSuchElementException in TransactionTrackerOperations.get_CM_parcels()
2018-12-13 12:06:45,369 INFO: NoSuchElementException in TransactionTrackerOperations.get_CM_parcels()
2018-12-13 12:06:48,217 INFO: NoSuchElementException in TransactionTrackerOperations.get_CM_parcels()
2018-12-13 12:06:56,541 INFO: Executing TransactionTrackerOperations.search_process_for_CMPDM() for: Performance Health|McKesson CHRISTIANA CARE HEALTH|810
2018-12-13 12:06:56,616 INFO: Executing TransactionTrackerOperations.select_customer()
2018-12-13 12:07:03,494 INFO: Executing TransactionTrackerOperations.select_customer()
2018-12-13 12:07:14,800 INFO: Executing TransactionTrackerOperations.get_CM_parcels()
2018-12-13 12:07:17,601 INFO: NoSuchElementException in TransactionTrackerOperations.get_CM_parcels()
2018-12-13 12:07:22,144 INFO: NoSuchElementException in TransactionTrackerOperations.get_CM_parcels()
2018-12-13 12:07:26,812 INFO: NoSuchElementException in TransactionTrackerOperations.get_CM_parcels()
2018-12-13 12:07:31,264 INFO: NoSuchElementException in TransactionTrackerOperations.get_CM_parcels()
2018-12-13 12:07:35,699 INFO: NoSuchElementException in TransactionTrackerOperations.get_CM_parcels()
2018-12-13 12:07:40,121 INFO: NoSuchElementException in TransactionTrackerOperations.get_CM_parcels()
2018-12-13 12:07:44,568 INFO: NoSuchElementException in TransactionTrackerOperations.get_CM_parcels()
2018-12-13 12:07:49,024 INFO: NoSuchElementException in TransactionTrackerOperations.get_CM_parcels()
2018-12-13 12:07:53,499 INFO: NoSuchElementException in TransactionTrackerOperations.get_CM_parcels()
2018-12-13 12:07:57,967 INFO: NoSuchElementException in TransactionTrackerOperations.get_CM_parcels()
2018-12-13 12:08:02,440 INFO: NoSuchElementException in TransactionTrackerOperations.get_CM_parcels()
2018-12-13 12:08:06,939 INFO: NoSuchElementException in TransactionTrackerOperations.get_CM_parcels()
2018-12-13 12:08:10,645 INFO: NoSuchElementException in TransactionTrackerOperations.get_CM_parcels()
2018-12-13 12:08:17,963 INFO: Executing TransactionTrackerOperations.search_process_for_CMPDM() for: Performance Health|McKesson EMH REGIONAL HEALTHCARE SYSTEMS|810
2018-12-13 12:08:17,979 INFO: Executing TransactionTrackerOperations.select_customer()
2018-12-13 12:10:00,041 ERROR: Error in CMProductionDataMonitoring.TaskFilter()
2018-12-13 12:10:13,282 INFO: Executing TransactionTrackerOperations.search_process_for_CMPDM() for: Performance Health|McKesson EMORY HEALTHCARE|810
2018-12-13 12:10:13,644 INFO: Executing TransactionTrackerOperations.select_customer()
2018-12-13 12:10:19,860 INFO: Executing TransactionTrackerOperations.select_customer()
2018-12-13 12:10:21,935 ERROR: Error in CMProductionDataMonitoring.TaskFilter()
2018-12-13 12:10:33,122 INFO: Executing TransactionTrackerOperations.search_process_for_CMPDM() for: Performance Health|McKesson FIRELANDS REGIONAL MEDICAL CENTER|810
2018-12-13 12:10:33,141 INFO: Executing TransactionTrackerOperations.select_customer()
2018-12-13 12:10:39,968 INFO: Executing TransactionTrackerOperations.select_customer()
2018-12-13 12:10:51,527 INFO: Executing TransactionTrackerOperations.get_CM_parcels()
2018-12-13 12:10:59,262 INFO: Executing TransactionTrackerOperations.search_process_for_CMPDM() for: Performance Health|McKesson FIRSTHEALTH CAROLINAS|810
2018-12-13 12:10:59,574 INFO: Executing TransactionTrackerOperations.select_customer()
2018-12-13 12:11:06,423 INFO: Executing TransactionTrackerOperations.select_customer()
2018-12-13 12:11:18,281 INFO: Executing TransactionTrackerOperations.get_CM_parcels()
2018-12-13 12:11:24,420 INFO: Executing TransactionTrackerOperations.search_process_for_CMPDM() for: Performance Health|McKesson FRANCISCAN ALLIANCE INC|810
2018-12-13 12:11:25,395 INFO: Executing TransactionTrackerOperations.select_customer()
2018-12-13 12:11:32,220 INFO: Executing TransactionTrackerOperations.select_customer()
2018-12-13 12:11:43,597 INFO: Executing TransactionTrackerOperations.get_CM_parcels()
2018-12-13 12:11:46,383 INFO: NoSuchElementException in TransactionTrackerOperations.get_CM_parcels()
2018-12-13 12:11:50,853 INFO: NoSuchElementException in TransactionTrackerOperations.get_CM_parcels()
2018-12-13 12:11:55,436 INFO: NoSuchElementException in TransactionTrackerOperations.get_CM_parcels()
2018-12-13 12:11:59,830 INFO: NoSuchElementException in TransactionTrackerOperations.get_CM_parcels()
2018-12-13 12:12:04,296 INFO: NoSuchElementException in TransactionTrackerOperations.get_CM_parcels()
2018-12-13 12:12:08,746 INFO: NoSuchElementException in TransactionTrackerOperations.get_CM_parcels()
2018-12-13 12:12:13,283 INFO: NoSuchElementException in TransactionTrackerOperations.get_CM_parcels()
2018-12-13 12:12:17,740 INFO: NoSuchElementException in TransactionTrackerOperations.get_CM_parcels()
2018-12-13 12:12:22,257 INFO: NoSuchElementException in TransactionTrackerOperations.get_CM_parcels()
2018-12-13 12:12:26,904 INFO: NoSuchElementException in TransactionTrackerOperations.get_CM_parcels()
2018-12-13 12:12:31,484 INFO: NoSuchElementException in TransactionTrackerOperations.get_CM_parcels()
2018-12-13 12:12:35,974 INFO: NoSuchElementException in TransactionTrackerOperations.get_CM_parcels()
2018-12-13 12:12:40,452 INFO: NoSuchElementException in TransactionTrackerOperations.get_CM_parcels()
2018-12-13 12:12:44,939 INFO: NoSuchElementException in TransactionTrackerOperations.get_CM_parcels()
2018-12-13 12:12:48,078 INFO: NoSuchElementException in TransactionTrackerOperations.get_CM_parcels()
2018-12-13 12:12:56,126 INFO: Executing TransactionTrackerOperations.search_process_for_CMPDM() for: Performance Health|McKesson GOOD SHEPHERD REHAB NETWORK|810
2018-12-13 12:12:56,680 INFO: Executing TransactionTrackerOperations.select_customer()
2018-12-13 12:13:03,497 INFO: Executing TransactionTrackerOperations.select_customer()
2018-12-13 12:13:15,190 INFO: Executing TransactionTrackerOperations.get_CM_parcels()
2018-12-13 12:13:18,095 INFO: NoSuchElementException in TransactionTrackerOperations.get_CM_parcels()
2018-12-13 12:13:22,620 INFO: NoSuchElementException in TransactionTrackerOperations.get_CM_parcels()
2018-12-13 12:13:27,048 INFO: NoSuchElementException in TransactionTrackerOperations.get_CM_parcels()
2018-12-13 12:13:31,545 INFO: NoSuchElementException in TransactionTrackerOperations.get_CM_parcels()
2018-12-13 12:13:36,068 INFO: NoSuchElementException in TransactionTrackerOperations.get_CM_parcels()
2018-12-13 12:13:40,518 INFO: NoSuchElementException in TransactionTrackerOperations.get_CM_parcels()
2018-12-13 12:13:45,072 INFO: NoSuchElementException in TransactionTrackerOperations.get_CM_parcels()
2018-12-13 12:13:49,587 INFO: NoSuchElementException in TransactionTrackerOperations.get_CM_parcels()
2018-12-13 12:13:54,156 INFO: NoSuchElementException in TransactionTrackerOperations.get_CM_parcels()
2018-12-13 12:13:58,673 INFO: NoSuchElementException in TransactionTrackerOperations.get_CM_parcels()
2018-12-13 12:14:03,304 INFO: NoSuchElementException in TransactionTrackerOperations.get_CM_parcels()
2018-12-13 12:14:07,788 INFO: NoSuchElementException in TransactionTrackerOperations.get_CM_parcels()
2018-12-13 12:14:12,304 INFO: NoSuchElementException in TransactionTrackerOperations.get_CM_parcels()
2018-12-13 12:14:16,284 INFO: NoSuchElementException in TransactionTrackerOperations.get_CM_parcels()
2018-12-13 12:14:24,043 INFO: Executing TransactionTrackerOperations.search_process_for_CMPDM() for: Performance Health|McKesson HALIFAX REGIONAL HOSPITAL|810
2018-12-13 12:14:24,912 INFO: Executing TransactionTrackerOperations.select_customer()
2018-12-13 12:14:31,737 INFO: Executing TransactionTrackerOperations.select_customer()
2018-12-13 12:14:43,564 INFO: Executing TransactionTrackerOperations.get_CM_parcels()
2018-12-13 12:14:57,275 INFO: Executing TransactionTrackerOperations.search_process_for_CMPDM() for: Performance Health|McKesson HATTISBURG CLINIC|810
2018-12-13 12:14:57,347 INFO: Executing TransactionTrackerOperations.select_customer()
2018-12-13 12:15:04,259 INFO: Executing TransactionTrackerOperations.select_customer()
2018-12-13 12:15:15,447 INFO: Executing TransactionTrackerOperations.get_CM_parcels()
2018-12-13 12:15:22,548 INFO: Executing TransactionTrackerOperations.search_process_for_CMPDM() for: Performance Health|McKesson IL BONE AND JOINT|810
2018-12-13 12:15:22,784 INFO: Executing TransactionTrackerOperations.select_customer()
2018-12-13 12:15:29,602 INFO: Executing TransactionTrackerOperations.select_customer()
2018-12-13 12:15:41,083 INFO: Executing TransactionTrackerOperations.get_CM_parcels()
2018-12-13 12:15:48,034 INFO: Executing TransactionTrackerOperations.search_process_for_CMPDM() for: Performance Health|McKesson LAKE CHARLES MEMORIAL HOSPITAL|810
2018-12-13 12:15:48,055 INFO: Executing TransactionTrackerOperations.select_customer()
2018-12-13 12:15:54,867 INFO: Executing TransactionTrackerOperations.select_customer()
2018-12-13 12:16:06,919 INFO: Executing TransactionTrackerOperations.get_CM_parcels()
2018-12-13 12:16:14,123 INFO: Executing TransactionTrackerOperations.search_process_for_CMPDM() for: Performance Health|McKesson LAWRENCE MEMORIAL HOSPITAL|810
2018-12-13 12:16:14,141 INFO: Executing TransactionTrackerOperations.select_customer()
2018-12-13 12:16:20,963 INFO: Executing TransactionTrackerOperations.select_customer()
2018-12-13 12:16:32,385 INFO: Executing TransactionTrackerOperations.get_CM_parcels()
2018-12-13 12:16:35,064 INFO: NoSuchElementException in TransactionTrackerOperations.get_CM_parcels()
2018-12-13 12:16:39,619 INFO: NoSuchElementException in TransactionTrackerOperations.get_CM_parcels()
2018-12-13 12:16:44,094 INFO: NoSuchElementException in TransactionTrackerOperations.get_CM_parcels()
2018-12-13 12:16:48,628 INFO: NoSuchElementException in TransactionTrackerOperations.get_CM_parcels()
2018-12-13 12:16:52,387 INFO: NoSuchElementException in TransactionTrackerOperations.get_CM_parcels()
2018-12-13 12:16:59,691 INFO: Executing TransactionTrackerOperations.search_process_for_CMPDM() for: Performance Health|McKesson LEESBURG REGIONAL|810
2018-12-13 12:17:00,357 INFO: Executing TransactionTrackerOperations.select_customer()
2018-12-13 12:17:07,194 INFO: Executing TransactionTrackerOperations.select_customer()
2018-12-13 12:17:18,407 INFO: Executing TransactionTrackerOperations.get_CM_parcels()
2018-12-13 12:17:19,272 INFO: NoSuchElementException in TransactionTrackerOperations.get_CM_parcels()
2018-12-13 12:17:26,420 INFO: Executing TransactionTrackerOperations.search_process_for_CMPDM() for: Performance Health|McKesson LOMA LINDA UNIVERSITY MEDICAL CENTER|810
2018-12-13 12:17:26,623 INFO: Executing TransactionTrackerOperations.select_customer()
2018-12-13 12:17:33,434 INFO: Executing TransactionTrackerOperations.select_customer()
2018-12-13 12:17:45,054 INFO: Executing TransactionTrackerOperations.get_CM_parcels()
2018-12-13 12:17:45,347 INFO: NoSuchElementException in TransactionTrackerOperations.get_CM_parcels()
2018-12-13 12:17:52,129 INFO: Executing TransactionTrackerOperations.search_process_for_CMPDM() for: Performance Health|McKesson MCG HEALTH INC|810
2018-12-13 12:17:53,128 INFO: Executing TransactionTrackerOperations.select_customer()
2018-12-13 12:17:59,950 INFO: Executing TransactionTrackerOperations.select_customer()
2018-12-13 12:18:11,429 INFO: Executing TransactionTrackerOperations.get_CM_parcels()
2018-12-13 12:18:14,147 INFO: NoSuchElementException in TransactionTrackerOperations.get_CM_parcels()
2018-12-13 12:18:18,716 INFO: NoSuchElementException in TransactionTrackerOperations.get_CM_parcels()
2018-12-13 12:18:23,195 INFO: NoSuchElementException in TransactionTrackerOperations.get_CM_parcels()
2018-12-13 12:18:27,674 INFO: NoSuchElementException in TransactionTrackerOperations.get_CM_parcels()
2018-12-13 12:18:30,763 INFO: NoSuchElementException in TransactionTrackerOperations.get_CM_parcels()
2018-12-13 12:18:38,481 INFO: Executing TransactionTrackerOperations.search_process_for_CMPDM() for: Performance Health|McKesson NCH HEALTHCARE|810
2018-12-13 12:18:38,512 INFO: Executing TransactionTrackerOperations.select_customer()
2018-12-13 12:18:45,382 INFO: Executing TransactionTrackerOperations.select_customer()
2018-12-13 12:18:56,478 INFO: Executing TransactionTrackerOperations.get_CM_parcels()
2018-12-13 12:18:59,236 INFO: NoSuchElementException in TransactionTrackerOperations.get_CM_parcels()
2018-12-13 12:19:03,815 INFO: NoSuchElementException in TransactionTrackerOperations.get_CM_parcels()
2018-12-13 12:19:08,288 INFO: NoSuchElementException in TransactionTrackerOperations.get_CM_parcels()
2018-12-13 12:19:12,949 INFO: NoSuchElementException in TransactionTrackerOperations.get_CM_parcels()
2018-12-13 12:19:17,615 INFO: NoSuchElementException in TransactionTrackerOperations.get_CM_parcels()
2018-12-13 12:19:22,144 INFO: NoSuchElementException in TransactionTrackerOperations.get_CM_parcels()
2018-12-13 12:19:25,463 INFO: NoSuchElementException in TransactionTrackerOperations.get_CM_parcels()
2018-12-13 12:19:32,228 INFO: Executing TransactionTrackerOperations.search_process_for_CMPDM() for: Performance Health|McKesson SACRED HEART HOSPITAL|810
2018-12-13 12:19:33,349 INFO: Executing TransactionTrackerOperations.select_customer()
2018-12-13 12:19:40,235 INFO: Executing TransactionTrackerOperations.select_customer()
2018-12-13 12:19:51,517 INFO: Executing TransactionTrackerOperations.get_CM_parcels()
2018-12-13 12:19:57,521 INFO: Executing TransactionTrackerOperations.search_process_for_CMPDM() for: Performance Health|McKesson SAINT FRANCES MEDICAL CENTER|810
2018-12-13 12:19:58,494 INFO: Executing TransactionTrackerOperations.select_customer()
2018-12-13 12:20:05,316 INFO: Executing TransactionTrackerOperations.select_customer()
2018-12-13 12:20:16,718 INFO: Executing TransactionTrackerOperations.get_CM_parcels()
2018-12-13 12:20:19,478 INFO: NoSuchElementException in TransactionTrackerOperations.get_CM_parcels()
2018-12-13 12:20:24,005 INFO: NoSuchElementException in TransactionTrackerOperations.get_CM_parcels()
2018-12-13 12:20:28,532 INFO: NoSuchElementException in TransactionTrackerOperations.get_CM_parcels()
2018-12-13 12:20:31,135 INFO: NoSuchElementException in TransactionTrackerOperations.get_CM_parcels()
2018-12-13 12:20:37,921 INFO: Executing TransactionTrackerOperations.search_process_for_CMPDM() for: Performance Health|McKesson SOUTHERN NEW HAMPSHIRE MEDICAL CENTER|810
2018-12-13 12:20:38,858 INFO: Executing TransactionTrackerOperations.select_customer()
2018-12-13 12:20:45,678 INFO: Executing TransactionTrackerOperations.select_customer()
2018-12-13 12:20:57,803 INFO: Executing TransactionTrackerOperations.get_CM_parcels()
2018-12-13 12:21:00,597 INFO: NoSuchElementException in TransactionTrackerOperations.get_CM_parcels()
2018-12-13 12:21:05,095 INFO: NoSuchElementException in TransactionTrackerOperations.get_CM_parcels()
2018-12-13 12:21:09,554 INFO: NoSuchElementException in TransactionTrackerOperations.get_CM_parcels()
2018-12-13 12:21:12,622 INFO: NoSuchElementException in TransactionTrackerOperations.get_CM_parcels()
2018-12-13 12:21:20,223 INFO: Executing TransactionTrackerOperations.search_process_for_CMPDM() for: Performance Health|McKesson TIFT REGIONAL MEDICAL CENTER|810
2018-12-13 12:21:21,067 INFO: Executing TransactionTrackerOperations.select_customer()
2018-12-13 12:21:27,894 INFO: Executing TransactionTrackerOperations.select_customer()
2018-12-13 12:21:39,756 INFO: Executing TransactionTrackerOperations.get_CM_parcels()
2018-12-13 12:21:46,257 INFO: Executing TransactionTrackerOperations.search_process_for_CMPDM() for: Performance Health|McKesson TRINITY MOTHER FRANCES HOSPITAL|810
2018-12-13 12:21:47,242 INFO: Executing TransactionTrackerOperations.select_customer()
2018-12-13 12:21:54,047 INFO: Executing TransactionTrackerOperations.select_customer()
2018-12-13 12:22:05,585 INFO: Executing TransactionTrackerOperations.get_CM_parcels()
2018-12-13 12:22:08,330 INFO: NoSuchElementException in TransactionTrackerOperations.get_CM_parcels()
2018-12-13 12:22:12,856 INFO: NoSuchElementException in TransactionTrackerOperations.get_CM_parcels()
2018-12-13 12:22:17,315 INFO: NoSuchElementException in TransactionTrackerOperations.get_CM_parcels()
2018-12-13 12:22:21,948 INFO: NoSuchElementException in TransactionTrackerOperations.get_CM_parcels()
2018-12-13 12:22:26,431 INFO: NoSuchElementException in TransactionTrackerOperations.get_CM_parcels()
2018-12-13 12:22:30,892 INFO: NoSuchElementException in TransactionTrackerOperations.get_CM_parcels()
2018-12-13 12:22:33,505 INFO: NoSuchElementException in TransactionTrackerOperations.get_CM_parcels()
2018-12-13 12:22:40,328 INFO: Executing TransactionTrackerOperations.search_process_for_CMPDM() for: Performance Health|McKesson Truman Medical Center|810
2018-12-13 12:22:41,291 INFO: Executing TransactionTrackerOperations.select_customer()
2018-12-13 12:22:48,105 INFO: Executing TransactionTrackerOperations.select_customer()
2018-12-13 12:22:59,301 INFO: Executing TransactionTrackerOperations.get_CM_parcels()
2018-12-13 12:23:05,320 INFO: Executing TransactionTrackerOperations.search_process_for_CMPDM() for: Performance Health|McKesson UNITED HOSPITAL SYSTEM INC|810
2018-12-13 12:23:06,280 INFO: Executing TransactionTrackerOperations.select_customer()
2018-12-13 12:23:13,233 INFO: Executing TransactionTrackerOperations.select_customer()
2018-12-13 12:23:24,693 INFO: Executing TransactionTrackerOperations.get_CM_parcels()
2018-12-13 12:23:27,460 INFO: NoSuchElementException in TransactionTrackerOperations.get_CM_parcels()
2018-12-13 12:23:32,124 INFO: NoSuchElementException in TransactionTrackerOperations.get_CM_parcels()
2018-12-13 12:23:35,913 INFO: NoSuchElementException in TransactionTrackerOperations.get_CM_parcels()
2018-12-13 12:23:42,701 INFO: Executing TransactionTrackerOperations.search_process_for_CMPDM() for: Performance Health|McKesson VAIL VALLEY MEDICAL CENTER|810
2018-12-13 12:23:43,735 INFO: Executing TransactionTrackerOperations.select_customer()
2018-12-13 12:23:50,582 INFO: Executing TransactionTrackerOperations.select_customer()
2018-12-13 12:24:02,036 INFO: Executing TransactionTrackerOperations.get_CM_parcels()
2018-12-13 12:24:07,846 INFO: Executing TransactionTrackerOperations.search_process_for_CMPDM() for: Performance Health|McKesson WHEATON FRANCISCAN HEALTHCARE|810
2018-12-13 12:24:07,863 INFO: Executing TransactionTrackerOperations.select_customer()
2018-12-13 12:25:49,936 ERROR: Error in CMProductionDataMonitoring.TaskFilter()
2018-12-13 12:25:54,661 INFO: Executing TransactionTrackerOperations.search_process_for_CMPDM() for: Performance Health|MFA DSSI|810
2018-12-13 12:25:55,481 INFO: Executing TransactionTrackerOperations.select_customer()
2018-12-13 12:26:02,307 INFO: Executing TransactionTrackerOperations.select_customer()
2018-12-13 12:26:13,175 INFO: Executing TransactionTrackerOperations.get_CM_parcels()
2018-12-13 12:26:18,975 INFO: Executing TransactionTrackerOperations.search_process_for_CMPDM() for: Performance Health|MIDWEST GERIATRIC DSSI|810
2018-12-13 12:26:19,726 INFO: Executing TransactionTrackerOperations.select_customer()
2018-12-13 12:26:26,536 INFO: Executing TransactionTrackerOperations.select_customer()
2018-12-13 12:26:37,900 INFO: Executing TransactionTrackerOperations.get_CM_parcels()
2018-12-13 12:26:38,175 INFO: NoSuchElementException in TransactionTrackerOperations.get_CM_parcels()
2018-12-13 12:26:46,375 INFO: Executing TransactionTrackerOperations.search_process_for_CMPDM() for: Performance Health|MIDWEST HEALTH DSSI|810
2018-12-13 12:26:46,551 INFO: Executing TransactionTrackerOperations.select_customer()
2018-12-13 12:26:53,366 INFO: Executing TransactionTrackerOperations.select_customer()
2018-12-13 12:27:04,594 INFO: Executing TransactionTrackerOperations.get_CM_parcels()
2018-12-13 12:27:07,379 INFO: NoSuchElementException in TransactionTrackerOperations.get_CM_parcels()
2018-12-13 12:27:11,907 INFO: NoSuchElementException in TransactionTrackerOperations.get_CM_parcels()
2018-12-13 12:27:15,871 INFO: NoSuchElementException in TransactionTrackerOperations.get_CM_parcels()
2018-12-13 12:27:23,747 INFO: Executing TransactionTrackerOperations.search_process_for_CMPDM() for: Performance Health|MISSION HEALTH DSSI|810
2018-12-13 12:27:23,809 INFO: Executing TransactionTrackerOperations.select_customer()
2018-12-13 12:27:30,627 INFO: Executing TransactionTrackerOperations.select_customer()
2018-12-13 12:27:41,830 INFO: Executing TransactionTrackerOperations.get_CM_parcels()
2018-12-13 12:27:44,558 INFO: NoSuchElementException in TransactionTrackerOperations.get_CM_parcels()
2018-12-13 12:27:49,039 INFO: NoSuchElementException in TransactionTrackerOperations.get_CM_parcels()
2018-12-13 12:27:53,531 INFO: NoSuchElementException in TransactionTrackerOperations.get_CM_parcels()
2018-12-13 12:27:57,950 INFO: NoSuchElementException in TransactionTrackerOperations.get_CM_parcels()
2018-12-13 12:28:02,505 INFO: NoSuchElementException in TransactionTrackerOperations.get_CM_parcels()
2018-12-13 12:28:07,132 INFO: NoSuchElementException in TransactionTrackerOperations.get_CM_parcels()
2018-12-13 12:28:11,125 INFO: NoSuchElementException in TransactionTrackerOperations.get_CM_parcels()
2018-12-13 12:28:18,887 INFO: Executing TransactionTrackerOperations.search_process_for_CMPDM() for: Performance Health|NEXION DSSI|810
2018-12-13 12:28:18,938 INFO: Executing TransactionTrackerOperations.select_customer()
2018-12-13 12:28:25,746 INFO: Executing TransactionTrackerOperations.select_customer()
2018-12-13 12:28:36,883 INFO: Executing TransactionTrackerOperations.get_CM_parcels()
2018-12-13 12:28:39,742 INFO: NoSuchElementException in TransactionTrackerOperations.get_CM_parcels()
2018-12-13 12:28:44,384 INFO: NoSuchElementException in TransactionTrackerOperations.get_CM_parcels()
2018-12-13 12:28:48,802 INFO: NoSuchElementException in TransactionTrackerOperations.get_CM_parcels()
2018-12-13 12:28:53,246 INFO: NoSuchElementException in TransactionTrackerOperations.get_CM_parcels()
2018-12-13 12:28:57,740 INFO: NoSuchElementException in TransactionTrackerOperations.get_CM_parcels()
2018-12-13 12:29:02,274 INFO: NoSuchElementException in TransactionTrackerOperations.get_CM_parcels()
2018-12-13 12:29:06,754 INFO: NoSuchElementException in TransactionTrackerOperations.get_CM_parcels()
2018-12-13 12:29:11,261 INFO: NoSuchElementException in TransactionTrackerOperations.get_CM_parcels()
2018-12-13 12:29:19,482 INFO: Executing TransactionTrackerOperations.search_process_for_CMPDM() for: Performance Health|NOLAND HEALTH SERVICES DSSI|810
2018-12-13 12:29:20,029 INFO: Executing TransactionTrackerOperations.select_customer()
2018-12-13 12:29:26,850 INFO: Executing TransactionTrackerOperations.select_customer()
2018-12-13 12:29:43,242 INFO: Executing TransactionTrackerOperations.get_CM_parcels()
2018-12-13 12:29:49,119 INFO: NoSuchElementException in TransactionTrackerOperations.get_CM_parcels()
2018-12-13 12:29:55,039 INFO: NoSuchElementException in TransactionTrackerOperations.get_CM_parcels()
2018-12-13 12:30:00,052 INFO: NoSuchElementException in TransactionTrackerOperations.get_CM_parcels()
2018-12-13 12:30:04,642 INFO: NoSuchElementException in TransactionTrackerOperations.get_CM_parcels()
2018-12-13 12:30:07,919 INFO: NoSuchElementException in TransactionTrackerOperations.get_CM_parcels()
2018-12-13 12:30:15,988 INFO: Executing TransactionTrackerOperations.search_process_for_CMPDM() for: Performance Health|NORTHPORT DSSI|810
2018-12-13 12:30:16,004 INFO: Executing TransactionTrackerOperations.select_customer()
2018-12-13 12:30:23,056 INFO: Executing TransactionTrackerOperations.select_customer()
2018-12-13 12:30:34,160 INFO: Executing TransactionTrackerOperations.get_CM_parcels()
2018-12-13 12:30:40,281 INFO: Executing TransactionTrackerOperations.search_process_for_CMPDM() for: Performance Health|NUVISION DSSI|810
2018-12-13 12:30:41,251 INFO: Executing TransactionTrackerOperations.select_customer()
2018-12-13 12:30:48,045 INFO: Executing TransactionTrackerOperations.select_customer()
2018-12-13 12:30:59,118 INFO: Executing TransactionTrackerOperations.get_CM_parcels()
2018-12-13 12:31:01,859 INFO: NoSuchElementException in TransactionTrackerOperations.get_CM_parcels()
2018-12-13 12:31:06,306 INFO: NoSuchElementException in TransactionTrackerOperations.get_CM_parcels()
2018-12-13 12:31:10,472 INFO: NoSuchElementException in TransactionTrackerOperations.get_CM_parcels()
2018-12-13 12:31:17,175 INFO: Executing TransactionTrackerOperations.search_process_for_CMPDM() for: Performance Health|ONIX GROUP DSSI|810
2018-12-13 12:31:18,100 INFO: Executing TransactionTrackerOperations.select_customer()
2018-12-13 12:31:24,892 INFO: Executing TransactionTrackerOperations.select_customer()
2018-12-13 12:31:36,102 INFO: Executing TransactionTrackerOperations.get_CM_parcels()
2018-12-13 12:31:38,823 INFO: NoSuchElementException in TransactionTrackerOperations.get_CM_parcels()
2018-12-13 12:31:43,347 INFO: NoSuchElementException in TransactionTrackerOperations.get_CM_parcels()
2018-12-13 12:31:47,740 INFO: NoSuchElementException in TransactionTrackerOperations.get_CM_parcels()
2018-12-13 12:31:52,133 INFO: NoSuchElementException in TransactionTrackerOperations.get_CM_parcels()
2018-12-13 12:32:01,639 INFO: Executing TransactionTrackerOperations.search_process_for_CMPDM() for: Performance Health|PENNMED CONSULTANTS INC DSSI|810
2018-12-13 12:32:01,663 INFO: Executing TransactionTrackerOperations.select_customer()
2018-12-13 12:32:08,486 INFO: Executing TransactionTrackerOperations.select_customer()
2018-12-13 12:32:19,909 INFO: Executing TransactionTrackerOperations.get_CM_parcels()
2018-12-13 12:32:25,990 INFO: Executing TransactionTrackerOperations.search_process_for_CMPDM() for: Performance Health|PREFERRED CARE DSSI|810
2018-12-13 12:32:26,872 INFO: Executing TransactionTrackerOperations.select_customer()
2018-12-13 12:32:33,651 INFO: Executing TransactionTrackerOperations.select_customer()
2018-12-13 12:32:44,798 INFO: Executing TransactionTrackerOperations.get_CM_parcels()
2018-12-13 12:32:51,581 INFO: Executing TransactionTrackerOperations.search_process_for_CMPDM() for: Performance Health|PRESBYTERIAN HOMES AND SERVICES DSSI|810
2018-12-13 12:32:51,597 INFO: Executing TransactionTrackerOperations.select_customer()
2018-12-13 12:32:58,395 INFO: Executing TransactionTrackerOperations.select_customer()
2018-12-13 12:33:09,994 INFO: Executing TransactionTrackerOperations.get_CM_parcels()
2018-12-13 12:33:12,746 INFO: NoSuchElementException in TransactionTrackerOperations.get_CM_parcels()
2018-12-13 12:33:17,298 INFO: NoSuchElementException in TransactionTrackerOperations.get_CM_parcels()
2018-12-13 12:33:21,698 INFO: NoSuchElementException in TransactionTrackerOperations.get_CM_parcels()
2018-12-13 12:33:26,074 INFO: NoSuchElementException in TransactionTrackerOperations.get_CM_parcels()
2018-12-13 12:33:30,482 INFO: NoSuchElementException in TransactionTrackerOperations.get_CM_parcels()
2018-12-13 12:33:34,667 INFO: NoSuchElementException in TransactionTrackerOperations.get_CM_parcels()
2018-12-13 12:33:41,196 INFO: Executing TransactionTrackerOperations.search_process_for_CMPDM() for: Performance Health|PRESBYTERIAN SENIOR LIVING DSSI|810
2018-12-13 12:33:42,097 INFO: Executing TransactionTrackerOperations.select_customer()
2018-12-13 12:33:48,913 INFO: Executing TransactionTrackerOperations.select_customer()
2018-12-13 12:34:00,429 INFO: Executing TransactionTrackerOperations.get_CM_parcels()
2018-12-13 12:34:03,134 INFO: NoSuchElementException in TransactionTrackerOperations.get_CM_parcels()
2018-12-13 12:34:07,607 INFO: NoSuchElementException in TransactionTrackerOperations.get_CM_parcels()
2018-12-13 12:34:12,099 INFO: NoSuchElementException in TransactionTrackerOperations.get_CM_parcels()
2018-12-13 12:34:15,692 INFO: NoSuchElementException in TransactionTrackerOperations.get_CM_parcels()
2018-12-13 12:34:23,890 INFO: Executing TransactionTrackerOperations.search_process_for_CMPDM() for: Performance Health|QUALITY LIFE SERVICES DSSI|810
2018-12-13 12:34:23,914 INFO: Executing TransactionTrackerOperations.select_customer()
2018-12-13 12:34:30,727 INFO: Executing TransactionTrackerOperations.select_customer()
2018-12-13 12:34:41,855 INFO: Executing TransactionTrackerOperations.get_CM_parcels()
2018-12-13 12:34:44,599 INFO: NoSuchElementException in TransactionTrackerOperations.get_CM_parcels()
2018-12-13 12:34:49,170 INFO: NoSuchElementException in TransactionTrackerOperations.get_CM_parcels()
2018-12-13 12:34:53,627 INFO: NoSuchElementException in TransactionTrackerOperations.get_CM_parcels()
2018-12-13 12:34:58,053 INFO: NoSuchElementException in TransactionTrackerOperations.get_CM_parcels()
2018-12-13 12:35:02,507 INFO: NoSuchElementException in TransactionTrackerOperations.get_CM_parcels()
2018-12-13 12:35:06,036 INFO: NoSuchElementException in TransactionTrackerOperations.get_CM_parcels()
2018-12-13 12:35:13,796 INFO: Executing TransactionTrackerOperations.search_process_for_CMPDM() for: Performance Health|Quest Healthcare Development DSSI|810
2018-12-13 12:35:13,821 INFO: Executing TransactionTrackerOperations.select_customer()
2018-12-13 12:35:20,643 INFO: Executing TransactionTrackerOperations.select_customer()
2018-12-13 12:35:31,820 INFO: Executing TransactionTrackerOperations.get_CM_parcels()
2018-12-13 12:35:37,687 INFO: Executing TransactionTrackerOperations.search_process_for_CMPDM() for: Performance Health|Regency Integrated Health Services DSSI|810
2018-12-13 12:35:38,548 INFO: Executing TransactionTrackerOperations.select_customer()
2018-12-13 12:35:45,372 INFO: Executing TransactionTrackerOperations.select_customer()
2018-12-13 12:35:57,004 INFO: Executing TransactionTrackerOperations.get_CM_parcels()
2018-12-13 12:36:03,949 INFO: Executing TransactionTrackerOperations.search_process_for_CMPDM() for: Performance Health|RENNES HEALTH DSSI|810
2018-12-13 12:36:03,969 INFO: Executing TransactionTrackerOperations.select_customer()
2018-12-13 12:36:10,772 INFO: Executing TransactionTrackerOperations.select_customer()
2018-12-13 12:36:22,021 INFO: Executing TransactionTrackerOperations.get_CM_parcels()
2018-12-13 12:36:24,721 INFO: NoSuchElementException in TransactionTrackerOperations.get_CM_parcels()
2018-12-13 12:36:29,234 INFO: NoSuchElementException in TransactionTrackerOperations.get_CM_parcels()
2018-12-13 12:36:33,663 INFO: NoSuchElementException in TransactionTrackerOperations.get_CM_parcels()
2018-12-13 12:36:38,127 INFO: NoSuchElementException in TransactionTrackerOperations.get_CM_parcels()
2018-12-13 12:36:42,177 INFO: NoSuchElementException in TransactionTrackerOperations.get_CM_parcels()
2018-12-13 12:36:50,445 INFO: Executing TransactionTrackerOperations.search_process_for_CMPDM() for: Performance Health|SABER HEALTHCARE DSSI|810
2018-12-13 12:36:50,465 INFO: Executing TransactionTrackerOperations.select_customer()
2018-12-13 12:36:57,285 INFO: Executing TransactionTrackerOperations.select_customer()
2018-12-13 12:37:08,574 INFO: Executing TransactionTrackerOperations.get_CM_parcels()
2018-12-13 12:37:14,562 INFO: Executing TransactionTrackerOperations.search_process_for_CMPDM() for: Performance Health|SPRENGER HEALTHCARE DSSI|810
2018-12-13 12:37:15,509 INFO: Executing TransactionTrackerOperations.select_customer()
2018-12-13 12:37:22,305 INFO: Executing TransactionTrackerOperations.select_customer()
2018-12-13 12:37:33,711 INFO: Executing TransactionTrackerOperations.get_CM_parcels()
2018-12-13 12:37:36,437 INFO: NoSuchElementException in TransactionTrackerOperations.get_CM_parcels()
2018-12-13 12:37:41,002 INFO: NoSuchElementException in TransactionTrackerOperations.get_CM_parcels()
2018-12-13 12:37:45,494 INFO: NoSuchElementException in TransactionTrackerOperations.get_CM_parcels()
2018-12-13 12:37:49,970 INFO: NoSuchElementException in TransactionTrackerOperations.get_CM_parcels()
2018-12-13 12:37:54,425 INFO: NoSuchElementException in TransactionTrackerOperations.get_CM_parcels()
2018-12-13 12:37:58,837 INFO: NoSuchElementException in TransactionTrackerOperations.get_CM_parcels()
2018-12-13 12:38:03,321 INFO: NoSuchElementException in TransactionTrackerOperations.get_CM_parcels()
2018-12-13 12:38:07,825 INFO: NoSuchElementException in TransactionTrackerOperations.get_CM_parcels()
2018-12-13 12:38:12,486 INFO: NoSuchElementException in TransactionTrackerOperations.get_CM_parcels()
2018-12-13 12:38:17,014 INFO: NoSuchElementException in TransactionTrackerOperations.get_CM_parcels()
2018-12-13 12:38:21,309 INFO: NoSuchElementException in TransactionTrackerOperations.get_CM_parcels()
2018-12-13 12:38:29,281 INFO: Executing TransactionTrackerOperations.search_process_for_CMPDM() for: Performance Health|SPRINGPOINT DSSI|810
2018-12-13 12:38:30,127 INFO: Executing TransactionTrackerOperations.select_customer()
2018-12-13 12:38:36,934 INFO: Executing TransactionTrackerOperations.select_customer()
2018-12-13 12:38:48,160 INFO: Executing TransactionTrackerOperations.get_CM_parcels()
2018-12-13 12:38:50,819 INFO: NoSuchElementException in TransactionTrackerOperations.get_CM_parcels()
2018-12-13 12:38:55,332 INFO: NoSuchElementException in TransactionTrackerOperations.get_CM_parcels()
2018-12-13 12:38:59,750 INFO: NoSuchElementException in TransactionTrackerOperations.get_CM_parcels()
2018-12-13 12:39:03,978 INFO: NoSuchElementException in TransactionTrackerOperations.get_CM_parcels()
2018-12-13 12:39:11,859 INFO: Executing TransactionTrackerOperations.search_process_for_CMPDM() for: Performance Health|STONERISE MEDICAL DSSI|810
2018-12-13 12:39:12,187 INFO: Executing TransactionTrackerOperations.select_customer()
2018-12-13 12:39:18,984 INFO: Executing TransactionTrackerOperations.select_customer()
2018-12-13 12:39:30,367 INFO: Executing TransactionTrackerOperations.get_CM_parcels()
2018-12-13 12:39:36,210 INFO: Executing TransactionTrackerOperations.search_process_for_CMPDM() for: Performance Health|TAMARAC ADMINISTRACTIVE SERVICES DSSI|810
2018-12-13 12:39:37,327 INFO: Executing TransactionTrackerOperations.select_customer()
2018-12-13 12:39:44,214 INFO: Executing TransactionTrackerOperations.select_customer()
2018-12-13 12:39:55,972 INFO: Executing TransactionTrackerOperations.get_CM_parcels()
2018-12-13 12:40:02,833 INFO: Executing TransactionTrackerOperations.search_process_for_CMPDM() for: Performance Health|TANDEM HEALTHCARE DSSI|810
2018-12-13 12:40:02,885 INFO: Executing TransactionTrackerOperations.select_customer()
2018-12-13 12:40:09,696 INFO: Executing TransactionTrackerOperations.select_customer()
2018-12-13 12:40:21,076 INFO: Executing TransactionTrackerOperations.get_CM_parcels()
2018-12-13 12:40:28,085 INFO: Executing TransactionTrackerOperations.search_process_for_CMPDM() for: Performance Health|TARA CARES LLC DSSI|810
2018-12-13 12:40:28,223 INFO: Executing TransactionTrackerOperations.select_customer()
2018-12-13 12:40:35,020 INFO: Executing TransactionTrackerOperations.select_customer()
2018-12-13 12:40:46,351 INFO: Executing TransactionTrackerOperations.get_CM_parcels()
2018-12-13 12:40:53,261 INFO: Executing TransactionTrackerOperations.search_process_for_CMPDM() for: Performance Health|TEALWOOD TWN DSSI|810
2018-12-13 12:40:53,278 INFO: Executing TransactionTrackerOperations.select_customer()
2018-12-13 12:41:00,069 INFO: Executing TransactionTrackerOperations.select_customer()
2018-12-13 12:41:11,336 INFO: Executing TransactionTrackerOperations.get_CM_parcels()
2018-12-13 12:41:14,020 INFO: NoSuchElementException in TransactionTrackerOperations.get_CM_parcels()
2018-12-13 12:41:18,556 INFO: NoSuchElementException in TransactionTrackerOperations.get_CM_parcels()
2018-12-13 12:41:23,022 INFO: NoSuchElementException in TransactionTrackerOperations.get_CM_parcels()
2018-12-13 12:41:27,437 INFO: NoSuchElementException in TransactionTrackerOperations.get_CM_parcels()
2018-12-13 12:41:31,825 INFO: NoSuchElementException in TransactionTrackerOperations.get_CM_parcels()
2018-12-13 12:41:36,270 INFO: NoSuchElementException in TransactionTrackerOperations.get_CM_parcels()
2018-12-13 12:41:40,686 INFO: NoSuchElementException in TransactionTrackerOperations.get_CM_parcels()
2018-12-13 12:41:45,134 INFO: NoSuchElementException in TransactionTrackerOperations.get_CM_parcels()
2018-12-13 12:41:49,694 INFO: NoSuchElementException in TransactionTrackerOperations.get_CM_parcels()
2018-12-13 12:41:54,149 INFO: NoSuchElementException in TransactionTrackerOperations.get_CM_parcels()
2018-12-13 12:41:56,770 INFO: NoSuchElementException in TransactionTrackerOperations.get_CM_parcels()
2018-12-13 12:42:04,907 INFO: Executing TransactionTrackerOperations.search_process_for_CMPDM() for: Performance Health|TRANS HEALTH CARE DSSI|810
2018-12-13 12:42:05,288 INFO: Executing TransactionTrackerOperations.select_customer()
2018-12-13 12:42:12,094 INFO: Executing TransactionTrackerOperations.select_customer()
2018-12-13 12:42:23,427 INFO: Executing TransactionTrackerOperations.get_CM_parcels()
2018-12-13 12:42:29,271 INFO: Executing TransactionTrackerOperations.search_process_for_CMPDM() for: Performance Health|UNITED MEDICAL DSSI|810
2018-12-13 12:42:30,007 INFO: Executing TransactionTrackerOperations.select_customer()
2018-12-13 12:42:36,798 INFO: Executing TransactionTrackerOperations.select_customer()
2018-12-13 12:42:48,010 INFO: Executing TransactionTrackerOperations.get_CM_parcels()
2018-12-13 12:42:55,008 INFO: Executing TransactionTrackerOperations.search_process_for_CMPDM() for: Performance Health|WILMAC DSSI|810
2018-12-13 12:42:55,290 INFO: Executing TransactionTrackerOperations.select_customer()
2018-12-13 12:43:02,130 INFO: Executing TransactionTrackerOperations.select_customer()
2018-12-13 12:43:13,110 INFO: Executing TransactionTrackerOperations.get_CM_parcels()
2018-12-13 12:43:15,899 INFO: NoSuchElementException in TransactionTrackerOperations.get_CM_parcels()
2018-12-13 12:43:20,413 INFO: NoSuchElementException in TransactionTrackerOperations.get_CM_parcels()
2018-12-13 12:43:24,879 INFO: NoSuchElementException in TransactionTrackerOperations.get_CM_parcels()
2018-12-13 12:43:28,829 INFO: NoSuchElementException in TransactionTrackerOperations.get_CM_parcels()
2018-12-13 12:43:35,634 INFO: Executing TransactionTrackerOperations.search_process_for_CMPDM() for: Performance Health|Senior Care Centers LLC|810
2018-12-13 12:43:36,615 INFO: Executing TransactionTrackerOperations.select_customer()
2018-12-13 12:43:43,417 INFO: Executing TransactionTrackerOperations.select_customer()
2018-12-13 12:43:54,434 INFO: Executing TransactionTrackerOperations.get_CM_parcels()
2018-12-13 12:44:01,462 INFO: Executing TransactionTrackerOperations.search_process_for_CMPDM() for: Performance Health|AMERICAN SENIOR COMMUNITIES DSSI|810
2018-12-13 12:44:01,488 INFO: Executing TransactionTrackerOperations.select_customer()
2018-12-13 12:44:08,301 INFO: Executing TransactionTrackerOperations.select_customer()
2018-12-13 12:44:20,107 INFO: Executing TransactionTrackerOperations.get_CM_parcels()
2018-12-13 12:44:26,948 INFO: Executing TransactionTrackerOperations.search_process_for_CMPDM() for: Performance Health|BaneCare Management DSSI|810
2018-12-13 12:44:26,968 INFO: Executing TransactionTrackerOperations.select_customer()
2018-12-13 12:44:33,760 INFO: Executing TransactionTrackerOperations.select_customer()
2018-12-13 12:44:44,799 INFO: Executing TransactionTrackerOperations.get_CM_parcels()
2018-12-13 12:44:50,775 INFO: Executing TransactionTrackerOperations.search_process_for_CMPDM() for: Performance Health|DSSI Next Step Healthcare|810
2018-12-13 12:44:51,647 INFO: Executing TransactionTrackerOperations.select_customer()
2018-12-13 12:44:58,455 INFO: Executing TransactionTrackerOperations.select_customer()
2018-12-13 12:45:09,928 INFO: Executing TransactionTrackerOperations.get_CM_parcels()
2018-12-13 12:45:16,936 INFO: Executing TransactionTrackerOperations.search_process_for_CMPDM() for: Performance Health|Regency Pacific DSSI|810
2018-12-13 12:45:16,956 INFO: Executing TransactionTrackerOperations.select_customer()
2018-12-13 12:45:23,765 INFO: Executing TransactionTrackerOperations.select_customer()
2018-12-13 12:45:34,994 INFO: Executing TransactionTrackerOperations.get_CM_parcels()
2018-12-13 12:45:35,288 INFO: NoSuchElementException in TransactionTrackerOperations.get_CM_parcels()
2018-12-13 12:45:41,976 INFO: Executing TransactionTrackerOperations.search_process_for_CMPDM() for: Performance Health|ADVANTAGE HPSI DSSI|810
2018-12-13 12:45:42,860 INFO: Executing TransactionTrackerOperations.select_customer()
2018-12-13 12:45:49,696 INFO: Executing TransactionTrackerOperations.select_customer()
2018-12-13 12:46:01,077 INFO: Executing TransactionTrackerOperations.get_CM_parcels()
2018-12-13 12:46:03,866 INFO: NoSuchElementException in TransactionTrackerOperations.get_CM_parcels()
2018-12-13 12:46:08,396 INFO: NoSuchElementException in TransactionTrackerOperations.get_CM_parcels()
2018-12-13 12:46:12,835 INFO: NoSuchElementException in TransactionTrackerOperations.get_CM_parcels()
2018-12-13 12:46:15,891 INFO: NoSuchElementException in TransactionTrackerOperations.get_CM_parcels()
2018-12-13 12:46:23,526 INFO: Executing TransactionTrackerOperations.search_process_for_CMPDM() for: Performance Health|ADVANTAGE NAVIGATOR DSSI|810
2018-12-13 12:46:23,544 INFO: Executing TransactionTrackerOperations.select_customer()
2018-12-13 12:46:30,325 INFO: Executing TransactionTrackerOperations.select_customer()
2018-12-13 12:46:41,729 INFO: Executing TransactionTrackerOperations.get_CM_parcels()
2018-12-13 12:46:49,302 INFO: Executing TransactionTrackerOperations.search_process_for_CMPDM() for: Performance Health|American Health Companies|810
2018-12-13 12:46:49,621 INFO: Executing TransactionTrackerOperations.select_customer()
2018-12-13 12:46:56,468 INFO: Executing TransactionTrackerOperations.select_customer()
2018-12-13 12:47:07,402 INFO: Executing TransactionTrackerOperations.get_CM_parcels()
2018-12-13 12:47:14,448 INFO: Executing TransactionTrackerOperations.search_process_for_CMPDM() for: Performance Health|APEX|810
2018-12-13 12:47:14,471 INFO: Executing TransactionTrackerOperations.select_customer()
2018-12-13 12:47:21,314 INFO: Executing TransactionTrackerOperations.select_customer()
2018-12-13 12:47:32,199 INFO: Executing TransactionTrackerOperations.get_CM_parcels()
2018-12-13 12:47:38,287 INFO: Executing TransactionTrackerOperations.search_process_for_CMPDM() for: Performance Health|APEX HEALTHCARE FLORIDA DSSI|810
2018-12-13 12:47:38,305 INFO: Executing TransactionTrackerOperations.select_customer()
2018-12-13 12:49:20,621 ERROR: Error in CMProductionDataMonitoring.TaskFilter()
2018-12-13 12:49:26,662 INFO: Executing TransactionTrackerOperations.search_process_for_CMPDM() for: Performance Health|ATRIUM LIVING CENTERS DSSI|810
2018-12-13 12:49:26,694 INFO: Executing TransactionTrackerOperations.select_customer()
2018-12-13 12:49:33,518 INFO: Executing TransactionTrackerOperations.select_customer()
2018-12-13 12:49:44,963 INFO: Executing TransactionTrackerOperations.get_CM_parcels()
2018-12-13 12:49:51,935 INFO: Executing TransactionTrackerOperations.search_process_for_CMPDM() for: Performance Health|AXIOM DSSI|810
2018-12-13 12:49:52,244 INFO: Executing TransactionTrackerOperations.select_customer()
2018-12-13 12:49:59,051 INFO: Executing TransactionTrackerOperations.select_customer()
2018-12-13 12:50:10,091 INFO: Executing TransactionTrackerOperations.get_CM_parcels()
2018-12-13 12:50:12,981 INFO: NoSuchElementException in TransactionTrackerOperations.get_CM_parcels()
2018-12-13 12:50:15,855 INFO: NoSuchElementException in TransactionTrackerOperations.get_CM_parcels()
2018-12-13 12:50:23,485 INFO: Executing TransactionTrackerOperations.search_process_for_CMPDM() for: Performance Health|BE GROUP DSSI|810
2018-12-13 12:50:23,779 INFO: Executing TransactionTrackerOperations.select_customer()
2018-12-13 12:50:30,624 INFO: Executing TransactionTrackerOperations.select_customer()
2018-12-13 12:50:41,604 INFO: Executing TransactionTrackerOperations.get_CM_parcels()
2018-12-13 12:50:47,520 INFO: Executing TransactionTrackerOperations.search_process_for_CMPDM() for: Performance Health|BEACON HEALTH DSSI|810
2018-12-13 12:50:48,452 INFO: Executing TransactionTrackerOperations.select_customer()
2018-12-13 12:50:55,255 INFO: Executing TransactionTrackerOperations.select_customer()
2018-12-13 12:51:06,363 INFO: Executing TransactionTrackerOperations.get_CM_parcels()
2018-12-13 12:51:09,093 INFO: NoSuchElementException in TransactionTrackerOperations.get_CM_parcels()
2018-12-13 12:51:13,593 INFO: NoSuchElementException in TransactionTrackerOperations.get_CM_parcels()
2018-12-13 12:51:17,996 INFO: NoSuchElementException in TransactionTrackerOperations.get_CM_parcels()
2018-12-13 12:51:22,389 INFO: NoSuchElementException in TransactionTrackerOperations.get_CM_parcels()
2018-12-13 12:51:26,898 INFO: NoSuchElementException in TransactionTrackerOperations.get_CM_parcels()
2018-12-13 12:51:30,449 INFO: NoSuchElementException in TransactionTrackerOperations.get_CM_parcels()
2018-12-13 12:51:38,316 INFO: Executing TransactionTrackerOperations.search_process_for_CMPDM() for: Performance Health|BENEDICTINE DSSI|810
2018-12-13 12:51:38,381 INFO: Executing TransactionTrackerOperations.select_customer()
2018-12-13 12:51:46,165 INFO: Executing TransactionTrackerOperations.select_customer()
2018-12-13 12:51:57,272 INFO: Executing TransactionTrackerOperations.get_CM_parcels()
2018-12-13 12:52:03,140 INFO: Executing TransactionTrackerOperations.search_process_for_CMPDM() for: Performance Health|Bethlen Communities Home Health and Hospice|810
2018-12-13 12:52:04,017 INFO: Executing TransactionTrackerOperations.select_customer()
2018-12-13 12:52:10,817 INFO: Executing TransactionTrackerOperations.select_customer()
2018-12-13 12:52:22,288 INFO: Executing TransactionTrackerOperations.get_CM_parcels()
2018-12-13 12:52:25,006 INFO: NoSuchElementException in TransactionTrackerOperations.get_CM_parcels()
2018-12-13 12:52:27,893 INFO: NoSuchElementException in TransactionTrackerOperations.get_CM_parcels()
2018-12-13 12:52:34,934 INFO: Executing TransactionTrackerOperations.search_process_for_CMPDM() for: Performance Health|BOMBAY LANE DSSI|810
2018-12-13 12:52:35,486 INFO: Executing TransactionTrackerOperations.select_customer()
2018-12-13 12:52:42,289 INFO: Executing TransactionTrackerOperations.select_customer()
2018-12-13 12:52:53,312 INFO: Executing TransactionTrackerOperations.get_CM_parcels()
2018-12-13 12:52:56,050 INFO: NoSuchElementException in TransactionTrackerOperations.get_CM_parcels()
2018-12-13 12:53:00,626 INFO: NoSuchElementException in TransactionTrackerOperations.get_CM_parcels()
2018-12-13 12:53:05,082 INFO: NoSuchElementException in TransactionTrackerOperations.get_CM_parcels()
2018-12-13 12:53:09,618 INFO: NoSuchElementException in TransactionTrackerOperations.get_CM_parcels()
2018-12-13 12:53:14,019 INFO: NoSuchElementException in TransactionTrackerOperations.get_CM_parcels()
2018-12-13 12:53:16,435 INFO: NoSuchElementException in TransactionTrackerOperations.get_CM_parcels()
2018-12-13 12:53:24,514 INFO: Executing TransactionTrackerOperations.search_process_for_CMPDM() for: Performance Health|CARDON AND ASSOCIATES DSSI|810
2018-12-13 12:53:24,534 INFO: Executing TransactionTrackerOperations.select_customer()
2018-12-13 12:53:31,369 INFO: Executing TransactionTrackerOperations.select_customer()
2018-12-13 12:53:42,961 INFO: Executing TransactionTrackerOperations.get_CM_parcels()
2018-12-13 12:53:49,552 INFO: Executing TransactionTrackerOperations.search_process_for_CMPDM() for: Performance Health|CERES PURCHASING SOLUTIONS DSSI|810
2018-12-13 12:53:49,624 INFO: Executing TransactionTrackerOperations.select_customer()
2018-12-13 12:53:56,412 INFO: Executing TransactionTrackerOperations.select_customer()
2018-12-13 12:54:08,049 INFO: Executing TransactionTrackerOperations.get_CM_parcels()
2018-12-13 12:54:15,076 INFO: Executing TransactionTrackerOperations.search_process_for_CMPDM() for: Performance Health|Chosen Healthcare DSSI|810
2018-12-13 12:54:15,100 INFO: Executing TransactionTrackerOperations.select_customer()
2018-12-13 12:54:22,623 INFO: Executing TransactionTrackerOperations.select_customer()
2018-12-13 12:54:34,102 INFO: Executing TransactionTrackerOperations.get_CM_parcels()
2018-12-13 12:54:41,024 INFO: Executing TransactionTrackerOperations.search_process_for_CMPDM() for: Performance Health|CLEAR CHOICE DSSI|810
2018-12-13 12:54:41,048 INFO: Executing TransactionTrackerOperations.select_customer()
2018-12-13 12:54:47,878 INFO: Executing TransactionTrackerOperations.select_customer()
2018-12-13 12:54:59,074 INFO: Executing TransactionTrackerOperations.get_CM_parcels()
2018-12-13 12:55:02,900 INFO: NoSuchElementException in TransactionTrackerOperations.get_CM_parcels()
2018-12-13 12:55:07,578 INFO: NoSuchElementException in TransactionTrackerOperations.get_CM_parcels()
2018-12-13 12:55:12,128 INFO: NoSuchElementException in TransactionTrackerOperations.get_CM_parcels()
2018-12-13 12:55:16,642 INFO: NoSuchElementException in TransactionTrackerOperations.get_CM_parcels()
2018-12-13 12:55:21,128 INFO: NoSuchElementException in TransactionTrackerOperations.get_CM_parcels()
2018-12-13 12:55:25,648 INFO: NoSuchElementException in TransactionTrackerOperations.get_CM_parcels()
2018-12-13 12:55:30,110 INFO: NoSuchElementException in TransactionTrackerOperations.get_CM_parcels()
2018-12-13 12:55:34,844 INFO: NoSuchElementException in TransactionTrackerOperations.get_CM_parcels()
2018-12-13 12:55:39,398 INFO: NoSuchElementException in TransactionTrackerOperations.get_CM_parcels()
2018-12-13 12:55:42,252 INFO: NoSuchElementException in TransactionTrackerOperations.get_CM_parcels()
2018-12-13 12:55:50,752 INFO: Executing TransactionTrackerOperations.search_process_for_CMPDM() for: Performance Health|COMMUNICARE DSSI|810
2018-12-13 12:55:50,808 INFO: Executing TransactionTrackerOperations.select_customer()
2018-12-13 12:55:57,616 INFO: Executing TransactionTrackerOperations.select_customer()
2018-12-13 12:56:08,863 INFO: Executing TransactionTrackerOperations.get_CM_parcels()
2018-12-13 12:56:14,931 INFO: Executing TransactionTrackerOperations.search_process_for_CMPDM() for: Performance Health|COMPLETE HEALTHCARE DSSI|810
2018-12-13 12:56:15,476 INFO: Executing TransactionTrackerOperations.select_customer()
2018-12-13 12:56:22,314 INFO: Executing TransactionTrackerOperations.select_customer()
2018-12-13 12:56:33,721 INFO: Executing TransactionTrackerOperations.get_CM_parcels()
2018-12-13 12:56:36,449 INFO: NoSuchElementException in TransactionTrackerOperations.get_CM_parcels()
2018-12-13 12:56:41,027 INFO: NoSuchElementException in TransactionTrackerOperations.get_CM_parcels()
2018-12-13 12:56:45,466 INFO: NoSuchElementException in TransactionTrackerOperations.get_CM_parcels()
2018-12-13 12:56:49,987 INFO: NoSuchElementException in TransactionTrackerOperations.get_CM_parcels()
2018-12-13 12:56:54,506 INFO: NoSuchElementException in TransactionTrackerOperations.get_CM_parcels()
2018-12-13 12:56:58,948 INFO: NoSuchElementException in TransactionTrackerOperations.get_CM_parcels()
2018-12-13 12:57:03,426 INFO: NoSuchElementException in TransactionTrackerOperations.get_CM_parcels()
2018-12-13 12:57:07,898 INFO: NoSuchElementException in TransactionTrackerOperations.get_CM_parcels()
2018-12-13 12:57:12,377 INFO: NoSuchElementException in TransactionTrackerOperations.get_CM_parcels()
2018-12-13 12:57:16,832 INFO: NoSuchElementException in TransactionTrackerOperations.get_CM_parcels()
2018-12-13 12:57:21,316 INFO: NoSuchElementException in TransactionTrackerOperations.get_CM_parcels()
2018-12-13 12:57:25,773 INFO: NoSuchElementException in TransactionTrackerOperations.get_CM_parcels()
2018-12-13 12:57:30,265 INFO: NoSuchElementException in TransactionTrackerOperations.get_CM_parcels()
2018-12-13 12:57:34,882 INFO: NoSuchElementException in TransactionTrackerOperations.get_CM_parcels()
2018-12-13 12:57:44,887 INFO: Executing TransactionTrackerOperations.search_process_for_CMPDM() for: Performance Health|COVENANT DOVE DSSI|810
2018-12-13 12:57:45,257 INFO: Executing TransactionTrackerOperations.select_customer()
2018-12-13 12:57:52,027 INFO: Executing TransactionTrackerOperations.select_customer()
2018-12-13 12:58:03,293 INFO: Executing TransactionTrackerOperations.get_CM_parcels()
2018-12-13 12:58:06,051 INFO: NoSuchElementException in TransactionTrackerOperations.get_CM_parcels()
2018-12-13 12:58:11,129 INFO: NoSuchElementException in TransactionTrackerOperations.get_CM_parcels()
2018-12-13 12:58:15,731 INFO: NoSuchElementException in TransactionTrackerOperations.get_CM_parcels()
2018-12-13 12:58:20,245 INFO: NoSuchElementException in TransactionTrackerOperations.get_CM_parcels()
2018-12-13 12:58:24,691 INFO: NoSuchElementException in TransactionTrackerOperations.get_CM_parcels()
2018-12-13 12:58:29,142 INFO: NoSuchElementException in TransactionTrackerOperations.get_CM_parcels()
2018-12-13 12:58:33,644 INFO: NoSuchElementException in TransactionTrackerOperations.get_CM_parcels()
2018-12-13 12:58:38,136 INFO: NoSuchElementException in TransactionTrackerOperations.get_CM_parcels()
2018-12-13 12:58:42,744 INFO: NoSuchElementException in TransactionTrackerOperations.get_CM_parcels()
2018-12-13 12:58:47,245 INFO: NoSuchElementException in TransactionTrackerOperations.get_CM_parcels()
2018-12-13 12:58:51,767 INFO: NoSuchElementException in TransactionTrackerOperations.get_CM_parcels()
2018-12-13 12:58:56,307 INFO: NoSuchElementException in TransactionTrackerOperations.get_CM_parcels()
2018-12-13 12:59:00,859 INFO: NoSuchElementException in TransactionTrackerOperations.get_CM_parcels()
2018-12-13 12:59:05,587 INFO: NoSuchElementException in TransactionTrackerOperations.get_CM_parcels()
2018-12-13 12:59:10,120 INFO: NoSuchElementException in TransactionTrackerOperations.get_CM_parcels()
2018-12-13 12:59:14,691 INFO: NoSuchElementException in TransactionTrackerOperations.get_CM_parcels()
2018-12-13 12:59:19,295 INFO: NoSuchElementException in TransactionTrackerOperations.get_CM_parcels()
2018-12-13 12:59:23,884 INFO: NoSuchElementException in TransactionTrackerOperations.get_CM_parcels()
2018-12-13 12:59:28,704 INFO: NoSuchElementException in TransactionTrackerOperations.get_CM_parcels()
2018-12-13 12:59:32,575 INFO: NoSuchElementException in TransactionTrackerOperations.get_CM_parcels()
2018-12-13 12:59:41,384 INFO: Executing TransactionTrackerOperations.search_process_for_CMPDM() for: Performance Health|DIAKON LUTHERAN DSSI|810
2018-12-13 12:59:41,711 INFO: Executing TransactionTrackerOperations.select_customer()
2018-12-13 12:59:48,599 INFO: Executing TransactionTrackerOperations.select_customer()
2018-12-13 12:59:59,948 INFO: Executing TransactionTrackerOperations.get_CM_parcels()
2018-12-13 13:00:02,844 INFO: NoSuchElementException in TransactionTrackerOperations.get_CM_parcels()
2018-12-13 13:00:07,628 INFO: NoSuchElementException in TransactionTrackerOperations.get_CM_parcels()
2018-12-13 13:00:12,143 INFO: NoSuchElementException in TransactionTrackerOperations.get_CM_parcels()
2018-12-13 13:00:16,880 INFO: NoSuchElementException in TransactionTrackerOperations.get_CM_parcels()
2018-12-13 13:00:21,608 INFO: NoSuchElementException in TransactionTrackerOperations.get_CM_parcels()
2018-12-13 13:00:26,370 INFO: NoSuchElementException in TransactionTrackerOperations.get_CM_parcels()
2018-12-13 13:00:35,713 INFO: Executing TransactionTrackerOperations.search_process_for_CMPDM() for: Performance Health|DIVERSICARE DSSI|810
2018-12-13 13:00:36,797 INFO: Executing TransactionTrackerOperations.select_customer()
2018-12-13 13:00:43,655 INFO: Executing TransactionTrackerOperations.select_customer()
2018-12-13 13:00:54,949 INFO: Executing TransactionTrackerOperations.get_CM_parcels()
2018-12-13 13:01:00,848 INFO: Executing TransactionTrackerOperations.search_process_for_CMPDM() for: Performance Health|Dycora Transitional Health DSSI|810
2018-12-13 13:01:01,950 INFO: Executing TransactionTrackerOperations.select_customer()
2018-12-13 13:01:08,757 INFO: Executing TransactionTrackerOperations.select_customer()
2018-12-13 13:01:20,585 INFO: Executing TransactionTrackerOperations.get_CM_parcels()
2018-12-13 13:01:23,448 INFO: NoSuchElementException in TransactionTrackerOperations.get_CM_parcels()
2018-12-13 13:01:28,054 INFO: NoSuchElementException in TransactionTrackerOperations.get_CM_parcels()
2018-12-13 13:01:32,593 INFO: NoSuchElementException in TransactionTrackerOperations.get_CM_parcels()
2018-12-13 13:01:37,041 INFO: NoSuchElementException in TransactionTrackerOperations.get_CM_parcels()
2018-12-13 13:01:41,533 INFO: NoSuchElementException in TransactionTrackerOperations.get_CM_parcels()
2018-12-13 13:01:46,126 INFO: NoSuchElementException in TransactionTrackerOperations.get_CM_parcels()
2018-12-13 13:01:50,609 INFO: NoSuchElementException in TransactionTrackerOperations.get_CM_parcels()
2018-12-13 13:01:56,212 INFO: NoSuchElementException in TransactionTrackerOperations.get_CM_parcels()
2018-12-13 13:02:01,107 INFO: NoSuchElementException in TransactionTrackerOperations.get_CM_parcels()
2018-12-13 13:02:05,768 INFO: NoSuchElementException in TransactionTrackerOperations.get_CM_parcels()
2018-12-13 13:02:11,442 INFO: NoSuchElementException in TransactionTrackerOperations.get_CM_parcels()
2018-12-13 13:02:14,790 INFO: NoSuchElementException in TransactionTrackerOperations.get_CM_parcels()
2018-12-13 13:02:22,120 INFO: Executing TransactionTrackerOperations.search_process_for_CMPDM() for: Performance Health|ERICKSON RETIREMENT COMMUNITIES DSSI|810
2018-12-13 13:02:22,135 INFO: Executing TransactionTrackerOperations.select_customer()
2018-12-13 13:04:04,619 ERROR: Error in CMProductionDataMonitoring.TaskFilter()
2018-12-13 13:04:09,153 INFO: Executing TransactionTrackerOperations.search_process_for_CMPDM() for: Performance Health|FORTIS MANAGEMENT GROUP DSSI|810
2018-12-13 13:04:09,437 INFO: Executing TransactionTrackerOperations.select_customer()
2018-12-13 13:04:16,241 INFO: Executing TransactionTrackerOperations.select_customer()
2018-12-13 13:04:27,648 INFO: Executing TransactionTrackerOperations.get_CM_parcels()
2018-12-13 13:04:34,664 INFO: Executing TransactionTrackerOperations.search_process_for_CMPDM() for: Performance Health|GOOD SAMARITAN SOCIETY DSSI|810
2018-12-13 13:04:34,919 INFO: Executing TransactionTrackerOperations.select_customer()
2018-12-13 13:04:41,739 INFO: Executing TransactionTrackerOperations.select_customer()
2018-12-13 13:04:53,151 INFO: Executing TransactionTrackerOperations.get_CM_parcels()
2018-12-13 13:04:59,043 INFO: Executing TransactionTrackerOperations.search_process_for_CMPDM() for: Performance Health|GULF COAST HEALTHCARE DSSI|810
2018-12-13 13:04:59,808 INFO: Executing TransactionTrackerOperations.select_customer()
2018-12-13 13:05:06,617 INFO: Executing TransactionTrackerOperations.select_customer()
2018-12-13 13:05:17,980 INFO: Executing TransactionTrackerOperations.get_CM_parcels()
2018-12-13 13:05:24,076 INFO: Executing TransactionTrackerOperations.search_process_for_CMPDM() for: Performance Health|ICARE MANAGEMENT DSSI|810
2018-12-13 13:05:25,137 INFO: Executing TransactionTrackerOperations.select_customer()
2018-12-13 13:05:31,968 INFO: Executing TransactionTrackerOperations.select_customer()
2018-12-13 13:05:43,416 INFO: Executing TransactionTrackerOperations.get_CM_parcels()
2018-12-13 13:05:46,142 INFO: NoSuchElementException in TransactionTrackerOperations.get_CM_parcels()
2018-12-13 13:05:50,694 INFO: NoSuchElementException in TransactionTrackerOperations.get_CM_parcels()
2018-12-13 13:05:55,137 INFO: NoSuchElementException in TransactionTrackerOperations.get_CM_parcels()
2018-12-13 13:05:59,567 INFO: NoSuchElementException in TransactionTrackerOperations.get_CM_parcels()
2018-12-13 13:06:02,854 INFO: NoSuchElementException in TransactionTrackerOperations.get_CM_parcels()
2018-12-13 13:06:08,071 ERROR: Error in CMProductionDataMonitoring.TaskFilter()
