2019-01-07 12:05:01,023 INFO: Executing Script Credit Memo Prodution Data Monitoring
2019-01-07 12:05:01,200 INFO: Executing CMProductionDataMonitoring.execute_main()
2019-01-07 12:05:15,740 INFO: Login in to Launchpad
2019-01-07 12:05:34,264 INFO: Executing CMProductionDataMonitoring.TaskFilter()
2019-01-07 12:05:34,622 INFO: Refreshing access_token
2019-01-07 12:05:42,202 INFO: select InProgress task from input sheet from CMProductionDataMonitoring.TaskFilter()
2019-01-07 12:05:42,202 INFO: Executing TransactionTrackerOperations.search_process_for_CMPDM() for: Performance Health|BaneCare Management DSSI|810
2019-01-07 12:05:42,285 INFO: Executing TransactionTrackerOperations.select_customer()
2019-01-07 12:05:52,176 INFO: Executing TransactionTrackerOperations.select_customer()
2019-01-07 12:07:02,382 INFO: Executing Script Credit Memo Prodution Data Monitoring
2019-01-07 12:07:02,514 INFO: Executing CMProductionDataMonitoring.execute_main()
2019-01-07 12:07:06,186 INFO: Login in to Launchpad
2019-01-07 12:07:24,154 INFO: Executing CMProductionDataMonitoring.TaskFilter()
2019-01-07 12:07:24,414 INFO: Refreshing access_token
2019-01-07 12:07:29,987 INFO: select InProgress task from input sheet from CMProductionDataMonitoring.TaskFilter()
2019-01-07 12:07:29,987 INFO: Executing TransactionTrackerOperations.search_process_for_CMPDM() for: Performance Health|BaneCare Management DSSI|810
2019-01-07 12:07:30,277 INFO: Executing TransactionTrackerOperations.select_customer()
2019-01-07 12:07:37,394 INFO: Executing TransactionTrackerOperations.select_customer()
2019-01-07 12:07:49,431 INFO: Executing TransactionTrackerOperations.get_CM_parcels()
2019-01-07 12:07:56,204 INFO: Executing TransactionTrackerOperations.search_process_for_CMPDM() for: Performance Health|DSSI Next Step Healthcare|810
2019-01-07 12:07:56,732 INFO: Executing TransactionTrackerOperations.select_customer()
2019-01-07 12:08:03,824 INFO: Executing TransactionTrackerOperations.select_customer()
2019-01-07 12:08:16,398 INFO: Executing TransactionTrackerOperations.get_CM_parcels()
2019-01-07 12:08:22,615 INFO: Executing TransactionTrackerOperations.search_process_for_CMPDM() for: Performance Health|Regency Pacific DSSI|810
2019-01-07 12:08:23,235 INFO: Executing TransactionTrackerOperations.select_customer()
2019-01-07 12:08:30,376 INFO: Executing TransactionTrackerOperations.select_customer()
2019-01-07 12:08:42,474 INFO: Executing TransactionTrackerOperations.get_CM_parcels()
2019-01-07 12:08:42,840 INFO: NoSuchElementException in TransactionTrackerOperations.get_CM_parcels()
2019-01-07 12:08:49,800 INFO: Executing TransactionTrackerOperations.search_process_for_CMPDM() for: Performance Health|ADVANTAGE HPSI DSSI|810
2019-01-07 12:08:49,964 INFO: Executing TransactionTrackerOperations.select_customer()
2019-01-07 12:08:56,208 INFO: Executing TransactionTrackerOperations.select_customer()
2019-01-07 12:08:58,283 ERROR: Error in CMProductionDataMonitoring.TaskFilter()
2019-01-07 12:09:03,473 INFO: Executing TransactionTrackerOperations.search_process_for_CMPDM() for: Performance Health|ADVANTAGE NAVIGATOR DSSI|810
2019-01-07 12:09:03,577 INFO: Executing TransactionTrackerOperations.select_customer()
2019-01-07 12:09:10,662 INFO: Executing TransactionTrackerOperations.select_customer()
2019-01-07 12:09:23,136 INFO: Executing TransactionTrackerOperations.get_CM_parcels()
2019-01-07 12:09:28,635 INFO: Executing TransactionTrackerOperations.search_process_for_CMPDM() for: Performance Health|American Health Companies|810
2019-01-07 12:09:29,277 INFO: Executing TransactionTrackerOperations.select_customer()
2019-01-07 12:09:36,361 INFO: Executing TransactionTrackerOperations.select_customer()
2019-01-07 12:09:48,362 INFO: Executing TransactionTrackerOperations.get_CM_parcels()
2019-01-07 12:09:54,578 INFO: Executing TransactionTrackerOperations.search_process_for_CMPDM() for: Performance Health|APEX|810
2019-01-07 12:09:54,964 INFO: Executing TransactionTrackerOperations.select_customer()
2019-01-07 12:10:02,000 INFO: Executing TransactionTrackerOperations.select_customer()
2019-01-07 12:10:13,748 INFO: Executing TransactionTrackerOperations.get_CM_parcels()
2019-01-07 12:10:19,346 INFO: Executing TransactionTrackerOperations.search_process_for_CMPDM() for: Performance Health|APEX HEALTHCARE FLORIDA DSSI|810
2019-01-07 12:10:20,127 INFO: Executing TransactionTrackerOperations.select_customer()
2019-01-07 12:10:27,168 INFO: Executing TransactionTrackerOperations.select_customer()
2019-01-07 12:10:39,548 INFO: Executing TransactionTrackerOperations.get_CM_parcels()
2019-01-07 12:10:42,937 INFO: NoSuchElementException in TransactionTrackerOperations.get_CM_parcels()
2019-01-07 12:10:48,091 INFO: NoSuchElementException in TransactionTrackerOperations.get_CM_parcels()
2019-01-07 12:10:53,096 INFO: NoSuchElementException in TransactionTrackerOperations.get_CM_parcels()
2019-01-07 12:10:58,058 INFO: NoSuchElementException in TransactionTrackerOperations.get_CM_parcels()
2019-01-07 12:11:03,190 INFO: NoSuchElementException in TransactionTrackerOperations.get_CM_parcels()
2019-01-07 12:11:08,242 INFO: NoSuchElementException in TransactionTrackerOperations.get_CM_parcels()
2019-01-07 12:11:13,303 INFO: NoSuchElementException in TransactionTrackerOperations.get_CM_parcels()
2019-01-07 12:11:18,471 INFO: NoSuchElementException in TransactionTrackerOperations.get_CM_parcels()
2019-01-07 12:11:23,557 INFO: NoSuchElementException in TransactionTrackerOperations.get_CM_parcels()
2019-01-07 12:11:28,658 INFO: NoSuchElementException in TransactionTrackerOperations.get_CM_parcels()
2019-01-07 12:11:33,819 INFO: NoSuchElementException in TransactionTrackerOperations.get_CM_parcels()
2019-01-07 12:11:38,950 INFO: NoSuchElementException in TransactionTrackerOperations.get_CM_parcels()
2019-01-07 12:11:44,345 INFO: NoSuchElementException in TransactionTrackerOperations.get_CM_parcels()
2019-01-07 12:11:49,496 INFO: NoSuchElementException in TransactionTrackerOperations.get_CM_parcels()
2019-01-07 12:11:55,211 INFO: NoSuchElementException in TransactionTrackerOperations.get_CM_parcels()
2019-01-07 12:12:00,940 INFO: NoSuchElementException in TransactionTrackerOperations.get_CM_parcels()
2019-01-07 12:12:04,333 INFO: NoSuchElementException in TransactionTrackerOperations.get_CM_parcels()
2019-01-07 12:12:11,778 INFO: Executing TransactionTrackerOperations.search_process_for_CMPDM() for: Performance Health|ATRIUM LIVING CENTERS DSSI|810
2019-01-07 12:12:12,077 INFO: Executing TransactionTrackerOperations.select_customer()
2019-01-07 12:12:19,229 INFO: Executing TransactionTrackerOperations.select_customer()
2019-01-07 12:12:31,756 INFO: Executing TransactionTrackerOperations.get_CM_parcels()
2019-01-07 12:12:35,007 INFO: NoSuchElementException in TransactionTrackerOperations.get_CM_parcels()
2019-01-07 12:12:40,175 INFO: NoSuchElementException in TransactionTrackerOperations.get_CM_parcels()
2019-01-07 12:12:45,310 INFO: NoSuchElementException in TransactionTrackerOperations.get_CM_parcels()
2019-01-07 12:12:50,369 INFO: NoSuchElementException in TransactionTrackerOperations.get_CM_parcels()
2019-01-07 12:12:55,411 INFO: NoSuchElementException in TransactionTrackerOperations.get_CM_parcels()
2019-01-07 12:13:00,660 INFO: NoSuchElementException in TransactionTrackerOperations.get_CM_parcels()
2019-01-07 12:13:05,842 INFO: NoSuchElementException in TransactionTrackerOperations.get_CM_parcels()
2019-01-07 12:13:10,901 INFO: NoSuchElementException in TransactionTrackerOperations.get_CM_parcels()
2019-01-07 12:13:16,286 INFO: NoSuchElementException in TransactionTrackerOperations.get_CM_parcels()
2019-01-07 12:13:21,694 INFO: NoSuchElementException in TransactionTrackerOperations.get_CM_parcels()
2019-01-07 12:13:26,866 INFO: NoSuchElementException in TransactionTrackerOperations.get_CM_parcels()
2019-01-07 12:13:32,003 INFO: NoSuchElementException in TransactionTrackerOperations.get_CM_parcels()
2019-01-07 12:13:37,213 INFO: NoSuchElementException in TransactionTrackerOperations.get_CM_parcels()
2019-01-07 12:13:42,357 INFO: NoSuchElementException in TransactionTrackerOperations.get_CM_parcels()
2019-01-07 12:13:46,147 INFO: NoSuchElementException in TransactionTrackerOperations.get_CM_parcels()
2019-01-07 12:13:53,022 INFO: Executing TransactionTrackerOperations.search_process_for_CMPDM() for: Performance Health|AXIOM DSSI|810
2019-01-07 12:13:53,927 INFO: Executing TransactionTrackerOperations.select_customer()
2019-01-07 12:14:01,139 INFO: Executing TransactionTrackerOperations.select_customer()
2019-01-07 12:14:13,360 INFO: Executing TransactionTrackerOperations.get_CM_parcels()
2019-01-07 12:14:16,985 INFO: NoSuchElementException in TransactionTrackerOperations.get_CM_parcels()
2019-01-07 12:14:21,508 INFO: NoSuchElementException in TransactionTrackerOperations.get_CM_parcels()
2019-01-07 12:14:27,661 INFO: Executing TransactionTrackerOperations.search_process_for_CMPDM() for: Performance Health|BE GROUP DSSI|810
2019-01-07 12:14:28,508 INFO: Executing TransactionTrackerOperations.select_customer()
2019-01-07 12:14:35,588 INFO: Executing TransactionTrackerOperations.select_customer()
2019-01-07 12:14:47,330 INFO: Executing TransactionTrackerOperations.get_CM_parcels()
2019-01-07 12:14:53,483 INFO: Executing TransactionTrackerOperations.search_process_for_CMPDM() for: Performance Health|BEACON HEALTH DSSI|810
2019-01-07 12:14:53,567 INFO: Executing TransactionTrackerOperations.select_customer()
2019-01-07 12:15:00,591 INFO: Executing TransactionTrackerOperations.select_customer()
2019-01-07 12:15:12,687 INFO: Executing TransactionTrackerOperations.get_CM_parcels()
2019-01-07 12:15:15,976 INFO: NoSuchElementException in TransactionTrackerOperations.get_CM_parcels()
2019-01-07 12:15:21,061 INFO: NoSuchElementException in TransactionTrackerOperations.get_CM_parcels()
2019-01-07 12:15:26,132 INFO: NoSuchElementException in TransactionTrackerOperations.get_CM_parcels()
2019-01-07 12:15:31,264 INFO: NoSuchElementException in TransactionTrackerOperations.get_CM_parcels()
2019-01-07 12:15:36,337 INFO: NoSuchElementException in TransactionTrackerOperations.get_CM_parcels()
2019-01-07 12:15:41,329 INFO: NoSuchElementException in TransactionTrackerOperations.get_CM_parcels()
2019-01-07 12:15:44,076 INFO: NoSuchElementException in TransactionTrackerOperations.get_CM_parcels()
2019-01-07 12:15:50,196 INFO: Executing TransactionTrackerOperations.search_process_for_CMPDM() for: Performance Health|BENEDICTINE DSSI|810
2019-01-07 12:15:51,066 INFO: Executing TransactionTrackerOperations.select_customer()
2019-01-07 12:15:58,105 INFO: Executing TransactionTrackerOperations.select_customer()
2019-01-07 12:16:10,056 INFO: Executing TransactionTrackerOperations.get_CM_parcels()
2019-01-07 12:16:15,731 INFO: Executing TransactionTrackerOperations.search_process_for_CMPDM() for: Performance Health|Bethlen Communities Home Health and Hospice|810
2019-01-07 12:16:16,514 INFO: Executing TransactionTrackerOperations.select_customer()
2019-01-07 12:16:23,577 INFO: Executing TransactionTrackerOperations.select_customer()
2019-01-07 12:16:36,018 INFO: Executing TransactionTrackerOperations.get_CM_parcels()
2019-01-07 12:16:39,295 INFO: NoSuchElementException in TransactionTrackerOperations.get_CM_parcels()
2019-01-07 12:16:43,607 INFO: NoSuchElementException in TransactionTrackerOperations.get_CM_parcels()
2019-01-07 12:16:50,359 INFO: Executing TransactionTrackerOperations.search_process_for_CMPDM() for: Performance Health|BOMBAY LANE DSSI|810
2019-01-07 12:16:50,572 INFO: Executing TransactionTrackerOperations.select_customer()
2019-01-07 12:16:57,594 INFO: Executing TransactionTrackerOperations.select_customer()
2019-01-07 12:17:09,542 INFO: Executing TransactionTrackerOperations.get_CM_parcels()
2019-01-07 12:17:12,924 INFO: NoSuchElementException in TransactionTrackerOperations.get_CM_parcels()
2019-01-07 12:17:19,287 INFO: NoSuchElementException in TransactionTrackerOperations.get_CM_parcels()
2019-01-07 12:17:28,279 INFO: NoSuchElementException in TransactionTrackerOperations.get_CM_parcels()
2019-01-07 12:17:36,818 INFO: NoSuchElementException in TransactionTrackerOperations.get_CM_parcels()
2019-01-07 12:17:42,490 INFO: NoSuchElementException in TransactionTrackerOperations.get_CM_parcels()
2019-01-07 12:17:48,247 INFO: NoSuchElementException in TransactionTrackerOperations.get_CM_parcels()
2019-01-07 12:17:54,685 INFO: NoSuchElementException in TransactionTrackerOperations.get_CM_parcels()
2019-01-07 12:17:59,141 INFO: NoSuchElementException in TransactionTrackerOperations.get_CM_parcels()
2019-01-07 12:18:07,418 INFO: Executing TransactionTrackerOperations.search_process_for_CMPDM() for: Performance Health|CARDON AND ASSOCIATES DSSI|810
2019-01-07 12:18:08,181 INFO: Executing TransactionTrackerOperations.select_customer()
2019-01-07 12:18:15,254 INFO: Executing TransactionTrackerOperations.select_customer()
2019-01-07 12:18:28,162 INFO: Executing TransactionTrackerOperations.get_CM_parcels()
2019-01-07 12:18:31,378 INFO: NoSuchElementException in TransactionTrackerOperations.get_CM_parcels()
2019-01-07 12:18:36,799 INFO: NoSuchElementException in TransactionTrackerOperations.get_CM_parcels()
2019-01-07 12:18:41,943 INFO: NoSuchElementException in TransactionTrackerOperations.get_CM_parcels()
2019-01-07 12:18:46,876 INFO: NoSuchElementException in TransactionTrackerOperations.get_CM_parcels()
2019-01-07 12:18:51,840 INFO: NoSuchElementException in TransactionTrackerOperations.get_CM_parcels()
2019-01-07 12:18:56,870 INFO: NoSuchElementException in TransactionTrackerOperations.get_CM_parcels()
2019-01-07 12:19:01,992 INFO: NoSuchElementException in TransactionTrackerOperations.get_CM_parcels()
2019-01-07 12:19:07,040 INFO: NoSuchElementException in TransactionTrackerOperations.get_CM_parcels()
2019-01-07 12:19:12,165 INFO: NoSuchElementException in TransactionTrackerOperations.get_CM_parcels()
2019-01-07 12:19:17,697 INFO: NoSuchElementException in TransactionTrackerOperations.get_CM_parcels()
2019-01-07 12:19:22,746 INFO: NoSuchElementException in TransactionTrackerOperations.get_CM_parcels()
2019-01-07 12:19:27,797 INFO: NoSuchElementException in TransactionTrackerOperations.get_CM_parcels()
2019-01-07 12:19:32,907 INFO: NoSuchElementException in TransactionTrackerOperations.get_CM_parcels()
2019-01-07 12:19:38,017 INFO: NoSuchElementException in TransactionTrackerOperations.get_CM_parcels()
2019-01-07 12:19:43,150 INFO: NoSuchElementException in TransactionTrackerOperations.get_CM_parcels()
2019-01-07 12:19:48,566 INFO: NoSuchElementException in TransactionTrackerOperations.get_CM_parcels()
2019-01-07 12:19:53,429 INFO: NoSuchElementException in TransactionTrackerOperations.get_CM_parcels()
2019-01-07 12:20:00,910 INFO: Executing TransactionTrackerOperations.search_process_for_CMPDM() for: Performance Health|CERES PURCHASING SOLUTIONS DSSI|810
2019-01-07 12:20:01,234 INFO: Executing TransactionTrackerOperations.select_customer()
2019-01-07 12:20:08,282 INFO: Executing TransactionTrackerOperations.select_customer()
2019-01-07 12:20:20,968 INFO: Executing TransactionTrackerOperations.get_CM_parcels()
2019-01-07 12:20:29,399 INFO: Executing TransactionTrackerOperations.search_process_for_CMPDM() for: Performance Health|Chosen Healthcare DSSI|810
2019-01-07 12:20:29,805 INFO: Executing TransactionTrackerOperations.select_customer()
2019-01-07 12:20:36,901 INFO: Executing TransactionTrackerOperations.select_customer()
2019-01-07 12:20:48,950 INFO: Executing TransactionTrackerOperations.get_CM_parcels()
2019-01-07 12:20:54,382 INFO: Executing TransactionTrackerOperations.search_process_for_CMPDM() for: Performance Health|CLEAR CHOICE DSSI|810
2019-01-07 12:20:55,274 INFO: Executing TransactionTrackerOperations.select_customer()
2019-01-07 12:21:02,583 INFO: Executing TransactionTrackerOperations.select_customer()
2019-01-07 12:21:14,718 INFO: Executing TransactionTrackerOperations.get_CM_parcels()
2019-01-07 12:21:18,229 INFO: NoSuchElementException in TransactionTrackerOperations.get_CM_parcels()
2019-01-07 12:21:23,395 INFO: NoSuchElementException in TransactionTrackerOperations.get_CM_parcels()
2019-01-07 12:21:28,440 INFO: NoSuchElementException in TransactionTrackerOperations.get_CM_parcels()
2019-01-07 12:21:33,625 INFO: NoSuchElementException in TransactionTrackerOperations.get_CM_parcels()
2019-01-07 12:21:39,238 INFO: NoSuchElementException in TransactionTrackerOperations.get_CM_parcels()
2019-01-07 12:21:44,274 INFO: NoSuchElementException in TransactionTrackerOperations.get_CM_parcels()
2019-01-07 12:21:49,417 INFO: NoSuchElementException in TransactionTrackerOperations.get_CM_parcels()
2019-01-07 12:21:54,888 INFO: NoSuchElementException in TransactionTrackerOperations.get_CM_parcels()
2019-01-07 12:21:59,976 INFO: NoSuchElementException in TransactionTrackerOperations.get_CM_parcels()
2019-01-07 12:22:05,119 INFO: NoSuchElementException in TransactionTrackerOperations.get_CM_parcels()
2019-01-07 12:22:09,353 INFO: NoSuchElementException in TransactionTrackerOperations.get_CM_parcels()
2019-01-07 12:22:16,836 INFO: Executing TransactionTrackerOperations.search_process_for_CMPDM() for: Performance Health|COMMUNICARE DSSI|810
2019-01-07 12:22:17,073 INFO: Executing TransactionTrackerOperations.select_customer()
2019-01-07 12:22:24,151 INFO: Executing TransactionTrackerOperations.select_customer()
2019-01-07 12:22:36,190 INFO: Executing TransactionTrackerOperations.get_CM_parcels()
2019-01-07 12:22:42,808 INFO: Executing TransactionTrackerOperations.search_process_for_CMPDM() for: Performance Health|COMPLETE HEALTHCARE DSSI|810
2019-01-07 12:22:43,143 INFO: Executing TransactionTrackerOperations.select_customer()
2019-01-07 12:22:50,224 INFO: Executing TransactionTrackerOperations.select_customer()
2019-01-07 12:23:02,843 INFO: Executing TransactionTrackerOperations.get_CM_parcels()
2019-01-07 12:23:06,207 INFO: NoSuchElementException in TransactionTrackerOperations.get_CM_parcels()
2019-01-07 12:23:11,583 INFO: NoSuchElementException in TransactionTrackerOperations.get_CM_parcels()
2019-01-07 12:23:16,908 INFO: NoSuchElementException in TransactionTrackerOperations.get_CM_parcels()
2019-01-07 12:23:22,838 INFO: NoSuchElementException in TransactionTrackerOperations.get_CM_parcels()
2019-01-07 12:23:28,199 INFO: NoSuchElementException in TransactionTrackerOperations.get_CM_parcels()
2019-01-07 12:23:33,328 INFO: NoSuchElementException in TransactionTrackerOperations.get_CM_parcels()
2019-01-07 12:23:39,295 INFO: NoSuchElementException in TransactionTrackerOperations.get_CM_parcels()
2019-01-07 12:23:44,513 INFO: NoSuchElementException in TransactionTrackerOperations.get_CM_parcels()
2019-01-07 12:23:49,628 INFO: NoSuchElementException in TransactionTrackerOperations.get_CM_parcels()
2019-01-07 12:23:54,931 INFO: NoSuchElementException in TransactionTrackerOperations.get_CM_parcels()
2019-01-07 12:24:00,194 INFO: NoSuchElementException in TransactionTrackerOperations.get_CM_parcels()
2019-01-07 12:24:05,262 INFO: NoSuchElementException in TransactionTrackerOperations.get_CM_parcels()
2019-01-07 12:24:10,313 INFO: NoSuchElementException in TransactionTrackerOperations.get_CM_parcels()
2019-01-07 12:24:15,428 INFO: NoSuchElementException in TransactionTrackerOperations.get_CM_parcels()
2019-01-07 12:24:20,867 INFO: NoSuchElementException in TransactionTrackerOperations.get_CM_parcels()
2019-01-07 12:24:25,933 INFO: NoSuchElementException in TransactionTrackerOperations.get_CM_parcels()
2019-01-07 12:24:28,404 INFO: NoSuchElementException in TransactionTrackerOperations.get_CM_parcels()
2019-01-07 12:24:35,735 INFO: Executing TransactionTrackerOperations.search_process_for_CMPDM() for: Performance Health|COVENANT DOVE DSSI|810
2019-01-07 12:24:35,862 INFO: Executing TransactionTrackerOperations.select_customer()
2019-01-07 12:24:42,889 INFO: Executing TransactionTrackerOperations.select_customer()
2019-01-07 12:24:54,845 INFO: Executing TransactionTrackerOperations.get_CM_parcels()
2019-01-07 12:24:58,039 INFO: NoSuchElementException in TransactionTrackerOperations.get_CM_parcels()
2019-01-07 12:25:03,120 INFO: NoSuchElementException in TransactionTrackerOperations.get_CM_parcels()
2019-01-07 12:25:08,196 INFO: NoSuchElementException in TransactionTrackerOperations.get_CM_parcels()
2019-01-07 12:25:13,157 INFO: NoSuchElementException in TransactionTrackerOperations.get_CM_parcels()
2019-01-07 12:25:18,207 INFO: NoSuchElementException in TransactionTrackerOperations.get_CM_parcels()
2019-01-07 12:25:23,179 INFO: NoSuchElementException in TransactionTrackerOperations.get_CM_parcels()
2019-01-07 12:25:28,237 INFO: NoSuchElementException in TransactionTrackerOperations.get_CM_parcels()
2019-01-07 12:25:33,328 INFO: NoSuchElementException in TransactionTrackerOperations.get_CM_parcels()
2019-01-07 12:25:38,343 INFO: NoSuchElementException in TransactionTrackerOperations.get_CM_parcels()
2019-01-07 12:25:43,387 INFO: NoSuchElementException in TransactionTrackerOperations.get_CM_parcels()
2019-01-07 12:25:48,505 INFO: NoSuchElementException in TransactionTrackerOperations.get_CM_parcels()
2019-01-07 12:25:53,574 INFO: NoSuchElementException in TransactionTrackerOperations.get_CM_parcels()
2019-01-07 12:25:58,683 INFO: NoSuchElementException in TransactionTrackerOperations.get_CM_parcels()
2019-01-07 12:26:03,861 INFO: NoSuchElementException in TransactionTrackerOperations.get_CM_parcels()
2019-01-07 12:26:09,081 INFO: NoSuchElementException in TransactionTrackerOperations.get_CM_parcels()
2019-01-07 12:26:14,312 INFO: NoSuchElementException in TransactionTrackerOperations.get_CM_parcels()
2019-01-07 12:26:19,382 INFO: NoSuchElementException in TransactionTrackerOperations.get_CM_parcels()
2019-01-07 12:26:24,720 INFO: NoSuchElementException in TransactionTrackerOperations.get_CM_parcels()
2019-01-07 12:26:29,770 INFO: NoSuchElementException in TransactionTrackerOperations.get_CM_parcels()
2019-01-07 12:26:34,863 INFO: NoSuchElementException in TransactionTrackerOperations.get_CM_parcels()
2019-01-07 12:26:40,025 INFO: NoSuchElementException in TransactionTrackerOperations.get_CM_parcels()
2019-01-07 12:26:45,028 INFO: NoSuchElementException in TransactionTrackerOperations.get_CM_parcels()
2019-01-07 12:26:50,203 INFO: NoSuchElementException in TransactionTrackerOperations.get_CM_parcels()
2019-01-07 12:26:53,760 INFO: NoSuchElementException in TransactionTrackerOperations.get_CM_parcels()
2019-01-07 12:27:01,184 INFO: Executing TransactionTrackerOperations.search_process_for_CMPDM() for: Performance Health|DIAKON LUTHERAN DSSI|810
2019-01-07 12:27:01,437 INFO: Executing TransactionTrackerOperations.select_customer()
2019-01-07 12:27:08,456 INFO: Executing TransactionTrackerOperations.select_customer()
2019-01-07 12:27:20,407 INFO: Executing TransactionTrackerOperations.get_CM_parcels()
2019-01-07 12:27:23,631 INFO: NoSuchElementException in TransactionTrackerOperations.get_CM_parcels()
2019-01-07 12:27:28,788 INFO: NoSuchElementException in TransactionTrackerOperations.get_CM_parcels()
2019-01-07 12:27:33,901 INFO: NoSuchElementException in TransactionTrackerOperations.get_CM_parcels()
2019-01-07 12:27:39,014 INFO: NoSuchElementException in TransactionTrackerOperations.get_CM_parcels()
2019-01-07 12:27:44,048 INFO: NoSuchElementException in TransactionTrackerOperations.get_CM_parcels()
2019-01-07 12:27:49,112 INFO: NoSuchElementException in TransactionTrackerOperations.get_CM_parcels()
2019-01-07 12:27:54,077 INFO: NoSuchElementException in TransactionTrackerOperations.get_CM_parcels()
2019-01-07 12:27:59,381 INFO: NoSuchElementException in TransactionTrackerOperations.get_CM_parcels()
2019-01-07 12:28:01,902 INFO: NoSuchElementException in TransactionTrackerOperations.get_CM_parcels()
2019-01-07 12:28:09,553 INFO: Executing TransactionTrackerOperations.search_process_for_CMPDM() for: Performance Health|DIVERSICARE DSSI|810
2019-01-07 12:28:09,734 INFO: Executing TransactionTrackerOperations.select_customer()
2019-01-07 12:28:16,771 INFO: Executing TransactionTrackerOperations.select_customer()
2019-01-07 12:28:28,664 INFO: Executing TransactionTrackerOperations.get_CM_parcels()
2019-01-07 12:28:34,782 INFO: Executing TransactionTrackerOperations.search_process_for_CMPDM() for: Performance Health|Dycora Transitional Health DSSI|810
2019-01-07 12:28:34,914 INFO: Executing TransactionTrackerOperations.select_customer()
2019-01-07 12:28:42,104 INFO: Executing TransactionTrackerOperations.select_customer()
2019-01-07 12:28:54,295 INFO: Executing TransactionTrackerOperations.get_CM_parcels()
2019-01-07 12:28:57,671 INFO: NoSuchElementException in TransactionTrackerOperations.get_CM_parcels()
2019-01-07 12:29:02,856 INFO: NoSuchElementException in TransactionTrackerOperations.get_CM_parcels()
2019-01-07 12:29:07,866 INFO: NoSuchElementException in TransactionTrackerOperations.get_CM_parcels()
2019-01-07 12:29:12,945 INFO: NoSuchElementException in TransactionTrackerOperations.get_CM_parcels()
2019-01-07 12:29:18,520 INFO: NoSuchElementException in TransactionTrackerOperations.get_CM_parcels()
2019-01-07 12:29:23,667 INFO: NoSuchElementException in TransactionTrackerOperations.get_CM_parcels()
2019-01-07 12:29:28,681 INFO: NoSuchElementException in TransactionTrackerOperations.get_CM_parcels()
2019-01-07 12:29:33,668 INFO: NoSuchElementException in TransactionTrackerOperations.get_CM_parcels()
2019-01-07 12:29:39,222 INFO: NoSuchElementException in TransactionTrackerOperations.get_CM_parcels()
2019-01-07 12:29:44,277 INFO: NoSuchElementException in TransactionTrackerOperations.get_CM_parcels()
2019-01-07 12:29:49,686 INFO: NoSuchElementException in TransactionTrackerOperations.get_CM_parcels()
2019-01-07 12:29:55,666 INFO: NoSuchElementException in TransactionTrackerOperations.get_CM_parcels()
2019-01-07 12:30:00,884 INFO: NoSuchElementException in TransactionTrackerOperations.get_CM_parcels()
2019-01-07 12:30:04,053 INFO: NoSuchElementException in TransactionTrackerOperations.get_CM_parcels()
2019-01-07 12:30:11,608 INFO: Executing TransactionTrackerOperations.search_process_for_CMPDM() for: Performance Health|ERICKSON RETIREMENT COMMUNITIES DSSI|810
2019-01-07 12:30:11,746 INFO: Executing TransactionTrackerOperations.select_customer()
2019-01-07 12:30:18,781 INFO: Executing TransactionTrackerOperations.select_customer()
2019-01-07 12:30:31,427 INFO: Executing TransactionTrackerOperations.get_CM_parcels()
2019-01-07 12:30:34,794 INFO: NoSuchElementException in TransactionTrackerOperations.get_CM_parcels()
2019-01-07 12:30:39,912 INFO: NoSuchElementException in TransactionTrackerOperations.get_CM_parcels()
2019-01-07 12:30:44,947 INFO: NoSuchElementException in TransactionTrackerOperations.get_CM_parcels()
2019-01-07 12:30:50,015 INFO: NoSuchElementException in TransactionTrackerOperations.get_CM_parcels()
2019-01-07 12:30:55,168 INFO: NoSuchElementException in TransactionTrackerOperations.get_CM_parcels()
2019-01-07 12:31:00,309 INFO: NoSuchElementException in TransactionTrackerOperations.get_CM_parcels()
2019-01-07 12:31:05,500 INFO: NoSuchElementException in TransactionTrackerOperations.get_CM_parcels()
2019-01-07 12:31:10,965 INFO: NoSuchElementException in TransactionTrackerOperations.get_CM_parcels()
2019-01-07 12:31:16,006 INFO: NoSuchElementException in TransactionTrackerOperations.get_CM_parcels()
2019-01-07 12:31:21,095 INFO: NoSuchElementException in TransactionTrackerOperations.get_CM_parcels()
2019-01-07 12:31:26,183 INFO: NoSuchElementException in TransactionTrackerOperations.get_CM_parcels()
2019-01-07 12:31:31,304 INFO: NoSuchElementException in TransactionTrackerOperations.get_CM_parcels()
2019-01-07 12:31:36,415 INFO: NoSuchElementException in TransactionTrackerOperations.get_CM_parcels()
2019-01-07 12:31:41,444 INFO: NoSuchElementException in TransactionTrackerOperations.get_CM_parcels()
2019-01-07 12:31:46,547 INFO: NoSuchElementException in TransactionTrackerOperations.get_CM_parcels()
2019-01-07 12:31:51,585 INFO: NoSuchElementException in TransactionTrackerOperations.get_CM_parcels()
2019-01-07 12:31:57,442 INFO: NoSuchElementException in TransactionTrackerOperations.get_CM_parcels()
2019-01-07 12:32:02,299 INFO: NoSuchElementException in TransactionTrackerOperations.get_CM_parcels()
2019-01-07 12:32:09,750 INFO: Executing TransactionTrackerOperations.search_process_for_CMPDM() for: Performance Health|FORTIS MANAGEMENT GROUP DSSI|810
2019-01-07 12:32:10,108 INFO: Executing TransactionTrackerOperations.select_customer()
2019-01-07 12:32:17,131 INFO: Executing TransactionTrackerOperations.select_customer()
2019-01-07 12:32:29,163 INFO: Executing TransactionTrackerOperations.get_CM_parcels()
2019-01-07 12:32:29,501 INFO: NoSuchElementException in TransactionTrackerOperations.get_CM_parcels()
2019-01-07 12:32:36,208 INFO: Executing TransactionTrackerOperations.search_process_for_CMPDM() for: Performance Health|GOOD SAMARITAN SOCIETY DSSI|810
2019-01-07 12:32:36,508 INFO: Executing TransactionTrackerOperations.select_customer()
2019-01-07 12:32:43,490 INFO: Executing TransactionTrackerOperations.select_customer()
2019-01-07 12:32:55,641 INFO: Executing TransactionTrackerOperations.get_CM_parcels()
2019-01-07 12:33:01,138 INFO: Executing TransactionTrackerOperations.search_process_for_CMPDM() for: Performance Health|GULF COAST HEALTHCARE DSSI|810
2019-01-07 12:33:02,049 INFO: Executing TransactionTrackerOperations.select_customer()
2019-01-07 12:33:09,053 INFO: Executing TransactionTrackerOperations.select_customer()
2019-01-07 12:33:21,111 INFO: Executing TransactionTrackerOperations.get_CM_parcels()
2019-01-07 12:33:27,459 INFO: Executing TransactionTrackerOperations.search_process_for_CMPDM() for: Performance Health|ICARE MANAGEMENT DSSI|810
2019-01-07 12:33:27,712 INFO: Executing TransactionTrackerOperations.select_customer()
2019-01-07 12:33:34,752 INFO: Executing TransactionTrackerOperations.select_customer()
2019-01-07 12:33:46,931 INFO: Executing TransactionTrackerOperations.get_CM_parcels()
2019-01-07 12:33:50,227 INFO: NoSuchElementException in TransactionTrackerOperations.get_CM_parcels()
2019-01-07 12:33:55,710 INFO: NoSuchElementException in TransactionTrackerOperations.get_CM_parcels()
2019-01-07 12:34:00,855 INFO: NoSuchElementException in TransactionTrackerOperations.get_CM_parcels()
2019-01-07 12:34:05,817 INFO: NoSuchElementException in TransactionTrackerOperations.get_CM_parcels()
2019-01-07 12:34:10,903 INFO: NoSuchElementException in TransactionTrackerOperations.get_CM_parcels()
2019-01-07 12:34:14,765 INFO: NoSuchElementException in TransactionTrackerOperations.get_CM_parcels()
2019-01-07 12:34:21,499 INFO: Executing TransactionTrackerOperations.search_process_for_CMPDM() for: Performance Health|Kindred Healthcare via IntelliOrder|810
2019-01-07 12:34:21,613 INFO: Executing TransactionTrackerOperations.select_customer()
2019-01-07 12:34:28,866 INFO: Executing TransactionTrackerOperations.select_customer()
2019-01-07 12:34:41,015 INFO: Executing TransactionTrackerOperations.get_CM_parcels()
2019-01-07 12:34:44,343 INFO: NoSuchElementException in TransactionTrackerOperations.get_CM_parcels()
2019-01-07 12:34:49,473 INFO: NoSuchElementException in TransactionTrackerOperations.get_CM_parcels()
2019-01-07 12:34:54,531 INFO: NoSuchElementException in TransactionTrackerOperations.get_CM_parcels()
2019-01-07 12:34:59,557 INFO: NoSuchElementException in TransactionTrackerOperations.get_CM_parcels()
2019-01-07 12:35:04,664 INFO: NoSuchElementException in TransactionTrackerOperations.get_CM_parcels()
2019-01-07 12:35:09,740 INFO: NoSuchElementException in TransactionTrackerOperations.get_CM_parcels()
2019-01-07 12:35:14,799 INFO: NoSuchElementException in TransactionTrackerOperations.get_CM_parcels()
2019-01-07 12:35:19,887 INFO: NoSuchElementException in TransactionTrackerOperations.get_CM_parcels()
2019-01-07 12:35:24,993 INFO: NoSuchElementException in TransactionTrackerOperations.get_CM_parcels()
2019-01-07 12:35:30,185 INFO: NoSuchElementException in TransactionTrackerOperations.get_CM_parcels()
2019-01-07 12:35:35,354 INFO: NoSuchElementException in TransactionTrackerOperations.get_CM_parcels()
2019-01-07 12:35:40,479 INFO: NoSuchElementException in TransactionTrackerOperations.get_CM_parcels()
2019-01-07 12:35:45,742 INFO: NoSuchElementException in TransactionTrackerOperations.get_CM_parcels()
2019-01-07 12:35:51,026 INFO: NoSuchElementException in TransactionTrackerOperations.get_CM_parcels()
2019-01-07 12:35:56,705 INFO: NoSuchElementException in TransactionTrackerOperations.get_CM_parcels()
2019-01-07 12:36:02,064 INFO: NoSuchElementException in TransactionTrackerOperations.get_CM_parcels()
2019-01-07 12:36:07,760 INFO: NoSuchElementException in TransactionTrackerOperations.get_CM_parcels()
2019-01-07 12:36:12,915 INFO: NoSuchElementException in TransactionTrackerOperations.get_CM_parcels()
2019-01-07 12:36:18,031 INFO: NoSuchElementException in TransactionTrackerOperations.get_CM_parcels()
2019-01-07 12:36:23,248 INFO: NoSuchElementException in TransactionTrackerOperations.get_CM_parcels()
2019-01-07 12:36:28,395 INFO: NoSuchElementException in TransactionTrackerOperations.get_CM_parcels()
2019-01-07 12:36:33,607 INFO: NoSuchElementException in TransactionTrackerOperations.get_CM_parcels()
2019-01-07 12:36:38,906 INFO: NoSuchElementException in TransactionTrackerOperations.get_CM_parcels()
2019-01-07 12:36:43,990 INFO: NoSuchElementException in TransactionTrackerOperations.get_CM_parcels()
2019-01-07 12:36:49,386 INFO: NoSuchElementException in TransactionTrackerOperations.get_CM_parcels()
2019-01-07 12:36:54,604 INFO: NoSuchElementException in TransactionTrackerOperations.get_CM_parcels()
2019-01-07 12:36:59,671 INFO: NoSuchElementException in TransactionTrackerOperations.get_CM_parcels()
2019-01-07 12:37:04,851 INFO: NoSuchElementException in TransactionTrackerOperations.get_CM_parcels()
2019-01-07 12:37:09,988 INFO: NoSuchElementException in TransactionTrackerOperations.get_CM_parcels()
2019-01-07 12:37:15,033 INFO: NoSuchElementException in TransactionTrackerOperations.get_CM_parcels()
2019-01-07 12:37:20,059 INFO: NoSuchElementException in TransactionTrackerOperations.get_CM_parcels()
2019-01-07 12:37:25,308 INFO: NoSuchElementException in TransactionTrackerOperations.get_CM_parcels()
2019-01-07 12:37:30,388 INFO: NoSuchElementException in TransactionTrackerOperations.get_CM_parcels()
2019-01-07 12:37:35,525 INFO: NoSuchElementException in TransactionTrackerOperations.get_CM_parcels()
2019-01-07 12:37:40,739 INFO: NoSuchElementException in TransactionTrackerOperations.get_CM_parcels()
2019-01-07 12:37:45,781 INFO: NoSuchElementException in TransactionTrackerOperations.get_CM_parcels()
2019-01-07 12:37:51,052 INFO: NoSuchElementException in TransactionTrackerOperations.get_CM_parcels()
2019-01-07 12:37:56,593 INFO: NoSuchElementException in TransactionTrackerOperations.get_CM_parcels()
2019-01-07 12:38:01,766 INFO: NoSuchElementException in TransactionTrackerOperations.get_CM_parcels()
2019-01-07 12:38:06,809 INFO: NoSuchElementException in TransactionTrackerOperations.get_CM_parcels()
2019-01-07 12:38:11,910 INFO: NoSuchElementException in TransactionTrackerOperations.get_CM_parcels()
2019-01-07 12:38:15,472 INFO: NoSuchElementException in TransactionTrackerOperations.get_CM_parcels()
2019-01-07 12:38:24,719 INFO: Executing TransactionTrackerOperations.search_process_for_CMPDM() for: Performance Health|LAVIE ADMINISTRATIVE SERVICES DSSI|810
2019-01-07 12:38:24,814 INFO: Executing TransactionTrackerOperations.select_customer()
2019-01-07 12:38:31,857 INFO: Executing TransactionTrackerOperations.select_customer()
2019-01-07 12:38:44,206 INFO: Executing TransactionTrackerOperations.get_CM_parcels()
2019-01-07 12:38:47,514 INFO: NoSuchElementException in TransactionTrackerOperations.get_CM_parcels()
2019-01-07 12:38:52,609 INFO: NoSuchElementException in TransactionTrackerOperations.get_CM_parcels()
2019-01-07 12:38:57,774 INFO: NoSuchElementException in TransactionTrackerOperations.get_CM_parcels()
2019-01-07 12:39:02,990 INFO: NoSuchElementException in TransactionTrackerOperations.get_CM_parcels()
2019-01-07 12:39:08,075 INFO: NoSuchElementException in TransactionTrackerOperations.get_CM_parcels()
2019-01-07 12:39:13,147 INFO: NoSuchElementException in TransactionTrackerOperations.get_CM_parcels()
2019-01-07 12:39:18,665 INFO: NoSuchElementException in TransactionTrackerOperations.get_CM_parcels()
2019-01-07 12:39:23,848 INFO: NoSuchElementException in TransactionTrackerOperations.get_CM_parcels()
2019-01-07 12:39:28,856 INFO: NoSuchElementException in TransactionTrackerOperations.get_CM_parcels()
2019-01-07 12:39:33,905 INFO: NoSuchElementException in TransactionTrackerOperations.get_CM_parcels()
2019-01-07 12:39:38,995 INFO: NoSuchElementException in TransactionTrackerOperations.get_CM_parcels()
2019-01-07 12:39:44,188 INFO: NoSuchElementException in TransactionTrackerOperations.get_CM_parcels()
2019-01-07 12:39:46,677 INFO: NoSuchElementException in TransactionTrackerOperations.get_CM_parcels()
2019-01-07 12:39:53,502 INFO: Executing TransactionTrackerOperations.search_process_for_CMPDM() for: Performance Health|LEGACY SENIOR DSSI|810
2019-01-07 12:39:54,299 INFO: Executing TransactionTrackerOperations.select_customer()
2019-01-07 12:40:01,417 INFO: Executing TransactionTrackerOperations.select_customer()
2019-01-07 12:40:13,330 INFO: Executing TransactionTrackerOperations.get_CM_parcels()
2019-01-07 12:40:19,427 INFO: Executing TransactionTrackerOperations.search_process_for_CMPDM() for: Performance Health|MARINER DSSI|810
2019-01-07 12:40:19,617 INFO: Executing TransactionTrackerOperations.select_customer()
2019-01-07 12:40:26,649 INFO: Executing TransactionTrackerOperations.select_customer()
2019-01-07 12:40:38,423 INFO: Executing TransactionTrackerOperations.get_CM_parcels()
2019-01-07 12:40:44,506 INFO: Executing TransactionTrackerOperations.search_process_for_CMPDM() for: Performance Health|MARINER HEALTH DSSI|810
2019-01-07 12:40:44,687 INFO: Executing TransactionTrackerOperations.select_customer()
2019-01-07 12:40:51,706 INFO: Executing TransactionTrackerOperations.select_customer()
2019-01-07 12:41:03,744 INFO: Executing TransactionTrackerOperations.get_CM_parcels()
2019-01-07 12:41:07,095 INFO: NoSuchElementException in TransactionTrackerOperations.get_CM_parcels()
2019-01-07 12:41:12,278 INFO: NoSuchElementException in TransactionTrackerOperations.get_CM_parcels()
2019-01-07 12:41:17,374 INFO: NoSuchElementException in TransactionTrackerOperations.get_CM_parcels()
2019-01-07 12:41:22,409 INFO: NoSuchElementException in TransactionTrackerOperations.get_CM_parcels()
2019-01-07 12:41:27,417 INFO: NoSuchElementException in TransactionTrackerOperations.get_CM_parcels()
2019-01-07 12:41:32,707 INFO: NoSuchElementException in TransactionTrackerOperations.get_CM_parcels()
2019-01-07 12:41:37,796 INFO: NoSuchElementException in TransactionTrackerOperations.get_CM_parcels()
2019-01-07 12:41:42,990 INFO: NoSuchElementException in TransactionTrackerOperations.get_CM_parcels()
2019-01-07 12:41:48,511 INFO: NoSuchElementException in TransactionTrackerOperations.get_CM_parcels()
2019-01-07 12:41:53,777 INFO: NoSuchElementException in TransactionTrackerOperations.get_CM_parcels()
2019-01-07 12:41:58,858 INFO: NoSuchElementException in TransactionTrackerOperations.get_CM_parcels()
2019-01-07 12:42:03,931 INFO: NoSuchElementException in TransactionTrackerOperations.get_CM_parcels()
2019-01-07 12:42:08,869 INFO: NoSuchElementException in TransactionTrackerOperations.get_CM_parcels()
2019-01-07 12:42:15,782 INFO: Executing TransactionTrackerOperations.search_process_for_CMPDM() for: Performance Health|MEDCENTERDIRECT DOT COM|810
2019-01-07 12:42:16,448 INFO: Executing TransactionTrackerOperations.select_customer()
2019-01-07 12:42:23,455 INFO: Executing TransactionTrackerOperations.select_customer()
2019-01-07 12:42:35,666 INFO: Executing TransactionTrackerOperations.get_CM_parcels()
2019-01-07 12:42:41,327 INFO: Executing TransactionTrackerOperations.search_process_for_CMPDM() for: Performance Health|DSSI Kindred at Home|810
2019-01-07 12:42:42,148 INFO: Executing TransactionTrackerOperations.select_customer()
2019-01-07 12:42:49,180 INFO: Executing TransactionTrackerOperations.select_customer()
2019-01-07 12:43:01,326 INFO: Executing TransactionTrackerOperations.get_CM_parcels()
2019-01-07 12:43:07,522 INFO: Executing TransactionTrackerOperations.search_process_for_CMPDM() for: Performance Health|McKesson Medical Systems Columbus Community Hospital|810
2019-01-07 12:43:07,755 INFO: Executing TransactionTrackerOperations.select_customer()
2019-01-07 12:43:14,768 INFO: Executing TransactionTrackerOperations.select_customer()
2019-01-07 12:43:27,766 INFO: Executing TransactionTrackerOperations.get_CM_parcels()
2019-01-07 12:43:33,965 INFO: Executing TransactionTrackerOperations.search_process_for_CMPDM() for: Performance Health|McKesson Material Systems UT Health East Texas|810
2019-01-07 12:43:34,216 INFO: Executing TransactionTrackerOperations.select_customer()
2019-01-07 12:43:41,236 INFO: Executing TransactionTrackerOperations.select_customer()
2019-01-07 12:43:54,048 INFO: Executing TransactionTrackerOperations.get_CM_parcels()
2019-01-07 12:44:00,315 INFO: completed CMProductionDataMonitoring.execute_main()
2019-01-07 12:51:49,269 INFO: Executing Script Credit Memo Prodution Data Monitoring
2019-01-07 12:51:49,419 INFO: Executing CMProductionDataMonitoring.execute_main()
2019-01-07 12:51:54,558 INFO: Login in to Launchpad
2019-01-07 12:52:12,943 INFO: Executing CMProductionDataMonitoring.TaskFilter()
2019-01-07 12:52:13,320 INFO: Refreshing access_token
2019-01-07 12:52:20,132 INFO: select InProgress task from input sheet from CMProductionDataMonitoring.TaskFilter()
2019-01-07 12:52:20,132 INFO: Executing TransactionTrackerOperations.search_process_for_CMPDM() for: Performance Health|McKesson BASCOM PALMER EYE INST|810
2019-01-07 12:52:20,825 INFO: Executing TransactionTrackerOperations.select_customer()
2019-01-07 12:52:27,104 INFO: Executing TransactionTrackerOperations.select_customer()
2019-01-07 12:52:29,185 ERROR: Error in CMProductionDataMonitoring.TaskFilter()
2019-01-07 12:52:34,322 INFO: Executing TransactionTrackerOperations.search_process_for_CMPDM() for: Performance Health|McKesson CABELL HUNTINGTON HOSPITAL|810
2019-01-07 12:52:34,353 INFO: Executing TransactionTrackerOperations.select_customer()
2019-01-07 12:52:42,702 INFO: Executing TransactionTrackerOperations.select_customer()
2019-01-07 12:52:57,125 INFO: Executing TransactionTrackerOperations.get_CM_parcels()
2019-01-07 12:53:01,806 INFO: NoSuchElementException in TransactionTrackerOperations.get_CM_parcels()
2019-01-07 12:53:07,872 INFO: NoSuchElementException in TransactionTrackerOperations.get_CM_parcels()
2019-01-07 12:53:12,349 INFO: NoSuchElementException in TransactionTrackerOperations.get_CM_parcels()
2019-01-07 12:53:19,263 INFO: Executing TransactionTrackerOperations.search_process_for_CMPDM() for: Performance Health|McKesson CHILDRENS HOSPITAL|810
2019-01-07 12:53:19,792 INFO: Executing TransactionTrackerOperations.select_customer()
2019-01-07 12:53:26,996 INFO: Executing TransactionTrackerOperations.select_customer()
2019-01-07 12:55:16,142 ERROR: Error in CMProductionDataMonitoring.TaskFilter()
2019-01-07 12:55:22,289 INFO: Executing TransactionTrackerOperations.search_process_for_CMPDM() for: Performance Health|McKesson CHRISTIANA CARE HEALTH|810
2019-01-07 12:55:22,768 INFO: Executing TransactionTrackerOperations.select_customer()
2019-01-07 12:55:29,775 INFO: Executing TransactionTrackerOperations.select_customer()
2019-01-07 12:57:18,070 ERROR: Error in CMProductionDataMonitoring.TaskFilter()
2019-01-07 12:57:23,316 INFO: Executing TransactionTrackerOperations.search_process_for_CMPDM() for: Performance Health|McKesson EMH REGIONAL HEALTHCARE SYSTEMS|810
2019-01-07 12:57:25,388 INFO: Executing TransactionTrackerOperations.select_customer()
2019-01-07 12:57:31,826 INFO: Executing TransactionTrackerOperations.select_customer()
2019-01-07 12:57:33,921 ERROR: Error in CMProductionDataMonitoring.TaskFilter()
2019-01-07 12:57:39,223 INFO: Executing TransactionTrackerOperations.search_process_for_CMPDM() for: Performance Health|McKesson EMORY HEALTHCARE|810
2019-01-07 12:57:40,189 INFO: Executing TransactionTrackerOperations.select_customer()
2019-01-07 12:57:47,609 INFO: Executing TransactionTrackerOperations.select_customer()
2019-01-07 12:59:01,235 INFO: Executing Script Credit Memo Prodution Data Monitoring
2019-01-07 12:59:01,376 INFO: Executing CMProductionDataMonitoring.execute_main()
2019-01-07 12:59:05,574 INFO: Login in to Launchpad
2019-01-07 12:59:23,595 INFO: Executing CMProductionDataMonitoring.TaskFilter()
2019-01-07 12:59:23,880 INFO: Refreshing access_token
2019-01-07 12:59:30,320 INFO: select InProgress task from input sheet from CMProductionDataMonitoring.TaskFilter()
2019-01-07 12:59:30,320 INFO: Executing TransactionTrackerOperations.search_process_for_CMPDM() for: Performance Health|McKesson BASCOM PALMER EYE INST|810
2019-01-07 12:59:30,342 INFO: Executing TransactionTrackerOperations.select_customer()
2019-01-07 12:59:37,571 INFO: Executing TransactionTrackerOperations.select_customer()
2019-01-07 12:59:50,256 INFO: Executing TransactionTrackerOperations.get_CM_parcels()
2019-01-07 12:59:57,280 INFO: Executing TransactionTrackerOperations.search_process_for_CMPDM() for: Performance Health|McKesson CABELL HUNTINGTON HOSPITAL|810
2019-01-07 12:59:57,441 INFO: Executing TransactionTrackerOperations.select_customer()
2019-01-07 13:00:04,606 INFO: Executing TransactionTrackerOperations.select_customer()
2019-01-07 13:00:17,359 INFO: Executing TransactionTrackerOperations.get_CM_parcels()
2019-01-07 13:00:20,861 INFO: NoSuchElementException in TransactionTrackerOperations.get_CM_parcels()
2019-01-07 13:00:26,147 INFO: NoSuchElementException in TransactionTrackerOperations.get_CM_parcels()
2019-01-07 13:00:30,534 INFO: NoSuchElementException in TransactionTrackerOperations.get_CM_parcels()
2019-01-07 13:00:37,932 INFO: Executing TransactionTrackerOperations.search_process_for_CMPDM() for: Performance Health|McKesson CHILDRENS HOSPITAL|810
2019-01-07 13:00:38,029 INFO: Executing TransactionTrackerOperations.select_customer()
2019-01-07 13:00:45,240 INFO: Executing TransactionTrackerOperations.select_customer()
2019-01-07 13:00:57,965 INFO: Executing TransactionTrackerOperations.get_CM_parcels()
2019-01-07 13:01:01,393 INFO: NoSuchElementException in TransactionTrackerOperations.get_CM_parcels()
2019-01-07 13:01:06,612 INFO: NoSuchElementException in TransactionTrackerOperations.get_CM_parcels()
2019-01-07 13:01:09,985 INFO: NoSuchElementException in TransactionTrackerOperations.get_CM_parcels()
2019-01-07 13:01:16,206 INFO: Executing TransactionTrackerOperations.search_process_for_CMPDM() for: Performance Health|McKesson CHRISTIANA CARE HEALTH|810
2019-01-07 13:01:17,501 INFO: Executing TransactionTrackerOperations.select_customer()
2019-01-07 13:01:24,709 INFO: Executing TransactionTrackerOperations.select_customer()
2019-01-07 13:01:38,420 INFO: Executing TransactionTrackerOperations.get_CM_parcels()
2019-01-07 13:01:42,879 INFO: NoSuchElementException in TransactionTrackerOperations.get_CM_parcels()
2019-01-07 13:01:49,366 INFO: NoSuchElementException in TransactionTrackerOperations.get_CM_parcels()
2019-01-07 13:01:55,877 INFO: NoSuchElementException in TransactionTrackerOperations.get_CM_parcels()
2019-01-07 13:02:01,661 INFO: NoSuchElementException in TransactionTrackerOperations.get_CM_parcels()
2019-01-07 13:02:07,278 INFO: NoSuchElementException in TransactionTrackerOperations.get_CM_parcels()
2019-01-07 13:02:12,967 INFO: NoSuchElementException in TransactionTrackerOperations.get_CM_parcels()
2019-01-07 13:02:18,487 INFO: NoSuchElementException in TransactionTrackerOperations.get_CM_parcels()
2019-01-07 13:02:23,769 INFO: NoSuchElementException in TransactionTrackerOperations.get_CM_parcels()
2019-01-07 13:02:28,932 INFO: NoSuchElementException in TransactionTrackerOperations.get_CM_parcels()
2019-01-07 13:02:34,125 INFO: NoSuchElementException in TransactionTrackerOperations.get_CM_parcels()
2019-01-07 13:02:39,403 INFO: NoSuchElementException in TransactionTrackerOperations.get_CM_parcels()
2019-01-07 13:02:46,276 INFO: NoSuchElementException in TransactionTrackerOperations.get_CM_parcels()
2019-01-07 13:02:52,066 INFO: NoSuchElementException in TransactionTrackerOperations.get_CM_parcels()
2019-01-07 13:02:57,698 INFO: NoSuchElementException in TransactionTrackerOperations.get_CM_parcels()
2019-01-07 13:03:03,633 INFO: NoSuchElementException in TransactionTrackerOperations.get_CM_parcels()
2019-01-07 13:03:09,524 INFO: NoSuchElementException in TransactionTrackerOperations.get_CM_parcels()
2019-01-07 13:03:13,617 INFO: NoSuchElementException in TransactionTrackerOperations.get_CM_parcels()
2019-01-07 13:03:22,006 INFO: Executing TransactionTrackerOperations.search_process_for_CMPDM() for: Performance Health|McKesson EMH REGIONAL HEALTHCARE SYSTEMS|810
2019-01-07 13:03:22,403 INFO: Executing TransactionTrackerOperations.select_customer()
2019-01-07 13:03:29,897 INFO: Executing TransactionTrackerOperations.select_customer()
2019-01-07 13:03:43,339 INFO: Executing TransactionTrackerOperations.get_CM_parcels()
2019-01-07 13:03:48,914 INFO: Executing TransactionTrackerOperations.search_process_for_CMPDM() for: Performance Health|McKesson EMORY HEALTHCARE|810
2019-01-07 13:03:50,060 INFO: Executing TransactionTrackerOperations.select_customer()
2019-01-07 13:03:57,738 INFO: Executing TransactionTrackerOperations.select_customer()
2019-01-07 13:04:10,332 INFO: Executing TransactionTrackerOperations.get_CM_parcels()
2019-01-07 13:04:14,055 INFO: NoSuchElementException in TransactionTrackerOperations.get_CM_parcels()
2019-01-07 13:04:20,008 INFO: NoSuchElementException in TransactionTrackerOperations.get_CM_parcels()
2019-01-07 13:04:27,292 INFO: NoSuchElementException in TransactionTrackerOperations.get_CM_parcels()
2019-01-07 13:04:33,920 INFO: NoSuchElementException in TransactionTrackerOperations.get_CM_parcels()
2019-01-07 13:04:39,254 INFO: NoSuchElementException in TransactionTrackerOperations.get_CM_parcels()
2019-01-07 13:04:44,599 INFO: NoSuchElementException in TransactionTrackerOperations.get_CM_parcels()
2019-01-07 13:04:50,070 INFO: NoSuchElementException in TransactionTrackerOperations.get_CM_parcels()
2019-01-07 13:04:55,312 INFO: NoSuchElementException in TransactionTrackerOperations.get_CM_parcels()
2019-01-07 13:05:00,940 INFO: NoSuchElementException in TransactionTrackerOperations.get_CM_parcels()
2019-01-07 13:05:06,749 INFO: NoSuchElementException in TransactionTrackerOperations.get_CM_parcels()
2019-01-07 13:05:12,248 INFO: NoSuchElementException in TransactionTrackerOperations.get_CM_parcels()
2019-01-07 13:05:19,442 INFO: NoSuchElementException in TransactionTrackerOperations.get_CM_parcels()
2019-01-07 13:05:25,456 INFO: NoSuchElementException in TransactionTrackerOperations.get_CM_parcels()
2019-01-07 13:05:31,746 INFO: NoSuchElementException in TransactionTrackerOperations.get_CM_parcels()
2019-01-07 13:05:37,438 INFO: NoSuchElementException in TransactionTrackerOperations.get_CM_parcels()
2019-01-07 13:05:43,216 INFO: NoSuchElementException in TransactionTrackerOperations.get_CM_parcels()
2019-01-07 13:05:48,821 INFO: NoSuchElementException in TransactionTrackerOperations.get_CM_parcels()
2019-01-07 13:05:54,193 INFO: NoSuchElementException in TransactionTrackerOperations.get_CM_parcels()
2019-01-07 13:05:59,567 INFO: NoSuchElementException in TransactionTrackerOperations.get_CM_parcels()
2019-01-07 13:06:04,889 INFO: NoSuchElementException in TransactionTrackerOperations.get_CM_parcels()
2019-01-07 13:06:09,965 INFO: NoSuchElementException in TransactionTrackerOperations.get_CM_parcels()
2019-01-07 13:06:15,125 INFO: NoSuchElementException in TransactionTrackerOperations.get_CM_parcels()
2019-01-07 13:06:20,942 INFO: NoSuchElementException in TransactionTrackerOperations.get_CM_parcels()
2019-01-07 13:06:26,390 INFO: NoSuchElementException in TransactionTrackerOperations.get_CM_parcels()
2019-01-07 13:06:32,561 INFO: NoSuchElementException in TransactionTrackerOperations.get_CM_parcels()
2019-01-07 13:06:38,143 INFO: NoSuchElementException in TransactionTrackerOperations.get_CM_parcels()
2019-01-07 13:06:41,240 INFO: NoSuchElementException in TransactionTrackerOperations.get_CM_parcels()
2019-01-07 13:06:49,401 INFO: Executing TransactionTrackerOperations.search_process_for_CMPDM() for: Performance Health|McKesson FIRELANDS REGIONAL MEDICAL CENTER|810
2019-01-07 13:06:49,739 INFO: Executing TransactionTrackerOperations.select_customer()
2019-01-07 13:06:57,686 INFO: Executing TransactionTrackerOperations.select_customer()
2019-01-07 13:07:10,602 INFO: Executing TransactionTrackerOperations.get_CM_parcels()
2019-01-07 13:07:16,171 INFO: Executing TransactionTrackerOperations.search_process_for_CMPDM() for: Performance Health|McKesson FIRSTHEALTH CAROLINAS|810
2019-01-07 13:07:16,980 INFO: Executing TransactionTrackerOperations.select_customer()
2019-01-07 13:07:23,965 INFO: Executing TransactionTrackerOperations.select_customer()
2019-01-07 13:07:36,542 INFO: Executing TransactionTrackerOperations.get_CM_parcels()
2019-01-07 13:07:42,023 INFO: Executing TransactionTrackerOperations.search_process_for_CMPDM() for: Performance Health|McKesson FRANCISCAN ALLIANCE INC|810
2019-01-07 13:07:42,930 INFO: Executing TransactionTrackerOperations.select_customer()
2019-01-07 13:07:49,932 INFO: Executing TransactionTrackerOperations.select_customer()
2019-01-07 13:08:02,443 INFO: Executing TransactionTrackerOperations.get_CM_parcels()
2019-01-07 13:08:05,794 INFO: NoSuchElementException in TransactionTrackerOperations.get_CM_parcels()
2019-01-07 13:08:10,852 INFO: NoSuchElementException in TransactionTrackerOperations.get_CM_parcels()
2019-01-07 13:08:16,042 INFO: NoSuchElementException in TransactionTrackerOperations.get_CM_parcels()
2019-01-07 13:08:21,856 INFO: NoSuchElementException in TransactionTrackerOperations.get_CM_parcels()
2019-01-07 13:08:26,847 INFO: NoSuchElementException in TransactionTrackerOperations.get_CM_parcels()
2019-01-07 13:08:31,899 INFO: NoSuchElementException in TransactionTrackerOperations.get_CM_parcels()
2019-01-07 13:08:37,110 INFO: NoSuchElementException in TransactionTrackerOperations.get_CM_parcels()
2019-01-07 13:08:42,104 INFO: NoSuchElementException in TransactionTrackerOperations.get_CM_parcels()
2019-01-07 13:08:47,135 INFO: NoSuchElementException in TransactionTrackerOperations.get_CM_parcels()
2019-01-07 13:08:53,592 INFO: NoSuchElementException in TransactionTrackerOperations.get_CM_parcels()
2019-01-07 13:08:58,618 INFO: NoSuchElementException in TransactionTrackerOperations.get_CM_parcels()
2019-01-07 13:09:03,607 INFO: NoSuchElementException in TransactionTrackerOperations.get_CM_parcels()
2019-01-07 13:09:08,662 INFO: NoSuchElementException in TransactionTrackerOperations.get_CM_parcels()
2019-01-07 13:09:13,704 INFO: NoSuchElementException in TransactionTrackerOperations.get_CM_parcels()
2019-01-07 13:09:19,201 INFO: NoSuchElementException in TransactionTrackerOperations.get_CM_parcels()
2019-01-07 13:09:24,762 INFO: NoSuchElementException in TransactionTrackerOperations.get_CM_parcels()
2019-01-07 13:09:29,871 INFO: NoSuchElementException in TransactionTrackerOperations.get_CM_parcels()
2019-01-07 13:09:34,993 INFO: NoSuchElementException in TransactionTrackerOperations.get_CM_parcels()
2019-01-07 13:09:38,617 INFO: NoSuchElementException in TransactionTrackerOperations.get_CM_parcels()
2019-01-07 13:09:46,825 INFO: Executing TransactionTrackerOperations.search_process_for_CMPDM() for: Performance Health|McKesson GOOD SHEPHERD REHAB NETWORK|810
2019-01-07 13:09:47,052 INFO: Executing TransactionTrackerOperations.select_customer()
2019-01-07 13:09:54,026 INFO: Executing TransactionTrackerOperations.select_customer()
2019-01-07 13:10:06,700 INFO: Executing TransactionTrackerOperations.get_CM_parcels()
2019-01-07 13:10:09,879 INFO: NoSuchElementException in TransactionTrackerOperations.get_CM_parcels()
2019-01-07 13:10:14,902 INFO: NoSuchElementException in TransactionTrackerOperations.get_CM_parcels()
2019-01-07 13:10:19,984 INFO: NoSuchElementException in TransactionTrackerOperations.get_CM_parcels()
2019-01-07 13:10:24,816 INFO: NoSuchElementException in TransactionTrackerOperations.get_CM_parcels()
2019-01-07 13:10:29,956 INFO: NoSuchElementException in TransactionTrackerOperations.get_CM_parcels()
2019-01-07 13:10:34,875 INFO: NoSuchElementException in TransactionTrackerOperations.get_CM_parcels()
2019-01-07 13:10:39,811 INFO: NoSuchElementException in TransactionTrackerOperations.get_CM_parcels()
2019-01-07 13:10:44,792 INFO: NoSuchElementException in TransactionTrackerOperations.get_CM_parcels()
2019-01-07 13:10:49,923 INFO: NoSuchElementException in TransactionTrackerOperations.get_CM_parcels()
2019-01-07 13:10:54,806 INFO: NoSuchElementException in TransactionTrackerOperations.get_CM_parcels()
2019-01-07 13:10:59,765 INFO: NoSuchElementException in TransactionTrackerOperations.get_CM_parcels()
2019-01-07 13:11:04,900 INFO: NoSuchElementException in TransactionTrackerOperations.get_CM_parcels()
2019-01-07 13:11:09,965 INFO: NoSuchElementException in TransactionTrackerOperations.get_CM_parcels()
2019-01-07 13:11:14,970 INFO: NoSuchElementException in TransactionTrackerOperations.get_CM_parcels()
2019-01-07 13:11:20,024 INFO: NoSuchElementException in TransactionTrackerOperations.get_CM_parcels()
2019-01-07 13:11:25,070 INFO: NoSuchElementException in TransactionTrackerOperations.get_CM_parcels()
2019-01-07 13:11:30,115 INFO: NoSuchElementException in TransactionTrackerOperations.get_CM_parcels()
2019-01-07 13:11:33,489 INFO: NoSuchElementException in TransactionTrackerOperations.get_CM_parcels()
2019-01-07 13:11:40,824 INFO: Executing TransactionTrackerOperations.search_process_for_CMPDM() for: Performance Health|McKesson HALIFAX REGIONAL HOSPITAL|810
2019-01-07 13:11:40,872 INFO: Executing TransactionTrackerOperations.select_customer()
2019-01-07 13:11:48,011 INFO: Executing TransactionTrackerOperations.select_customer()
2019-01-07 13:12:00,594 INFO: Executing TransactionTrackerOperations.get_CM_parcels()
2019-01-07 13:12:06,745 INFO: Executing TransactionTrackerOperations.search_process_for_CMPDM() for: Performance Health|McKesson HATTISBURG CLINIC|810
2019-01-07 13:12:06,862 INFO: Executing TransactionTrackerOperations.select_customer()
2019-01-07 13:12:13,945 INFO: Executing TransactionTrackerOperations.select_customer()
2019-01-07 13:12:26,265 INFO: Executing TransactionTrackerOperations.get_CM_parcels()
2019-01-07 13:12:31,781 INFO: Executing TransactionTrackerOperations.search_process_for_CMPDM() for: Performance Health|McKesson IL BONE AND JOINT|810
2019-01-07 13:12:32,728 INFO: Executing TransactionTrackerOperations.select_customer()
2019-01-07 13:12:39,707 INFO: Executing TransactionTrackerOperations.select_customer()
2019-01-07 13:12:51,786 INFO: Executing TransactionTrackerOperations.get_CM_parcels()
2019-01-07 13:12:57,260 INFO: Executing TransactionTrackerOperations.search_process_for_CMPDM() for: Performance Health|McKesson LAKE CHARLES MEMORIAL HOSPITAL|810
2019-01-07 13:12:57,927 INFO: Executing TransactionTrackerOperations.select_customer()
2019-01-07 13:13:05,127 INFO: Executing TransactionTrackerOperations.select_customer()
2019-01-07 13:13:18,024 INFO: Executing TransactionTrackerOperations.get_CM_parcels()
2019-01-07 13:13:24,139 INFO: Executing TransactionTrackerOperations.search_process_for_CMPDM() for: Performance Health|McKesson LAWRENCE MEMORIAL HOSPITAL|810
2019-01-07 13:13:24,278 INFO: Executing TransactionTrackerOperations.select_customer()
2019-01-07 13:13:31,268 INFO: Executing TransactionTrackerOperations.select_customer()
2019-01-07 13:13:43,944 INFO: Executing TransactionTrackerOperations.get_CM_parcels()
2019-01-07 13:13:47,288 INFO: NoSuchElementException in TransactionTrackerOperations.get_CM_parcels()
2019-01-07 13:13:52,333 INFO: NoSuchElementException in TransactionTrackerOperations.get_CM_parcels()
2019-01-07 13:13:57,566 INFO: NoSuchElementException in TransactionTrackerOperations.get_CM_parcels()
2019-01-07 13:14:03,035 INFO: NoSuchElementException in TransactionTrackerOperations.get_CM_parcels()
2019-01-07 13:14:08,029 INFO: NoSuchElementException in TransactionTrackerOperations.get_CM_parcels()
2019-01-07 13:14:12,190 INFO: NoSuchElementException in TransactionTrackerOperations.get_CM_parcels()
2019-01-07 13:14:18,999 INFO: Executing TransactionTrackerOperations.search_process_for_CMPDM() for: Performance Health|McKesson LEESBURG REGIONAL|810
2019-01-07 13:14:19,175 INFO: Executing TransactionTrackerOperations.select_customer()
2019-01-07 13:14:26,246 INFO: Executing TransactionTrackerOperations.select_customer()
2019-01-07 13:14:38,635 INFO: Executing TransactionTrackerOperations.get_CM_parcels()
2019-01-07 13:14:39,601 INFO: NoSuchElementException in TransactionTrackerOperations.get_CM_parcels()
2019-01-07 13:14:45,843 INFO: Executing TransactionTrackerOperations.search_process_for_CMPDM() for: Performance Health|McKesson LOMA LINDA UNIVERSITY MEDICAL CENTER|810
2019-01-07 13:14:46,624 INFO: Executing TransactionTrackerOperations.select_customer()
2019-01-07 13:14:53,602 INFO: Executing TransactionTrackerOperations.select_customer()
2019-01-07 13:15:06,566 INFO: Executing TransactionTrackerOperations.get_CM_parcels()
2019-01-07 13:15:06,899 INFO: NoSuchElementException in TransactionTrackerOperations.get_CM_parcels()
2019-01-07 13:15:13,716 INFO: Executing TransactionTrackerOperations.search_process_for_CMPDM() for: Performance Health|McKesson MCG HEALTH INC|810
2019-01-07 13:15:14,010 INFO: Executing TransactionTrackerOperations.select_customer()
2019-01-07 13:15:20,982 INFO: Executing TransactionTrackerOperations.select_customer()
2019-01-07 13:15:33,013 INFO: Executing TransactionTrackerOperations.get_CM_parcels()
2019-01-07 13:15:36,171 INFO: NoSuchElementException in TransactionTrackerOperations.get_CM_parcels()
2019-01-07 13:15:41,158 INFO: NoSuchElementException in TransactionTrackerOperations.get_CM_parcels()
2019-01-07 13:15:46,081 INFO: NoSuchElementException in TransactionTrackerOperations.get_CM_parcels()
2019-01-07 13:15:50,960 INFO: NoSuchElementException in TransactionTrackerOperations.get_CM_parcels()
2019-01-07 13:15:56,350 INFO: NoSuchElementException in TransactionTrackerOperations.get_CM_parcels()
2019-01-07 13:16:04,014 INFO: Executing TransactionTrackerOperations.search_process_for_CMPDM() for: Performance Health|McKesson NCH HEALTHCARE|810
2019-01-07 13:16:04,761 INFO: Executing TransactionTrackerOperations.select_customer()
2019-01-07 13:16:11,759 INFO: Executing TransactionTrackerOperations.select_customer()
2019-01-07 13:16:23,961 INFO: Executing TransactionTrackerOperations.get_CM_parcels()
2019-01-07 13:16:27,130 INFO: NoSuchElementException in TransactionTrackerOperations.get_CM_parcels()
2019-01-07 13:16:32,190 INFO: NoSuchElementException in TransactionTrackerOperations.get_CM_parcels()
2019-01-07 13:16:37,367 INFO: NoSuchElementException in TransactionTrackerOperations.get_CM_parcels()
2019-01-07 13:16:42,267 INFO: NoSuchElementException in TransactionTrackerOperations.get_CM_parcels()
2019-01-07 13:16:47,288 INFO: NoSuchElementException in TransactionTrackerOperations.get_CM_parcels()
2019-01-07 13:16:52,260 INFO: NoSuchElementException in TransactionTrackerOperations.get_CM_parcels()
2019-01-07 13:16:57,135 INFO: NoSuchElementException in TransactionTrackerOperations.get_CM_parcels()
2019-01-07 13:17:00,477 INFO: NoSuchElementException in TransactionTrackerOperations.get_CM_parcels()
2019-01-07 13:17:06,639 INFO: Executing TransactionTrackerOperations.search_process_for_CMPDM() for: Performance Health|McKesson SACRED HEART HOSPITAL|810
2019-01-07 13:17:07,319 INFO: Executing TransactionTrackerOperations.select_customer()
2019-01-07 13:17:14,282 INFO: Executing TransactionTrackerOperations.select_customer()
2019-01-07 13:17:26,808 INFO: Executing TransactionTrackerOperations.get_CM_parcels()
2019-01-07 13:17:32,946 INFO: Executing TransactionTrackerOperations.search_process_for_CMPDM() for: Performance Health|McKesson SAINT FRANCES MEDICAL CENTER|810
2019-01-07 13:17:33,110 INFO: Executing TransactionTrackerOperations.select_customer()
2019-01-07 13:17:40,106 INFO: Executing TransactionTrackerOperations.select_customer()
2019-01-07 13:17:52,836 INFO: Executing TransactionTrackerOperations.get_CM_parcels()
2019-01-07 13:17:56,474 INFO: NoSuchElementException in TransactionTrackerOperations.get_CM_parcels()
2019-01-07 13:18:01,619 INFO: NoSuchElementException in TransactionTrackerOperations.get_CM_parcels()
2019-01-07 13:18:06,520 INFO: NoSuchElementException in TransactionTrackerOperations.get_CM_parcels()
2019-01-07 13:18:10,042 INFO: NoSuchElementException in TransactionTrackerOperations.get_CM_parcels()
2019-01-07 13:18:16,225 INFO: Executing TransactionTrackerOperations.search_process_for_CMPDM() for: Performance Health|McKesson SOUTHERN NEW HAMPSHIRE MEDICAL CENTER|810
2019-01-07 13:18:16,910 INFO: Executing TransactionTrackerOperations.select_customer()
2019-01-07 13:18:23,920 INFO: Executing TransactionTrackerOperations.select_customer()
2019-01-07 13:18:36,955 INFO: Executing TransactionTrackerOperations.get_CM_parcels()
2019-01-07 13:18:40,648 INFO: NoSuchElementException in TransactionTrackerOperations.get_CM_parcels()
2019-01-07 13:18:45,692 INFO: NoSuchElementException in TransactionTrackerOperations.get_CM_parcels()
2019-01-07 13:18:50,583 INFO: NoSuchElementException in TransactionTrackerOperations.get_CM_parcels()
2019-01-07 13:18:55,940 INFO: NoSuchElementException in TransactionTrackerOperations.get_CM_parcels()
2019-01-07 13:18:58,667 INFO: NoSuchElementException in TransactionTrackerOperations.get_CM_parcels()
2019-01-07 13:19:05,446 INFO: Executing TransactionTrackerOperations.search_process_for_CMPDM() for: Performance Health|McKesson TIFT REGIONAL MEDICAL CENTER|810
2019-01-07 13:19:05,572 INFO: Executing TransactionTrackerOperations.select_customer()
2019-01-07 13:19:12,524 INFO: Executing TransactionTrackerOperations.select_customer()
2019-01-07 13:19:25,337 INFO: Executing TransactionTrackerOperations.get_CM_parcels()
2019-01-07 13:19:30,784 INFO: Executing TransactionTrackerOperations.search_process_for_CMPDM() for: Performance Health|McKesson TRINITY MOTHER FRANCES HOSPITAL|810
2019-01-07 13:19:31,506 INFO: Executing TransactionTrackerOperations.select_customer()
2019-01-07 13:19:38,464 INFO: Executing TransactionTrackerOperations.select_customer()
2019-01-07 13:19:51,107 INFO: Executing TransactionTrackerOperations.get_CM_parcels()
2019-01-07 13:19:54,253 INFO: NoSuchElementException in TransactionTrackerOperations.get_CM_parcels()
2019-01-07 13:19:59,250 INFO: NoSuchElementException in TransactionTrackerOperations.get_CM_parcels()
2019-01-07 13:20:04,260 INFO: NoSuchElementException in TransactionTrackerOperations.get_CM_parcels()
2019-01-07 13:20:09,077 INFO: NoSuchElementException in TransactionTrackerOperations.get_CM_parcels()
2019-01-07 13:20:13,942 INFO: NoSuchElementException in TransactionTrackerOperations.get_CM_parcels()
2019-01-07 13:20:18,846 INFO: NoSuchElementException in TransactionTrackerOperations.get_CM_parcels()
2019-01-07 13:20:23,944 INFO: NoSuchElementException in TransactionTrackerOperations.get_CM_parcels()
2019-01-07 13:20:27,360 INFO: NoSuchElementException in TransactionTrackerOperations.get_CM_parcels()
2019-01-07 13:20:34,353 INFO: Executing TransactionTrackerOperations.search_process_for_CMPDM() for: Performance Health|McKesson Truman Medical Center|810
2019-01-07 13:20:34,515 INFO: Executing TransactionTrackerOperations.select_customer()
2019-01-07 13:20:41,593 INFO: Executing TransactionTrackerOperations.select_customer()
2019-01-07 13:20:53,806 INFO: Executing TransactionTrackerOperations.get_CM_parcels()
2019-01-07 13:20:57,183 INFO: NoSuchElementException in TransactionTrackerOperations.get_CM_parcels()
2019-01-07 13:21:02,375 INFO: NoSuchElementException in TransactionTrackerOperations.get_CM_parcels()
2019-01-07 13:21:07,350 INFO: NoSuchElementException in TransactionTrackerOperations.get_CM_parcels()
2019-01-07 13:21:12,243 INFO: NoSuchElementException in TransactionTrackerOperations.get_CM_parcels()
2019-01-07 13:21:17,374 INFO: NoSuchElementException in TransactionTrackerOperations.get_CM_parcels()
2019-01-07 13:21:22,358 INFO: NoSuchElementException in TransactionTrackerOperations.get_CM_parcels()
2019-01-07 13:21:27,422 INFO: NoSuchElementException in TransactionTrackerOperations.get_CM_parcels()
2019-01-07 13:21:32,567 INFO: NoSuchElementException in TransactionTrackerOperations.get_CM_parcels()
2019-01-07 13:21:37,609 INFO: NoSuchElementException in TransactionTrackerOperations.get_CM_parcels()
2019-01-07 13:21:42,799 INFO: NoSuchElementException in TransactionTrackerOperations.get_CM_parcels()
2019-01-07 13:21:47,839 INFO: NoSuchElementException in TransactionTrackerOperations.get_CM_parcels()
2019-01-07 13:21:52,783 INFO: NoSuchElementException in TransactionTrackerOperations.get_CM_parcels()
2019-01-07 13:21:58,150 INFO: NoSuchElementException in TransactionTrackerOperations.get_CM_parcels()
2019-01-07 13:22:03,153 INFO: NoSuchElementException in TransactionTrackerOperations.get_CM_parcels()
2019-01-07 13:22:08,177 INFO: NoSuchElementException in TransactionTrackerOperations.get_CM_parcels()
2019-01-07 13:22:13,353 INFO: NoSuchElementException in TransactionTrackerOperations.get_CM_parcels()
2019-01-07 13:22:18,304 INFO: NoSuchElementException in TransactionTrackerOperations.get_CM_parcels()
2019-01-07 13:22:23,306 INFO: NoSuchElementException in TransactionTrackerOperations.get_CM_parcels()
2019-01-07 13:22:28,428 INFO: NoSuchElementException in TransactionTrackerOperations.get_CM_parcels()
2019-01-07 13:22:33,419 INFO: NoSuchElementException in TransactionTrackerOperations.get_CM_parcels()
2019-01-07 13:22:38,451 INFO: NoSuchElementException in TransactionTrackerOperations.get_CM_parcels()
2019-01-07 13:22:43,440 INFO: NoSuchElementException in TransactionTrackerOperations.get_CM_parcels()
2019-01-07 13:22:48,401 INFO: NoSuchElementException in TransactionTrackerOperations.get_CM_parcels()
2019-01-07 13:22:53,485 INFO: NoSuchElementException in TransactionTrackerOperations.get_CM_parcels()
2019-01-07 13:22:56,218 INFO: NoSuchElementException in TransactionTrackerOperations.get_CM_parcels()
2019-01-07 13:23:02,993 INFO: Executing TransactionTrackerOperations.search_process_for_CMPDM() for: Performance Health|McKesson UNITED HOSPITAL SYSTEM INC|810
2019-01-07 13:23:03,817 INFO: Executing TransactionTrackerOperations.select_customer()
2019-01-07 13:23:10,773 INFO: Executing TransactionTrackerOperations.select_customer()
2019-01-07 13:23:23,232 INFO: Executing TransactionTrackerOperations.get_CM_parcels()
2019-01-07 13:23:26,318 INFO: NoSuchElementException in TransactionTrackerOperations.get_CM_parcels()
2019-01-07 13:23:31,227 INFO: NoSuchElementException in TransactionTrackerOperations.get_CM_parcels()
2019-01-07 13:23:36,363 INFO: NoSuchElementException in TransactionTrackerOperations.get_CM_parcels()
2019-01-07 13:23:40,319 INFO: NoSuchElementException in TransactionTrackerOperations.get_CM_parcels()
2019-01-07 13:23:47,055 INFO: Executing TransactionTrackerOperations.search_process_for_CMPDM() for: Performance Health|McKesson VAIL VALLEY MEDICAL CENTER|810
2019-01-07 13:23:47,144 INFO: Executing TransactionTrackerOperations.select_customer()
2019-01-07 13:23:54,105 INFO: Executing TransactionTrackerOperations.select_customer()
2019-01-07 13:24:06,684 INFO: Executing TransactionTrackerOperations.get_CM_parcels()
2019-01-07 13:24:09,785 INFO: NoSuchElementException in TransactionTrackerOperations.get_CM_parcels()
2019-01-07 13:24:14,981 INFO: NoSuchElementException in TransactionTrackerOperations.get_CM_parcels()
2019-01-07 13:24:20,160 INFO: NoSuchElementException in TransactionTrackerOperations.get_CM_parcels()
2019-01-07 13:24:24,978 INFO: NoSuchElementException in TransactionTrackerOperations.get_CM_parcels()
2019-01-07 13:24:29,896 INFO: NoSuchElementException in TransactionTrackerOperations.get_CM_parcels()
2019-01-07 13:24:34,963 INFO: NoSuchElementException in TransactionTrackerOperations.get_CM_parcels()
2019-01-07 13:24:39,845 INFO: NoSuchElementException in TransactionTrackerOperations.get_CM_parcels()
2019-01-07 13:24:44,783 INFO: NoSuchElementException in TransactionTrackerOperations.get_CM_parcels()
2019-01-07 13:24:49,758 INFO: NoSuchElementException in TransactionTrackerOperations.get_CM_parcels()
2019-01-07 13:24:54,701 INFO: NoSuchElementException in TransactionTrackerOperations.get_CM_parcels()
2019-01-07 13:24:59,758 INFO: NoSuchElementException in TransactionTrackerOperations.get_CM_parcels()
2019-01-07 13:25:04,716 INFO: NoSuchElementException in TransactionTrackerOperations.get_CM_parcels()
2019-01-07 13:25:09,871 INFO: NoSuchElementException in TransactionTrackerOperations.get_CM_parcels()
2019-01-07 13:25:14,912 INFO: NoSuchElementException in TransactionTrackerOperations.get_CM_parcels()
2019-01-07 13:25:20,148 INFO: NoSuchElementException in TransactionTrackerOperations.get_CM_parcels()
2019-01-07 13:25:25,374 INFO: NoSuchElementException in TransactionTrackerOperations.get_CM_parcels()
2019-01-07 13:25:30,308 INFO: NoSuchElementException in TransactionTrackerOperations.get_CM_parcels()
2019-01-07 13:25:35,272 INFO: NoSuchElementException in TransactionTrackerOperations.get_CM_parcels()
2019-01-07 13:25:40,270 INFO: NoSuchElementException in TransactionTrackerOperations.get_CM_parcels()
2019-01-07 13:25:45,403 INFO: NoSuchElementException in TransactionTrackerOperations.get_CM_parcels()
2019-01-07 13:25:48,683 INFO: NoSuchElementException in TransactionTrackerOperations.get_CM_parcels()
2019-01-07 13:25:56,149 INFO: Executing TransactionTrackerOperations.search_process_for_CMPDM() for: Performance Health|McKesson WHEATON FRANCISCAN HEALTHCARE|810
2019-01-07 13:25:56,573 INFO: Executing TransactionTrackerOperations.select_customer()
2019-01-07 13:26:03,571 INFO: Executing TransactionTrackerOperations.select_customer()
2019-01-07 13:26:16,220 INFO: Executing TransactionTrackerOperations.get_CM_parcels()
2019-01-07 13:26:21,694 INFO: Executing TransactionTrackerOperations.search_process_for_CMPDM() for: Performance Health|MFA DSSI|810
2019-01-07 13:26:22,392 INFO: Executing TransactionTrackerOperations.select_customer()
2019-01-07 13:26:29,399 INFO: Executing TransactionTrackerOperations.select_customer()
2019-01-07 13:26:40,821 INFO: Executing TransactionTrackerOperations.get_CM_parcels()
2019-01-07 13:26:47,045 INFO: Executing TransactionTrackerOperations.search_process_for_CMPDM() for: Performance Health|MIDWEST GERIATRIC DSSI|810
2019-01-07 13:26:47,157 INFO: Executing TransactionTrackerOperations.select_customer()
2019-01-07 13:26:54,161 INFO: Executing TransactionTrackerOperations.select_customer()
2019-01-07 13:27:06,137 INFO: Executing TransactionTrackerOperations.get_CM_parcels()
2019-01-07 13:27:06,467 INFO: NoSuchElementException in TransactionTrackerOperations.get_CM_parcels()
2019-01-07 13:27:13,083 INFO: Executing TransactionTrackerOperations.search_process_for_CMPDM() for: Performance Health|MIDWEST HEALTH DSSI|810
2019-01-07 13:27:13,173 INFO: Executing TransactionTrackerOperations.select_customer()
2019-01-07 13:27:20,145 INFO: Executing TransactionTrackerOperations.select_customer()
2019-01-07 13:27:31,988 INFO: Executing TransactionTrackerOperations.get_CM_parcels()
2019-01-07 13:27:35,117 INFO: NoSuchElementException in TransactionTrackerOperations.get_CM_parcels()
2019-01-07 13:27:40,257 INFO: NoSuchElementException in TransactionTrackerOperations.get_CM_parcels()
2019-01-07 13:27:45,270 INFO: NoSuchElementException in TransactionTrackerOperations.get_CM_parcels()
2019-01-07 13:27:49,042 INFO: NoSuchElementException in TransactionTrackerOperations.get_CM_parcels()
2019-01-07 13:27:55,936 INFO: Executing TransactionTrackerOperations.search_process_for_CMPDM() for: Performance Health|MISSION HEALTH DSSI|810
2019-01-07 13:27:56,214 INFO: Executing TransactionTrackerOperations.select_customer()
2019-01-07 13:28:03,204 INFO: Executing TransactionTrackerOperations.select_customer()
2019-01-07 13:28:14,994 INFO: Executing TransactionTrackerOperations.get_CM_parcels()
2019-01-07 13:28:18,124 INFO: NoSuchElementException in TransactionTrackerOperations.get_CM_parcels()
2019-01-07 13:28:23,215 INFO: NoSuchElementException in TransactionTrackerOperations.get_CM_parcels()
2019-01-07 13:28:28,166 INFO: NoSuchElementException in TransactionTrackerOperations.get_CM_parcels()
2019-01-07 13:28:33,142 INFO: NoSuchElementException in TransactionTrackerOperations.get_CM_parcels()
2019-01-07 13:28:38,150 INFO: NoSuchElementException in TransactionTrackerOperations.get_CM_parcels()
2019-01-07 13:28:43,092 INFO: NoSuchElementException in TransactionTrackerOperations.get_CM_parcels()
2019-01-07 13:28:48,021 INFO: NoSuchElementException in TransactionTrackerOperations.get_CM_parcels()
2019-01-07 13:28:52,966 INFO: NoSuchElementException in TransactionTrackerOperations.get_CM_parcels()
2019-01-07 13:28:57,818 INFO: NoSuchElementException in TransactionTrackerOperations.get_CM_parcels()
2019-01-07 13:29:04,563 INFO: Executing TransactionTrackerOperations.search_process_for_CMPDM() for: Performance Health|NEXION DSSI|810
2019-01-07 13:29:05,250 INFO: Executing TransactionTrackerOperations.select_customer()
2019-01-07 13:29:12,239 INFO: Executing TransactionTrackerOperations.select_customer()
2019-01-07 13:29:23,981 INFO: Executing TransactionTrackerOperations.get_CM_parcels()
2019-01-07 13:29:27,152 INFO: NoSuchElementException in TransactionTrackerOperations.get_CM_parcels()
2019-01-07 13:29:32,140 INFO: NoSuchElementException in TransactionTrackerOperations.get_CM_parcels()
2019-01-07 13:29:37,053 INFO: NoSuchElementException in TransactionTrackerOperations.get_CM_parcels()
2019-01-07 13:29:42,046 INFO: NoSuchElementException in TransactionTrackerOperations.get_CM_parcels()
2019-01-07 13:29:46,930 INFO: NoSuchElementException in TransactionTrackerOperations.get_CM_parcels()
2019-01-07 13:29:51,907 INFO: NoSuchElementException in TransactionTrackerOperations.get_CM_parcels()
2019-01-07 13:29:57,240 INFO: NoSuchElementException in TransactionTrackerOperations.get_CM_parcels()
2019-01-07 13:30:02,294 INFO: NoSuchElementException in TransactionTrackerOperations.get_CM_parcels()
2019-01-07 13:30:07,227 INFO: NoSuchElementException in TransactionTrackerOperations.get_CM_parcels()
2019-01-07 13:30:11,908 INFO: NoSuchElementException in TransactionTrackerOperations.get_CM_parcels()
2019-01-07 13:30:19,230 INFO: Executing TransactionTrackerOperations.search_process_for_CMPDM() for: Performance Health|NOLAND HEALTH SERVICES DSSI|810
2019-01-07 13:30:19,279 INFO: Executing TransactionTrackerOperations.select_customer()
2019-01-07 13:30:26,412 INFO: Executing TransactionTrackerOperations.select_customer()
2019-01-07 13:30:38,522 INFO: Executing TransactionTrackerOperations.get_CM_parcels()
2019-01-07 13:30:41,756 INFO: NoSuchElementException in TransactionTrackerOperations.get_CM_parcels()
2019-01-07 13:30:46,781 INFO: NoSuchElementException in TransactionTrackerOperations.get_CM_parcels()
2019-01-07 13:30:51,761 INFO: NoSuchElementException in TransactionTrackerOperations.get_CM_parcels()
2019-01-07 13:30:56,714 INFO: NoSuchElementException in TransactionTrackerOperations.get_CM_parcels()
2019-01-07 13:31:01,704 INFO: NoSuchElementException in TransactionTrackerOperations.get_CM_parcels()
2019-01-07 13:31:05,610 INFO: NoSuchElementException in TransactionTrackerOperations.get_CM_parcels()
2019-01-07 13:31:12,774 INFO: Executing TransactionTrackerOperations.search_process_for_CMPDM() for: Performance Health|NORTHPORT DSSI|810
2019-01-07 13:31:12,795 INFO: Executing TransactionTrackerOperations.select_customer()
2019-01-07 13:31:19,864 INFO: Executing TransactionTrackerOperations.select_customer()
2019-01-07 13:31:31,623 INFO: Executing TransactionTrackerOperations.get_CM_parcels()
2019-01-07 13:31:37,129 INFO: Executing TransactionTrackerOperations.search_process_for_CMPDM() for: Performance Health|NUVISION DSSI|810
2019-01-07 13:31:37,761 INFO: Executing TransactionTrackerOperations.select_customer()
2019-01-07 13:31:44,768 INFO: Executing TransactionTrackerOperations.select_customer()
2019-01-07 13:31:56,396 INFO: Executing TransactionTrackerOperations.get_CM_parcels()
2019-01-07 13:31:59,572 INFO: NoSuchElementException in TransactionTrackerOperations.get_CM_parcels()
2019-01-07 13:32:04,505 INFO: NoSuchElementException in TransactionTrackerOperations.get_CM_parcels()
2019-01-07 13:32:09,456 INFO: NoSuchElementException in TransactionTrackerOperations.get_CM_parcels()
2019-01-07 13:32:17,739 INFO: Executing TransactionTrackerOperations.search_process_for_CMPDM() for: Performance Health|ONIX GROUP DSSI|810
2019-01-07 13:32:17,779 INFO: Executing TransactionTrackerOperations.select_customer()
2019-01-07 13:32:24,757 INFO: Executing TransactionTrackerOperations.select_customer()
2019-01-07 13:32:36,689 INFO: Executing TransactionTrackerOperations.get_CM_parcels()
2019-01-07 13:32:39,835 INFO: NoSuchElementException in TransactionTrackerOperations.get_CM_parcels()
2019-01-07 13:32:45,169 INFO: NoSuchElementException in TransactionTrackerOperations.get_CM_parcels()
2019-01-07 13:32:50,220 INFO: NoSuchElementException in TransactionTrackerOperations.get_CM_parcels()
2019-01-07 13:32:55,200 INFO: NoSuchElementException in TransactionTrackerOperations.get_CM_parcels()
2019-01-07 13:32:58,696 INFO: NoSuchElementException in TransactionTrackerOperations.get_CM_parcels()
2019-01-07 13:33:05,489 INFO: Executing TransactionTrackerOperations.search_process_for_CMPDM() for: Performance Health|PENNMED CONSULTANTS INC DSSI|810
2019-01-07 13:33:05,617 INFO: Executing TransactionTrackerOperations.select_customer()
2019-01-07 13:33:12,649 INFO: Executing TransactionTrackerOperations.select_customer()
2019-01-07 13:33:24,853 INFO: Executing TransactionTrackerOperations.get_CM_parcels()
2019-01-07 13:33:30,351 INFO: Executing TransactionTrackerOperations.search_process_for_CMPDM() for: Performance Health|PREFERRED CARE DSSI|810
2019-01-07 13:33:31,070 INFO: Executing TransactionTrackerOperations.select_customer()
2019-01-07 13:33:38,120 INFO: Executing TransactionTrackerOperations.select_customer()
2019-01-07 13:33:50,082 INFO: Executing TransactionTrackerOperations.get_CM_parcels()
2019-01-07 13:33:56,271 INFO: Executing TransactionTrackerOperations.search_process_for_CMPDM() for: Performance Health|PRESBYTERIAN HOMES AND SERVICES DSSI|810
2019-01-07 13:33:56,754 INFO: Executing TransactionTrackerOperations.select_customer()
2019-01-07 13:34:03,789 INFO: Executing TransactionTrackerOperations.select_customer()
2019-01-07 13:34:16,194 INFO: Executing TransactionTrackerOperations.get_CM_parcels()
2019-01-07 13:34:19,377 INFO: NoSuchElementException in TransactionTrackerOperations.get_CM_parcels()
2019-01-07 13:34:24,422 INFO: NoSuchElementException in TransactionTrackerOperations.get_CM_parcels()
2019-01-07 13:34:29,638 INFO: NoSuchElementException in TransactionTrackerOperations.get_CM_parcels()
2019-01-07 13:34:34,513 INFO: NoSuchElementException in TransactionTrackerOperations.get_CM_parcels()
2019-01-07 13:34:39,419 INFO: NoSuchElementException in TransactionTrackerOperations.get_CM_parcels()
2019-01-07 13:34:44,342 INFO: NoSuchElementException in TransactionTrackerOperations.get_CM_parcels()
2019-01-07 13:34:49,586 INFO: NoSuchElementException in TransactionTrackerOperations.get_CM_parcels()
2019-01-07 13:34:52,045 INFO: NoSuchElementException in TransactionTrackerOperations.get_CM_parcels()
2019-01-07 13:34:58,758 INFO: Executing TransactionTrackerOperations.search_process_for_CMPDM() for: Performance Health|PRESBYTERIAN SENIOR LIVING DSSI|810
2019-01-07 13:34:58,864 INFO: Executing TransactionTrackerOperations.select_customer()
2019-01-07 13:35:05,919 INFO: Executing TransactionTrackerOperations.select_customer()
2019-01-07 13:35:18,208 INFO: Executing TransactionTrackerOperations.get_CM_parcels()
2019-01-07 13:35:21,307 INFO: NoSuchElementException in TransactionTrackerOperations.get_CM_parcels()
2019-01-07 13:35:26,267 INFO: NoSuchElementException in TransactionTrackerOperations.get_CM_parcels()
2019-01-07 13:35:31,199 INFO: NoSuchElementException in TransactionTrackerOperations.get_CM_parcels()
2019-01-07 13:35:36,063 INFO: NoSuchElementException in TransactionTrackerOperations.get_CM_parcels()
2019-01-07 13:35:40,411 INFO: NoSuchElementException in TransactionTrackerOperations.get_CM_parcels()
2019-01-07 13:35:47,142 INFO: Executing TransactionTrackerOperations.search_process_for_CMPDM() for: Performance Health|QUALITY LIFE SERVICES DSSI|810
2019-01-07 13:35:47,317 INFO: Executing TransactionTrackerOperations.select_customer()
2019-01-07 13:35:54,289 INFO: Executing TransactionTrackerOperations.select_customer()
2019-01-07 13:36:06,292 INFO: Executing TransactionTrackerOperations.get_CM_parcels()
2019-01-07 13:36:09,480 INFO: NoSuchElementException in TransactionTrackerOperations.get_CM_parcels()
2019-01-07 13:36:14,479 INFO: NoSuchElementException in TransactionTrackerOperations.get_CM_parcels()
2019-01-07 13:36:19,473 INFO: NoSuchElementException in TransactionTrackerOperations.get_CM_parcels()
2019-01-07 13:36:24,552 INFO: NoSuchElementException in TransactionTrackerOperations.get_CM_parcels()
2019-01-07 13:36:29,465 INFO: NoSuchElementException in TransactionTrackerOperations.get_CM_parcels()
2019-01-07 13:36:34,473 INFO: NoSuchElementException in TransactionTrackerOperations.get_CM_parcels()
2019-01-07 13:36:39,437 INFO: NoSuchElementException in TransactionTrackerOperations.get_CM_parcels()
2019-01-07 13:36:47,814 INFO: Executing TransactionTrackerOperations.search_process_for_CMPDM() for: Performance Health|Quest Healthcare Development DSSI|810
2019-01-07 13:36:47,965 INFO: Executing TransactionTrackerOperations.select_customer()
2019-01-07 13:36:54,930 INFO: Executing TransactionTrackerOperations.select_customer()
2019-01-07 13:37:06,997 INFO: Executing TransactionTrackerOperations.get_CM_parcels()
2019-01-07 13:37:12,493 INFO: Executing TransactionTrackerOperations.search_process_for_CMPDM() for: Performance Health|Regency Integrated Health Services DSSI|810
2019-01-07 13:37:13,201 INFO: Executing TransactionTrackerOperations.select_customer()
2019-01-07 13:37:20,253 INFO: Executing TransactionTrackerOperations.select_customer()
2019-01-07 13:37:32,599 INFO: Executing TransactionTrackerOperations.get_CM_parcels()
2019-01-07 13:37:38,876 INFO: Executing TransactionTrackerOperations.search_process_for_CMPDM() for: Performance Health|RENNES HEALTH DSSI|810
2019-01-07 13:37:38,936 INFO: Executing TransactionTrackerOperations.select_customer()
2019-01-07 13:37:45,910 INFO: Executing TransactionTrackerOperations.select_customer()
2019-01-07 13:37:58,098 INFO: Executing TransactionTrackerOperations.get_CM_parcels()
2019-01-07 13:38:01,259 INFO: NoSuchElementException in TransactionTrackerOperations.get_CM_parcels()
2019-01-07 13:38:06,360 INFO: NoSuchElementException in TransactionTrackerOperations.get_CM_parcels()
2019-01-07 13:38:11,399 INFO: NoSuchElementException in TransactionTrackerOperations.get_CM_parcels()
2019-01-07 13:38:16,262 INFO: NoSuchElementException in TransactionTrackerOperations.get_CM_parcels()
2019-01-07 13:38:21,115 INFO: NoSuchElementException in TransactionTrackerOperations.get_CM_parcels()
2019-01-07 13:38:24,936 INFO: NoSuchElementException in TransactionTrackerOperations.get_CM_parcels()
2019-01-07 13:38:31,664 INFO: Executing TransactionTrackerOperations.search_process_for_CMPDM() for: Performance Health|SABER HEALTHCARE DSSI|810
2019-01-07 13:38:31,798 INFO: Executing TransactionTrackerOperations.select_customer()
2019-01-07 13:38:38,777 INFO: Executing TransactionTrackerOperations.select_customer()
2019-01-07 13:38:50,728 INFO: Executing TransactionTrackerOperations.get_CM_parcels()
2019-01-07 13:38:57,074 INFO: Executing TransactionTrackerOperations.search_process_for_CMPDM() for: Performance Health|SPRENGER HEALTHCARE DSSI|810
2019-01-07 13:38:57,130 INFO: Executing TransactionTrackerOperations.select_customer()
2019-01-07 13:39:04,111 INFO: Executing TransactionTrackerOperations.select_customer()
2019-01-07 13:39:16,173 INFO: Executing TransactionTrackerOperations.get_CM_parcels()
2019-01-07 13:39:19,445 INFO: NoSuchElementException in TransactionTrackerOperations.get_CM_parcels()
2019-01-07 13:39:24,530 INFO: NoSuchElementException in TransactionTrackerOperations.get_CM_parcels()
2019-01-07 13:39:29,521 INFO: NoSuchElementException in TransactionTrackerOperations.get_CM_parcels()
2019-01-07 13:39:34,395 INFO: NoSuchElementException in TransactionTrackerOperations.get_CM_parcels()
2019-01-07 13:39:39,336 INFO: NoSuchElementException in TransactionTrackerOperations.get_CM_parcels()
2019-01-07 13:39:44,305 INFO: NoSuchElementException in TransactionTrackerOperations.get_CM_parcels()
2019-01-07 13:39:49,237 INFO: NoSuchElementException in TransactionTrackerOperations.get_CM_parcels()
2019-01-07 13:39:54,179 INFO: NoSuchElementException in TransactionTrackerOperations.get_CM_parcels()
2019-01-07 13:39:59,146 INFO: NoSuchElementException in TransactionTrackerOperations.get_CM_parcels()
2019-01-07 13:40:04,165 INFO: NoSuchElementException in TransactionTrackerOperations.get_CM_parcels()
2019-01-07 13:40:09,281 INFO: NoSuchElementException in TransactionTrackerOperations.get_CM_parcels()
2019-01-07 13:40:14,303 INFO: NoSuchElementException in TransactionTrackerOperations.get_CM_parcels()
2019-01-07 13:40:19,336 INFO: NoSuchElementException in TransactionTrackerOperations.get_CM_parcels()
2019-01-07 13:40:21,806 INFO: NoSuchElementException in TransactionTrackerOperations.get_CM_parcels()
2019-01-07 13:40:28,730 INFO: Executing TransactionTrackerOperations.search_process_for_CMPDM() for: Performance Health|SPRINGPOINT DSSI|810
2019-01-07 13:40:29,425 INFO: Executing TransactionTrackerOperations.select_customer()
2019-01-07 13:40:36,428 INFO: Executing TransactionTrackerOperations.select_customer()
2019-01-07 13:40:48,143 INFO: Executing TransactionTrackerOperations.get_CM_parcels()
2019-01-07 13:40:51,282 INFO: NoSuchElementException in TransactionTrackerOperations.get_CM_parcels()
2019-01-07 13:40:56,269 INFO: NoSuchElementException in TransactionTrackerOperations.get_CM_parcels()
2019-01-07 13:41:01,288 INFO: NoSuchElementException in TransactionTrackerOperations.get_CM_parcels()
2019-01-07 13:41:06,126 INFO: NoSuchElementException in TransactionTrackerOperations.get_CM_parcels()
2019-01-07 13:41:10,028 INFO: NoSuchElementException in TransactionTrackerOperations.get_CM_parcels()
2019-01-07 13:41:16,143 INFO: Executing TransactionTrackerOperations.search_process_for_CMPDM() for: Performance Health|STONERISE MEDICAL DSSI|810
2019-01-07 13:41:16,811 INFO: Executing TransactionTrackerOperations.select_customer()
2019-01-07 13:41:23,905 INFO: Executing TransactionTrackerOperations.select_customer()
2019-01-07 13:41:35,906 INFO: Executing TransactionTrackerOperations.get_CM_parcels()
2019-01-07 13:41:39,448 INFO: NoSuchElementException in TransactionTrackerOperations.get_CM_parcels()
2019-01-07 13:41:44,525 INFO: NoSuchElementException in TransactionTrackerOperations.get_CM_parcels()
2019-01-07 13:41:49,568 INFO: NoSuchElementException in TransactionTrackerOperations.get_CM_parcels()
2019-01-07 13:41:54,407 INFO: NoSuchElementException in TransactionTrackerOperations.get_CM_parcels()
2019-01-07 13:41:59,375 INFO: NoSuchElementException in TransactionTrackerOperations.get_CM_parcels()
2019-01-07 13:42:04,405 INFO: NoSuchElementException in TransactionTrackerOperations.get_CM_parcels()
2019-01-07 13:42:09,306 INFO: NoSuchElementException in TransactionTrackerOperations.get_CM_parcels()
2019-01-07 13:42:14,225 INFO: NoSuchElementException in TransactionTrackerOperations.get_CM_parcels()
2019-01-07 13:42:19,184 INFO: NoSuchElementException in TransactionTrackerOperations.get_CM_parcels()
2019-01-07 13:42:24,156 INFO: NoSuchElementException in TransactionTrackerOperations.get_CM_parcels()
2019-01-07 13:42:29,202 INFO: NoSuchElementException in TransactionTrackerOperations.get_CM_parcels()
2019-01-07 13:42:34,307 INFO: NoSuchElementException in TransactionTrackerOperations.get_CM_parcels()
2019-01-07 13:42:39,444 INFO: NoSuchElementException in TransactionTrackerOperations.get_CM_parcels()
2019-01-07 13:42:44,440 INFO: NoSuchElementException in TransactionTrackerOperations.get_CM_parcels()
2019-01-07 13:42:49,387 INFO: NoSuchElementException in TransactionTrackerOperations.get_CM_parcels()
2019-01-07 13:42:54,304 INFO: NoSuchElementException in TransactionTrackerOperations.get_CM_parcels()
2019-01-07 13:42:59,234 INFO: NoSuchElementException in TransactionTrackerOperations.get_CM_parcels()
2019-01-07 13:43:04,384 INFO: NoSuchElementException in TransactionTrackerOperations.get_CM_parcels()
2019-01-07 13:43:09,311 INFO: NoSuchElementException in TransactionTrackerOperations.get_CM_parcels()
2019-01-07 13:43:14,210 INFO: NoSuchElementException in TransactionTrackerOperations.get_CM_parcels()
2019-01-07 13:43:19,298 INFO: NoSuchElementException in TransactionTrackerOperations.get_CM_parcels()
2019-01-07 13:43:24,195 INFO: NoSuchElementException in TransactionTrackerOperations.get_CM_parcels()
2019-01-07 13:43:29,266 INFO: NoSuchElementException in TransactionTrackerOperations.get_CM_parcels()
2019-01-07 13:43:38,785 INFO: Executing TransactionTrackerOperations.search_process_for_CMPDM() for: Performance Health|TAMARAC ADMINISTRACTIVE SERVICES DSSI|810
2019-01-07 13:43:38,930 INFO: Executing TransactionTrackerOperations.select_customer()
2019-01-07 13:43:45,940 INFO: Executing TransactionTrackerOperations.select_customer()
2019-01-07 13:43:58,724 INFO: Executing TransactionTrackerOperations.get_CM_parcels()
2019-01-07 13:44:04,230 INFO: Executing TransactionTrackerOperations.search_process_for_CMPDM() for: Performance Health|TANDEM HEALTHCARE DSSI|810
2019-01-07 13:44:04,791 INFO: Executing TransactionTrackerOperations.select_customer()
2019-01-07 13:44:11,748 INFO: Executing TransactionTrackerOperations.select_customer()
2019-01-07 13:44:23,908 INFO: Executing TransactionTrackerOperations.get_CM_parcels()
2019-01-07 13:44:30,259 INFO: Executing TransactionTrackerOperations.search_process_for_CMPDM() for: Performance Health|TARA CARES LLC DSSI|810
2019-01-07 13:44:30,385 INFO: Executing TransactionTrackerOperations.select_customer()
2019-01-07 13:44:37,362 INFO: Executing TransactionTrackerOperations.select_customer()
2019-01-07 13:44:49,181 INFO: Executing TransactionTrackerOperations.get_CM_parcels()
2019-01-07 13:44:55,359 INFO: Executing TransactionTrackerOperations.search_process_for_CMPDM() for: Performance Health|TEALWOOD TWN DSSI|810
2019-01-07 13:44:55,521 INFO: Executing TransactionTrackerOperations.select_customer()
2019-01-07 13:45:02,511 INFO: Executing TransactionTrackerOperations.select_customer()
2019-01-07 13:45:14,303 INFO: Executing TransactionTrackerOperations.get_CM_parcels()
2019-01-07 13:45:17,543 INFO: NoSuchElementException in TransactionTrackerOperations.get_CM_parcels()
2019-01-07 13:45:22,755 INFO: NoSuchElementException in TransactionTrackerOperations.get_CM_parcels()
2019-01-07 13:45:27,672 INFO: NoSuchElementException in TransactionTrackerOperations.get_CM_parcels()
2019-01-07 13:45:32,583 INFO: NoSuchElementException in TransactionTrackerOperations.get_CM_parcels()
2019-01-07 13:45:37,527 INFO: NoSuchElementException in TransactionTrackerOperations.get_CM_parcels()
2019-01-07 13:45:42,565 INFO: NoSuchElementException in TransactionTrackerOperations.get_CM_parcels()
2019-01-07 13:45:47,540 INFO: NoSuchElementException in TransactionTrackerOperations.get_CM_parcels()
2019-01-07 13:45:52,553 INFO: NoSuchElementException in TransactionTrackerOperations.get_CM_parcels()
2019-01-07 13:45:57,979 INFO: NoSuchElementException in TransactionTrackerOperations.get_CM_parcels()
2019-01-07 13:46:03,008 INFO: NoSuchElementException in TransactionTrackerOperations.get_CM_parcels()
2019-01-07 13:46:08,068 INFO: NoSuchElementException in TransactionTrackerOperations.get_CM_parcels()
2019-01-07 13:46:13,019 INFO: NoSuchElementException in TransactionTrackerOperations.get_CM_parcels()
2019-01-07 13:46:22,501 INFO: Executing TransactionTrackerOperations.search_process_for_CMPDM() for: Performance Health|TRANS HEALTH CARE DSSI|810
2019-01-07 13:46:22,570 INFO: Executing TransactionTrackerOperations.select_customer()
2019-01-07 13:46:29,558 INFO: Executing TransactionTrackerOperations.select_customer()
2019-01-07 13:46:41,601 INFO: Executing TransactionTrackerOperations.get_CM_parcels()
2019-01-07 13:46:47,802 INFO: Executing TransactionTrackerOperations.search_process_for_CMPDM() for: Performance Health|UNITED MEDICAL DSSI|810
2019-01-07 13:46:47,939 INFO: Executing TransactionTrackerOperations.select_customer()
2019-01-07 13:46:54,940 INFO: Executing TransactionTrackerOperations.select_customer()
2019-01-07 13:47:06,772 INFO: Executing TransactionTrackerOperations.get_CM_parcels()
2019-01-07 13:47:12,938 INFO: Executing TransactionTrackerOperations.search_process_for_CMPDM() for: Performance Health|WILMAC DSSI|810
2019-01-07 13:47:13,204 INFO: Executing TransactionTrackerOperations.select_customer()
2019-01-07 13:47:20,299 INFO: Executing TransactionTrackerOperations.select_customer()
2019-01-07 13:47:31,741 INFO: Executing TransactionTrackerOperations.get_CM_parcels()
2019-01-07 13:47:34,964 INFO: NoSuchElementException in TransactionTrackerOperations.get_CM_parcels()
2019-01-07 13:47:40,034 INFO: NoSuchElementException in TransactionTrackerOperations.get_CM_parcels()
2019-01-07 13:47:44,958 INFO: NoSuchElementException in TransactionTrackerOperations.get_CM_parcels()
2019-01-07 13:47:49,841 INFO: NoSuchElementException in TransactionTrackerOperations.get_CM_parcels()
2019-01-07 13:47:53,344 INFO: NoSuchElementException in TransactionTrackerOperations.get_CM_parcels()
2019-01-07 13:47:59,999 INFO: Executing TransactionTrackerOperations.search_process_for_CMPDM() for: Performance Health|Senior Care Centers LLC|810
2019-01-07 13:48:00,235 INFO: Executing TransactionTrackerOperations.select_customer()
2019-01-07 13:48:07,221 INFO: Executing TransactionTrackerOperations.select_customer()
2019-01-07 13:48:19,108 INFO: Executing TransactionTrackerOperations.get_CM_parcels()
2019-01-07 13:48:24,679 INFO: completed CMProductionDataMonitoring.execute_main()
