2018-10-03 10:51:55,267 INFO: Executing Script Prodution Data Monitoring
2018-10-03 10:52:09,526 INFO: Login in to Launchpad
2018-10-03 10:52:28,266 INFO: Refreshing access_token
2018-10-03 10:52:32,684 INFO: Executing method 'search_process' from TransactionTrackerOperations
2018-10-03 10:52:32,701 INFO: Executing method 'select_customer' from TransactionTrackerOperations
2018-10-03 10:52:39,968 INFO: Executing method 'select_customer' from TransactionTrackerOperations
2018-10-03 10:53:01,514 INFO: Executing method 'get_parcel' from TransactionTrackerOperations
2018-10-03 10:53:11,540 INFO: Executing method 'search_process' from TransactionTrackerOperations
2018-10-03 10:53:11,603 INFO: Executing method 'select_customer' from TransactionTrackerOperations
2018-10-03 10:53:18,431 INFO: Executing method 'select_customer' from TransactionTrackerOperations
2018-10-03 10:53:40,158 INFO: Executing method 'get_parcel' from TransactionTrackerOperations
2018-10-03 10:53:48,034 INFO: Executing method 'search_process' from TransactionTrackerOperations
2018-10-03 11:11:38,935 INFO: Executing Script Prodution Data Monitoring
2018-10-03 11:11:52,089 INFO: Login in to Launchpad
2018-10-03 11:12:12,941 INFO: Refreshing access_token
2018-10-03 11:12:18,192 INFO: Executing method 'search_process' from TransactionTrackerOperations
2018-10-03 11:12:18,468 INFO: Executing method 'select_customer' from TransactionTrackerOperations
2018-10-03 11:12:25,335 INFO: Executing method 'select_customer' from TransactionTrackerOperations
2018-10-03 11:12:47,312 INFO: Executing method 'get_parcel' from TransactionTrackerOperations
2018-10-03 11:12:54,561 INFO: Executing method 'search_process' from TransactionTrackerOperations
2018-10-03 11:12:54,598 INFO: Executing method 'select_customer' from TransactionTrackerOperations
2018-10-03 11:13:01,361 INFO: Executing method 'select_customer' from TransactionTrackerOperations
2018-10-03 11:13:23,164 INFO: Executing method 'get_parcel' from TransactionTrackerOperations
2018-10-03 11:13:30,803 INFO: Executing method 'search_process' from TransactionTrackerOperations
2018-10-03 11:13:30,841 INFO: Executing method 'select_customer' from TransactionTrackerOperations
2018-10-03 11:13:37,643 INFO: Executing method 'select_customer' from TransactionTrackerOperations
2018-10-03 11:13:59,088 INFO: Executing method 'get_parcel' from TransactionTrackerOperations
2018-10-03 11:14:06,914 INFO: Executing method 'search_process' from TransactionTrackerOperations
2018-10-03 11:14:06,951 INFO: Executing method 'select_customer' from TransactionTrackerOperations
2018-10-03 11:14:13,723 INFO: Executing method 'select_customer' from TransactionTrackerOperations
2018-10-03 11:14:35,269 INFO: Executing method 'get_parcel' from TransactionTrackerOperations
2018-10-03 11:14:43,418 INFO: Executing method 'search_process' from TransactionTrackerOperations
2018-10-03 11:14:43,455 INFO: Executing method 'select_customer' from TransactionTrackerOperations
2018-10-03 11:14:50,173 INFO: Executing method 'select_customer' from TransactionTrackerOperations
2018-10-03 11:15:11,858 INFO: Executing method 'get_parcel' from TransactionTrackerOperations
2018-10-03 11:15:18,167 INFO: Executing method 'search_process' from TransactionTrackerOperations
2018-10-03 11:15:18,188 INFO: Executing method 'select_customer' from TransactionTrackerOperations
2018-10-03 11:15:24,924 INFO: Executing method 'select_customer' from TransactionTrackerOperations
2018-10-03 11:15:46,469 INFO: Executing method 'get_parcel' from TransactionTrackerOperations
2018-10-03 11:15:54,606 INFO: Executing method 'search_process' from TransactionTrackerOperations
2018-10-03 11:15:54,642 INFO: Executing method 'select_customer' from TransactionTrackerOperations
2018-10-03 11:16:01,400 INFO: Executing method 'select_customer' from TransactionTrackerOperations
2018-10-03 11:16:23,078 INFO: Executing method 'get_parcel' from TransactionTrackerOperations
2018-10-03 11:16:30,012 INFO: Executing method 'search_process' from TransactionTrackerOperations
2018-10-03 11:16:30,051 INFO: Executing method 'select_customer' from TransactionTrackerOperations
2018-10-03 11:16:36,841 INFO: Executing method 'select_customer' from TransactionTrackerOperations
2018-10-03 11:16:58,353 INFO: Executing method 'get_parcel' from TransactionTrackerOperations
2018-10-03 11:17:04,663 INFO: Executing method 'search_process' from TransactionTrackerOperations
2018-10-03 11:17:04,690 INFO: Executing method 'select_customer' from TransactionTrackerOperations
2018-10-03 11:17:11,768 INFO: Executing method 'select_customer' from TransactionTrackerOperations
2018-10-03 11:17:33,628 INFO: Executing method 'get_parcel' from TransactionTrackerOperations
2018-10-03 11:17:42,062 INFO: Executing method 'search_process' from TransactionTrackerOperations
2018-10-03 11:17:42,096 INFO: Executing method 'select_customer' from TransactionTrackerOperations
2018-10-03 11:17:48,941 INFO: Executing method 'select_customer' from TransactionTrackerOperations
2018-10-03 11:18:10,634 INFO: Executing method 'get_parcel' from TransactionTrackerOperations
2018-10-03 11:18:18,920 INFO: Executing method 'search_process' from TransactionTrackerOperations
2018-10-03 11:18:18,939 INFO: Executing method 'select_customer' from TransactionTrackerOperations
2018-10-03 11:18:25,782 INFO: Executing method 'select_customer' from TransactionTrackerOperations
2018-10-03 11:18:47,499 INFO: Executing method 'get_parcel' from TransactionTrackerOperations
2018-10-03 11:18:54,398 INFO: Executing method 'search_process' from TransactionTrackerOperations
2018-10-03 11:18:54,432 INFO: Executing method 'select_customer' from TransactionTrackerOperations
2018-10-03 11:19:01,216 INFO: Executing method 'select_customer' from TransactionTrackerOperations
2018-10-03 11:19:22,832 INFO: Executing method 'get_parcel' from TransactionTrackerOperations
2018-10-03 11:19:29,887 INFO: Executing method 'search_process' from TransactionTrackerOperations
2018-10-03 11:19:29,910 INFO: Executing method 'select_customer' from TransactionTrackerOperations
2018-10-03 11:19:36,670 INFO: Executing method 'select_customer' from TransactionTrackerOperations
2018-10-03 11:19:58,168 INFO: Executing method 'get_parcel' from TransactionTrackerOperations
2018-10-03 11:20:06,303 INFO: Executing method 'search_process' from TransactionTrackerOperations
2018-10-03 11:20:06,330 INFO: Executing method 'select_customer' from TransactionTrackerOperations
2018-10-03 11:20:13,137 INFO: Executing method 'select_customer' from TransactionTrackerOperations
2018-10-03 11:20:34,830 INFO: Executing method 'get_parcel' from TransactionTrackerOperations
2018-10-03 11:20:41,106 INFO: Executing method 'search_process' from TransactionTrackerOperations
2018-10-03 11:20:41,139 INFO: Executing method 'select_customer' from TransactionTrackerOperations
2018-10-03 11:20:47,923 INFO: Executing method 'select_customer' from TransactionTrackerOperations
2018-10-03 11:21:09,507 INFO: Executing method 'get_parcel' from TransactionTrackerOperations
2018-10-03 11:21:17,908 INFO: Executing method 'search_process' from TransactionTrackerOperations
2018-10-03 11:21:17,946 INFO: Executing method 'select_customer' from TransactionTrackerOperations
2018-10-03 11:21:24,711 INFO: Executing method 'select_customer' from TransactionTrackerOperations
2018-10-03 11:21:46,187 INFO: Executing method 'get_parcel' from TransactionTrackerOperations
2018-10-03 11:21:53,052 INFO: Executing method 'search_process' from TransactionTrackerOperations
2018-10-03 11:21:53,093 INFO: Executing method 'select_customer' from TransactionTrackerOperations
2018-10-03 11:21:59,913 INFO: Executing method 'select_customer' from TransactionTrackerOperations
2018-10-03 11:22:21,547 INFO: Executing method 'get_parcel' from TransactionTrackerOperations
2018-10-03 11:22:28,537 INFO: Executing method 'search_process' from TransactionTrackerOperations
2018-10-03 11:22:28,571 INFO: Executing method 'select_customer' from TransactionTrackerOperations
2018-10-03 11:22:35,349 INFO: Executing method 'select_customer' from TransactionTrackerOperations
2018-10-03 11:22:56,775 INFO: Executing method 'get_parcel' from TransactionTrackerOperations
2018-10-03 11:23:04,962 INFO: Executing method 'search_process' from TransactionTrackerOperations
2018-10-03 11:23:04,982 INFO: Executing method 'select_customer' from TransactionTrackerOperations
2018-10-03 11:23:11,702 INFO: Executing method 'select_customer' from TransactionTrackerOperations
2018-10-03 11:23:33,110 INFO: Executing method 'get_parcel' from TransactionTrackerOperations
2018-10-03 11:23:41,200 INFO: Executing method 'search_process' from TransactionTrackerOperations
2018-10-03 11:23:41,242 INFO: Executing method 'select_customer' from TransactionTrackerOperations
2018-10-03 11:23:48,015 INFO: Executing method 'select_customer' from TransactionTrackerOperations
2018-10-03 11:24:09,658 INFO: Executing method 'get_parcel' from TransactionTrackerOperations
2018-10-03 11:24:16,505 INFO: Executing method 'search_process' from TransactionTrackerOperations
2018-10-03 11:24:16,543 INFO: Executing method 'select_customer' from TransactionTrackerOperations
2018-10-03 11:24:23,266 INFO: Executing method 'select_customer' from TransactionTrackerOperations
2018-10-03 11:24:44,874 INFO: Executing method 'get_parcel' from TransactionTrackerOperations
2018-10-03 11:25:00,382 INFO: Executing method 'search_process' from TransactionTrackerOperations
2018-10-03 11:25:00,411 INFO: Executing method 'select_customer' from TransactionTrackerOperations
2018-10-03 11:25:07,253 INFO: Executing method 'select_customer' from TransactionTrackerOperations
2018-10-03 11:25:28,998 INFO: Executing method 'get_parcel' from TransactionTrackerOperations
2018-10-03 11:25:37,038 INFO: Executing method 'search_process' from TransactionTrackerOperations
2018-10-03 11:25:37,079 INFO: Executing method 'select_customer' from TransactionTrackerOperations
2018-10-03 11:25:43,954 INFO: Executing method 'select_customer' from TransactionTrackerOperations
2018-10-03 11:26:05,588 INFO: Executing method 'get_parcel' from TransactionTrackerOperations
2018-10-03 11:26:12,268 INFO: Executing method 'search_process' from TransactionTrackerOperations
2018-10-03 11:26:12,291 INFO: Executing method 'select_customer' from TransactionTrackerOperations
2018-10-03 11:26:19,172 INFO: Executing method 'select_customer' from TransactionTrackerOperations
2018-10-03 11:26:41,189 INFO: Executing method 'get_parcel' from TransactionTrackerOperations
2018-10-03 11:26:50,173 INFO: Executing method 'search_process' from TransactionTrackerOperations
2018-10-03 11:26:50,216 INFO: Executing method 'select_customer' from TransactionTrackerOperations
2018-10-03 11:26:57,072 INFO: Executing method 'select_customer' from TransactionTrackerOperations
2018-10-03 11:27:18,584 INFO: Executing method 'get_parcel' from TransactionTrackerOperations
2018-10-03 11:27:26,923 INFO: Executing method 'search_process' from TransactionTrackerOperations
2018-10-03 11:27:26,966 INFO: Executing method 'select_customer' from TransactionTrackerOperations
2018-10-03 11:27:33,727 INFO: Executing method 'select_customer' from TransactionTrackerOperations
2018-10-03 11:27:55,418 INFO: Executing method 'get_parcel' from TransactionTrackerOperations
2018-10-03 11:28:02,936 INFO: Executing method 'search_process' from TransactionTrackerOperations
2018-10-03 11:28:02,972 INFO: Executing method 'select_customer' from TransactionTrackerOperations
2018-10-03 11:28:09,704 INFO: Executing method 'select_customer' from TransactionTrackerOperations
2018-10-03 11:28:31,559 INFO: Executing method 'get_parcel' from TransactionTrackerOperations
2018-10-03 11:28:39,850 INFO: Executing method 'search_process' from TransactionTrackerOperations
2018-10-03 11:28:39,903 INFO: Executing method 'select_customer' from TransactionTrackerOperations
2018-10-03 11:28:46,743 INFO: Executing method 'select_customer' from TransactionTrackerOperations
2018-10-03 11:29:08,428 INFO: Executing method 'get_parcel' from TransactionTrackerOperations
2018-10-03 11:29:15,435 INFO: Executing method 'search_process' from TransactionTrackerOperations
2018-10-03 11:29:15,472 INFO: Executing method 'select_customer' from TransactionTrackerOperations
2018-10-03 11:29:22,757 INFO: Executing method 'select_customer' from TransactionTrackerOperations
2018-10-03 11:29:44,871 INFO: Executing method 'get_parcel' from TransactionTrackerOperations
2018-10-03 11:29:53,489 INFO: Executing method 'search_process' from TransactionTrackerOperations
2018-10-03 11:29:53,542 INFO: Executing method 'select_customer' from TransactionTrackerOperations
2018-10-03 11:30:00,583 INFO: Executing method 'select_customer' from TransactionTrackerOperations
2018-10-03 11:30:22,165 INFO: Executing method 'get_parcel' from TransactionTrackerOperations
2018-10-03 11:30:28,995 INFO: Executing method 'search_process' from TransactionTrackerOperations
2018-10-03 11:30:29,012 INFO: Executing method 'select_customer' from TransactionTrackerOperations
2018-10-03 11:30:35,788 INFO: Executing method 'select_customer' from TransactionTrackerOperations
2018-10-03 11:30:57,294 INFO: Executing method 'get_parcel' from TransactionTrackerOperations
2018-10-03 11:31:05,298 INFO: Executing method 'search_process' from TransactionTrackerOperations
2018-10-03 11:31:05,324 INFO: Executing method 'select_customer' from TransactionTrackerOperations
2018-10-03 11:31:12,089 INFO: Executing method 'select_customer' from TransactionTrackerOperations
2018-10-03 11:31:33,765 INFO: Executing method 'get_parcel' from TransactionTrackerOperations
2018-10-03 11:31:42,023 INFO: Executing method 'search_process' from TransactionTrackerOperations
2018-10-03 11:31:42,065 INFO: Executing method 'select_customer' from TransactionTrackerOperations
2018-10-03 11:31:48,905 INFO: Executing method 'select_customer' from TransactionTrackerOperations
2018-10-03 11:32:10,281 INFO: Executing method 'get_parcel' from TransactionTrackerOperations
2018-10-03 11:32:18,110 INFO: Executing method 'search_process' from TransactionTrackerOperations
2018-10-03 11:32:18,143 INFO: Executing method 'select_customer' from TransactionTrackerOperations
2018-10-03 11:32:24,920 INFO: Executing method 'select_customer' from TransactionTrackerOperations
2018-10-03 11:32:46,636 INFO: Executing method 'get_parcel' from TransactionTrackerOperations
2018-10-03 11:32:54,754 INFO: Executing method 'search_process' from TransactionTrackerOperations
2018-10-03 11:32:54,798 INFO: Executing method 'select_customer' from TransactionTrackerOperations
2018-10-03 11:33:01,603 INFO: Executing method 'select_customer' from TransactionTrackerOperations
2018-10-03 11:33:23,180 INFO: Executing method 'get_parcel' from TransactionTrackerOperations
2018-10-03 11:33:31,882 INFO: Executing method 'search_process' from TransactionTrackerOperations
2018-10-03 11:33:31,935 INFO: Executing method 'select_customer' from TransactionTrackerOperations
2018-10-03 11:33:39,653 INFO: Executing method 'select_customer' from TransactionTrackerOperations
2018-10-03 11:34:01,536 INFO: Executing method 'get_parcel' from TransactionTrackerOperations
2018-10-03 11:34:10,010 INFO: Executing method 'search_process' from TransactionTrackerOperations
2018-10-03 11:34:10,037 INFO: Executing method 'select_customer' from TransactionTrackerOperations
2018-10-03 11:34:16,905 INFO: Executing method 'select_customer' from TransactionTrackerOperations
2018-10-03 11:34:39,608 INFO: Executing method 'get_parcel' from TransactionTrackerOperations
2018-10-03 11:34:48,000 INFO: Executing method 'search_process' from TransactionTrackerOperations
2018-10-03 11:34:48,014 INFO: Executing method 'select_customer' from TransactionTrackerOperations
2018-10-03 11:34:54,825 INFO: Executing method 'select_customer' from TransactionTrackerOperations
2018-10-03 11:35:16,596 INFO: Executing method 'get_parcel' from TransactionTrackerOperations
2018-10-03 11:35:25,140 INFO: Executing method 'search_process' from TransactionTrackerOperations
2018-10-03 11:35:25,160 INFO: Executing method 'select_customer' from TransactionTrackerOperations
2018-10-03 11:35:32,108 INFO: Executing method 'select_customer' from TransactionTrackerOperations
2018-10-03 11:35:53,970 INFO: Executing method 'get_parcel' from TransactionTrackerOperations
2018-10-03 11:36:01,076 INFO: Executing method 'search_process' from TransactionTrackerOperations
2018-10-03 11:36:01,102 INFO: Executing method 'select_customer' from TransactionTrackerOperations
2018-10-03 11:36:07,989 INFO: Executing method 'select_customer' from TransactionTrackerOperations
2018-10-03 11:36:30,638 INFO: Executing method 'get_parcel' from TransactionTrackerOperations
2018-10-03 11:36:38,944 INFO: Executing method 'search_process' from TransactionTrackerOperations
2018-10-03 11:36:38,970 INFO: Executing method 'select_customer' from TransactionTrackerOperations
2018-10-03 11:36:45,775 INFO: Executing method 'select_customer' from TransactionTrackerOperations
2018-10-03 11:37:07,636 INFO: Executing method 'get_parcel' from TransactionTrackerOperations
2018-10-03 11:37:15,653 INFO: Executing method 'search_process' from TransactionTrackerOperations
2018-10-03 11:37:15,724 INFO: Executing method 'select_customer' from TransactionTrackerOperations
2018-10-03 11:37:22,629 INFO: Executing method 'select_customer' from TransactionTrackerOperations
2018-10-03 11:37:44,497 INFO: Executing method 'get_parcel' from TransactionTrackerOperations
2018-10-03 11:37:52,475 INFO: Executing method 'search_process' from TransactionTrackerOperations
2018-10-03 11:37:52,496 INFO: Executing method 'select_customer' from TransactionTrackerOperations
2018-10-03 11:37:59,564 INFO: Executing method 'select_customer' from TransactionTrackerOperations
2018-10-03 11:38:21,587 INFO: Executing method 'get_parcel' from TransactionTrackerOperations
2018-10-03 11:38:30,083 INFO: Executing method 'search_process' from TransactionTrackerOperations
2018-10-03 11:38:30,123 INFO: Executing method 'select_customer' from TransactionTrackerOperations
2018-10-03 11:38:36,884 INFO: Executing method 'select_customer' from TransactionTrackerOperations
2018-10-03 11:38:58,436 INFO: Executing method 'get_parcel' from TransactionTrackerOperations
2018-10-03 11:39:05,558 INFO: Executing method 'search_process' from TransactionTrackerOperations
2018-10-03 11:39:05,596 INFO: Executing method 'select_customer' from TransactionTrackerOperations
2018-10-03 11:39:12,415 INFO: Executing method 'select_customer' from TransactionTrackerOperations
2018-10-03 11:39:34,576 INFO: Executing method 'get_parcel' from TransactionTrackerOperations
2018-10-03 11:39:43,487 INFO: Executing method 'search_process' from TransactionTrackerOperations
2018-10-03 11:39:43,518 INFO: Executing method 'select_customer' from TransactionTrackerOperations
2018-10-03 11:39:50,705 INFO: Executing method 'select_customer' from TransactionTrackerOperations
2018-10-03 11:40:13,755 INFO: Executing method 'get_parcel' from TransactionTrackerOperations
2018-10-03 11:40:21,686 INFO: Executing method 'search_process' from TransactionTrackerOperations
2018-10-03 11:40:21,702 INFO: Executing method 'select_customer' from TransactionTrackerOperations
2018-10-03 11:40:28,566 INFO: Executing method 'select_customer' from TransactionTrackerOperations
2018-10-03 11:40:51,390 INFO: Executing method 'get_parcel' from TransactionTrackerOperations
2018-10-03 11:40:59,971 INFO: Executing method 'search_process' from TransactionTrackerOperations
2018-10-03 11:40:59,987 INFO: Executing method 'select_customer' from TransactionTrackerOperations
2018-10-03 11:41:07,770 INFO: Executing method 'select_customer' from TransactionTrackerOperations
2018-10-03 11:41:30,266 INFO: Executing method 'get_parcel' from TransactionTrackerOperations
2018-10-03 11:41:38,912 INFO: Executing method 'search_process' from TransactionTrackerOperations
2018-10-03 11:41:38,929 INFO: Executing method 'select_customer' from TransactionTrackerOperations
2018-10-03 11:41:45,881 INFO: Executing method 'select_customer' from TransactionTrackerOperations
2018-10-03 11:42:07,492 INFO: Executing method 'get_parcel' from TransactionTrackerOperations
2018-10-03 11:42:15,862 INFO: Executing method 'search_process' from TransactionTrackerOperations
2018-10-03 11:42:15,904 INFO: Executing method 'select_customer' from TransactionTrackerOperations
2018-10-03 11:42:22,647 INFO: Executing method 'select_customer' from TransactionTrackerOperations
2018-10-03 11:42:44,206 INFO: Executing method 'get_parcel' from TransactionTrackerOperations
2018-10-03 11:42:52,297 INFO: Executing method 'search_process' from TransactionTrackerOperations
2018-10-03 11:42:52,340 INFO: Executing method 'select_customer' from TransactionTrackerOperations
2018-10-03 11:42:59,151 INFO: Executing method 'select_customer' from TransactionTrackerOperations
2018-10-03 11:43:21,417 INFO: Executing method 'get_parcel' from TransactionTrackerOperations
2018-10-03 11:43:28,513 INFO: Executing method 'search_process' from TransactionTrackerOperations
2018-10-03 11:43:28,548 INFO: Executing method 'select_customer' from TransactionTrackerOperations
2018-10-03 11:43:35,333 INFO: Executing method 'select_customer' from TransactionTrackerOperations
2018-10-03 11:43:57,017 INFO: Executing method 'get_parcel' from TransactionTrackerOperations
2018-10-03 11:44:03,938 INFO: Executing method 'search_process' from TransactionTrackerOperations
2018-10-03 11:44:03,979 INFO: Executing method 'select_customer' from TransactionTrackerOperations
2018-10-03 11:44:10,758 INFO: Executing method 'select_customer' from TransactionTrackerOperations
2018-10-03 11:44:32,628 INFO: Executing method 'get_parcel' from TransactionTrackerOperations
2018-10-03 11:44:41,056 INFO: Executing method 'search_process' from TransactionTrackerOperations
2018-10-03 11:44:41,087 INFO: Executing method 'select_customer' from TransactionTrackerOperations
2018-10-03 11:44:47,868 INFO: Executing method 'select_customer' from TransactionTrackerOperations
2018-10-03 11:45:09,697 INFO: Executing method 'get_parcel' from TransactionTrackerOperations
2018-10-03 11:45:18,046 INFO: Executing method 'search_process' from TransactionTrackerOperations
2018-10-03 11:45:18,082 INFO: Executing method 'select_customer' from TransactionTrackerOperations
2018-10-03 11:45:24,823 INFO: Executing method 'select_customer' from TransactionTrackerOperations
2018-10-03 11:45:46,619 INFO: Executing method 'get_parcel' from TransactionTrackerOperations
2018-10-03 11:45:54,834 INFO: Executing method 'search_process' from TransactionTrackerOperations
2018-10-03 11:45:54,864 INFO: Executing method 'select_customer' from TransactionTrackerOperations
2018-10-03 11:46:01,759 INFO: Executing method 'select_customer' from TransactionTrackerOperations
2018-10-03 11:46:23,242 INFO: Executing method 'get_parcel' from TransactionTrackerOperations
2018-10-03 11:46:31,553 INFO: Executing method 'search_process' from TransactionTrackerOperations
2018-10-03 11:46:31,574 INFO: Executing method 'select_customer' from TransactionTrackerOperations
2018-10-03 11:46:38,372 INFO: Executing method 'select_customer' from TransactionTrackerOperations
2018-10-03 11:46:59,569 INFO: Executing method 'get_parcel' from TransactionTrackerOperations
2018-10-03 11:47:07,469 INFO: Executing method 'search_process' from TransactionTrackerOperations
2018-10-03 11:47:07,512 INFO: Executing method 'select_customer' from TransactionTrackerOperations
2018-10-03 11:47:14,252 INFO: Executing method 'select_customer' from TransactionTrackerOperations
2018-10-03 11:47:35,691 INFO: Executing method 'get_parcel' from TransactionTrackerOperations
2018-10-03 11:47:43,834 INFO: Executing method 'search_process' from TransactionTrackerOperations
2018-10-03 11:47:43,876 INFO: Executing method 'select_customer' from TransactionTrackerOperations
2018-10-03 11:47:50,638 INFO: Executing method 'select_customer' from TransactionTrackerOperations
2018-10-03 11:48:12,700 INFO: Executing method 'get_parcel' from TransactionTrackerOperations
2018-10-03 11:48:21,005 INFO: Executing method 'search_process' from TransactionTrackerOperations
2018-10-03 11:48:21,045 INFO: Executing method 'select_customer' from TransactionTrackerOperations
2018-10-03 11:48:27,828 INFO: Executing method 'select_customer' from TransactionTrackerOperations
2018-10-03 11:48:49,170 INFO: Executing method 'get_parcel' from TransactionTrackerOperations
2018-10-03 11:48:56,297 INFO: Executing method 'search_process' from TransactionTrackerOperations
2018-10-03 11:48:56,312 INFO: Executing method 'select_customer' from TransactionTrackerOperations
2018-10-03 11:49:03,145 INFO: Executing method 'select_customer' from TransactionTrackerOperations
2018-10-03 11:49:24,729 INFO: Executing method 'get_parcel' from TransactionTrackerOperations
2018-10-03 11:49:32,957 INFO: Executing method 'search_process' from TransactionTrackerOperations
2018-10-03 11:49:33,008 INFO: Executing method 'select_customer' from TransactionTrackerOperations
2018-10-03 11:49:39,859 INFO: Executing method 'select_customer' from TransactionTrackerOperations
2018-10-03 11:50:01,643 INFO: Executing method 'get_parcel' from TransactionTrackerOperations
2018-10-03 11:50:09,904 INFO: Executing method 'search_process' from TransactionTrackerOperations
2018-10-03 11:50:09,946 INFO: Executing method 'select_customer' from TransactionTrackerOperations
2018-10-03 11:50:16,722 INFO: Executing method 'select_customer' from TransactionTrackerOperations
2018-10-03 11:50:38,145 INFO: Executing method 'get_parcel' from TransactionTrackerOperations
