2018-11-22 11:40:04,877 INFO: Executing Script Credit Memo Prodution Data Monitoring
2018-11-22 11:40:05,270 INFO: Executing CMProductionDataMonitoring.execute_main()
2018-11-22 11:40:19,376 INFO: Login in to Launchpad
2018-11-22 11:40:40,249 INFO: Executing CMProductionDataMonitoring.TaskFilter()
2018-11-22 11:40:40,602 INFO: Refreshing access_token
2018-11-22 11:40:55,492 INFO: select InProgress task from input sheet from CMProductionDataMonitoring.TaskFilter()
2018-11-22 11:40:55,493 INFO: Executing TransactionTrackerOperations.search_process_for_CMPDM() for: Performance Health|McKesson BASCOM PALMER EYE INST|810
2018-11-22 11:40:55,538 INFO: Executing TransactionTrackerOperations.select_customer()
2018-11-22 11:41:02,864 INFO: Executing TransactionTrackerOperations.select_customer()
2018-11-22 11:41:14,962 INFO: Executing TransactionTrackerOperations.get_CM_parcels()
2018-11-22 11:41:18,117 ERROR: Error in CMProductionDataMonitoring.TaskFilter()
2018-11-22 11:41:23,054 INFO: Executing TransactionTrackerOperations.search_process_for_CMPDM() for: Performance Health|McKesson CABELL HUNTINGTON HOSPITAL|810
2018-11-22 11:41:23,104 INFO: Executing TransactionTrackerOperations.select_customer()
2018-11-22 11:41:30,173 INFO: Executing TransactionTrackerOperations.select_customer()
2018-11-22 11:41:42,233 INFO: Executing TransactionTrackerOperations.get_CM_parcels()
2018-11-22 11:41:46,134 INFO: NoSuchElementException in TransactionTrackerOperations.get_CM_parcels()
2018-11-22 11:41:50,508 INFO: NoSuchElementException in TransactionTrackerOperations.get_CM_parcels()
2018-11-22 11:41:58,346 INFO: Executing TransactionTrackerOperations.search_process_for_CMPDM() for: Performance Health|McKesson CHILDRENS HOSPITAL|810
2018-11-22 11:41:59,113 INFO: Executing TransactionTrackerOperations.select_customer()
2018-11-22 11:42:06,335 INFO: Executing TransactionTrackerOperations.select_customer()
2018-11-22 11:42:18,495 INFO: Executing TransactionTrackerOperations.get_CM_parcels()
2018-11-22 11:42:21,431 INFO: NoSuchElementException in TransactionTrackerOperations.get_CM_parcels()
2018-11-22 11:42:26,351 INFO: NoSuchElementException in TransactionTrackerOperations.get_CM_parcels()
2018-11-22 11:42:28,809 INFO: NoSuchElementException in TransactionTrackerOperations.get_CM_parcels()
2018-11-22 11:42:40,011 INFO: Executing TransactionTrackerOperations.search_process_for_CMPDM() for: Performance Health|McKesson CHRISTIANA CARE HEALTH|810
2018-11-22 11:42:40,359 INFO: Executing TransactionTrackerOperations.select_customer()
2018-11-22 11:42:47,301 INFO: Executing TransactionTrackerOperations.select_customer()
2018-11-22 11:42:59,675 INFO: Executing TransactionTrackerOperations.get_CM_parcels()
2018-11-22 11:43:02,636 INFO: NoSuchElementException in TransactionTrackerOperations.get_CM_parcels()
2018-11-22 11:43:07,928 INFO: NoSuchElementException in TransactionTrackerOperations.get_CM_parcels()
2018-11-22 11:43:12,810 INFO: NoSuchElementException in TransactionTrackerOperations.get_CM_parcels()
2018-11-22 11:43:17,510 INFO: NoSuchElementException in TransactionTrackerOperations.get_CM_parcels()
2018-11-22 11:43:22,040 INFO: NoSuchElementException in TransactionTrackerOperations.get_CM_parcels()
2018-11-22 11:43:27,086 INFO: NoSuchElementException in TransactionTrackerOperations.get_CM_parcels()
2018-11-22 11:43:31,733 INFO: NoSuchElementException in TransactionTrackerOperations.get_CM_parcels()
2018-11-22 11:43:36,592 INFO: NoSuchElementException in TransactionTrackerOperations.get_CM_parcels()
2018-11-22 11:43:41,123 INFO: NoSuchElementException in TransactionTrackerOperations.get_CM_parcels()
2018-11-22 11:43:46,389 INFO: NoSuchElementException in TransactionTrackerOperations.get_CM_parcels()
2018-11-22 11:43:49,405 INFO: NoSuchElementException in TransactionTrackerOperations.get_CM_parcels()
2018-11-22 11:43:58,158 INFO: Executing TransactionTrackerOperations.search_process_for_CMPDM() for: Performance Health|McKesson EMH REGIONAL HEALTHCARE SYSTEMS|810
2018-11-22 11:43:58,943 INFO: Executing TransactionTrackerOperations.select_customer()
2018-11-22 11:44:06,232 INFO: Executing TransactionTrackerOperations.select_customer()
2018-11-22 11:44:18,185 INFO: Executing TransactionTrackerOperations.get_CM_parcels()
2018-11-22 11:44:25,729 INFO: Executing TransactionTrackerOperations.search_process_for_CMPDM() for: Performance Health|McKesson EMORY HEALTHCARE|810
2018-11-22 11:44:25,746 INFO: Executing TransactionTrackerOperations.select_customer()
2018-11-22 11:44:33,164 INFO: Executing TransactionTrackerOperations.select_customer()
2018-11-22 11:44:45,521 INFO: Executing TransactionTrackerOperations.get_CM_parcels()
2018-11-22 11:44:48,917 INFO: NoSuchElementException in TransactionTrackerOperations.get_CM_parcels()
2018-11-22 11:44:55,070 INFO: NoSuchElementException in TransactionTrackerOperations.get_CM_parcels()
2018-11-22 11:45:00,905 INFO: NoSuchElementException in TransactionTrackerOperations.get_CM_parcels()
2018-11-22 11:45:07,288 INFO: NoSuchElementException in TransactionTrackerOperations.get_CM_parcels()
2018-11-22 11:45:13,375 INFO: NoSuchElementException in TransactionTrackerOperations.get_CM_parcels()
2018-11-22 11:45:19,071 INFO: NoSuchElementException in TransactionTrackerOperations.get_CM_parcels()
2018-11-22 11:45:25,006 INFO: NoSuchElementException in TransactionTrackerOperations.get_CM_parcels()
2018-11-22 11:45:31,309 INFO: NoSuchElementException in TransactionTrackerOperations.get_CM_parcels()
2018-11-22 11:45:36,695 INFO: NoSuchElementException in TransactionTrackerOperations.get_CM_parcels()
2018-11-22 11:45:42,572 INFO: NoSuchElementException in TransactionTrackerOperations.get_CM_parcels()
2018-11-22 11:45:47,689 INFO: NoSuchElementException in TransactionTrackerOperations.get_CM_parcels()
2018-11-22 11:45:53,710 INFO: NoSuchElementException in TransactionTrackerOperations.get_CM_parcels()
2018-11-22 11:46:00,052 INFO: NoSuchElementException in TransactionTrackerOperations.get_CM_parcels()
2018-11-22 11:46:05,908 INFO: NoSuchElementException in TransactionTrackerOperations.get_CM_parcels()
2018-11-22 11:46:11,305 INFO: NoSuchElementException in TransactionTrackerOperations.get_CM_parcels()
2018-11-22 11:46:17,780 INFO: NoSuchElementException in TransactionTrackerOperations.get_CM_parcels()
2018-11-22 11:46:23,686 INFO: NoSuchElementException in TransactionTrackerOperations.get_CM_parcels()
2018-11-22 11:46:27,328 INFO: NoSuchElementException in TransactionTrackerOperations.get_CM_parcels()
2018-11-22 11:46:34,733 INFO: Executing TransactionTrackerOperations.search_process_for_CMPDM() for: Performance Health|McKesson FIRELANDS REGIONAL MEDICAL CENTER|810
2018-11-22 11:46:35,412 INFO: Executing TransactionTrackerOperations.select_customer()
2018-11-22 11:46:42,901 INFO: Executing TransactionTrackerOperations.select_customer()
2018-11-22 11:46:55,120 INFO: Executing TransactionTrackerOperations.get_CM_parcels()
2018-11-22 11:47:01,289 INFO: Executing TransactionTrackerOperations.search_process_for_CMPDM() for: Performance Health|McKesson FIRSTHEALTH CAROLINAS|810
2018-11-22 11:47:02,059 INFO: Executing TransactionTrackerOperations.select_customer()
2018-11-22 11:47:09,394 INFO: Executing TransactionTrackerOperations.select_customer()
2018-11-22 11:47:21,339 INFO: Executing TransactionTrackerOperations.get_CM_parcels()
2018-11-22 11:47:28,865 INFO: Executing TransactionTrackerOperations.search_process_for_CMPDM() for: Performance Health|McKesson FRANCISCAN ALLIANCE INC|810
2018-11-22 11:47:28,886 INFO: Executing TransactionTrackerOperations.select_customer()
2018-11-22 11:47:36,357 INFO: Executing TransactionTrackerOperations.select_customer()
2018-11-22 11:47:48,521 INFO: Executing TransactionTrackerOperations.get_CM_parcels()
2018-11-22 11:47:51,054 INFO: NoSuchElementException in TransactionTrackerOperations.get_CM_parcels()
2018-11-22 11:47:56,883 INFO: NoSuchElementException in TransactionTrackerOperations.get_CM_parcels()
2018-11-22 11:48:02,896 INFO: NoSuchElementException in TransactionTrackerOperations.get_CM_parcels()
2018-11-22 11:48:08,319 INFO: NoSuchElementException in TransactionTrackerOperations.get_CM_parcels()
2018-11-22 11:48:14,236 INFO: NoSuchElementException in TransactionTrackerOperations.get_CM_parcels()
2018-11-22 11:48:19,376 INFO: NoSuchElementException in TransactionTrackerOperations.get_CM_parcels()
2018-11-22 11:48:24,473 INFO: NoSuchElementException in TransactionTrackerOperations.get_CM_parcels()
2018-11-22 11:48:29,902 INFO: NoSuchElementException in TransactionTrackerOperations.get_CM_parcels()
2018-11-22 11:48:35,852 INFO: NoSuchElementException in TransactionTrackerOperations.get_CM_parcels()
2018-11-22 11:48:42,105 INFO: NoSuchElementException in TransactionTrackerOperations.get_CM_parcels()
2018-11-22 11:48:47,876 INFO: NoSuchElementException in TransactionTrackerOperations.get_CM_parcels()
2018-11-22 11:48:52,086 INFO: NoSuchElementException in TransactionTrackerOperations.get_CM_parcels()
2018-11-22 11:49:00,217 INFO: Executing TransactionTrackerOperations.search_process_for_CMPDM() for: Performance Health|McKesson GOOD SHEPHERD REHAB NETWORK|810
2018-11-22 11:49:00,380 INFO: Executing TransactionTrackerOperations.select_customer()
2018-11-22 11:49:07,416 INFO: Executing TransactionTrackerOperations.select_customer()
2018-11-22 11:49:19,203 INFO: Executing TransactionTrackerOperations.get_CM_parcels()
2018-11-22 11:49:23,491 INFO: NoSuchElementException in TransactionTrackerOperations.get_CM_parcels()
2018-11-22 11:49:28,328 INFO: NoSuchElementException in TransactionTrackerOperations.get_CM_parcels()
2018-11-22 11:49:33,612 INFO: NoSuchElementException in TransactionTrackerOperations.get_CM_parcels()
2018-11-22 11:49:39,203 INFO: NoSuchElementException in TransactionTrackerOperations.get_CM_parcels()
2018-11-22 11:49:45,304 INFO: NoSuchElementException in TransactionTrackerOperations.get_CM_parcels()
2018-11-22 11:49:51,136 INFO: NoSuchElementException in TransactionTrackerOperations.get_CM_parcels()
2018-11-22 11:49:56,283 INFO: NoSuchElementException in TransactionTrackerOperations.get_CM_parcels()
2018-11-22 11:50:02,193 INFO: NoSuchElementException in TransactionTrackerOperations.get_CM_parcels()
2018-11-22 11:50:08,592 INFO: NoSuchElementException in TransactionTrackerOperations.get_CM_parcels()
2018-11-22 11:50:14,693 INFO: NoSuchElementException in TransactionTrackerOperations.get_CM_parcels()
2018-11-22 11:50:19,219 INFO: NoSuchElementException in TransactionTrackerOperations.get_CM_parcels()
2018-11-22 11:50:27,781 INFO: Executing TransactionTrackerOperations.search_process_for_CMPDM() for: Performance Health|McKesson HALIFAX REGIONAL HOSPITAL|810
2018-11-22 11:50:27,808 INFO: Executing TransactionTrackerOperations.select_customer()
2018-11-22 11:50:35,105 INFO: Executing TransactionTrackerOperations.select_customer()
2018-11-22 11:50:47,678 INFO: Executing TransactionTrackerOperations.get_CM_parcels()
2018-11-22 11:50:53,733 INFO: Executing TransactionTrackerOperations.search_process_for_CMPDM() for: Performance Health|McKesson HATTISBURG CLINIC|810
2018-11-22 11:50:54,450 INFO: Executing TransactionTrackerOperations.select_customer()
2018-11-22 11:51:02,011 INFO: Executing TransactionTrackerOperations.select_customer()
2018-11-22 11:51:13,662 INFO: Executing TransactionTrackerOperations.get_CM_parcels()
2018-11-22 11:51:19,822 INFO: Executing TransactionTrackerOperations.search_process_for_CMPDM() for: Performance Health|McKesson IL BONE AND JOINT|810
2018-11-22 11:51:19,965 INFO: Executing TransactionTrackerOperations.select_customer()
2018-11-22 11:51:27,188 INFO: Executing TransactionTrackerOperations.select_customer()
2018-11-22 11:51:39,337 INFO: Executing TransactionTrackerOperations.get_CM_parcels()
2018-11-22 11:51:45,683 INFO: Executing TransactionTrackerOperations.search_process_for_CMPDM() for: Performance Health|McKesson LAKE CHARLES MEMORIAL HOSPITAL|810
2018-11-22 11:51:46,397 INFO: Executing TransactionTrackerOperations.select_customer()
2018-11-22 11:51:53,502 INFO: Executing TransactionTrackerOperations.select_customer()
2018-11-22 11:52:05,461 INFO: Executing TransactionTrackerOperations.get_CM_parcels()
2018-11-22 11:52:12,456 INFO: Executing TransactionTrackerOperations.search_process_for_CMPDM() for: Performance Health|McKesson LAWRENCE MEMORIAL HOSPITAL|810
2018-11-22 11:52:12,480 INFO: Executing TransactionTrackerOperations.select_customer()
2018-11-22 11:52:19,637 INFO: Executing TransactionTrackerOperations.select_customer()
2018-11-22 11:52:31,184 INFO: Executing TransactionTrackerOperations.get_CM_parcels()
2018-11-22 11:52:35,518 INFO: NoSuchElementException in TransactionTrackerOperations.get_CM_parcels()
2018-11-22 11:52:41,039 INFO: NoSuchElementException in TransactionTrackerOperations.get_CM_parcels()
2018-11-22 11:52:46,539 INFO: NoSuchElementException in TransactionTrackerOperations.get_CM_parcels()
2018-11-22 11:52:51,920 INFO: NoSuchElementException in TransactionTrackerOperations.get_CM_parcels()
2018-11-22 11:52:54,918 INFO: NoSuchElementException in TransactionTrackerOperations.get_CM_parcels()
2018-11-22 11:53:04,276 INFO: Executing TransactionTrackerOperations.search_process_for_CMPDM() for: Performance Health|McKesson LEESBURG REGIONAL|810
2018-11-22 11:53:04,294 INFO: Executing TransactionTrackerOperations.select_customer()
2018-11-22 11:53:11,361 INFO: Executing TransactionTrackerOperations.select_customer()
2018-11-22 11:53:23,742 INFO: Executing TransactionTrackerOperations.get_CM_parcels()
2018-11-22 11:53:25,014 INFO: NoSuchElementException in TransactionTrackerOperations.get_CM_parcels()
2018-11-22 11:53:32,756 INFO: Executing TransactionTrackerOperations.search_process_for_CMPDM() for: Performance Health|McKesson LOMA LINDA UNIVERSITY MEDICAL CENTER|810
2018-11-22 11:53:33,469 INFO: Executing TransactionTrackerOperations.select_customer()
2018-11-22 11:53:40,718 INFO: Executing TransactionTrackerOperations.select_customer()
2018-11-22 11:53:52,566 INFO: Executing TransactionTrackerOperations.get_CM_parcels()
2018-11-22 11:53:53,111 INFO: NoSuchElementException in TransactionTrackerOperations.get_CM_parcels()
2018-11-22 11:53:59,914 INFO: Executing TransactionTrackerOperations.search_process_for_CMPDM() for: Performance Health|McKesson MCG HEALTH INC|810
2018-11-22 11:54:00,695 INFO: Executing TransactionTrackerOperations.select_customer()
2018-11-22 11:54:07,967 INFO: Executing TransactionTrackerOperations.select_customer()
2018-11-22 11:54:19,644 INFO: Executing TransactionTrackerOperations.get_CM_parcels()
2018-11-22 11:54:23,106 INFO: NoSuchElementException in TransactionTrackerOperations.get_CM_parcels()
2018-11-22 11:54:27,933 INFO: NoSuchElementException in TransactionTrackerOperations.get_CM_parcels()
2018-11-22 11:54:33,233 INFO: NoSuchElementException in TransactionTrackerOperations.get_CM_parcels()
2018-11-22 11:54:36,956 INFO: NoSuchElementException in TransactionTrackerOperations.get_CM_parcels()
2018-11-22 11:54:44,015 INFO: Executing TransactionTrackerOperations.search_process_for_CMPDM() for: Performance Health|McKesson NCH HEALTHCARE|810
2018-11-22 11:54:45,024 INFO: Executing TransactionTrackerOperations.select_customer()
2018-11-22 11:54:51,954 INFO: Executing TransactionTrackerOperations.select_customer()
2018-11-22 11:55:03,817 INFO: Executing TransactionTrackerOperations.get_CM_parcels()
2018-11-22 11:55:06,895 INFO: NoSuchElementException in TransactionTrackerOperations.get_CM_parcels()
2018-11-22 11:55:13,206 INFO: NoSuchElementException in TransactionTrackerOperations.get_CM_parcels()
2018-11-22 11:55:17,642 INFO: NoSuchElementException in TransactionTrackerOperations.get_CM_parcels()
2018-11-22 11:55:22,073 INFO: NoSuchElementException in TransactionTrackerOperations.get_CM_parcels()
2018-11-22 11:55:26,718 INFO: NoSuchElementException in TransactionTrackerOperations.get_CM_parcels()
2018-11-22 11:55:34,439 INFO: Executing TransactionTrackerOperations.search_process_for_CMPDM() for: Performance Health|McKesson SACRED HEART HOSPITAL|810
2018-11-22 11:55:34,460 INFO: Executing TransactionTrackerOperations.select_customer()
2018-11-22 11:55:41,681 INFO: Executing TransactionTrackerOperations.select_customer()
2018-11-22 11:55:53,489 INFO: Executing TransactionTrackerOperations.get_CM_parcels()
2018-11-22 11:56:01,140 INFO: Executing TransactionTrackerOperations.search_process_for_CMPDM() for: Performance Health|McKesson SAINT FRANCES MEDICAL CENTER|810
2018-11-22 11:56:01,169 INFO: Executing TransactionTrackerOperations.select_customer()
2018-11-22 11:56:08,049 INFO: Executing TransactionTrackerOperations.select_customer()
2018-11-22 11:56:20,517 INFO: Executing TransactionTrackerOperations.get_CM_parcels()
2018-11-22 11:56:23,579 INFO: NoSuchElementException in TransactionTrackerOperations.get_CM_parcels()
2018-11-22 11:56:28,375 INFO: NoSuchElementException in TransactionTrackerOperations.get_CM_parcels()
2018-11-22 11:56:32,774 INFO: NoSuchElementException in TransactionTrackerOperations.get_CM_parcels()
2018-11-22 11:56:39,989 INFO: Executing TransactionTrackerOperations.search_process_for_CMPDM() for: Performance Health|McKesson SOUTHERN NEW HAMPSHIRE MEDICAL CENTER|810
2018-11-22 11:56:41,027 INFO: Executing TransactionTrackerOperations.select_customer()
2018-11-22 11:56:48,229 INFO: Executing TransactionTrackerOperations.select_customer()
2018-11-22 11:57:00,186 INFO: Executing TransactionTrackerOperations.get_CM_parcels()
2018-11-22 11:57:02,880 INFO: NoSuchElementException in TransactionTrackerOperations.get_CM_parcels()
2018-11-22 11:57:07,554 INFO: NoSuchElementException in TransactionTrackerOperations.get_CM_parcels()
2018-11-22 11:57:11,231 INFO: NoSuchElementException in TransactionTrackerOperations.get_CM_parcels()
2018-11-22 11:57:18,121 INFO: Executing TransactionTrackerOperations.search_process_for_CMPDM() for: Performance Health|McKesson TIFT REGIONAL MEDICAL CENTER|810
2018-11-22 11:57:19,056 INFO: Executing TransactionTrackerOperations.select_customer()
2018-11-22 11:57:26,120 INFO: Executing TransactionTrackerOperations.select_customer()
2018-11-22 11:57:38,325 INFO: Executing TransactionTrackerOperations.get_CM_parcels()
2018-11-22 11:57:44,793 INFO: Executing TransactionTrackerOperations.search_process_for_CMPDM() for: Performance Health|McKesson TRINITY MOTHER FRANCES HOSPITAL|810
2018-11-22 11:57:45,844 INFO: Executing TransactionTrackerOperations.select_customer()
2018-11-22 11:57:53,049 INFO: Executing TransactionTrackerOperations.select_customer()
2018-11-22 11:58:05,007 INFO: Executing TransactionTrackerOperations.get_CM_parcels()
2018-11-22 11:58:09,478 INFO: NoSuchElementException in TransactionTrackerOperations.get_CM_parcels()
2018-11-22 11:58:15,218 INFO: NoSuchElementException in TransactionTrackerOperations.get_CM_parcels()
2018-11-22 11:58:20,505 INFO: NoSuchElementException in TransactionTrackerOperations.get_CM_parcels()
2018-11-22 11:58:25,966 INFO: NoSuchElementException in TransactionTrackerOperations.get_CM_parcels()
2018-11-22 11:58:30,441 INFO: NoSuchElementException in TransactionTrackerOperations.get_CM_parcels()
2018-11-22 11:58:33,664 INFO: NoSuchElementException in TransactionTrackerOperations.get_CM_parcels()
2018-11-22 11:58:41,202 INFO: Executing TransactionTrackerOperations.search_process_for_CMPDM() for: Performance Health|McKesson Truman Medical Center|810
2018-11-22 11:58:41,440 INFO: Executing TransactionTrackerOperations.select_customer()
2018-11-22 11:58:48,971 INFO: Executing TransactionTrackerOperations.select_customer()
2018-11-22 11:59:01,127 INFO: Executing TransactionTrackerOperations.get_CM_parcels()
2018-11-22 11:59:05,197 INFO: NoSuchElementException in TransactionTrackerOperations.get_CM_parcels()
2018-11-22 11:59:11,014 INFO: NoSuchElementException in TransactionTrackerOperations.get_CM_parcels()
2018-11-22 11:59:15,802 INFO: NoSuchElementException in TransactionTrackerOperations.get_CM_parcels()
2018-11-22 11:59:21,968 INFO: NoSuchElementException in TransactionTrackerOperations.get_CM_parcels()
2018-11-22 11:59:27,219 INFO: NoSuchElementException in TransactionTrackerOperations.get_CM_parcels()
2018-11-22 11:59:33,270 INFO: NoSuchElementException in TransactionTrackerOperations.get_CM_parcels()
2018-11-22 11:59:38,063 INFO: NoSuchElementException in TransactionTrackerOperations.get_CM_parcels()
2018-11-22 11:59:43,287 INFO: NoSuchElementException in TransactionTrackerOperations.get_CM_parcels()
2018-11-22 11:59:48,939 INFO: NoSuchElementException in TransactionTrackerOperations.get_CM_parcels()
2018-11-22 11:59:55,480 INFO: NoSuchElementException in TransactionTrackerOperations.get_CM_parcels()
2018-11-22 12:00:01,778 INFO: NoSuchElementException in TransactionTrackerOperations.get_CM_parcels()
2018-11-22 12:00:08,389 INFO: NoSuchElementException in TransactionTrackerOperations.get_CM_parcels()
2018-11-22 12:00:14,991 INFO: NoSuchElementException in TransactionTrackerOperations.get_CM_parcels()
2018-11-22 12:00:21,099 INFO: NoSuchElementException in TransactionTrackerOperations.get_CM_parcels()
2018-11-22 12:00:26,923 INFO: NoSuchElementException in TransactionTrackerOperations.get_CM_parcels()
2018-11-22 12:00:31,595 INFO: NoSuchElementException in TransactionTrackerOperations.get_CM_parcels()
2018-11-22 12:00:40,165 INFO: Executing TransactionTrackerOperations.search_process_for_CMPDM() for: Performance Health|McKesson UNITED HOSPITAL SYSTEM INC|810
2018-11-22 12:00:40,205 INFO: Executing TransactionTrackerOperations.select_customer()
2018-11-22 12:00:47,738 INFO: Executing TransactionTrackerOperations.select_customer()
2018-11-22 12:00:59,348 INFO: Executing TransactionTrackerOperations.get_CM_parcels()
2018-11-22 12:01:03,854 INFO: NoSuchElementException in TransactionTrackerOperations.get_CM_parcels()
2018-11-22 12:01:10,383 INFO: NoSuchElementException in TransactionTrackerOperations.get_CM_parcels()
2018-11-22 12:01:18,801 INFO: Executing TransactionTrackerOperations.search_process_for_CMPDM() for: Performance Health|McKesson VAIL VALLEY MEDICAL CENTER|810
2018-11-22 12:01:19,593 INFO: Executing TransactionTrackerOperations.select_customer()
2018-11-22 12:01:26,874 INFO: Executing TransactionTrackerOperations.select_customer()
2018-11-22 12:01:39,575 INFO: Executing TransactionTrackerOperations.get_CM_parcels()
2018-11-22 12:01:42,730 INFO: NoSuchElementException in TransactionTrackerOperations.get_CM_parcels()
2018-11-22 12:01:49,185 INFO: NoSuchElementException in TransactionTrackerOperations.get_CM_parcels()
2018-11-22 12:01:55,238 INFO: NoSuchElementException in TransactionTrackerOperations.get_CM_parcels()
2018-11-22 12:02:00,764 INFO: NoSuchElementException in TransactionTrackerOperations.get_CM_parcels()
2018-11-22 12:02:08,043 INFO: NoSuchElementException in TransactionTrackerOperations.get_CM_parcels()
2018-11-22 12:02:14,180 INFO: NoSuchElementException in TransactionTrackerOperations.get_CM_parcels()
2018-11-22 12:02:20,797 INFO: NoSuchElementException in TransactionTrackerOperations.get_CM_parcels()
2018-11-22 12:02:26,902 INFO: NoSuchElementException in TransactionTrackerOperations.get_CM_parcels()
2018-11-22 12:02:31,358 INFO: NoSuchElementException in TransactionTrackerOperations.get_CM_parcels()
2018-11-22 12:02:37,390 INFO: NoSuchElementException in TransactionTrackerOperations.get_CM_parcels()
2018-11-22 12:02:43,325 INFO: NoSuchElementException in TransactionTrackerOperations.get_CM_parcels()
2018-11-22 12:02:48,841 INFO: NoSuchElementException in TransactionTrackerOperations.get_CM_parcels()
2018-11-22 12:02:53,507 INFO: NoSuchElementException in TransactionTrackerOperations.get_CM_parcels()
2018-11-22 12:03:01,154 INFO: Executing TransactionTrackerOperations.search_process_for_CMPDM() for: Performance Health|McKesson WHEATON FRANCISCAN HEALTHCARE|810
2018-11-22 12:03:01,335 INFO: Executing TransactionTrackerOperations.select_customer()
2018-11-22 12:03:08,565 INFO: Executing TransactionTrackerOperations.select_customer()
2018-11-22 12:03:20,378 INFO: Executing TransactionTrackerOperations.get_CM_parcels()
2018-11-22 12:03:26,549 INFO: Executing TransactionTrackerOperations.search_process_for_CMPDM() for: Performance Health|MFA DSSI|810
2018-11-22 12:03:26,681 INFO: Executing TransactionTrackerOperations.select_customer()
2018-11-22 12:03:34,009 INFO: Executing TransactionTrackerOperations.select_customer()
2018-11-22 12:03:46,147 INFO: Executing TransactionTrackerOperations.get_CM_parcels()
2018-11-22 12:03:53,394 INFO: Executing TransactionTrackerOperations.search_process_for_CMPDM() for: Performance Health|MIDWEST GERIATRIC DSSI|810
2018-11-22 12:03:53,432 INFO: Executing TransactionTrackerOperations.select_customer()
2018-11-22 12:04:00,883 INFO: Executing TransactionTrackerOperations.select_customer()
2018-11-22 12:04:12,816 INFO: Executing TransactionTrackerOperations.get_CM_parcels()
2018-11-22 12:04:19,044 INFO: Executing TransactionTrackerOperations.search_process_for_CMPDM() for: Performance Health|MIDWEST HEALTH DSSI|810
2018-11-22 12:04:19,800 INFO: Executing TransactionTrackerOperations.select_customer()
2018-11-22 12:04:27,033 INFO: Executing TransactionTrackerOperations.select_customer()
2018-11-22 12:04:38,799 INFO: Executing TransactionTrackerOperations.get_CM_parcels()
2018-11-22 12:04:43,485 INFO: NoSuchElementException in TransactionTrackerOperations.get_CM_parcels()
2018-11-22 12:04:49,019 INFO: NoSuchElementException in TransactionTrackerOperations.get_CM_parcels()
2018-11-22 12:04:51,839 INFO: NoSuchElementException in TransactionTrackerOperations.get_CM_parcels()
2018-11-22 12:04:58,870 INFO: Executing TransactionTrackerOperations.search_process_for_CMPDM() for: Performance Health|MISSION HEALTH DSSI|810
2018-11-22 12:04:59,462 INFO: Executing TransactionTrackerOperations.select_customer()
2018-11-22 12:05:06,964 INFO: Executing TransactionTrackerOperations.select_customer()
2018-11-22 12:05:19,470 INFO: Executing TransactionTrackerOperations.get_CM_parcels()
2018-11-22 12:05:23,543 INFO: NoSuchElementException in TransactionTrackerOperations.get_CM_parcels()
2018-11-22 12:05:30,843 INFO: NoSuchElementException in TransactionTrackerOperations.get_CM_parcels()
2018-11-22 12:05:35,716 INFO: NoSuchElementException in TransactionTrackerOperations.get_CM_parcels()
2018-11-22 12:05:41,862 INFO: NoSuchElementException in TransactionTrackerOperations.get_CM_parcels()
2018-11-22 12:05:48,046 INFO: NoSuchElementException in TransactionTrackerOperations.get_CM_parcels()
2018-11-22 12:05:52,451 INFO: NoSuchElementException in TransactionTrackerOperations.get_CM_parcels()
2018-11-22 12:05:59,518 INFO: Executing TransactionTrackerOperations.search_process_for_CMPDM() for: Performance Health|NEXION DSSI|810
2018-11-22 12:06:00,223 INFO: Executing TransactionTrackerOperations.select_customer()
2018-11-22 12:06:07,487 INFO: Executing TransactionTrackerOperations.select_customer()
2018-11-22 12:06:19,565 INFO: Executing TransactionTrackerOperations.get_CM_parcels()
2018-11-22 12:06:23,565 INFO: NoSuchElementException in TransactionTrackerOperations.get_CM_parcels()
2018-11-22 12:06:29,641 INFO: NoSuchElementException in TransactionTrackerOperations.get_CM_parcels()
2018-11-22 12:06:35,038 INFO: NoSuchElementException in TransactionTrackerOperations.get_CM_parcels()
2018-11-22 12:06:41,001 INFO: NoSuchElementException in TransactionTrackerOperations.get_CM_parcels()
2018-11-22 12:06:47,333 INFO: NoSuchElementException in TransactionTrackerOperations.get_CM_parcels()
2018-11-22 12:06:53,746 INFO: NoSuchElementException in TransactionTrackerOperations.get_CM_parcels()
2018-11-22 12:06:58,352 INFO: NoSuchElementException in TransactionTrackerOperations.get_CM_parcels()
2018-11-22 12:07:06,418 INFO: Executing TransactionTrackerOperations.search_process_for_CMPDM() for: Performance Health|NOLAND HEALTH SERVICES DSSI|810
2018-11-22 12:07:06,597 INFO: Executing TransactionTrackerOperations.select_customer()
2018-11-22 12:07:13,851 INFO: Executing TransactionTrackerOperations.select_customer()
2018-11-22 12:07:25,554 INFO: Executing TransactionTrackerOperations.get_CM_parcels()
2018-11-22 12:07:28,832 INFO: NoSuchElementException in TransactionTrackerOperations.get_CM_parcels()
2018-11-22 12:07:34,311 INFO: NoSuchElementException in TransactionTrackerOperations.get_CM_parcels()
2018-11-22 12:07:39,390 INFO: NoSuchElementException in TransactionTrackerOperations.get_CM_parcels()
2018-11-22 12:07:47,849 INFO: Executing TransactionTrackerOperations.search_process_for_CMPDM() for: Performance Health|NORTHPORT DSSI|810
2018-11-22 12:07:48,208 INFO: Executing TransactionTrackerOperations.select_customer()
2018-11-22 12:07:55,560 INFO: Executing TransactionTrackerOperations.select_customer()
2018-11-22 12:08:07,555 INFO: Executing TransactionTrackerOperations.get_CM_parcels()
2018-11-22 12:08:14,000 INFO: Executing TransactionTrackerOperations.search_process_for_CMPDM() for: Performance Health|NUVISION DSSI|810
2018-11-22 12:08:14,714 INFO: Executing TransactionTrackerOperations.select_customer()
2018-11-22 12:08:22,035 INFO: Executing TransactionTrackerOperations.select_customer()
2018-11-22 12:08:34,388 INFO: Executing TransactionTrackerOperations.get_CM_parcels()
2018-11-22 12:08:38,905 INFO: NoSuchElementException in TransactionTrackerOperations.get_CM_parcels()
2018-11-22 12:08:44,493 INFO: NoSuchElementException in TransactionTrackerOperations.get_CM_parcels()
2018-11-22 12:08:48,351 INFO: NoSuchElementException in TransactionTrackerOperations.get_CM_parcels()
2018-11-22 12:08:56,618 INFO: Executing TransactionTrackerOperations.search_process_for_CMPDM() for: Performance Health|ONIX GROUP DSSI|810
2018-11-22 12:08:56,683 INFO: Executing TransactionTrackerOperations.select_customer()
2018-11-22 12:09:04,037 INFO: Executing TransactionTrackerOperations.select_customer()
2018-11-22 12:09:16,025 INFO: Executing TransactionTrackerOperations.get_CM_parcels()
2018-11-22 12:09:18,924 INFO: NoSuchElementException in TransactionTrackerOperations.get_CM_parcels()
2018-11-22 12:09:24,588 INFO: NoSuchElementException in TransactionTrackerOperations.get_CM_parcels()
2018-11-22 12:09:31,430 INFO: NoSuchElementException in TransactionTrackerOperations.get_CM_parcels()
2018-11-22 12:09:35,437 INFO: NoSuchElementException in TransactionTrackerOperations.get_CM_parcels()
2018-11-22 12:09:42,761 INFO: Executing TransactionTrackerOperations.search_process_for_CMPDM() for: Performance Health|PENNMED CONSULTANTS INC DSSI|810
2018-11-22 12:09:43,535 INFO: Executing TransactionTrackerOperations.select_customer()
2018-11-22 12:09:50,805 INFO: Executing TransactionTrackerOperations.select_customer()
2018-11-22 12:10:03,059 INFO: Executing TransactionTrackerOperations.get_CM_parcels()
2018-11-22 12:10:09,476 INFO: Executing TransactionTrackerOperations.search_process_for_CMPDM() for: Performance Health|PREFERRED CARE DSSI|810
2018-11-22 12:10:10,228 INFO: Executing TransactionTrackerOperations.select_customer()
2018-11-22 12:10:17,640 INFO: Executing TransactionTrackerOperations.select_customer()
2018-11-22 12:10:29,741 INFO: Executing TransactionTrackerOperations.get_CM_parcels()
2018-11-22 12:10:35,970 INFO: Executing TransactionTrackerOperations.search_process_for_CMPDM() for: Performance Health|PRESBYTERIAN HOMES AND SERVICES DSSI|810
2018-11-22 12:10:36,764 INFO: Executing TransactionTrackerOperations.select_customer()
2018-11-22 12:10:44,085 INFO: Executing TransactionTrackerOperations.select_customer()
2018-11-22 12:10:56,360 INFO: Executing TransactionTrackerOperations.get_CM_parcels()
2018-11-22 12:11:00,995 INFO: NoSuchElementException in TransactionTrackerOperations.get_CM_parcels()
2018-11-22 12:11:07,938 INFO: NoSuchElementException in TransactionTrackerOperations.get_CM_parcels()
2018-11-22 12:11:13,518 INFO: NoSuchElementException in TransactionTrackerOperations.get_CM_parcels()
2018-11-22 12:11:19,651 INFO: NoSuchElementException in TransactionTrackerOperations.get_CM_parcels()
2018-11-22 12:11:23,993 INFO: NoSuchElementException in TransactionTrackerOperations.get_CM_parcels()
2018-11-22 12:11:31,606 INFO: Executing TransactionTrackerOperations.search_process_for_CMPDM() for: Performance Health|PRESBYTERIAN SENIOR LIVING DSSI|810
2018-11-22 12:11:32,296 INFO: Executing TransactionTrackerOperations.select_customer()
2018-11-22 12:11:39,658 INFO: Executing TransactionTrackerOperations.select_customer()
2018-11-22 12:11:51,786 INFO: Executing TransactionTrackerOperations.get_CM_parcels()
2018-11-22 12:11:55,234 INFO: NoSuchElementException in TransactionTrackerOperations.get_CM_parcels()
2018-11-22 12:12:00,711 INFO: NoSuchElementException in TransactionTrackerOperations.get_CM_parcels()
2018-11-22 12:12:04,444 INFO: NoSuchElementException in TransactionTrackerOperations.get_CM_parcels()
2018-11-22 12:12:12,263 INFO: Executing TransactionTrackerOperations.search_process_for_CMPDM() for: Performance Health|QUALITY LIFE SERVICES DSSI|810
2018-11-22 12:12:13,040 INFO: Executing TransactionTrackerOperations.select_customer()
2018-11-22 12:12:20,427 INFO: Executing TransactionTrackerOperations.select_customer()
2018-11-22 12:12:31,897 INFO: Executing TransactionTrackerOperations.get_CM_parcels()
2018-11-22 12:12:34,693 INFO: NoSuchElementException in TransactionTrackerOperations.get_CM_parcels()
2018-11-22 12:12:40,572 INFO: NoSuchElementException in TransactionTrackerOperations.get_CM_parcels()
2018-11-22 12:12:46,742 INFO: NoSuchElementException in TransactionTrackerOperations.get_CM_parcels()
2018-11-22 12:12:53,399 INFO: NoSuchElementException in TransactionTrackerOperations.get_CM_parcels()
2018-11-22 12:12:59,628 INFO: NoSuchElementException in TransactionTrackerOperations.get_CM_parcels()
2018-11-22 12:13:07,837 INFO: Executing TransactionTrackerOperations.search_process_for_CMPDM() for: Performance Health|Quest Healthcare Development DSSI|810
2018-11-22 12:13:08,549 INFO: Executing TransactionTrackerOperations.select_customer()
2018-11-22 12:13:15,968 INFO: Executing TransactionTrackerOperations.select_customer()
2018-11-22 12:13:28,034 INFO: Executing TransactionTrackerOperations.get_CM_parcels()
2018-11-22 12:13:34,422 INFO: Executing TransactionTrackerOperations.search_process_for_CMPDM() for: Performance Health|Regency Integrated Health Services DSSI|810
2018-11-22 12:13:35,176 INFO: Executing TransactionTrackerOperations.select_customer()
2018-11-22 12:13:42,197 INFO: Executing TransactionTrackerOperations.select_customer()
2018-11-22 12:13:54,834 INFO: Executing TransactionTrackerOperations.get_CM_parcels()
2018-11-22 12:14:01,475 INFO: Executing TransactionTrackerOperations.search_process_for_CMPDM() for: Performance Health|RENNES HEALTH DSSI|810
2018-11-22 12:14:01,493 INFO: Executing TransactionTrackerOperations.select_customer()
2018-11-22 12:14:08,692 INFO: Executing TransactionTrackerOperations.select_customer()
2018-11-22 12:14:21,000 INFO: Executing TransactionTrackerOperations.get_CM_parcels()
2018-11-22 12:14:24,549 INFO: NoSuchElementException in TransactionTrackerOperations.get_CM_parcels()
2018-11-22 12:14:30,624 INFO: NoSuchElementException in TransactionTrackerOperations.get_CM_parcels()
2018-11-22 12:14:35,880 INFO: NoSuchElementException in TransactionTrackerOperations.get_CM_parcels()
2018-11-22 12:14:41,834 INFO: NoSuchElementException in TransactionTrackerOperations.get_CM_parcels()
2018-11-22 12:14:44,476 INFO: NoSuchElementException in TransactionTrackerOperations.get_CM_parcels()
2018-11-22 12:14:53,359 INFO: Executing TransactionTrackerOperations.search_process_for_CMPDM() for: Performance Health|SABER HEALTHCARE DSSI|810
2018-11-22 12:14:53,378 INFO: Executing TransactionTrackerOperations.select_customer()
2018-11-22 12:15:00,700 INFO: Executing TransactionTrackerOperations.select_customer()
2018-11-22 12:15:12,335 INFO: Executing TransactionTrackerOperations.get_CM_parcels()
2018-11-22 12:15:18,592 INFO: Executing TransactionTrackerOperations.search_process_for_CMPDM() for: Performance Health|SPRENGER HEALTHCARE DSSI|810
2018-11-22 12:15:19,538 INFO: Executing TransactionTrackerOperations.select_customer()
2018-11-22 12:15:26,692 INFO: Executing TransactionTrackerOperations.select_customer()
2018-11-22 12:15:38,822 INFO: Executing TransactionTrackerOperations.get_CM_parcels()
2018-11-22 12:15:41,896 INFO: NoSuchElementException in TransactionTrackerOperations.get_CM_parcels()
2018-11-22 12:15:46,953 INFO: NoSuchElementException in TransactionTrackerOperations.get_CM_parcels()
2018-11-22 12:15:52,067 INFO: NoSuchElementException in TransactionTrackerOperations.get_CM_parcels()
2018-11-22 12:15:56,748 INFO: NoSuchElementException in TransactionTrackerOperations.get_CM_parcels()
2018-11-22 12:16:01,940 INFO: NoSuchElementException in TransactionTrackerOperations.get_CM_parcels()
2018-11-22 12:16:06,490 INFO: NoSuchElementException in TransactionTrackerOperations.get_CM_parcels()
2018-11-22 12:16:10,985 INFO: NoSuchElementException in TransactionTrackerOperations.get_CM_parcels()
2018-11-22 12:16:15,237 INFO: NoSuchElementException in TransactionTrackerOperations.get_CM_parcels()
2018-11-22 12:16:23,676 INFO: Executing TransactionTrackerOperations.search_process_for_CMPDM() for: Performance Health|SPRINGPOINT DSSI|810
2018-11-22 12:16:23,694 INFO: Executing TransactionTrackerOperations.select_customer()
2018-11-22 12:16:30,705 INFO: Executing TransactionTrackerOperations.select_customer()
2018-11-22 12:16:41,948 INFO: Executing TransactionTrackerOperations.get_CM_parcels()
2018-11-22 12:16:44,656 INFO: NoSuchElementException in TransactionTrackerOperations.get_CM_parcels()
2018-11-22 12:16:49,940 INFO: NoSuchElementException in TransactionTrackerOperations.get_CM_parcels()
2018-11-22 12:16:54,528 INFO: NoSuchElementException in TransactionTrackerOperations.get_CM_parcels()
2018-11-22 12:16:57,963 INFO: NoSuchElementException in TransactionTrackerOperations.get_CM_parcels()
2018-11-22 12:17:05,080 INFO: Executing TransactionTrackerOperations.search_process_for_CMPDM() for: Performance Health|STONERISE MEDICAL DSSI|810
2018-11-22 12:17:05,963 INFO: Executing TransactionTrackerOperations.select_customer()
2018-11-22 12:17:13,151 INFO: Executing TransactionTrackerOperations.select_customer()
2018-11-22 12:17:24,974 INFO: Executing TransactionTrackerOperations.get_CM_parcels()
2018-11-22 12:17:27,903 INFO: NoSuchElementException in TransactionTrackerOperations.get_CM_parcels()
2018-11-22 12:17:32,724 INFO: NoSuchElementException in TransactionTrackerOperations.get_CM_parcels()
2018-11-22 12:17:37,332 INFO: NoSuchElementException in TransactionTrackerOperations.get_CM_parcels()
2018-11-22 12:17:41,785 INFO: NoSuchElementException in TransactionTrackerOperations.get_CM_parcels()
2018-11-22 12:17:46,254 INFO: NoSuchElementException in TransactionTrackerOperations.get_CM_parcels()
2018-11-22 12:17:50,763 INFO: NoSuchElementException in TransactionTrackerOperations.get_CM_parcels()
2018-11-22 12:17:55,277 INFO: NoSuchElementException in TransactionTrackerOperations.get_CM_parcels()
2018-11-22 12:17:59,753 INFO: NoSuchElementException in TransactionTrackerOperations.get_CM_parcels()
2018-11-22 12:18:04,366 INFO: NoSuchElementException in TransactionTrackerOperations.get_CM_parcels()
2018-11-22 12:18:09,250 INFO: NoSuchElementException in TransactionTrackerOperations.get_CM_parcels()
2018-11-22 12:18:15,142 INFO: NoSuchElementException in TransactionTrackerOperations.get_CM_parcels()
2018-11-22 12:18:19,955 INFO: NoSuchElementException in TransactionTrackerOperations.get_CM_parcels()
2018-11-22 12:18:26,184 INFO: NoSuchElementException in TransactionTrackerOperations.get_CM_parcels()
2018-11-22 12:18:31,890 INFO: NoSuchElementException in TransactionTrackerOperations.get_CM_parcels()
2018-11-22 12:18:37,727 INFO: NoSuchElementException in TransactionTrackerOperations.get_CM_parcels()
2018-11-22 12:18:43,141 INFO: NoSuchElementException in TransactionTrackerOperations.get_CM_parcels()
2018-11-22 12:18:51,863 INFO: Executing TransactionTrackerOperations.search_process_for_CMPDM() for: Performance Health|TAMARAC ADMINISTRACTIVE SERVICES DSSI|810
2018-11-22 12:18:51,882 INFO: Executing TransactionTrackerOperations.select_customer()
2018-11-22 12:18:59,369 INFO: Executing TransactionTrackerOperations.select_customer()
2018-11-22 12:19:11,546 INFO: Executing TransactionTrackerOperations.get_CM_parcels()
2018-11-22 12:19:18,149 INFO: Executing TransactionTrackerOperations.search_process_for_CMPDM() for: Performance Health|TANDEM HEALTHCARE DSSI|810
2018-11-22 12:19:18,475 INFO: Executing TransactionTrackerOperations.select_customer()
2018-11-22 12:19:25,881 INFO: Executing TransactionTrackerOperations.select_customer()
2018-11-22 12:19:37,542 INFO: Executing TransactionTrackerOperations.get_CM_parcels()
2018-11-22 12:19:43,569 INFO: Executing TransactionTrackerOperations.search_process_for_CMPDM() for: Performance Health|TARA CARES LLC DSSI|810
2018-11-22 12:19:44,309 INFO: Executing TransactionTrackerOperations.select_customer()
2018-11-22 12:19:51,595 INFO: Executing TransactionTrackerOperations.select_customer()
2018-11-22 12:20:03,424 INFO: Executing TransactionTrackerOperations.get_CM_parcels()
2018-11-22 12:20:06,863 INFO: Executing TransactionTrackerOperations.search_process_for_CMPDM() for: Performance Health|TEALWOOD TWN DSSI|810
2018-11-22 12:20:07,653 INFO: Executing TransactionTrackerOperations.select_customer()
2018-11-22 12:20:14,848 INFO: Executing TransactionTrackerOperations.select_customer()
2018-11-22 12:20:26,627 INFO: Executing TransactionTrackerOperations.get_CM_parcels()
2018-11-22 12:20:29,871 INFO: NoSuchElementException in TransactionTrackerOperations.get_CM_parcels()
2018-11-22 12:20:35,725 INFO: NoSuchElementException in TransactionTrackerOperations.get_CM_parcels()
2018-11-22 12:20:40,317 INFO: NoSuchElementException in TransactionTrackerOperations.get_CM_parcels()
2018-11-22 12:20:45,293 INFO: NoSuchElementException in TransactionTrackerOperations.get_CM_parcels()
2018-11-22 12:20:50,351 INFO: NoSuchElementException in TransactionTrackerOperations.get_CM_parcels()
2018-11-22 12:20:55,313 INFO: NoSuchElementException in TransactionTrackerOperations.get_CM_parcels()
2018-11-22 12:20:59,724 INFO: NoSuchElementException in TransactionTrackerOperations.get_CM_parcels()
2018-11-22 12:21:04,457 INFO: NoSuchElementException in TransactionTrackerOperations.get_CM_parcels()
2018-11-22 12:21:08,904 INFO: NoSuchElementException in TransactionTrackerOperations.get_CM_parcels()
2018-11-22 12:21:17,297 INFO: Executing TransactionTrackerOperations.search_process_for_CMPDM() for: Performance Health|TRANS HEALTH CARE DSSI|810
2018-11-22 12:21:17,738 INFO: Executing TransactionTrackerOperations.select_customer()
2018-11-22 12:21:24,782 INFO: Executing TransactionTrackerOperations.select_customer()
2018-11-22 12:21:36,625 INFO: Executing TransactionTrackerOperations.get_CM_parcels()
2018-11-22 12:21:44,126 INFO: Executing TransactionTrackerOperations.search_process_for_CMPDM() for: Performance Health|UNITED MEDICAL DSSI|810
2018-11-22 12:21:44,152 INFO: Executing TransactionTrackerOperations.select_customer()
2018-11-22 12:21:51,440 INFO: Executing TransactionTrackerOperations.select_customer()
2018-11-22 12:22:03,293 INFO: Executing TransactionTrackerOperations.get_CM_parcels()
2018-11-22 12:22:09,352 INFO: Executing TransactionTrackerOperations.search_process_for_CMPDM() for: Performance Health|WILMAC DSSI|810
2018-11-22 12:22:10,121 INFO: Executing TransactionTrackerOperations.select_customer()
2018-11-22 12:22:17,471 INFO: Executing TransactionTrackerOperations.select_customer()
2018-11-22 12:22:29,466 INFO: Executing TransactionTrackerOperations.get_CM_parcels()
2018-11-22 12:22:33,911 INFO: NoSuchElementException in TransactionTrackerOperations.get_CM_parcels()
2018-11-22 12:22:39,606 INFO: NoSuchElementException in TransactionTrackerOperations.get_CM_parcels()
2018-11-22 12:22:44,442 INFO: NoSuchElementException in TransactionTrackerOperations.get_CM_parcels()
2018-11-22 12:22:51,968 INFO: Executing TransactionTrackerOperations.search_process_for_CMPDM() for: Performance Health|Senior Care Centers LLC|810
2018-11-22 12:22:52,083 INFO: Executing TransactionTrackerOperations.select_customer()
2018-11-22 12:22:59,644 INFO: Executing TransactionTrackerOperations.select_customer()
2018-11-22 12:23:12,067 INFO: Executing TransactionTrackerOperations.get_CM_parcels()
2018-11-22 12:23:19,277 INFO: Executing TransactionTrackerOperations.search_process_for_CMPDM() for: Performance Health|AMERICAN SENIOR COMMUNITIES DSSI|810
2018-11-22 12:23:19,298 INFO: Executing TransactionTrackerOperations.select_customer()
2018-11-22 12:23:26,622 INFO: Executing TransactionTrackerOperations.select_customer()
2018-11-22 12:23:38,870 INFO: Executing TransactionTrackerOperations.get_CM_parcels()
2018-11-22 12:23:45,374 INFO: Executing TransactionTrackerOperations.search_process_for_CMPDM() for: Performance Health|BaneCare Management DSSI|810
2018-11-22 12:23:45,497 INFO: Executing TransactionTrackerOperations.select_customer()
2018-11-22 12:23:52,786 INFO: Executing TransactionTrackerOperations.select_customer()
2018-11-22 12:24:05,160 INFO: Executing TransactionTrackerOperations.get_CM_parcels()
2018-11-22 12:24:11,468 INFO: Executing TransactionTrackerOperations.search_process_for_CMPDM() for: Performance Health|DSSI Southern Healthcare|810
2018-11-22 12:24:12,351 INFO: Executing TransactionTrackerOperations.select_customer()
2018-11-22 12:24:19,608 INFO: Executing TransactionTrackerOperations.select_customer()
2018-11-22 12:24:31,885 INFO: Executing TransactionTrackerOperations.get_CM_parcels()
2018-11-22 12:24:39,192 INFO: Executing TransactionTrackerOperations.search_process_for_CMPDM() for: Performance Health|DSSI Next Step Healthcare|810
2018-11-22 12:24:39,215 INFO: Executing TransactionTrackerOperations.select_customer()
2018-11-22 12:24:46,611 INFO: Executing TransactionTrackerOperations.select_customer()
2018-11-22 12:24:58,235 INFO: Executing TransactionTrackerOperations.get_CM_parcels()
2018-11-22 12:25:00,913 INFO: NoSuchElementException in TransactionTrackerOperations.get_CM_parcels()
2018-11-22 12:25:07,162 INFO: NoSuchElementException in TransactionTrackerOperations.get_CM_parcels()
2018-11-22 12:25:12,987 INFO: NoSuchElementException in TransactionTrackerOperations.get_CM_parcels()
2018-11-22 12:25:18,347 INFO: NoSuchElementException in TransactionTrackerOperations.get_CM_parcels()
2018-11-22 12:25:24,848 INFO: NoSuchElementException in TransactionTrackerOperations.get_CM_parcels()
2018-11-22 12:25:29,986 INFO: NoSuchElementException in TransactionTrackerOperations.get_CM_parcels()
2018-11-22 12:25:36,564 INFO: NoSuchElementException in TransactionTrackerOperations.get_CM_parcels()
2018-11-22 12:25:43,036 INFO: NoSuchElementException in TransactionTrackerOperations.get_CM_parcels()
2018-11-22 12:25:49,174 INFO: NoSuchElementException in TransactionTrackerOperations.get_CM_parcels()
2018-11-22 12:25:54,887 INFO: NoSuchElementException in TransactionTrackerOperations.get_CM_parcels()
2018-11-22 12:26:01,139 INFO: NoSuchElementException in TransactionTrackerOperations.get_CM_parcels()
2018-11-22 12:26:07,732 INFO: NoSuchElementException in TransactionTrackerOperations.get_CM_parcels()
2018-11-22 12:26:13,676 INFO: NoSuchElementException in TransactionTrackerOperations.get_CM_parcels()
2018-11-22 12:26:20,626 INFO: NoSuchElementException in TransactionTrackerOperations.get_CM_parcels()
2018-11-22 12:26:25,901 INFO: NoSuchElementException in TransactionTrackerOperations.get_CM_parcels()
2018-11-22 12:26:30,626 INFO: NoSuchElementException in TransactionTrackerOperations.get_CM_parcels()
2018-11-22 12:26:40,499 INFO: Executing TransactionTrackerOperations.search_process_for_CMPDM() for: Performance Health|Regency Pacific DSSI|810
2018-11-22 12:26:40,526 INFO: Executing TransactionTrackerOperations.select_customer()
2018-11-22 12:26:47,518 INFO: Executing TransactionTrackerOperations.select_customer()
2018-11-22 12:26:58,865 INFO: Executing TransactionTrackerOperations.get_CM_parcels()
2018-11-22 12:27:04,948 INFO: Executing TransactionTrackerOperations.search_process_for_CMPDM() for: Performance Health|ADVANTAGE HPSI DSSI|810
2018-11-22 12:27:05,672 INFO: Executing TransactionTrackerOperations.select_customer()
2018-11-22 12:27:12,848 INFO: Executing TransactionTrackerOperations.select_customer()
2018-11-22 12:27:24,398 INFO: Executing TransactionTrackerOperations.get_CM_parcels()
2018-11-22 12:27:27,171 INFO: NoSuchElementException in TransactionTrackerOperations.get_CM_parcels()
2018-11-22 12:27:31,778 INFO: NoSuchElementException in TransactionTrackerOperations.get_CM_parcels()
2018-11-22 12:27:35,479 INFO: NoSuchElementException in TransactionTrackerOperations.get_CM_parcels()
2018-11-22 12:27:42,895 INFO: Executing TransactionTrackerOperations.search_process_for_CMPDM() for: Performance Health|ADVANTAGE NAVIGATOR DSSI|810
2018-11-22 12:27:42,996 INFO: Executing TransactionTrackerOperations.select_customer()
2018-11-22 12:27:50,066 INFO: Executing TransactionTrackerOperations.select_customer()
2018-11-22 12:28:02,301 INFO: Executing TransactionTrackerOperations.get_CM_parcels()
2018-11-22 12:28:08,596 INFO: Executing TransactionTrackerOperations.search_process_for_CMPDM() for: Performance Health|American Health Companies|810
2018-11-22 12:28:09,300 INFO: Executing TransactionTrackerOperations.select_customer()
2018-11-22 12:28:16,544 INFO: Executing TransactionTrackerOperations.select_customer()
2018-11-22 12:28:28,223 INFO: Executing TransactionTrackerOperations.get_CM_parcels()
2018-11-22 12:28:34,590 INFO: Executing TransactionTrackerOperations.search_process_for_CMPDM() for: Performance Health|APEX|810
2018-11-22 12:28:35,424 INFO: Executing TransactionTrackerOperations.select_customer()
2018-11-22 12:28:42,777 INFO: Executing TransactionTrackerOperations.select_customer()
2018-11-22 12:28:54,378 INFO: Executing TransactionTrackerOperations.get_CM_parcels()
2018-11-22 12:29:00,646 INFO: Executing TransactionTrackerOperations.search_process_for_CMPDM() for: Performance Health|APEX HEALTHCARE FLORIDA DSSI|810
2018-11-22 12:29:01,396 INFO: Executing TransactionTrackerOperations.select_customer()
2018-11-22 12:29:08,832 INFO: Executing TransactionTrackerOperations.select_customer()
2018-11-22 12:29:20,327 INFO: Executing TransactionTrackerOperations.get_CM_parcels()
2018-11-22 12:29:25,225 INFO: NoSuchElementException in TransactionTrackerOperations.get_CM_parcels()
2018-11-22 12:29:31,385 INFO: NoSuchElementException in TransactionTrackerOperations.get_CM_parcels()
2018-11-22 12:29:36,371 INFO: NoSuchElementException in TransactionTrackerOperations.get_CM_parcels()
2018-11-22 12:29:42,407 INFO: NoSuchElementException in TransactionTrackerOperations.get_CM_parcels()
2018-11-22 12:29:47,442 INFO: NoSuchElementException in TransactionTrackerOperations.get_CM_parcels()
2018-11-22 12:29:52,403 INFO: NoSuchElementException in TransactionTrackerOperations.get_CM_parcels()
2018-11-22 12:29:57,074 INFO: NoSuchElementException in TransactionTrackerOperations.get_CM_parcels()
2018-11-22 12:30:01,603 INFO: NoSuchElementException in TransactionTrackerOperations.get_CM_parcels()
2018-11-22 12:30:06,323 INFO: NoSuchElementException in TransactionTrackerOperations.get_CM_parcels()
2018-11-22 12:30:10,980 INFO: NoSuchElementException in TransactionTrackerOperations.get_CM_parcels()
2018-11-22 12:30:15,712 INFO: NoSuchElementException in TransactionTrackerOperations.get_CM_parcels()
2018-11-22 12:30:18,276 INFO: NoSuchElementException in TransactionTrackerOperations.get_CM_parcels()
2018-11-22 12:30:26,237 INFO: Executing TransactionTrackerOperations.search_process_for_CMPDM() for: Performance Health|ATRIUM LIVING CENTERS DSSI|810
2018-11-22 12:30:26,450 INFO: Executing TransactionTrackerOperations.select_customer()
2018-11-22 12:30:33,670 INFO: Executing TransactionTrackerOperations.select_customer()
2018-11-22 12:30:45,447 INFO: Executing TransactionTrackerOperations.get_CM_parcels()
2018-11-22 12:30:48,347 INFO: NoSuchElementException in TransactionTrackerOperations.get_CM_parcels()
2018-11-22 12:30:53,159 INFO: NoSuchElementException in TransactionTrackerOperations.get_CM_parcels()
2018-11-22 12:30:58,411 INFO: NoSuchElementException in TransactionTrackerOperations.get_CM_parcels()
2018-11-22 12:31:04,183 INFO: NoSuchElementException in TransactionTrackerOperations.get_CM_parcels()
2018-11-22 12:31:10,497 INFO: NoSuchElementException in TransactionTrackerOperations.get_CM_parcels()
2018-11-22 12:31:16,104 INFO: NoSuchElementException in TransactionTrackerOperations.get_CM_parcels()
2018-11-22 12:31:21,121 INFO: NoSuchElementException in TransactionTrackerOperations.get_CM_parcels()
2018-11-22 12:31:26,144 INFO: NoSuchElementException in TransactionTrackerOperations.get_CM_parcels()
2018-11-22 12:31:31,479 INFO: NoSuchElementException in TransactionTrackerOperations.get_CM_parcels()
2018-11-22 12:31:36,171 INFO: NoSuchElementException in TransactionTrackerOperations.get_CM_parcels()
2018-11-22 12:31:46,639 INFO: Executing TransactionTrackerOperations.search_process_for_CMPDM() for: Performance Health|AXIOM DSSI|810
2018-11-22 12:31:46,656 INFO: Executing TransactionTrackerOperations.select_customer()
2018-11-22 12:31:54,076 INFO: Executing TransactionTrackerOperations.select_customer()
2018-11-22 12:32:05,933 INFO: Executing TransactionTrackerOperations.get_CM_parcels()
2018-11-22 12:32:09,407 INFO: NoSuchElementException in TransactionTrackerOperations.get_CM_parcels()
2018-11-22 12:32:17,179 INFO: Executing TransactionTrackerOperations.search_process_for_CMPDM() for: Performance Health|BE GROUP DSSI|810
2018-11-22 12:32:17,941 INFO: Executing TransactionTrackerOperations.select_customer()
2018-11-22 12:32:25,227 INFO: Executing TransactionTrackerOperations.select_customer()
2018-11-22 12:32:37,097 INFO: Executing TransactionTrackerOperations.get_CM_parcels()
2018-11-22 12:32:44,370 INFO: Executing TransactionTrackerOperations.search_process_for_CMPDM() for: Performance Health|BEACON HEALTH DSSI|810
2018-11-22 12:32:44,386 INFO: Executing TransactionTrackerOperations.select_customer()
2018-11-22 12:32:51,714 INFO: Executing TransactionTrackerOperations.select_customer()
2018-11-22 12:33:04,084 INFO: Executing TransactionTrackerOperations.get_CM_parcels()
2018-11-22 12:33:07,567 INFO: NoSuchElementException in TransactionTrackerOperations.get_CM_parcels()
2018-11-22 12:33:14,167 INFO: NoSuchElementException in TransactionTrackerOperations.get_CM_parcels()
2018-11-22 12:33:19,265 INFO: NoSuchElementException in TransactionTrackerOperations.get_CM_parcels()
2018-11-22 12:33:23,673 INFO: NoSuchElementException in TransactionTrackerOperations.get_CM_parcels()
2018-11-22 12:33:26,909 INFO: NoSuchElementException in TransactionTrackerOperations.get_CM_parcels()
2018-11-22 12:33:33,846 INFO: Executing TransactionTrackerOperations.search_process_for_CMPDM() for: Performance Health|BENEDICTINE DSSI|810
2018-11-22 12:33:34,647 INFO: Executing TransactionTrackerOperations.select_customer()
2018-11-22 12:33:42,056 INFO: Executing TransactionTrackerOperations.select_customer()
2018-11-22 12:33:54,023 INFO: Executing TransactionTrackerOperations.get_CM_parcels()
2018-11-22 12:34:01,290 INFO: Executing TransactionTrackerOperations.search_process_for_CMPDM() for: Performance Health|Bethlen Communities Home Health and Hospice|810
2018-11-22 12:34:01,309 INFO: Executing TransactionTrackerOperations.select_customer()
2018-11-22 12:34:08,352 INFO: Executing TransactionTrackerOperations.select_customer()
2018-11-22 12:34:20,470 INFO: Executing TransactionTrackerOperations.get_CM_parcels()
2018-11-22 12:34:24,227 INFO: NoSuchElementException in TransactionTrackerOperations.get_CM_parcels()
2018-11-22 12:34:24,312 ERROR: Error in CMProductionDataMonitoring.TaskFilter()
2018-11-22 12:34:29,030 INFO: Executing TransactionTrackerOperations.search_process_for_CMPDM() for: Performance Health|BOMBAY LANE DSSI|810
2018-11-22 12:34:29,101 INFO: Executing TransactionTrackerOperations.select_customer()
2018-11-22 12:34:36,382 INFO: Executing TransactionTrackerOperations.select_customer()
2018-11-22 12:34:48,563 INFO: Executing TransactionTrackerOperations.get_CM_parcels()
2018-11-22 12:34:51,831 INFO: NoSuchElementException in TransactionTrackerOperations.get_CM_parcels()
2018-11-22 12:34:58,527 INFO: NoSuchElementException in TransactionTrackerOperations.get_CM_parcels()
2018-11-22 12:35:04,675 INFO: NoSuchElementException in TransactionTrackerOperations.get_CM_parcels()
2018-11-22 12:35:11,125 INFO: NoSuchElementException in TransactionTrackerOperations.get_CM_parcels()
2018-11-22 12:35:13,951 INFO: NoSuchElementException in TransactionTrackerOperations.get_CM_parcels()
2018-11-22 12:35:22,202 INFO: Executing TransactionTrackerOperations.search_process_for_CMPDM() for: Performance Health|CARDON AND ASSOCIATES DSSI|810
2018-11-22 12:35:22,228 INFO: Executing TransactionTrackerOperations.select_customer()
2018-11-22 12:35:29,461 INFO: Executing TransactionTrackerOperations.select_customer()
2018-11-22 12:35:41,755 INFO: Executing TransactionTrackerOperations.get_CM_parcels()
2018-11-22 12:35:45,859 INFO: NoSuchElementException in TransactionTrackerOperations.get_CM_parcels()
2018-11-22 12:35:52,610 INFO: NoSuchElementException in TransactionTrackerOperations.get_CM_parcels()
2018-11-22 12:35:57,770 INFO: NoSuchElementException in TransactionTrackerOperations.get_CM_parcels()
2018-11-22 12:36:03,444 INFO: NoSuchElementException in TransactionTrackerOperations.get_CM_parcels()
2018-11-22 12:36:10,387 INFO: NoSuchElementException in TransactionTrackerOperations.get_CM_parcels()
2018-11-22 12:36:17,767 INFO: NoSuchElementException in TransactionTrackerOperations.get_CM_parcels()
2018-11-22 12:36:22,726 INFO: NoSuchElementException in TransactionTrackerOperations.get_CM_parcels()
2018-11-22 12:36:28,727 INFO: NoSuchElementException in TransactionTrackerOperations.get_CM_parcels()
2018-11-22 12:36:35,423 INFO: NoSuchElementException in TransactionTrackerOperations.get_CM_parcels()
2018-11-22 12:36:40,308 INFO: NoSuchElementException in TransactionTrackerOperations.get_CM_parcels()
2018-11-22 12:36:45,877 INFO: NoSuchElementException in TransactionTrackerOperations.get_CM_parcels()
2018-11-22 12:36:51,088 INFO: NoSuchElementException in TransactionTrackerOperations.get_CM_parcels()
2018-11-22 12:36:58,884 INFO: Executing TransactionTrackerOperations.search_process_for_CMPDM() for: Performance Health|CERES PURCHASING SOLUTIONS DSSI|810
2018-11-22 12:36:59,607 INFO: Executing TransactionTrackerOperations.select_customer()
2018-11-22 12:37:07,058 INFO: Executing TransactionTrackerOperations.select_customer()
2018-11-22 12:37:19,212 INFO: Executing TransactionTrackerOperations.get_CM_parcels()
2018-11-22 12:37:25,444 INFO: Executing TransactionTrackerOperations.search_process_for_CMPDM() for: Performance Health|Chosen Healthcare DSSI|810
2018-11-22 12:37:26,161 INFO: Executing TransactionTrackerOperations.select_customer()
2018-11-22 12:37:33,345 INFO: Executing TransactionTrackerOperations.select_customer()
2018-11-22 12:37:44,987 INFO: Executing TransactionTrackerOperations.get_CM_parcels()
2018-11-22 12:37:51,610 INFO: Executing TransactionTrackerOperations.search_process_for_CMPDM() for: Performance Health|CLEAR CHOICE DSSI|810
2018-11-22 12:37:51,635 INFO: Executing TransactionTrackerOperations.select_customer()
2018-11-22 12:37:58,891 INFO: Executing TransactionTrackerOperations.select_customer()
2018-11-22 12:38:10,475 INFO: Executing TransactionTrackerOperations.get_CM_parcels()
2018-11-22 12:38:13,317 INFO: NoSuchElementException in TransactionTrackerOperations.get_CM_parcels()
2018-11-22 12:38:18,294 INFO: NoSuchElementException in TransactionTrackerOperations.get_CM_parcels()
2018-11-22 12:38:22,617 INFO: NoSuchElementException in TransactionTrackerOperations.get_CM_parcels()
2018-11-22 12:38:27,389 INFO: NoSuchElementException in TransactionTrackerOperations.get_CM_parcels()
2018-11-22 12:38:32,440 INFO: NoSuchElementException in TransactionTrackerOperations.get_CM_parcels()
2018-11-22 12:38:37,094 INFO: NoSuchElementException in TransactionTrackerOperations.get_CM_parcels()
2018-11-22 12:38:41,915 INFO: NoSuchElementException in TransactionTrackerOperations.get_CM_parcels()
2018-11-22 12:38:44,920 INFO: NoSuchElementException in TransactionTrackerOperations.get_CM_parcels()
2018-11-22 12:38:52,099 INFO: Executing TransactionTrackerOperations.search_process_for_CMPDM() for: Performance Health|COMMUNICARE DSSI|810
2018-11-22 12:38:52,434 INFO: Executing TransactionTrackerOperations.select_customer()
2018-11-22 12:38:59,841 INFO: Executing TransactionTrackerOperations.select_customer()
2018-11-22 12:39:11,450 INFO: Executing TransactionTrackerOperations.get_CM_parcels()
2018-11-22 12:39:18,711 INFO: Executing TransactionTrackerOperations.search_process_for_CMPDM() for: Performance Health|COMPLETE HEALTHCARE DSSI|810
2018-11-22 12:39:18,727 INFO: Executing TransactionTrackerOperations.select_customer()
2018-11-22 12:39:26,132 INFO: Executing TransactionTrackerOperations.select_customer()
2018-11-22 12:39:38,484 INFO: Executing TransactionTrackerOperations.get_CM_parcels()
2018-11-22 12:39:40,803 INFO: NoSuchElementException in TransactionTrackerOperations.get_CM_parcels()
2018-11-22 12:39:45,620 INFO: NoSuchElementException in TransactionTrackerOperations.get_CM_parcels()
2018-11-22 12:39:50,849 INFO: NoSuchElementException in TransactionTrackerOperations.get_CM_parcels()
2018-11-22 12:39:56,724 INFO: NoSuchElementException in TransactionTrackerOperations.get_CM_parcels()
2018-11-22 12:40:01,016 INFO: NoSuchElementException in TransactionTrackerOperations.get_CM_parcels()
2018-11-22 12:40:06,869 INFO: NoSuchElementException in TransactionTrackerOperations.get_CM_parcels()
2018-11-22 12:40:11,587 INFO: NoSuchElementException in TransactionTrackerOperations.get_CM_parcels()
2018-11-22 12:40:16,164 INFO: NoSuchElementException in TransactionTrackerOperations.get_CM_parcels()
2018-11-22 12:40:21,206 INFO: NoSuchElementException in TransactionTrackerOperations.get_CM_parcels()
2018-11-22 12:40:25,942 INFO: NoSuchElementException in TransactionTrackerOperations.get_CM_parcels()
2018-11-22 12:40:30,917 INFO: NoSuchElementException in TransactionTrackerOperations.get_CM_parcels()
2018-11-22 12:40:39,363 INFO: Executing TransactionTrackerOperations.search_process_for_CMPDM() for: Performance Health|COVENANT DOVE DSSI|810
2018-11-22 12:40:40,096 INFO: Executing TransactionTrackerOperations.select_customer()
2018-11-22 12:40:47,541 INFO: Executing TransactionTrackerOperations.select_customer()
2018-11-22 12:40:59,324 INFO: Executing TransactionTrackerOperations.get_CM_parcels()
2018-11-22 12:41:01,969 INFO: NoSuchElementException in TransactionTrackerOperations.get_CM_parcels()
2018-11-22 12:41:07,380 INFO: NoSuchElementException in TransactionTrackerOperations.get_CM_parcels()
2018-11-22 12:41:12,414 INFO: NoSuchElementException in TransactionTrackerOperations.get_CM_parcels()
2018-11-22 12:41:16,664 INFO: NoSuchElementException in TransactionTrackerOperations.get_CM_parcels()
2018-11-22 12:41:21,946 INFO: NoSuchElementException in TransactionTrackerOperations.get_CM_parcels()
2018-11-22 12:41:27,954 INFO: NoSuchElementException in TransactionTrackerOperations.get_CM_parcels()
2018-11-22 12:41:33,120 INFO: NoSuchElementException in TransactionTrackerOperations.get_CM_parcels()
2018-11-22 12:41:37,785 INFO: NoSuchElementException in TransactionTrackerOperations.get_CM_parcels()
2018-11-22 12:41:42,411 INFO: NoSuchElementException in TransactionTrackerOperations.get_CM_parcels()
2018-11-22 12:41:47,340 INFO: NoSuchElementException in TransactionTrackerOperations.get_CM_parcels()
2018-11-22 12:41:52,664 INFO: NoSuchElementException in TransactionTrackerOperations.get_CM_parcels()
2018-11-22 12:41:57,388 INFO: NoSuchElementException in TransactionTrackerOperations.get_CM_parcels()
2018-11-22 12:42:02,178 INFO: NoSuchElementException in TransactionTrackerOperations.get_CM_parcels()
2018-11-22 12:42:06,668 INFO: NoSuchElementException in TransactionTrackerOperations.get_CM_parcels()
2018-11-22 12:42:11,379 INFO: NoSuchElementException in TransactionTrackerOperations.get_CM_parcels()
2018-11-22 12:42:15,711 INFO: NoSuchElementException in TransactionTrackerOperations.get_CM_parcels()
2018-11-22 12:42:20,753 ERROR: Error in CMProductionDataMonitoring.TaskFilter()
