2018-10-17 16:33:51,957 INFO: Executing Script Credit Memo Prodution Data Monitoring
2018-10-17 16:33:56,326 INFO: Login in to Launchpad
2018-10-17 16:34:10,016 INFO: Refreshing access_token
2018-10-17 16:34:13,902 INFO: Executing method 'search_process' from TransactionTrackerOperations
2018-10-17 16:34:18,041 INFO: Executing method 'select_customer' from TransactionTrackerOperations
2018-10-17 16:34:27,148 INFO: Executing method 'select_customer' from TransactionTrackerOperations
2018-10-17 16:35:01,772 INFO: Executing method 'search_process' from TransactionTrackerOperations
2018-10-17 16:35:03,796 INFO: Executing method 'select_customer' from TransactionTrackerOperations
2018-10-17 16:35:13,048 INFO: Executing method 'select_customer' from TransactionTrackerOperations
2018-10-17 16:35:35,937 INFO: Executing method 'search_process' from TransactionTrackerOperations
2018-10-17 16:35:37,957 INFO: Executing method 'select_customer' from TransactionTrackerOperations
2018-10-17 16:35:47,278 INFO: Executing method 'select_customer' from TransactionTrackerOperations
2018-10-17 16:36:21,429 INFO: Executing method 'search_process' from TransactionTrackerOperations
2018-10-17 16:36:23,469 INFO: Executing method 'select_customer' from TransactionTrackerOperations
2018-10-17 16:36:32,237 INFO: Executing method 'select_customer' from TransactionTrackerOperations
2018-10-17 16:37:07,603 INFO: Executing method 'search_process' from TransactionTrackerOperations
2018-10-17 16:37:09,630 INFO: Executing method 'select_customer' from TransactionTrackerOperations
2018-10-17 16:37:18,715 INFO: Executing method 'select_customer' from TransactionTrackerOperations
2018-10-17 16:38:16,361 INFO: Executing method 'search_process' from TransactionTrackerOperations
2018-10-17 16:38:18,373 INFO: Executing method 'select_customer' from TransactionTrackerOperations
2018-10-17 16:38:27,124 INFO: Executing method 'select_customer' from TransactionTrackerOperations
2018-10-17 16:38:49,378 INFO: Executing method 'search_process' from TransactionTrackerOperations
2018-10-17 16:38:51,391 INFO: Executing method 'select_customer' from TransactionTrackerOperations
2018-10-17 16:39:01,165 INFO: Executing method 'select_customer' from TransactionTrackerOperations
2018-10-17 16:40:04,232 INFO: Executing method 'search_process' from TransactionTrackerOperations
2018-10-17 16:40:06,259 INFO: Executing method 'select_customer' from TransactionTrackerOperations
2018-10-17 16:40:15,063 INFO: Executing method 'select_customer' from TransactionTrackerOperations
2018-10-17 16:40:36,933 INFO: Executing method 'search_process' from TransactionTrackerOperations
2018-10-17 16:40:38,959 INFO: Executing method 'select_customer' from TransactionTrackerOperations
2018-10-17 16:40:47,894 INFO: Executing method 'select_customer' from TransactionTrackerOperations
2018-10-17 16:41:08,891 INFO: Executing method 'search_process' from TransactionTrackerOperations
2018-10-17 16:41:10,914 INFO: Executing method 'select_customer' from TransactionTrackerOperations
2018-10-17 16:41:20,164 INFO: Executing method 'select_customer' from TransactionTrackerOperations
2018-10-17 16:42:10,661 INFO: Executing method 'search_process' from TransactionTrackerOperations
2018-10-17 16:42:12,688 INFO: Executing method 'select_customer' from TransactionTrackerOperations
2018-10-17 16:42:26,779 INFO: Executing method 'select_customer' from TransactionTrackerOperations
2018-10-17 16:47:25,685 INFO: Executing method 'search_process' from TransactionTrackerOperations
2018-10-17 16:47:27,859 INFO: Executing method 'select_customer' from TransactionTrackerOperations
2018-10-17 16:47:41,944 INFO: Executing method 'select_customer' from TransactionTrackerOperations
2018-10-17 16:48:25,393 INFO: Executing method 'search_process' from TransactionTrackerOperations
2018-10-17 16:48:27,417 INFO: Executing method 'select_customer' from TransactionTrackerOperations
2018-10-17 16:48:41,075 INFO: Executing method 'select_customer' from TransactionTrackerOperations
2018-10-17 16:49:17,776 INFO: Executing method 'search_process' from TransactionTrackerOperations
2018-10-17 16:49:19,795 INFO: Executing method 'select_customer' from TransactionTrackerOperations
2018-10-17 16:49:33,983 INFO: Executing method 'select_customer' from TransactionTrackerOperations
2018-10-17 17:01:10,946 INFO: Executing method 'search_process' from TransactionTrackerOperations
2018-10-17 17:01:12,960 INFO: Executing method 'select_customer' from TransactionTrackerOperations
2018-10-17 17:01:27,506 INFO: Executing method 'select_customer' from TransactionTrackerOperations
2018-10-17 17:02:05,077 INFO: Executing method 'search_process' from TransactionTrackerOperations
2018-10-17 17:02:07,093 INFO: Executing method 'select_customer' from TransactionTrackerOperations
2018-10-17 17:02:21,688 INFO: Executing method 'select_customer' from TransactionTrackerOperations
2018-10-17 17:04:36,959 INFO: Executing method 'search_process' from TransactionTrackerOperations
2018-10-17 17:04:38,978 INFO: Executing method 'select_customer' from TransactionTrackerOperations
2018-10-17 17:04:53,225 INFO: Executing method 'select_customer' from TransactionTrackerOperations
2018-10-17 17:05:38,856 INFO: Executing method 'search_process' from TransactionTrackerOperations
2018-10-17 17:05:40,878 INFO: Executing method 'select_customer' from TransactionTrackerOperations
2018-10-17 17:05:54,645 INFO: Executing method 'select_customer' from TransactionTrackerOperations
2018-10-17 17:06:46,470 INFO: Executing method 'search_process' from TransactionTrackerOperations
2018-10-17 17:06:48,485 INFO: Executing method 'select_customer' from TransactionTrackerOperations
2018-10-17 17:07:02,283 INFO: Executing method 'select_customer' from TransactionTrackerOperations
2018-10-17 17:09:31,853 INFO: Executing method 'search_process' from TransactionTrackerOperations
2018-10-17 17:09:33,871 INFO: Executing method 'select_customer' from TransactionTrackerOperations
2018-10-17 17:09:47,882 INFO: Executing method 'select_customer' from TransactionTrackerOperations
2018-10-17 17:11:57,358 INFO: Executing method 'search_process' from TransactionTrackerOperations
2018-10-17 17:11:59,384 INFO: Executing method 'select_customer' from TransactionTrackerOperations
2018-10-17 17:12:13,718 INFO: Executing method 'select_customer' from TransactionTrackerOperations
2018-10-17 17:12:51,581 INFO: Executing method 'search_process' from TransactionTrackerOperations
2018-10-17 17:12:53,616 INFO: Executing method 'select_customer' from TransactionTrackerOperations
2018-10-17 17:13:07,602 INFO: Executing method 'select_customer' from TransactionTrackerOperations
2018-10-17 17:14:46,198 INFO: Executing method 'search_process' from TransactionTrackerOperations
2018-10-17 17:14:48,214 INFO: Executing method 'select_customer' from TransactionTrackerOperations
2018-10-17 17:15:02,526 INFO: Executing method 'select_customer' from TransactionTrackerOperations
2018-10-17 17:17:19,076 INFO: Executing method 'search_process' from TransactionTrackerOperations
2018-10-17 17:17:21,092 INFO: Executing method 'select_customer' from TransactionTrackerOperations
2018-10-17 17:17:35,521 INFO: Executing method 'select_customer' from TransactionTrackerOperations
2018-10-17 17:18:18,973 INFO: Executing method 'search_process' from TransactionTrackerOperations
2018-10-17 17:18:20,991 INFO: Executing method 'select_customer' from TransactionTrackerOperations
2018-10-17 17:18:35,356 INFO: Executing method 'select_customer' from TransactionTrackerOperations
2018-10-17 17:21:19,296 INFO: Executing method 'search_process' from TransactionTrackerOperations
2018-10-17 17:21:21,320 INFO: Executing method 'select_customer' from TransactionTrackerOperations
2018-10-17 17:21:35,660 INFO: Executing method 'select_customer' from TransactionTrackerOperations
2018-10-17 17:28:30,575 INFO: Executing method 'search_process' from TransactionTrackerOperations
2018-10-17 17:28:32,591 INFO: Executing method 'select_customer' from TransactionTrackerOperations
2018-10-17 17:28:46,747 INFO: Executing method 'select_customer' from TransactionTrackerOperations
2018-10-17 17:29:58,737 INFO: Executing method 'search_process' from TransactionTrackerOperations
2018-10-17 17:30:00,752 INFO: Executing method 'select_customer' from TransactionTrackerOperations
2018-10-17 17:30:15,055 INFO: Executing method 'select_customer' from TransactionTrackerOperations
2018-10-17 17:59:43,633 INFO: Executing Script Credit Memo Prodution Data Monitoring
2018-10-17 17:59:48,573 INFO: Login in to Launchpad
2018-10-17 18:00:03,366 INFO: Refreshing access_token
2018-10-17 18:00:08,344 INFO: Executing method 'search_process' from TransactionTrackerOperations
2018-10-17 18:00:12,917 INFO: Executing method 'select_customer' from TransactionTrackerOperations
2018-10-17 18:00:21,978 INFO: Executing method 'select_customer' from TransactionTrackerOperations
2018-10-17 18:00:56,631 INFO: Executing method 'search_process' from TransactionTrackerOperations
2018-10-17 18:00:58,646 INFO: Executing method 'select_customer' from TransactionTrackerOperations
2018-10-17 18:01:08,029 INFO: Executing method 'select_customer' from TransactionTrackerOperations
2018-10-17 18:01:30,374 INFO: Executing method 'search_process' from TransactionTrackerOperations
2018-10-17 18:01:32,388 INFO: Executing method 'select_customer' from TransactionTrackerOperations
2018-10-17 18:01:41,732 INFO: Executing method 'select_customer' from TransactionTrackerOperations
2018-10-17 18:02:14,876 INFO: Executing method 'search_process' from TransactionTrackerOperations
2018-10-17 18:02:16,891 INFO: Executing method 'select_customer' from TransactionTrackerOperations
2018-10-17 18:02:26,315 INFO: Executing method 'select_customer' from TransactionTrackerOperations
2018-10-17 18:02:59,580 INFO: Executing method 'search_process' from TransactionTrackerOperations
2018-10-17 18:03:01,604 INFO: Executing method 'select_customer' from TransactionTrackerOperations
2018-10-17 18:03:10,762 INFO: Executing method 'select_customer' from TransactionTrackerOperations
2018-10-17 18:04:04,368 INFO: Executing method 'search_process' from TransactionTrackerOperations
2018-10-17 18:04:06,412 INFO: Executing method 'select_customer' from TransactionTrackerOperations
2018-10-17 18:04:15,728 INFO: Executing method 'select_customer' from TransactionTrackerOperations
2018-10-17 18:04:38,404 INFO: Executing method 'search_process' from TransactionTrackerOperations
2018-10-17 18:04:40,421 INFO: Executing method 'select_customer' from TransactionTrackerOperations
2018-10-17 18:04:49,299 INFO: Executing method 'select_customer' from TransactionTrackerOperations
2018-10-17 18:05:51,115 INFO: Executing method 'search_process' from TransactionTrackerOperations
2018-10-17 18:05:53,130 INFO: Executing method 'select_customer' from TransactionTrackerOperations
2018-10-17 18:06:02,298 INFO: Executing method 'select_customer' from TransactionTrackerOperations
2018-10-17 18:06:24,936 INFO: Executing method 'search_process' from TransactionTrackerOperations
2018-10-17 18:06:26,955 INFO: Executing method 'select_customer' from TransactionTrackerOperations
2018-10-17 18:06:36,123 INFO: Executing method 'select_customer' from TransactionTrackerOperations
2018-10-17 18:06:58,015 INFO: Executing method 'search_process' from TransactionTrackerOperations
2018-10-17 18:07:00,029 INFO: Executing method 'select_customer' from TransactionTrackerOperations
2018-10-17 18:07:09,155 INFO: Executing method 'select_customer' from TransactionTrackerOperations
2018-10-17 18:07:54,335 INFO: Executing method 'search_process' from TransactionTrackerOperations
2018-10-17 18:07:56,352 INFO: Executing method 'select_customer' from TransactionTrackerOperations
2018-10-17 18:08:05,473 INFO: Executing method 'select_customer' from TransactionTrackerOperations
2018-10-17 18:08:54,596 INFO: Executing method 'search_process' from TransactionTrackerOperations
2018-10-17 18:08:56,612 INFO: Executing method 'select_customer' from TransactionTrackerOperations
2018-10-17 18:09:05,639 INFO: Executing method 'select_customer' from TransactionTrackerOperations
2018-10-17 18:09:27,177 INFO: Executing method 'search_process' from TransactionTrackerOperations
2018-10-17 18:09:29,191 INFO: Executing method 'select_customer' from TransactionTrackerOperations
2018-10-17 18:09:38,186 INFO: Executing method 'select_customer' from TransactionTrackerOperations
2018-10-17 18:10:00,137 INFO: Executing method 'search_process' from TransactionTrackerOperations
2018-10-17 18:10:02,149 INFO: Executing method 'select_customer' from TransactionTrackerOperations
2018-10-17 18:10:10,858 INFO: Executing method 'select_customer' from TransactionTrackerOperations
2018-10-17 18:11:26,687 INFO: Executing method 'search_process' from TransactionTrackerOperations
2018-10-17 18:11:28,703 INFO: Executing method 'select_customer' from TransactionTrackerOperations
2018-10-17 18:11:37,327 INFO: Executing method 'select_customer' from TransactionTrackerOperations
2018-10-17 18:11:58,823 INFO: Executing method 'search_process' from TransactionTrackerOperations
2018-10-17 18:12:00,839 INFO: Executing method 'select_customer' from TransactionTrackerOperations
2018-10-17 18:12:09,497 INFO: Executing method 'select_customer' from TransactionTrackerOperations
2018-10-17 18:12:44,160 INFO: Executing method 'search_process' from TransactionTrackerOperations
2018-10-17 18:12:46,174 INFO: Executing method 'select_customer' from TransactionTrackerOperations
2018-10-17 18:12:55,011 INFO: Executing method 'select_customer' from TransactionTrackerOperations
2018-10-17 18:13:22,536 INFO: Executing method 'search_process' from TransactionTrackerOperations
2018-10-17 18:13:24,551 INFO: Executing method 'select_customer' from TransactionTrackerOperations
2018-10-17 18:13:33,194 INFO: Executing method 'select_customer' from TransactionTrackerOperations
2018-10-17 18:14:00,950 INFO: Executing method 'search_process' from TransactionTrackerOperations
2018-10-17 18:14:02,964 INFO: Executing method 'select_customer' from TransactionTrackerOperations
2018-10-17 18:14:11,666 INFO: Executing method 'select_customer' from TransactionTrackerOperations
2018-10-17 18:14:46,428 INFO: Executing method 'search_process' from TransactionTrackerOperations
2018-10-17 18:14:48,442 INFO: Executing method 'select_customer' from TransactionTrackerOperations
2018-10-17 18:14:57,163 INFO: Executing method 'select_customer' from TransactionTrackerOperations
2018-10-17 18:15:25,002 INFO: Executing method 'search_process' from TransactionTrackerOperations
2018-10-17 18:15:27,017 INFO: Executing method 'select_customer' from TransactionTrackerOperations
2018-10-17 18:15:35,596 INFO: Executing method 'select_customer' from TransactionTrackerOperations
2018-10-17 18:15:56,721 INFO: Executing method 'search_process' from TransactionTrackerOperations
2018-10-17 18:15:58,735 INFO: Executing method 'select_customer' from TransactionTrackerOperations
2018-10-17 18:16:07,350 INFO: Executing method 'select_customer' from TransactionTrackerOperations
2018-10-17 18:16:38,810 INFO: Executing method 'search_process' from TransactionTrackerOperations
2018-10-17 18:16:40,824 INFO: Executing method 'select_customer' from TransactionTrackerOperations
2018-10-17 18:16:49,450 INFO: Executing method 'select_customer' from TransactionTrackerOperations
2018-10-17 18:17:24,269 INFO: Executing method 'search_process' from TransactionTrackerOperations
2018-10-17 18:17:26,282 INFO: Executing method 'select_customer' from TransactionTrackerOperations
2018-10-17 18:17:34,920 INFO: Executing method 'select_customer' from TransactionTrackerOperations
2018-10-17 18:17:56,443 INFO: Executing method 'search_process' from TransactionTrackerOperations
2018-10-17 18:17:58,459 INFO: Executing method 'select_customer' from TransactionTrackerOperations
2018-10-17 18:18:07,153 INFO: Executing method 'select_customer' from TransactionTrackerOperations
2018-10-17 18:18:43,800 INFO: Executing method 'search_process' from TransactionTrackerOperations
2018-10-17 18:18:45,815 INFO: Executing method 'select_customer' from TransactionTrackerOperations
2018-10-17 18:18:54,907 INFO: Executing method 'select_customer' from TransactionTrackerOperations
2018-10-17 18:19:53,247 INFO: Executing method 'search_process' from TransactionTrackerOperations
2018-10-17 18:19:55,263 INFO: Executing method 'select_customer' from TransactionTrackerOperations
2018-10-17 18:20:03,977 INFO: Executing method 'select_customer' from TransactionTrackerOperations
2018-10-17 18:20:32,550 INFO: Executing method 'search_process' from TransactionTrackerOperations
2018-10-17 18:20:34,569 INFO: Executing method 'select_customer' from TransactionTrackerOperations
2018-10-17 18:20:43,180 INFO: Executing method 'select_customer' from TransactionTrackerOperations
2018-10-17 18:21:39,762 INFO: Executing method 'search_process' from TransactionTrackerOperations
2018-10-17 18:21:41,781 INFO: Executing method 'select_customer' from TransactionTrackerOperations
2018-10-17 18:21:50,495 INFO: Executing method 'select_customer' from TransactionTrackerOperations
2018-10-17 18:22:12,174 INFO: Executing method 'search_process' from TransactionTrackerOperations
2018-10-17 18:22:14,358 INFO: Executing method 'select_customer' from TransactionTrackerOperations
2018-10-17 18:22:22,967 INFO: Executing method 'select_customer' from TransactionTrackerOperations
2018-10-17 18:23:55,752 INFO: Executing method 'search_process' from TransactionTrackerOperations
2018-10-17 18:23:57,769 INFO: Executing method 'select_customer' from TransactionTrackerOperations
2018-10-17 18:24:06,519 INFO: Executing method 'select_customer' from TransactionTrackerOperations
2018-10-17 18:24:27,547 INFO: Executing method 'search_process' from TransactionTrackerOperations
2018-10-17 18:24:29,563 INFO: Executing method 'select_customer' from TransactionTrackerOperations
2018-10-17 18:24:38,403 INFO: Executing method 'select_customer' from TransactionTrackerOperations
2018-10-17 18:25:10,190 INFO: Executing method 'search_process' from TransactionTrackerOperations
2018-10-17 18:25:12,211 INFO: Executing method 'select_customer' from TransactionTrackerOperations
2018-10-17 18:25:20,867 INFO: Executing method 'select_customer' from TransactionTrackerOperations
2018-10-17 18:26:00,579 INFO: Executing method 'search_process' from TransactionTrackerOperations
2018-10-17 18:26:02,594 INFO: Executing method 'select_customer' from TransactionTrackerOperations
2018-10-17 18:26:11,402 INFO: Executing method 'select_customer' from TransactionTrackerOperations
2018-10-17 18:26:50,479 INFO: Executing method 'search_process' from TransactionTrackerOperations
2018-10-17 18:26:52,495 INFO: Executing method 'select_customer' from TransactionTrackerOperations
2018-10-17 18:27:01,191 INFO: Executing method 'select_customer' from TransactionTrackerOperations
2018-10-17 18:27:32,994 INFO: Executing method 'search_process' from TransactionTrackerOperations
2018-10-17 18:27:35,009 INFO: Executing method 'select_customer' from TransactionTrackerOperations
2018-10-17 18:27:43,707 INFO: Executing method 'select_customer' from TransactionTrackerOperations
2018-10-17 18:28:44,593 INFO: Executing method 'search_process' from TransactionTrackerOperations
2018-10-17 18:28:46,614 INFO: Executing method 'select_customer' from TransactionTrackerOperations
2018-10-17 18:28:55,544 INFO: Executing method 'select_customer' from TransactionTrackerOperations
2018-10-17 18:30:08,427 INFO: Executing method 'search_process' from TransactionTrackerOperations
2018-10-17 18:30:10,453 INFO: Executing method 'select_customer' from TransactionTrackerOperations
2018-10-17 18:30:19,314 INFO: Executing method 'select_customer' from TransactionTrackerOperations
2018-10-17 18:30:52,187 INFO: Executing method 'search_process' from TransactionTrackerOperations
2018-10-17 18:30:54,205 INFO: Executing method 'select_customer' from TransactionTrackerOperations
2018-10-17 18:31:03,213 INFO: Executing method 'select_customer' from TransactionTrackerOperations
2018-10-17 18:31:37,538 INFO: Executing method 'search_process' from TransactionTrackerOperations
2018-10-17 18:31:39,554 INFO: Executing method 'select_customer' from TransactionTrackerOperations
2018-10-17 18:31:48,386 INFO: Executing method 'select_customer' from TransactionTrackerOperations
2018-10-17 18:32:10,712 INFO: Executing method 'search_process' from TransactionTrackerOperations
2018-10-17 18:32:12,724 INFO: Executing method 'select_customer' from TransactionTrackerOperations
2018-10-17 18:32:21,716 INFO: Executing method 'select_customer' from TransactionTrackerOperations
2018-10-17 18:33:37,482 INFO: Executing method 'search_process' from TransactionTrackerOperations
2018-10-17 18:33:39,498 INFO: Executing method 'select_customer' from TransactionTrackerOperations
2018-10-17 18:33:48,406 INFO: Executing method 'select_customer' from TransactionTrackerOperations
2018-10-17 18:34:26,434 INFO: Executing method 'search_process' from TransactionTrackerOperations
2018-10-17 18:34:28,448 INFO: Executing method 'select_customer' from TransactionTrackerOperations
2018-10-17 18:34:37,540 INFO: Executing method 'select_customer' from TransactionTrackerOperations
2018-10-17 18:35:12,234 INFO: Executing method 'search_process' from TransactionTrackerOperations
2018-10-17 18:35:14,257 INFO: Executing method 'select_customer' from TransactionTrackerOperations
2018-10-17 18:35:23,555 INFO: Executing method 'select_customer' from TransactionTrackerOperations
2018-10-17 18:36:00,065 INFO: Executing method 'search_process' from TransactionTrackerOperations
2018-10-17 18:36:02,081 INFO: Executing method 'select_customer' from TransactionTrackerOperations
2018-10-17 18:36:11,474 INFO: Executing method 'select_customer' from TransactionTrackerOperations
2018-10-17 18:36:33,421 INFO: Executing method 'search_process' from TransactionTrackerOperations
2018-10-17 18:36:35,437 INFO: Executing method 'select_customer' from TransactionTrackerOperations
2018-10-17 18:36:44,577 INFO: Executing method 'select_customer' from TransactionTrackerOperations
2018-10-17 18:37:41,314 INFO: Executing method 'search_process' from TransactionTrackerOperations
2018-10-17 18:37:43,338 INFO: Executing method 'select_customer' from TransactionTrackerOperations
2018-10-17 18:37:52,466 INFO: Executing method 'select_customer' from TransactionTrackerOperations
2018-10-17 18:38:29,570 INFO: Executing method 'search_process' from TransactionTrackerOperations
2018-10-17 18:38:31,594 INFO: Executing method 'select_customer' from TransactionTrackerOperations
2018-10-17 18:38:40,764 INFO: Executing method 'select_customer' from TransactionTrackerOperations
2018-10-17 18:40:51,510 INFO: Executing method 'search_process' from TransactionTrackerOperations
2018-10-17 18:40:53,526 INFO: Executing method 'select_customer' from TransactionTrackerOperations
2018-10-17 18:41:02,520 INFO: Executing method 'select_customer' from TransactionTrackerOperations
2018-10-17 18:41:40,322 INFO: Executing method 'search_process' from TransactionTrackerOperations
2018-10-17 18:41:42,405 INFO: Executing method 'select_customer' from TransactionTrackerOperations
2018-10-17 18:41:51,535 INFO: Executing method 'select_customer' from TransactionTrackerOperations
2018-10-17 18:42:28,604 INFO: Executing method 'search_process' from TransactionTrackerOperations
2018-10-17 18:42:30,618 INFO: Executing method 'select_customer' from TransactionTrackerOperations
2018-10-17 18:42:39,639 INFO: Executing method 'select_customer' from TransactionTrackerOperations
2018-10-17 18:43:37,570 INFO: Executing method 'search_process' from TransactionTrackerOperations
2018-10-17 18:43:39,596 INFO: Executing method 'select_customer' from TransactionTrackerOperations
2018-10-17 18:43:48,792 INFO: Executing method 'select_customer' from TransactionTrackerOperations
2018-10-17 18:44:11,403 INFO: Executing method 'search_process' from TransactionTrackerOperations
2018-10-17 18:44:13,416 INFO: Executing method 'select_customer' from TransactionTrackerOperations
2018-10-17 18:44:22,472 INFO: Executing method 'select_customer' from TransactionTrackerOperations
2018-10-17 18:44:44,539 INFO: Executing method 'search_process' from TransactionTrackerOperations
2018-10-17 18:44:46,563 INFO: Executing method 'select_customer' from TransactionTrackerOperations
2018-10-17 18:44:55,657 INFO: Executing method 'select_customer' from TransactionTrackerOperations
2018-10-17 18:46:05,956 INFO: Executing method 'search_process' from TransactionTrackerOperations
2018-10-17 18:46:07,973 INFO: Executing method 'select_customer' from TransactionTrackerOperations
2018-10-17 18:46:17,007 INFO: Executing method 'select_customer' from TransactionTrackerOperations
2018-10-17 18:47:02,273 INFO: Executing method 'search_process' from TransactionTrackerOperations
2018-10-17 18:47:04,306 INFO: Executing method 'select_customer' from TransactionTrackerOperations
2018-10-17 18:47:13,146 INFO: Executing method 'select_customer' from TransactionTrackerOperations
2018-10-17 18:49:07,134 INFO: Executing method 'search_process' from TransactionTrackerOperations
2018-10-17 18:49:09,149 INFO: Executing method 'select_customer' from TransactionTrackerOperations
2018-10-17 18:49:18,010 INFO: Executing method 'select_customer' from TransactionTrackerOperations
2018-10-17 18:52:19,373 INFO: Executing method 'search_process' from TransactionTrackerOperations
2018-10-17 18:52:21,399 INFO: Executing method 'select_customer' from TransactionTrackerOperations
2018-10-17 18:52:30,371 INFO: Executing method 'select_customer' from TransactionTrackerOperations
2018-10-17 18:53:02,510 INFO: Executing method 'search_process' from TransactionTrackerOperations
2018-10-17 18:53:04,526 INFO: Executing method 'select_customer' from TransactionTrackerOperations
2018-10-17 18:53:13,299 INFO: Executing method 'select_customer' from TransactionTrackerOperations
2018-10-17 18:54:48,395 INFO: Executing method 'search_process' from TransactionTrackerOperations
2018-10-17 18:54:50,413 INFO: Executing method 'select_customer' from TransactionTrackerOperations
2018-10-17 18:54:59,405 INFO: Executing method 'select_customer' from TransactionTrackerOperations
2018-10-17 18:57:24,160 INFO: Executing method 'search_process' from TransactionTrackerOperations
2018-10-17 18:57:26,176 INFO: Executing method 'select_customer' from TransactionTrackerOperations
2018-10-17 18:57:35,165 INFO: Executing method 'select_customer' from TransactionTrackerOperations
2018-10-17 18:57:56,703 INFO: Executing method 'search_process' from TransactionTrackerOperations
2018-10-17 18:57:58,722 INFO: Executing method 'select_customer' from TransactionTrackerOperations
2018-10-17 18:58:07,645 INFO: Executing method 'select_customer' from TransactionTrackerOperations
2018-10-17 18:59:22,067 INFO: Executing method 'search_process' from TransactionTrackerOperations
2018-10-17 18:59:24,084 INFO: Executing method 'select_customer' from TransactionTrackerOperations
2018-10-17 18:59:33,137 INFO: Executing method 'select_customer' from TransactionTrackerOperations
2018-10-17 19:08:21,542 INFO: Executing Script Credit Memo Prodution Data Monitoring
2018-10-17 19:08:25,544 INFO: Login in to Launchpad
2018-10-17 19:08:40,120 INFO: Refreshing access_token
2018-10-17 19:08:44,685 INFO: Executing method 'search_process' from TransactionTrackerOperations
2018-10-17 19:08:46,702 INFO: Executing method 'select_customer' from TransactionTrackerOperations
2018-10-17 19:08:55,674 INFO: Executing method 'select_customer' from TransactionTrackerOperations
2018-10-17 19:13:45,033 INFO: Executing Script Credit Memo Prodution Data Monitoring
2018-10-17 19:13:49,729 INFO: Login in to Launchpad
2018-10-17 19:14:03,443 INFO: Refreshing access_token
2018-10-17 19:14:08,716 INFO: Executing method 'search_process' from TransactionTrackerOperations
2018-10-17 19:14:11,028 INFO: Executing method 'select_customer' from TransactionTrackerOperations
2018-10-17 19:14:19,647 INFO: Executing method 'select_customer' from TransactionTrackerOperations
2018-10-17 19:15:47,513 INFO: Executing Script Credit Memo Prodution Data Monitoring
2018-10-17 19:15:52,204 INFO: Login in to Launchpad
2018-10-17 19:16:09,471 INFO: Refreshing access_token
2018-10-17 19:16:12,947 INFO: Executing method 'search_process' from TransactionTrackerOperations
2018-10-17 19:16:15,000 INFO: Executing method 'select_customer' from TransactionTrackerOperations
2018-10-17 19:16:23,784 INFO: Executing method 'select_customer' from TransactionTrackerOperations
2018-10-17 19:16:56,936 INFO: Executing method 'search_process' from TransactionTrackerOperations
2018-10-17 19:16:58,954 INFO: Executing method 'select_customer' from TransactionTrackerOperations
2018-10-17 19:17:07,889 INFO: Executing method 'select_customer' from TransactionTrackerOperations
2018-10-17 19:17:29,937 INFO: Executing method 'search_process' from TransactionTrackerOperations
2018-10-17 19:17:31,951 INFO: Executing method 'select_customer' from TransactionTrackerOperations
2018-10-17 19:17:40,673 INFO: Executing method 'select_customer' from TransactionTrackerOperations
2018-10-17 19:18:15,166 INFO: Executing method 'search_process' from TransactionTrackerOperations
2018-10-17 19:18:17,284 INFO: Executing method 'select_customer' from TransactionTrackerOperations
2018-10-17 19:18:27,809 INFO: Executing method 'select_customer' from TransactionTrackerOperations
2018-10-17 19:19:07,927 INFO: Executing method 'search_process' from TransactionTrackerOperations
2018-10-17 19:19:09,945 INFO: Executing method 'select_customer' from TransactionTrackerOperations
2018-10-17 19:19:18,807 INFO: Executing method 'select_customer' from TransactionTrackerOperations
2018-10-17 19:20:07,796 INFO: Executing method 'search_process' from TransactionTrackerOperations
2018-10-17 19:20:09,811 INFO: Executing method 'select_customer' from TransactionTrackerOperations
2018-10-17 19:20:18,428 INFO: Executing method 'select_customer' from TransactionTrackerOperations
2018-10-17 19:20:40,179 INFO: Executing method 'search_process' from TransactionTrackerOperations
2018-10-17 19:20:42,195 INFO: Executing method 'select_customer' from TransactionTrackerOperations
2018-10-17 19:20:50,827 INFO: Executing method 'select_customer' from TransactionTrackerOperations
2018-10-17 19:21:45,242 INFO: Executing method 'search_process' from TransactionTrackerOperations
2018-10-17 19:21:47,257 INFO: Executing method 'select_customer' from TransactionTrackerOperations
2018-10-17 19:21:55,946 INFO: Executing method 'select_customer' from TransactionTrackerOperations
2018-10-17 19:22:18,045 INFO: Executing method 'search_process' from TransactionTrackerOperations
2018-10-17 19:22:20,061 INFO: Executing method 'select_customer' from TransactionTrackerOperations
2018-10-17 19:22:28,717 INFO: Executing method 'select_customer' from TransactionTrackerOperations
2018-10-17 19:22:50,052 INFO: Executing method 'search_process' from TransactionTrackerOperations
2018-10-17 19:22:52,067 INFO: Executing method 'select_customer' from TransactionTrackerOperations
2018-10-17 19:23:00,697 INFO: Executing method 'select_customer' from TransactionTrackerOperations
2018-10-17 19:23:43,234 INFO: Executing method 'search_process' from TransactionTrackerOperations
2018-10-17 19:23:45,250 INFO: Executing method 'select_customer' from TransactionTrackerOperations
2018-10-17 19:23:53,936 INFO: Executing method 'select_customer' from TransactionTrackerOperations
2018-10-17 19:26:42,175 INFO: Executing Script Credit Memo Prodution Data Monitoring
2018-10-17 19:26:45,913 INFO: Login in to Launchpad
2018-10-17 19:27:01,477 INFO: Refreshing access_token
2018-10-17 19:27:04,933 INFO: Executing method 'search_process' from TransactionTrackerOperations
2018-10-17 19:27:06,949 INFO: Executing method 'select_customer' from TransactionTrackerOperations
2018-10-17 19:27:15,585 INFO: Executing method 'select_customer' from TransactionTrackerOperations
2018-10-17 19:27:46,880 INFO: Executing method 'search_process' from TransactionTrackerOperations
2018-10-17 19:27:48,894 INFO: Executing method 'select_customer' from TransactionTrackerOperations
2018-10-17 19:27:57,552 INFO: Executing method 'select_customer' from TransactionTrackerOperations
2018-10-17 19:28:18,701 INFO: Executing method 'search_process' from TransactionTrackerOperations
2018-10-17 19:28:20,715 INFO: Executing method 'select_customer' from TransactionTrackerOperations
2018-10-17 19:28:29,370 INFO: Executing method 'select_customer' from TransactionTrackerOperations
2018-10-17 19:29:01,104 INFO: Executing method 'search_process' from TransactionTrackerOperations
2018-10-17 19:29:03,118 INFO: Executing method 'select_customer' from TransactionTrackerOperations
2018-10-17 19:29:11,789 INFO: Executing method 'select_customer' from TransactionTrackerOperations
2018-10-17 19:29:43,176 INFO: Executing method 'search_process' from TransactionTrackerOperations
2018-10-17 19:29:45,190 INFO: Executing method 'select_customer' from TransactionTrackerOperations
2018-10-17 19:29:53,855 INFO: Executing method 'select_customer' from TransactionTrackerOperations
2018-10-17 19:30:41,879 INFO: Executing method 'search_process' from TransactionTrackerOperations
2018-10-17 19:30:43,894 INFO: Executing method 'select_customer' from TransactionTrackerOperations
2018-10-17 19:30:52,510 INFO: Executing method 'select_customer' from TransactionTrackerOperations
2018-10-17 19:31:13,707 INFO: Executing method 'search_process' from TransactionTrackerOperations
2018-10-17 19:31:15,721 INFO: Executing method 'select_customer' from TransactionTrackerOperations
2018-10-17 19:31:24,465 INFO: Executing method 'select_customer' from TransactionTrackerOperations
2018-10-17 19:32:20,971 INFO: Executing method 'search_process' from TransactionTrackerOperations
2018-10-17 19:32:22,985 INFO: Executing method 'select_customer' from TransactionTrackerOperations
2018-10-17 19:32:31,663 INFO: Executing method 'select_customer' from TransactionTrackerOperations
2018-10-17 19:32:53,667 INFO: Executing method 'search_process' from TransactionTrackerOperations
2018-10-17 19:32:55,682 INFO: Executing method 'select_customer' from TransactionTrackerOperations
2018-10-17 19:33:04,364 INFO: Executing method 'select_customer' from TransactionTrackerOperations
2018-10-17 19:33:25,426 INFO: Executing method 'search_process' from TransactionTrackerOperations
2018-10-17 19:33:27,453 INFO: Executing method 'select_customer' from TransactionTrackerOperations
2018-10-17 19:33:36,148 INFO: Executing method 'select_customer' from TransactionTrackerOperations
2018-10-17 19:34:33,083 INFO: Executing method 'search_process' from TransactionTrackerOperations
2018-10-17 19:34:35,103 INFO: Executing method 'select_customer' from TransactionTrackerOperations
2018-10-17 19:34:43,788 INFO: Executing method 'select_customer' from TransactionTrackerOperations
2018-10-17 19:35:32,656 INFO: Executing method 'search_process' from TransactionTrackerOperations
2018-10-17 19:35:34,672 INFO: Executing method 'select_customer' from TransactionTrackerOperations
2018-10-17 19:35:43,374 INFO: Executing method 'select_customer' from TransactionTrackerOperations
2018-10-17 19:36:05,346 INFO: Executing method 'search_process' from TransactionTrackerOperations
2018-10-17 19:36:07,360 INFO: Executing method 'select_customer' from TransactionTrackerOperations
2018-10-17 19:36:16,008 INFO: Executing method 'select_customer' from TransactionTrackerOperations
2018-10-17 19:36:37,135 INFO: Executing method 'search_process' from TransactionTrackerOperations
2018-10-17 19:36:39,150 INFO: Executing method 'select_customer' from TransactionTrackerOperations
2018-10-17 19:36:47,807 INFO: Executing method 'select_customer' from TransactionTrackerOperations
