2018-10-26 13:58:10,411 INFO: Executing Script Credit Memo Prodution Data Monitoring
2018-10-26 13:58:15,851 INFO: Login in to Launchpad
2018-10-26 13:58:29,541 INFO: Refreshing access_token
2018-10-26 13:58:34,362 INFO: Executing method 'search_process' from TransactionTrackerOperations
2018-10-26 13:58:36,378 INFO: Executing method 'select_customer' from TransactionTrackerOperations
2018-10-26 13:58:45,080 INFO: Executing method 'select_customer' from TransactionTrackerOperations
2018-10-26 13:59:16,192 INFO: Executing method 'search_process' from TransactionTrackerOperations
2018-10-26 13:59:18,204 INFO: Executing method 'select_customer' from TransactionTrackerOperations
2018-10-26 13:59:26,830 INFO: Executing method 'select_customer' from TransactionTrackerOperations
2018-10-26 13:59:48,099 INFO: Executing method 'search_process' from TransactionTrackerOperations
2018-10-26 13:59:50,115 INFO: Executing method 'select_customer' from TransactionTrackerOperations
2018-10-26 13:59:58,865 INFO: Executing method 'select_customer' from TransactionTrackerOperations
2018-10-26 14:00:29,693 INFO: Executing method 'search_process' from TransactionTrackerOperations
2018-10-26 14:00:31,711 INFO: Executing method 'select_customer' from TransactionTrackerOperations
2018-10-26 14:00:40,398 INFO: Executing method 'select_customer' from TransactionTrackerOperations
2018-10-26 14:01:11,347 INFO: Executing method 'search_process' from TransactionTrackerOperations
2018-10-26 14:01:13,360 INFO: Executing method 'select_customer' from TransactionTrackerOperations
2018-10-26 14:01:22,081 INFO: Executing method 'select_customer' from TransactionTrackerOperations
2018-10-26 14:34:36,175 INFO: Executing Script Credit Memo Prodution Data Monitoring
2018-10-26 14:34:39,944 INFO: Login in to Launchpad
2018-10-26 14:34:54,111 INFO: Refreshing access_token
2018-10-26 14:34:57,758 INFO: Executing method 'search_process' from TransactionTrackerOperations
2018-10-26 14:34:59,882 INFO: Executing method 'select_customer' from TransactionTrackerOperations
2018-10-26 14:35:08,910 INFO: Executing method 'select_customer' from TransactionTrackerOperations
2018-10-26 14:35:42,851 INFO: Executing method 'search_process' from TransactionTrackerOperations
2018-10-26 14:35:44,866 INFO: Executing method 'select_customer' from TransactionTrackerOperations
2018-10-26 14:35:53,963 INFO: Executing method 'select_customer' from TransactionTrackerOperations
2018-10-26 14:36:16,585 INFO: Executing method 'search_process' from TransactionTrackerOperations
2018-10-26 14:36:18,598 INFO: Executing method 'select_customer' from TransactionTrackerOperations
2018-10-26 14:36:27,831 INFO: Executing method 'select_customer' from TransactionTrackerOperations
2018-10-26 14:37:01,460 INFO: Executing method 'search_process' from TransactionTrackerOperations
2018-10-26 14:37:03,476 INFO: Executing method 'select_customer' from TransactionTrackerOperations
2018-10-26 14:37:12,602 INFO: Executing method 'select_customer' from TransactionTrackerOperations
2018-10-26 14:37:46,674 INFO: Executing method 'search_process' from TransactionTrackerOperations
2018-10-26 14:37:48,691 INFO: Executing method 'select_customer' from TransactionTrackerOperations
2018-10-26 14:37:57,257 INFO: Executing method 'select_customer' from TransactionTrackerOperations
2018-10-26 14:39:55,051 INFO: Executing Script Credit Memo Prodution Data Monitoring
2018-10-26 14:39:58,740 INFO: Login in to Launchpad
2018-10-26 14:40:14,074 INFO: Refreshing access_token
2018-10-26 14:40:17,651 INFO: Executing method 'search_process' from TransactionTrackerOperations
2018-10-26 14:40:19,673 INFO: Executing method 'select_customer' from TransactionTrackerOperations
2018-10-26 14:40:28,806 INFO: Executing method 'select_customer' from TransactionTrackerOperations
2018-10-26 14:41:00,782 INFO: Executing method 'search_process' from TransactionTrackerOperations
2018-10-26 14:41:02,795 INFO: Executing method 'select_customer' from TransactionTrackerOperations
2018-10-26 14:41:11,648 INFO: Executing method 'select_customer' from TransactionTrackerOperations
2018-10-26 14:41:34,480 INFO: Executing method 'search_process' from TransactionTrackerOperations
2018-10-26 14:41:36,494 INFO: Executing method 'select_customer' from TransactionTrackerOperations
2018-10-26 14:41:45,843 INFO: Executing method 'select_customer' from TransactionTrackerOperations
2018-10-26 15:00:12,259 INFO: Executing Script Credit Memo Prodution Data Monitoring
2018-10-26 15:00:16,111 INFO: Login in to Launchpad
2018-10-26 15:00:29,557 INFO: Refreshing access_token
2018-10-26 15:00:33,433 INFO: Executing method 'search_process' from TransactionTrackerOperations
2018-10-26 15:00:35,592 INFO: Executing method 'select_customer' from TransactionTrackerOperations
2018-10-26 15:00:44,530 INFO: Executing method 'select_customer' from TransactionTrackerOperations
2018-10-26 15:01:17,683 INFO: Executing method 'search_process' from TransactionTrackerOperations
2018-10-26 15:01:19,697 INFO: Executing method 'select_customer' from TransactionTrackerOperations
2018-10-26 15:01:28,781 INFO: Executing method 'select_customer' from TransactionTrackerOperations
2018-10-26 15:01:51,762 INFO: Executing method 'search_process' from TransactionTrackerOperations
2018-10-26 15:01:53,774 INFO: Executing method 'select_customer' from TransactionTrackerOperations
2018-10-26 15:02:03,284 INFO: Executing method 'select_customer' from TransactionTrackerOperations
2018-10-26 15:20:47,504 INFO: Executing Script Credit Memo Prodution Data Monitoring
2018-10-26 15:20:51,237 INFO: Login in to Launchpad
2018-10-26 15:21:03,546 INFO: Refreshing access_token
2018-10-26 15:21:07,051 INFO: Executing method 'search_process' from TransactionTrackerOperations
2018-10-26 15:21:09,072 INFO: Executing method 'select_customer' from TransactionTrackerOperations
2018-10-26 15:21:18,223 INFO: Executing method 'select_customer' from TransactionTrackerOperations
2018-10-26 15:21:51,568 INFO: Executing method 'search_process' from TransactionTrackerOperations
2018-10-26 15:21:53,586 INFO: Executing method 'select_customer' from TransactionTrackerOperations
2018-10-26 15:22:02,819 INFO: Executing method 'select_customer' from TransactionTrackerOperations
2018-10-26 15:22:24,979 INFO: Executing method 'search_process' from TransactionTrackerOperations
2018-10-26 15:22:27,023 INFO: Executing method 'select_customer' from TransactionTrackerOperations
2018-10-26 15:22:36,202 INFO: Executing method 'select_customer' from TransactionTrackerOperations
2018-10-26 15:22:58,305 INFO: Executing method 'search_process' from TransactionTrackerOperations
2018-10-26 15:23:00,346 INFO: Executing method 'select_customer' from TransactionTrackerOperations
2018-10-26 15:23:09,637 INFO: Executing method 'select_customer' from TransactionTrackerOperations
2018-10-26 15:23:42,230 INFO: Executing method 'search_process' from TransactionTrackerOperations
2018-10-26 15:23:44,250 INFO: Executing method 'select_customer' from TransactionTrackerOperations
2018-10-26 15:23:53,291 INFO: Executing method 'select_customer' from TransactionTrackerOperations
2018-10-26 15:24:51,935 INFO: Executing method 'search_process' from TransactionTrackerOperations
2018-10-26 15:24:53,949 INFO: Executing method 'select_customer' from TransactionTrackerOperations
2018-10-26 15:25:03,054 INFO: Executing method 'select_customer' from TransactionTrackerOperations
2018-10-26 15:25:25,883 INFO: Executing method 'search_process' from TransactionTrackerOperations
2018-10-26 15:25:27,916 INFO: Executing method 'select_customer' from TransactionTrackerOperations
2018-10-26 15:25:39,213 INFO: Executing method 'select_customer' from TransactionTrackerOperations
2018-10-26 15:26:40,745 INFO: Executing method 'search_process' from TransactionTrackerOperations
2018-10-26 15:26:42,768 INFO: Executing method 'select_customer' from TransactionTrackerOperations
2018-10-26 15:26:51,634 INFO: Executing method 'select_customer' from TransactionTrackerOperations
2018-10-26 15:27:13,941 INFO: Executing method 'search_process' from TransactionTrackerOperations
2018-10-26 15:27:15,960 INFO: Executing method 'select_customer' from TransactionTrackerOperations
2018-10-26 15:27:25,363 INFO: Executing method 'select_customer' from TransactionTrackerOperations
2018-10-26 15:27:47,557 INFO: Executing method 'search_process' from TransactionTrackerOperations
2018-10-26 15:27:49,576 INFO: Executing method 'select_customer' from TransactionTrackerOperations
2018-10-26 15:27:58,872 INFO: Executing method 'select_customer' from TransactionTrackerOperations
2018-10-26 15:28:39,756 INFO: Executing method 'search_process' from TransactionTrackerOperations
2018-10-26 15:28:41,774 INFO: Executing method 'select_customer' from TransactionTrackerOperations
2018-10-26 15:28:50,939 INFO: Executing method 'select_customer' from TransactionTrackerOperations
2018-10-26 15:29:34,338 INFO: Executing method 'search_process' from TransactionTrackerOperations
2018-10-26 15:29:36,357 INFO: Executing method 'select_customer' from TransactionTrackerOperations
2018-10-26 15:29:45,661 INFO: Executing method 'select_customer' from TransactionTrackerOperations
2018-10-26 15:30:07,563 INFO: Executing method 'search_process' from TransactionTrackerOperations
2018-10-26 15:30:09,580 INFO: Executing method 'select_customer' from TransactionTrackerOperations
2018-10-26 15:30:18,868 INFO: Executing method 'select_customer' from TransactionTrackerOperations
2018-10-26 15:30:40,874 INFO: Executing method 'search_process' from TransactionTrackerOperations
2018-10-26 15:30:42,895 INFO: Executing method 'select_customer' from TransactionTrackerOperations
2018-10-26 15:30:52,323 INFO: Executing method 'select_customer' from TransactionTrackerOperations
2018-10-26 15:32:06,547 INFO: Executing method 'search_process' from TransactionTrackerOperations
2018-10-26 15:32:08,563 INFO: Executing method 'select_customer' from TransactionTrackerOperations
2018-10-26 15:32:17,913 INFO: Executing method 'select_customer' from TransactionTrackerOperations
2018-10-26 15:32:39,805 INFO: Executing method 'search_process' from TransactionTrackerOperations
2018-10-26 15:32:41,821 INFO: Executing method 'select_customer' from TransactionTrackerOperations
2018-10-26 15:32:50,917 INFO: Executing method 'select_customer' from TransactionTrackerOperations
2018-10-26 15:33:26,375 INFO: Executing method 'search_process' from TransactionTrackerOperations
2018-10-26 15:33:28,394 INFO: Executing method 'select_customer' from TransactionTrackerOperations
2018-10-26 15:33:37,449 INFO: Executing method 'select_customer' from TransactionTrackerOperations
2018-10-26 15:34:05,036 INFO: Executing method 'search_process' from TransactionTrackerOperations
2018-10-26 15:34:07,060 INFO: Executing method 'select_customer' from TransactionTrackerOperations
2018-10-26 15:34:16,097 INFO: Executing method 'select_customer' from TransactionTrackerOperations
2018-10-26 15:34:43,691 INFO: Executing method 'search_process' from TransactionTrackerOperations
2018-10-26 15:34:45,706 INFO: Executing method 'select_customer' from TransactionTrackerOperations
2018-10-26 15:34:54,432 INFO: Executing method 'select_customer' from TransactionTrackerOperations
2018-10-26 15:35:29,695 INFO: Executing method 'search_process' from TransactionTrackerOperations
2018-10-26 15:35:31,711 INFO: Executing method 'select_customer' from TransactionTrackerOperations
2018-10-26 15:35:40,917 INFO: Executing method 'select_customer' from TransactionTrackerOperations
2018-10-26 15:36:16,844 INFO: Executing method 'search_process' from TransactionTrackerOperations
2018-10-26 15:36:18,858 INFO: Executing method 'select_customer' from TransactionTrackerOperations
2018-10-26 15:36:27,870 INFO: Executing method 'select_customer' from TransactionTrackerOperations
2018-10-26 15:36:50,206 INFO: Executing method 'search_process' from TransactionTrackerOperations
2018-10-26 15:36:52,220 INFO: Executing method 'select_customer' from TransactionTrackerOperations
2018-10-26 15:37:01,520 INFO: Executing method 'select_customer' from TransactionTrackerOperations
2018-10-26 15:37:32,989 INFO: Executing method 'search_process' from TransactionTrackerOperations
2018-10-26 15:37:35,001 INFO: Executing method 'select_customer' from TransactionTrackerOperations
2018-10-26 15:37:44,020 INFO: Executing method 'select_customer' from TransactionTrackerOperations
2018-10-26 15:38:17,267 INFO: Executing method 'search_process' from TransactionTrackerOperations
2018-10-26 15:38:19,280 INFO: Executing method 'select_customer' from TransactionTrackerOperations
2018-10-26 15:38:28,279 INFO: Executing method 'select_customer' from TransactionTrackerOperations
2018-10-26 15:38:50,615 INFO: Executing method 'search_process' from TransactionTrackerOperations
2018-10-26 15:38:52,631 INFO: Executing method 'select_customer' from TransactionTrackerOperations
2018-10-26 15:39:01,929 INFO: Executing method 'select_customer' from TransactionTrackerOperations
2018-10-26 15:39:35,650 INFO: Executing method 'search_process' from TransactionTrackerOperations
2018-10-26 15:39:37,662 INFO: Executing method 'select_customer' from TransactionTrackerOperations
2018-10-26 15:39:46,672 INFO: Executing method 'select_customer' from TransactionTrackerOperations
2018-10-26 15:40:33,563 INFO: Executing method 'search_process' from TransactionTrackerOperations
2018-10-26 15:40:35,576 INFO: Executing method 'select_customer' from TransactionTrackerOperations
2018-10-26 15:40:44,360 INFO: Executing method 'select_customer' from TransactionTrackerOperations
2018-10-26 15:41:13,399 INFO: Executing method 'search_process' from TransactionTrackerOperations
2018-10-26 15:41:15,416 INFO: Executing method 'select_customer' from TransactionTrackerOperations
2018-10-26 15:41:24,591 INFO: Executing method 'select_customer' from TransactionTrackerOperations
2018-10-26 15:42:21,771 INFO: Executing method 'search_process' from TransactionTrackerOperations
2018-10-26 15:42:23,789 INFO: Executing method 'select_customer' from TransactionTrackerOperations
2018-10-26 15:42:32,647 INFO: Executing method 'select_customer' from TransactionTrackerOperations
2018-10-26 15:42:54,554 INFO: Executing method 'search_process' from TransactionTrackerOperations
2018-10-26 15:42:56,576 INFO: Executing method 'select_customer' from TransactionTrackerOperations
2018-10-26 15:43:05,561 INFO: Executing method 'select_customer' from TransactionTrackerOperations
2018-10-26 15:44:45,697 INFO: Executing method 'search_process' from TransactionTrackerOperations
2018-10-26 15:44:47,713 INFO: Executing method 'select_customer' from TransactionTrackerOperations
2018-10-26 15:44:56,916 INFO: Executing method 'select_customer' from TransactionTrackerOperations
2018-10-26 15:45:18,860 INFO: Executing method 'search_process' from TransactionTrackerOperations
2018-10-26 15:45:20,879 INFO: Executing method 'select_customer' from TransactionTrackerOperations
2018-10-26 15:45:30,092 INFO: Executing method 'select_customer' from TransactionTrackerOperations
2018-10-26 15:46:02,320 INFO: Executing method 'search_process' from TransactionTrackerOperations
2018-10-26 15:46:04,354 INFO: Executing method 'select_customer' from TransactionTrackerOperations
2018-10-26 15:46:13,496 INFO: Executing method 'select_customer' from TransactionTrackerOperations
2018-10-26 15:46:50,744 INFO: Executing method 'search_process' from TransactionTrackerOperations
2018-10-26 15:46:52,768 INFO: Executing method 'select_customer' from TransactionTrackerOperations
2018-10-26 15:47:01,870 INFO: Executing method 'select_customer' from TransactionTrackerOperations
2018-10-26 15:47:36,805 INFO: Executing method 'search_process' from TransactionTrackerOperations
2018-10-26 15:47:38,821 INFO: Executing method 'select_customer' from TransactionTrackerOperations
2018-10-26 15:47:47,581 INFO: Executing method 'select_customer' from TransactionTrackerOperations
2018-10-26 16:10:29,122 INFO: Executing method 'search_process' from TransactionTrackerOperations
2018-10-26 16:13:02,277 INFO: Executing Script Credit Memo Prodution Data Monitoring
2018-10-26 16:13:06,145 INFO: Login in to Launchpad
2018-10-26 16:13:20,164 INFO: Refreshing access_token
2018-10-26 16:13:23,861 INFO: Executing method 'search_process' from TransactionTrackerOperations
2018-10-26 16:13:26,039 INFO: Executing method 'select_customer' from TransactionTrackerOperations
2018-10-26 16:13:35,023 INFO: Executing method 'select_customer' from TransactionTrackerOperations
2018-10-26 16:14:32,983 INFO: Executing method 'search_process' from TransactionTrackerOperations
2018-10-26 16:14:35,000 INFO: Executing method 'select_customer' from TransactionTrackerOperations
2018-10-26 16:14:43,866 INFO: Executing method 'select_customer' from TransactionTrackerOperations
2018-10-26 16:16:15,283 INFO: Executing method 'search_process' from TransactionTrackerOperations
2018-10-26 16:16:17,308 INFO: Executing method 'select_customer' from TransactionTrackerOperations
2018-10-26 16:16:26,172 INFO: Executing method 'select_customer' from TransactionTrackerOperations
2018-10-26 16:17:00,817 INFO: Executing method 'search_process' from TransactionTrackerOperations
2018-10-26 16:17:02,835 INFO: Executing method 'select_customer' from TransactionTrackerOperations
2018-10-26 16:17:11,906 INFO: Executing method 'select_customer' from TransactionTrackerOperations
2018-10-26 16:17:51,762 INFO: Executing method 'search_process' from TransactionTrackerOperations
2018-10-26 16:17:53,783 INFO: Executing method 'select_customer' from TransactionTrackerOperations
2018-10-26 16:18:07,649 INFO: Executing method 'select_customer' from TransactionTrackerOperations
2018-10-26 16:18:50,421 INFO: Executing method 'search_process' from TransactionTrackerOperations
2018-10-26 16:18:52,435 INFO: Executing method 'select_customer' from TransactionTrackerOperations
2018-10-26 16:19:06,534 INFO: Executing method 'select_customer' from TransactionTrackerOperations
2018-10-26 16:32:28,689 INFO: Executing method 'search_process' from TransactionTrackerOperations
2018-10-26 16:32:30,706 INFO: Executing method 'select_customer' from TransactionTrackerOperations
2018-10-26 16:32:45,238 INFO: Executing method 'select_customer' from TransactionTrackerOperations
2018-10-26 16:35:53,934 INFO: Executing method 'search_process' from TransactionTrackerOperations
2018-10-26 16:35:55,965 INFO: Executing method 'select_customer' from TransactionTrackerOperations
2018-10-26 16:36:09,856 INFO: Executing method 'select_customer' from TransactionTrackerOperations
2018-10-26 16:38:10,638 INFO: Executing method 'search_process' from TransactionTrackerOperations
2018-10-26 16:38:12,653 INFO: Executing method 'select_customer' from TransactionTrackerOperations
2018-10-26 16:38:26,741 INFO: Executing method 'select_customer' from TransactionTrackerOperations
2018-10-26 16:41:29,604 INFO: Executing method 'search_process' from TransactionTrackerOperations
2018-10-26 16:41:31,622 INFO: Executing method 'select_customer' from TransactionTrackerOperations
2018-10-26 16:41:45,611 INFO: Executing method 'select_customer' from TransactionTrackerOperations
2018-10-26 16:42:28,632 INFO: Executing method 'search_process' from TransactionTrackerOperations
2018-10-26 16:42:30,656 INFO: Executing method 'select_customer' from TransactionTrackerOperations
2018-10-26 16:42:45,053 INFO: Executing method 'select_customer' from TransactionTrackerOperations
2018-10-26 16:49:58,419 INFO: Executing method 'search_process' from TransactionTrackerOperations
2018-10-26 16:50:00,435 INFO: Executing method 'select_customer' from TransactionTrackerOperations
2018-10-26 16:50:14,455 INFO: Executing method 'select_customer' from TransactionTrackerOperations
2018-10-26 16:53:17,054 INFO: Executing method 'search_process' from TransactionTrackerOperations
2018-10-26 16:53:19,073 INFO: Executing method 'select_customer' from TransactionTrackerOperations
2018-10-26 16:53:32,963 INFO: Executing method 'select_customer' from TransactionTrackerOperations
2018-10-26 16:54:13,321 INFO: Executing method 'search_process' from TransactionTrackerOperations
2018-10-26 16:54:15,337 INFO: Executing method 'select_customer' from TransactionTrackerOperations
2018-10-26 17:26:45,337 INFO: Executing Script Credit Memo Prodution Data Monitoring
2018-10-26 17:26:49,392 INFO: Login in to Launchpad
2018-10-26 17:27:03,296 INFO: Refreshing access_token
2018-10-26 17:27:07,057 INFO: Executing method 'search_process' from TransactionTrackerOperations
2018-10-26 17:27:09,073 INFO: Executing method 'select_customer' from TransactionTrackerOperations
2018-10-26 17:27:17,778 INFO: Executing method 'select_customer' from TransactionTrackerOperations
2018-10-26 17:31:12,763 INFO: Executing method 'search_process' from TransactionTrackerOperations
2018-10-26 17:31:14,776 INFO: Executing method 'select_customer' from TransactionTrackerOperations
2018-10-26 17:31:28,513 INFO: Executing method 'select_customer' from TransactionTrackerOperations
2018-10-26 17:33:46,055 INFO: Executing method 'search_process' from TransactionTrackerOperations
2018-10-26 17:33:48,068 INFO: Executing method 'select_customer' from TransactionTrackerOperations
2018-10-26 17:34:01,875 INFO: Executing method 'select_customer' from TransactionTrackerOperations
2018-10-26 17:41:27,159 INFO: Executing method 'search_process' from TransactionTrackerOperations
2018-10-26 17:41:29,174 INFO: Executing method 'select_customer' from TransactionTrackerOperations
2018-10-26 17:41:37,825 INFO: Executing method 'select_customer' from TransactionTrackerOperations
2018-10-26 17:41:59,676 INFO: Executing method 'search_process' from TransactionTrackerOperations
2018-10-26 17:42:01,698 INFO: Executing method 'select_customer' from TransactionTrackerOperations
2018-10-26 17:42:10,380 INFO: Executing method 'select_customer' from TransactionTrackerOperations
2018-10-26 17:42:31,615 INFO: Executing method 'search_process' from TransactionTrackerOperations
2018-10-26 17:42:33,630 INFO: Executing method 'select_customer' from TransactionTrackerOperations
2018-10-26 17:42:42,278 INFO: Executing method 'select_customer' from TransactionTrackerOperations
2018-10-26 17:43:50,202 INFO: Executing method 'search_process' from TransactionTrackerOperations
2018-10-26 17:43:52,217 INFO: Executing method 'select_customer' from TransactionTrackerOperations
2018-10-26 17:44:00,820 INFO: Executing method 'select_customer' from TransactionTrackerOperations
2018-10-26 17:44:44,805 INFO: Executing method 'search_process' from TransactionTrackerOperations
2018-10-26 17:44:46,819 INFO: Executing method 'select_customer' from TransactionTrackerOperations
2018-10-26 17:44:55,487 INFO: Executing method 'select_customer' from TransactionTrackerOperations
2018-10-26 17:46:55,233 INFO: Executing method 'search_process' from TransactionTrackerOperations
2018-10-26 17:46:57,246 INFO: Executing method 'select_customer' from TransactionTrackerOperations
2018-10-26 17:47:05,891 INFO: Executing method 'select_customer' from TransactionTrackerOperations
2018-10-26 17:47:27,013 INFO: Executing method 'search_process' from TransactionTrackerOperations
2018-10-26 17:47:29,026 INFO: Executing method 'select_customer' from TransactionTrackerOperations
2018-10-26 17:47:37,695 INFO: Executing method 'select_customer' from TransactionTrackerOperations
2018-10-26 17:48:08,244 INFO: Executing method 'search_process' from TransactionTrackerOperations
2018-10-26 17:48:10,258 INFO: Executing method 'select_customer' from TransactionTrackerOperations
2018-10-26 17:48:18,947 INFO: Executing method 'select_customer' from TransactionTrackerOperations
2018-10-26 17:50:21,929 INFO: Executing method 'search_process' from TransactionTrackerOperations
2018-10-26 17:50:23,943 INFO: Executing method 'select_customer' from TransactionTrackerOperations
2018-10-26 17:50:32,586 INFO: Executing method 'select_customer' from TransactionTrackerOperations
2018-10-26 17:50:54,034 INFO: Executing method 'search_process' from TransactionTrackerOperations
2018-10-26 17:50:56,049 INFO: Executing method 'select_customer' from TransactionTrackerOperations
2018-10-26 17:51:04,673 INFO: Executing method 'select_customer' from TransactionTrackerOperations
2018-10-26 17:51:25,589 INFO: Executing method 'search_process' from TransactionTrackerOperations
2018-10-26 17:51:27,601 INFO: Executing method 'select_customer' from TransactionTrackerOperations
2018-10-26 17:51:36,246 INFO: Executing method 'select_customer' from TransactionTrackerOperations
2018-10-26 17:52:32,917 INFO: Executing method 'search_process' from TransactionTrackerOperations
2018-10-26 17:52:34,931 INFO: Executing method 'select_customer' from TransactionTrackerOperations
2018-10-26 17:52:43,543 INFO: Executing method 'select_customer' from TransactionTrackerOperations
2018-10-26 17:53:25,306 INFO: Executing method 'search_process' from TransactionTrackerOperations
2018-10-26 17:53:27,321 INFO: Executing method 'select_customer' from TransactionTrackerOperations
2018-10-26 17:53:35,962 INFO: Executing method 'select_customer' from TransactionTrackerOperations
2018-10-26 17:53:57,083 INFO: Executing method 'search_process' from TransactionTrackerOperations
2018-10-26 17:53:59,097 INFO: Executing method 'select_customer' from TransactionTrackerOperations
2018-10-26 17:54:07,753 INFO: Executing method 'select_customer' from TransactionTrackerOperations
2018-10-26 17:54:36,265 INFO: Executing method 'search_process' from TransactionTrackerOperations
2018-10-26 17:54:38,280 INFO: Executing method 'select_customer' from TransactionTrackerOperations
2018-10-26 17:54:46,950 INFO: Executing method 'select_customer' from TransactionTrackerOperations
2018-10-26 17:55:08,396 INFO: Executing method 'search_process' from TransactionTrackerOperations
2018-10-26 17:55:10,409 INFO: Executing method 'select_customer' from TransactionTrackerOperations
2018-10-26 17:55:19,081 INFO: Executing method 'select_customer' from TransactionTrackerOperations
2018-10-26 17:55:39,929 INFO: Executing method 'search_process' from TransactionTrackerOperations
2018-10-26 17:55:41,944 INFO: Executing method 'select_customer' from TransactionTrackerOperations
2018-10-26 17:55:50,586 INFO: Executing method 'select_customer' from TransactionTrackerOperations
2018-10-26 17:56:38,044 INFO: Executing method 'search_process' from TransactionTrackerOperations
2018-10-26 17:56:40,058 INFO: Executing method 'select_customer' from TransactionTrackerOperations
2018-10-26 17:56:48,688 INFO: Executing method 'select_customer' from TransactionTrackerOperations
2018-10-26 17:57:27,317 INFO: Executing method 'search_process' from TransactionTrackerOperations
2018-10-26 17:57:29,331 INFO: Executing method 'select_customer' from TransactionTrackerOperations
2018-10-26 17:57:37,974 INFO: Executing method 'select_customer' from TransactionTrackerOperations
2018-10-26 17:58:13,747 INFO: Executing method 'search_process' from TransactionTrackerOperations
2018-10-26 17:58:15,760 INFO: Executing method 'select_customer' from TransactionTrackerOperations
2018-10-26 17:58:24,410 INFO: Executing method 'select_customer' from TransactionTrackerOperations
2018-10-26 17:58:51,311 INFO: Executing method 'search_process' from TransactionTrackerOperations
2018-10-26 17:58:53,326 INFO: Executing method 'select_customer' from TransactionTrackerOperations
2018-10-26 17:59:01,950 INFO: Executing method 'select_customer' from TransactionTrackerOperations
2018-10-26 17:59:23,053 INFO: Executing method 'search_process' from TransactionTrackerOperations
2018-10-26 17:59:25,068 INFO: Executing method 'select_customer' from TransactionTrackerOperations
2018-10-26 17:59:33,698 INFO: Executing method 'select_customer' from TransactionTrackerOperations
2018-10-26 18:00:04,491 INFO: Executing method 'search_process' from TransactionTrackerOperations
2018-10-26 18:00:06,507 INFO: Executing method 'select_customer' from TransactionTrackerOperations
2018-10-26 18:00:15,234 INFO: Executing method 'select_customer' from TransactionTrackerOperations
2018-10-26 18:00:36,335 INFO: Executing method 'search_process' from TransactionTrackerOperations
2018-10-26 18:00:38,348 INFO: Executing method 'select_customer' from TransactionTrackerOperations
2018-10-26 18:00:47,014 INFO: Executing method 'select_customer' from TransactionTrackerOperations
2018-10-26 18:01:14,976 INFO: Executing method 'search_process' from TransactionTrackerOperations
2018-10-26 18:01:16,989 INFO: Executing method 'select_customer' from TransactionTrackerOperations
2018-10-26 18:01:25,650 INFO: Executing method 'select_customer' from TransactionTrackerOperations
2018-10-26 18:01:55,970 INFO: Executing method 'search_process' from TransactionTrackerOperations
2018-10-26 18:01:57,985 INFO: Executing method 'select_customer' from TransactionTrackerOperations
2018-10-26 18:02:06,670 INFO: Executing method 'select_customer' from TransactionTrackerOperations
2018-10-26 18:02:45,503 INFO: Executing method 'search_process' from TransactionTrackerOperations
2018-10-26 18:02:47,517 INFO: Executing method 'select_customer' from TransactionTrackerOperations
2018-10-26 18:02:56,172 INFO: Executing method 'select_customer' from TransactionTrackerOperations
2018-10-26 18:03:17,725 INFO: Executing method 'search_process' from TransactionTrackerOperations
2018-10-26 18:03:19,739 INFO: Executing method 'select_customer' from TransactionTrackerOperations
2018-10-26 18:03:28,403 INFO: Executing method 'select_customer' from TransactionTrackerOperations
2018-10-26 18:03:49,238 INFO: Executing method 'search_process' from TransactionTrackerOperations
2018-10-26 18:03:51,252 INFO: Executing method 'select_customer' from TransactionTrackerOperations
2018-10-26 18:03:59,941 INFO: Executing method 'select_customer' from TransactionTrackerOperations
2018-10-26 18:04:35,304 INFO: Executing method 'search_process' from TransactionTrackerOperations
2018-10-26 18:04:37,319 INFO: Executing method 'select_customer' from TransactionTrackerOperations
2018-10-26 18:04:46,341 INFO: Executing method 'select_customer' from TransactionTrackerOperations
2018-10-26 18:10:19,315 INFO: Executing Script Credit Memo Prodution Data Monitoring
2018-10-26 18:10:22,993 INFO: Login in to Launchpad
2018-10-26 18:10:36,191 INFO: Refreshing access_token
2018-10-26 18:10:40,124 INFO: Executing method 'search_process' from TransactionTrackerOperations
2018-10-26 18:10:42,139 INFO: Executing method 'select_customer' from TransactionTrackerOperations
2018-10-26 18:10:50,853 INFO: Executing method 'select_customer' from TransactionTrackerOperations
2018-10-26 18:11:31,558 INFO: Executing method 'search_process' from TransactionTrackerOperations
2018-10-26 18:11:33,573 INFO: Executing method 'select_customer' from TransactionTrackerOperations
