2018-10-23 10:50:56,520 INFO: Executing Script Credit Memo Prodution Data Monitoring
2018-10-23 10:51:02,944 INFO: Login in to Launchpad
2018-10-23 10:51:27,380 INFO: Refreshing access_token
2018-10-23 10:51:32,469 INFO: Executing method 'search_process' from TransactionTrackerOperations
2018-10-23 10:51:35,553 INFO: Executing method 'select_customer' from TransactionTrackerOperations
2018-10-23 10:51:44,337 INFO: Executing method 'select_customer' from TransactionTrackerOperations
2018-10-23 10:52:13,848 INFO: Executing method 'search_process' from TransactionTrackerOperations
2018-10-23 10:52:15,862 INFO: Executing method 'select_customer' from TransactionTrackerOperations
2018-10-23 10:52:24,572 INFO: Executing method 'select_customer' from TransactionTrackerOperations
2018-10-23 10:52:45,852 INFO: Executing method 'search_process' from TransactionTrackerOperations
2018-10-23 10:52:47,868 INFO: Executing method 'select_customer' from TransactionTrackerOperations
2018-10-23 10:52:56,557 INFO: Executing method 'select_customer' from TransactionTrackerOperations
2018-10-23 10:53:25,329 INFO: Executing method 'search_process' from TransactionTrackerOperations
2018-10-23 10:53:27,349 INFO: Executing method 'select_customer' from TransactionTrackerOperations
2018-10-23 10:53:36,329 INFO: Executing method 'select_customer' from TransactionTrackerOperations
2018-10-23 10:54:05,324 INFO: Executing method 'search_process' from TransactionTrackerOperations
2018-10-23 10:54:07,339 INFO: Executing method 'select_customer' from TransactionTrackerOperations
2018-10-23 10:54:16,009 INFO: Executing method 'select_customer' from TransactionTrackerOperations
2018-10-23 10:54:53,563 INFO: Executing method 'search_process' from TransactionTrackerOperations
2018-10-23 10:54:55,578 INFO: Executing method 'select_customer' from TransactionTrackerOperations
2018-10-23 10:55:04,258 INFO: Executing method 'select_customer' from TransactionTrackerOperations
2018-10-23 10:55:25,714 INFO: Executing method 'search_process' from TransactionTrackerOperations
2018-10-23 10:55:27,728 INFO: Executing method 'select_customer' from TransactionTrackerOperations
2018-10-23 10:55:36,377 INFO: Executing method 'select_customer' from TransactionTrackerOperations
2018-10-23 10:56:22,798 INFO: Executing method 'search_process' from TransactionTrackerOperations
2018-10-23 10:56:24,812 INFO: Executing method 'select_customer' from TransactionTrackerOperations
2018-10-23 10:56:33,472 INFO: Executing method 'select_customer' from TransactionTrackerOperations
2018-10-23 10:56:55,280 INFO: Executing method 'search_process' from TransactionTrackerOperations
2018-10-23 10:56:57,296 INFO: Executing method 'select_customer' from TransactionTrackerOperations
2018-10-23 10:57:06,017 INFO: Executing method 'select_customer' from TransactionTrackerOperations
2018-10-23 10:57:27,391 INFO: Executing method 'search_process' from TransactionTrackerOperations
2018-10-23 10:57:29,407 INFO: Executing method 'select_customer' from TransactionTrackerOperations
2018-10-23 10:57:38,084 INFO: Executing method 'select_customer' from TransactionTrackerOperations
2018-10-23 10:58:13,040 INFO: Executing method 'search_process' from TransactionTrackerOperations
2018-10-23 10:58:15,053 INFO: Executing method 'select_customer' from TransactionTrackerOperations
2018-10-23 10:58:23,671 INFO: Executing method 'select_customer' from TransactionTrackerOperations
2018-10-23 10:59:02,825 INFO: Executing method 'search_process' from TransactionTrackerOperations
2018-10-23 10:59:04,840 INFO: Executing method 'select_customer' from TransactionTrackerOperations
2018-10-23 10:59:13,755 INFO: Executing method 'select_customer' from TransactionTrackerOperations
2018-10-23 10:59:36,438 INFO: Executing method 'search_process' from TransactionTrackerOperations
2018-10-23 10:59:38,455 INFO: Executing method 'select_customer' from TransactionTrackerOperations
2018-10-23 10:59:47,227 INFO: Executing method 'select_customer' from TransactionTrackerOperations
2018-10-23 11:00:09,518 INFO: Executing method 'search_process' from TransactionTrackerOperations
2018-10-23 11:00:11,530 INFO: Executing method 'select_customer' from TransactionTrackerOperations
2018-10-23 11:00:20,313 INFO: Executing method 'select_customer' from TransactionTrackerOperations
2018-10-23 11:01:21,548 INFO: Executing method 'search_process' from TransactionTrackerOperations
2018-10-23 11:01:23,563 INFO: Executing method 'select_customer' from TransactionTrackerOperations
2018-10-23 11:01:32,267 INFO: Executing method 'select_customer' from TransactionTrackerOperations
2018-10-23 11:01:53,853 INFO: Executing method 'search_process' from TransactionTrackerOperations
2018-10-23 11:01:55,869 INFO: Executing method 'select_customer' from TransactionTrackerOperations
2018-10-23 11:02:04,580 INFO: Executing method 'select_customer' from TransactionTrackerOperations
2018-10-23 11:02:35,969 INFO: Executing method 'search_process' from TransactionTrackerOperations
2018-10-23 11:02:37,982 INFO: Executing method 'select_customer' from TransactionTrackerOperations
2018-10-23 11:02:46,619 INFO: Executing method 'select_customer' from TransactionTrackerOperations
2018-10-23 11:03:14,369 INFO: Executing method 'search_process' from TransactionTrackerOperations
2018-10-23 11:03:16,384 INFO: Executing method 'select_customer' from TransactionTrackerOperations
2018-10-23 11:03:25,016 INFO: Executing method 'select_customer' from TransactionTrackerOperations
2018-10-23 11:03:52,264 INFO: Executing method 'search_process' from TransactionTrackerOperations
2018-10-23 11:03:54,283 INFO: Executing method 'select_customer' from TransactionTrackerOperations
2018-10-23 11:04:02,972 INFO: Executing method 'select_customer' from TransactionTrackerOperations
2018-10-23 11:04:33,156 INFO: Executing method 'search_process' from TransactionTrackerOperations
2018-10-23 11:04:35,171 INFO: Executing method 'select_customer' from TransactionTrackerOperations
2018-10-23 11:04:43,873 INFO: Executing method 'select_customer' from TransactionTrackerOperations
2018-10-23 11:05:14,614 INFO: Executing method 'search_process' from TransactionTrackerOperations
2018-10-23 11:05:16,629 INFO: Executing method 'select_customer' from TransactionTrackerOperations
2018-10-23 11:05:25,303 INFO: Executing method 'select_customer' from TransactionTrackerOperations
2018-10-23 11:05:46,741 INFO: Executing method 'search_process' from TransactionTrackerOperations
2018-10-23 11:05:48,754 INFO: Executing method 'select_customer' from TransactionTrackerOperations
2018-10-23 11:05:57,405 INFO: Executing method 'select_customer' from TransactionTrackerOperations
2018-10-23 11:06:26,409 INFO: Executing method 'search_process' from TransactionTrackerOperations
2018-10-23 11:06:28,426 INFO: Executing method 'select_customer' from TransactionTrackerOperations
2018-10-23 11:06:37,100 INFO: Executing method 'select_customer' from TransactionTrackerOperations
2018-10-23 11:07:07,737 INFO: Executing method 'search_process' from TransactionTrackerOperations
2018-10-23 11:07:09,756 INFO: Executing method 'select_customer' from TransactionTrackerOperations
2018-10-23 11:07:18,493 INFO: Executing method 'select_customer' from TransactionTrackerOperations
2018-10-23 11:07:40,322 INFO: Executing method 'search_process' from TransactionTrackerOperations
2018-10-23 11:07:42,336 INFO: Executing method 'select_customer' from TransactionTrackerOperations
2018-10-23 11:07:51,001 INFO: Executing method 'select_customer' from TransactionTrackerOperations
2018-10-23 11:08:22,554 INFO: Executing method 'search_process' from TransactionTrackerOperations
2018-10-23 11:08:24,567 INFO: Executing method 'select_customer' from TransactionTrackerOperations
2018-10-23 11:08:33,214 INFO: Executing method 'select_customer' from TransactionTrackerOperations
2018-10-23 11:09:16,008 INFO: Executing method 'search_process' from TransactionTrackerOperations
2018-10-23 11:09:18,023 INFO: Executing method 'select_customer' from TransactionTrackerOperations
2018-10-23 11:09:26,734 INFO: Executing method 'select_customer' from TransactionTrackerOperations
2018-10-23 11:09:54,403 INFO: Executing method 'search_process' from TransactionTrackerOperations
2018-10-23 11:09:56,420 INFO: Executing method 'select_customer' from TransactionTrackerOperations
2018-10-23 11:10:05,083 INFO: Executing method 'select_customer' from TransactionTrackerOperations
2018-10-23 11:10:46,772 INFO: Executing method 'search_process' from TransactionTrackerOperations
2018-10-23 11:10:48,788 INFO: Executing method 'select_customer' from TransactionTrackerOperations
2018-10-23 11:10:57,541 INFO: Executing method 'select_customer' from TransactionTrackerOperations
2018-10-23 11:11:18,775 INFO: Executing method 'search_process' from TransactionTrackerOperations
2018-10-23 11:11:20,789 INFO: Executing method 'select_customer' from TransactionTrackerOperations
2018-10-23 11:11:29,460 INFO: Executing method 'select_customer' from TransactionTrackerOperations
2018-10-23 11:12:39,938 INFO: Executing method 'search_process' from TransactionTrackerOperations
2018-10-23 11:12:41,953 INFO: Executing method 'select_customer' from TransactionTrackerOperations
2018-10-23 11:12:50,603 INFO: Executing method 'select_customer' from TransactionTrackerOperations
2018-10-23 11:13:11,869 INFO: Executing method 'search_process' from TransactionTrackerOperations
2018-10-23 11:13:13,885 INFO: Executing method 'select_customer' from TransactionTrackerOperations
2018-10-23 11:13:22,542 INFO: Executing method 'select_customer' from TransactionTrackerOperations
2018-10-23 11:13:51,331 INFO: Executing method 'search_process' from TransactionTrackerOperations
2018-10-23 11:13:53,346 INFO: Executing method 'select_customer' from TransactionTrackerOperations
2018-10-23 11:14:02,013 INFO: Executing method 'select_customer' from TransactionTrackerOperations
2018-10-23 11:14:34,204 INFO: Executing method 'search_process' from TransactionTrackerOperations
2018-10-23 11:14:36,218 INFO: Executing method 'select_customer' from TransactionTrackerOperations
2018-10-23 11:14:45,123 INFO: Executing method 'select_customer' from TransactionTrackerOperations
2018-10-23 11:15:19,330 INFO: Executing method 'search_process' from TransactionTrackerOperations
2018-10-23 11:15:21,343 INFO: Executing method 'select_customer' from TransactionTrackerOperations
2018-10-23 11:15:30,005 INFO: Executing method 'select_customer' from TransactionTrackerOperations
2018-10-23 11:15:58,580 INFO: Executing method 'search_process' from TransactionTrackerOperations
2018-10-23 11:16:00,594 INFO: Executing method 'select_customer' from TransactionTrackerOperations
2018-10-23 11:16:09,247 INFO: Executing method 'select_customer' from TransactionTrackerOperations
2018-10-23 11:16:47,969 INFO: Executing method 'search_process' from TransactionTrackerOperations
2018-10-23 11:16:49,983 INFO: Executing method 'select_customer' from TransactionTrackerOperations
2018-10-23 11:16:58,627 INFO: Executing method 'select_customer' from TransactionTrackerOperations
2018-10-23 11:17:55,693 INFO: Executing method 'search_process' from TransactionTrackerOperations
2018-10-23 11:17:57,709 INFO: Executing method 'select_customer' from TransactionTrackerOperations
2018-10-23 11:18:06,398 INFO: Executing method 'select_customer' from TransactionTrackerOperations
2018-10-23 11:18:35,023 INFO: Executing method 'search_process' from TransactionTrackerOperations
2018-10-23 11:18:37,038 INFO: Executing method 'select_customer' from TransactionTrackerOperations
2018-10-23 11:18:45,698 INFO: Executing method 'select_customer' from TransactionTrackerOperations
2018-10-23 11:19:15,383 INFO: Executing method 'search_process' from TransactionTrackerOperations
2018-10-23 11:19:17,399 INFO: Executing method 'select_customer' from TransactionTrackerOperations
2018-10-23 11:19:26,100 INFO: Executing method 'select_customer' from TransactionTrackerOperations
2018-10-23 11:19:47,482 INFO: Executing method 'search_process' from TransactionTrackerOperations
2018-10-23 11:19:49,498 INFO: Executing method 'select_customer' from TransactionTrackerOperations
2018-10-23 11:19:58,199 INFO: Executing method 'select_customer' from TransactionTrackerOperations
2018-10-23 11:20:51,991 INFO: Executing method 'search_process' from TransactionTrackerOperations
2018-10-23 11:20:54,007 INFO: Executing method 'select_customer' from TransactionTrackerOperations
2018-10-23 11:21:02,668 INFO: Executing method 'select_customer' from TransactionTrackerOperations
2018-10-23 11:21:34,351 INFO: Executing method 'search_process' from TransactionTrackerOperations
2018-10-23 11:21:36,367 INFO: Executing method 'select_customer' from TransactionTrackerOperations
2018-10-23 11:21:45,019 INFO: Executing method 'select_customer' from TransactionTrackerOperations
2018-10-23 11:22:14,493 INFO: Executing method 'search_process' from TransactionTrackerOperations
2018-10-23 11:22:16,509 INFO: Executing method 'select_customer' from TransactionTrackerOperations
2018-10-23 11:22:25,186 INFO: Executing method 'select_customer' from TransactionTrackerOperations
2018-10-23 11:22:55,588 INFO: Executing method 'search_process' from TransactionTrackerOperations
2018-10-23 11:22:57,603 INFO: Executing method 'select_customer' from TransactionTrackerOperations
2018-10-23 11:23:06,273 INFO: Executing method 'select_customer' from TransactionTrackerOperations
2018-10-23 11:23:27,719 INFO: Executing method 'search_process' from TransactionTrackerOperations
2018-10-23 11:23:29,732 INFO: Executing method 'select_customer' from TransactionTrackerOperations
2018-10-23 11:23:38,356 INFO: Executing method 'select_customer' from TransactionTrackerOperations
2018-10-23 11:24:17,306 INFO: Executing method 'search_process' from TransactionTrackerOperations
2018-10-23 11:24:19,324 INFO: Executing method 'select_customer' from TransactionTrackerOperations
2018-10-23 11:24:27,993 INFO: Executing method 'select_customer' from TransactionTrackerOperations
2018-10-23 11:24:58,262 INFO: Executing method 'search_process' from TransactionTrackerOperations
2018-10-23 11:25:00,278 INFO: Executing method 'select_customer' from TransactionTrackerOperations
2018-10-23 11:25:09,010 INFO: Executing method 'select_customer' from TransactionTrackerOperations
2018-10-23 11:26:32,526 INFO: Executing method 'search_process' from TransactionTrackerOperations
2018-10-23 11:26:34,541 INFO: Executing method 'select_customer' from TransactionTrackerOperations
2018-10-23 11:26:43,207 INFO: Executing method 'select_customer' from TransactionTrackerOperations
2018-10-23 11:27:17,111 INFO: Executing method 'search_process' from TransactionTrackerOperations
2018-10-23 11:27:19,128 INFO: Executing method 'select_customer' from TransactionTrackerOperations
2018-10-23 11:27:27,841 INFO: Executing method 'select_customer' from TransactionTrackerOperations
2018-10-23 11:27:57,489 INFO: Executing method 'search_process' from TransactionTrackerOperations
2018-10-23 11:27:59,503 INFO: Executing method 'select_customer' from TransactionTrackerOperations
2018-10-23 11:28:08,116 INFO: Executing method 'select_customer' from TransactionTrackerOperations
2018-10-23 11:28:48,886 INFO: Executing method 'search_process' from TransactionTrackerOperations
2018-10-23 11:28:50,901 INFO: Executing method 'select_customer' from TransactionTrackerOperations
2018-10-23 11:28:59,611 INFO: Executing method 'select_customer' from TransactionTrackerOperations
2018-10-23 11:29:21,191 INFO: Executing method 'search_process' from TransactionTrackerOperations
2018-10-23 11:29:23,206 INFO: Executing method 'select_customer' from TransactionTrackerOperations
2018-10-23 11:29:32,008 INFO: Executing method 'select_customer' from TransactionTrackerOperations
2018-10-23 11:29:54,307 INFO: Executing method 'search_process' from TransactionTrackerOperations
2018-10-23 11:29:56,368 INFO: Executing method 'select_customer' from TransactionTrackerOperations
2018-10-23 11:30:05,064 INFO: Executing method 'select_customer' from TransactionTrackerOperations
2018-10-23 11:30:57,574 INFO: Executing method 'search_process' from TransactionTrackerOperations
2018-10-23 11:30:59,593 INFO: Executing method 'select_customer' from TransactionTrackerOperations
2018-10-23 11:31:08,373 INFO: Executing method 'select_customer' from TransactionTrackerOperations
2018-10-23 11:31:43,496 INFO: Executing method 'search_process' from TransactionTrackerOperations
2018-10-23 11:31:45,511 INFO: Executing method 'select_customer' from TransactionTrackerOperations
2018-10-23 11:31:54,179 INFO: Executing method 'select_customer' from TransactionTrackerOperations
2018-10-23 11:33:46,114 INFO: Executing method 'search_process' from TransactionTrackerOperations
2018-10-23 11:33:48,129 INFO: Executing method 'select_customer' from TransactionTrackerOperations
2018-10-23 11:33:57,128 INFO: Executing method 'select_customer' from TransactionTrackerOperations
2018-10-23 11:34:18,238 INFO: Executing method 'search_process' from TransactionTrackerOperations
2018-10-23 11:34:20,254 INFO: Executing method 'select_customer' from TransactionTrackerOperations
2018-10-23 11:34:28,956 INFO: Executing method 'select_customer' from TransactionTrackerOperations
2018-10-23 11:34:57,059 INFO: Executing method 'search_process' from TransactionTrackerOperations
2018-10-23 11:34:59,073 INFO: Executing method 'select_customer' from TransactionTrackerOperations
2018-10-23 11:35:07,710 INFO: Executing method 'select_customer' from TransactionTrackerOperations
2018-10-23 11:35:27,045 INFO: Executing method 'search_process' from TransactionTrackerOperations
2018-10-23 11:35:29,057 INFO: Executing method 'select_customer' from TransactionTrackerOperations
2018-10-23 11:38:54,532 INFO: Executing Script Credit Memo Prodution Data Monitoring
2018-10-23 11:38:59,217 INFO: Login in to Launchpad
2018-10-23 11:39:14,465 INFO: Refreshing access_token
2018-10-23 11:39:18,259 INFO: Executing method 'search_process' from TransactionTrackerOperations
2018-10-23 11:39:20,437 INFO: Executing method 'select_customer' from TransactionTrackerOperations
2018-10-23 11:39:29,309 INFO: Executing method 'select_customer' from TransactionTrackerOperations
2018-10-23 11:41:18,361 INFO: Executing method 'search_process' from TransactionTrackerOperations
2018-10-23 11:41:20,377 INFO: Executing method 'select_customer' from TransactionTrackerOperations
2018-10-23 11:41:29,280 INFO: Executing method 'select_customer' from TransactionTrackerOperations
2018-10-23 11:41:51,513 INFO: Executing method 'search_process' from TransactionTrackerOperations
2018-10-23 11:41:53,525 INFO: Executing method 'select_customer' from TransactionTrackerOperations
2018-10-23 11:42:02,214 INFO: Executing method 'select_customer' from TransactionTrackerOperations
2018-10-23 11:42:23,288 INFO: Executing method 'search_process' from TransactionTrackerOperations
2018-10-23 11:42:25,304 INFO: Executing method 'select_customer' from TransactionTrackerOperations
2018-10-23 11:42:34,047 INFO: Executing method 'select_customer' from TransactionTrackerOperations
2018-10-23 11:43:34,281 INFO: Executing method 'search_process' from TransactionTrackerOperations
2018-10-23 11:43:36,296 INFO: Executing method 'select_customer' from TransactionTrackerOperations
2018-10-23 11:43:44,989 INFO: Executing method 'select_customer' from TransactionTrackerOperations
2018-10-23 11:44:31,197 INFO: Executing method 'search_process' from TransactionTrackerOperations
2018-10-23 11:44:33,213 INFO: Executing method 'select_customer' from TransactionTrackerOperations
2018-10-23 11:44:41,901 INFO: Executing method 'select_customer' from TransactionTrackerOperations
2018-10-23 11:45:03,470 INFO: Executing method 'search_process' from TransactionTrackerOperations
2018-10-23 11:45:05,482 INFO: Executing method 'select_customer' from TransactionTrackerOperations
2018-10-23 11:45:14,158 INFO: Executing method 'select_customer' from TransactionTrackerOperations
2018-10-23 11:45:42,017 INFO: Executing method 'search_process' from TransactionTrackerOperations
2018-10-23 11:45:44,032 INFO: Executing method 'select_customer' from TransactionTrackerOperations
2018-10-23 11:45:52,722 INFO: Executing method 'select_customer' from TransactionTrackerOperations
2018-10-23 11:46:13,924 INFO: Executing method 'search_process' from TransactionTrackerOperations
2018-10-23 11:46:15,940 INFO: Executing method 'select_customer' from TransactionTrackerOperations
2018-10-23 11:46:24,606 INFO: Executing method 'select_customer' from TransactionTrackerOperations
2018-10-23 11:46:45,626 INFO: Executing method 'search_process' from TransactionTrackerOperations
2018-10-23 11:46:47,643 INFO: Executing method 'select_customer' from TransactionTrackerOperations
2018-10-23 11:46:56,344 INFO: Executing method 'select_customer' from TransactionTrackerOperations
2018-10-23 11:47:45,160 INFO: Executing method 'search_process' from TransactionTrackerOperations
2018-10-23 11:47:47,177 INFO: Executing method 'select_customer' from TransactionTrackerOperations
2018-10-23 11:47:55,868 INFO: Executing method 'select_customer' from TransactionTrackerOperations
2018-10-23 11:48:35,942 INFO: Executing method 'search_process' from TransactionTrackerOperations
2018-10-23 11:48:37,973 INFO: Executing method 'select_customer' from TransactionTrackerOperations
2018-10-23 11:48:46,702 INFO: Executing method 'select_customer' from TransactionTrackerOperations
2018-10-23 11:49:22,315 INFO: Executing method 'search_process' from TransactionTrackerOperations
2018-10-23 11:49:24,331 INFO: Executing method 'select_customer' from TransactionTrackerOperations
2018-10-23 11:49:33,020 INFO: Executing method 'select_customer' from TransactionTrackerOperations
2018-10-23 11:49:59,526 INFO: Executing method 'search_process' from TransactionTrackerOperations
2018-10-23 11:50:01,540 INFO: Executing method 'select_customer' from TransactionTrackerOperations
2018-10-23 11:50:10,347 INFO: Executing method 'select_customer' from TransactionTrackerOperations
2018-10-23 11:50:31,522 INFO: Executing method 'search_process' from TransactionTrackerOperations
2018-10-23 11:50:33,541 INFO: Executing method 'select_customer' from TransactionTrackerOperations
2018-10-23 11:50:42,261 INFO: Executing method 'select_customer' from TransactionTrackerOperations
2018-10-23 11:51:13,248 INFO: Executing method 'search_process' from TransactionTrackerOperations
2018-10-23 11:51:15,261 INFO: Executing method 'select_customer' from TransactionTrackerOperations
2018-10-23 11:51:23,914 INFO: Executing method 'select_customer' from TransactionTrackerOperations
2018-10-23 11:51:44,482 INFO: Executing method 'search_process' from TransactionTrackerOperations
2018-10-23 11:51:46,497 INFO: Executing method 'select_customer' from TransactionTrackerOperations
2018-10-23 11:51:55,320 INFO: Executing method 'select_customer' from TransactionTrackerOperations
2018-10-23 11:52:23,657 INFO: Executing method 'search_process' from TransactionTrackerOperations
2018-10-23 11:52:25,673 INFO: Executing method 'select_customer' from TransactionTrackerOperations
2018-10-23 11:52:34,372 INFO: Executing method 'select_customer' from TransactionTrackerOperations
2018-10-23 11:53:03,944 INFO: Executing method 'search_process' from TransactionTrackerOperations
2018-10-23 11:53:05,959 INFO: Executing method 'select_customer' from TransactionTrackerOperations
2018-10-23 11:53:14,706 INFO: Executing method 'select_customer' from TransactionTrackerOperations
2018-10-23 11:53:54,069 INFO: Executing method 'search_process' from TransactionTrackerOperations
2018-10-23 11:53:56,084 INFO: Executing method 'select_customer' from TransactionTrackerOperations
2018-10-23 11:54:04,857 INFO: Executing method 'select_customer' from TransactionTrackerOperations
2018-10-23 11:54:26,559 INFO: Executing method 'search_process' from TransactionTrackerOperations
2018-10-23 11:54:28,576 INFO: Executing method 'select_customer' from TransactionTrackerOperations
2018-10-23 11:54:37,210 INFO: Executing method 'select_customer' from TransactionTrackerOperations
2018-10-23 11:54:58,361 INFO: Executing method 'search_process' from TransactionTrackerOperations
2018-10-23 11:55:00,380 INFO: Executing method 'select_customer' from TransactionTrackerOperations
2018-10-23 11:55:09,097 INFO: Executing method 'select_customer' from TransactionTrackerOperations
2018-10-23 11:55:42,866 INFO: Executing method 'search_process' from TransactionTrackerOperations
2018-10-23 11:55:44,881 INFO: Executing method 'select_customer' from TransactionTrackerOperations
2018-10-23 11:55:53,614 INFO: Executing method 'select_customer' from TransactionTrackerOperations
2018-10-23 11:57:16,996 INFO: Executing method 'search_process' from TransactionTrackerOperations
2018-10-23 11:57:19,011 INFO: Executing method 'select_customer' from TransactionTrackerOperations
2018-10-23 11:57:27,855 INFO: Executing method 'select_customer' from TransactionTrackerOperations
2018-10-23 11:58:05,147 INFO: Executing method 'search_process' from TransactionTrackerOperations
2018-10-23 11:58:07,165 INFO: Executing method 'select_customer' from TransactionTrackerOperations
2018-10-23 11:58:15,856 INFO: Executing method 'select_customer' from TransactionTrackerOperations
2018-10-23 11:59:03,286 INFO: Executing method 'search_process' from TransactionTrackerOperations
2018-10-23 11:59:05,301 INFO: Executing method 'select_customer' from TransactionTrackerOperations
2018-10-23 11:59:13,959 INFO: Executing method 'select_customer' from TransactionTrackerOperations
2018-10-23 11:59:43,865 INFO: Executing method 'search_process' from TransactionTrackerOperations
2018-10-23 11:59:45,880 INFO: Executing method 'select_customer' from TransactionTrackerOperations
2018-10-23 11:59:54,578 INFO: Executing method 'select_customer' from TransactionTrackerOperations
2018-10-23 12:01:14,924 INFO: Executing method 'search_process' from TransactionTrackerOperations
2018-10-23 12:01:16,938 INFO: Executing method 'select_customer' from TransactionTrackerOperations
2018-10-23 12:01:25,651 INFO: Executing method 'select_customer' from TransactionTrackerOperations
2018-10-23 12:02:03,230 INFO: Executing method 'search_process' from TransactionTrackerOperations
2018-10-23 12:02:05,245 INFO: Executing method 'select_customer' from TransactionTrackerOperations
2018-10-23 12:02:13,958 INFO: Executing method 'select_customer' from TransactionTrackerOperations
2018-10-23 12:02:52,156 INFO: Executing method 'search_process' from TransactionTrackerOperations
2018-10-23 12:02:54,189 INFO: Executing method 'select_customer' from TransactionTrackerOperations
2018-10-23 12:03:02,907 INFO: Executing method 'select_customer' from TransactionTrackerOperations
2018-10-23 12:03:24,717 INFO: Executing method 'search_process' from TransactionTrackerOperations
2018-10-23 12:03:26,732 INFO: Executing method 'select_customer' from TransactionTrackerOperations
2018-10-23 12:03:35,490 INFO: Executing method 'select_customer' from TransactionTrackerOperations
2018-10-23 12:04:46,663 INFO: Executing method 'search_process' from TransactionTrackerOperations
2018-10-23 12:04:48,680 INFO: Executing method 'select_customer' from TransactionTrackerOperations
2018-10-23 12:04:57,385 INFO: Executing method 'select_customer' from TransactionTrackerOperations
2018-10-23 12:05:53,984 INFO: Executing method 'search_process' from TransactionTrackerOperations
2018-10-23 12:05:55,998 INFO: Executing method 'select_customer' from TransactionTrackerOperations
2018-10-23 12:06:04,719 INFO: Executing method 'select_customer' from TransactionTrackerOperations
2018-10-23 12:06:34,913 INFO: Executing method 'search_process' from TransactionTrackerOperations
2018-10-23 12:06:36,925 INFO: Executing method 'select_customer' from TransactionTrackerOperations
2018-10-23 12:06:45,586 INFO: Executing method 'select_customer' from TransactionTrackerOperations
2018-10-23 12:07:13,039 INFO: Executing method 'search_process' from TransactionTrackerOperations
2018-10-23 12:07:15,053 INFO: Executing method 'select_customer' from TransactionTrackerOperations
2018-10-23 12:07:23,780 INFO: Executing method 'select_customer' from TransactionTrackerOperations
2018-10-23 12:08:15,866 INFO: Executing method 'search_process' from TransactionTrackerOperations
2018-10-23 12:08:17,880 INFO: Executing method 'select_customer' from TransactionTrackerOperations
2018-10-23 12:08:26,618 INFO: Executing method 'select_customer' from TransactionTrackerOperations
2018-10-23 12:08:47,746 INFO: Executing method 'search_process' from TransactionTrackerOperations
2018-10-23 12:08:49,764 INFO: Executing method 'select_customer' from TransactionTrackerOperations
2018-10-23 12:08:58,410 INFO: Executing method 'select_customer' from TransactionTrackerOperations
2018-10-23 12:12:56,514 INFO: Executing method 'search_process' from TransactionTrackerOperations
2018-10-23 12:12:58,540 INFO: Executing method 'select_customer' from TransactionTrackerOperations
2018-10-23 12:13:07,469 INFO: Executing method 'select_customer' from TransactionTrackerOperations
