2018-12-03 10:46:56,347 INFO: Executing Script Credit Memo Prodution Data Monitoring
2018-12-03 10:46:56,511 INFO: Executing CMProductionDataMonitoring.execute_main()
2018-12-03 10:47:10,911 INFO: Login in to Launchpad
2018-12-03 10:47:37,889 INFO: Executing CMProductionDataMonitoring.TaskFilter()
2018-12-03 10:47:38,305 INFO: Refreshing access_token
2018-12-03 10:47:47,531 INFO: select InProgress task from input sheet from CMProductionDataMonitoring.TaskFilter()
2018-12-03 10:47:47,532 INFO: Executing TransactionTrackerOperations.search_process_for_CMPDM() for: Performance Health|McKesson BASCOM PALMER EYE INST|810
2018-12-03 10:47:47,784 INFO: Executing TransactionTrackerOperations.select_customer()
2018-12-03 10:47:54,575 INFO: Executing TransactionTrackerOperations.select_customer()
2018-12-03 10:48:05,958 INFO: Executing TransactionTrackerOperations.get_CM_parcels()
2018-12-03 10:48:13,284 INFO: Executing TransactionTrackerOperations.search_process_for_CMPDM() for: Performance Health|McKesson CABELL HUNTINGTON HOSPITAL|810
2018-12-03 10:48:13,340 INFO: Executing TransactionTrackerOperations.select_customer()
2018-12-03 10:49:55,456 ERROR: Error in CMProductionDataMonitoring.TaskFilter()
2018-12-03 10:50:01,591 INFO: Executing TransactionTrackerOperations.search_process_for_CMPDM() for: Performance Health|McKesson CHILDRENS HOSPITAL|810
2018-12-03 10:50:02,573 INFO: Executing TransactionTrackerOperations.select_customer()
2018-12-03 10:50:08,946 INFO: Executing TransactionTrackerOperations.select_customer()
2018-12-03 10:50:11,024 ERROR: Error in CMProductionDataMonitoring.TaskFilter()
2018-12-03 10:50:15,896 INFO: Executing TransactionTrackerOperations.search_process_for_CMPDM() for: Performance Health|McKesson CHRISTIANA CARE HEALTH|810
2018-12-03 10:50:15,910 INFO: Executing TransactionTrackerOperations.select_customer()
2018-12-03 10:52:57,841 INFO: Executing Script Credit Memo Prodution Data Monitoring
2018-12-03 10:52:57,928 INFO: Executing CMProductionDataMonitoring.execute_main()
2018-12-03 10:53:02,857 INFO: Login in to Launchpad
2018-12-03 10:53:47,569 INFO: Executing CMProductionDataMonitoring.TaskFilter()
2018-12-03 10:53:47,877 INFO: Refreshing access_token
2018-12-03 10:53:52,228 INFO: select InProgress task from input sheet from CMProductionDataMonitoring.TaskFilter()
2018-12-03 10:53:52,228 INFO: Executing TransactionTrackerOperations.search_process_for_CMPDM() for: Performance Health|McKesson BASCOM PALMER EYE INST|810
2018-12-03 10:53:52,246 INFO: Executing TransactionTrackerOperations.select_customer()
2018-12-03 10:54:00,480 INFO: Executing TransactionTrackerOperations.select_customer()
2018-12-03 10:54:11,983 INFO: Executing TransactionTrackerOperations.get_CM_parcels()
2018-12-03 10:54:23,116 INFO: Executing TransactionTrackerOperations.search_process_for_CMPDM() for: Performance Health|McKesson CABELL HUNTINGTON HOSPITAL|810
2018-12-03 10:54:23,921 INFO: Executing TransactionTrackerOperations.select_customer()
2018-12-03 10:54:31,492 INFO: Executing TransactionTrackerOperations.select_customer()
2018-12-03 10:54:43,304 INFO: Executing TransactionTrackerOperations.get_CM_parcels()
2018-12-03 10:54:46,064 ERROR: Error in CMProductionDataMonitoring.TaskFilter()
2018-12-03 10:54:53,588 INFO: Executing TransactionTrackerOperations.search_process_for_CMPDM() for: Performance Health|McKesson CHILDRENS HOSPITAL|810
2018-12-03 10:54:54,128 INFO: Executing TransactionTrackerOperations.select_customer()
2018-12-03 10:55:00,940 INFO: Executing TransactionTrackerOperations.select_customer()
2018-12-03 10:55:12,353 INFO: Executing TransactionTrackerOperations.get_CM_parcels()
2018-12-03 10:55:15,210 ERROR: Error in CMProductionDataMonitoring.TaskFilter()
2018-12-03 10:55:21,755 INFO: Executing TransactionTrackerOperations.search_process_for_CMPDM() for: Performance Health|McKesson CHRISTIANA CARE HEALTH|810
2018-12-03 10:55:21,777 INFO: Executing TransactionTrackerOperations.select_customer()
2018-12-03 10:55:28,617 INFO: Executing TransactionTrackerOperations.select_customer()
2018-12-03 12:12:20,843 INFO: Executing Script Credit Memo Prodution Data Monitoring
2018-12-03 12:12:20,935 INFO: Executing CMProductionDataMonitoring.execute_main()
2018-12-03 12:12:25,670 INFO: Login in to Launchpad
2018-12-03 12:12:39,042 INFO: Executing CMProductionDataMonitoring.TaskFilter()
2018-12-03 12:12:39,320 INFO: Refreshing access_token
2018-12-03 12:12:43,421 INFO: select InProgress task from input sheet from CMProductionDataMonitoring.TaskFilter()
2018-12-03 12:12:43,422 INFO: Executing TransactionTrackerOperations.search_process_for_CMPDM() for: Performance Health|McKesson BASCOM PALMER EYE INST|810
2018-12-03 12:12:43,439 INFO: Executing TransactionTrackerOperations.select_customer()
2018-12-03 12:12:50,312 INFO: Executing TransactionTrackerOperations.select_customer()
2018-12-03 12:13:02,152 INFO: Executing TransactionTrackerOperations.get_CM_parcels()
2018-12-03 12:13:09,804 INFO: Executing TransactionTrackerOperations.search_process_for_CMPDM() for: Performance Health|McKesson CABELL HUNTINGTON HOSPITAL|810
2018-12-03 12:13:10,432 INFO: Executing TransactionTrackerOperations.select_customer()
2018-12-03 12:13:17,290 INFO: Executing TransactionTrackerOperations.select_customer()
2018-12-03 12:13:29,177 INFO: Executing TransactionTrackerOperations.get_CM_parcels()
2018-12-03 12:13:31,928 INFO: NoSuchElementException in TransactionTrackerOperations.get_CM_parcels()
2018-12-03 12:13:36,512 INFO: NoSuchElementException in TransactionTrackerOperations.get_CM_parcels()
2018-12-03 12:13:46,777 INFO: Executing TransactionTrackerOperations.search_process_for_CMPDM() for: Performance Health|McKesson CHILDRENS HOSPITAL|810
2018-12-03 12:13:46,840 INFO: Executing TransactionTrackerOperations.select_customer()
2018-12-03 12:13:53,633 INFO: Executing TransactionTrackerOperations.select_customer()
2018-12-03 12:14:05,273 INFO: Executing TransactionTrackerOperations.get_CM_parcels()
2018-12-03 12:14:07,940 INFO: NoSuchElementException in TransactionTrackerOperations.get_CM_parcels()
2018-12-03 12:14:12,601 INFO: NoSuchElementException in TransactionTrackerOperations.get_CM_parcels()
2018-12-03 12:14:15,491 INFO: NoSuchElementException in TransactionTrackerOperations.get_CM_parcels()
2018-12-03 12:14:24,665 INFO: Executing TransactionTrackerOperations.search_process_for_CMPDM() for: Performance Health|McKesson CHRISTIANA CARE HEALTH|810
2018-12-03 12:14:25,076 INFO: Executing TransactionTrackerOperations.select_customer()
2018-12-03 12:14:31,887 INFO: Executing TransactionTrackerOperations.select_customer()
2018-12-03 12:14:43,208 INFO: Executing TransactionTrackerOperations.get_CM_parcels()
2018-12-03 12:14:45,944 INFO: NoSuchElementException in TransactionTrackerOperations.get_CM_parcels()
2018-12-03 12:14:50,570 INFO: NoSuchElementException in TransactionTrackerOperations.get_CM_parcels()
2018-12-03 12:14:55,000 INFO: NoSuchElementException in TransactionTrackerOperations.get_CM_parcels()
2018-12-03 12:14:59,491 INFO: NoSuchElementException in TransactionTrackerOperations.get_CM_parcels()
2018-12-03 12:15:03,929 INFO: NoSuchElementException in TransactionTrackerOperations.get_CM_parcels()
2018-12-03 12:15:08,411 INFO: NoSuchElementException in TransactionTrackerOperations.get_CM_parcels()
2018-12-03 12:15:13,041 INFO: NoSuchElementException in TransactionTrackerOperations.get_CM_parcels()
2018-12-03 12:15:17,504 INFO: NoSuchElementException in TransactionTrackerOperations.get_CM_parcels()
2018-12-03 12:15:22,002 INFO: NoSuchElementException in TransactionTrackerOperations.get_CM_parcels()
2018-12-03 12:15:26,624 INFO: NoSuchElementException in TransactionTrackerOperations.get_CM_parcels()
2018-12-03 12:15:31,147 INFO: NoSuchElementException in TransactionTrackerOperations.get_CM_parcels()
2018-12-03 12:15:33,519 INFO: NoSuchElementException in TransactionTrackerOperations.get_CM_parcels()
2018-12-03 12:15:42,555 INFO: Executing TransactionTrackerOperations.search_process_for_CMPDM() for: Performance Health|McKesson EMH REGIONAL HEALTHCARE SYSTEMS|810
2018-12-03 12:15:42,892 INFO: Executing TransactionTrackerOperations.select_customer()
2018-12-03 12:15:49,720 INFO: Executing TransactionTrackerOperations.select_customer()
2018-12-03 12:16:01,225 INFO: Executing TransactionTrackerOperations.get_CM_parcels()
2018-12-03 12:16:08,905 INFO: Executing TransactionTrackerOperations.search_process_for_CMPDM() for: Performance Health|McKesson EMORY HEALTHCARE|810
2018-12-03 12:16:09,415 INFO: Executing TransactionTrackerOperations.select_customer()
2018-12-03 12:16:16,238 INFO: Executing TransactionTrackerOperations.select_customer()
2018-12-03 12:16:27,412 INFO: Executing TransactionTrackerOperations.get_CM_parcels()
2018-12-03 12:16:30,454 INFO: NoSuchElementException in TransactionTrackerOperations.get_CM_parcels()
2018-12-03 12:17:07,377 INFO: NoSuchElementException in TransactionTrackerOperations.get_CM_parcels()
2018-12-03 12:17:37,620 INFO: NoSuchElementException in TransactionTrackerOperations.get_CM_parcels()
2018-12-03 12:17:46,123 INFO: Executing TransactionTrackerOperations.search_process_for_CMPDM() for: Performance Health|McKesson FIRELANDS REGIONAL MEDICAL CENTER|810
2018-12-03 12:17:46,769 INFO: Executing TransactionTrackerOperations.select_customer()
2018-12-03 12:17:53,622 INFO: Executing TransactionTrackerOperations.select_customer()
2018-12-03 12:18:05,127 INFO: Executing TransactionTrackerOperations.get_CM_parcels()
2018-12-03 12:18:12,343 INFO: Executing TransactionTrackerOperations.search_process_for_CMPDM() for: Performance Health|McKesson FIRSTHEALTH CAROLINAS|810
2018-12-03 12:18:12,686 INFO: Executing TransactionTrackerOperations.select_customer()
2018-12-03 12:18:19,512 INFO: Executing TransactionTrackerOperations.select_customer()
2018-12-03 12:18:30,789 INFO: Executing TransactionTrackerOperations.get_CM_parcels()
2018-12-03 12:18:38,636 INFO: Executing TransactionTrackerOperations.search_process_for_CMPDM() for: Performance Health|McKesson FRANCISCAN ALLIANCE INC|810
2018-12-03 12:18:39,508 INFO: Executing TransactionTrackerOperations.select_customer()
2018-12-03 12:18:47,005 INFO: Executing TransactionTrackerOperations.select_customer()
2018-12-03 12:18:59,328 INFO: Executing TransactionTrackerOperations.get_CM_parcels()
2018-12-03 12:19:42,130 INFO: NoSuchElementException in TransactionTrackerOperations.get_CM_parcels()
2018-12-03 12:19:58,879 INFO: NoSuchElementException in TransactionTrackerOperations.get_CM_parcels()
2018-12-03 12:20:08,161 INFO: Executing TransactionTrackerOperations.search_process_for_CMPDM() for: Performance Health|McKesson GOOD SHEPHERD REHAB NETWORK|810
2018-12-03 12:20:08,694 INFO: Executing TransactionTrackerOperations.select_customer()
2018-12-03 12:20:15,568 INFO: Executing TransactionTrackerOperations.select_customer()
2018-12-03 12:20:27,477 INFO: Executing TransactionTrackerOperations.get_CM_parcels()
2018-12-03 12:21:07,077 INFO: NoSuchElementException in TransactionTrackerOperations.get_CM_parcels()
2018-12-03 12:21:15,456 INFO: NoSuchElementException in TransactionTrackerOperations.get_CM_parcels()
2018-12-03 12:21:24,873 INFO: Executing TransactionTrackerOperations.search_process_for_CMPDM() for: Performance Health|McKesson HALIFAX REGIONAL HOSPITAL|810
2018-12-03 12:21:25,364 INFO: Executing TransactionTrackerOperations.select_customer()
2018-12-03 12:21:32,222 INFO: Executing TransactionTrackerOperations.select_customer()
2018-12-03 12:21:43,897 INFO: Executing TransactionTrackerOperations.get_CM_parcels()
2018-12-03 12:21:51,203 INFO: Executing TransactionTrackerOperations.search_process_for_CMPDM() for: Performance Health|McKesson HATTISBURG CLINIC|810
2018-12-03 12:21:51,587 INFO: Executing TransactionTrackerOperations.select_customer()
2018-12-03 12:21:58,868 INFO: Executing TransactionTrackerOperations.select_customer()
2018-12-03 12:22:10,762 INFO: Executing TransactionTrackerOperations.get_CM_parcels()
2018-12-03 12:22:18,181 INFO: Executing TransactionTrackerOperations.search_process_for_CMPDM() for: Performance Health|McKesson IL BONE AND JOINT|810
2018-12-03 12:22:18,525 INFO: Executing TransactionTrackerOperations.select_customer()
2018-12-03 12:22:25,367 INFO: Executing TransactionTrackerOperations.select_customer()
2018-12-03 12:22:37,185 INFO: Executing TransactionTrackerOperations.get_CM_parcels()
2018-12-03 12:22:44,912 INFO: Executing TransactionTrackerOperations.search_process_for_CMPDM() for: Performance Health|McKesson LAKE CHARLES MEMORIAL HOSPITAL|810
2018-12-03 12:22:45,987 INFO: Executing TransactionTrackerOperations.select_customer()
2018-12-03 12:22:53,142 INFO: Executing TransactionTrackerOperations.select_customer()
2018-12-03 12:23:05,177 INFO: Executing TransactionTrackerOperations.get_CM_parcels()
2018-12-03 12:23:13,458 INFO: Executing TransactionTrackerOperations.search_process_for_CMPDM() for: Performance Health|McKesson LAWRENCE MEMORIAL HOSPITAL|810
2018-12-03 12:23:15,011 INFO: Executing TransactionTrackerOperations.select_customer()
2018-12-03 12:23:21,950 INFO: Executing TransactionTrackerOperations.select_customer()
2018-12-03 12:23:34,163 INFO: Executing TransactionTrackerOperations.get_CM_parcels()
2018-12-03 12:23:49,589 INFO: NoSuchElementException in TransactionTrackerOperations.get_CM_parcels()
2018-12-03 12:23:57,944 INFO: Executing TransactionTrackerOperations.search_process_for_CMPDM() for: Performance Health|McKesson LEESBURG REGIONAL|810
2018-12-03 12:23:58,586 INFO: Executing TransactionTrackerOperations.select_customer()
2018-12-03 12:24:05,188 INFO: Executing TransactionTrackerOperations.select_customer()
2018-12-03 12:24:07,252 ERROR: Error in CMProductionDataMonitoring.TaskFilter()
2018-12-03 12:24:13,153 INFO: Executing TransactionTrackerOperations.search_process_for_CMPDM() for: Performance Health|McKesson LOMA LINDA UNIVERSITY MEDICAL CENTER|810
2018-12-03 12:24:13,168 INFO: Executing TransactionTrackerOperations.select_customer()
2018-12-03 12:24:20,156 INFO: Executing TransactionTrackerOperations.select_customer()
2018-12-03 12:24:33,570 INFO: Executing TransactionTrackerOperations.get_CM_parcels()
2018-12-03 12:24:33,857 INFO: NoSuchElementException in TransactionTrackerOperations.get_CM_parcels()
2018-12-03 12:24:41,745 INFO: Executing TransactionTrackerOperations.search_process_for_CMPDM() for: Performance Health|McKesson MCG HEALTH INC|810
2018-12-03 12:24:41,984 INFO: Executing TransactionTrackerOperations.select_customer()
2018-12-03 12:24:48,841 INFO: Executing TransactionTrackerOperations.select_customer()
2018-12-03 12:25:00,136 INFO: Executing TransactionTrackerOperations.get_CM_parcels()
2018-12-03 12:25:11,248 INFO: NoSuchElementException in TransactionTrackerOperations.get_CM_parcels()
2018-12-03 12:25:19,987 INFO: Executing TransactionTrackerOperations.search_process_for_CMPDM() for: Performance Health|McKesson NCH HEALTHCARE|810
2018-12-03 12:25:20,721 INFO: Executing TransactionTrackerOperations.select_customer()
2018-12-03 12:25:28,259 INFO: Executing TransactionTrackerOperations.select_customer()
2018-12-03 12:25:40,361 INFO: Executing TransactionTrackerOperations.get_CM_parcels()
2018-12-03 12:26:02,158 INFO: NoSuchElementException in TransactionTrackerOperations.get_CM_parcels()
2018-12-03 12:26:09,855 INFO: Executing TransactionTrackerOperations.search_process_for_CMPDM() for: Performance Health|McKesson SACRED HEART HOSPITAL|810
2018-12-03 12:26:10,592 INFO: Executing TransactionTrackerOperations.select_customer()
2018-12-03 12:26:17,489 INFO: Executing TransactionTrackerOperations.select_customer()
2018-12-03 12:26:31,129 INFO: Executing TransactionTrackerOperations.get_CM_parcels()
2018-12-03 12:26:39,084 INFO: Executing TransactionTrackerOperations.search_process_for_CMPDM() for: Performance Health|McKesson SAINT FRANCES MEDICAL CENTER|810
2018-12-03 12:26:39,094 INFO: Executing TransactionTrackerOperations.select_customer()
2018-12-03 12:28:21,502 ERROR: Error in CMProductionDataMonitoring.TaskFilter()
2018-12-03 12:28:27,880 INFO: Executing TransactionTrackerOperations.search_process_for_CMPDM() for: Performance Health|McKesson SOUTHERN NEW HAMPSHIRE MEDICAL CENTER|810
2018-12-03 12:28:28,020 INFO: Executing TransactionTrackerOperations.select_customer()
2018-12-03 12:28:34,224 INFO: Executing TransactionTrackerOperations.select_customer()
2018-12-03 12:28:36,283 ERROR: Error in CMProductionDataMonitoring.TaskFilter()
2018-12-03 12:28:40,761 INFO: Executing TransactionTrackerOperations.search_process_for_CMPDM() for: Performance Health|McKesson TIFT REGIONAL MEDICAL CENTER|810
2018-12-03 12:28:40,782 INFO: Executing TransactionTrackerOperations.select_customer()
2018-12-03 12:28:47,576 INFO: Executing TransactionTrackerOperations.select_customer()
2018-12-03 12:28:59,072 INFO: Executing TransactionTrackerOperations.get_CM_parcels()
2018-12-03 12:29:05,757 INFO: Executing TransactionTrackerOperations.search_process_for_CMPDM() for: Performance Health|McKesson TRINITY MOTHER FRANCES HOSPITAL|810
2018-12-03 12:29:06,264 INFO: Executing TransactionTrackerOperations.select_customer()
2018-12-03 12:29:13,052 INFO: Executing TransactionTrackerOperations.select_customer()
2018-12-03 12:29:24,830 INFO: Executing TransactionTrackerOperations.get_CM_parcels()
2018-12-03 12:29:42,509 INFO: NoSuchElementException in TransactionTrackerOperations.get_CM_parcels()
2018-12-03 12:29:50,516 INFO: Executing TransactionTrackerOperations.search_process_for_CMPDM() for: Performance Health|McKesson Truman Medical Center|810
2018-12-03 12:29:51,651 INFO: Executing TransactionTrackerOperations.select_customer()
2018-12-03 12:29:58,469 INFO: Executing TransactionTrackerOperations.select_customer()
2018-12-03 12:30:10,057 INFO: Executing TransactionTrackerOperations.get_CM_parcels()
2018-12-03 12:30:17,360 INFO: Executing TransactionTrackerOperations.search_process_for_CMPDM() for: Performance Health|McKesson UNITED HOSPITAL SYSTEM INC|810
2018-12-03 12:30:18,510 INFO: Executing TransactionTrackerOperations.select_customer()
2018-12-03 12:30:25,381 INFO: Executing TransactionTrackerOperations.select_customer()
2018-12-03 12:30:37,337 INFO: Executing TransactionTrackerOperations.get_CM_parcels()
2018-12-03 12:30:44,547 INFO: NoSuchElementException in TransactionTrackerOperations.get_CM_parcels()
2018-12-03 12:30:53,435 INFO: Executing TransactionTrackerOperations.search_process_for_CMPDM() for: Performance Health|McKesson VAIL VALLEY MEDICAL CENTER|810
2018-12-03 12:30:53,454 INFO: Executing TransactionTrackerOperations.select_customer()
2018-12-03 12:31:00,343 INFO: Executing TransactionTrackerOperations.select_customer()
2018-12-03 12:31:12,128 INFO: Executing TransactionTrackerOperations.get_CM_parcels()
2018-12-03 12:31:48,856 INFO: NoSuchElementException in TransactionTrackerOperations.get_CM_parcels()
2018-12-03 12:32:04,472 INFO: NoSuchElementException in TransactionTrackerOperations.get_CM_parcels()
2018-12-03 12:32:12,750 INFO: Executing TransactionTrackerOperations.search_process_for_CMPDM() for: Performance Health|McKesson WHEATON FRANCISCAN HEALTHCARE|810
2018-12-03 12:32:13,229 INFO: Executing TransactionTrackerOperations.select_customer()
2018-12-03 12:32:24,069 INFO: Executing TransactionTrackerOperations.select_customer()
2018-12-03 12:32:36,963 INFO: Executing TransactionTrackerOperations.get_CM_parcels()
2018-12-03 12:32:46,209 INFO: Executing TransactionTrackerOperations.search_process_for_CMPDM() for: Performance Health|MFA DSSI|810
2018-12-03 12:32:47,164 INFO: Executing TransactionTrackerOperations.select_customer()
2018-12-03 12:32:54,039 INFO: Executing TransactionTrackerOperations.select_customer()
2018-12-03 12:33:05,584 INFO: Executing TransactionTrackerOperations.get_CM_parcels()
2018-12-03 12:33:12,954 INFO: Executing TransactionTrackerOperations.search_process_for_CMPDM() for: Performance Health|MIDWEST GERIATRIC DSSI|810
2018-12-03 12:33:13,377 INFO: Executing TransactionTrackerOperations.select_customer()
2018-12-03 12:33:20,202 INFO: Executing TransactionTrackerOperations.select_customer()
2018-12-03 12:33:31,613 INFO: Executing TransactionTrackerOperations.get_CM_parcels()
2018-12-03 12:33:37,971 INFO: Executing TransactionTrackerOperations.search_process_for_CMPDM() for: Performance Health|MIDWEST HEALTH DSSI|810
2018-12-03 12:33:38,109 INFO: Executing TransactionTrackerOperations.select_customer()
2018-12-03 12:33:45,153 INFO: Executing TransactionTrackerOperations.select_customer()
2018-12-03 12:33:56,520 INFO: Executing TransactionTrackerOperations.get_CM_parcels()
2018-12-03 12:34:03,285 INFO: NoSuchElementException in TransactionTrackerOperations.get_CM_parcels()
2018-12-03 12:34:11,923 INFO: Executing TransactionTrackerOperations.search_process_for_CMPDM() for: Performance Health|MISSION HEALTH DSSI|810
2018-12-03 12:34:12,245 INFO: Executing TransactionTrackerOperations.select_customer()
2018-12-03 12:34:19,119 INFO: Executing TransactionTrackerOperations.select_customer()
2018-12-03 12:34:30,450 INFO: Executing TransactionTrackerOperations.get_CM_parcels()
2018-12-03 12:34:50,702 INFO: NoSuchElementException in TransactionTrackerOperations.get_CM_parcels()
2018-12-03 12:34:58,540 INFO: Executing TransactionTrackerOperations.search_process_for_CMPDM() for: Performance Health|NEXION DSSI|810
2018-12-03 12:34:58,563 INFO: Executing TransactionTrackerOperations.select_customer()
2018-12-03 12:35:05,373 INFO: Executing TransactionTrackerOperations.select_customer()
2018-12-03 12:35:16,470 INFO: Executing TransactionTrackerOperations.get_CM_parcels()
2018-12-03 12:35:38,952 INFO: NoSuchElementException in TransactionTrackerOperations.get_CM_parcels()
2018-12-03 12:35:47,591 INFO: Executing TransactionTrackerOperations.search_process_for_CMPDM() for: Performance Health|NOLAND HEALTH SERVICES DSSI|810
2018-12-03 12:35:47,616 INFO: Executing TransactionTrackerOperations.select_customer()
2018-12-03 12:35:54,421 INFO: Executing TransactionTrackerOperations.select_customer()
2018-12-03 12:36:05,921 INFO: Executing TransactionTrackerOperations.get_CM_parcels()
2018-12-03 12:36:16,576 INFO: NoSuchElementException in TransactionTrackerOperations.get_CM_parcels()
2018-12-03 12:36:23,523 INFO: Executing TransactionTrackerOperations.search_process_for_CMPDM() for: Performance Health|NORTHPORT DSSI|810
2018-12-03 12:36:24,522 INFO: Executing TransactionTrackerOperations.select_customer()
2018-12-03 12:36:31,376 INFO: Executing TransactionTrackerOperations.select_customer()
2018-12-03 12:36:42,589 INFO: Executing TransactionTrackerOperations.get_CM_parcels()
2018-12-03 12:36:49,980 INFO: Executing TransactionTrackerOperations.search_process_for_CMPDM() for: Performance Health|NUVISION DSSI|810
2018-12-03 12:36:49,999 INFO: Executing TransactionTrackerOperations.select_customer()
2018-12-03 12:36:56,856 INFO: Executing TransactionTrackerOperations.select_customer()
2018-12-03 12:37:07,993 INFO: Executing TransactionTrackerOperations.get_CM_parcels()
2018-12-03 12:37:15,248 INFO: NoSuchElementException in TransactionTrackerOperations.get_CM_parcels()
2018-12-03 12:37:22,423 INFO: Executing TransactionTrackerOperations.search_process_for_CMPDM() for: Performance Health|ONIX GROUP DSSI|810
2018-12-03 12:37:23,404 INFO: Executing TransactionTrackerOperations.select_customer()
2018-12-03 12:37:30,230 INFO: Executing TransactionTrackerOperations.select_customer()
2018-12-03 12:37:41,479 INFO: Executing TransactionTrackerOperations.get_CM_parcels()
2018-12-03 12:37:52,152 INFO: NoSuchElementException in TransactionTrackerOperations.get_CM_parcels()
2018-12-03 12:38:00,601 INFO: Executing TransactionTrackerOperations.search_process_for_CMPDM() for: Performance Health|PENNMED CONSULTANTS INC DSSI|810
2018-12-03 12:38:00,622 INFO: Executing TransactionTrackerOperations.select_customer()
2018-12-03 12:38:07,416 INFO: Executing TransactionTrackerOperations.select_customer()
2018-12-03 12:38:18,846 INFO: Executing TransactionTrackerOperations.get_CM_parcels()
2018-12-03 12:38:26,200 INFO: Executing TransactionTrackerOperations.search_process_for_CMPDM() for: Performance Health|PREFERRED CARE DSSI|810
2018-12-03 12:38:26,220 INFO: Executing TransactionTrackerOperations.select_customer()
2018-12-03 12:38:33,041 INFO: Executing TransactionTrackerOperations.select_customer()
2018-12-03 12:38:44,326 INFO: Executing TransactionTrackerOperations.get_CM_parcels()
2018-12-03 12:38:51,812 INFO: Executing TransactionTrackerOperations.search_process_for_CMPDM() for: Performance Health|PRESBYTERIAN HOMES AND SERVICES DSSI|810
2018-12-03 12:38:51,837 INFO: Executing TransactionTrackerOperations.select_customer()
2018-12-03 12:38:58,651 INFO: Executing TransactionTrackerOperations.select_customer()
2018-12-03 12:39:10,416 INFO: Executing TransactionTrackerOperations.get_CM_parcels()
2018-12-03 12:39:26,461 INFO: NoSuchElementException in TransactionTrackerOperations.get_CM_parcels()
2018-12-03 12:39:34,199 INFO: Executing TransactionTrackerOperations.search_process_for_CMPDM() for: Performance Health|PRESBYTERIAN SENIOR LIVING DSSI|810
2018-12-03 12:39:35,192 INFO: Executing TransactionTrackerOperations.select_customer()
2018-12-03 12:39:42,078 INFO: Executing TransactionTrackerOperations.select_customer()
2018-12-03 12:39:53,814 INFO: Executing TransactionTrackerOperations.get_CM_parcels()
2018-12-03 12:40:02,748 INFO: NoSuchElementException in TransactionTrackerOperations.get_CM_parcels()
2018-12-03 12:40:10,524 INFO: Executing TransactionTrackerOperations.search_process_for_CMPDM() for: Performance Health|QUALITY LIFE SERVICES DSSI|810
2018-12-03 12:40:11,453 INFO: Executing TransactionTrackerOperations.select_customer()
2018-12-03 12:40:18,274 INFO: Executing TransactionTrackerOperations.select_customer()
2018-12-03 12:40:29,535 INFO: Executing TransactionTrackerOperations.get_CM_parcels()
2018-12-03 12:40:45,162 INFO: NoSuchElementException in TransactionTrackerOperations.get_CM_parcels()
2018-12-03 12:40:53,344 INFO: Executing TransactionTrackerOperations.search_process_for_CMPDM() for: Performance Health|Quest Healthcare Development DSSI|810
2018-12-03 12:40:53,365 INFO: Executing TransactionTrackerOperations.select_customer()
2018-12-03 12:41:00,189 INFO: Executing TransactionTrackerOperations.select_customer()
2018-12-03 12:41:11,486 INFO: Executing TransactionTrackerOperations.get_CM_parcels()
2018-12-03 12:41:18,783 INFO: Executing TransactionTrackerOperations.search_process_for_CMPDM() for: Performance Health|Regency Integrated Health Services DSSI|810
2018-12-03 12:41:18,801 INFO: Executing TransactionTrackerOperations.select_customer()
2018-12-03 12:41:25,608 INFO: Executing TransactionTrackerOperations.select_customer()
2018-12-03 12:41:37,253 INFO: Executing TransactionTrackerOperations.get_CM_parcels()
2018-12-03 12:41:44,515 INFO: Executing TransactionTrackerOperations.search_process_for_CMPDM() for: Performance Health|RENNES HEALTH DSSI|810
2018-12-03 12:41:44,526 INFO: Executing TransactionTrackerOperations.select_customer()
2018-12-03 12:43:26,993 ERROR: Error in CMProductionDataMonitoring.TaskFilter()
2018-12-03 12:43:31,892 INFO: Executing TransactionTrackerOperations.search_process_for_CMPDM() for: Performance Health|SABER HEALTHCARE DSSI|810
2018-12-03 12:43:32,778 INFO: Executing TransactionTrackerOperations.select_customer()
2018-12-03 12:43:39,585 INFO: Executing TransactionTrackerOperations.select_customer()
2018-12-03 12:43:50,927 INFO: Executing TransactionTrackerOperations.get_CM_parcels()
2018-12-03 12:43:58,218 INFO: Executing TransactionTrackerOperations.search_process_for_CMPDM() for: Performance Health|SPRENGER HEALTHCARE DSSI|810
2018-12-03 12:43:58,758 INFO: Executing TransactionTrackerOperations.select_customer()
2018-12-03 12:44:05,568 INFO: Executing TransactionTrackerOperations.select_customer()
2018-12-03 12:44:17,012 INFO: Executing TransactionTrackerOperations.get_CM_parcels()
2018-12-03 12:44:52,972 INFO: NoSuchElementException in TransactionTrackerOperations.get_CM_parcels()
2018-12-03 12:45:02,188 INFO: Executing TransactionTrackerOperations.search_process_for_CMPDM() for: Performance Health|SPRINGPOINT DSSI|810
2018-12-03 12:45:03,084 INFO: Executing TransactionTrackerOperations.select_customer()
2018-12-03 12:45:10,650 INFO: Executing TransactionTrackerOperations.select_customer()
2018-12-03 12:45:23,072 INFO: Executing TransactionTrackerOperations.get_CM_parcels()
2018-12-03 12:45:45,305 INFO: NoSuchElementException in TransactionTrackerOperations.get_CM_parcels()
2018-12-03 12:45:55,156 INFO: Executing TransactionTrackerOperations.search_process_for_CMPDM() for: Performance Health|STONERISE MEDICAL DSSI|810
2018-12-03 12:45:55,857 INFO: Executing TransactionTrackerOperations.select_customer()
2018-12-03 12:46:02,857 INFO: Executing TransactionTrackerOperations.select_customer()
2018-12-03 12:46:16,324 INFO: Executing TransactionTrackerOperations.get_CM_parcels()
2018-12-03 12:46:25,908 INFO: Executing TransactionTrackerOperations.search_process_for_CMPDM() for: Performance Health|TAMARAC ADMINISTRACTIVE SERVICES DSSI|810
2018-12-03 12:46:28,257 INFO: Executing TransactionTrackerOperations.select_customer()
2018-12-03 12:46:35,565 INFO: Executing TransactionTrackerOperations.select_customer()
2018-12-03 12:46:50,722 INFO: Executing TransactionTrackerOperations.get_CM_parcels()
2018-12-03 12:46:59,665 INFO: Executing TransactionTrackerOperations.search_process_for_CMPDM() for: Performance Health|TANDEM HEALTHCARE DSSI|810
2018-12-03 12:47:00,855 INFO: Executing TransactionTrackerOperations.select_customer()
2018-12-03 12:47:07,847 INFO: Executing TransactionTrackerOperations.select_customer()
2018-12-03 12:47:19,703 INFO: Executing TransactionTrackerOperations.get_CM_parcels()
2018-12-03 12:47:28,114 INFO: Executing TransactionTrackerOperations.search_process_for_CMPDM() for: Performance Health|TARA CARES LLC DSSI|810
2018-12-03 12:47:29,158 INFO: Executing TransactionTrackerOperations.select_customer()
2018-12-03 12:47:36,141 INFO: Executing TransactionTrackerOperations.select_customer()
2018-12-03 12:47:48,209 INFO: Executing TransactionTrackerOperations.get_CM_parcels()
2018-12-03 12:47:56,688 INFO: Executing TransactionTrackerOperations.search_process_for_CMPDM() for: Performance Health|TEALWOOD TWN DSSI|810
2018-12-03 12:47:57,763 INFO: Executing TransactionTrackerOperations.select_customer()
2018-12-03 12:48:05,031 INFO: Executing TransactionTrackerOperations.select_customer()
2018-12-03 12:48:17,986 INFO: Executing TransactionTrackerOperations.get_CM_parcels()
2018-12-03 12:48:28,193 INFO: Executing TransactionTrackerOperations.search_process_for_CMPDM() for: Performance Health|TRANS HEALTH CARE DSSI|810
2018-12-03 12:48:30,549 INFO: Executing TransactionTrackerOperations.select_customer()
2018-12-03 12:48:36,904 INFO: Executing TransactionTrackerOperations.select_customer()
2018-12-03 12:48:38,979 ERROR: Error in CMProductionDataMonitoring.TaskFilter()
2018-12-03 12:48:43,829 INFO: Executing TransactionTrackerOperations.search_process_for_CMPDM() for: Performance Health|UNITED MEDICAL DSSI|810
2018-12-03 12:48:44,826 INFO: Executing TransactionTrackerOperations.select_customer()
2018-12-03 12:48:51,977 INFO: Executing TransactionTrackerOperations.select_customer()
2018-12-03 12:49:04,242 INFO: Executing TransactionTrackerOperations.get_CM_parcels()
2018-12-03 12:49:13,512 INFO: Executing TransactionTrackerOperations.search_process_for_CMPDM() for: Performance Health|WILMAC DSSI|810
2018-12-03 12:49:14,742 INFO: Executing TransactionTrackerOperations.select_customer()
2018-12-03 12:49:21,984 INFO: Executing TransactionTrackerOperations.select_customer()
2018-12-03 12:49:34,033 INFO: Executing TransactionTrackerOperations.get_CM_parcels()
2018-12-03 12:49:46,822 INFO: NoSuchElementException in TransactionTrackerOperations.get_CM_parcels()
2018-12-03 12:49:56,506 INFO: Executing TransactionTrackerOperations.search_process_for_CMPDM() for: Performance Health|Senior Care Centers LLC|810
2018-12-03 12:49:57,604 INFO: Executing TransactionTrackerOperations.select_customer()
2018-12-03 12:50:04,799 INFO: Executing TransactionTrackerOperations.select_customer()
2018-12-03 12:50:16,718 INFO: Executing TransactionTrackerOperations.get_CM_parcels()
2018-12-03 12:50:24,397 INFO: Executing TransactionTrackerOperations.search_process_for_CMPDM() for: Performance Health|AMERICAN SENIOR COMMUNITIES DSSI|810
2018-12-03 12:50:26,190 INFO: Executing TransactionTrackerOperations.select_customer()
2018-12-03 12:50:33,552 INFO: Executing TransactionTrackerOperations.select_customer()
2018-12-03 12:50:46,764 INFO: Executing TransactionTrackerOperations.get_CM_parcels()
2018-12-03 12:50:56,071 INFO: Executing TransactionTrackerOperations.search_process_for_CMPDM() for: Performance Health|BaneCare Management DSSI|810
2018-12-03 12:50:57,516 INFO: Executing TransactionTrackerOperations.select_customer()
2018-12-03 12:51:04,752 INFO: Executing TransactionTrackerOperations.select_customer()
2018-12-03 12:51:16,963 INFO: Executing TransactionTrackerOperations.get_CM_parcels()
2018-12-03 12:51:25,065 INFO: Executing TransactionTrackerOperations.search_process_for_CMPDM() for: Performance Health|DSSI Next Step Healthcare|810
2018-12-03 12:51:26,568 INFO: Executing TransactionTrackerOperations.select_customer()
2018-12-03 12:51:33,792 INFO: Executing TransactionTrackerOperations.select_customer()
2018-12-03 12:51:46,675 INFO: Executing TransactionTrackerOperations.get_CM_parcels()
2018-12-03 12:51:57,089 INFO: Executing TransactionTrackerOperations.search_process_for_CMPDM() for: Performance Health|Regency Pacific DSSI|810
2018-12-03 12:51:57,467 INFO: Executing TransactionTrackerOperations.select_customer()
2018-12-03 12:52:07,338 INFO: Executing TransactionTrackerOperations.select_customer()
2018-12-03 12:52:21,500 INFO: Executing TransactionTrackerOperations.get_CM_parcels()
2018-12-03 12:52:29,566 INFO: Executing TransactionTrackerOperations.search_process_for_CMPDM() for: Performance Health|ADVANTAGE HPSI DSSI|810
2018-12-03 12:52:29,597 INFO: Executing TransactionTrackerOperations.select_customer()
2018-12-03 12:54:11,901 ERROR: Error in CMProductionDataMonitoring.TaskFilter()
2018-12-03 12:54:16,420 INFO: Executing TransactionTrackerOperations.search_process_for_CMPDM() for: Performance Health|ADVANTAGE NAVIGATOR DSSI|810
2018-12-03 12:54:17,382 INFO: Executing TransactionTrackerOperations.select_customer()
2018-12-03 12:54:24,262 INFO: Executing TransactionTrackerOperations.select_customer()
2018-12-03 12:54:35,836 INFO: Executing TransactionTrackerOperations.get_CM_parcels()
2018-12-03 12:54:43,637 INFO: Executing TransactionTrackerOperations.search_process_for_CMPDM() for: Performance Health|American Health Companies|810
2018-12-03 12:54:44,267 INFO: Executing TransactionTrackerOperations.select_customer()
2018-12-03 12:54:51,133 INFO: Executing TransactionTrackerOperations.select_customer()
2018-12-03 12:55:02,305 INFO: Executing TransactionTrackerOperations.get_CM_parcels()
2018-12-03 12:55:08,876 INFO: Executing TransactionTrackerOperations.search_process_for_CMPDM() for: Performance Health|APEX|810
2018-12-03 12:55:08,894 INFO: Executing TransactionTrackerOperations.select_customer()
2018-12-03 12:56:51,371 ERROR: Error in CMProductionDataMonitoring.TaskFilter()
2018-12-03 12:56:57,678 INFO: Executing TransactionTrackerOperations.search_process_for_CMPDM() for: Performance Health|APEX HEALTHCARE FLORIDA DSSI|810
2018-12-03 12:56:57,707 INFO: Executing TransactionTrackerOperations.select_customer()
2018-12-03 12:57:04,555 INFO: Executing TransactionTrackerOperations.select_customer()
2018-12-03 12:57:16,208 INFO: Executing TransactionTrackerOperations.get_CM_parcels()
2018-12-03 12:57:24,300 INFO: Executing TransactionTrackerOperations.search_process_for_CMPDM() for: Performance Health|ATRIUM LIVING CENTERS DSSI|810
2018-12-03 12:57:24,967 INFO: Executing TransactionTrackerOperations.select_customer()
2018-12-03 12:57:31,839 INFO: Executing TransactionTrackerOperations.select_customer()
2018-12-03 12:57:43,630 INFO: Executing TransactionTrackerOperations.get_CM_parcels()
2018-12-03 12:57:51,631 INFO: Executing TransactionTrackerOperations.search_process_for_CMPDM() for: Performance Health|AXIOM DSSI|810
2018-12-03 12:57:52,320 INFO: Executing TransactionTrackerOperations.select_customer()
2018-12-03 12:57:59,165 INFO: Executing TransactionTrackerOperations.select_customer()
2018-12-03 12:58:10,618 INFO: Executing TransactionTrackerOperations.get_CM_parcels()
2018-12-03 12:58:13,413 INFO: NoSuchElementException in TransactionTrackerOperations.get_CM_parcels()
2018-12-03 12:58:22,566 INFO: Executing TransactionTrackerOperations.search_process_for_CMPDM() for: Performance Health|BE GROUP DSSI|810
2018-12-03 12:58:23,968 INFO: Executing TransactionTrackerOperations.select_customer()
2018-12-03 12:58:31,323 INFO: Executing TransactionTrackerOperations.select_customer()
2018-12-03 12:58:42,434 INFO: Executing TransactionTrackerOperations.get_CM_parcels()
2018-12-03 12:58:49,139 INFO: Executing TransactionTrackerOperations.search_process_for_CMPDM() for: Performance Health|BEACON HEALTH DSSI|810
2018-12-03 12:58:49,522 INFO: Executing TransactionTrackerOperations.select_customer()
2018-12-03 12:58:56,566 INFO: Executing TransactionTrackerOperations.select_customer()
2018-12-03 12:59:07,773 INFO: Executing TransactionTrackerOperations.get_CM_parcels()
2018-12-03 12:59:24,299 INFO: NoSuchElementException in TransactionTrackerOperations.get_CM_parcels()
2018-12-03 12:59:31,754 INFO: Executing TransactionTrackerOperations.search_process_for_CMPDM() for: Performance Health|BENEDICTINE DSSI|810
2018-12-03 12:59:31,768 INFO: Executing TransactionTrackerOperations.select_customer()
2018-12-03 13:01:14,277 ERROR: Error in CMProductionDataMonitoring.TaskFilter()
2018-12-03 13:01:19,221 INFO: Executing TransactionTrackerOperations.search_process_for_CMPDM() for: Performance Health|Bethlen Communities Home Health and Hospice|810
2018-12-03 13:01:19,587 INFO: Executing TransactionTrackerOperations.select_customer()
2018-12-03 13:01:26,430 INFO: Executing TransactionTrackerOperations.select_customer()
2018-12-03 13:01:37,926 INFO: Executing TransactionTrackerOperations.get_CM_parcels()
2018-12-03 13:01:41,161 INFO: NoSuchElementException in TransactionTrackerOperations.get_CM_parcels()
2018-12-03 13:01:48,143 INFO: Executing TransactionTrackerOperations.search_process_for_CMPDM() for: Performance Health|BOMBAY LANE DSSI|810
2018-12-03 13:01:48,454 INFO: Executing TransactionTrackerOperations.select_customer()
2018-12-03 13:01:55,443 INFO: Executing TransactionTrackerOperations.select_customer()
2018-12-03 13:02:06,592 INFO: Executing TransactionTrackerOperations.get_CM_parcels()
2018-12-03 13:02:19,782 INFO: NoSuchElementException in TransactionTrackerOperations.get_CM_parcels()
2018-12-03 13:02:27,692 INFO: Executing TransactionTrackerOperations.search_process_for_CMPDM() for: Performance Health|CARDON AND ASSOCIATES DSSI|810
2018-12-03 13:02:27,993 INFO: Executing TransactionTrackerOperations.select_customer()
2018-12-03 13:02:34,836 INFO: Executing TransactionTrackerOperations.select_customer()
2018-12-03 13:02:46,680 INFO: Executing TransactionTrackerOperations.get_CM_parcels()
2018-12-03 13:03:19,382 INFO: NoSuchElementException in TransactionTrackerOperations.get_CM_parcels()
2018-12-03 13:03:29,228 INFO: NoSuchElementException in TransactionTrackerOperations.get_CM_parcels()
2018-12-03 13:03:36,781 INFO: Executing TransactionTrackerOperations.search_process_for_CMPDM() for: Performance Health|CERES PURCHASING SOLUTIONS DSSI|810
2018-12-03 13:03:36,801 INFO: Executing TransactionTrackerOperations.select_customer()
2018-12-03 13:05:19,295 ERROR: Error in CMProductionDataMonitoring.TaskFilter()
2018-12-03 13:05:25,731 INFO: Executing TransactionTrackerOperations.search_process_for_CMPDM() for: Performance Health|Chosen Healthcare DSSI|810
2018-12-03 13:05:25,752 INFO: Executing TransactionTrackerOperations.select_customer()
2018-12-03 13:05:32,542 INFO: Executing TransactionTrackerOperations.select_customer()
2018-12-03 13:05:43,577 INFO: Executing TransactionTrackerOperations.get_CM_parcels()
2018-12-03 13:05:49,727 INFO: Executing TransactionTrackerOperations.search_process_for_CMPDM() for: Performance Health|CLEAR CHOICE DSSI|810
2018-12-03 13:05:49,747 INFO: Executing TransactionTrackerOperations.select_customer()
2018-12-03 13:07:32,056 ERROR: Error in CMProductionDataMonitoring.TaskFilter()
2018-12-03 13:07:38,635 INFO: Executing TransactionTrackerOperations.search_process_for_CMPDM() for: Performance Health|COMMUNICARE DSSI|810
2018-12-03 13:07:38,658 INFO: Executing TransactionTrackerOperations.select_customer()
2018-12-03 13:07:45,467 INFO: Executing TransactionTrackerOperations.select_customer()
2018-12-03 13:07:56,737 INFO: Executing TransactionTrackerOperations.get_CM_parcels()
2018-12-03 13:08:03,759 INFO: Executing TransactionTrackerOperations.search_process_for_CMPDM() for: Performance Health|COMPLETE HEALTHCARE DSSI|810
2018-12-03 13:08:04,286 INFO: Executing TransactionTrackerOperations.select_customer()
2018-12-03 13:08:11,100 INFO: Executing TransactionTrackerOperations.select_customer()
2018-12-03 13:08:22,601 INFO: Executing TransactionTrackerOperations.get_CM_parcels()
2018-12-03 13:08:56,070 INFO: NoSuchElementException in TransactionTrackerOperations.get_CM_parcels()
2018-12-03 13:09:04,847 INFO: NoSuchElementException in TransactionTrackerOperations.get_CM_parcels()
2018-12-03 13:09:12,299 INFO: Executing TransactionTrackerOperations.search_process_for_CMPDM() for: Performance Health|COVENANT DOVE DSSI|810
2018-12-03 13:09:12,315 INFO: Executing TransactionTrackerOperations.select_customer()
2018-12-03 13:10:54,805 ERROR: Error in CMProductionDataMonitoring.TaskFilter()
2018-12-03 13:11:01,239 INFO: Executing TransactionTrackerOperations.search_process_for_CMPDM() for: Performance Health|DIAKON LUTHERAN DSSI|810
2018-12-03 13:11:01,273 INFO: Executing TransactionTrackerOperations.select_customer()
2018-12-03 13:11:08,072 INFO: Executing TransactionTrackerOperations.select_customer()
2018-12-03 13:11:19,407 INFO: Executing TransactionTrackerOperations.get_CM_parcels()
2018-12-03 13:11:34,426 INFO: NoSuchElementException in TransactionTrackerOperations.get_CM_parcels()
2018-12-03 13:11:41,638 INFO: Executing TransactionTrackerOperations.search_process_for_CMPDM() for: Performance Health|DIVERSICARE DSSI|810
2018-12-03 13:11:42,653 INFO: Executing TransactionTrackerOperations.select_customer()
2018-12-03 13:11:49,740 INFO: Executing TransactionTrackerOperations.select_customer()
2018-12-03 13:12:00,961 INFO: Executing TransactionTrackerOperations.get_CM_parcels()
2018-12-03 13:12:08,784 INFO: Executing TransactionTrackerOperations.search_process_for_CMPDM() for: Performance Health|Dycora Transitional Health DSSI|810
2018-12-03 13:12:09,448 INFO: Executing TransactionTrackerOperations.select_customer()
2018-12-03 13:12:16,374 INFO: Executing TransactionTrackerOperations.select_customer()
2018-12-03 13:12:27,587 INFO: Executing TransactionTrackerOperations.get_CM_parcels()
2018-12-03 13:13:01,027 INFO: NoSuchElementException in TransactionTrackerOperations.get_CM_parcels()
2018-12-03 13:13:06,032 INFO: NoSuchElementException in TransactionTrackerOperations.get_CM_parcels()
2018-12-03 13:13:11,404 ERROR: Error in CMProductionDataMonitoring.TaskFilter()
