2018-12-26 10:59:21,661 INFO: Executing Script Credit Memo Prodution Data Monitoring
2018-12-26 10:59:21,856 INFO: Executing CMProductionDataMonitoring.execute_main()
2018-12-26 10:59:30,497 INFO: Login in to Launchpad
2018-12-26 10:59:45,131 INFO: Executing CMProductionDataMonitoring.TaskFilter()
2018-12-26 10:59:45,512 INFO: Refreshing access_token
2018-12-26 10:59:50,348 INFO: select InProgress task from input sheet from CMProductionDataMonitoring.TaskFilter()
2018-12-26 10:59:50,348 INFO: Executing TransactionTrackerOperations.search_process_for_CMPDM() for: Performance Health|McKesson BASCOM PALMER EYE INST|810
2018-12-26 10:59:50,464 INFO: Executing TransactionTrackerOperations.select_customer()
2018-12-26 10:59:57,796 INFO: Executing TransactionTrackerOperations.select_customer()
2018-12-26 11:00:11,149 INFO: Executing TransactionTrackerOperations.get_CM_parcels()
2018-12-26 11:00:18,784 INFO: Executing TransactionTrackerOperations.search_process_for_CMPDM() for: Performance Health|McKesson CABELL HUNTINGTON HOSPITAL|810
2018-12-26 11:00:19,371 INFO: Executing TransactionTrackerOperations.select_customer()
2018-12-26 11:00:26,518 INFO: Executing TransactionTrackerOperations.select_customer()
2018-12-26 11:00:39,467 INFO: Executing TransactionTrackerOperations.get_CM_parcels()
2018-12-26 11:00:42,757 INFO: NoSuchElementException in TransactionTrackerOperations.get_CM_parcels()
2018-12-26 11:00:47,789 INFO: NoSuchElementException in TransactionTrackerOperations.get_CM_parcels()
2018-12-26 11:00:51,784 INFO: NoSuchElementException in TransactionTrackerOperations.get_CM_parcels()
2018-12-26 11:01:00,569 INFO: Executing TransactionTrackerOperations.search_process_for_CMPDM() for: Performance Health|McKesson CHILDRENS HOSPITAL|810
2018-12-26 11:01:00,980 INFO: Executing TransactionTrackerOperations.select_customer()
2018-12-26 11:01:08,226 INFO: Executing TransactionTrackerOperations.select_customer()
2018-12-26 11:01:20,736 INFO: Executing TransactionTrackerOperations.get_CM_parcels()
2018-12-26 11:01:23,942 INFO: NoSuchElementException in TransactionTrackerOperations.get_CM_parcels()
2018-12-26 11:01:29,049 INFO: NoSuchElementException in TransactionTrackerOperations.get_CM_parcels()
2018-12-26 11:01:32,450 INFO: NoSuchElementException in TransactionTrackerOperations.get_CM_parcels()
2018-12-26 11:01:42,381 INFO: Executing TransactionTrackerOperations.search_process_for_CMPDM() for: Performance Health|McKesson CHRISTIANA CARE HEALTH|810
2018-12-26 11:01:43,253 INFO: Executing TransactionTrackerOperations.select_customer()
2018-12-26 11:01:50,277 INFO: Executing TransactionTrackerOperations.select_customer()
2018-12-26 11:02:02,579 INFO: Executing TransactionTrackerOperations.get_CM_parcels()
2018-12-26 11:02:05,749 INFO: NoSuchElementException in TransactionTrackerOperations.get_CM_parcels()
2018-12-26 11:02:10,844 INFO: NoSuchElementException in TransactionTrackerOperations.get_CM_parcels()
2018-12-26 11:02:15,736 INFO: NoSuchElementException in TransactionTrackerOperations.get_CM_parcels()
2018-12-26 11:02:20,631 INFO: NoSuchElementException in TransactionTrackerOperations.get_CM_parcels()
2018-12-26 11:02:25,497 INFO: NoSuchElementException in TransactionTrackerOperations.get_CM_parcels()
2018-12-26 11:02:30,722 INFO: NoSuchElementException in TransactionTrackerOperations.get_CM_parcels()
2018-12-26 11:02:35,815 INFO: NoSuchElementException in TransactionTrackerOperations.get_CM_parcels()
2018-12-26 11:02:40,790 INFO: NoSuchElementException in TransactionTrackerOperations.get_CM_parcels()
2018-12-26 11:02:45,703 INFO: NoSuchElementException in TransactionTrackerOperations.get_CM_parcels()
2018-12-26 11:02:50,624 INFO: NoSuchElementException in TransactionTrackerOperations.get_CM_parcels()
2018-12-26 11:02:55,562 INFO: NoSuchElementException in TransactionTrackerOperations.get_CM_parcels()
2018-12-26 11:03:00,552 INFO: NoSuchElementException in TransactionTrackerOperations.get_CM_parcels()
2018-12-26 11:03:05,806 INFO: NoSuchElementException in TransactionTrackerOperations.get_CM_parcels()
2018-12-26 11:03:10,955 INFO: NoSuchElementException in TransactionTrackerOperations.get_CM_parcels()
2018-12-26 11:03:16,132 INFO: NoSuchElementException in TransactionTrackerOperations.get_CM_parcels()
2018-12-26 11:03:18,896 INFO: NoSuchElementException in TransactionTrackerOperations.get_CM_parcels()
2018-12-26 11:03:27,487 INFO: Executing TransactionTrackerOperations.search_process_for_CMPDM() for: Performance Health|McKesson EMH REGIONAL HEALTHCARE SYSTEMS|810
2018-12-26 11:03:27,605 INFO: Executing TransactionTrackerOperations.select_customer()
2018-12-26 11:03:34,572 INFO: Executing TransactionTrackerOperations.select_customer()
2018-12-26 11:03:47,230 INFO: Executing TransactionTrackerOperations.get_CM_parcels()
2018-12-26 11:03:54,870 INFO: Executing TransactionTrackerOperations.search_process_for_CMPDM() for: Performance Health|McKesson EMORY HEALTHCARE|810
2018-12-26 11:03:55,032 INFO: Executing TransactionTrackerOperations.select_customer()
2018-12-26 11:04:02,073 INFO: Executing TransactionTrackerOperations.select_customer()
2018-12-26 11:04:14,371 INFO: Executing TransactionTrackerOperations.get_CM_parcels()
2018-12-26 11:04:20,612 INFO: Executing TransactionTrackerOperations.search_process_for_CMPDM() for: Performance Health|McKesson FIRELANDS REGIONAL MEDICAL CENTER|810
2018-12-26 11:04:22,056 INFO: Executing TransactionTrackerOperations.select_customer()
2018-12-26 11:04:29,051 INFO: Executing TransactionTrackerOperations.select_customer()
2018-12-26 11:04:41,700 INFO: Executing TransactionTrackerOperations.get_CM_parcels()
2018-12-26 11:04:49,307 INFO: Executing TransactionTrackerOperations.search_process_for_CMPDM() for: Performance Health|McKesson FIRSTHEALTH CAROLINAS|810
2018-12-26 11:04:49,527 INFO: Executing TransactionTrackerOperations.select_customer()
2018-12-26 11:04:56,522 INFO: Executing TransactionTrackerOperations.select_customer()
2018-12-26 11:05:08,895 INFO: Executing TransactionTrackerOperations.get_CM_parcels()
2018-12-26 11:05:16,689 INFO: Executing TransactionTrackerOperations.search_process_for_CMPDM() for: Performance Health|McKesson FRANCISCAN ALLIANCE INC|810
2018-12-26 11:05:16,961 INFO: Executing TransactionTrackerOperations.select_customer()
2018-12-26 11:05:23,951 INFO: Executing TransactionTrackerOperations.select_customer()
2018-12-26 11:05:36,411 INFO: Executing TransactionTrackerOperations.get_CM_parcels()
2018-12-26 11:05:39,575 INFO: NoSuchElementException in TransactionTrackerOperations.get_CM_parcels()
2018-12-26 11:05:44,687 INFO: NoSuchElementException in TransactionTrackerOperations.get_CM_parcels()
2018-12-26 11:05:49,933 INFO: NoSuchElementException in TransactionTrackerOperations.get_CM_parcels()
2018-12-26 11:05:55,090 INFO: NoSuchElementException in TransactionTrackerOperations.get_CM_parcels()
2018-12-26 11:06:00,335 INFO: NoSuchElementException in TransactionTrackerOperations.get_CM_parcels()
2018-12-26 11:06:05,322 INFO: NoSuchElementException in TransactionTrackerOperations.get_CM_parcels()
2018-12-26 11:06:10,505 INFO: NoSuchElementException in TransactionTrackerOperations.get_CM_parcels()
2018-12-26 11:06:15,420 INFO: NoSuchElementException in TransactionTrackerOperations.get_CM_parcels()
2018-12-26 11:06:20,322 INFO: NoSuchElementException in TransactionTrackerOperations.get_CM_parcels()
2018-12-26 11:06:25,299 INFO: NoSuchElementException in TransactionTrackerOperations.get_CM_parcels()
2018-12-26 11:06:30,547 INFO: NoSuchElementException in TransactionTrackerOperations.get_CM_parcels()
2018-12-26 11:06:35,474 INFO: NoSuchElementException in TransactionTrackerOperations.get_CM_parcels()
2018-12-26 11:06:40,444 INFO: NoSuchElementException in TransactionTrackerOperations.get_CM_parcels()
2018-12-26 11:06:45,643 INFO: NoSuchElementException in TransactionTrackerOperations.get_CM_parcels()
2018-12-26 11:06:50,857 INFO: NoSuchElementException in TransactionTrackerOperations.get_CM_parcels()
2018-12-26 11:06:56,019 INFO: NoSuchElementException in TransactionTrackerOperations.get_CM_parcels()
2018-12-26 11:07:01,076 INFO: NoSuchElementException in TransactionTrackerOperations.get_CM_parcels()
2018-12-26 11:07:04,691 INFO: NoSuchElementException in TransactionTrackerOperations.get_CM_parcels()
2018-12-26 11:07:11,976 INFO: Executing TransactionTrackerOperations.search_process_for_CMPDM() for: Performance Health|McKesson GOOD SHEPHERD REHAB NETWORK|810
2018-12-26 11:07:13,104 INFO: Executing TransactionTrackerOperations.select_customer()
2018-12-26 11:07:20,135 INFO: Executing TransactionTrackerOperations.select_customer()
2018-12-26 11:07:32,765 INFO: Executing TransactionTrackerOperations.get_CM_parcels()
2018-12-26 11:07:36,022 INFO: NoSuchElementException in TransactionTrackerOperations.get_CM_parcels()
2018-12-26 11:07:40,939 INFO: NoSuchElementException in TransactionTrackerOperations.get_CM_parcels()
2018-12-26 11:07:45,888 INFO: NoSuchElementException in TransactionTrackerOperations.get_CM_parcels()
2018-12-26 11:07:50,786 INFO: NoSuchElementException in TransactionTrackerOperations.get_CM_parcels()
2018-12-26 11:07:55,786 INFO: NoSuchElementException in TransactionTrackerOperations.get_CM_parcels()
2018-12-26 11:08:00,770 INFO: NoSuchElementException in TransactionTrackerOperations.get_CM_parcels()
2018-12-26 11:08:05,814 INFO: NoSuchElementException in TransactionTrackerOperations.get_CM_parcels()
2018-12-26 11:08:10,789 INFO: NoSuchElementException in TransactionTrackerOperations.get_CM_parcels()
2018-12-26 11:08:15,779 INFO: NoSuchElementException in TransactionTrackerOperations.get_CM_parcels()
2018-12-26 11:08:20,809 INFO: NoSuchElementException in TransactionTrackerOperations.get_CM_parcels()
2018-12-26 11:08:25,700 INFO: NoSuchElementException in TransactionTrackerOperations.get_CM_parcels()
2018-12-26 11:08:30,585 INFO: NoSuchElementException in TransactionTrackerOperations.get_CM_parcels()
2018-12-26 11:08:35,537 INFO: NoSuchElementException in TransactionTrackerOperations.get_CM_parcels()
2018-12-26 11:08:40,600 INFO: NoSuchElementException in TransactionTrackerOperations.get_CM_parcels()
2018-12-26 11:08:45,595 INFO: NoSuchElementException in TransactionTrackerOperations.get_CM_parcels()
2018-12-26 11:08:50,490 INFO: NoSuchElementException in TransactionTrackerOperations.get_CM_parcels()
2018-12-26 11:08:53,335 INFO: NoSuchElementException in TransactionTrackerOperations.get_CM_parcels()
2018-12-26 11:09:00,796 INFO: Executing TransactionTrackerOperations.search_process_for_CMPDM() for: Performance Health|McKesson HALIFAX REGIONAL HOSPITAL|810
2018-12-26 11:09:02,026 INFO: Executing TransactionTrackerOperations.select_customer()
2018-12-26 11:09:09,002 INFO: Executing TransactionTrackerOperations.select_customer()
2018-12-26 11:09:21,544 INFO: Executing TransactionTrackerOperations.get_CM_parcels()
2018-12-26 11:09:29,232 INFO: Executing TransactionTrackerOperations.search_process_for_CMPDM() for: Performance Health|McKesson HATTISBURG CLINIC|810
2018-12-26 11:09:29,450 INFO: Executing TransactionTrackerOperations.select_customer()
2018-12-26 11:09:36,461 INFO: Executing TransactionTrackerOperations.select_customer()
2018-12-26 11:09:48,607 INFO: Executing TransactionTrackerOperations.get_CM_parcels()
2018-12-26 11:09:55,259 INFO: Executing TransactionTrackerOperations.search_process_for_CMPDM() for: Performance Health|McKesson IL BONE AND JOINT|810
2018-12-26 11:09:55,475 INFO: Executing TransactionTrackerOperations.select_customer()
2018-12-26 11:10:02,582 INFO: Executing TransactionTrackerOperations.select_customer()
2018-12-26 11:10:14,735 INFO: Executing TransactionTrackerOperations.get_CM_parcels()
2018-12-26 11:10:21,683 INFO: Executing TransactionTrackerOperations.search_process_for_CMPDM() for: Performance Health|McKesson LAKE CHARLES MEMORIAL HOSPITAL|810
2018-12-26 11:10:21,871 INFO: Executing TransactionTrackerOperations.select_customer()
2018-12-26 11:10:28,869 INFO: Executing TransactionTrackerOperations.select_customer()
2018-12-26 11:10:41,316 INFO: Executing TransactionTrackerOperations.get_CM_parcels()
2018-12-26 11:10:48,218 INFO: Executing TransactionTrackerOperations.search_process_for_CMPDM() for: Performance Health|McKesson LAWRENCE MEMORIAL HOSPITAL|810
2018-12-26 11:10:48,293 INFO: Executing TransactionTrackerOperations.select_customer()
2018-12-26 11:10:55,271 INFO: Executing TransactionTrackerOperations.select_customer()
2018-12-26 11:11:07,838 INFO: Executing TransactionTrackerOperations.get_CM_parcels()
2018-12-26 11:11:11,607 INFO: NoSuchElementException in TransactionTrackerOperations.get_CM_parcels()
2018-12-26 11:11:16,709 INFO: NoSuchElementException in TransactionTrackerOperations.get_CM_parcels()
2018-12-26 11:11:21,644 INFO: NoSuchElementException in TransactionTrackerOperations.get_CM_parcels()
2018-12-26 11:11:26,503 INFO: NoSuchElementException in TransactionTrackerOperations.get_CM_parcels()
2018-12-26 11:11:31,321 INFO: NoSuchElementException in TransactionTrackerOperations.get_CM_parcels()
2018-12-26 11:11:40,301 INFO: Executing TransactionTrackerOperations.search_process_for_CMPDM() for: Performance Health|McKesson LEESBURG REGIONAL|810
2018-12-26 11:11:40,509 INFO: Executing TransactionTrackerOperations.select_customer()
2018-12-26 11:11:47,495 INFO: Executing TransactionTrackerOperations.select_customer()
2018-12-26 11:11:59,639 INFO: Executing TransactionTrackerOperations.get_CM_parcels()
2018-12-26 11:12:00,626 INFO: NoSuchElementException in TransactionTrackerOperations.get_CM_parcels()
2018-12-26 11:12:09,338 INFO: Executing TransactionTrackerOperations.search_process_for_CMPDM() for: Performance Health|McKesson LOMA LINDA UNIVERSITY MEDICAL CENTER|810
2018-12-26 11:12:09,360 INFO: Executing TransactionTrackerOperations.select_customer()
2018-12-26 11:12:16,315 INFO: Executing TransactionTrackerOperations.select_customer()
2018-12-26 11:12:29,045 INFO: Executing TransactionTrackerOperations.get_CM_parcels()
2018-12-26 11:12:29,363 INFO: NoSuchElementException in TransactionTrackerOperations.get_CM_parcels()
2018-12-26 11:12:37,179 INFO: Executing TransactionTrackerOperations.search_process_for_CMPDM() for: Performance Health|McKesson MCG HEALTH INC|810
2018-12-26 11:12:38,334 INFO: Executing TransactionTrackerOperations.select_customer()
2018-12-26 11:12:45,316 INFO: Executing TransactionTrackerOperations.select_customer()
2018-12-26 11:12:57,346 INFO: Executing TransactionTrackerOperations.get_CM_parcels()
2018-12-26 11:13:00,474 INFO: NoSuchElementException in TransactionTrackerOperations.get_CM_parcels()
2018-12-26 11:13:05,392 INFO: NoSuchElementException in TransactionTrackerOperations.get_CM_parcels()
2018-12-26 11:13:10,313 INFO: NoSuchElementException in TransactionTrackerOperations.get_CM_parcels()
2018-12-26 11:13:15,138 INFO: NoSuchElementException in TransactionTrackerOperations.get_CM_parcels()
2018-12-26 11:13:18,895 INFO: NoSuchElementException in TransactionTrackerOperations.get_CM_parcels()
2018-12-26 11:13:27,371 INFO: Executing TransactionTrackerOperations.search_process_for_CMPDM() for: Performance Health|McKesson NCH HEALTHCARE|810
2018-12-26 11:13:27,528 INFO: Executing TransactionTrackerOperations.select_customer()
2018-12-26 11:13:34,541 INFO: Executing TransactionTrackerOperations.select_customer()
2018-12-26 11:13:46,609 INFO: Executing TransactionTrackerOperations.get_CM_parcels()
2018-12-26 11:13:49,733 INFO: NoSuchElementException in TransactionTrackerOperations.get_CM_parcels()
2018-12-26 11:13:54,819 INFO: NoSuchElementException in TransactionTrackerOperations.get_CM_parcels()
2018-12-26 11:13:59,829 INFO: NoSuchElementException in TransactionTrackerOperations.get_CM_parcels()
2018-12-26 11:14:04,791 INFO: NoSuchElementException in TransactionTrackerOperations.get_CM_parcels()
2018-12-26 11:14:09,627 INFO: NoSuchElementException in TransactionTrackerOperations.get_CM_parcels()
2018-12-26 11:14:14,559 INFO: NoSuchElementException in TransactionTrackerOperations.get_CM_parcels()
2018-12-26 11:14:19,242 INFO: NoSuchElementException in TransactionTrackerOperations.get_CM_parcels()
2018-12-26 11:14:27,071 INFO: Executing TransactionTrackerOperations.search_process_for_CMPDM() for: Performance Health|McKesson SACRED HEART HOSPITAL|810
2018-12-26 11:14:27,158 INFO: Executing TransactionTrackerOperations.select_customer()
2018-12-26 11:14:34,129 INFO: Executing TransactionTrackerOperations.select_customer()
2018-12-26 11:14:46,384 INFO: Executing TransactionTrackerOperations.get_CM_parcels()
2018-12-26 11:14:54,116 INFO: Executing TransactionTrackerOperations.search_process_for_CMPDM() for: Performance Health|McKesson SAINT FRANCES MEDICAL CENTER|810
2018-12-26 11:14:54,364 INFO: Executing TransactionTrackerOperations.select_customer()
2018-12-26 11:15:01,337 INFO: Executing TransactionTrackerOperations.select_customer()
2018-12-26 11:15:13,869 INFO: Executing TransactionTrackerOperations.get_CM_parcels()
2018-12-26 11:15:16,992 INFO: NoSuchElementException in TransactionTrackerOperations.get_CM_parcels()
2018-12-26 11:15:21,998 INFO: NoSuchElementException in TransactionTrackerOperations.get_CM_parcels()
2018-12-26 11:15:26,990 INFO: NoSuchElementException in TransactionTrackerOperations.get_CM_parcels()
2018-12-26 11:15:30,522 INFO: NoSuchElementException in TransactionTrackerOperations.get_CM_parcels()
2018-12-26 11:15:38,709 INFO: Executing TransactionTrackerOperations.search_process_for_CMPDM() for: Performance Health|McKesson SOUTHERN NEW HAMPSHIRE MEDICAL CENTER|810
2018-12-26 11:15:38,869 INFO: Executing TransactionTrackerOperations.select_customer()
2018-12-26 11:15:45,818 INFO: Executing TransactionTrackerOperations.select_customer()
2018-12-26 11:15:58,695 INFO: Executing TransactionTrackerOperations.get_CM_parcels()
2018-12-26 11:16:02,016 INFO: NoSuchElementException in TransactionTrackerOperations.get_CM_parcels()
2018-12-26 11:16:07,108 INFO: NoSuchElementException in TransactionTrackerOperations.get_CM_parcels()
2018-12-26 11:16:12,522 INFO: NoSuchElementException in TransactionTrackerOperations.get_CM_parcels()
2018-12-26 11:16:16,921 INFO: NoSuchElementException in TransactionTrackerOperations.get_CM_parcels()
2018-12-26 11:16:25,772 INFO: Executing TransactionTrackerOperations.search_process_for_CMPDM() for: Performance Health|McKesson TIFT REGIONAL MEDICAL CENTER|810
2018-12-26 11:16:25,949 INFO: Executing TransactionTrackerOperations.select_customer()
2018-12-26 11:16:32,941 INFO: Executing TransactionTrackerOperations.select_customer()
2018-12-26 11:16:45,364 INFO: Executing TransactionTrackerOperations.get_CM_parcels()
2018-12-26 11:16:52,898 INFO: Executing TransactionTrackerOperations.search_process_for_CMPDM() for: Performance Health|McKesson TRINITY MOTHER FRANCES HOSPITAL|810
2018-12-26 11:16:53,151 INFO: Executing TransactionTrackerOperations.select_customer()
2018-12-26 11:17:00,111 INFO: Executing TransactionTrackerOperations.select_customer()
2018-12-26 11:17:12,670 INFO: Executing TransactionTrackerOperations.get_CM_parcels()
2018-12-26 11:17:15,827 INFO: NoSuchElementException in TransactionTrackerOperations.get_CM_parcels()
2018-12-26 11:17:20,761 INFO: NoSuchElementException in TransactionTrackerOperations.get_CM_parcels()
2018-12-26 11:17:25,700 INFO: NoSuchElementException in TransactionTrackerOperations.get_CM_parcels()
2018-12-26 11:17:30,850 INFO: NoSuchElementException in TransactionTrackerOperations.get_CM_parcels()
2018-12-26 11:17:35,853 INFO: NoSuchElementException in TransactionTrackerOperations.get_CM_parcels()
2018-12-26 11:17:40,811 INFO: NoSuchElementException in TransactionTrackerOperations.get_CM_parcels()
2018-12-26 11:17:45,764 INFO: NoSuchElementException in TransactionTrackerOperations.get_CM_parcels()
2018-12-26 11:17:54,383 INFO: Executing TransactionTrackerOperations.search_process_for_CMPDM() for: Performance Health|McKesson Truman Medical Center|810
2018-12-26 11:17:54,512 INFO: Executing TransactionTrackerOperations.select_customer()
2018-12-26 11:18:01,457 INFO: Executing TransactionTrackerOperations.select_customer()
2018-12-26 11:18:13,536 INFO: Executing TransactionTrackerOperations.get_CM_parcels()
2018-12-26 11:18:17,997 INFO: Executing TransactionTrackerOperations.search_process_for_CMPDM() for: Performance Health|McKesson UNITED HOSPITAL SYSTEM INC|810
2018-12-26 11:18:18,102 INFO: Executing TransactionTrackerOperations.select_customer()
2018-12-26 11:18:25,156 INFO: Executing TransactionTrackerOperations.select_customer()
2018-12-26 11:18:37,539 INFO: Executing TransactionTrackerOperations.get_CM_parcels()
2018-12-26 11:18:40,904 INFO: NoSuchElementException in TransactionTrackerOperations.get_CM_parcels()
2018-12-26 11:18:45,972 INFO: NoSuchElementException in TransactionTrackerOperations.get_CM_parcels()
2018-12-26 11:18:50,844 INFO: NoSuchElementException in TransactionTrackerOperations.get_CM_parcels()
2018-12-26 11:18:53,559 INFO: NoSuchElementException in TransactionTrackerOperations.get_CM_parcels()
2018-12-26 11:19:00,191 INFO: Executing TransactionTrackerOperations.search_process_for_CMPDM() for: Performance Health|McKesson VAIL VALLEY MEDICAL CENTER|810
2018-12-26 11:19:00,863 INFO: Executing TransactionTrackerOperations.select_customer()
2018-12-26 11:19:07,814 INFO: Executing TransactionTrackerOperations.select_customer()
2018-12-26 11:19:20,389 INFO: Executing TransactionTrackerOperations.get_CM_parcels()
2018-12-26 11:19:23,668 INFO: NoSuchElementException in TransactionTrackerOperations.get_CM_parcels()
2018-12-26 11:19:28,602 INFO: NoSuchElementException in TransactionTrackerOperations.get_CM_parcels()
2018-12-26 11:19:33,566 INFO: NoSuchElementException in TransactionTrackerOperations.get_CM_parcels()
2018-12-26 11:19:38,447 INFO: NoSuchElementException in TransactionTrackerOperations.get_CM_parcels()
2018-12-26 11:19:43,430 INFO: NoSuchElementException in TransactionTrackerOperations.get_CM_parcels()
2018-12-26 11:19:48,280 INFO: NoSuchElementException in TransactionTrackerOperations.get_CM_parcels()
2018-12-26 11:19:53,361 INFO: NoSuchElementException in TransactionTrackerOperations.get_CM_parcels()
2018-12-26 11:19:58,386 INFO: NoSuchElementException in TransactionTrackerOperations.get_CM_parcels()
2018-12-26 11:20:03,249 INFO: NoSuchElementException in TransactionTrackerOperations.get_CM_parcels()
2018-12-26 11:20:08,208 INFO: NoSuchElementException in TransactionTrackerOperations.get_CM_parcels()
2018-12-26 11:20:13,140 INFO: NoSuchElementException in TransactionTrackerOperations.get_CM_parcels()
2018-12-26 11:20:18,068 INFO: NoSuchElementException in TransactionTrackerOperations.get_CM_parcels()
2018-12-26 11:20:22,046 ERROR: Error in CMProductionDataMonitoring.TaskFilter()
2018-12-26 11:20:26,773 INFO: Executing TransactionTrackerOperations.search_process_for_CMPDM() for: Performance Health|McKesson WHEATON FRANCISCAN HEALTHCARE|810
2018-12-26 11:20:27,463 INFO: Executing TransactionTrackerOperations.select_customer()
2018-12-26 11:20:34,478 INFO: Executing TransactionTrackerOperations.select_customer()
2018-12-26 11:20:47,010 INFO: Executing TransactionTrackerOperations.get_CM_parcels()
2018-12-26 11:20:54,919 INFO: Executing TransactionTrackerOperations.search_process_for_CMPDM() for: Performance Health|MFA DSSI|810
2018-12-26 11:20:55,196 INFO: Executing TransactionTrackerOperations.select_customer()
2018-12-26 11:21:02,240 INFO: Executing TransactionTrackerOperations.select_customer()
2018-12-26 11:21:13,881 INFO: Executing TransactionTrackerOperations.get_CM_parcels()
2018-12-26 11:21:20,124 INFO: Executing TransactionTrackerOperations.search_process_for_CMPDM() for: Performance Health|MIDWEST GERIATRIC DSSI|810
2018-12-26 11:21:20,370 INFO: Executing TransactionTrackerOperations.select_customer()
2018-12-26 11:21:27,348 INFO: Executing TransactionTrackerOperations.select_customer()
2018-12-26 11:21:39,209 INFO: Executing TransactionTrackerOperations.get_CM_parcels()
2018-12-26 11:21:39,525 INFO: NoSuchElementException in TransactionTrackerOperations.get_CM_parcels()
2018-12-26 11:21:48,757 INFO: Executing TransactionTrackerOperations.search_process_for_CMPDM() for: Performance Health|MIDWEST HEALTH DSSI|810
2018-12-26 11:21:48,897 INFO: Executing TransactionTrackerOperations.select_customer()
2018-12-26 11:21:55,866 INFO: Executing TransactionTrackerOperations.select_customer()
2018-12-26 11:22:07,671 INFO: Executing TransactionTrackerOperations.get_CM_parcels()
2018-12-26 11:22:10,729 INFO: NoSuchElementException in TransactionTrackerOperations.get_CM_parcels()
2018-12-26 11:22:15,667 INFO: NoSuchElementException in TransactionTrackerOperations.get_CM_parcels()
2018-12-26 11:22:20,616 INFO: NoSuchElementException in TransactionTrackerOperations.get_CM_parcels()
2018-12-26 11:22:23,334 INFO: NoSuchElementException in TransactionTrackerOperations.get_CM_parcels()
2018-12-26 11:22:31,971 INFO: Executing TransactionTrackerOperations.search_process_for_CMPDM() for: Performance Health|MISSION HEALTH DSSI|810
2018-12-26 11:22:32,108 INFO: Executing TransactionTrackerOperations.select_customer()
2018-12-26 11:22:39,091 INFO: Executing TransactionTrackerOperations.select_customer()
2018-12-26 11:22:50,788 INFO: Executing TransactionTrackerOperations.get_CM_parcels()
2018-12-26 11:22:53,920 INFO: NoSuchElementException in TransactionTrackerOperations.get_CM_parcels()
2018-12-26 11:22:58,836 INFO: NoSuchElementException in TransactionTrackerOperations.get_CM_parcels()
2018-12-26 11:23:03,797 INFO: NoSuchElementException in TransactionTrackerOperations.get_CM_parcels()
2018-12-26 11:23:08,662 INFO: NoSuchElementException in TransactionTrackerOperations.get_CM_parcels()
2018-12-26 11:23:13,533 INFO: NoSuchElementException in TransactionTrackerOperations.get_CM_parcels()
2018-12-26 11:23:18,527 INFO: NoSuchElementException in TransactionTrackerOperations.get_CM_parcels()
2018-12-26 11:23:23,410 INFO: NoSuchElementException in TransactionTrackerOperations.get_CM_parcels()
2018-12-26 11:23:27,563 INFO: NoSuchElementException in TransactionTrackerOperations.get_CM_parcels()
2018-12-26 11:23:36,461 INFO: Executing TransactionTrackerOperations.search_process_for_CMPDM() for: Performance Health|NEXION DSSI|810
2018-12-26 11:23:36,663 INFO: Executing TransactionTrackerOperations.select_customer()
2018-12-26 11:23:43,617 INFO: Executing TransactionTrackerOperations.select_customer()
2018-12-26 11:23:55,214 INFO: Executing TransactionTrackerOperations.get_CM_parcels()
2018-12-26 11:23:58,401 INFO: NoSuchElementException in TransactionTrackerOperations.get_CM_parcels()
2018-12-26 11:24:03,584 INFO: NoSuchElementException in TransactionTrackerOperations.get_CM_parcels()
2018-12-26 11:24:08,522 INFO: NoSuchElementException in TransactionTrackerOperations.get_CM_parcels()
2018-12-26 11:24:13,608 INFO: NoSuchElementException in TransactionTrackerOperations.get_CM_parcels()
2018-12-26 11:24:18,709 INFO: NoSuchElementException in TransactionTrackerOperations.get_CM_parcels()
2018-12-26 11:24:23,749 INFO: NoSuchElementException in TransactionTrackerOperations.get_CM_parcels()
2018-12-26 11:24:28,685 INFO: NoSuchElementException in TransactionTrackerOperations.get_CM_parcels()
2018-12-26 11:24:33,615 INFO: NoSuchElementException in TransactionTrackerOperations.get_CM_parcels()
2018-12-26 11:24:38,537 INFO: NoSuchElementException in TransactionTrackerOperations.get_CM_parcels()
2018-12-26 11:24:47,367 INFO: Executing TransactionTrackerOperations.search_process_for_CMPDM() for: Performance Health|NOLAND HEALTH SERVICES DSSI|810
2018-12-26 11:24:48,603 INFO: Executing TransactionTrackerOperations.select_customer()
2018-12-26 11:24:55,575 INFO: Executing TransactionTrackerOperations.select_customer()
2018-12-26 11:25:07,836 INFO: Executing TransactionTrackerOperations.get_CM_parcels()
2018-12-26 11:25:11,264 INFO: NoSuchElementException in TransactionTrackerOperations.get_CM_parcels()
2018-12-26 11:25:16,597 INFO: NoSuchElementException in TransactionTrackerOperations.get_CM_parcels()
2018-12-26 11:25:21,836 INFO: NoSuchElementException in TransactionTrackerOperations.get_CM_parcels()
2018-12-26 11:25:26,674 INFO: NoSuchElementException in TransactionTrackerOperations.get_CM_parcels()
2018-12-26 11:25:31,651 INFO: NoSuchElementException in TransactionTrackerOperations.get_CM_parcels()
2018-12-26 11:25:34,366 INFO: NoSuchElementException in TransactionTrackerOperations.get_CM_parcels()
2018-12-26 11:25:42,996 INFO: Executing TransactionTrackerOperations.search_process_for_CMPDM() for: Performance Health|NORTHPORT DSSI|810
2018-12-26 11:25:43,181 INFO: Executing TransactionTrackerOperations.select_customer()
2018-12-26 11:25:50,213 INFO: Executing TransactionTrackerOperations.select_customer()
2018-12-26 11:26:01,990 INFO: Executing TransactionTrackerOperations.get_CM_parcels()
2018-12-26 11:26:09,575 INFO: Executing TransactionTrackerOperations.search_process_for_CMPDM() for: Performance Health|NUVISION DSSI|810
2018-12-26 11:26:09,784 INFO: Executing TransactionTrackerOperations.select_customer()
2018-12-26 11:26:16,849 INFO: Executing TransactionTrackerOperations.select_customer()
2018-12-26 11:26:28,390 INFO: Executing TransactionTrackerOperations.get_CM_parcels()
2018-12-26 11:26:31,442 INFO: NoSuchElementException in TransactionTrackerOperations.get_CM_parcels()
2018-12-26 11:26:36,395 INFO: NoSuchElementException in TransactionTrackerOperations.get_CM_parcels()
2018-12-26 11:26:41,290 INFO: NoSuchElementException in TransactionTrackerOperations.get_CM_parcels()
2018-12-26 11:26:51,244 INFO: Executing TransactionTrackerOperations.search_process_for_CMPDM() for: Performance Health|ONIX GROUP DSSI|810
2018-12-26 11:26:51,365 INFO: Executing TransactionTrackerOperations.select_customer()
2018-12-26 11:26:58,360 INFO: Executing TransactionTrackerOperations.select_customer()
2018-12-26 11:27:10,137 INFO: Executing TransactionTrackerOperations.get_CM_parcels()
2018-12-26 11:27:13,305 INFO: NoSuchElementException in TransactionTrackerOperations.get_CM_parcels()
2018-12-26 11:27:18,397 INFO: NoSuchElementException in TransactionTrackerOperations.get_CM_parcels()
2018-12-26 11:27:23,354 INFO: NoSuchElementException in TransactionTrackerOperations.get_CM_parcels()
2018-12-26 11:27:28,198 INFO: NoSuchElementException in TransactionTrackerOperations.get_CM_parcels()
2018-12-26 11:27:31,274 INFO: NoSuchElementException in TransactionTrackerOperations.get_CM_parcels()
2018-12-26 11:27:39,771 INFO: Executing TransactionTrackerOperations.search_process_for_CMPDM() for: Performance Health|PENNMED CONSULTANTS INC DSSI|810
2018-12-26 11:27:39,928 INFO: Executing TransactionTrackerOperations.select_customer()
2018-12-26 11:27:46,877 INFO: Executing TransactionTrackerOperations.select_customer()
2018-12-26 11:27:58,872 INFO: Executing TransactionTrackerOperations.get_CM_parcels()
2018-12-26 11:28:06,541 INFO: Executing TransactionTrackerOperations.search_process_for_CMPDM() for: Performance Health|PREFERRED CARE DSSI|810
2018-12-26 11:28:06,719 INFO: Executing TransactionTrackerOperations.select_customer()
2018-12-26 11:28:13,689 INFO: Executing TransactionTrackerOperations.select_customer()
2018-12-26 11:28:25,358 INFO: Executing TransactionTrackerOperations.get_CM_parcels()
2018-12-26 11:28:33,051 INFO: Executing TransactionTrackerOperations.search_process_for_CMPDM() for: Performance Health|PRESBYTERIAN HOMES AND SERVICES DSSI|810
2018-12-26 11:28:33,218 INFO: Executing TransactionTrackerOperations.select_customer()
2018-12-26 11:28:40,330 INFO: Executing TransactionTrackerOperations.select_customer()
2018-12-26 11:28:52,644 INFO: Executing TransactionTrackerOperations.get_CM_parcels()
2018-12-26 11:28:55,760 INFO: NoSuchElementException in TransactionTrackerOperations.get_CM_parcels()
2018-12-26 11:29:00,765 INFO: NoSuchElementException in TransactionTrackerOperations.get_CM_parcels()
2018-12-26 11:29:05,624 INFO: NoSuchElementException in TransactionTrackerOperations.get_CM_parcels()
2018-12-26 11:29:10,503 INFO: NoSuchElementException in TransactionTrackerOperations.get_CM_parcels()
2018-12-26 11:29:15,359 INFO: NoSuchElementException in TransactionTrackerOperations.get_CM_parcels()
2018-12-26 11:29:20,353 INFO: NoSuchElementException in TransactionTrackerOperations.get_CM_parcels()
2018-12-26 11:29:24,130 INFO: NoSuchElementException in TransactionTrackerOperations.get_CM_parcels()
2018-12-26 11:29:32,073 INFO: Executing TransactionTrackerOperations.search_process_for_CMPDM() for: Performance Health|PRESBYTERIAN SENIOR LIVING DSSI|810
2018-12-26 11:29:32,318 INFO: Executing TransactionTrackerOperations.select_customer()
2018-12-26 11:29:39,285 INFO: Executing TransactionTrackerOperations.select_customer()
2018-12-26 11:29:51,640 INFO: Executing TransactionTrackerOperations.get_CM_parcels()
2018-12-26 11:29:54,769 INFO: NoSuchElementException in TransactionTrackerOperations.get_CM_parcels()
2018-12-26 11:29:59,682 INFO: NoSuchElementException in TransactionTrackerOperations.get_CM_parcels()
2018-12-26 11:30:04,664 INFO: NoSuchElementException in TransactionTrackerOperations.get_CM_parcels()
2018-12-26 11:30:09,481 INFO: NoSuchElementException in TransactionTrackerOperations.get_CM_parcels()
2018-12-26 11:30:12,727 INFO: NoSuchElementException in TransactionTrackerOperations.get_CM_parcels()
2018-12-26 11:30:20,821 INFO: Executing TransactionTrackerOperations.search_process_for_CMPDM() for: Performance Health|QUALITY LIFE SERVICES DSSI|810
2018-12-26 11:30:20,988 INFO: Executing TransactionTrackerOperations.select_customer()
2018-12-26 11:30:27,960 INFO: Executing TransactionTrackerOperations.select_customer()
2018-12-26 11:30:39,880 INFO: Executing TransactionTrackerOperations.get_CM_parcels()
2018-12-26 11:30:42,985 INFO: NoSuchElementException in TransactionTrackerOperations.get_CM_parcels()
2018-12-26 11:30:47,892 INFO: NoSuchElementException in TransactionTrackerOperations.get_CM_parcels()
2018-12-26 11:30:52,830 INFO: NoSuchElementException in TransactionTrackerOperations.get_CM_parcels()
2018-12-26 11:30:57,615 INFO: NoSuchElementException in TransactionTrackerOperations.get_CM_parcels()
2018-12-26 11:31:02,675 INFO: NoSuchElementException in TransactionTrackerOperations.get_CM_parcels()
2018-12-26 11:31:07,499 INFO: NoSuchElementException in TransactionTrackerOperations.get_CM_parcels()
2018-12-26 11:31:10,527 INFO: NoSuchElementException in TransactionTrackerOperations.get_CM_parcels()
2018-12-26 11:31:18,520 INFO: Executing TransactionTrackerOperations.search_process_for_CMPDM() for: Performance Health|Quest Healthcare Development DSSI|810
2018-12-26 11:31:18,682 INFO: Executing TransactionTrackerOperations.select_customer()
2018-12-26 11:31:25,669 INFO: Executing TransactionTrackerOperations.select_customer()
2018-12-26 11:31:37,534 INFO: Executing TransactionTrackerOperations.get_CM_parcels()
2018-12-26 11:31:43,518 INFO: Executing TransactionTrackerOperations.search_process_for_CMPDM() for: Performance Health|Regency Integrated Health Services DSSI|810
2018-12-26 11:31:43,706 INFO: Executing TransactionTrackerOperations.select_customer()
2018-12-26 11:31:50,954 INFO: Executing TransactionTrackerOperations.select_customer()
2018-12-26 11:32:03,253 INFO: Executing TransactionTrackerOperations.get_CM_parcels()
2018-12-26 11:32:09,670 INFO: Executing TransactionTrackerOperations.search_process_for_CMPDM() for: Performance Health|RENNES HEALTH DSSI|810
2018-12-26 11:32:09,972 INFO: Executing TransactionTrackerOperations.select_customer()
2018-12-26 11:32:16,925 INFO: Executing TransactionTrackerOperations.select_customer()
2018-12-26 11:32:28,673 INFO: Executing TransactionTrackerOperations.get_CM_parcels()
2018-12-26 11:32:31,711 INFO: NoSuchElementException in TransactionTrackerOperations.get_CM_parcels()
2018-12-26 11:32:36,584 INFO: NoSuchElementException in TransactionTrackerOperations.get_CM_parcels()
2018-12-26 11:32:41,536 INFO: NoSuchElementException in TransactionTrackerOperations.get_CM_parcels()
2018-12-26 11:32:46,352 INFO: NoSuchElementException in TransactionTrackerOperations.get_CM_parcels()
2018-12-26 11:32:51,218 INFO: NoSuchElementException in TransactionTrackerOperations.get_CM_parcels()
2018-12-26 11:32:54,475 INFO: NoSuchElementException in TransactionTrackerOperations.get_CM_parcels()
2018-12-26 11:33:03,398 INFO: Executing TransactionTrackerOperations.search_process_for_CMPDM() for: Performance Health|SABER HEALTHCARE DSSI|810
2018-12-26 11:33:03,655 INFO: Executing TransactionTrackerOperations.select_customer()
2018-12-26 11:33:10,754 INFO: Executing TransactionTrackerOperations.select_customer()
2018-12-26 11:33:22,590 INFO: Executing TransactionTrackerOperations.get_CM_parcels()
2018-12-26 11:33:29,496 INFO: Executing TransactionTrackerOperations.search_process_for_CMPDM() for: Performance Health|SPRENGER HEALTHCARE DSSI|810
2018-12-26 11:33:29,751 INFO: Executing TransactionTrackerOperations.select_customer()
2018-12-26 11:33:36,692 INFO: Executing TransactionTrackerOperations.select_customer()
2018-12-26 11:33:48,741 INFO: Executing TransactionTrackerOperations.get_CM_parcels()
2018-12-26 11:33:51,822 INFO: NoSuchElementException in TransactionTrackerOperations.get_CM_parcels()
2018-12-26 11:33:56,758 INFO: NoSuchElementException in TransactionTrackerOperations.get_CM_parcels()
2018-12-26 11:34:02,069 INFO: NoSuchElementException in TransactionTrackerOperations.get_CM_parcels()
2018-12-26 11:34:06,914 INFO: NoSuchElementException in TransactionTrackerOperations.get_CM_parcels()
2018-12-26 11:34:11,782 INFO: NoSuchElementException in TransactionTrackerOperations.get_CM_parcels()
2018-12-26 11:34:17,046 INFO: NoSuchElementException in TransactionTrackerOperations.get_CM_parcels()
2018-12-26 11:34:21,886 INFO: NoSuchElementException in TransactionTrackerOperations.get_CM_parcels()
2018-12-26 11:34:26,778 INFO: NoSuchElementException in TransactionTrackerOperations.get_CM_parcels()
2018-12-26 11:34:31,839 INFO: NoSuchElementException in TransactionTrackerOperations.get_CM_parcels()
2018-12-26 11:34:36,764 INFO: NoSuchElementException in TransactionTrackerOperations.get_CM_parcels()
2018-12-26 11:34:41,719 INFO: NoSuchElementException in TransactionTrackerOperations.get_CM_parcels()
2018-12-26 11:34:46,088 INFO: NoSuchElementException in TransactionTrackerOperations.get_CM_parcels()
2018-12-26 11:34:53,254 INFO: Executing TransactionTrackerOperations.search_process_for_CMPDM() for: Performance Health|SPRINGPOINT DSSI|810
2018-12-26 11:34:54,414 INFO: Executing TransactionTrackerOperations.select_customer()
2018-12-26 11:35:01,366 INFO: Executing TransactionTrackerOperations.select_customer()
2018-12-26 11:35:13,011 INFO: Executing TransactionTrackerOperations.get_CM_parcels()
2018-12-26 11:35:16,113 INFO: NoSuchElementException in TransactionTrackerOperations.get_CM_parcels()
2018-12-26 11:35:21,045 INFO: NoSuchElementException in TransactionTrackerOperations.get_CM_parcels()
2018-12-26 11:35:25,923 INFO: NoSuchElementException in TransactionTrackerOperations.get_CM_parcels()
2018-12-26 11:35:30,762 INFO: NoSuchElementException in TransactionTrackerOperations.get_CM_parcels()
2018-12-26 11:35:34,565 INFO: NoSuchElementException in TransactionTrackerOperations.get_CM_parcels()
2018-12-26 11:35:42,157 INFO: Executing TransactionTrackerOperations.search_process_for_CMPDM() for: Performance Health|STONERISE MEDICAL DSSI|810
2018-12-26 11:35:42,333 INFO: Executing TransactionTrackerOperations.select_customer()
2018-12-26 11:35:49,316 INFO: Executing TransactionTrackerOperations.select_customer()
2018-12-26 11:36:01,396 INFO: Executing TransactionTrackerOperations.get_CM_parcels()
2018-12-26 11:36:09,092 INFO: Executing TransactionTrackerOperations.search_process_for_CMPDM() for: Performance Health|TAMARAC ADMINISTRACTIVE SERVICES DSSI|810
2018-12-26 11:36:09,275 INFO: Executing TransactionTrackerOperations.select_customer()
2018-12-26 11:36:16,327 INFO: Executing TransactionTrackerOperations.select_customer()
2018-12-26 11:36:28,796 INFO: Executing TransactionTrackerOperations.get_CM_parcels()
2018-12-26 11:36:35,272 INFO: Executing TransactionTrackerOperations.search_process_for_CMPDM() for: Performance Health|TANDEM HEALTHCARE DSSI|810
2018-12-26 11:36:35,485 INFO: Executing TransactionTrackerOperations.select_customer()
2018-12-26 11:36:42,456 INFO: Executing TransactionTrackerOperations.select_customer()
2018-12-26 11:36:54,367 INFO: Executing TransactionTrackerOperations.get_CM_parcels()
2018-12-26 11:37:01,076 INFO: Executing TransactionTrackerOperations.search_process_for_CMPDM() for: Performance Health|TARA CARES LLC DSSI|810
2018-12-26 11:37:02,246 INFO: Executing TransactionTrackerOperations.select_customer()
2018-12-26 11:37:09,237 INFO: Executing TransactionTrackerOperations.select_customer()
2018-12-26 11:37:20,997 INFO: Executing TransactionTrackerOperations.get_CM_parcels()
2018-12-26 11:37:26,871 INFO: Executing TransactionTrackerOperations.search_process_for_CMPDM() for: Performance Health|TEALWOOD TWN DSSI|810
2018-12-26 11:37:28,070 INFO: Executing TransactionTrackerOperations.select_customer()
2018-12-26 11:37:35,085 INFO: Executing TransactionTrackerOperations.select_customer()
2018-12-26 11:37:46,811 INFO: Executing TransactionTrackerOperations.get_CM_parcels()
2018-12-26 11:37:50,125 INFO: NoSuchElementException in TransactionTrackerOperations.get_CM_parcels()
2018-12-26 11:37:55,078 INFO: NoSuchElementException in TransactionTrackerOperations.get_CM_parcels()
2018-12-26 11:37:59,933 INFO: NoSuchElementException in TransactionTrackerOperations.get_CM_parcels()
2018-12-26 11:38:04,897 INFO: NoSuchElementException in TransactionTrackerOperations.get_CM_parcels()
2018-12-26 11:38:09,793 INFO: NoSuchElementException in TransactionTrackerOperations.get_CM_parcels()
2018-12-26 11:38:14,768 INFO: NoSuchElementException in TransactionTrackerOperations.get_CM_parcels()
2018-12-26 11:38:19,737 INFO: NoSuchElementException in TransactionTrackerOperations.get_CM_parcels()
2018-12-26 11:38:24,655 INFO: NoSuchElementException in TransactionTrackerOperations.get_CM_parcels()
2018-12-26 11:38:29,703 INFO: NoSuchElementException in TransactionTrackerOperations.get_CM_parcels()
2018-12-26 11:38:34,596 INFO: NoSuchElementException in TransactionTrackerOperations.get_CM_parcels()
2018-12-26 11:38:39,545 INFO: NoSuchElementException in TransactionTrackerOperations.get_CM_parcels()
2018-12-26 11:38:48,582 INFO: Executing TransactionTrackerOperations.search_process_for_CMPDM() for: Performance Health|TRANS HEALTH CARE DSSI|810
2018-12-26 11:38:49,736 INFO: Executing TransactionTrackerOperations.select_customer()
2018-12-26 11:38:56,714 INFO: Executing TransactionTrackerOperations.select_customer()
2018-12-26 11:39:08,646 INFO: Executing TransactionTrackerOperations.get_CM_parcels()
2018-12-26 11:39:16,323 INFO: Executing TransactionTrackerOperations.search_process_for_CMPDM() for: Performance Health|UNITED MEDICAL DSSI|810
2018-12-26 11:39:16,750 INFO: Executing TransactionTrackerOperations.select_customer()
2018-12-26 11:39:23,748 INFO: Executing TransactionTrackerOperations.select_customer()
2018-12-26 11:39:35,513 INFO: Executing TransactionTrackerOperations.get_CM_parcels()
2018-12-26 11:39:41,505 INFO: Executing TransactionTrackerOperations.search_process_for_CMPDM() for: Performance Health|WILMAC DSSI|810
2018-12-26 11:39:42,688 INFO: Executing TransactionTrackerOperations.select_customer()
2018-12-26 11:39:49,659 INFO: Executing TransactionTrackerOperations.select_customer()
2018-12-26 11:40:01,020 INFO: Executing TransactionTrackerOperations.get_CM_parcels()
2018-12-26 11:40:04,146 INFO: NoSuchElementException in TransactionTrackerOperations.get_CM_parcels()
2018-12-26 11:40:09,200 INFO: NoSuchElementException in TransactionTrackerOperations.get_CM_parcels()
2018-12-26 11:40:14,156 INFO: NoSuchElementException in TransactionTrackerOperations.get_CM_parcels()
2018-12-26 11:40:19,188 INFO: NoSuchElementException in TransactionTrackerOperations.get_CM_parcels()
2018-12-26 11:40:22,217 INFO: NoSuchElementException in TransactionTrackerOperations.get_CM_parcels()
2018-12-26 11:40:30,996 INFO: Executing TransactionTrackerOperations.search_process_for_CMPDM() for: Performance Health|Senior Care Centers LLC|810
2018-12-26 11:40:31,195 INFO: Executing TransactionTrackerOperations.select_customer()
2018-12-26 11:40:38,200 INFO: Executing TransactionTrackerOperations.select_customer()
2018-12-26 11:40:50,071 INFO: Executing TransactionTrackerOperations.get_CM_parcels()
2018-12-26 11:40:56,841 INFO: Executing TransactionTrackerOperations.search_process_for_CMPDM() for: Performance Health|AMERICAN SENIOR COMMUNITIES DSSI|810
2018-12-26 11:40:58,043 INFO: Executing TransactionTrackerOperations.select_customer()
2018-12-26 11:41:05,036 INFO: Executing TransactionTrackerOperations.select_customer()
2018-12-26 11:41:17,239 INFO: Executing TransactionTrackerOperations.get_CM_parcels()
2018-12-26 11:41:24,453 INFO: Executing TransactionTrackerOperations.search_process_for_CMPDM() for: Performance Health|BaneCare Management DSSI|810
2018-12-26 11:41:24,514 INFO: Executing TransactionTrackerOperations.select_customer()
2018-12-26 11:41:31,475 INFO: Executing TransactionTrackerOperations.select_customer()
2018-12-26 11:41:43,086 INFO: Executing TransactionTrackerOperations.get_CM_parcels()
2018-12-26 11:41:50,775 INFO: Executing TransactionTrackerOperations.search_process_for_CMPDM() for: Performance Health|DSSI Next Step Healthcare|810
2018-12-26 11:41:51,026 INFO: Executing TransactionTrackerOperations.select_customer()
2018-12-26 11:41:58,003 INFO: Executing TransactionTrackerOperations.select_customer()
2018-12-26 11:42:10,124 INFO: Executing TransactionTrackerOperations.get_CM_parcels()
2018-12-26 11:42:13,513 INFO: Executing TransactionTrackerOperations.search_process_for_CMPDM() for: Performance Health|Regency Pacific DSSI|810
2018-12-26 11:42:14,706 INFO: Executing TransactionTrackerOperations.select_customer()
2018-12-26 11:42:21,824 INFO: Executing TransactionTrackerOperations.select_customer()
2018-12-26 11:42:33,659 INFO: Executing TransactionTrackerOperations.get_CM_parcels()
2018-12-26 11:42:33,987 INFO: NoSuchElementException in TransactionTrackerOperations.get_CM_parcels()
2018-12-26 11:42:42,246 INFO: Executing TransactionTrackerOperations.search_process_for_CMPDM() for: Performance Health|ADVANTAGE HPSI DSSI|810
2018-12-26 11:42:42,522 INFO: Executing TransactionTrackerOperations.select_customer()
2018-12-26 11:42:49,494 INFO: Executing TransactionTrackerOperations.select_customer()
2018-12-26 11:43:01,224 INFO: Executing TransactionTrackerOperations.get_CM_parcels()
2018-12-26 11:43:04,478 INFO: NoSuchElementException in TransactionTrackerOperations.get_CM_parcels()
2018-12-26 11:43:09,448 INFO: NoSuchElementException in TransactionTrackerOperations.get_CM_parcels()
2018-12-26 11:43:14,363 INFO: NoSuchElementException in TransactionTrackerOperations.get_CM_parcels()
2018-12-26 11:43:18,352 INFO: NoSuchElementException in TransactionTrackerOperations.get_CM_parcels()
2018-12-26 11:43:26,452 INFO: Executing TransactionTrackerOperations.search_process_for_CMPDM() for: Performance Health|ADVANTAGE NAVIGATOR DSSI|810
2018-12-26 11:43:26,666 INFO: Executing TransactionTrackerOperations.select_customer()
2018-12-26 11:43:33,627 INFO: Executing TransactionTrackerOperations.select_customer()
2018-12-26 11:43:45,667 INFO: Executing TransactionTrackerOperations.get_CM_parcels()
2018-12-26 11:43:52,624 INFO: Executing TransactionTrackerOperations.search_process_for_CMPDM() for: Performance Health|American Health Companies|810
2018-12-26 11:43:52,765 INFO: Executing TransactionTrackerOperations.select_customer()
2018-12-26 11:43:59,749 INFO: Executing TransactionTrackerOperations.select_customer()
2018-12-26 11:44:11,451 INFO: Executing TransactionTrackerOperations.get_CM_parcels()
2018-12-26 11:44:19,447 INFO: Executing TransactionTrackerOperations.search_process_for_CMPDM() for: Performance Health|APEX|810
2018-12-26 11:44:19,621 INFO: Executing TransactionTrackerOperations.select_customer()
2018-12-26 11:44:26,625 INFO: Executing TransactionTrackerOperations.select_customer()
2018-12-26 11:44:37,974 INFO: Executing TransactionTrackerOperations.get_CM_parcels()
2018-12-26 11:44:45,066 INFO: Executing TransactionTrackerOperations.search_process_for_CMPDM() for: Performance Health|APEX HEALTHCARE FLORIDA DSSI|810
2018-12-26 11:44:45,284 INFO: Executing TransactionTrackerOperations.select_customer()
2018-12-26 11:44:52,312 INFO: Executing TransactionTrackerOperations.select_customer()
2018-12-26 11:45:04,430 INFO: Executing TransactionTrackerOperations.get_CM_parcels()
2018-12-26 11:45:07,540 INFO: NoSuchElementException in TransactionTrackerOperations.get_CM_parcels()
2018-12-26 11:45:12,418 INFO: NoSuchElementException in TransactionTrackerOperations.get_CM_parcels()
2018-12-26 11:45:17,293 INFO: NoSuchElementException in TransactionTrackerOperations.get_CM_parcels()
2018-12-26 11:45:22,201 INFO: NoSuchElementException in TransactionTrackerOperations.get_CM_parcels()
2018-12-26 11:45:27,076 INFO: NoSuchElementException in TransactionTrackerOperations.get_CM_parcels()
2018-12-26 11:45:32,081 INFO: NoSuchElementException in TransactionTrackerOperations.get_CM_parcels()
2018-12-26 11:45:37,044 INFO: NoSuchElementException in TransactionTrackerOperations.get_CM_parcels()
2018-12-26 11:45:42,330 INFO: NoSuchElementException in TransactionTrackerOperations.get_CM_parcels()
2018-12-26 11:45:47,227 INFO: NoSuchElementException in TransactionTrackerOperations.get_CM_parcels()
2018-12-26 11:45:52,142 INFO: NoSuchElementException in TransactionTrackerOperations.get_CM_parcels()
2018-12-26 11:45:57,023 INFO: NoSuchElementException in TransactionTrackerOperations.get_CM_parcels()
2018-12-26 11:46:01,929 INFO: NoSuchElementException in TransactionTrackerOperations.get_CM_parcels()
2018-12-26 11:46:06,883 INFO: NoSuchElementException in TransactionTrackerOperations.get_CM_parcels()
2018-12-26 11:46:11,795 INFO: NoSuchElementException in TransactionTrackerOperations.get_CM_parcels()
2018-12-26 11:46:17,228 INFO: NoSuchElementException in TransactionTrackerOperations.get_CM_parcels()
2018-12-26 11:46:20,478 INFO: NoSuchElementException in TransactionTrackerOperations.get_CM_parcels()
2018-12-26 11:46:27,831 INFO: Executing TransactionTrackerOperations.search_process_for_CMPDM() for: Performance Health|ATRIUM LIVING CENTERS DSSI|810
2018-12-26 11:46:29,047 INFO: Executing TransactionTrackerOperations.select_customer()
2018-12-26 11:46:36,000 INFO: Executing TransactionTrackerOperations.select_customer()
2018-12-26 11:46:48,125 INFO: Executing TransactionTrackerOperations.get_CM_parcels()
2018-12-26 11:46:51,200 INFO: NoSuchElementException in TransactionTrackerOperations.get_CM_parcels()
2018-12-26 11:46:56,148 INFO: NoSuchElementException in TransactionTrackerOperations.get_CM_parcels()
2018-12-26 11:47:01,100 INFO: NoSuchElementException in TransactionTrackerOperations.get_CM_parcels()
2018-12-26 11:47:05,954 INFO: NoSuchElementException in TransactionTrackerOperations.get_CM_parcels()
2018-12-26 11:47:10,849 INFO: NoSuchElementException in TransactionTrackerOperations.get_CM_parcels()
2018-12-26 11:47:15,742 INFO: NoSuchElementException in TransactionTrackerOperations.get_CM_parcels()
2018-12-26 11:47:20,576 INFO: NoSuchElementException in TransactionTrackerOperations.get_CM_parcels()
2018-12-26 11:47:25,422 INFO: NoSuchElementException in TransactionTrackerOperations.get_CM_parcels()
2018-12-26 11:47:30,345 INFO: NoSuchElementException in TransactionTrackerOperations.get_CM_parcels()
2018-12-26 11:47:35,569 INFO: NoSuchElementException in TransactionTrackerOperations.get_CM_parcels()
2018-12-26 11:47:40,642 INFO: NoSuchElementException in TransactionTrackerOperations.get_CM_parcels()
2018-12-26 11:47:45,533 INFO: NoSuchElementException in TransactionTrackerOperations.get_CM_parcels()
2018-12-26 11:47:50,537 INFO: NoSuchElementException in TransactionTrackerOperations.get_CM_parcels()
2018-12-26 11:47:54,082 INFO: NoSuchElementException in TransactionTrackerOperations.get_CM_parcels()
2018-12-26 11:48:02,490 INFO: Executing TransactionTrackerOperations.search_process_for_CMPDM() for: Performance Health|AXIOM DSSI|810
2018-12-26 11:48:02,684 INFO: Executing TransactionTrackerOperations.select_customer()
2018-12-26 11:48:09,647 INFO: Executing TransactionTrackerOperations.select_customer()
2018-12-26 11:48:21,136 INFO: Executing TransactionTrackerOperations.get_CM_parcels()
2018-12-26 11:48:24,228 INFO: NoSuchElementException in TransactionTrackerOperations.get_CM_parcels()
2018-12-26 11:48:27,534 INFO: NoSuchElementException in TransactionTrackerOperations.get_CM_parcels()
2018-12-26 11:48:36,478 INFO: Executing TransactionTrackerOperations.search_process_for_CMPDM() for: Performance Health|BE GROUP DSSI|810
2018-12-26 11:48:36,631 INFO: Executing TransactionTrackerOperations.select_customer()
2018-12-26 11:48:43,604 INFO: Executing TransactionTrackerOperations.select_customer()
2018-12-26 11:48:55,067 INFO: Executing TransactionTrackerOperations.get_CM_parcels()
2018-12-26 11:49:02,767 INFO: Executing TransactionTrackerOperations.search_process_for_CMPDM() for: Performance Health|BEACON HEALTH DSSI|810
2018-12-26 11:49:03,110 INFO: Executing TransactionTrackerOperations.select_customer()
2018-12-26 11:49:10,101 INFO: Executing TransactionTrackerOperations.select_customer()
2018-12-26 11:49:21,747 INFO: Executing TransactionTrackerOperations.get_CM_parcels()
2018-12-26 11:49:24,913 INFO: NoSuchElementException in TransactionTrackerOperations.get_CM_parcels()
2018-12-26 11:49:30,004 INFO: NoSuchElementException in TransactionTrackerOperations.get_CM_parcels()
2018-12-26 11:49:35,018 INFO: NoSuchElementException in TransactionTrackerOperations.get_CM_parcels()
2018-12-26 11:49:39,845 INFO: NoSuchElementException in TransactionTrackerOperations.get_CM_parcels()
2018-12-26 11:49:44,703 INFO: NoSuchElementException in TransactionTrackerOperations.get_CM_parcels()
2018-12-26 11:49:48,859 INFO: NoSuchElementException in TransactionTrackerOperations.get_CM_parcels()
2018-12-26 11:49:57,088 INFO: Executing TransactionTrackerOperations.search_process_for_CMPDM() for: Performance Health|BENEDICTINE DSSI|810
2018-12-26 11:49:57,156 INFO: Executing TransactionTrackerOperations.select_customer()
2018-12-26 11:50:04,124 INFO: Executing TransactionTrackerOperations.select_customer()
2018-12-26 11:50:15,762 INFO: Executing TransactionTrackerOperations.get_CM_parcels()
2018-12-26 11:50:23,014 INFO: Executing TransactionTrackerOperations.search_process_for_CMPDM() for: Performance Health|Bethlen Communities Home Health and Hospice|810
2018-12-26 11:50:23,209 INFO: Executing TransactionTrackerOperations.select_customer()
2018-12-26 11:50:30,176 INFO: Executing TransactionTrackerOperations.select_customer()
2018-12-26 11:50:42,418 INFO: Executing TransactionTrackerOperations.get_CM_parcels()
2018-12-26 11:50:45,545 INFO: NoSuchElementException in TransactionTrackerOperations.get_CM_parcels()
2018-12-26 11:50:49,131 INFO: NoSuchElementException in TransactionTrackerOperations.get_CM_parcels()
2018-12-26 11:50:57,407 INFO: Executing TransactionTrackerOperations.search_process_for_CMPDM() for: Performance Health|BOMBAY LANE DSSI|810
2018-12-26 11:50:57,623 INFO: Executing TransactionTrackerOperations.select_customer()
2018-12-26 11:51:04,635 INFO: Executing TransactionTrackerOperations.select_customer()
2018-12-26 11:51:16,176 INFO: Executing TransactionTrackerOperations.get_CM_parcels()
2018-12-26 11:51:19,768 INFO: NoSuchElementException in TransactionTrackerOperations.get_CM_parcels()
2018-12-26 11:51:24,697 INFO: NoSuchElementException in TransactionTrackerOperations.get_CM_parcels()
2018-12-26 11:51:29,605 INFO: NoSuchElementException in TransactionTrackerOperations.get_CM_parcels()
2018-12-26 11:51:34,408 INFO: NoSuchElementException in TransactionTrackerOperations.get_CM_parcels()
2018-12-26 11:51:39,244 INFO: NoSuchElementException in TransactionTrackerOperations.get_CM_parcels()
2018-12-26 11:51:44,104 INFO: NoSuchElementException in TransactionTrackerOperations.get_CM_parcels()
2018-12-26 11:51:47,992 INFO: NoSuchElementException in TransactionTrackerOperations.get_CM_parcels()
2018-12-26 11:51:57,856 INFO: Executing TransactionTrackerOperations.search_process_for_CMPDM() for: Performance Health|CARDON AND ASSOCIATES DSSI|810
2018-12-26 11:51:58,084 INFO: Executing TransactionTrackerOperations.select_customer()
2018-12-26 11:52:05,061 INFO: Executing TransactionTrackerOperations.select_customer()
2018-12-26 11:52:17,302 INFO: Executing TransactionTrackerOperations.get_CM_parcels()
2018-12-26 11:52:20,467 INFO: NoSuchElementException in TransactionTrackerOperations.get_CM_parcels()
2018-12-26 11:52:25,458 INFO: NoSuchElementException in TransactionTrackerOperations.get_CM_parcels()
2018-12-26 11:52:30,335 INFO: NoSuchElementException in TransactionTrackerOperations.get_CM_parcels()
2018-12-26 11:52:35,233 INFO: NoSuchElementException in TransactionTrackerOperations.get_CM_parcels()
2018-12-26 11:52:40,067 INFO: NoSuchElementException in TransactionTrackerOperations.get_CM_parcels()
2018-12-26 11:52:44,960 INFO: NoSuchElementException in TransactionTrackerOperations.get_CM_parcels()
2018-12-26 11:52:49,886 INFO: NoSuchElementException in TransactionTrackerOperations.get_CM_parcels()
2018-12-26 11:52:54,759 INFO: NoSuchElementException in TransactionTrackerOperations.get_CM_parcels()
2018-12-26 11:52:59,675 INFO: NoSuchElementException in TransactionTrackerOperations.get_CM_parcels()
2018-12-26 11:53:04,638 INFO: NoSuchElementException in TransactionTrackerOperations.get_CM_parcels()
2018-12-26 11:53:09,687 INFO: NoSuchElementException in TransactionTrackerOperations.get_CM_parcels()
2018-12-26 11:53:14,654 INFO: NoSuchElementException in TransactionTrackerOperations.get_CM_parcels()
2018-12-26 11:53:19,558 INFO: NoSuchElementException in TransactionTrackerOperations.get_CM_parcels()
2018-12-26 11:53:24,505 INFO: NoSuchElementException in TransactionTrackerOperations.get_CM_parcels()
2018-12-26 11:53:29,532 INFO: NoSuchElementException in TransactionTrackerOperations.get_CM_parcels()
2018-12-26 11:53:33,081 INFO: NoSuchElementException in TransactionTrackerOperations.get_CM_parcels()
2018-12-26 11:53:40,401 INFO: Executing TransactionTrackerOperations.search_process_for_CMPDM() for: Performance Health|CERES PURCHASING SOLUTIONS DSSI|810
2018-12-26 11:53:41,606 INFO: Executing TransactionTrackerOperations.select_customer()
2018-12-26 11:53:48,585 INFO: Executing TransactionTrackerOperations.select_customer()
2018-12-26 11:54:00,768 INFO: Executing TransactionTrackerOperations.get_CM_parcels()
2018-12-26 11:54:08,666 INFO: Executing TransactionTrackerOperations.search_process_for_CMPDM() for: Performance Health|Chosen Healthcare DSSI|810
2018-12-26 11:54:08,702 INFO: Executing TransactionTrackerOperations.select_customer()
2018-12-26 11:54:15,673 INFO: Executing TransactionTrackerOperations.select_customer()
2018-12-26 11:54:27,524 INFO: Executing TransactionTrackerOperations.get_CM_parcels()
2018-12-26 11:54:35,437 INFO: Executing TransactionTrackerOperations.search_process_for_CMPDM() for: Performance Health|CLEAR CHOICE DSSI|810
2018-12-26 11:54:35,596 INFO: Executing TransactionTrackerOperations.select_customer()
2018-12-26 11:54:42,564 INFO: Executing TransactionTrackerOperations.select_customer()
2018-12-26 11:54:54,255 INFO: Executing TransactionTrackerOperations.get_CM_parcels()
2018-12-26 11:54:57,415 INFO: NoSuchElementException in TransactionTrackerOperations.get_CM_parcels()
2018-12-26 11:55:02,500 INFO: NoSuchElementException in TransactionTrackerOperations.get_CM_parcels()
2018-12-26 11:55:07,574 INFO: NoSuchElementException in TransactionTrackerOperations.get_CM_parcels()
2018-12-26 11:55:12,660 INFO: NoSuchElementException in TransactionTrackerOperations.get_CM_parcels()
2018-12-26 11:55:17,541 INFO: NoSuchElementException in TransactionTrackerOperations.get_CM_parcels()
2018-12-26 11:55:22,370 INFO: NoSuchElementException in TransactionTrackerOperations.get_CM_parcels()
2018-12-26 11:55:27,276 INFO: NoSuchElementException in TransactionTrackerOperations.get_CM_parcels()
2018-12-26 11:55:32,346 INFO: NoSuchElementException in TransactionTrackerOperations.get_CM_parcels()
2018-12-26 11:55:37,211 INFO: NoSuchElementException in TransactionTrackerOperations.get_CM_parcels()
2018-12-26 11:55:42,081 INFO: NoSuchElementException in TransactionTrackerOperations.get_CM_parcels()
2018-12-26 11:55:44,803 INFO: NoSuchElementException in TransactionTrackerOperations.get_CM_parcels()
2018-12-26 11:55:53,942 INFO: Executing TransactionTrackerOperations.search_process_for_CMPDM() for: Performance Health|COMMUNICARE DSSI|810
2018-12-26 11:55:54,102 INFO: Executing TransactionTrackerOperations.select_customer()
2018-12-26 11:56:01,063 INFO: Executing TransactionTrackerOperations.select_customer()
2018-12-26 11:56:12,735 INFO: Executing TransactionTrackerOperations.get_CM_parcels()
2018-12-26 11:56:20,475 INFO: Executing TransactionTrackerOperations.search_process_for_CMPDM() for: Performance Health|COMPLETE HEALTHCARE DSSI|810
2018-12-26 11:56:20,699 INFO: Executing TransactionTrackerOperations.select_customer()
2018-12-26 11:56:27,693 INFO: Executing TransactionTrackerOperations.select_customer()
2018-12-26 11:56:39,644 INFO: Executing TransactionTrackerOperations.get_CM_parcels()
2018-12-26 11:56:42,707 INFO: NoSuchElementException in TransactionTrackerOperations.get_CM_parcels()
2018-12-26 11:56:47,678 INFO: NoSuchElementException in TransactionTrackerOperations.get_CM_parcels()
2018-12-26 11:56:52,500 INFO: NoSuchElementException in TransactionTrackerOperations.get_CM_parcels()
2018-12-26 11:56:57,285 INFO: NoSuchElementException in TransactionTrackerOperations.get_CM_parcels()
2018-12-26 11:57:02,167 INFO: NoSuchElementException in TransactionTrackerOperations.get_CM_parcels()
2018-12-26 11:57:06,982 INFO: NoSuchElementException in TransactionTrackerOperations.get_CM_parcels()
2018-12-26 11:57:11,828 INFO: NoSuchElementException in TransactionTrackerOperations.get_CM_parcels()
2018-12-26 11:57:16,875 INFO: NoSuchElementException in TransactionTrackerOperations.get_CM_parcels()
2018-12-26 11:57:21,713 INFO: NoSuchElementException in TransactionTrackerOperations.get_CM_parcels()
2018-12-26 11:57:26,621 INFO: NoSuchElementException in TransactionTrackerOperations.get_CM_parcels()
2018-12-26 11:57:31,559 INFO: NoSuchElementException in TransactionTrackerOperations.get_CM_parcels()
2018-12-26 11:57:36,708 INFO: NoSuchElementException in TransactionTrackerOperations.get_CM_parcels()
2018-12-26 11:57:41,667 INFO: NoSuchElementException in TransactionTrackerOperations.get_CM_parcels()
2018-12-26 11:57:46,605 INFO: NoSuchElementException in TransactionTrackerOperations.get_CM_parcels()
2018-12-26 11:57:51,537 INFO: NoSuchElementException in TransactionTrackerOperations.get_CM_parcels()
2018-12-26 11:57:53,992 INFO: NoSuchElementException in TransactionTrackerOperations.get_CM_parcels()
2018-12-26 11:58:02,310 INFO: Executing TransactionTrackerOperations.search_process_for_CMPDM() for: Performance Health|COVENANT DOVE DSSI|810
2018-12-26 11:58:02,478 INFO: Executing TransactionTrackerOperations.select_customer()
2018-12-26 11:58:09,441 INFO: Executing TransactionTrackerOperations.select_customer()
2018-12-26 11:58:21,173 INFO: Executing TransactionTrackerOperations.get_CM_parcels()
2018-12-26 11:58:24,328 INFO: NoSuchElementException in TransactionTrackerOperations.get_CM_parcels()
2018-12-26 11:58:29,289 INFO: NoSuchElementException in TransactionTrackerOperations.get_CM_parcels()
2018-12-26 11:58:34,214 INFO: NoSuchElementException in TransactionTrackerOperations.get_CM_parcels()
2018-12-26 11:58:39,045 INFO: NoSuchElementException in TransactionTrackerOperations.get_CM_parcels()
2018-12-26 11:58:43,925 INFO: NoSuchElementException in TransactionTrackerOperations.get_CM_parcels()
2018-12-26 11:58:48,831 INFO: NoSuchElementException in TransactionTrackerOperations.get_CM_parcels()
2018-12-26 11:58:53,957 INFO: NoSuchElementException in TransactionTrackerOperations.get_CM_parcels()
2018-12-26 11:58:58,892 INFO: NoSuchElementException in TransactionTrackerOperations.get_CM_parcels()
2018-12-26 11:59:03,809 INFO: NoSuchElementException in TransactionTrackerOperations.get_CM_parcels()
2018-12-26 11:59:08,745 INFO: NoSuchElementException in TransactionTrackerOperations.get_CM_parcels()
2018-12-26 11:59:14,053 INFO: NoSuchElementException in TransactionTrackerOperations.get_CM_parcels()
2018-12-26 11:59:19,008 INFO: NoSuchElementException in TransactionTrackerOperations.get_CM_parcels()
2018-12-26 11:59:23,948 INFO: NoSuchElementException in TransactionTrackerOperations.get_CM_parcels()
2018-12-26 11:59:28,888 INFO: NoSuchElementException in TransactionTrackerOperations.get_CM_parcels()
2018-12-26 11:59:33,927 INFO: NoSuchElementException in TransactionTrackerOperations.get_CM_parcels()
2018-12-26 11:59:38,930 INFO: NoSuchElementException in TransactionTrackerOperations.get_CM_parcels()
2018-12-26 11:59:44,146 INFO: NoSuchElementException in TransactionTrackerOperations.get_CM_parcels()
2018-12-26 11:59:49,141 INFO: NoSuchElementException in TransactionTrackerOperations.get_CM_parcels()
2018-12-26 11:59:54,144 INFO: NoSuchElementException in TransactionTrackerOperations.get_CM_parcels()
2018-12-26 11:59:59,162 INFO: NoSuchElementException in TransactionTrackerOperations.get_CM_parcels()
2018-12-26 12:00:04,196 INFO: NoSuchElementException in TransactionTrackerOperations.get_CM_parcels()
2018-12-26 12:00:08,987 INFO: NoSuchElementException in TransactionTrackerOperations.get_CM_parcels()
2018-12-26 12:00:14,106 ERROR: Error in CMProductionDataMonitoring.TaskFilter()
