2018-11-14 11:33:21,312 INFO: Executing Script Credit Memo Prodution Data Monitoring
2018-11-14 11:33:26,845 INFO: Login in to Launchpad
2018-11-14 11:33:39,710 INFO: Refreshing access_token
2018-11-14 11:33:44,358 INFO: Executing method 'search_process' from TransactionTrackerOperations
2018-11-14 11:33:46,468 INFO: Executing method 'select_customer' from TransactionTrackerOperations
2018-11-14 11:33:55,391 INFO: Executing method 'select_customer' from TransactionTrackerOperations
2018-11-14 11:34:15,996 INFO: Executing method 'search_process' from TransactionTrackerOperations
2018-11-14 11:34:18,493 INFO: Executing method 'select_customer' from TransactionTrackerOperations
2018-11-14 11:34:26,703 INFO: Executing method 'select_customer' from TransactionTrackerOperations
2018-11-14 11:38:17,901 INFO: Executing Script Credit Memo Prodution Data Monitoring
2018-11-14 11:38:21,427 INFO: Login in to Launchpad
2018-11-14 11:38:35,440 INFO: Refreshing access_token
2018-11-14 11:38:38,816 INFO: Executing method 'search_process' from TransactionTrackerOperations
2018-11-14 11:38:41,072 INFO: Executing method 'select_customer' from TransactionTrackerOperations
2018-11-14 11:38:49,788 INFO: Executing method 'select_customer' from TransactionTrackerOperations
2018-11-14 11:39:09,261 INFO: Executing method 'search_process' from TransactionTrackerOperations
2018-11-14 11:39:11,277 INFO: Executing method 'select_customer' from TransactionTrackerOperations
2018-11-14 11:39:19,453 INFO: Executing method 'select_customer' from TransactionTrackerOperations
2018-11-14 12:52:59,966 INFO: Executing Script Credit Memo Prodution Data Monitoring
2018-11-14 12:53:04,651 INFO: Login in to Launchpad
2018-11-14 12:53:18,400 INFO: Refreshing access_token
2018-11-14 12:53:22,392 INFO: Executing method 'search_process' from TransactionTrackerOperations
2018-11-14 12:53:24,408 INFO: Executing method 'select_customer' from TransactionTrackerOperations
2018-11-14 12:53:28,422 INFO: Executing method 'search_process' from TransactionTrackerOperations
2018-11-14 14:36:59,105 INFO: Executing Script Credit Memo Prodution Data Monitoring
2018-11-14 14:37:05,788 INFO: Login in to Launchpad
2018-11-14 14:37:20,382 INFO: Refreshing access_token
2018-11-14 14:37:24,201 INFO: Executing method 'search_process' from TransactionTrackerOperations
2018-11-14 14:37:26,217 INFO: Executing method 'select_customer' from TransactionTrackerOperations
2018-11-14 14:37:35,032 INFO: Executing method 'select_customer' from TransactionTrackerOperations
2018-11-14 14:37:54,888 INFO: Executing method 'search_process' from TransactionTrackerOperations
2018-11-14 14:37:56,905 INFO: Executing method 'select_customer' from TransactionTrackerOperations
2018-11-14 14:38:05,637 INFO: Executing method 'select_customer' from TransactionTrackerOperations
2018-11-14 14:38:32,746 INFO: Executing method 'search_process' from TransactionTrackerOperations
2018-11-14 14:38:34,765 INFO: Executing method 'select_customer' from TransactionTrackerOperations
2018-11-14 14:38:43,468 INFO: Executing method 'select_customer' from TransactionTrackerOperations
2018-11-14 14:39:09,157 INFO: Executing method 'search_process' from TransactionTrackerOperations
2018-11-14 14:39:11,176 INFO: Executing method 'select_customer' from TransactionTrackerOperations
2018-11-14 14:39:19,868 INFO: Executing method 'select_customer' from TransactionTrackerOperations
2018-11-14 14:40:17,615 INFO: Executing method 'search_process' from TransactionTrackerOperations
2018-11-14 14:40:19,848 INFO: Executing method 'select_customer' from TransactionTrackerOperations
2018-11-14 14:40:28,663 INFO: Executing method 'select_customer' from TransactionTrackerOperations
2018-11-14 14:40:48,089 INFO: Executing method 'search_process' from TransactionTrackerOperations
2018-11-14 14:40:50,168 INFO: Executing method 'select_customer' from TransactionTrackerOperations
2018-11-14 14:40:58,845 INFO: Executing method 'select_customer' from TransactionTrackerOperations
2018-11-14 14:42:21,960 INFO: Executing method 'search_process' from TransactionTrackerOperations
2018-11-14 14:42:24,723 INFO: Executing method 'select_customer' from TransactionTrackerOperations
2018-11-14 14:42:33,442 INFO: Executing method 'select_customer' from TransactionTrackerOperations
2018-11-14 14:42:52,869 INFO: Executing method 'search_process' from TransactionTrackerOperations
2018-11-14 14:42:54,887 INFO: Executing method 'select_customer' from TransactionTrackerOperations
2018-11-14 14:43:03,666 INFO: Executing method 'select_customer' from TransactionTrackerOperations
2018-11-14 14:43:23,168 INFO: Executing method 'search_process' from TransactionTrackerOperations
2018-11-14 14:43:25,213 INFO: Executing method 'select_customer' from TransactionTrackerOperations
2018-11-14 14:43:33,999 INFO: Executing method 'select_customer' from TransactionTrackerOperations
2018-11-14 14:44:32,354 INFO: Executing method 'search_process' from TransactionTrackerOperations
2018-11-14 14:44:34,372 INFO: Executing method 'select_customer' from TransactionTrackerOperations
2018-11-14 14:44:43,098 INFO: Executing method 'select_customer' from TransactionTrackerOperations
2018-11-14 14:45:39,919 INFO: Executing method 'search_process' from TransactionTrackerOperations
2018-11-14 14:45:41,990 INFO: Executing method 'select_customer' from TransactionTrackerOperations
2018-11-14 14:45:50,721 INFO: Executing method 'select_customer' from TransactionTrackerOperations
2018-11-14 14:46:10,321 INFO: Executing method 'search_process' from TransactionTrackerOperations
2018-11-14 14:46:12,339 INFO: Executing method 'select_customer' from TransactionTrackerOperations
2018-11-14 14:46:21,051 INFO: Executing method 'select_customer' from TransactionTrackerOperations
2018-11-14 14:46:40,440 INFO: Executing method 'search_process' from TransactionTrackerOperations
2018-11-14 14:46:42,457 INFO: Executing method 'select_customer' from TransactionTrackerOperations
2018-11-14 14:46:51,212 INFO: Executing method 'select_customer' from TransactionTrackerOperations
2018-11-14 14:48:50,576 INFO: Executing method 'search_process' from TransactionTrackerOperations
2018-11-14 14:48:53,084 INFO: Executing method 'select_customer' from TransactionTrackerOperations
2018-11-14 14:49:01,936 INFO: Executing method 'select_customer' from TransactionTrackerOperations
2018-11-14 14:49:21,357 INFO: Executing method 'search_process' from TransactionTrackerOperations
2018-11-14 14:49:23,376 INFO: Executing method 'select_customer' from TransactionTrackerOperations
2018-11-14 14:49:32,103 INFO: Executing method 'select_customer' from TransactionTrackerOperations
2018-11-14 14:50:05,335 INFO: Executing method 'search_process' from TransactionTrackerOperations
2018-11-14 14:50:07,365 INFO: Executing method 'select_customer' from TransactionTrackerOperations
2018-11-14 14:50:16,074 INFO: Executing method 'select_customer' from TransactionTrackerOperations
2018-11-14 14:50:36,836 INFO: Executing method 'search_process' from TransactionTrackerOperations
2018-11-14 14:50:38,854 INFO: Executing method 'select_customer' from TransactionTrackerOperations
2018-11-14 14:50:47,578 INFO: Executing method 'select_customer' from TransactionTrackerOperations
2018-11-14 14:51:07,740 INFO: Executing method 'search_process' from TransactionTrackerOperations
2018-11-14 14:51:10,201 INFO: Executing method 'select_customer' from TransactionTrackerOperations
2018-11-14 14:51:18,862 INFO: Executing method 'select_customer' from TransactionTrackerOperations
2018-11-14 14:51:54,322 INFO: Executing method 'search_process' from TransactionTrackerOperations
2018-11-14 14:51:57,038 INFO: Executing method 'select_customer' from TransactionTrackerOperations
2018-11-14 14:52:05,835 INFO: Executing method 'select_customer' from TransactionTrackerOperations
2018-11-14 14:52:44,876 INFO: Executing method 'search_process' from TransactionTrackerOperations
2018-11-14 14:52:47,066 INFO: Executing method 'select_customer' from TransactionTrackerOperations
2018-11-14 14:52:55,725 INFO: Executing method 'select_customer' from TransactionTrackerOperations
2018-11-14 14:53:14,503 INFO: Executing method 'search_process' from TransactionTrackerOperations
2018-11-14 14:53:16,519 INFO: Executing method 'select_customer' from TransactionTrackerOperations
2018-11-14 14:53:25,239 INFO: Executing method 'select_customer' from TransactionTrackerOperations
2018-11-14 14:53:58,081 INFO: Executing method 'search_process' from TransactionTrackerOperations
2018-11-14 14:54:00,196 INFO: Executing method 'select_customer' from TransactionTrackerOperations
2018-11-14 14:54:09,009 INFO: Executing method 'select_customer' from TransactionTrackerOperations
2018-11-14 14:54:38,937 INFO: Executing method 'search_process' from TransactionTrackerOperations
2018-11-14 14:54:41,086 INFO: Executing method 'select_customer' from TransactionTrackerOperations
2018-11-14 14:54:49,845 INFO: Executing method 'select_customer' from TransactionTrackerOperations
2018-11-14 14:55:09,681 INFO: Executing method 'search_process' from TransactionTrackerOperations
2018-11-14 14:55:11,773 INFO: Executing method 'select_customer' from TransactionTrackerOperations
2018-11-14 14:55:20,508 INFO: Executing method 'select_customer' from TransactionTrackerOperations
2018-11-14 14:55:57,339 INFO: Executing method 'search_process' from TransactionTrackerOperations
2018-11-14 14:55:59,357 INFO: Executing method 'select_customer' from TransactionTrackerOperations
2018-11-14 14:56:08,120 INFO: Executing method 'select_customer' from TransactionTrackerOperations
2018-11-14 14:57:22,552 INFO: Executing method 'search_process' from TransactionTrackerOperations
2018-11-14 14:57:25,023 INFO: Executing method 'select_customer' from TransactionTrackerOperations
2018-11-14 14:57:33,739 INFO: Executing method 'select_customer' from TransactionTrackerOperations
2018-11-14 14:57:58,989 INFO: Executing method 'search_process' from TransactionTrackerOperations
2018-11-14 14:58:01,010 INFO: Executing method 'select_customer' from TransactionTrackerOperations
2018-11-14 14:58:09,681 INFO: Executing method 'select_customer' from TransactionTrackerOperations
2018-11-14 14:59:15,598 INFO: Executing method 'search_process' from TransactionTrackerOperations
2018-11-14 14:59:17,669 INFO: Executing method 'select_customer' from TransactionTrackerOperations
2018-11-14 14:59:26,460 INFO: Executing method 'select_customer' from TransactionTrackerOperations
2018-11-14 14:59:46,628 INFO: Executing method 'search_process' from TransactionTrackerOperations
2018-11-14 14:59:48,681 INFO: Executing method 'select_customer' from TransactionTrackerOperations
2018-11-14 14:59:57,418 INFO: Executing method 'select_customer' from TransactionTrackerOperations
2018-11-14 15:02:22,873 INFO: Executing method 'search_process' from TransactionTrackerOperations
2018-11-14 15:02:24,999 INFO: Executing method 'select_customer' from TransactionTrackerOperations
2018-11-14 15:02:33,817 INFO: Executing method 'select_customer' from TransactionTrackerOperations
2018-11-14 15:02:53,675 INFO: Executing method 'search_process' from TransactionTrackerOperations
2018-11-14 15:02:55,690 INFO: Executing method 'select_customer' from TransactionTrackerOperations
2018-11-14 15:03:04,351 INFO: Executing method 'select_customer' from TransactionTrackerOperations
2018-11-14 15:03:30,694 INFO: Executing method 'search_process' from TransactionTrackerOperations
2018-11-14 15:03:32,715 INFO: Executing method 'select_customer' from TransactionTrackerOperations
2018-11-14 15:03:41,352 INFO: Executing method 'select_customer' from TransactionTrackerOperations
2018-11-14 15:04:21,447 INFO: Executing method 'search_process' from TransactionTrackerOperations
2018-11-14 15:04:23,464 INFO: Executing method 'select_customer' from TransactionTrackerOperations
2018-11-14 15:04:32,180 INFO: Executing method 'select_customer' from TransactionTrackerOperations
2018-11-14 15:05:15,971 INFO: Executing method 'search_process' from TransactionTrackerOperations
2018-11-14 15:05:18,066 INFO: Executing method 'select_customer' from TransactionTrackerOperations
2018-11-14 15:05:26,753 INFO: Executing method 'select_customer' from TransactionTrackerOperations
2018-11-14 15:05:56,166 INFO: Executing method 'search_process' from TransactionTrackerOperations
2018-11-14 15:05:58,183 INFO: Executing method 'select_customer' from TransactionTrackerOperations
2018-11-14 15:06:06,836 INFO: Executing method 'select_customer' from TransactionTrackerOperations
2018-11-14 15:07:06,471 INFO: Executing method 'search_process' from TransactionTrackerOperations
2018-11-14 15:07:08,539 INFO: Executing method 'select_customer' from TransactionTrackerOperations
2018-11-14 15:07:17,202 INFO: Executing method 'select_customer' from TransactionTrackerOperations
2018-11-14 15:09:08,586 INFO: Executing method 'search_process' from TransactionTrackerOperations
2018-11-14 15:09:10,602 INFO: Executing method 'select_customer' from TransactionTrackerOperations
2018-11-14 15:09:19,275 INFO: Executing method 'select_customer' from TransactionTrackerOperations
2018-11-14 15:09:47,832 INFO: Executing method 'search_process' from TransactionTrackerOperations
2018-11-14 15:09:49,851 INFO: Executing method 'select_customer' from TransactionTrackerOperations
2018-11-14 15:09:58,684 INFO: Executing method 'select_customer' from TransactionTrackerOperations
2018-11-14 15:10:29,911 INFO: Executing method 'search_process' from TransactionTrackerOperations
2018-11-14 15:10:32,574 INFO: Executing method 'select_customer' from TransactionTrackerOperations
2018-11-14 15:10:41,243 INFO: Executing method 'select_customer' from TransactionTrackerOperations
2018-11-14 15:11:00,449 INFO: Executing method 'search_process' from TransactionTrackerOperations
2018-11-14 15:11:02,539 INFO: Executing method 'select_customer' from TransactionTrackerOperations
2018-11-14 15:11:11,260 INFO: Executing method 'select_customer' from TransactionTrackerOperations
2018-11-14 15:12:55,630 INFO: Executing method 'search_process' from TransactionTrackerOperations
2018-11-14 15:12:57,659 INFO: Executing method 'select_customer' from TransactionTrackerOperations
2018-11-14 15:13:06,325 INFO: Executing method 'select_customer' from TransactionTrackerOperations
2018-11-14 15:13:40,732 INFO: Executing method 'search_process' from TransactionTrackerOperations
2018-11-14 15:13:42,751 INFO: Executing method 'select_customer' from TransactionTrackerOperations
2018-11-14 15:13:51,505 INFO: Executing method 'select_customer' from TransactionTrackerOperations
2018-11-14 15:14:20,744 INFO: Executing method 'search_process' from TransactionTrackerOperations
2018-11-14 15:14:22,817 INFO: Executing method 'select_customer' from TransactionTrackerOperations
2018-11-14 15:14:31,662 INFO: Executing method 'select_customer' from TransactionTrackerOperations
2018-11-14 15:15:10,160 INFO: Executing method 'search_process' from TransactionTrackerOperations
2018-11-14 15:15:13,208 INFO: Executing method 'select_customer' from TransactionTrackerOperations
2018-11-14 15:15:21,975 INFO: Executing method 'select_customer' from TransactionTrackerOperations
2018-11-14 15:15:41,401 INFO: Executing method 'search_process' from TransactionTrackerOperations
2018-11-14 15:15:43,847 INFO: Executing method 'select_customer' from TransactionTrackerOperations
2018-11-14 15:15:52,609 INFO: Executing method 'select_customer' from TransactionTrackerOperations
2018-11-14 15:17:16,108 INFO: Executing method 'search_process' from TransactionTrackerOperations
2018-11-14 15:17:18,572 INFO: Executing method 'select_customer' from TransactionTrackerOperations
2018-11-14 15:17:27,214 INFO: Executing method 'select_customer' from TransactionTrackerOperations
2018-11-14 15:18:01,402 INFO: Executing method 'search_process' from TransactionTrackerOperations
2018-11-14 15:18:03,647 INFO: Executing method 'select_customer' from TransactionTrackerOperations
2018-11-14 15:18:12,332 INFO: Executing method 'select_customer' from TransactionTrackerOperations
2018-11-14 15:18:31,567 INFO: Executing method 'search_process' from TransactionTrackerOperations
2018-11-14 15:18:33,792 INFO: Executing method 'select_customer' from TransactionTrackerOperations
2018-11-14 15:18:42,459 INFO: Executing method 'select_customer' from TransactionTrackerOperations
2018-11-14 15:19:29,744 INFO: Executing method 'search_process' from TransactionTrackerOperations
2018-11-14 15:19:31,769 INFO: Executing method 'select_customer' from TransactionTrackerOperations
2018-11-14 15:19:40,499 INFO: Executing method 'select_customer' from TransactionTrackerOperations
2018-11-14 15:20:12,052 INFO: Executing method 'search_process' from TransactionTrackerOperations
2018-11-14 15:20:14,069 INFO: Executing method 'select_customer' from TransactionTrackerOperations
2018-11-14 15:20:22,815 INFO: Executing method 'select_customer' from TransactionTrackerOperations
2018-11-14 15:21:39,391 INFO: Executing method 'search_process' from TransactionTrackerOperations
2018-11-14 15:21:41,706 INFO: Executing method 'select_customer' from TransactionTrackerOperations
2018-11-14 15:21:50,371 INFO: Executing method 'select_customer' from TransactionTrackerOperations
2018-11-14 15:22:09,925 INFO: Executing method 'search_process' from TransactionTrackerOperations
2018-11-14 15:22:11,967 INFO: Executing method 'select_customer' from TransactionTrackerOperations
2018-11-14 15:22:20,713 INFO: Executing method 'select_customer' from TransactionTrackerOperations
2018-11-14 15:22:39,927 INFO: Executing method 'search_process' from TransactionTrackerOperations
2018-11-14 15:22:41,951 INFO: Executing method 'select_customer' from TransactionTrackerOperations
2018-11-14 15:22:50,641 INFO: Executing method 'select_customer' from TransactionTrackerOperations
2018-11-14 15:24:12,603 INFO: Executing method 'search_process' from TransactionTrackerOperations
2018-11-14 15:24:14,681 INFO: Executing method 'select_customer' from TransactionTrackerOperations
2018-11-14 15:24:23,369 INFO: Executing method 'select_customer' from TransactionTrackerOperations
2018-11-14 15:25:14,847 INFO: Executing method 'search_process' from TransactionTrackerOperations
2018-11-14 15:25:16,865 INFO: Executing method 'select_customer' from TransactionTrackerOperations
2018-11-14 15:25:25,569 INFO: Executing method 'select_customer' from TransactionTrackerOperations
2018-11-14 15:25:45,356 INFO: Executing method 'search_process' from TransactionTrackerOperations
2018-11-14 15:25:47,678 INFO: Executing method 'select_customer' from TransactionTrackerOperations
2018-11-14 15:25:56,526 INFO: Executing method 'select_customer' from TransactionTrackerOperations
2018-11-14 15:26:15,664 INFO: Executing method 'search_process' from TransactionTrackerOperations
2018-11-14 15:26:17,792 INFO: Executing method 'select_customer' from TransactionTrackerOperations
2018-11-14 15:26:26,432 INFO: Executing method 'select_customer' from TransactionTrackerOperations
2018-11-14 15:26:54,080 INFO: Executing method 'search_process' from TransactionTrackerOperations
2018-11-14 15:26:56,173 INFO: Executing method 'select_customer' from TransactionTrackerOperations
2018-11-14 15:27:05,020 INFO: Executing method 'select_customer' from TransactionTrackerOperations
2018-11-14 15:27:24,313 INFO: Executing method 'search_process' from TransactionTrackerOperations
2018-11-14 15:27:26,332 INFO: Executing method 'select_customer' from TransactionTrackerOperations
2018-11-14 15:27:35,047 INFO: Executing method 'select_customer' from TransactionTrackerOperations
2018-11-14 15:27:54,572 INFO: Executing method 'search_process' from TransactionTrackerOperations
2018-11-14 15:27:56,808 INFO: Executing method 'select_customer' from TransactionTrackerOperations
2018-11-14 15:28:05,501 INFO: Executing method 'select_customer' from TransactionTrackerOperations
2018-11-14 15:28:24,707 INFO: Executing method 'search_process' from TransactionTrackerOperations
2018-11-14 15:28:26,728 INFO: Executing method 'select_customer' from TransactionTrackerOperations
2018-11-14 15:28:35,411 INFO: Executing method 'select_customer' from TransactionTrackerOperations
2018-11-14 15:30:33,063 INFO: Executing method 'search_process' from TransactionTrackerOperations
2018-11-14 15:30:36,078 INFO: Executing method 'select_customer' from TransactionTrackerOperations
2018-11-14 15:30:58,087 INFO: Executing method 'select_customer' from TransactionTrackerOperations
2018-11-14 15:32:20,697 INFO: Executing method 'search_process' from TransactionTrackerOperations
2018-11-14 15:32:23,038 INFO: Executing method 'select_customer' from TransactionTrackerOperations
2018-11-14 15:32:31,812 INFO: Executing method 'select_customer' from TransactionTrackerOperations
2018-11-14 15:32:51,536 INFO: Executing method 'search_process' from TransactionTrackerOperations
2018-11-14 15:32:53,555 INFO: Executing method 'select_customer' from TransactionTrackerOperations
2018-11-14 15:33:02,644 INFO: Executing method 'select_customer' from TransactionTrackerOperations
2018-11-14 15:33:34,339 INFO: Executing method 'search_process' from TransactionTrackerOperations
2018-11-14 15:33:36,358 INFO: Executing method 'select_customer' from TransactionTrackerOperations
2018-11-14 15:33:45,431 INFO: Executing method 'select_customer' from TransactionTrackerOperations
2018-11-14 15:34:05,908 INFO: Executing method 'search_process' from TransactionTrackerOperations
2018-11-14 15:34:08,085 INFO: Executing method 'select_customer' from TransactionTrackerOperations
2018-11-14 15:34:16,925 INFO: Executing method 'select_customer' from TransactionTrackerOperations
2018-11-14 15:34:36,552 INFO: Executing method 'search_process' from TransactionTrackerOperations
2018-11-14 15:34:38,569 INFO: Executing method 'select_customer' from TransactionTrackerOperations
2018-11-14 15:34:47,336 INFO: Executing method 'select_customer' from TransactionTrackerOperations
2018-11-14 15:36:18,113 INFO: Executing method 'search_process' from TransactionTrackerOperations
2018-11-14 15:36:20,528 INFO: Executing method 'select_customer' from TransactionTrackerOperations
2018-11-14 15:36:29,435 INFO: Executing method 'select_customer' from TransactionTrackerOperations
