2019-01-03 17:28:46,543 INFO: Executing Script Credit Memo Prodution Data Monitoring
2019-01-03 17:28:46,742 INFO: Executing CMProductionDataMonitoring.execute_main()
2019-01-03 17:28:57,078 INFO: Login in to Launchpad
2019-01-03 17:29:11,011 INFO: Executing CMProductionDataMonitoring.TaskFilter()
2019-01-03 17:29:11,527 INFO: Refreshing access_token
2019-01-03 17:29:16,414 INFO: select InProgress task from input sheet from CMProductionDataMonitoring.TaskFilter()
2019-01-03 17:29:16,414 INFO: Executing TransactionTrackerOperations.search_process_for_CMPDM() for: Performance Health|McKesson BASCOM PALMER EYE INST|810
2019-01-03 17:29:16,464 INFO: Executing TransactionTrackerOperations.select_customer()
2019-01-03 17:29:25,122 ERROR: Error in CMProductionDataMonitoring.TaskFilter()
2019-01-03 17:31:36,915 INFO: Executing Script Credit Memo Prodution Data Monitoring
2019-01-03 17:31:37,030 INFO: Executing CMProductionDataMonitoring.execute_main()
2019-01-03 17:31:41,382 INFO: Login in to Launchpad
2019-01-03 17:31:55,442 INFO: Executing CMProductionDataMonitoring.TaskFilter()
2019-01-03 17:31:55,776 INFO: Refreshing access_token
2019-01-03 17:32:00,040 INFO: select InProgress task from input sheet from CMProductionDataMonitoring.TaskFilter()
2019-01-03 17:32:00,041 INFO: Executing TransactionTrackerOperations.search_process_for_CMPDM() for: Performance Health|McKesson BASCOM PALMER EYE INST|810
2019-01-03 17:32:00,348 INFO: Executing TransactionTrackerOperations.select_customer()
2019-01-03 17:32:07,564 INFO: Executing TransactionTrackerOperations.select_customer()
2019-01-03 17:32:20,092 INFO: Executing TransactionTrackerOperations.get_CM_parcels()
2019-01-03 17:32:27,609 INFO: Executing TransactionTrackerOperations.search_process_for_CMPDM() for: Performance Health|McKesson CABELL HUNTINGTON HOSPITAL|810
2019-01-03 17:32:28,071 INFO: Executing TransactionTrackerOperations.select_customer()
2019-01-03 17:32:35,137 INFO: Executing TransactionTrackerOperations.select_customer()
2019-01-03 17:32:47,869 INFO: Executing TransactionTrackerOperations.get_CM_parcels()
2019-01-03 17:32:51,246 INFO: NoSuchElementException in TransactionTrackerOperations.get_CM_parcels()
2019-01-03 17:32:56,444 INFO: NoSuchElementException in TransactionTrackerOperations.get_CM_parcels()
2019-01-03 17:33:00,522 INFO: NoSuchElementException in TransactionTrackerOperations.get_CM_parcels()
2019-01-03 17:33:08,204 INFO: Executing TransactionTrackerOperations.search_process_for_CMPDM() for: Performance Health|McKesson CHILDRENS HOSPITAL|810
2019-01-03 17:33:09,272 INFO: Executing TransactionTrackerOperations.select_customer()
2019-01-03 17:33:16,320 INFO: Executing TransactionTrackerOperations.select_customer()
2019-01-03 17:33:28,721 INFO: Executing TransactionTrackerOperations.get_CM_parcels()
2019-01-03 17:33:32,077 INFO: NoSuchElementException in TransactionTrackerOperations.get_CM_parcels()
2019-01-03 17:33:37,268 INFO: NoSuchElementException in TransactionTrackerOperations.get_CM_parcels()
2019-01-03 17:33:40,648 INFO: NoSuchElementException in TransactionTrackerOperations.get_CM_parcels()
2019-01-03 17:33:48,644 INFO: Executing TransactionTrackerOperations.search_process_for_CMPDM() for: Performance Health|McKesson CHRISTIANA CARE HEALTH|810
2019-01-03 17:33:48,888 INFO: Executing TransactionTrackerOperations.select_customer()
2019-01-03 17:33:55,890 INFO: Executing TransactionTrackerOperations.select_customer()
2019-01-03 17:34:08,553 INFO: Executing TransactionTrackerOperations.get_CM_parcels()
2019-01-03 17:34:11,849 INFO: NoSuchElementException in TransactionTrackerOperations.get_CM_parcels()
2019-01-03 17:34:17,279 INFO: NoSuchElementException in TransactionTrackerOperations.get_CM_parcels()
2019-01-03 17:34:22,475 INFO: NoSuchElementException in TransactionTrackerOperations.get_CM_parcels()
2019-01-03 17:34:27,585 INFO: NoSuchElementException in TransactionTrackerOperations.get_CM_parcels()
2019-01-03 17:34:32,682 INFO: NoSuchElementException in TransactionTrackerOperations.get_CM_parcels()
2019-01-03 17:34:37,858 INFO: NoSuchElementException in TransactionTrackerOperations.get_CM_parcels()
2019-01-03 17:34:42,930 INFO: NoSuchElementException in TransactionTrackerOperations.get_CM_parcels()
2019-01-03 17:34:48,019 INFO: NoSuchElementException in TransactionTrackerOperations.get_CM_parcels()
2019-01-03 17:34:53,109 INFO: NoSuchElementException in TransactionTrackerOperations.get_CM_parcels()
2019-01-03 17:34:58,261 INFO: NoSuchElementException in TransactionTrackerOperations.get_CM_parcels()
2019-01-03 17:35:03,451 INFO: NoSuchElementException in TransactionTrackerOperations.get_CM_parcels()
2019-01-03 17:35:08,672 INFO: NoSuchElementException in TransactionTrackerOperations.get_CM_parcels()
2019-01-03 17:35:13,806 INFO: NoSuchElementException in TransactionTrackerOperations.get_CM_parcels()
2019-01-03 17:35:19,021 INFO: NoSuchElementException in TransactionTrackerOperations.get_CM_parcels()
2019-01-03 17:35:25,945 INFO: NoSuchElementException in TransactionTrackerOperations.get_CM_parcels()
2019-01-03 17:35:32,598 INFO: NoSuchElementException in TransactionTrackerOperations.get_CM_parcels()
2019-01-03 17:35:35,369 INFO: NoSuchElementException in TransactionTrackerOperations.get_CM_parcels()
2019-01-03 17:35:44,896 INFO: Executing TransactionTrackerOperations.search_process_for_CMPDM() for: Performance Health|McKesson EMH REGIONAL HEALTHCARE SYSTEMS|810
2019-01-03 17:35:46,429 INFO: Executing TransactionTrackerOperations.select_customer()
2019-01-03 17:35:53,569 INFO: Executing TransactionTrackerOperations.select_customer()
2019-01-03 17:36:06,324 INFO: Executing TransactionTrackerOperations.get_CM_parcels()
2019-01-03 17:36:13,523 INFO: Executing TransactionTrackerOperations.search_process_for_CMPDM() for: Performance Health|McKesson EMORY HEALTHCARE|810
2019-01-03 17:36:13,603 INFO: Executing TransactionTrackerOperations.select_customer()
2019-01-03 17:36:20,710 INFO: Executing TransactionTrackerOperations.select_customer()
2019-01-03 17:36:33,054 INFO: Executing TransactionTrackerOperations.get_CM_parcels()
2019-01-03 17:36:40,264 INFO: Executing TransactionTrackerOperations.search_process_for_CMPDM() for: Performance Health|McKesson FIRELANDS REGIONAL MEDICAL CENTER|810
2019-01-03 17:36:40,677 INFO: Executing TransactionTrackerOperations.select_customer()
2019-01-03 17:36:47,689 INFO: Executing TransactionTrackerOperations.select_customer()
2019-01-03 17:37:00,699 INFO: Executing TransactionTrackerOperations.get_CM_parcels()
2019-01-03 17:37:07,206 INFO: Executing TransactionTrackerOperations.search_process_for_CMPDM() for: Performance Health|McKesson FIRSTHEALTH CAROLINAS|810
2019-01-03 17:37:08,217 INFO: Executing TransactionTrackerOperations.select_customer()
2019-01-03 17:37:15,229 INFO: Executing TransactionTrackerOperations.select_customer()
2019-01-03 17:37:27,733 INFO: Executing TransactionTrackerOperations.get_CM_parcels()
2019-01-03 17:37:34,495 INFO: Executing TransactionTrackerOperations.search_process_for_CMPDM() for: Performance Health|McKesson FRANCISCAN ALLIANCE INC|810
2019-01-03 17:37:35,784 INFO: Executing TransactionTrackerOperations.select_customer()
2019-01-03 17:37:42,850 INFO: Executing TransactionTrackerOperations.select_customer()
2019-01-03 17:37:55,474 INFO: Executing TransactionTrackerOperations.get_CM_parcels()
2019-01-03 17:37:58,950 INFO: NoSuchElementException in TransactionTrackerOperations.get_CM_parcels()
2019-01-03 17:38:04,731 INFO: NoSuchElementException in TransactionTrackerOperations.get_CM_parcels()
2019-01-03 17:38:10,007 INFO: NoSuchElementException in TransactionTrackerOperations.get_CM_parcels()
2019-01-03 17:38:15,074 INFO: NoSuchElementException in TransactionTrackerOperations.get_CM_parcels()
2019-01-03 17:38:20,274 INFO: NoSuchElementException in TransactionTrackerOperations.get_CM_parcels()
2019-01-03 17:38:25,549 INFO: NoSuchElementException in TransactionTrackerOperations.get_CM_parcels()
2019-01-03 17:38:30,624 INFO: NoSuchElementException in TransactionTrackerOperations.get_CM_parcels()
2019-01-03 17:38:35,698 INFO: NoSuchElementException in TransactionTrackerOperations.get_CM_parcels()
2019-01-03 17:38:40,745 INFO: NoSuchElementException in TransactionTrackerOperations.get_CM_parcels()
2019-01-03 17:38:45,896 INFO: NoSuchElementException in TransactionTrackerOperations.get_CM_parcels()
2019-01-03 17:38:51,047 INFO: NoSuchElementException in TransactionTrackerOperations.get_CM_parcels()
2019-01-03 17:38:56,425 INFO: NoSuchElementException in TransactionTrackerOperations.get_CM_parcels()
2019-01-03 17:39:01,716 INFO: NoSuchElementException in TransactionTrackerOperations.get_CM_parcels()
2019-01-03 17:39:07,325 INFO: NoSuchElementException in TransactionTrackerOperations.get_CM_parcels()
2019-01-03 17:39:12,538 INFO: NoSuchElementException in TransactionTrackerOperations.get_CM_parcels()
2019-01-03 17:39:18,338 INFO: NoSuchElementException in TransactionTrackerOperations.get_CM_parcels()
2019-01-03 17:39:23,618 INFO: NoSuchElementException in TransactionTrackerOperations.get_CM_parcels()
2019-01-03 17:39:28,781 INFO: NoSuchElementException in TransactionTrackerOperations.get_CM_parcels()
2019-01-03 17:39:31,542 INFO: NoSuchElementException in TransactionTrackerOperations.get_CM_parcels()
2019-01-03 17:39:40,505 INFO: Executing TransactionTrackerOperations.search_process_for_CMPDM() for: Performance Health|McKesson GOOD SHEPHERD REHAB NETWORK|810
2019-01-03 17:39:40,774 INFO: Executing TransactionTrackerOperations.select_customer()
2019-01-03 17:39:47,789 INFO: Executing TransactionTrackerOperations.select_customer()
2019-01-03 17:40:00,338 INFO: Executing TransactionTrackerOperations.get_CM_parcels()
2019-01-03 17:40:03,646 INFO: NoSuchElementException in TransactionTrackerOperations.get_CM_parcels()
2019-01-03 17:40:08,821 INFO: NoSuchElementException in TransactionTrackerOperations.get_CM_parcels()
2019-01-03 17:40:13,826 INFO: NoSuchElementException in TransactionTrackerOperations.get_CM_parcels()
2019-01-03 17:40:18,903 INFO: NoSuchElementException in TransactionTrackerOperations.get_CM_parcels()
2019-01-03 17:40:24,069 INFO: NoSuchElementException in TransactionTrackerOperations.get_CM_parcels()
2019-01-03 17:40:29,338 INFO: NoSuchElementException in TransactionTrackerOperations.get_CM_parcels()
2019-01-03 17:40:34,429 INFO: NoSuchElementException in TransactionTrackerOperations.get_CM_parcels()
2019-01-03 17:40:39,635 INFO: NoSuchElementException in TransactionTrackerOperations.get_CM_parcels()
2019-01-03 17:40:44,750 INFO: NoSuchElementException in TransactionTrackerOperations.get_CM_parcels()
2019-01-03 17:40:49,862 INFO: NoSuchElementException in TransactionTrackerOperations.get_CM_parcels()
2019-01-03 17:40:55,037 INFO: NoSuchElementException in TransactionTrackerOperations.get_CM_parcels()
2019-01-03 17:41:00,205 INFO: NoSuchElementException in TransactionTrackerOperations.get_CM_parcels()
2019-01-03 17:41:05,340 INFO: NoSuchElementException in TransactionTrackerOperations.get_CM_parcels()
2019-01-03 17:41:10,518 INFO: NoSuchElementException in TransactionTrackerOperations.get_CM_parcels()
2019-01-03 17:41:15,863 INFO: NoSuchElementException in TransactionTrackerOperations.get_CM_parcels()
2019-01-03 17:41:21,057 INFO: NoSuchElementException in TransactionTrackerOperations.get_CM_parcels()
2019-01-03 17:41:26,299 INFO: NoSuchElementException in TransactionTrackerOperations.get_CM_parcels()
2019-01-03 17:41:28,885 INFO: NoSuchElementException in TransactionTrackerOperations.get_CM_parcels()
2019-01-03 17:41:39,530 INFO: Executing TransactionTrackerOperations.search_process_for_CMPDM() for: Performance Health|McKesson HALIFAX REGIONAL HOSPITAL|810
2019-01-03 17:41:40,003 INFO: Executing TransactionTrackerOperations.select_customer()
2019-01-03 17:41:46,242 INFO: Executing TransactionTrackerOperations.select_customer()
2019-01-03 17:41:48,317 ERROR: Error in CMProductionDataMonitoring.TaskFilter()
2019-01-03 17:41:54,053 INFO: Executing TransactionTrackerOperations.search_process_for_CMPDM() for: Performance Health|McKesson HATTISBURG CLINIC|810
2019-01-03 17:41:54,086 INFO: Executing TransactionTrackerOperations.select_customer()
2019-01-03 17:42:01,827 INFO: Executing TransactionTrackerOperations.select_customer()
2019-01-03 17:42:14,235 INFO: Executing TransactionTrackerOperations.get_CM_parcels()
2019-01-03 17:42:21,486 INFO: Executing TransactionTrackerOperations.search_process_for_CMPDM() for: Performance Health|McKesson IL BONE AND JOINT|810
2019-01-03 17:42:21,930 INFO: Executing TransactionTrackerOperations.select_customer()
2019-01-03 17:42:29,001 INFO: Executing TransactionTrackerOperations.select_customer()
2019-01-03 17:42:41,851 INFO: Executing TransactionTrackerOperations.get_CM_parcels()
2019-01-03 17:42:47,724 INFO: Executing TransactionTrackerOperations.search_process_for_CMPDM() for: Performance Health|McKesson LAKE CHARLES MEMORIAL HOSPITAL|810
2019-01-03 17:42:49,014 INFO: Executing TransactionTrackerOperations.select_customer()
2019-01-03 17:42:56,116 INFO: Executing TransactionTrackerOperations.select_customer()
2019-01-03 17:43:09,057 INFO: Executing TransactionTrackerOperations.get_CM_parcels()
2019-01-03 17:43:15,630 INFO: Executing TransactionTrackerOperations.search_process_for_CMPDM() for: Performance Health|McKesson LAWRENCE MEMORIAL HOSPITAL|810
2019-01-03 17:43:16,092 INFO: Executing TransactionTrackerOperations.select_customer()
2019-01-03 17:43:23,154 INFO: Executing TransactionTrackerOperations.select_customer()
2019-01-03 17:43:36,059 INFO: Executing TransactionTrackerOperations.get_CM_parcels()
2019-01-03 17:43:39,547 INFO: NoSuchElementException in TransactionTrackerOperations.get_CM_parcels()
2019-01-03 17:43:44,748 INFO: NoSuchElementException in TransactionTrackerOperations.get_CM_parcels()
2019-01-03 17:43:50,022 INFO: NoSuchElementException in TransactionTrackerOperations.get_CM_parcels()
2019-01-03 17:43:55,105 INFO: NoSuchElementException in TransactionTrackerOperations.get_CM_parcels()
2019-01-03 17:44:00,756 INFO: NoSuchElementException in TransactionTrackerOperations.get_CM_parcels()
2019-01-03 17:44:03,936 INFO: NoSuchElementException in TransactionTrackerOperations.get_CM_parcels()
2019-01-03 17:44:11,067 INFO: Executing TransactionTrackerOperations.search_process_for_CMPDM() for: Performance Health|McKesson LEESBURG REGIONAL|810
2019-01-03 17:44:11,533 INFO: Executing TransactionTrackerOperations.select_customer()
2019-01-03 17:44:18,695 INFO: Executing TransactionTrackerOperations.select_customer()
2019-01-03 17:44:33,040 INFO: Executing TransactionTrackerOperations.get_CM_parcels()
2019-01-03 17:44:35,303 INFO: NoSuchElementException in TransactionTrackerOperations.get_CM_parcels()
2019-01-03 17:44:42,843 INFO: Executing TransactionTrackerOperations.search_process_for_CMPDM() for: Performance Health|McKesson LOMA LINDA UNIVERSITY MEDICAL CENTER|810
2019-01-03 17:44:44,315 INFO: Executing TransactionTrackerOperations.select_customer()
2019-01-03 17:44:51,327 INFO: Executing TransactionTrackerOperations.select_customer()
2019-01-03 17:45:04,463 INFO: Executing TransactionTrackerOperations.get_CM_parcels()
2019-01-03 17:45:04,806 INFO: NoSuchElementException in TransactionTrackerOperations.get_CM_parcels()
2019-01-03 17:45:12,974 INFO: Executing TransactionTrackerOperations.search_process_for_CMPDM() for: Performance Health|McKesson MCG HEALTH INC|810
2019-01-03 17:45:13,230 INFO: Executing TransactionTrackerOperations.select_customer()
2019-01-03 17:45:20,253 INFO: Executing TransactionTrackerOperations.select_customer()
2019-01-03 17:45:33,769 INFO: Executing TransactionTrackerOperations.get_CM_parcels()
2019-01-03 17:45:37,166 INFO: NoSuchElementException in TransactionTrackerOperations.get_CM_parcels()
2019-01-03 17:45:42,398 INFO: NoSuchElementException in TransactionTrackerOperations.get_CM_parcels()
2019-01-03 17:45:48,275 INFO: NoSuchElementException in TransactionTrackerOperations.get_CM_parcels()
2019-01-03 17:45:56,681 INFO: NoSuchElementException in TransactionTrackerOperations.get_CM_parcels()
2019-01-03 17:46:03,518 INFO: NoSuchElementException in TransactionTrackerOperations.get_CM_parcels()
2019-01-03 17:46:12,901 INFO: Executing TransactionTrackerOperations.search_process_for_CMPDM() for: Performance Health|McKesson NCH HEALTHCARE|810
2019-01-03 17:46:13,678 INFO: Executing TransactionTrackerOperations.select_customer()
2019-01-03 17:46:20,885 INFO: Executing TransactionTrackerOperations.select_customer()
2019-01-03 17:46:34,853 INFO: Executing TransactionTrackerOperations.get_CM_parcels()
2019-01-03 17:46:39,313 INFO: NoSuchElementException in TransactionTrackerOperations.get_CM_parcels()
2019-01-03 17:46:45,049 INFO: NoSuchElementException in TransactionTrackerOperations.get_CM_parcels()
2019-01-03 17:46:51,649 INFO: NoSuchElementException in TransactionTrackerOperations.get_CM_parcels()
2019-01-03 17:46:57,675 INFO: NoSuchElementException in TransactionTrackerOperations.get_CM_parcels()
2019-01-03 17:47:03,785 INFO: NoSuchElementException in TransactionTrackerOperations.get_CM_parcels()
2019-01-03 17:47:10,350 INFO: NoSuchElementException in TransactionTrackerOperations.get_CM_parcels()
2019-01-03 17:47:15,879 INFO: NoSuchElementException in TransactionTrackerOperations.get_CM_parcels()
2019-01-03 17:47:18,710 INFO: NoSuchElementException in TransactionTrackerOperations.get_CM_parcels()
2019-01-03 17:47:27,745 INFO: Executing TransactionTrackerOperations.search_process_for_CMPDM() for: Performance Health|McKesson SACRED HEART HOSPITAL|810
2019-01-03 17:47:28,269 INFO: Executing TransactionTrackerOperations.select_customer()
2019-01-03 17:47:35,323 INFO: Executing TransactionTrackerOperations.select_customer()
2019-01-03 17:47:49,134 INFO: Executing TransactionTrackerOperations.get_CM_parcels()
2019-01-03 17:47:56,087 INFO: Executing TransactionTrackerOperations.search_process_for_CMPDM() for: Performance Health|McKesson SAINT FRANCES MEDICAL CENTER|810
2019-01-03 17:47:56,524 INFO: Executing TransactionTrackerOperations.select_customer()
2019-01-03 17:48:03,559 INFO: Executing TransactionTrackerOperations.select_customer()
2019-01-03 17:48:16,491 INFO: Executing TransactionTrackerOperations.get_CM_parcels()
2019-01-03 17:48:19,896 INFO: NoSuchElementException in TransactionTrackerOperations.get_CM_parcels()
2019-01-03 17:48:25,065 INFO: NoSuchElementException in TransactionTrackerOperations.get_CM_parcels()
2019-01-03 17:48:30,301 INFO: NoSuchElementException in TransactionTrackerOperations.get_CM_parcels()
2019-01-03 17:48:33,937 INFO: NoSuchElementException in TransactionTrackerOperations.get_CM_parcels()
2019-01-03 17:48:40,748 INFO: Executing TransactionTrackerOperations.search_process_for_CMPDM() for: Performance Health|McKesson SOUTHERN NEW HAMPSHIRE MEDICAL CENTER|810
2019-01-03 17:48:41,743 INFO: Executing TransactionTrackerOperations.select_customer()
2019-01-03 17:48:48,760 INFO: Executing TransactionTrackerOperations.select_customer()
2019-01-03 17:49:01,935 INFO: Executing TransactionTrackerOperations.get_CM_parcels()
2019-01-03 17:49:05,475 INFO: NoSuchElementException in TransactionTrackerOperations.get_CM_parcels()
2019-01-03 17:49:10,607 INFO: NoSuchElementException in TransactionTrackerOperations.get_CM_parcels()
2019-01-03 17:49:16,025 INFO: NoSuchElementException in TransactionTrackerOperations.get_CM_parcels()
2019-01-03 17:49:21,549 INFO: NoSuchElementException in TransactionTrackerOperations.get_CM_parcels()
2019-01-03 17:49:24,024 INFO: NoSuchElementException in TransactionTrackerOperations.get_CM_parcels()
2019-01-03 17:49:31,996 INFO: Executing TransactionTrackerOperations.search_process_for_CMPDM() for: Performance Health|McKesson TIFT REGIONAL MEDICAL CENTER|810
2019-01-03 17:49:32,396 INFO: Executing TransactionTrackerOperations.select_customer()
2019-01-03 17:49:39,491 INFO: Executing TransactionTrackerOperations.select_customer()
2019-01-03 17:49:52,261 INFO: Executing TransactionTrackerOperations.get_CM_parcels()
2019-01-03 17:49:59,184 INFO: Executing TransactionTrackerOperations.search_process_for_CMPDM() for: Performance Health|McKesson TRINITY MOTHER FRANCES HOSPITAL|810
2019-01-03 17:49:59,544 INFO: Executing TransactionTrackerOperations.select_customer()
2019-01-03 17:50:06,670 INFO: Executing TransactionTrackerOperations.select_customer()
2019-01-03 17:50:19,558 INFO: Executing TransactionTrackerOperations.get_CM_parcels()
2019-01-03 17:50:22,894 INFO: NoSuchElementException in TransactionTrackerOperations.get_CM_parcels()
2019-01-03 17:50:28,023 INFO: NoSuchElementException in TransactionTrackerOperations.get_CM_parcels()
2019-01-03 17:50:33,182 INFO: NoSuchElementException in TransactionTrackerOperations.get_CM_parcels()
2019-01-03 17:50:38,289 INFO: NoSuchElementException in TransactionTrackerOperations.get_CM_parcels()
2019-01-03 17:50:43,406 INFO: NoSuchElementException in TransactionTrackerOperations.get_CM_parcels()
2019-01-03 17:50:48,641 INFO: NoSuchElementException in TransactionTrackerOperations.get_CM_parcels()
2019-01-03 17:50:53,706 INFO: NoSuchElementException in TransactionTrackerOperations.get_CM_parcels()
2019-01-03 17:50:57,039 INFO: NoSuchElementException in TransactionTrackerOperations.get_CM_parcels()
2019-01-03 17:51:05,318 INFO: Executing TransactionTrackerOperations.search_process_for_CMPDM() for: Performance Health|McKesson Truman Medical Center|810
2019-01-03 17:51:05,660 INFO: Executing TransactionTrackerOperations.select_customer()
2019-01-03 17:51:12,708 INFO: Executing TransactionTrackerOperations.select_customer()
2019-01-03 17:51:24,960 INFO: Executing TransactionTrackerOperations.get_CM_parcels()
2019-01-03 17:51:32,134 INFO: Executing TransactionTrackerOperations.search_process_for_CMPDM() for: Performance Health|McKesson UNITED HOSPITAL SYSTEM INC|810
2019-01-03 17:51:32,426 INFO: Executing TransactionTrackerOperations.select_customer()
2019-01-03 17:51:39,464 INFO: Executing TransactionTrackerOperations.select_customer()
2019-01-03 17:51:52,133 INFO: Executing TransactionTrackerOperations.get_CM_parcels()
2019-01-03 17:51:55,501 INFO: NoSuchElementException in TransactionTrackerOperations.get_CM_parcels()
2019-01-03 17:52:00,769 INFO: NoSuchElementException in TransactionTrackerOperations.get_CM_parcels()
2019-01-03 17:52:06,071 INFO: NoSuchElementException in TransactionTrackerOperations.get_CM_parcels()
2019-01-03 17:52:09,412 INFO: NoSuchElementException in TransactionTrackerOperations.get_CM_parcels()
2019-01-03 17:52:17,741 INFO: Executing TransactionTrackerOperations.search_process_for_CMPDM() for: Performance Health|McKesson VAIL VALLEY MEDICAL CENTER|810
2019-01-03 17:52:18,164 INFO: Executing TransactionTrackerOperations.select_customer()
2019-01-03 17:52:25,215 INFO: Executing TransactionTrackerOperations.select_customer()
2019-01-03 17:52:37,868 INFO: Executing TransactionTrackerOperations.get_CM_parcels()
2019-01-03 17:52:41,449 INFO: NoSuchElementException in TransactionTrackerOperations.get_CM_parcels()
2019-01-03 17:52:46,616 INFO: NoSuchElementException in TransactionTrackerOperations.get_CM_parcels()
2019-01-03 17:52:51,774 INFO: NoSuchElementException in TransactionTrackerOperations.get_CM_parcels()
2019-01-03 17:52:56,829 INFO: NoSuchElementException in TransactionTrackerOperations.get_CM_parcels()
2019-01-03 17:53:02,068 INFO: NoSuchElementException in TransactionTrackerOperations.get_CM_parcels()
2019-01-03 17:53:07,469 INFO: NoSuchElementException in TransactionTrackerOperations.get_CM_parcels()
2019-01-03 17:53:12,523 INFO: NoSuchElementException in TransactionTrackerOperations.get_CM_parcels()
2019-01-03 17:53:17,597 INFO: NoSuchElementException in TransactionTrackerOperations.get_CM_parcels()
2019-01-03 17:53:22,794 INFO: NoSuchElementException in TransactionTrackerOperations.get_CM_parcels()
2019-01-03 17:53:27,956 INFO: NoSuchElementException in TransactionTrackerOperations.get_CM_parcels()
2019-01-03 17:53:33,129 INFO: NoSuchElementException in TransactionTrackerOperations.get_CM_parcels()
2019-01-03 17:53:38,281 INFO: NoSuchElementException in TransactionTrackerOperations.get_CM_parcels()
2019-01-03 17:53:43,465 INFO: NoSuchElementException in TransactionTrackerOperations.get_CM_parcels()
2019-01-03 17:53:48,601 INFO: NoSuchElementException in TransactionTrackerOperations.get_CM_parcels()
2019-01-03 17:53:53,844 INFO: NoSuchElementException in TransactionTrackerOperations.get_CM_parcels()
2019-01-03 17:53:58,960 INFO: NoSuchElementException in TransactionTrackerOperations.get_CM_parcels()
2019-01-03 17:54:04,271 INFO: NoSuchElementException in TransactionTrackerOperations.get_CM_parcels()
2019-01-03 17:54:09,759 INFO: NoSuchElementException in TransactionTrackerOperations.get_CM_parcels()
2019-01-03 17:54:14,869 INFO: NoSuchElementException in TransactionTrackerOperations.get_CM_parcels()
2019-01-03 17:54:18,533 INFO: NoSuchElementException in TransactionTrackerOperations.get_CM_parcels()
2019-01-03 17:54:27,335 INFO: Executing TransactionTrackerOperations.search_process_for_CMPDM() for: Performance Health|McKesson WHEATON FRANCISCAN HEALTHCARE|810
2019-01-03 17:54:27,615 INFO: Executing TransactionTrackerOperations.select_customer()
2019-01-03 17:54:34,687 INFO: Executing TransactionTrackerOperations.select_customer()
2019-01-03 17:54:47,523 INFO: Executing TransactionTrackerOperations.get_CM_parcels()
2019-01-03 17:54:53,485 INFO: Executing TransactionTrackerOperations.search_process_for_CMPDM() for: Performance Health|MFA DSSI|810
2019-01-03 17:54:54,672 INFO: Executing TransactionTrackerOperations.select_customer()
2019-01-03 17:55:01,708 INFO: Executing TransactionTrackerOperations.select_customer()
2019-01-03 17:55:13,156 INFO: Executing TransactionTrackerOperations.get_CM_parcels()
2019-01-03 17:55:20,441 INFO: Executing TransactionTrackerOperations.search_process_for_CMPDM() for: Performance Health|MIDWEST GERIATRIC DSSI|810
2019-01-03 17:55:20,731 INFO: Executing TransactionTrackerOperations.select_customer()
2019-01-03 17:55:27,779 INFO: Executing TransactionTrackerOperations.select_customer()
2019-01-03 17:55:39,902 INFO: Executing TransactionTrackerOperations.get_CM_parcels()
2019-01-03 17:55:40,240 INFO: NoSuchElementException in TransactionTrackerOperations.get_CM_parcels()
2019-01-03 17:55:47,224 INFO: Executing TransactionTrackerOperations.search_process_for_CMPDM() for: Performance Health|MIDWEST HEALTH DSSI|810
2019-01-03 17:55:48,584 INFO: Executing TransactionTrackerOperations.select_customer()
2019-01-03 17:55:55,622 INFO: Executing TransactionTrackerOperations.select_customer()
2019-01-03 17:56:07,659 INFO: Executing TransactionTrackerOperations.get_CM_parcels()
2019-01-03 17:56:11,114 INFO: NoSuchElementException in TransactionTrackerOperations.get_CM_parcels()
2019-01-03 17:56:16,627 INFO: NoSuchElementException in TransactionTrackerOperations.get_CM_parcels()
2019-01-03 17:56:21,987 INFO: NoSuchElementException in TransactionTrackerOperations.get_CM_parcels()
2019-01-03 17:56:25,642 INFO: NoSuchElementException in TransactionTrackerOperations.get_CM_parcels()
2019-01-03 17:56:32,514 INFO: Executing TransactionTrackerOperations.search_process_for_CMPDM() for: Performance Health|MISSION HEALTH DSSI|810
2019-01-03 17:56:33,978 INFO: Executing TransactionTrackerOperations.select_customer()
2019-01-03 17:56:41,228 INFO: Executing TransactionTrackerOperations.select_customer()
2019-01-03 17:56:53,644 INFO: Executing TransactionTrackerOperations.get_CM_parcels()
2019-01-03 17:56:57,332 INFO: NoSuchElementException in TransactionTrackerOperations.get_CM_parcels()
2019-01-03 17:57:02,980 INFO: NoSuchElementException in TransactionTrackerOperations.get_CM_parcels()
2019-01-03 17:57:08,225 INFO: NoSuchElementException in TransactionTrackerOperations.get_CM_parcels()
2019-01-03 17:57:13,436 INFO: NoSuchElementException in TransactionTrackerOperations.get_CM_parcels()
2019-01-03 17:57:18,614 INFO: NoSuchElementException in TransactionTrackerOperations.get_CM_parcels()
2019-01-03 17:57:23,927 INFO: NoSuchElementException in TransactionTrackerOperations.get_CM_parcels()
2019-01-03 17:57:29,028 INFO: NoSuchElementException in TransactionTrackerOperations.get_CM_parcels()
2019-01-03 17:57:34,551 INFO: NoSuchElementException in TransactionTrackerOperations.get_CM_parcels()
2019-01-03 17:57:37,084 INFO: NoSuchElementException in TransactionTrackerOperations.get_CM_parcels()
2019-01-03 17:57:44,476 INFO: Executing TransactionTrackerOperations.search_process_for_CMPDM() for: Performance Health|NEXION DSSI|810
2019-01-03 17:57:46,309 INFO: Executing TransactionTrackerOperations.select_customer()
2019-01-03 17:57:53,542 INFO: Executing TransactionTrackerOperations.select_customer()
2019-01-03 17:58:05,762 INFO: Executing TransactionTrackerOperations.get_CM_parcels()
2019-01-03 17:58:10,145 INFO: NoSuchElementException in TransactionTrackerOperations.get_CM_parcels()
2019-01-03 17:58:15,737 INFO: NoSuchElementException in TransactionTrackerOperations.get_CM_parcels()
2019-01-03 17:58:21,282 INFO: NoSuchElementException in TransactionTrackerOperations.get_CM_parcels()
2019-01-03 17:58:26,569 INFO: NoSuchElementException in TransactionTrackerOperations.get_CM_parcels()
2019-01-03 17:58:31,689 INFO: NoSuchElementException in TransactionTrackerOperations.get_CM_parcels()
2019-01-03 17:58:36,839 INFO: NoSuchElementException in TransactionTrackerOperations.get_CM_parcels()
2019-01-03 17:58:42,023 INFO: NoSuchElementException in TransactionTrackerOperations.get_CM_parcels()
2019-01-03 17:58:47,749 INFO: NoSuchElementException in TransactionTrackerOperations.get_CM_parcels()
2019-01-03 17:58:53,074 INFO: NoSuchElementException in TransactionTrackerOperations.get_CM_parcels()
2019-01-03 17:58:56,825 INFO: NoSuchElementException in TransactionTrackerOperations.get_CM_parcels()
2019-01-03 17:59:05,489 INFO: Executing TransactionTrackerOperations.search_process_for_CMPDM() for: Performance Health|NOLAND HEALTH SERVICES DSSI|810
2019-01-03 17:59:06,278 INFO: Executing TransactionTrackerOperations.select_customer()
2019-01-03 17:59:13,546 INFO: Executing TransactionTrackerOperations.select_customer()
2019-01-03 17:59:26,881 INFO: Executing TransactionTrackerOperations.get_CM_parcels()
2019-01-03 17:59:31,217 INFO: NoSuchElementException in TransactionTrackerOperations.get_CM_parcels()
2019-01-03 17:59:37,979 INFO: NoSuchElementException in TransactionTrackerOperations.get_CM_parcels()
2019-01-03 17:59:44,930 INFO: NoSuchElementException in TransactionTrackerOperations.get_CM_parcels()
2019-01-03 17:59:52,216 INFO: NoSuchElementException in TransactionTrackerOperations.get_CM_parcels()
2019-01-03 17:59:57,609 INFO: NoSuchElementException in TransactionTrackerOperations.get_CM_parcels()
2019-01-03 18:00:02,216 INFO: NoSuchElementException in TransactionTrackerOperations.get_CM_parcels()
2019-01-03 18:00:10,661 INFO: Executing TransactionTrackerOperations.search_process_for_CMPDM() for: Performance Health|NORTHPORT DSSI|810
2019-01-03 18:00:11,614 INFO: Executing TransactionTrackerOperations.select_customer()
2019-01-03 18:00:19,317 INFO: Executing TransactionTrackerOperations.select_customer()
2019-01-03 18:00:34,303 INFO: Executing TransactionTrackerOperations.get_CM_parcels()
2019-01-03 18:00:42,458 INFO: Executing TransactionTrackerOperations.search_process_for_CMPDM() for: Performance Health|NUVISION DSSI|810
2019-01-03 18:00:44,053 INFO: Executing TransactionTrackerOperations.select_customer()
2019-01-03 18:00:51,698 INFO: Executing TransactionTrackerOperations.select_customer()
2019-01-03 18:01:04,605 INFO: Executing TransactionTrackerOperations.get_CM_parcels()
2019-01-03 18:01:07,935 INFO: NoSuchElementException in TransactionTrackerOperations.get_CM_parcels()
2019-01-03 18:01:13,800 INFO: NoSuchElementException in TransactionTrackerOperations.get_CM_parcels()
2019-01-03 18:01:19,032 INFO: NoSuchElementException in TransactionTrackerOperations.get_CM_parcels()
2019-01-03 18:01:28,447 INFO: Executing TransactionTrackerOperations.search_process_for_CMPDM() for: Performance Health|ONIX GROUP DSSI|810
2019-01-03 18:01:29,030 INFO: Executing TransactionTrackerOperations.select_customer()
2019-01-03 18:01:36,265 INFO: Executing TransactionTrackerOperations.select_customer()
2019-01-03 18:01:49,179 INFO: Executing TransactionTrackerOperations.get_CM_parcels()
2019-01-03 18:01:53,470 INFO: NoSuchElementException in TransactionTrackerOperations.get_CM_parcels()
2019-01-03 18:01:58,685 INFO: NoSuchElementException in TransactionTrackerOperations.get_CM_parcels()
2019-01-03 18:02:04,217 INFO: NoSuchElementException in TransactionTrackerOperations.get_CM_parcels()
2019-01-03 18:02:09,840 INFO: NoSuchElementException in TransactionTrackerOperations.get_CM_parcels()
2019-01-03 18:02:13,304 INFO: NoSuchElementException in TransactionTrackerOperations.get_CM_parcels()
2019-01-03 18:02:21,634 INFO: Executing TransactionTrackerOperations.search_process_for_CMPDM() for: Performance Health|PENNMED CONSULTANTS INC DSSI|810
2019-01-03 18:02:22,467 INFO: Executing TransactionTrackerOperations.select_customer()
2019-01-03 18:02:29,745 INFO: Executing TransactionTrackerOperations.select_customer()
2019-01-03 18:02:42,953 INFO: Executing TransactionTrackerOperations.get_CM_parcels()
2019-01-03 18:02:49,272 INFO: Executing TransactionTrackerOperations.search_process_for_CMPDM() for: Performance Health|PREFERRED CARE DSSI|810
2019-01-03 18:02:50,700 INFO: Executing TransactionTrackerOperations.select_customer()
2019-01-03 18:02:57,764 INFO: Executing TransactionTrackerOperations.select_customer()
2019-01-03 18:03:10,141 INFO: Executing TransactionTrackerOperations.get_CM_parcels()
2019-01-03 18:03:17,521 INFO: Executing TransactionTrackerOperations.search_process_for_CMPDM() for: Performance Health|PRESBYTERIAN HOMES AND SERVICES DSSI|810
2019-01-03 18:03:18,527 INFO: Executing TransactionTrackerOperations.select_customer()
2019-01-03 18:03:25,784 INFO: Executing TransactionTrackerOperations.select_customer()
2019-01-03 18:03:38,972 INFO: Executing TransactionTrackerOperations.get_CM_parcels()
2019-01-03 18:03:42,790 INFO: NoSuchElementException in TransactionTrackerOperations.get_CM_parcels()
2019-01-03 18:03:48,086 INFO: NoSuchElementException in TransactionTrackerOperations.get_CM_parcels()
2019-01-03 18:03:53,250 INFO: NoSuchElementException in TransactionTrackerOperations.get_CM_parcels()
2019-01-03 18:03:58,736 INFO: NoSuchElementException in TransactionTrackerOperations.get_CM_parcels()
2019-01-03 18:04:03,908 INFO: NoSuchElementException in TransactionTrackerOperations.get_CM_parcels()
2019-01-03 18:04:09,428 INFO: NoSuchElementException in TransactionTrackerOperations.get_CM_parcels()
2019-01-03 18:04:15,040 INFO: NoSuchElementException in TransactionTrackerOperations.get_CM_parcels()
2019-01-03 18:04:24,965 INFO: Executing TransactionTrackerOperations.search_process_for_CMPDM() for: Performance Health|PRESBYTERIAN SENIOR LIVING DSSI|810
2019-01-03 18:04:25,974 INFO: Executing TransactionTrackerOperations.select_customer()
2019-01-03 18:04:34,217 INFO: Executing TransactionTrackerOperations.select_customer()
2019-01-03 18:04:47,025 INFO: Executing TransactionTrackerOperations.get_CM_parcels()
2019-01-03 18:04:50,748 INFO: NoSuchElementException in TransactionTrackerOperations.get_CM_parcels()
2019-01-03 18:04:57,063 INFO: NoSuchElementException in TransactionTrackerOperations.get_CM_parcels()
2019-01-03 18:05:02,915 INFO: NoSuchElementException in TransactionTrackerOperations.get_CM_parcels()
2019-01-03 18:05:08,281 INFO: NoSuchElementException in TransactionTrackerOperations.get_CM_parcels()
2019-01-03 18:05:12,274 INFO: NoSuchElementException in TransactionTrackerOperations.get_CM_parcels()
2019-01-03 18:05:20,047 INFO: Executing TransactionTrackerOperations.search_process_for_CMPDM() for: Performance Health|QUALITY LIFE SERVICES DSSI|810
2019-01-03 18:05:20,342 INFO: Executing TransactionTrackerOperations.select_customer()
2019-01-03 18:05:27,453 INFO: Executing TransactionTrackerOperations.select_customer()
2019-01-03 18:05:40,265 INFO: Executing TransactionTrackerOperations.get_CM_parcels()
2019-01-03 18:05:44,019 INFO: NoSuchElementException in TransactionTrackerOperations.get_CM_parcels()
2019-01-03 18:05:50,701 INFO: NoSuchElementException in TransactionTrackerOperations.get_CM_parcels()
2019-01-03 18:05:56,618 INFO: NoSuchElementException in TransactionTrackerOperations.get_CM_parcels()
2019-01-03 18:06:03,762 INFO: NoSuchElementException in TransactionTrackerOperations.get_CM_parcels()
2019-01-03 18:06:09,019 INFO: NoSuchElementException in TransactionTrackerOperations.get_CM_parcels()
2019-01-03 18:06:14,325 INFO: NoSuchElementException in TransactionTrackerOperations.get_CM_parcels()
2019-01-03 18:06:19,396 INFO: NoSuchElementException in TransactionTrackerOperations.get_CM_parcels()
2019-01-03 18:06:29,112 INFO: Executing TransactionTrackerOperations.search_process_for_CMPDM() for: Performance Health|Quest Healthcare Development DSSI|810
2019-01-03 18:06:29,545 INFO: Executing TransactionTrackerOperations.select_customer()
2019-01-03 18:06:36,879 INFO: Executing TransactionTrackerOperations.select_customer()
2019-01-03 18:06:49,441 INFO: Executing TransactionTrackerOperations.get_CM_parcels()
2019-01-03 18:06:57,073 INFO: Executing TransactionTrackerOperations.search_process_for_CMPDM() for: Performance Health|Regency Integrated Health Services DSSI|810
2019-01-03 18:06:58,322 INFO: Executing TransactionTrackerOperations.select_customer()
2019-01-03 18:07:05,729 INFO: Executing TransactionTrackerOperations.select_customer()
2019-01-03 18:07:20,235 INFO: Executing TransactionTrackerOperations.get_CM_parcels()
2019-01-03 18:07:27,604 INFO: Executing TransactionTrackerOperations.search_process_for_CMPDM() for: Performance Health|RENNES HEALTH DSSI|810
2019-01-03 18:07:28,494 INFO: Executing TransactionTrackerOperations.select_customer()
2019-01-03 18:07:35,808 INFO: Executing TransactionTrackerOperations.select_customer()
2019-01-03 18:07:49,179 INFO: Executing TransactionTrackerOperations.get_CM_parcels()
2019-01-03 18:07:53,361 INFO: NoSuchElementException in TransactionTrackerOperations.get_CM_parcels()
2019-01-03 18:07:59,544 INFO: NoSuchElementException in TransactionTrackerOperations.get_CM_parcels()
2019-01-03 18:08:05,725 INFO: NoSuchElementException in TransactionTrackerOperations.get_CM_parcels()
2019-01-03 18:08:10,806 INFO: NoSuchElementException in TransactionTrackerOperations.get_CM_parcels()
2019-01-03 18:08:15,944 INFO: NoSuchElementException in TransactionTrackerOperations.get_CM_parcels()
2019-01-03 18:08:20,000 INFO: NoSuchElementException in TransactionTrackerOperations.get_CM_parcels()
2019-01-03 18:08:28,584 INFO: Executing TransactionTrackerOperations.search_process_for_CMPDM() for: Performance Health|SABER HEALTHCARE DSSI|810
2019-01-03 18:08:30,680 INFO: Executing TransactionTrackerOperations.select_customer()
2019-01-03 18:08:38,216 INFO: Executing TransactionTrackerOperations.select_customer()
2019-01-03 18:08:51,292 INFO: Executing TransactionTrackerOperations.get_CM_parcels()
2019-01-03 18:08:58,625 INFO: Executing TransactionTrackerOperations.search_process_for_CMPDM() for: Performance Health|SPRENGER HEALTHCARE DSSI|810
2019-01-03 18:08:59,160 INFO: Executing TransactionTrackerOperations.select_customer()
2019-01-03 18:09:06,722 INFO: Executing TransactionTrackerOperations.select_customer()
2019-01-03 18:09:19,784 INFO: Executing TransactionTrackerOperations.get_CM_parcels()
2019-01-03 18:09:23,259 INFO: NoSuchElementException in TransactionTrackerOperations.get_CM_parcels()
2019-01-03 18:09:28,495 INFO: NoSuchElementException in TransactionTrackerOperations.get_CM_parcels()
2019-01-03 18:09:33,652 INFO: NoSuchElementException in TransactionTrackerOperations.get_CM_parcels()
2019-01-03 18:09:38,743 INFO: NoSuchElementException in TransactionTrackerOperations.get_CM_parcels()
2019-01-03 18:09:44,019 INFO: NoSuchElementException in TransactionTrackerOperations.get_CM_parcels()
2019-01-03 18:09:50,272 INFO: NoSuchElementException in TransactionTrackerOperations.get_CM_parcels()
2019-01-03 18:09:56,095 INFO: NoSuchElementException in TransactionTrackerOperations.get_CM_parcels()
2019-01-03 18:10:03,144 INFO: NoSuchElementException in TransactionTrackerOperations.get_CM_parcels()
2019-01-03 18:10:08,442 INFO: NoSuchElementException in TransactionTrackerOperations.get_CM_parcels()
2019-01-03 18:10:13,989 INFO: NoSuchElementException in TransactionTrackerOperations.get_CM_parcels()
2019-01-03 18:10:21,164 INFO: NoSuchElementException in TransactionTrackerOperations.get_CM_parcels()
2019-01-03 18:10:26,859 INFO: NoSuchElementException in TransactionTrackerOperations.get_CM_parcels()
2019-01-03 18:10:30,503 INFO: NoSuchElementException in TransactionTrackerOperations.get_CM_parcels()
2019-01-03 18:10:39,887 INFO: Executing TransactionTrackerOperations.search_process_for_CMPDM() for: Performance Health|SPRINGPOINT DSSI|810
2019-01-03 18:10:40,501 INFO: Executing TransactionTrackerOperations.select_customer()
2019-01-03 18:10:47,514 INFO: Executing TransactionTrackerOperations.select_customer()
2019-01-03 18:10:59,427 INFO: Executing TransactionTrackerOperations.get_CM_parcels()
2019-01-03 18:11:02,722 INFO: NoSuchElementException in TransactionTrackerOperations.get_CM_parcels()
2019-01-03 18:11:07,883 INFO: NoSuchElementException in TransactionTrackerOperations.get_CM_parcels()
2019-01-03 18:11:12,958 INFO: NoSuchElementException in TransactionTrackerOperations.get_CM_parcels()
2019-01-03 18:11:17,875 INFO: NoSuchElementException in TransactionTrackerOperations.get_CM_parcels()
2019-01-03 18:11:21,802 INFO: NoSuchElementException in TransactionTrackerOperations.get_CM_parcels()
2019-01-03 18:11:30,109 INFO: Executing TransactionTrackerOperations.search_process_for_CMPDM() for: Performance Health|STONERISE MEDICAL DSSI|810
2019-01-03 18:11:30,735 INFO: Executing TransactionTrackerOperations.select_customer()
2019-01-03 18:11:37,724 INFO: Executing TransactionTrackerOperations.select_customer()
2019-01-03 18:11:49,885 INFO: Executing TransactionTrackerOperations.get_CM_parcels()
2019-01-03 18:11:56,093 INFO: Executing TransactionTrackerOperations.search_process_for_CMPDM() for: Performance Health|TAMARAC ADMINISTRACTIVE SERVICES DSSI|810
2019-01-03 18:11:57,452 INFO: Executing TransactionTrackerOperations.select_customer()
2019-01-03 18:12:04,522 INFO: Executing TransactionTrackerOperations.select_customer()
2019-01-03 18:12:17,617 INFO: Executing TransactionTrackerOperations.get_CM_parcels()
2019-01-03 18:12:24,739 INFO: Executing TransactionTrackerOperations.search_process_for_CMPDM() for: Performance Health|TANDEM HEALTHCARE DSSI|810
2019-01-03 18:12:25,169 INFO: Executing TransactionTrackerOperations.select_customer()
2019-01-03 18:12:32,158 INFO: Executing TransactionTrackerOperations.select_customer()
2019-01-03 18:12:44,272 INFO: Executing TransactionTrackerOperations.get_CM_parcels()
2019-01-03 18:12:50,792 INFO: Executing TransactionTrackerOperations.search_process_for_CMPDM() for: Performance Health|TARA CARES LLC DSSI|810
2019-01-03 18:12:51,244 INFO: Executing TransactionTrackerOperations.select_customer()
2019-01-03 18:12:58,275 INFO: Executing TransactionTrackerOperations.select_customer()
2019-01-03 18:13:10,192 INFO: Executing TransactionTrackerOperations.get_CM_parcels()
2019-01-03 18:13:16,476 INFO: Executing TransactionTrackerOperations.search_process_for_CMPDM() for: Performance Health|TEALWOOD TWN DSSI|810
2019-01-03 18:13:17,711 INFO: Executing TransactionTrackerOperations.select_customer()
2019-01-03 18:13:24,791 INFO: Executing TransactionTrackerOperations.select_customer()
2019-01-03 18:13:37,466 INFO: Executing TransactionTrackerOperations.get_CM_parcels()
2019-01-03 18:13:41,908 INFO: NoSuchElementException in TransactionTrackerOperations.get_CM_parcels()
2019-01-03 18:13:47,283 INFO: NoSuchElementException in TransactionTrackerOperations.get_CM_parcels()
2019-01-03 18:13:52,373 INFO: NoSuchElementException in TransactionTrackerOperations.get_CM_parcels()
2019-01-03 18:13:57,337 INFO: NoSuchElementException in TransactionTrackerOperations.get_CM_parcels()
2019-01-03 18:14:02,976 INFO: NoSuchElementException in TransactionTrackerOperations.get_CM_parcels()
2019-01-03 18:14:08,103 INFO: NoSuchElementException in TransactionTrackerOperations.get_CM_parcels()
2019-01-03 18:14:13,238 INFO: NoSuchElementException in TransactionTrackerOperations.get_CM_parcels()
2019-01-03 18:14:20,160 INFO: NoSuchElementException in TransactionTrackerOperations.get_CM_parcels()
2019-01-03 18:14:26,428 INFO: NoSuchElementException in TransactionTrackerOperations.get_CM_parcels()
2019-01-03 18:14:33,281 INFO: NoSuchElementException in TransactionTrackerOperations.get_CM_parcels()
2019-01-03 18:14:38,422 INFO: NoSuchElementException in TransactionTrackerOperations.get_CM_parcels()
2019-01-03 18:14:43,512 INFO: NoSuchElementException in TransactionTrackerOperations.get_CM_parcels()
2019-01-03 18:14:53,552 INFO: Executing TransactionTrackerOperations.search_process_for_CMPDM() for: Performance Health|TRANS HEALTH CARE DSSI|810
2019-01-03 18:14:55,915 INFO: Executing TransactionTrackerOperations.select_customer()
2019-01-03 18:15:03,890 INFO: Executing TransactionTrackerOperations.select_customer()
2019-01-03 18:15:17,013 INFO: Executing TransactionTrackerOperations.get_CM_parcels()
2019-01-03 18:15:24,401 INFO: Executing TransactionTrackerOperations.search_process_for_CMPDM() for: Performance Health|UNITED MEDICAL DSSI|810
2019-01-03 18:15:24,849 INFO: Executing TransactionTrackerOperations.select_customer()
2019-01-03 18:15:37,914 INFO: Executing TransactionTrackerOperations.select_customer()
2019-01-03 18:15:52,275 INFO: Executing TransactionTrackerOperations.get_CM_parcels()
2019-01-03 18:16:00,395 INFO: Executing TransactionTrackerOperations.search_process_for_CMPDM() for: Performance Health|WILMAC DSSI|810
2019-01-03 18:16:00,951 INFO: Executing TransactionTrackerOperations.select_customer()
2019-01-03 18:16:07,948 INFO: Executing TransactionTrackerOperations.select_customer()
2019-01-03 18:16:19,429 INFO: Executing TransactionTrackerOperations.get_CM_parcels()
2019-01-03 18:16:22,590 INFO: NoSuchElementException in TransactionTrackerOperations.get_CM_parcels()
2019-01-03 18:16:27,575 INFO: NoSuchElementException in TransactionTrackerOperations.get_CM_parcels()
2019-01-03 18:16:32,537 INFO: NoSuchElementException in TransactionTrackerOperations.get_CM_parcels()
2019-01-03 18:16:37,434 INFO: NoSuchElementException in TransactionTrackerOperations.get_CM_parcels()
2019-01-03 18:16:40,969 INFO: NoSuchElementException in TransactionTrackerOperations.get_CM_parcels()
2019-01-03 18:16:48,331 INFO: Executing TransactionTrackerOperations.search_process_for_CMPDM() for: Performance Health|Senior Care Centers LLC|810
2019-01-03 18:16:48,649 INFO: Executing TransactionTrackerOperations.select_customer()
2019-01-03 18:16:55,964 INFO: Executing TransactionTrackerOperations.select_customer()
2019-01-03 18:17:07,932 INFO: Executing TransactionTrackerOperations.get_CM_parcels()
2019-01-03 18:17:14,054 INFO: Executing TransactionTrackerOperations.search_process_for_CMPDM() for: Performance Health|AMERICAN SENIOR COMMUNITIES DSSI|810
2019-01-03 18:17:15,307 INFO: Executing TransactionTrackerOperations.select_customer()
2019-01-03 18:17:22,429 INFO: Executing TransactionTrackerOperations.select_customer()
2019-01-03 18:17:34,800 INFO: Executing TransactionTrackerOperations.get_CM_parcels()
2019-01-03 18:17:40,973 INFO: Executing TransactionTrackerOperations.search_process_for_CMPDM() for: Performance Health|BaneCare Management DSSI|810
2019-01-03 18:17:42,234 INFO: Executing TransactionTrackerOperations.select_customer()
2019-01-03 18:17:49,373 INFO: Executing TransactionTrackerOperations.select_customer()
2019-01-03 18:18:01,178 INFO: Executing TransactionTrackerOperations.get_CM_parcels()
2019-01-03 18:18:08,290 INFO: Executing TransactionTrackerOperations.search_process_for_CMPDM() for: Performance Health|DSSI Next Step Healthcare|810
2019-01-03 18:18:08,590 INFO: Executing TransactionTrackerOperations.select_customer()
2019-01-03 18:18:15,581 INFO: Executing TransactionTrackerOperations.select_customer()
2019-01-03 18:18:28,227 INFO: Executing TransactionTrackerOperations.get_CM_parcels()
2019-01-03 18:18:34,771 INFO: Executing TransactionTrackerOperations.search_process_for_CMPDM() for: Performance Health|Regency Pacific DSSI|810
2019-01-03 18:18:35,186 INFO: Executing TransactionTrackerOperations.select_customer()
2019-01-03 18:18:42,813 INFO: Executing TransactionTrackerOperations.select_customer()
2019-01-03 18:18:55,251 INFO: Executing TransactionTrackerOperations.get_CM_parcels()
2019-01-03 18:18:55,932 INFO: NoSuchElementException in TransactionTrackerOperations.get_CM_parcels()
2019-01-03 18:19:03,856 INFO: Executing TransactionTrackerOperations.search_process_for_CMPDM() for: Performance Health|ADVANTAGE HPSI DSSI|810
2019-01-03 18:19:04,120 INFO: Executing TransactionTrackerOperations.select_customer()
2019-01-03 18:19:11,370 INFO: Executing TransactionTrackerOperations.select_customer()
2019-01-03 18:19:26,256 INFO: Executing TransactionTrackerOperations.get_CM_parcels()
2019-01-03 18:19:29,642 INFO: NoSuchElementException in TransactionTrackerOperations.get_CM_parcels()
2019-01-03 18:19:34,900 INFO: NoSuchElementException in TransactionTrackerOperations.get_CM_parcels()
2019-01-03 18:19:40,152 INFO: NoSuchElementException in TransactionTrackerOperations.get_CM_parcels()
2019-01-03 18:19:45,069 INFO: NoSuchElementException in TransactionTrackerOperations.get_CM_parcels()
2019-01-03 18:19:51,910 INFO: Executing TransactionTrackerOperations.search_process_for_CMPDM() for: Performance Health|ADVANTAGE NAVIGATOR DSSI|810
2019-01-03 18:19:53,289 INFO: Executing TransactionTrackerOperations.select_customer()
2019-01-03 18:20:00,341 INFO: Executing TransactionTrackerOperations.select_customer()
2019-01-03 18:20:12,540 INFO: Executing TransactionTrackerOperations.get_CM_parcels()
2019-01-03 18:20:19,731 INFO: Executing TransactionTrackerOperations.search_process_for_CMPDM() for: Performance Health|American Health Companies|810
2019-01-03 18:20:20,057 INFO: Executing TransactionTrackerOperations.select_customer()
2019-01-03 18:20:27,646 INFO: Executing TransactionTrackerOperations.select_customer()
2019-01-03 18:20:42,237 INFO: Executing TransactionTrackerOperations.get_CM_parcels()
2019-01-03 18:20:48,646 INFO: Executing TransactionTrackerOperations.search_process_for_CMPDM() for: Performance Health|APEX|810
2019-01-03 18:20:50,249 INFO: Executing TransactionTrackerOperations.select_customer()
2019-01-03 18:20:58,845 INFO: Executing TransactionTrackerOperations.select_customer()
2019-01-03 18:21:11,077 INFO: Executing TransactionTrackerOperations.get_CM_parcels()
2019-01-03 18:21:19,049 INFO: Executing TransactionTrackerOperations.search_process_for_CMPDM() for: Performance Health|APEX HEALTHCARE FLORIDA DSSI|810
2019-01-03 18:21:19,493 INFO: Executing TransactionTrackerOperations.select_customer()
2019-01-03 18:21:26,627 INFO: Executing TransactionTrackerOperations.select_customer()
2019-01-03 18:21:39,164 INFO: Executing TransactionTrackerOperations.get_CM_parcels()
2019-01-03 18:21:42,385 INFO: NoSuchElementException in TransactionTrackerOperations.get_CM_parcels()
2019-01-03 18:21:47,464 INFO: NoSuchElementException in TransactionTrackerOperations.get_CM_parcels()
2019-01-03 18:21:52,445 INFO: NoSuchElementException in TransactionTrackerOperations.get_CM_parcels()
2019-01-03 18:21:57,298 INFO: NoSuchElementException in TransactionTrackerOperations.get_CM_parcels()
2019-01-03 18:22:02,275 INFO: NoSuchElementException in TransactionTrackerOperations.get_CM_parcels()
2019-01-03 18:22:07,220 INFO: NoSuchElementException in TransactionTrackerOperations.get_CM_parcels()
2019-01-03 18:22:12,317 INFO: NoSuchElementException in TransactionTrackerOperations.get_CM_parcels()
2019-01-03 18:22:17,455 INFO: NoSuchElementException in TransactionTrackerOperations.get_CM_parcels()
2019-01-03 18:22:22,698 INFO: NoSuchElementException in TransactionTrackerOperations.get_CM_parcels()
2019-01-03 18:22:28,830 INFO: NoSuchElementException in TransactionTrackerOperations.get_CM_parcels()
2019-01-03 18:22:34,062 INFO: NoSuchElementException in TransactionTrackerOperations.get_CM_parcels()
2019-01-03 18:22:40,201 INFO: NoSuchElementException in TransactionTrackerOperations.get_CM_parcels()
2019-01-03 18:22:46,132 INFO: NoSuchElementException in TransactionTrackerOperations.get_CM_parcels()
2019-01-03 18:22:51,608 INFO: NoSuchElementException in TransactionTrackerOperations.get_CM_parcels()
2019-01-03 18:22:56,683 INFO: NoSuchElementException in TransactionTrackerOperations.get_CM_parcels()
2019-01-03 18:23:02,168 INFO: NoSuchElementException in TransactionTrackerOperations.get_CM_parcels()
2019-01-03 18:23:12,429 INFO: Executing TransactionTrackerOperations.search_process_for_CMPDM() for: Performance Health|ATRIUM LIVING CENTERS DSSI|810
2019-01-03 18:23:12,770 INFO: Executing TransactionTrackerOperations.select_customer()
2019-01-03 18:23:19,764 INFO: Executing TransactionTrackerOperations.select_customer()
2019-01-03 18:23:31,995 INFO: Executing TransactionTrackerOperations.get_CM_parcels()
2019-01-03 18:23:35,190 INFO: NoSuchElementException in TransactionTrackerOperations.get_CM_parcels()
2019-01-03 18:23:40,365 INFO: NoSuchElementException in TransactionTrackerOperations.get_CM_parcels()
2019-01-03 18:23:45,284 INFO: NoSuchElementException in TransactionTrackerOperations.get_CM_parcels()
2019-01-03 18:23:50,212 INFO: NoSuchElementException in TransactionTrackerOperations.get_CM_parcels()
2019-01-03 18:23:55,163 INFO: NoSuchElementException in TransactionTrackerOperations.get_CM_parcels()
2019-01-03 18:24:00,215 INFO: NoSuchElementException in TransactionTrackerOperations.get_CM_parcels()
2019-01-03 18:24:05,373 INFO: NoSuchElementException in TransactionTrackerOperations.get_CM_parcels()
2019-01-03 18:24:10,378 INFO: NoSuchElementException in TransactionTrackerOperations.get_CM_parcels()
2019-01-03 18:24:15,332 INFO: NoSuchElementException in TransactionTrackerOperations.get_CM_parcels()
2019-01-03 18:24:20,554 INFO: NoSuchElementException in TransactionTrackerOperations.get_CM_parcels()
2019-01-03 18:24:25,900 INFO: NoSuchElementException in TransactionTrackerOperations.get_CM_parcels()
2019-01-03 18:24:30,974 INFO: NoSuchElementException in TransactionTrackerOperations.get_CM_parcels()
2019-01-03 18:24:36,495 INFO: NoSuchElementException in TransactionTrackerOperations.get_CM_parcels()
2019-01-03 18:24:41,780 INFO: NoSuchElementException in TransactionTrackerOperations.get_CM_parcels()
2019-01-03 18:24:45,147 INFO: NoSuchElementException in TransactionTrackerOperations.get_CM_parcels()
2019-01-03 18:24:53,798 INFO: Executing TransactionTrackerOperations.search_process_for_CMPDM() for: Performance Health|AXIOM DSSI|810
2019-01-03 18:24:54,150 INFO: Executing TransactionTrackerOperations.select_customer()
2019-01-03 18:25:01,165 INFO: Executing TransactionTrackerOperations.select_customer()
