2018-12-17 10:49:54,571 INFO: Executing Script Credit Memo Prodution Data Monitoring
2018-12-17 10:49:54,733 INFO: Executing CMProductionDataMonitoring.execute_main()
2018-12-17 10:50:06,039 INFO: Login in to Launchpad
2018-12-17 10:50:21,909 INFO: Executing CMProductionDataMonitoring.TaskFilter()
2018-12-17 10:50:22,226 INFO: Refreshing access_token
2018-12-17 10:50:27,312 INFO: select InProgress task from input sheet from CMProductionDataMonitoring.TaskFilter()
2018-12-17 10:50:27,313 INFO: Executing TransactionTrackerOperations.search_process_for_CMPDM() for: Performance Health|McKesson BASCOM PALMER EYE INST|810
2018-12-17 10:50:27,333 INFO: Executing TransactionTrackerOperations.select_customer()
2018-12-17 10:50:33,602 INFO: Executing TransactionTrackerOperations.select_customer()
2018-12-17 10:50:35,672 ERROR: Error in CMProductionDataMonitoring.TaskFilter()
2018-12-17 10:50:42,507 INFO: Executing TransactionTrackerOperations.search_process_for_CMPDM() for: Performance Health|McKesson CABELL HUNTINGTON HOSPITAL|810
2018-12-17 10:50:42,557 INFO: Executing TransactionTrackerOperations.select_customer()
2018-12-17 10:50:49,137 INFO: Executing TransactionTrackerOperations.select_customer()
2018-12-17 10:50:51,221 ERROR: Error in CMProductionDataMonitoring.TaskFilter()
2018-12-17 10:50:56,982 INFO: Executing TransactionTrackerOperations.search_process_for_CMPDM() for: Performance Health|McKesson CHILDRENS HOSPITAL|810
2018-12-17 10:50:57,001 INFO: Executing TransactionTrackerOperations.select_customer()
2018-12-17 10:51:03,722 INFO: Executing TransactionTrackerOperations.select_customer()
2018-12-17 10:51:05,812 ERROR: Error in CMProductionDataMonitoring.TaskFilter()
2018-12-17 10:51:10,572 INFO: Executing TransactionTrackerOperations.search_process_for_CMPDM() for: Performance Health|McKesson CHRISTIANA CARE HEALTH|810
2018-12-17 10:51:11,084 INFO: Executing TransactionTrackerOperations.select_customer()
2018-12-17 10:51:17,661 INFO: Executing TransactionTrackerOperations.select_customer()
2018-12-17 10:51:19,740 ERROR: Error in CMProductionDataMonitoring.TaskFilter()
2018-12-17 10:51:25,511 INFO: Executing TransactionTrackerOperations.search_process_for_CMPDM() for: Performance Health|McKesson EMH REGIONAL HEALTHCARE SYSTEMS|810
2018-12-17 10:51:25,617 INFO: Executing TransactionTrackerOperations.select_customer()
2018-12-17 10:51:32,265 INFO: Executing TransactionTrackerOperations.select_customer()
2018-12-17 10:51:34,340 ERROR: Error in CMProductionDataMonitoring.TaskFilter()
2018-12-17 10:51:39,849 INFO: Executing TransactionTrackerOperations.search_process_for_CMPDM() for: Performance Health|McKesson EMORY HEALTHCARE|810
2018-12-17 10:51:40,291 INFO: Executing TransactionTrackerOperations.select_customer()
2018-12-17 10:52:36,121 INFO: Executing Script Credit Memo Prodution Data Monitoring
2018-12-17 10:52:36,224 INFO: Executing CMProductionDataMonitoring.execute_main()
2018-12-17 10:52:40,019 INFO: Login in to Launchpad
2018-12-17 10:52:58,226 INFO: Executing CMProductionDataMonitoring.TaskFilter()
2018-12-17 10:52:58,456 INFO: Refreshing access_token
2018-12-17 10:53:05,332 INFO: select InProgress task from input sheet from CMProductionDataMonitoring.TaskFilter()
2018-12-17 10:53:05,333 INFO: Executing TransactionTrackerOperations.search_process_for_CMPDM() for: Performance Health|McKesson BASCOM PALMER EYE INST|810
2018-12-17 10:53:05,355 INFO: Executing TransactionTrackerOperations.select_customer()
2018-12-17 10:53:12,330 INFO: Executing TransactionTrackerOperations.select_customer()
2018-12-17 10:53:24,934 INFO: Executing TransactionTrackerOperations.get_CM_parcels()
2018-12-17 10:53:32,004 INFO: Executing TransactionTrackerOperations.search_process_for_CMPDM() for: Performance Health|McKesson CABELL HUNTINGTON HOSPITAL|810
2018-12-17 10:53:32,258 INFO: Executing TransactionTrackerOperations.select_customer()
2018-12-17 10:53:39,151 INFO: Executing TransactionTrackerOperations.select_customer()
2018-12-17 10:53:51,460 INFO: Executing TransactionTrackerOperations.get_CM_parcels()
2018-12-17 10:53:54,597 INFO: NoSuchElementException in TransactionTrackerOperations.get_CM_parcels()
2018-12-17 10:53:59,435 INFO: NoSuchElementException in TransactionTrackerOperations.get_CM_parcels()
2018-12-17 10:54:02,545 INFO: NoSuchElementException in TransactionTrackerOperations.get_CM_parcels()
2018-12-17 10:54:09,424 INFO: Executing TransactionTrackerOperations.search_process_for_CMPDM() for: Performance Health|McKesson CHILDRENS HOSPITAL|810
2018-12-17 10:54:09,477 INFO: Executing TransactionTrackerOperations.select_customer()
2018-12-17 10:54:16,495 INFO: Executing TransactionTrackerOperations.select_customer()
2018-12-17 10:54:28,460 INFO: Executing TransactionTrackerOperations.get_CM_parcels()
2018-12-17 10:54:31,364 INFO: NoSuchElementException in TransactionTrackerOperations.get_CM_parcels()
2018-12-17 10:54:36,216 INFO: NoSuchElementException in TransactionTrackerOperations.get_CM_parcels()
2018-12-17 10:54:39,210 INFO: NoSuchElementException in TransactionTrackerOperations.get_CM_parcels()
2018-12-17 10:54:45,964 INFO: Executing TransactionTrackerOperations.search_process_for_CMPDM() for: Performance Health|McKesson CHRISTIANA CARE HEALTH|810
2018-12-17 10:54:46,269 INFO: Executing TransactionTrackerOperations.select_customer()
2018-12-17 10:54:53,148 INFO: Executing TransactionTrackerOperations.select_customer()
2018-12-17 10:55:05,164 INFO: Executing TransactionTrackerOperations.get_CM_parcels()
2018-12-17 10:55:08,460 INFO: NoSuchElementException in TransactionTrackerOperations.get_CM_parcels()
2018-12-17 10:55:13,026 INFO: NoSuchElementException in TransactionTrackerOperations.get_CM_parcels()
2018-12-17 10:55:17,454 INFO: NoSuchElementException in TransactionTrackerOperations.get_CM_parcels()
2018-12-17 10:55:22,127 INFO: NoSuchElementException in TransactionTrackerOperations.get_CM_parcels()
2018-12-17 10:55:26,575 INFO: NoSuchElementException in TransactionTrackerOperations.get_CM_parcels()
2018-12-17 10:55:31,096 INFO: NoSuchElementException in TransactionTrackerOperations.get_CM_parcels()
2018-12-17 10:55:35,785 INFO: NoSuchElementException in TransactionTrackerOperations.get_CM_parcels()
2018-12-17 10:55:40,384 INFO: NoSuchElementException in TransactionTrackerOperations.get_CM_parcels()
2018-12-17 10:55:45,009 INFO: NoSuchElementException in TransactionTrackerOperations.get_CM_parcels()
2018-12-17 10:55:50,435 INFO: NoSuchElementException in TransactionTrackerOperations.get_CM_parcels()
2018-12-17 10:55:55,054 INFO: NoSuchElementException in TransactionTrackerOperations.get_CM_parcels()
2018-12-17 10:55:59,791 INFO: NoSuchElementException in TransactionTrackerOperations.get_CM_parcels()
2018-12-17 10:56:04,425 INFO: NoSuchElementException in TransactionTrackerOperations.get_CM_parcels()
2018-12-17 10:56:14,182 INFO: Executing TransactionTrackerOperations.search_process_for_CMPDM() for: Performance Health|McKesson EMH REGIONAL HEALTHCARE SYSTEMS|810
2018-12-17 10:56:14,231 INFO: Executing TransactionTrackerOperations.select_customer()
2018-12-17 10:56:21,272 INFO: Executing TransactionTrackerOperations.select_customer()
2018-12-17 10:56:33,399 INFO: Executing TransactionTrackerOperations.get_CM_parcels()
2018-12-17 10:56:40,287 INFO: Executing TransactionTrackerOperations.search_process_for_CMPDM() for: Performance Health|McKesson EMORY HEALTHCARE|810
2018-12-17 10:56:40,307 INFO: Executing TransactionTrackerOperations.select_customer()
2018-12-17 10:56:47,429 INFO: Executing TransactionTrackerOperations.select_customer()
2018-12-17 10:56:59,315 INFO: Executing TransactionTrackerOperations.get_CM_parcels()
2018-12-17 10:57:02,730 INFO: NoSuchElementException in TransactionTrackerOperations.get_CM_parcels()
2018-12-17 10:57:07,350 INFO: NoSuchElementException in TransactionTrackerOperations.get_CM_parcels()
2018-12-17 10:57:11,881 INFO: NoSuchElementException in TransactionTrackerOperations.get_CM_parcels()
2018-12-17 10:57:16,355 INFO: NoSuchElementException in TransactionTrackerOperations.get_CM_parcels()
2018-12-17 10:57:20,872 INFO: NoSuchElementException in TransactionTrackerOperations.get_CM_parcels()
2018-12-17 10:57:25,445 INFO: NoSuchElementException in TransactionTrackerOperations.get_CM_parcels()
2018-12-17 10:57:29,899 INFO: NoSuchElementException in TransactionTrackerOperations.get_CM_parcels()
2018-12-17 10:57:34,346 INFO: NoSuchElementException in TransactionTrackerOperations.get_CM_parcels()
2018-12-17 10:57:38,888 INFO: NoSuchElementException in TransactionTrackerOperations.get_CM_parcels()
2018-12-17 10:57:43,661 INFO: NoSuchElementException in TransactionTrackerOperations.get_CM_parcels()
2018-12-17 10:57:48,322 INFO: NoSuchElementException in TransactionTrackerOperations.get_CM_parcels()
2018-12-17 10:57:52,964 INFO: NoSuchElementException in TransactionTrackerOperations.get_CM_parcels()
2018-12-17 10:57:57,823 INFO: NoSuchElementException in TransactionTrackerOperations.get_CM_parcels()
2018-12-17 10:58:02,395 INFO: NoSuchElementException in TransactionTrackerOperations.get_CM_parcels()
2018-12-17 10:58:06,939 INFO: NoSuchElementException in TransactionTrackerOperations.get_CM_parcels()
2018-12-17 10:58:11,541 INFO: NoSuchElementException in TransactionTrackerOperations.get_CM_parcels()
2018-12-17 10:58:16,126 INFO: NoSuchElementException in TransactionTrackerOperations.get_CM_parcels()
2018-12-17 10:58:20,985 INFO: NoSuchElementException in TransactionTrackerOperations.get_CM_parcels()
2018-12-17 10:58:25,585 INFO: NoSuchElementException in TransactionTrackerOperations.get_CM_parcels()
2018-12-17 10:58:30,172 INFO: NoSuchElementException in TransactionTrackerOperations.get_CM_parcels()
2018-12-17 10:58:34,810 INFO: NoSuchElementException in TransactionTrackerOperations.get_CM_parcels()
2018-12-17 10:58:39,549 INFO: NoSuchElementException in TransactionTrackerOperations.get_CM_parcels()
2018-12-17 10:58:43,289 INFO: NoSuchElementException in TransactionTrackerOperations.get_CM_parcels()
2018-12-17 10:58:50,698 INFO: Executing TransactionTrackerOperations.search_process_for_CMPDM() for: Performance Health|McKesson FIRELANDS REGIONAL MEDICAL CENTER|810
2018-12-17 10:58:51,067 INFO: Executing TransactionTrackerOperations.select_customer()
2018-12-17 10:58:57,944 INFO: Executing TransactionTrackerOperations.select_customer()
2018-12-17 10:59:10,902 INFO: Executing TransactionTrackerOperations.get_CM_parcels()
2018-12-17 10:59:17,361 INFO: Executing TransactionTrackerOperations.search_process_for_CMPDM() for: Performance Health|McKesson FIRSTHEALTH CAROLINAS|810
2018-12-17 10:59:18,069 INFO: Executing TransactionTrackerOperations.select_customer()
2018-12-17 10:59:24,917 INFO: Executing TransactionTrackerOperations.select_customer()
2018-12-17 10:59:37,161 INFO: Executing TransactionTrackerOperations.get_CM_parcels()
2018-12-17 10:59:43,052 INFO: Executing TransactionTrackerOperations.search_process_for_CMPDM() for: Performance Health|McKesson FRANCISCAN ALLIANCE INC|810
2018-12-17 10:59:43,320 INFO: Executing TransactionTrackerOperations.select_customer()
2018-12-17 10:59:50,155 INFO: Executing TransactionTrackerOperations.select_customer()
2018-12-17 11:00:02,050 INFO: Executing TransactionTrackerOperations.get_CM_parcels()
2018-12-17 11:00:04,741 INFO: NoSuchElementException in TransactionTrackerOperations.get_CM_parcels()
2018-12-17 11:00:09,327 INFO: NoSuchElementException in TransactionTrackerOperations.get_CM_parcels()
2018-12-17 11:00:13,713 INFO: NoSuchElementException in TransactionTrackerOperations.get_CM_parcels()
2018-12-17 11:00:18,175 INFO: NoSuchElementException in TransactionTrackerOperations.get_CM_parcels()
2018-12-17 11:00:22,677 INFO: NoSuchElementException in TransactionTrackerOperations.get_CM_parcels()
2018-12-17 11:00:27,277 INFO: NoSuchElementException in TransactionTrackerOperations.get_CM_parcels()
2018-12-17 11:00:31,761 INFO: NoSuchElementException in TransactionTrackerOperations.get_CM_parcels()
2018-12-17 11:00:36,249 INFO: NoSuchElementException in TransactionTrackerOperations.get_CM_parcels()
2018-12-17 11:00:40,899 INFO: NoSuchElementException in TransactionTrackerOperations.get_CM_parcels()
2018-12-17 11:00:45,394 INFO: NoSuchElementException in TransactionTrackerOperations.get_CM_parcels()
2018-12-17 11:00:49,992 INFO: NoSuchElementException in TransactionTrackerOperations.get_CM_parcels()
2018-12-17 11:00:54,527 INFO: NoSuchElementException in TransactionTrackerOperations.get_CM_parcels()
2018-12-17 11:00:59,163 INFO: NoSuchElementException in TransactionTrackerOperations.get_CM_parcels()
2018-12-17 11:01:03,716 INFO: NoSuchElementException in TransactionTrackerOperations.get_CM_parcels()
2018-12-17 11:01:08,273 INFO: NoSuchElementException in TransactionTrackerOperations.get_CM_parcels()
2018-12-17 11:01:11,134 INFO: NoSuchElementException in TransactionTrackerOperations.get_CM_parcels()
2018-12-17 11:01:18,519 INFO: Executing TransactionTrackerOperations.search_process_for_CMPDM() for: Performance Health|McKesson GOOD SHEPHERD REHAB NETWORK|810
2018-12-17 11:01:18,901 INFO: Executing TransactionTrackerOperations.select_customer()
2018-12-17 11:01:25,784 INFO: Executing TransactionTrackerOperations.select_customer()
2018-12-17 11:01:37,772 INFO: Executing TransactionTrackerOperations.get_CM_parcels()
2018-12-17 11:01:40,608 INFO: NoSuchElementException in TransactionTrackerOperations.get_CM_parcels()
2018-12-17 11:01:45,196 INFO: NoSuchElementException in TransactionTrackerOperations.get_CM_parcels()
2018-12-17 11:01:49,606 INFO: NoSuchElementException in TransactionTrackerOperations.get_CM_parcels()
2018-12-17 11:01:54,105 INFO: NoSuchElementException in TransactionTrackerOperations.get_CM_parcels()
2018-12-17 11:01:58,486 INFO: NoSuchElementException in TransactionTrackerOperations.get_CM_parcels()
2018-12-17 11:02:03,485 INFO: NoSuchElementException in TransactionTrackerOperations.get_CM_parcels()
2018-12-17 11:02:07,945 INFO: NoSuchElementException in TransactionTrackerOperations.get_CM_parcels()
2018-12-17 11:02:12,471 INFO: NoSuchElementException in TransactionTrackerOperations.get_CM_parcels()
2018-12-17 11:02:17,104 INFO: NoSuchElementException in TransactionTrackerOperations.get_CM_parcels()
2018-12-17 11:02:21,592 INFO: NoSuchElementException in TransactionTrackerOperations.get_CM_parcels()
2018-12-17 11:02:26,090 INFO: NoSuchElementException in TransactionTrackerOperations.get_CM_parcels()
2018-12-17 11:02:30,584 INFO: NoSuchElementException in TransactionTrackerOperations.get_CM_parcels()
2018-12-17 11:02:35,191 INFO: NoSuchElementException in TransactionTrackerOperations.get_CM_parcels()
2018-12-17 11:02:39,714 INFO: NoSuchElementException in TransactionTrackerOperations.get_CM_parcels()
2018-12-17 11:02:43,442 INFO: NoSuchElementException in TransactionTrackerOperations.get_CM_parcels()
2018-12-17 11:02:51,137 INFO: Executing TransactionTrackerOperations.search_process_for_CMPDM() for: Performance Health|McKesson HALIFAX REGIONAL HOSPITAL|810
2018-12-17 11:02:51,524 INFO: Executing TransactionTrackerOperations.select_customer()
2018-12-17 11:02:58,487 INFO: Executing TransactionTrackerOperations.select_customer()
2018-12-17 11:03:10,381 INFO: Executing TransactionTrackerOperations.get_CM_parcels()
2018-12-17 11:03:16,776 INFO: Executing TransactionTrackerOperations.search_process_for_CMPDM() for: Performance Health|McKesson HATTISBURG CLINIC|810
2018-12-17 11:03:17,259 INFO: Executing TransactionTrackerOperations.select_customer()
2018-12-17 11:03:24,317 INFO: Executing TransactionTrackerOperations.select_customer()
2018-12-17 11:03:36,713 INFO: Executing TransactionTrackerOperations.get_CM_parcels()
2018-12-17 11:03:42,106 INFO: Executing TransactionTrackerOperations.search_process_for_CMPDM() for: Performance Health|McKesson IL BONE AND JOINT|810
2018-12-17 11:03:42,933 INFO: Executing TransactionTrackerOperations.select_customer()
2018-12-17 11:03:49,788 INFO: Executing TransactionTrackerOperations.select_customer()
2018-12-17 11:04:01,182 INFO: Executing TransactionTrackerOperations.get_CM_parcels()
2018-12-17 11:04:06,499 INFO: Executing TransactionTrackerOperations.search_process_for_CMPDM() for: Performance Health|McKesson LAKE CHARLES MEMORIAL HOSPITAL|810
2018-12-17 11:04:07,279 INFO: Executing TransactionTrackerOperations.select_customer()
2018-12-17 11:04:14,111 INFO: Executing TransactionTrackerOperations.select_customer()
2018-12-17 11:04:26,218 INFO: Executing TransactionTrackerOperations.get_CM_parcels()
2018-12-17 11:04:31,675 INFO: Executing TransactionTrackerOperations.search_process_for_CMPDM() for: Performance Health|McKesson LAWRENCE MEMORIAL HOSPITAL|810
2018-12-17 11:04:32,320 INFO: Executing TransactionTrackerOperations.select_customer()
2018-12-17 11:04:39,171 INFO: Executing TransactionTrackerOperations.select_customer()
2018-12-17 11:04:51,041 INFO: Executing TransactionTrackerOperations.get_CM_parcels()
2018-12-17 11:04:53,700 INFO: NoSuchElementException in TransactionTrackerOperations.get_CM_parcels()
2018-12-17 11:04:58,224 INFO: NoSuchElementException in TransactionTrackerOperations.get_CM_parcels()
2018-12-17 11:05:02,658 INFO: NoSuchElementException in TransactionTrackerOperations.get_CM_parcels()
2018-12-17 11:05:07,185 INFO: NoSuchElementException in TransactionTrackerOperations.get_CM_parcels()
2018-12-17 11:05:10,897 INFO: NoSuchElementException in TransactionTrackerOperations.get_CM_parcels()
2018-12-17 11:05:16,987 INFO: Executing TransactionTrackerOperations.search_process_for_CMPDM() for: Performance Health|McKesson LEESBURG REGIONAL|810
2018-12-17 11:05:17,576 INFO: Executing TransactionTrackerOperations.select_customer()
2018-12-17 11:05:24,415 INFO: Executing TransactionTrackerOperations.select_customer()
2018-12-17 11:05:36,033 INFO: Executing TransactionTrackerOperations.get_CM_parcels()
2018-12-17 11:05:36,823 INFO: NoSuchElementException in TransactionTrackerOperations.get_CM_parcels()
2018-12-17 11:05:42,975 INFO: Executing TransactionTrackerOperations.search_process_for_CMPDM() for: Performance Health|McKesson LOMA LINDA UNIVERSITY MEDICAL CENTER|810
2018-12-17 11:05:43,448 INFO: Executing TransactionTrackerOperations.select_customer()
2018-12-17 11:05:50,281 INFO: Executing TransactionTrackerOperations.select_customer()
2018-12-17 11:06:02,030 INFO: Executing TransactionTrackerOperations.get_CM_parcels()
2018-12-17 11:06:02,314 INFO: NoSuchElementException in TransactionTrackerOperations.get_CM_parcels()
2018-12-17 11:06:09,043 INFO: Executing TransactionTrackerOperations.search_process_for_CMPDM() for: Performance Health|McKesson MCG HEALTH INC|810
2018-12-17 11:06:09,658 INFO: Executing TransactionTrackerOperations.select_customer()
2018-12-17 11:06:16,479 INFO: Executing TransactionTrackerOperations.select_customer()
2018-12-17 11:06:28,017 INFO: Executing TransactionTrackerOperations.get_CM_parcels()
2018-12-17 11:06:30,654 INFO: NoSuchElementException in TransactionTrackerOperations.get_CM_parcels()
2018-12-17 11:06:35,149 INFO: NoSuchElementException in TransactionTrackerOperations.get_CM_parcels()
2018-12-17 11:06:39,572 INFO: NoSuchElementException in TransactionTrackerOperations.get_CM_parcels()
2018-12-17 11:06:44,084 INFO: NoSuchElementException in TransactionTrackerOperations.get_CM_parcels()
2018-12-17 11:06:47,636 INFO: NoSuchElementException in TransactionTrackerOperations.get_CM_parcels()
2018-12-17 11:06:54,556 INFO: Executing TransactionTrackerOperations.search_process_for_CMPDM() for: Performance Health|McKesson NCH HEALTHCARE|810
2018-12-17 11:06:54,584 INFO: Executing TransactionTrackerOperations.select_customer()
2018-12-17 11:07:01,440 INFO: Executing TransactionTrackerOperations.select_customer()
2018-12-17 11:07:12,656 INFO: Executing TransactionTrackerOperations.get_CM_parcels()
2018-12-17 11:07:15,303 INFO: NoSuchElementException in TransactionTrackerOperations.get_CM_parcels()
2018-12-17 11:07:19,907 INFO: NoSuchElementException in TransactionTrackerOperations.get_CM_parcels()
2018-12-17 11:07:24,437 INFO: NoSuchElementException in TransactionTrackerOperations.get_CM_parcels()
2018-12-17 11:07:28,861 INFO: NoSuchElementException in TransactionTrackerOperations.get_CM_parcels()
2018-12-17 11:07:33,287 INFO: NoSuchElementException in TransactionTrackerOperations.get_CM_parcels()
2018-12-17 11:07:37,751 INFO: NoSuchElementException in TransactionTrackerOperations.get_CM_parcels()
2018-12-17 11:07:41,798 INFO: NoSuchElementException in TransactionTrackerOperations.get_CM_parcels()
2018-12-17 11:07:48,593 INFO: Executing TransactionTrackerOperations.search_process_for_CMPDM() for: Performance Health|McKesson SACRED HEART HOSPITAL|810
2018-12-17 11:07:48,620 INFO: Executing TransactionTrackerOperations.select_customer()
2018-12-17 11:07:55,445 INFO: Executing TransactionTrackerOperations.select_customer()
2018-12-17 11:08:06,849 INFO: Executing TransactionTrackerOperations.get_CM_parcels()
2018-12-17 11:08:12,335 INFO: Executing TransactionTrackerOperations.search_process_for_CMPDM() for: Performance Health|McKesson SAINT FRANCES MEDICAL CENTER|810
2018-12-17 11:08:12,978 INFO: Executing TransactionTrackerOperations.select_customer()
2018-12-17 11:08:19,834 INFO: Executing TransactionTrackerOperations.select_customer()
2018-12-17 11:08:31,456 INFO: Executing TransactionTrackerOperations.get_CM_parcels()
2018-12-17 11:08:34,148 INFO: NoSuchElementException in TransactionTrackerOperations.get_CM_parcels()
2018-12-17 11:08:38,671 INFO: NoSuchElementException in TransactionTrackerOperations.get_CM_parcels()
2018-12-17 11:08:43,125 INFO: NoSuchElementException in TransactionTrackerOperations.get_CM_parcels()
2018-12-17 11:08:45,728 INFO: NoSuchElementException in TransactionTrackerOperations.get_CM_parcels()
2018-12-17 11:08:51,819 INFO: Executing TransactionTrackerOperations.search_process_for_CMPDM() for: Performance Health|McKesson SOUTHERN NEW HAMPSHIRE MEDICAL CENTER|810
2018-12-17 11:08:52,618 INFO: Executing TransactionTrackerOperations.select_customer()
2018-12-17 11:08:59,896 INFO: Executing TransactionTrackerOperations.select_customer()
2018-12-17 11:09:11,735 INFO: Executing TransactionTrackerOperations.get_CM_parcels()
2018-12-17 11:09:14,430 INFO: NoSuchElementException in TransactionTrackerOperations.get_CM_parcels()
2018-12-17 11:09:19,021 INFO: NoSuchElementException in TransactionTrackerOperations.get_CM_parcels()
2018-12-17 11:09:23,553 INFO: NoSuchElementException in TransactionTrackerOperations.get_CM_parcels()
2018-12-17 11:09:27,231 INFO: NoSuchElementException in TransactionTrackerOperations.get_CM_parcels()
2018-12-17 11:09:34,018 INFO: Executing TransactionTrackerOperations.search_process_for_CMPDM() for: Performance Health|McKesson TIFT REGIONAL MEDICAL CENTER|810
2018-12-17 11:09:34,045 INFO: Executing TransactionTrackerOperations.select_customer()
2018-12-17 11:09:41,019 INFO: Executing TransactionTrackerOperations.select_customer()
2018-12-17 11:09:53,291 INFO: Executing TransactionTrackerOperations.get_CM_parcels()
2018-12-17 11:09:59,365 INFO: Executing TransactionTrackerOperations.search_process_for_CMPDM() for: Performance Health|McKesson TRINITY MOTHER FRANCES HOSPITAL|810
2018-12-17 11:09:59,392 INFO: Executing TransactionTrackerOperations.select_customer()
2018-12-17 11:10:06,311 INFO: Executing TransactionTrackerOperations.select_customer()
2018-12-17 11:10:18,392 INFO: Executing TransactionTrackerOperations.get_CM_parcels()
2018-12-17 11:10:21,079 INFO: NoSuchElementException in TransactionTrackerOperations.get_CM_parcels()
2018-12-17 11:10:25,583 INFO: NoSuchElementException in TransactionTrackerOperations.get_CM_parcels()
2018-12-17 11:10:29,969 INFO: NoSuchElementException in TransactionTrackerOperations.get_CM_parcels()
2018-12-17 11:10:34,489 INFO: NoSuchElementException in TransactionTrackerOperations.get_CM_parcels()
2018-12-17 11:10:39,131 INFO: NoSuchElementException in TransactionTrackerOperations.get_CM_parcels()
2018-12-17 11:10:43,593 INFO: NoSuchElementException in TransactionTrackerOperations.get_CM_parcels()
2018-12-17 11:10:46,659 INFO: NoSuchElementException in TransactionTrackerOperations.get_CM_parcels()
2018-12-17 11:10:53,412 INFO: Executing TransactionTrackerOperations.search_process_for_CMPDM() for: Performance Health|McKesson Truman Medical Center|810
2018-12-17 11:10:53,430 INFO: Executing TransactionTrackerOperations.select_customer()
2018-12-17 11:11:00,293 INFO: Executing TransactionTrackerOperations.select_customer()
2018-12-17 11:11:11,757 INFO: Executing TransactionTrackerOperations.get_CM_parcels()
2018-12-17 11:11:14,485 INFO: NoSuchElementException in TransactionTrackerOperations.get_CM_parcels()
2018-12-17 11:11:18,985 INFO: NoSuchElementException in TransactionTrackerOperations.get_CM_parcels()
2018-12-17 11:11:23,370 INFO: NoSuchElementException in TransactionTrackerOperations.get_CM_parcels()
2018-12-17 11:11:27,965 INFO: NoSuchElementException in TransactionTrackerOperations.get_CM_parcels()
2018-12-17 11:11:32,473 INFO: NoSuchElementException in TransactionTrackerOperations.get_CM_parcels()
2018-12-17 11:11:36,880 INFO: NoSuchElementException in TransactionTrackerOperations.get_CM_parcels()
2018-12-17 11:11:41,318 INFO: NoSuchElementException in TransactionTrackerOperations.get_CM_parcels()
2018-12-17 11:11:45,936 INFO: NoSuchElementException in TransactionTrackerOperations.get_CM_parcels()
2018-12-17 11:11:50,656 INFO: NoSuchElementException in TransactionTrackerOperations.get_CM_parcels()
2018-12-17 11:11:55,151 INFO: NoSuchElementException in TransactionTrackerOperations.get_CM_parcels()
2018-12-17 11:11:59,613 INFO: NoSuchElementException in TransactionTrackerOperations.get_CM_parcels()
2018-12-17 11:12:04,421 INFO: NoSuchElementException in TransactionTrackerOperations.get_CM_parcels()
2018-12-17 11:12:08,964 INFO: NoSuchElementException in TransactionTrackerOperations.get_CM_parcels()
2018-12-17 11:12:13,649 INFO: NoSuchElementException in TransactionTrackerOperations.get_CM_parcels()
2018-12-17 11:12:18,209 INFO: NoSuchElementException in TransactionTrackerOperations.get_CM_parcels()
2018-12-17 11:12:22,726 INFO: NoSuchElementException in TransactionTrackerOperations.get_CM_parcels()
2018-12-17 11:12:27,252 INFO: NoSuchElementException in TransactionTrackerOperations.get_CM_parcels()
2018-12-17 11:12:31,788 INFO: NoSuchElementException in TransactionTrackerOperations.get_CM_parcels()
2018-12-17 11:12:36,485 INFO: NoSuchElementException in TransactionTrackerOperations.get_CM_parcels()
2018-12-17 11:12:41,034 INFO: NoSuchElementException in TransactionTrackerOperations.get_CM_parcels()
2018-12-17 11:12:44,127 INFO: NoSuchElementException in TransactionTrackerOperations.get_CM_parcels()
2018-12-17 11:12:50,868 INFO: Executing TransactionTrackerOperations.search_process_for_CMPDM() for: Performance Health|McKesson UNITED HOSPITAL SYSTEM INC|810
2018-12-17 11:12:51,377 INFO: Executing TransactionTrackerOperations.select_customer()
2018-12-17 11:12:58,189 INFO: Executing TransactionTrackerOperations.select_customer()
2018-12-17 11:13:09,520 INFO: Executing TransactionTrackerOperations.get_CM_parcels()
2018-12-17 11:13:12,188 INFO: NoSuchElementException in TransactionTrackerOperations.get_CM_parcels()
2018-12-17 11:13:16,695 INFO: NoSuchElementException in TransactionTrackerOperations.get_CM_parcels()
2018-12-17 11:13:20,437 INFO: NoSuchElementException in TransactionTrackerOperations.get_CM_parcels()
2018-12-17 11:13:26,543 INFO: Executing TransactionTrackerOperations.search_process_for_CMPDM() for: Performance Health|McKesson VAIL VALLEY MEDICAL CENTER|810
2018-12-17 11:13:26,839 INFO: Executing TransactionTrackerOperations.select_customer()
2018-12-17 11:13:33,639 INFO: Executing TransactionTrackerOperations.select_customer()
2018-12-17 11:13:45,368 INFO: Executing TransactionTrackerOperations.get_CM_parcels()
2018-12-17 11:13:48,051 INFO: NoSuchElementException in TransactionTrackerOperations.get_CM_parcels()
2018-12-17 11:13:52,532 INFO: NoSuchElementException in TransactionTrackerOperations.get_CM_parcels()
2018-12-17 11:13:56,926 INFO: NoSuchElementException in TransactionTrackerOperations.get_CM_parcels()
2018-12-17 11:14:01,445 INFO: NoSuchElementException in TransactionTrackerOperations.get_CM_parcels()
2018-12-17 11:14:05,903 INFO: NoSuchElementException in TransactionTrackerOperations.get_CM_parcels()
2018-12-17 11:14:10,374 INFO: NoSuchElementException in TransactionTrackerOperations.get_CM_parcels()
2018-12-17 11:14:14,826 INFO: NoSuchElementException in TransactionTrackerOperations.get_CM_parcels()
2018-12-17 11:14:19,465 INFO: NoSuchElementException in TransactionTrackerOperations.get_CM_parcels()
2018-12-17 11:14:24,084 INFO: NoSuchElementException in TransactionTrackerOperations.get_CM_parcels()
2018-12-17 11:14:28,526 INFO: NoSuchElementException in TransactionTrackerOperations.get_CM_parcels()
2018-12-17 11:14:33,009 INFO: NoSuchElementException in TransactionTrackerOperations.get_CM_parcels()
2018-12-17 11:14:37,602 INFO: NoSuchElementException in TransactionTrackerOperations.get_CM_parcels()
2018-12-17 11:14:42,102 INFO: NoSuchElementException in TransactionTrackerOperations.get_CM_parcels()
2018-12-17 11:14:46,577 INFO: NoSuchElementException in TransactionTrackerOperations.get_CM_parcels()
2018-12-17 11:14:51,121 INFO: NoSuchElementException in TransactionTrackerOperations.get_CM_parcels()
2018-12-17 11:14:55,754 INFO: NoSuchElementException in TransactionTrackerOperations.get_CM_parcels()
2018-12-17 11:15:00,276 INFO: NoSuchElementException in TransactionTrackerOperations.get_CM_parcels()
2018-12-17 11:15:09,669 INFO: Executing TransactionTrackerOperations.search_process_for_CMPDM() for: Performance Health|McKesson WHEATON FRANCISCAN HEALTHCARE|810
2018-12-17 11:15:10,064 INFO: Executing TransactionTrackerOperations.select_customer()
2018-12-17 11:15:16,857 INFO: Executing TransactionTrackerOperations.select_customer()
2018-12-17 11:15:28,683 INFO: Executing TransactionTrackerOperations.get_CM_parcels()
2018-12-17 11:15:34,186 INFO: Executing TransactionTrackerOperations.search_process_for_CMPDM() for: Performance Health|MFA DSSI|810
2018-12-17 11:15:35,208 INFO: Executing TransactionTrackerOperations.select_customer()
2018-12-17 11:15:42,059 INFO: Executing TransactionTrackerOperations.select_customer()
2018-12-17 11:15:53,035 INFO: Executing TransactionTrackerOperations.get_CM_parcels()
2018-12-17 11:15:59,270 INFO: Executing TransactionTrackerOperations.search_process_for_CMPDM() for: Performance Health|MIDWEST GERIATRIC DSSI|810
2018-12-17 11:15:59,286 INFO: Executing TransactionTrackerOperations.select_customer()
2018-12-17 11:16:06,080 INFO: Executing TransactionTrackerOperations.select_customer()
2018-12-17 11:16:17,378 INFO: Executing TransactionTrackerOperations.get_CM_parcels()
2018-12-17 11:16:17,651 INFO: NoSuchElementException in TransactionTrackerOperations.get_CM_parcels()
2018-12-17 11:16:23,719 INFO: Executing TransactionTrackerOperations.search_process_for_CMPDM() for: Performance Health|MIDWEST HEALTH DSSI|810
2018-12-17 11:16:24,469 INFO: Executing TransactionTrackerOperations.select_customer()
2018-12-17 11:16:31,348 INFO: Executing TransactionTrackerOperations.select_customer()
2018-12-17 11:16:42,666 INFO: Executing TransactionTrackerOperations.get_CM_parcels()
2018-12-17 11:16:45,356 INFO: NoSuchElementException in TransactionTrackerOperations.get_CM_parcels()
2018-12-17 11:16:49,945 INFO: NoSuchElementException in TransactionTrackerOperations.get_CM_parcels()
2018-12-17 11:16:54,220 INFO: NoSuchElementException in TransactionTrackerOperations.get_CM_parcels()
2018-12-17 11:17:00,346 INFO: Executing TransactionTrackerOperations.search_process_for_CMPDM() for: Performance Health|MISSION HEALTH DSSI|810
2018-12-17 11:17:01,272 INFO: Executing TransactionTrackerOperations.select_customer()
2018-12-17 11:17:08,198 INFO: Executing TransactionTrackerOperations.select_customer()
2018-12-17 11:17:19,481 INFO: Executing TransactionTrackerOperations.get_CM_parcels()
2018-12-17 11:17:22,145 INFO: NoSuchElementException in TransactionTrackerOperations.get_CM_parcels()
2018-12-17 11:17:26,658 INFO: NoSuchElementException in TransactionTrackerOperations.get_CM_parcels()
2018-12-17 11:17:31,136 INFO: NoSuchElementException in TransactionTrackerOperations.get_CM_parcels()
2018-12-17 11:17:35,641 INFO: NoSuchElementException in TransactionTrackerOperations.get_CM_parcels()
2018-12-17 11:17:40,028 INFO: NoSuchElementException in TransactionTrackerOperations.get_CM_parcels()
2018-12-17 11:17:44,480 INFO: NoSuchElementException in TransactionTrackerOperations.get_CM_parcels()
2018-12-17 11:17:48,941 INFO: NoSuchElementException in TransactionTrackerOperations.get_CM_parcels()
2018-12-17 11:17:52,015 INFO: NoSuchElementException in TransactionTrackerOperations.get_CM_parcels()
2018-12-17 11:17:58,136 INFO: Executing TransactionTrackerOperations.search_process_for_CMPDM() for: Performance Health|NEXION DSSI|810
2018-12-17 11:17:58,580 INFO: Executing TransactionTrackerOperations.select_customer()
2018-12-17 11:18:05,425 INFO: Executing TransactionTrackerOperations.select_customer()
2018-12-17 11:18:16,487 INFO: Executing TransactionTrackerOperations.get_CM_parcels()
2018-12-17 11:18:19,126 INFO: NoSuchElementException in TransactionTrackerOperations.get_CM_parcels()
2018-12-17 11:18:23,611 INFO: NoSuchElementException in TransactionTrackerOperations.get_CM_parcels()
2018-12-17 11:18:28,097 INFO: NoSuchElementException in TransactionTrackerOperations.get_CM_parcels()
2018-12-17 11:18:32,548 INFO: NoSuchElementException in TransactionTrackerOperations.get_CM_parcels()
2018-12-17 11:18:36,961 INFO: NoSuchElementException in TransactionTrackerOperations.get_CM_parcels()
2018-12-17 11:18:41,449 INFO: NoSuchElementException in TransactionTrackerOperations.get_CM_parcels()
2018-12-17 11:18:45,923 INFO: NoSuchElementException in TransactionTrackerOperations.get_CM_parcels()
2018-12-17 11:18:50,369 INFO: NoSuchElementException in TransactionTrackerOperations.get_CM_parcels()
2018-12-17 11:18:53,435 INFO: NoSuchElementException in TransactionTrackerOperations.get_CM_parcels()
2018-12-17 11:19:00,254 INFO: Executing TransactionTrackerOperations.search_process_for_CMPDM() for: Performance Health|NOLAND HEALTH SERVICES DSSI|810
2018-12-17 11:19:00,273 INFO: Executing TransactionTrackerOperations.select_customer()
2018-12-17 11:19:07,068 INFO: Executing TransactionTrackerOperations.select_customer()
2018-12-17 11:19:18,575 INFO: Executing TransactionTrackerOperations.get_CM_parcels()
2018-12-17 11:19:21,205 INFO: NoSuchElementException in TransactionTrackerOperations.get_CM_parcels()
2018-12-17 11:19:25,792 INFO: NoSuchElementException in TransactionTrackerOperations.get_CM_parcels()
2018-12-17 11:19:30,227 INFO: NoSuchElementException in TransactionTrackerOperations.get_CM_parcels()
2018-12-17 11:19:34,674 INFO: NoSuchElementException in TransactionTrackerOperations.get_CM_parcels()
2018-12-17 11:19:37,918 INFO: NoSuchElementException in TransactionTrackerOperations.get_CM_parcels()
2018-12-17 11:19:44,642 INFO: Executing TransactionTrackerOperations.search_process_for_CMPDM() for: Performance Health|NORTHPORT DSSI|810
2018-12-17 11:19:44,662 INFO: Executing TransactionTrackerOperations.select_customer()
2018-12-17 11:19:51,452 INFO: Executing TransactionTrackerOperations.select_customer()
2018-12-17 11:20:02,642 INFO: Executing TransactionTrackerOperations.get_CM_parcels()
2018-12-17 11:20:08,097 INFO: Executing TransactionTrackerOperations.search_process_for_CMPDM() for: Performance Health|NUVISION DSSI|810
2018-12-17 11:20:08,579 INFO: Executing TransactionTrackerOperations.select_customer()
2018-12-17 11:20:15,379 INFO: Executing TransactionTrackerOperations.select_customer()
2018-12-17 11:20:26,471 INFO: Executing TransactionTrackerOperations.get_CM_parcels()
2018-12-17 11:20:29,102 INFO: NoSuchElementException in TransactionTrackerOperations.get_CM_parcels()
2018-12-17 11:20:33,689 INFO: NoSuchElementException in TransactionTrackerOperations.get_CM_parcels()
2018-12-17 11:20:38,102 INFO: NoSuchElementException in TransactionTrackerOperations.get_CM_parcels()
2018-12-17 11:20:45,803 INFO: Executing TransactionTrackerOperations.search_process_for_CMPDM() for: Performance Health|ONIX GROUP DSSI|810
2018-12-17 11:20:46,320 INFO: Executing TransactionTrackerOperations.select_customer()
2018-12-17 11:20:53,112 INFO: Executing TransactionTrackerOperations.select_customer()
2018-12-17 11:21:04,322 INFO: Executing TransactionTrackerOperations.get_CM_parcels()
2018-12-17 11:21:07,069 INFO: NoSuchElementException in TransactionTrackerOperations.get_CM_parcels()
2018-12-17 11:21:11,524 INFO: NoSuchElementException in TransactionTrackerOperations.get_CM_parcels()
2018-12-17 11:21:15,924 INFO: NoSuchElementException in TransactionTrackerOperations.get_CM_parcels()
2018-12-17 11:21:20,439 INFO: NoSuchElementException in TransactionTrackerOperations.get_CM_parcels()
2018-12-17 11:21:22,815 INFO: NoSuchElementException in TransactionTrackerOperations.get_CM_parcels()
2018-12-17 11:21:29,550 INFO: Executing TransactionTrackerOperations.search_process_for_CMPDM() for: Performance Health|PENNMED CONSULTANTS INC DSSI|810
2018-12-17 11:21:29,573 INFO: Executing TransactionTrackerOperations.select_customer()
2018-12-17 11:21:36,366 INFO: Executing TransactionTrackerOperations.select_customer()
2018-12-17 11:21:47,757 INFO: Executing TransactionTrackerOperations.get_CM_parcels()
2018-12-17 11:21:54,010 INFO: Executing TransactionTrackerOperations.search_process_for_CMPDM() for: Performance Health|PREFERRED CARE DSSI|810
2018-12-17 11:21:54,030 INFO: Executing TransactionTrackerOperations.select_customer()
2018-12-17 11:22:00,823 INFO: Executing TransactionTrackerOperations.select_customer()
2018-12-17 11:22:11,978 INFO: Executing TransactionTrackerOperations.get_CM_parcels()
2018-12-17 11:22:17,942 INFO: Executing TransactionTrackerOperations.search_process_for_CMPDM() for: Performance Health|PRESBYTERIAN HOMES AND SERVICES DSSI|810
2018-12-17 11:22:17,970 INFO: Executing TransactionTrackerOperations.select_customer()
2018-12-17 11:22:24,766 INFO: Executing TransactionTrackerOperations.select_customer()
2018-12-17 11:22:36,473 INFO: Executing TransactionTrackerOperations.get_CM_parcels()
2018-12-17 11:22:39,089 INFO: NoSuchElementException in TransactionTrackerOperations.get_CM_parcels()
2018-12-17 11:22:43,590 INFO: NoSuchElementException in TransactionTrackerOperations.get_CM_parcels()
2018-12-17 11:22:47,943 INFO: NoSuchElementException in TransactionTrackerOperations.get_CM_parcels()
2018-12-17 11:22:52,409 INFO: NoSuchElementException in TransactionTrackerOperations.get_CM_parcels()
2018-12-17 11:22:56,849 INFO: NoSuchElementException in TransactionTrackerOperations.get_CM_parcels()
2018-12-17 11:23:01,275 INFO: NoSuchElementException in TransactionTrackerOperations.get_CM_parcels()
2018-12-17 11:23:04,355 INFO: NoSuchElementException in TransactionTrackerOperations.get_CM_parcels()
2018-12-17 11:23:10,567 INFO: Executing TransactionTrackerOperations.search_process_for_CMPDM() for: Performance Health|PRESBYTERIAN SENIOR LIVING DSSI|810
2018-12-17 11:23:11,168 INFO: Executing TransactionTrackerOperations.select_customer()
2018-12-17 11:23:17,944 INFO: Executing TransactionTrackerOperations.select_customer()
2018-12-17 11:23:29,718 INFO: Executing TransactionTrackerOperations.get_CM_parcels()
2018-12-17 11:23:32,501 INFO: NoSuchElementException in TransactionTrackerOperations.get_CM_parcels()
2018-12-17 11:23:37,033 INFO: NoSuchElementException in TransactionTrackerOperations.get_CM_parcels()
2018-12-17 11:23:41,520 INFO: NoSuchElementException in TransactionTrackerOperations.get_CM_parcels()
2018-12-17 11:23:45,222 INFO: NoSuchElementException in TransactionTrackerOperations.get_CM_parcels()
2018-12-17 11:23:51,212 INFO: Executing TransactionTrackerOperations.search_process_for_CMPDM() for: Performance Health|QUALITY LIFE SERVICES DSSI|810
2018-12-17 11:23:51,727 INFO: Executing TransactionTrackerOperations.select_customer()
2018-12-17 11:23:58,534 INFO: Executing TransactionTrackerOperations.select_customer()
2018-12-17 11:24:09,762 INFO: Executing TransactionTrackerOperations.get_CM_parcels()
2018-12-17 11:24:12,736 INFO: NoSuchElementException in TransactionTrackerOperations.get_CM_parcels()
2018-12-17 11:24:17,469 INFO: NoSuchElementException in TransactionTrackerOperations.get_CM_parcels()
2018-12-17 11:24:21,893 INFO: NoSuchElementException in TransactionTrackerOperations.get_CM_parcels()
2018-12-17 11:24:26,440 INFO: NoSuchElementException in TransactionTrackerOperations.get_CM_parcels()
2018-12-17 11:24:30,891 INFO: NoSuchElementException in TransactionTrackerOperations.get_CM_parcels()
2018-12-17 11:24:35,168 INFO: NoSuchElementException in TransactionTrackerOperations.get_CM_parcels()
2018-12-17 11:24:41,913 INFO: Executing TransactionTrackerOperations.search_process_for_CMPDM() for: Performance Health|Quest Healthcare Development DSSI|810
2018-12-17 11:24:41,934 INFO: Executing TransactionTrackerOperations.select_customer()
2018-12-17 11:24:48,732 INFO: Executing TransactionTrackerOperations.select_customer()
2018-12-17 11:24:59,914 INFO: Executing TransactionTrackerOperations.get_CM_parcels()
2018-12-17 11:25:05,387 INFO: Executing TransactionTrackerOperations.search_process_for_CMPDM() for: Performance Health|Regency Integrated Health Services DSSI|810
2018-12-17 11:25:05,926 INFO: Executing TransactionTrackerOperations.select_customer()
2018-12-17 11:25:14,422 INFO: Executing TransactionTrackerOperations.select_customer()
2018-12-17 11:25:28,035 INFO: Executing TransactionTrackerOperations.get_CM_parcels()
2018-12-17 11:25:34,260 INFO: Executing TransactionTrackerOperations.search_process_for_CMPDM() for: Performance Health|RENNES HEALTH DSSI|810
2018-12-17 11:25:35,224 INFO: Executing TransactionTrackerOperations.select_customer()
2018-12-17 11:25:42,496 INFO: Executing TransactionTrackerOperations.select_customer()
2018-12-17 11:25:54,692 INFO: Executing TransactionTrackerOperations.get_CM_parcels()
2018-12-17 11:25:58,295 INFO: NoSuchElementException in TransactionTrackerOperations.get_CM_parcels()
2018-12-17 11:26:03,613 INFO: NoSuchElementException in TransactionTrackerOperations.get_CM_parcels()
2018-12-17 11:26:08,853 INFO: NoSuchElementException in TransactionTrackerOperations.get_CM_parcels()
2018-12-17 11:26:14,029 INFO: NoSuchElementException in TransactionTrackerOperations.get_CM_parcels()
2018-12-17 11:26:18,656 INFO: NoSuchElementException in TransactionTrackerOperations.get_CM_parcels()
2018-12-17 11:26:21,052 INFO: NoSuchElementException in TransactionTrackerOperations.get_CM_parcels()
2018-12-17 11:26:27,986 INFO: Executing TransactionTrackerOperations.search_process_for_CMPDM() for: Performance Health|SABER HEALTHCARE DSSI|810
2018-12-17 11:26:28,010 INFO: Executing TransactionTrackerOperations.select_customer()
2018-12-17 11:26:34,849 INFO: Executing TransactionTrackerOperations.select_customer()
2018-12-17 11:26:46,340 INFO: Executing TransactionTrackerOperations.get_CM_parcels()
2018-12-17 11:26:52,586 INFO: Executing TransactionTrackerOperations.search_process_for_CMPDM() for: Performance Health|SPRENGER HEALTHCARE DSSI|810
2018-12-17 11:26:52,605 INFO: Executing TransactionTrackerOperations.select_customer()
2018-12-17 11:26:59,424 INFO: Executing TransactionTrackerOperations.select_customer()
2018-12-17 11:27:11,107 INFO: Executing TransactionTrackerOperations.get_CM_parcels()
2018-12-17 11:27:13,728 INFO: NoSuchElementException in TransactionTrackerOperations.get_CM_parcels()
2018-12-17 11:27:18,402 INFO: NoSuchElementException in TransactionTrackerOperations.get_CM_parcels()
2018-12-17 11:27:23,277 INFO: NoSuchElementException in TransactionTrackerOperations.get_CM_parcels()
2018-12-17 11:27:27,884 INFO: NoSuchElementException in TransactionTrackerOperations.get_CM_parcels()
2018-12-17 11:27:32,312 INFO: NoSuchElementException in TransactionTrackerOperations.get_CM_parcels()
2018-12-17 11:27:36,904 INFO: NoSuchElementException in TransactionTrackerOperations.get_CM_parcels()
2018-12-17 11:27:41,480 INFO: NoSuchElementException in TransactionTrackerOperations.get_CM_parcels()
2018-12-17 11:27:46,353 INFO: NoSuchElementException in TransactionTrackerOperations.get_CM_parcels()
2018-12-17 11:27:51,133 INFO: NoSuchElementException in TransactionTrackerOperations.get_CM_parcels()
2018-12-17 11:27:56,523 INFO: NoSuchElementException in TransactionTrackerOperations.get_CM_parcels()
2018-12-17 11:28:01,939 INFO: NoSuchElementException in TransactionTrackerOperations.get_CM_parcels()
2018-12-17 11:28:05,101 INFO: NoSuchElementException in TransactionTrackerOperations.get_CM_parcels()
2018-12-17 11:28:12,870 INFO: Executing TransactionTrackerOperations.search_process_for_CMPDM() for: Performance Health|SPRINGPOINT DSSI|810
2018-12-17 11:28:13,655 INFO: Executing TransactionTrackerOperations.select_customer()
2018-12-17 11:28:20,778 INFO: Executing TransactionTrackerOperations.select_customer()
2018-12-17 11:28:33,232 INFO: Executing TransactionTrackerOperations.get_CM_parcels()
2018-12-17 11:28:37,021 INFO: NoSuchElementException in TransactionTrackerOperations.get_CM_parcels()
2018-12-17 11:28:42,106 INFO: NoSuchElementException in TransactionTrackerOperations.get_CM_parcels()
2018-12-17 11:28:46,789 INFO: NoSuchElementException in TransactionTrackerOperations.get_CM_parcels()
2018-12-17 11:28:51,361 INFO: NoSuchElementException in TransactionTrackerOperations.get_CM_parcels()
2018-12-17 11:28:59,749 INFO: Executing TransactionTrackerOperations.search_process_for_CMPDM() for: Performance Health|STONERISE MEDICAL DSSI|810
2018-12-17 11:28:59,942 INFO: Executing TransactionTrackerOperations.select_customer()
2018-12-17 11:29:07,078 INFO: Executing TransactionTrackerOperations.select_customer()
2018-12-17 11:29:18,881 INFO: Executing TransactionTrackerOperations.get_CM_parcels()
2018-12-17 11:29:21,852 INFO: NoSuchElementException in TransactionTrackerOperations.get_CM_parcels()
2018-12-17 11:29:26,401 INFO: NoSuchElementException in TransactionTrackerOperations.get_CM_parcels()
2018-12-17 11:29:30,869 INFO: NoSuchElementException in TransactionTrackerOperations.get_CM_parcels()
2018-12-17 11:29:35,360 INFO: NoSuchElementException in TransactionTrackerOperations.get_CM_parcels()
2018-12-17 11:29:39,832 INFO: NoSuchElementException in TransactionTrackerOperations.get_CM_parcels()
2018-12-17 11:29:44,313 INFO: NoSuchElementException in TransactionTrackerOperations.get_CM_parcels()
2018-12-17 11:29:48,755 INFO: NoSuchElementException in TransactionTrackerOperations.get_CM_parcels()
2018-12-17 11:29:53,344 INFO: NoSuchElementException in TransactionTrackerOperations.get_CM_parcels()
2018-12-17 11:29:57,880 INFO: NoSuchElementException in TransactionTrackerOperations.get_CM_parcels()
2018-12-17 11:30:02,544 INFO: NoSuchElementException in TransactionTrackerOperations.get_CM_parcels()
2018-12-17 11:30:07,016 INFO: NoSuchElementException in TransactionTrackerOperations.get_CM_parcels()
2018-12-17 11:30:11,600 INFO: NoSuchElementException in TransactionTrackerOperations.get_CM_parcels()
2018-12-17 11:30:16,126 INFO: NoSuchElementException in TransactionTrackerOperations.get_CM_parcels()
2018-12-17 11:30:20,810 INFO: NoSuchElementException in TransactionTrackerOperations.get_CM_parcels()
2018-12-17 11:30:25,338 INFO: NoSuchElementException in TransactionTrackerOperations.get_CM_parcels()
2018-12-17 11:30:29,910 INFO: NoSuchElementException in TransactionTrackerOperations.get_CM_parcels()
2018-12-17 11:30:34,472 INFO: NoSuchElementException in TransactionTrackerOperations.get_CM_parcels()
2018-12-17 11:30:39,149 INFO: NoSuchElementException in TransactionTrackerOperations.get_CM_parcels()
2018-12-17 11:30:43,636 INFO: NoSuchElementException in TransactionTrackerOperations.get_CM_parcels()
2018-12-17 11:30:48,221 INFO: NoSuchElementException in TransactionTrackerOperations.get_CM_parcels()
2018-12-17 11:30:50,636 INFO: NoSuchElementException in TransactionTrackerOperations.get_CM_parcels()
2018-12-17 11:30:58,119 INFO: Executing TransactionTrackerOperations.search_process_for_CMPDM() for: Performance Health|TAMARAC ADMINISTRACTIVE SERVICES DSSI|810
2018-12-17 11:30:58,160 INFO: Executing TransactionTrackerOperations.select_customer()
2018-12-17 11:31:04,981 INFO: Executing TransactionTrackerOperations.select_customer()
2018-12-17 11:31:16,877 INFO: Executing TransactionTrackerOperations.get_CM_parcels()
2018-12-17 11:31:23,000 INFO: Executing TransactionTrackerOperations.search_process_for_CMPDM() for: Performance Health|TANDEM HEALTHCARE DSSI|810
2018-12-17 11:31:23,021 INFO: Executing TransactionTrackerOperations.select_customer()
2018-12-17 11:31:29,835 INFO: Executing TransactionTrackerOperations.select_customer()
2018-12-17 11:31:41,286 INFO: Executing TransactionTrackerOperations.get_CM_parcels()
2018-12-17 11:31:47,304 INFO: Executing TransactionTrackerOperations.search_process_for_CMPDM() for: Performance Health|TARA CARES LLC DSSI|810
2018-12-17 11:31:47,330 INFO: Executing TransactionTrackerOperations.select_customer()
2018-12-17 11:31:54,159 INFO: Executing TransactionTrackerOperations.select_customer()
2018-12-17 11:32:05,604 INFO: Executing TransactionTrackerOperations.get_CM_parcels()
2018-12-17 11:32:12,968 INFO: Executing TransactionTrackerOperations.search_process_for_CMPDM() for: Performance Health|TEALWOOD TWN DSSI|810
2018-12-17 11:32:13,176 INFO: Executing TransactionTrackerOperations.select_customer()
2018-12-17 11:32:20,351 INFO: Executing TransactionTrackerOperations.select_customer()
2018-12-17 11:32:31,938 INFO: Executing TransactionTrackerOperations.get_CM_parcels()
2018-12-17 11:32:35,569 INFO: NoSuchElementException in TransactionTrackerOperations.get_CM_parcels()
2018-12-17 11:32:41,145 INFO: NoSuchElementException in TransactionTrackerOperations.get_CM_parcels()
2018-12-17 11:32:45,614 INFO: NoSuchElementException in TransactionTrackerOperations.get_CM_parcels()
2018-12-17 11:32:50,133 INFO: NoSuchElementException in TransactionTrackerOperations.get_CM_parcels()
2018-12-17 11:32:54,609 INFO: NoSuchElementException in TransactionTrackerOperations.get_CM_parcels()
2018-12-17 11:32:59,449 INFO: NoSuchElementException in TransactionTrackerOperations.get_CM_parcels()
2018-12-17 11:33:04,416 INFO: NoSuchElementException in TransactionTrackerOperations.get_CM_parcels()
2018-12-17 11:33:10,212 INFO: NoSuchElementException in TransactionTrackerOperations.get_CM_parcels()
2018-12-17 11:33:15,033 INFO: NoSuchElementException in TransactionTrackerOperations.get_CM_parcels()
2018-12-17 11:33:19,925 INFO: NoSuchElementException in TransactionTrackerOperations.get_CM_parcels()
2018-12-17 11:33:22,883 INFO: NoSuchElementException in TransactionTrackerOperations.get_CM_parcels()
2018-12-17 11:33:30,716 INFO: Executing TransactionTrackerOperations.search_process_for_CMPDM() for: Performance Health|TRANS HEALTH CARE DSSI|810
2018-12-17 11:33:30,847 INFO: Executing TransactionTrackerOperations.select_customer()
2018-12-17 11:33:37,951 INFO: Executing TransactionTrackerOperations.select_customer()
2018-12-17 11:33:49,522 INFO: Executing TransactionTrackerOperations.get_CM_parcels()
2018-12-17 11:33:55,862 INFO: Executing TransactionTrackerOperations.search_process_for_CMPDM() for: Performance Health|UNITED MEDICAL DSSI|810
2018-12-17 11:33:55,886 INFO: Executing TransactionTrackerOperations.select_customer()
2018-12-17 11:34:02,727 INFO: Executing TransactionTrackerOperations.select_customer()
2018-12-17 11:34:14,097 INFO: Executing TransactionTrackerOperations.get_CM_parcels()
2018-12-17 11:34:20,282 INFO: Executing TransactionTrackerOperations.search_process_for_CMPDM() for: Performance Health|WILMAC DSSI|810
2018-12-17 11:34:20,347 INFO: Executing TransactionTrackerOperations.select_customer()
2018-12-17 11:34:27,172 INFO: Executing TransactionTrackerOperations.select_customer()
2018-12-17 11:34:38,213 INFO: Executing TransactionTrackerOperations.get_CM_parcels()
2018-12-17 11:34:40,968 INFO: NoSuchElementException in TransactionTrackerOperations.get_CM_parcels()
2018-12-17 11:34:46,312 INFO: NoSuchElementException in TransactionTrackerOperations.get_CM_parcels()
2018-12-17 11:34:50,964 INFO: NoSuchElementException in TransactionTrackerOperations.get_CM_parcels()
2018-12-17 11:34:55,784 INFO: NoSuchElementException in TransactionTrackerOperations.get_CM_parcels()
2018-12-17 11:34:58,286 INFO: NoSuchElementException in TransactionTrackerOperations.get_CM_parcels()
2018-12-17 11:35:05,519 INFO: Executing TransactionTrackerOperations.search_process_for_CMPDM() for: Performance Health|Senior Care Centers LLC|810
2018-12-17 11:35:05,719 INFO: Executing TransactionTrackerOperations.select_customer()
2018-12-17 11:35:12,699 INFO: Executing TransactionTrackerOperations.select_customer()
2018-12-17 11:35:24,634 INFO: Executing TransactionTrackerOperations.get_CM_parcels()
2018-12-17 11:35:31,141 INFO: Executing TransactionTrackerOperations.search_process_for_CMPDM() for: Performance Health|AMERICAN SENIOR COMMUNITIES DSSI|810
2018-12-17 11:35:31,303 INFO: Executing TransactionTrackerOperations.select_customer()
2018-12-17 11:35:38,292 INFO: Executing TransactionTrackerOperations.select_customer()
2018-12-17 11:35:51,604 INFO: Executing TransactionTrackerOperations.get_CM_parcels()
2018-12-17 11:35:58,198 INFO: Executing TransactionTrackerOperations.search_process_for_CMPDM() for: Performance Health|BaneCare Management DSSI|810
2018-12-17 11:35:58,383 INFO: Executing TransactionTrackerOperations.select_customer()
2018-12-17 11:36:06,936 INFO: Executing TransactionTrackerOperations.select_customer()
2018-12-17 11:36:18,695 INFO: Executing TransactionTrackerOperations.get_CM_parcels()
2018-12-17 11:36:25,000 INFO: Executing TransactionTrackerOperations.search_process_for_CMPDM() for: Performance Health|DSSI Next Step Healthcare|810
2018-12-17 11:36:25,330 INFO: Executing TransactionTrackerOperations.select_customer()
2018-12-17 11:36:33,566 INFO: Executing TransactionTrackerOperations.select_customer()
2018-12-17 11:36:45,293 INFO: Executing TransactionTrackerOperations.get_CM_parcels()
2018-12-17 11:36:50,895 INFO: Executing TransactionTrackerOperations.search_process_for_CMPDM() for: Performance Health|Regency Pacific DSSI|810
2018-12-17 11:36:51,661 INFO: Executing TransactionTrackerOperations.select_customer()
2018-12-17 11:36:58,512 INFO: Executing TransactionTrackerOperations.select_customer()
2018-12-17 11:37:10,145 INFO: Executing TransactionTrackerOperations.get_CM_parcels()
2018-12-17 11:37:10,438 INFO: NoSuchElementException in TransactionTrackerOperations.get_CM_parcels()
2018-12-17 11:37:17,796 INFO: Executing TransactionTrackerOperations.search_process_for_CMPDM() for: Performance Health|ADVANTAGE HPSI DSSI|810
2018-12-17 11:37:17,831 INFO: Executing TransactionTrackerOperations.select_customer()
2018-12-17 11:37:24,714 INFO: Executing TransactionTrackerOperations.select_customer()
2018-12-17 11:37:36,242 INFO: Executing TransactionTrackerOperations.get_CM_parcels()
2018-12-17 11:37:39,056 INFO: NoSuchElementException in TransactionTrackerOperations.get_CM_parcels()
2018-12-17 11:37:43,702 INFO: NoSuchElementException in TransactionTrackerOperations.get_CM_parcels()
2018-12-17 11:37:48,282 INFO: NoSuchElementException in TransactionTrackerOperations.get_CM_parcels()
2018-12-17 11:37:51,610 INFO: NoSuchElementException in TransactionTrackerOperations.get_CM_parcels()
2018-12-17 11:37:57,783 INFO: Executing TransactionTrackerOperations.search_process_for_CMPDM() for: Performance Health|ADVANTAGE NAVIGATOR DSSI|810
2018-12-17 11:37:58,465 INFO: Executing TransactionTrackerOperations.select_customer()
2018-12-17 11:38:05,350 INFO: Executing TransactionTrackerOperations.select_customer()
2018-12-17 11:38:17,048 INFO: Executing TransactionTrackerOperations.get_CM_parcels()
2018-12-17 11:38:23,297 INFO: Executing TransactionTrackerOperations.search_process_for_CMPDM() for: Performance Health|American Health Companies|810
2018-12-17 11:38:23,329 INFO: Executing TransactionTrackerOperations.select_customer()
2018-12-17 11:38:30,207 INFO: Executing TransactionTrackerOperations.select_customer()
2018-12-17 11:38:42,763 INFO: Executing TransactionTrackerOperations.get_CM_parcels()
2018-12-17 11:38:49,533 INFO: Executing TransactionTrackerOperations.search_process_for_CMPDM() for: Performance Health|APEX|810
2018-12-17 11:38:50,654 INFO: Executing TransactionTrackerOperations.select_customer()
2018-12-17 11:38:58,487 INFO: Executing TransactionTrackerOperations.select_customer()
2018-12-17 11:39:11,233 INFO: Executing TransactionTrackerOperations.get_CM_parcels()
2018-12-17 11:39:18,920 INFO: Executing TransactionTrackerOperations.search_process_for_CMPDM() for: Performance Health|APEX HEALTHCARE FLORIDA DSSI|810
2018-12-17 11:39:19,469 INFO: Executing TransactionTrackerOperations.select_customer()
2018-12-17 11:39:28,603 INFO: Executing TransactionTrackerOperations.select_customer()
2018-12-17 11:39:42,759 INFO: Executing TransactionTrackerOperations.get_CM_parcels()
2018-12-17 11:39:46,617 INFO: NoSuchElementException in TransactionTrackerOperations.get_CM_parcels()
2018-12-17 11:39:53,767 INFO: NoSuchElementException in TransactionTrackerOperations.get_CM_parcels()
2018-12-17 11:40:00,335 INFO: NoSuchElementException in TransactionTrackerOperations.get_CM_parcels()
2018-12-17 11:40:06,466 INFO: NoSuchElementException in TransactionTrackerOperations.get_CM_parcels()
2018-12-17 11:40:13,362 INFO: NoSuchElementException in TransactionTrackerOperations.get_CM_parcels()
2018-12-17 11:40:19,607 INFO: NoSuchElementException in TransactionTrackerOperations.get_CM_parcels()
2018-12-17 11:40:24,739 INFO: NoSuchElementException in TransactionTrackerOperations.get_CM_parcels()
2018-12-17 11:40:29,720 INFO: NoSuchElementException in TransactionTrackerOperations.get_CM_parcels()
2018-12-17 11:40:34,839 INFO: NoSuchElementException in TransactionTrackerOperations.get_CM_parcels()
2018-12-17 11:40:40,959 INFO: NoSuchElementException in TransactionTrackerOperations.get_CM_parcels()
2018-12-17 11:40:46,533 INFO: NoSuchElementException in TransactionTrackerOperations.get_CM_parcels()
2018-12-17 11:40:51,601 INFO: NoSuchElementException in TransactionTrackerOperations.get_CM_parcels()
2018-12-17 11:40:57,140 INFO: NoSuchElementException in TransactionTrackerOperations.get_CM_parcels()
2018-12-17 11:41:03,336 INFO: NoSuchElementException in TransactionTrackerOperations.get_CM_parcels()
2018-12-17 11:41:08,583 INFO: NoSuchElementException in TransactionTrackerOperations.get_CM_parcels()
2018-12-17 11:41:18,003 INFO: Executing TransactionTrackerOperations.search_process_for_CMPDM() for: Performance Health|ATRIUM LIVING CENTERS DSSI|810
2018-12-17 11:41:19,740 INFO: Executing TransactionTrackerOperations.select_customer()
2018-12-17 11:41:27,854 INFO: Executing TransactionTrackerOperations.select_customer()
2018-12-17 11:41:40,295 INFO: Executing TransactionTrackerOperations.get_CM_parcels()
2018-12-17 11:41:45,913 INFO: NoSuchElementException in TransactionTrackerOperations.get_CM_parcels()
2018-12-17 11:41:51,868 INFO: NoSuchElementException in TransactionTrackerOperations.get_CM_parcels()
2018-12-17 11:41:58,355 INFO: NoSuchElementException in TransactionTrackerOperations.get_CM_parcels()
2018-12-17 11:42:04,763 INFO: NoSuchElementException in TransactionTrackerOperations.get_CM_parcels()
2018-12-17 11:42:11,172 INFO: NoSuchElementException in TransactionTrackerOperations.get_CM_parcels()
2018-12-17 11:42:16,796 INFO: NoSuchElementException in TransactionTrackerOperations.get_CM_parcels()
2018-12-17 11:42:22,243 INFO: NoSuchElementException in TransactionTrackerOperations.get_CM_parcels()
2018-12-17 11:42:27,883 INFO: NoSuchElementException in TransactionTrackerOperations.get_CM_parcels()
2018-12-17 11:42:33,099 INFO: NoSuchElementException in TransactionTrackerOperations.get_CM_parcels()
2018-12-17 11:42:37,925 INFO: NoSuchElementException in TransactionTrackerOperations.get_CM_parcels()
2018-12-17 11:42:44,056 INFO: NoSuchElementException in TransactionTrackerOperations.get_CM_parcels()
2018-12-17 11:42:48,920 INFO: NoSuchElementException in TransactionTrackerOperations.get_CM_parcels()
2018-12-17 11:42:55,499 INFO: NoSuchElementException in TransactionTrackerOperations.get_CM_parcels()
2018-12-17 11:43:05,962 INFO: Executing TransactionTrackerOperations.search_process_for_CMPDM() for: Performance Health|AXIOM DSSI|810
2018-12-17 11:43:07,200 INFO: Executing TransactionTrackerOperations.select_customer()
2018-12-17 11:43:14,505 INFO: Executing TransactionTrackerOperations.select_customer()
2018-12-17 11:43:27,448 INFO: Executing TransactionTrackerOperations.get_CM_parcels()
2018-12-17 11:43:30,474 INFO: NoSuchElementException in TransactionTrackerOperations.get_CM_parcels()
2018-12-17 11:43:33,766 INFO: NoSuchElementException in TransactionTrackerOperations.get_CM_parcels()
2018-12-17 11:43:41,213 INFO: Executing TransactionTrackerOperations.search_process_for_CMPDM() for: Performance Health|BE GROUP DSSI|810
2018-12-17 11:43:41,803 INFO: Executing TransactionTrackerOperations.select_customer()
2018-12-17 11:43:49,031 INFO: Executing TransactionTrackerOperations.select_customer()
2018-12-17 11:44:01,793 INFO: Executing TransactionTrackerOperations.get_CM_parcels()
2018-12-17 11:44:09,162 INFO: Executing TransactionTrackerOperations.search_process_for_CMPDM() for: Performance Health|BEACON HEALTH DSSI|810
2018-12-17 11:44:09,948 INFO: Executing TransactionTrackerOperations.select_customer()
2018-12-17 11:44:17,248 INFO: Executing TransactionTrackerOperations.select_customer()
2018-12-17 11:44:29,705 INFO: Executing TransactionTrackerOperations.get_CM_parcels()
2018-12-17 11:44:33,708 INFO: NoSuchElementException in TransactionTrackerOperations.get_CM_parcels()
2018-12-17 11:44:41,097 INFO: NoSuchElementException in TransactionTrackerOperations.get_CM_parcels()
2018-12-17 11:44:48,700 INFO: NoSuchElementException in TransactionTrackerOperations.get_CM_parcels()
2018-12-17 11:44:55,199 INFO: NoSuchElementException in TransactionTrackerOperations.get_CM_parcels()
2018-12-17 11:45:00,829 INFO: NoSuchElementException in TransactionTrackerOperations.get_CM_parcels()
2018-12-17 11:45:06,067 INFO: NoSuchElementException in TransactionTrackerOperations.get_CM_parcels()
2018-12-17 11:45:14,511 INFO: Executing TransactionTrackerOperations.search_process_for_CMPDM() for: Performance Health|BENEDICTINE DSSI|810
2018-12-17 11:45:16,055 INFO: Executing TransactionTrackerOperations.select_customer()
2018-12-17 11:45:23,772 INFO: Executing TransactionTrackerOperations.select_customer()
2018-12-17 11:45:40,468 INFO: Executing TransactionTrackerOperations.get_CM_parcels()
2018-12-17 11:45:47,306 INFO: Executing TransactionTrackerOperations.search_process_for_CMPDM() for: Performance Health|Bethlen Communities Home Health and Hospice|810
2018-12-17 11:45:48,684 INFO: Executing TransactionTrackerOperations.select_customer()
2018-12-17 11:45:55,826 INFO: Executing TransactionTrackerOperations.select_customer()
2018-12-17 11:46:08,926 INFO: Executing TransactionTrackerOperations.get_CM_parcels()
2018-12-17 11:46:12,543 INFO: NoSuchElementException in TransactionTrackerOperations.get_CM_parcels()
2018-12-17 11:46:16,542 INFO: NoSuchElementException in TransactionTrackerOperations.get_CM_parcels()
2018-12-17 11:46:23,663 INFO: Executing TransactionTrackerOperations.search_process_for_CMPDM() for: Performance Health|BOMBAY LANE DSSI|810
2018-12-17 11:46:24,674 INFO: Executing TransactionTrackerOperations.select_customer()
2018-12-17 11:46:31,802 INFO: Executing TransactionTrackerOperations.select_customer()
2018-12-17 11:46:43,672 INFO: Executing TransactionTrackerOperations.get_CM_parcels()
2018-12-17 11:46:47,149 INFO: NoSuchElementException in TransactionTrackerOperations.get_CM_parcels()
2018-12-17 11:46:52,269 INFO: NoSuchElementException in TransactionTrackerOperations.get_CM_parcels()
2018-12-17 11:46:57,124 INFO: NoSuchElementException in TransactionTrackerOperations.get_CM_parcels()
2018-12-17 11:47:02,158 INFO: NoSuchElementException in TransactionTrackerOperations.get_CM_parcels()
2018-12-17 11:47:07,293 INFO: NoSuchElementException in TransactionTrackerOperations.get_CM_parcels()
2018-12-17 11:47:11,017 INFO: NoSuchElementException in TransactionTrackerOperations.get_CM_parcels()
2018-12-17 11:47:17,923 INFO: Executing TransactionTrackerOperations.search_process_for_CMPDM() for: Performance Health|CARDON AND ASSOCIATES DSSI|810
2018-12-17 11:47:19,039 INFO: Executing TransactionTrackerOperations.select_customer()
2018-12-17 11:47:25,961 INFO: Executing TransactionTrackerOperations.select_customer()
2018-12-17 11:47:38,444 INFO: Executing TransactionTrackerOperations.get_CM_parcels()
2018-12-17 11:47:41,782 INFO: NoSuchElementException in TransactionTrackerOperations.get_CM_parcels()
2018-12-17 11:47:46,607 INFO: NoSuchElementException in TransactionTrackerOperations.get_CM_parcels()
2018-12-17 11:47:51,461 INFO: NoSuchElementException in TransactionTrackerOperations.get_CM_parcels()
2018-12-17 11:47:56,268 INFO: NoSuchElementException in TransactionTrackerOperations.get_CM_parcels()
2018-12-17 11:48:01,061 INFO: NoSuchElementException in TransactionTrackerOperations.get_CM_parcels()
2018-12-17 11:48:05,765 INFO: NoSuchElementException in TransactionTrackerOperations.get_CM_parcels()
2018-12-17 11:48:10,586 INFO: NoSuchElementException in TransactionTrackerOperations.get_CM_parcels()
2018-12-17 11:48:15,389 INFO: NoSuchElementException in TransactionTrackerOperations.get_CM_parcels()
2018-12-17 11:48:20,745 INFO: NoSuchElementException in TransactionTrackerOperations.get_CM_parcels()
2018-12-17 11:48:25,714 INFO: NoSuchElementException in TransactionTrackerOperations.get_CM_parcels()
2018-12-17 11:48:30,707 INFO: NoSuchElementException in TransactionTrackerOperations.get_CM_parcels()
2018-12-17 11:48:35,514 INFO: NoSuchElementException in TransactionTrackerOperations.get_CM_parcels()
2018-12-17 11:48:40,372 INFO: NoSuchElementException in TransactionTrackerOperations.get_CM_parcels()
2018-12-17 11:48:45,220 INFO: NoSuchElementException in TransactionTrackerOperations.get_CM_parcels()
2018-12-17 11:48:48,890 INFO: NoSuchElementException in TransactionTrackerOperations.get_CM_parcels()
2018-12-17 11:48:56,599 INFO: Executing TransactionTrackerOperations.search_process_for_CMPDM() for: Performance Health|CERES PURCHASING SOLUTIONS DSSI|810
2018-12-17 11:48:57,212 INFO: Executing TransactionTrackerOperations.select_customer()
2018-12-17 11:49:04,112 INFO: Executing TransactionTrackerOperations.select_customer()
2018-12-17 11:49:16,042 INFO: Executing TransactionTrackerOperations.get_CM_parcels()
2018-12-17 11:49:22,243 INFO: Executing TransactionTrackerOperations.search_process_for_CMPDM() for: Performance Health|Chosen Healthcare DSSI|810
2018-12-17 11:49:22,561 INFO: Executing TransactionTrackerOperations.select_customer()
2018-12-17 11:49:29,561 INFO: Executing TransactionTrackerOperations.select_customer()
2018-12-17 11:49:40,905 INFO: Executing TransactionTrackerOperations.get_CM_parcels()
2018-12-17 11:49:47,097 INFO: Executing TransactionTrackerOperations.search_process_for_CMPDM() for: Performance Health|CLEAR CHOICE DSSI|810
2018-12-17 11:49:47,666 INFO: Executing TransactionTrackerOperations.select_customer()
2018-12-17 11:49:54,994 INFO: Executing TransactionTrackerOperations.select_customer()
2018-12-17 11:50:08,664 INFO: Executing TransactionTrackerOperations.get_CM_parcels()
2018-12-17 11:50:12,487 INFO: NoSuchElementException in TransactionTrackerOperations.get_CM_parcels()
2018-12-17 11:50:18,067 INFO: NoSuchElementException in TransactionTrackerOperations.get_CM_parcels()
2018-12-17 11:50:22,901 INFO: NoSuchElementException in TransactionTrackerOperations.get_CM_parcels()
2018-12-17 11:50:28,937 INFO: NoSuchElementException in TransactionTrackerOperations.get_CM_parcels()
2018-12-17 11:50:34,852 INFO: NoSuchElementException in TransactionTrackerOperations.get_CM_parcels()
2018-12-17 11:50:40,631 INFO: NoSuchElementException in TransactionTrackerOperations.get_CM_parcels()
2018-12-17 11:50:46,043 INFO: NoSuchElementException in TransactionTrackerOperations.get_CM_parcels()
2018-12-17 11:50:52,975 INFO: NoSuchElementException in TransactionTrackerOperations.get_CM_parcels()
2018-12-17 11:50:59,062 INFO: NoSuchElementException in TransactionTrackerOperations.get_CM_parcels()
2018-12-17 11:51:02,607 INFO: NoSuchElementException in TransactionTrackerOperations.get_CM_parcels()
2018-12-17 11:51:10,866 INFO: Executing TransactionTrackerOperations.search_process_for_CMPDM() for: Performance Health|COMMUNICARE DSSI|810
2018-12-17 11:51:11,622 INFO: Executing TransactionTrackerOperations.select_customer()
2018-12-17 11:51:18,513 INFO: Executing TransactionTrackerOperations.select_customer()
2018-12-17 11:51:30,097 INFO: Executing TransactionTrackerOperations.get_CM_parcels()
2018-12-17 11:51:36,605 INFO: Executing TransactionTrackerOperations.search_process_for_CMPDM() for: Performance Health|COMPLETE HEALTHCARE DSSI|810
2018-12-17 11:51:37,587 INFO: Executing TransactionTrackerOperations.select_customer()
2018-12-17 11:51:45,100 INFO: Executing TransactionTrackerOperations.select_customer()
2018-12-17 11:51:58,661 INFO: Executing TransactionTrackerOperations.get_CM_parcels()
2018-12-17 11:52:02,863 INFO: NoSuchElementException in TransactionTrackerOperations.get_CM_parcels()
2018-12-17 11:52:08,321 INFO: NoSuchElementException in TransactionTrackerOperations.get_CM_parcels()
2018-12-17 11:52:13,990 INFO: NoSuchElementException in TransactionTrackerOperations.get_CM_parcels()
2018-12-17 11:52:19,301 INFO: NoSuchElementException in TransactionTrackerOperations.get_CM_parcels()
2018-12-17 11:52:24,944 INFO: NoSuchElementException in TransactionTrackerOperations.get_CM_parcels()
2018-12-17 11:52:29,616 INFO: NoSuchElementException in TransactionTrackerOperations.get_CM_parcels()
2018-12-17 11:52:34,241 INFO: NoSuchElementException in TransactionTrackerOperations.get_CM_parcels()
2018-12-17 11:52:38,860 INFO: NoSuchElementException in TransactionTrackerOperations.get_CM_parcels()
2018-12-17 11:52:43,638 INFO: NoSuchElementException in TransactionTrackerOperations.get_CM_parcels()
2018-12-17 11:52:48,242 INFO: NoSuchElementException in TransactionTrackerOperations.get_CM_parcels()
2018-12-17 11:52:54,001 INFO: NoSuchElementException in TransactionTrackerOperations.get_CM_parcels()
2018-12-17 11:52:58,625 INFO: NoSuchElementException in TransactionTrackerOperations.get_CM_parcels()
2018-12-17 11:53:03,336 INFO: NoSuchElementException in TransactionTrackerOperations.get_CM_parcels()
2018-12-17 11:53:09,203 INFO: NoSuchElementException in TransactionTrackerOperations.get_CM_parcels()
2018-12-17 11:53:12,375 INFO: NoSuchElementException in TransactionTrackerOperations.get_CM_parcels()
2018-12-17 11:53:16,913 ERROR: Error in CMProductionDataMonitoring.TaskFilter()
