2019-01-09 16:39:43,037 INFO: Executing Script Credit Memo Prodution Data Monitoring
2019-01-09 16:39:43,913 INFO: Executing CMProductionDataMonitoring.execute_main()
2019-01-09 16:40:01,449 INFO: Login in to Launchpad
2019-01-09 16:40:32,397 INFO: Executing CMProductionDataMonitoring.TaskFilter()
2019-01-09 16:40:32,874 INFO: Refreshing access_token
2019-01-09 16:40:51,933 INFO: select InProgress task from input sheet from CMProductionDataMonitoring.TaskFilter()
2019-01-09 16:40:51,933 INFO: Executing TransactionTrackerOperations.search_process_for_CMPDM() for: Performance Health|BaneCare Management DSSI|810
2019-01-09 16:40:51,979 INFO: Executing TransactionTrackerOperations.select_customer()
2019-01-09 16:40:59,497 INFO: Executing TransactionTrackerOperations.select_customer()
2019-01-09 16:41:12,346 INFO: Executing TransactionTrackerOperations.get_CM_parcels()
2019-01-09 16:41:21,145 INFO: Executing TransactionTrackerOperations.search_process_for_CMPDM() for: Performance Health|DSSI Next Step Healthcare|810
2019-01-09 16:41:22,231 INFO: Executing TransactionTrackerOperations.select_customer()
2019-01-09 16:41:29,362 INFO: Executing TransactionTrackerOperations.select_customer()
2019-01-09 16:41:42,271 INFO: Executing TransactionTrackerOperations.get_CM_parcels()
2019-01-09 16:41:49,768 INFO: Executing TransactionTrackerOperations.search_process_for_CMPDM() for: Performance Health|Regency Pacific DSSI|810
2019-01-09 16:41:50,074 INFO: Executing TransactionTrackerOperations.select_customer()
2019-01-09 16:41:57,570 INFO: Executing TransactionTrackerOperations.select_customer()
2019-01-09 16:42:09,836 INFO: Executing TransactionTrackerOperations.get_CM_parcels()
2019-01-09 16:42:10,187 INFO: NoSuchElementException in TransactionTrackerOperations.get_CM_parcels()
2019-01-09 16:42:17,191 INFO: Executing TransactionTrackerOperations.search_process_for_CMPDM() for: Performance Health|ADVANTAGE HPSI DSSI|810
2019-01-09 16:42:17,429 INFO: Executing TransactionTrackerOperations.select_customer()
2019-01-09 16:42:24,469 INFO: Executing TransactionTrackerOperations.select_customer()
2019-01-09 16:42:36,552 INFO: Executing TransactionTrackerOperations.get_CM_parcels()
2019-01-09 16:42:39,970 INFO: NoSuchElementException in TransactionTrackerOperations.get_CM_parcels()
2019-01-09 16:42:45,415 INFO: NoSuchElementException in TransactionTrackerOperations.get_CM_parcels()
2019-01-09 16:42:50,411 INFO: NoSuchElementException in TransactionTrackerOperations.get_CM_parcels()
2019-01-09 16:42:55,654 INFO: NoSuchElementException in TransactionTrackerOperations.get_CM_parcels()
2019-01-09 16:42:58,151 INFO: NoSuchElementException in TransactionTrackerOperations.get_CM_parcels()
2019-01-09 16:43:06,232 INFO: Executing TransactionTrackerOperations.search_process_for_CMPDM() for: Performance Health|ADVANTAGE NAVIGATOR DSSI|810
2019-01-09 16:43:06,647 INFO: Executing TransactionTrackerOperations.select_customer()
2019-01-09 16:43:13,726 INFO: Executing TransactionTrackerOperations.select_customer()
2019-01-09 16:43:26,002 INFO: Executing TransactionTrackerOperations.get_CM_parcels()
2019-01-09 16:43:34,329 INFO: Executing TransactionTrackerOperations.search_process_for_CMPDM() for: Performance Health|American Health Companies|810
2019-01-09 16:43:35,010 INFO: Executing TransactionTrackerOperations.select_customer()
2019-01-09 16:43:42,010 INFO: Executing TransactionTrackerOperations.select_customer()
2019-01-09 16:43:53,953 INFO: Executing TransactionTrackerOperations.get_CM_parcels()
2019-01-09 16:44:01,293 INFO: Executing TransactionTrackerOperations.search_process_for_CMPDM() for: Performance Health|APEX|810
2019-01-09 16:44:02,590 INFO: Executing TransactionTrackerOperations.select_customer()
2019-01-09 16:44:09,763 INFO: Executing TransactionTrackerOperations.select_customer()
2019-01-09 16:44:21,380 INFO: Executing TransactionTrackerOperations.get_CM_parcels()
2019-01-09 16:44:28,905 INFO: Executing TransactionTrackerOperations.search_process_for_CMPDM() for: Performance Health|APEX HEALTHCARE FLORIDA DSSI|810
2019-01-09 16:44:29,638 INFO: Executing TransactionTrackerOperations.select_customer()
2019-01-09 16:44:36,910 INFO: Executing TransactionTrackerOperations.select_customer()
2019-01-09 16:44:49,372 INFO: Executing TransactionTrackerOperations.get_CM_parcels()
2019-01-09 16:44:56,983 INFO: Executing TransactionTrackerOperations.search_process_for_CMPDM() for: Performance Health|ATRIUM LIVING CENTERS DSSI|810
2019-01-09 16:44:57,694 INFO: Executing TransactionTrackerOperations.select_customer()
2019-01-09 16:45:05,057 INFO: Executing TransactionTrackerOperations.select_customer()
2019-01-09 16:45:17,626 INFO: Executing TransactionTrackerOperations.get_CM_parcels()
2019-01-09 16:45:22,085 INFO: Executing TransactionTrackerOperations.search_process_for_CMPDM() for: Performance Health|AXIOM DSSI|810
2019-01-09 16:45:23,330 INFO: Executing TransactionTrackerOperations.select_customer()
2019-01-09 16:45:30,369 INFO: Executing TransactionTrackerOperations.select_customer()
2019-01-09 16:45:42,101 INFO: Executing TransactionTrackerOperations.get_CM_parcels()
2019-01-09 16:45:45,498 INFO: NoSuchElementException in TransactionTrackerOperations.get_CM_parcels()
2019-01-09 16:45:50,142 INFO: NoSuchElementException in TransactionTrackerOperations.get_CM_parcels()
2019-01-09 16:45:57,217 INFO: Executing TransactionTrackerOperations.search_process_for_CMPDM() for: Performance Health|BE GROUP DSSI|810
2019-01-09 16:45:58,219 INFO: Executing TransactionTrackerOperations.select_customer()
2019-01-09 16:46:05,457 INFO: Executing TransactionTrackerOperations.select_customer()
2019-01-09 16:46:17,151 INFO: Executing TransactionTrackerOperations.get_CM_parcels()
2019-01-09 16:46:24,384 INFO: Executing TransactionTrackerOperations.search_process_for_CMPDM() for: Performance Health|BEACON HEALTH DSSI|810
2019-01-09 16:46:24,621 INFO: Executing TransactionTrackerOperations.select_customer()
2019-01-09 16:46:31,675 INFO: Executing TransactionTrackerOperations.select_customer()
2019-01-09 16:46:43,574 INFO: Executing TransactionTrackerOperations.get_CM_parcels()
2019-01-09 16:46:46,911 INFO: NoSuchElementException in TransactionTrackerOperations.get_CM_parcels()
2019-01-09 16:46:52,127 INFO: NoSuchElementException in TransactionTrackerOperations.get_CM_parcels()
2019-01-09 16:46:57,323 INFO: NoSuchElementException in TransactionTrackerOperations.get_CM_parcels()
2019-01-09 16:47:03,116 INFO: NoSuchElementException in TransactionTrackerOperations.get_CM_parcels()
2019-01-09 16:47:08,414 INFO: NoSuchElementException in TransactionTrackerOperations.get_CM_parcels()
2019-01-09 16:47:13,908 INFO: NoSuchElementException in TransactionTrackerOperations.get_CM_parcels()
2019-01-09 16:47:17,083 INFO: NoSuchElementException in TransactionTrackerOperations.get_CM_parcels()
2019-01-09 16:47:24,329 INFO: Executing TransactionTrackerOperations.search_process_for_CMPDM() for: Performance Health|BENEDICTINE DSSI|810
2019-01-09 16:47:25,653 INFO: Executing TransactionTrackerOperations.select_customer()
2019-01-09 16:47:32,741 INFO: Executing TransactionTrackerOperations.select_customer()
2019-01-09 16:47:44,550 INFO: Executing TransactionTrackerOperations.get_CM_parcels()
2019-01-09 16:47:51,921 INFO: Executing TransactionTrackerOperations.search_process_for_CMPDM() for: Performance Health|Bethlen Communities Home Health and Hospice|810
2019-01-09 16:47:52,321 INFO: Executing TransactionTrackerOperations.select_customer()
2019-01-09 16:47:59,371 INFO: Executing TransactionTrackerOperations.select_customer()
2019-01-09 16:48:11,884 INFO: Executing TransactionTrackerOperations.get_CM_parcels()
2019-01-09 16:48:15,304 INFO: NoSuchElementException in TransactionTrackerOperations.get_CM_parcels()
2019-01-09 16:48:20,077 INFO: NoSuchElementException in TransactionTrackerOperations.get_CM_parcels()
2019-01-09 16:48:27,999 INFO: Executing TransactionTrackerOperations.search_process_for_CMPDM() for: Performance Health|BOMBAY LANE DSSI|810
2019-01-09 16:48:28,516 INFO: Executing TransactionTrackerOperations.select_customer()
2019-01-09 16:48:35,520 INFO: Executing TransactionTrackerOperations.select_customer()
2019-01-09 16:48:47,346 INFO: Executing TransactionTrackerOperations.get_CM_parcels()
2019-01-09 16:48:50,861 INFO: NoSuchElementException in TransactionTrackerOperations.get_CM_parcels()
2019-01-09 16:48:56,249 INFO: NoSuchElementException in TransactionTrackerOperations.get_CM_parcels()
2019-01-09 16:49:01,558 INFO: NoSuchElementException in TransactionTrackerOperations.get_CM_parcels()
2019-01-09 16:49:07,018 INFO: NoSuchElementException in TransactionTrackerOperations.get_CM_parcels()
2019-01-09 16:49:12,383 INFO: NoSuchElementException in TransactionTrackerOperations.get_CM_parcels()
2019-01-09 16:49:18,203 INFO: NoSuchElementException in TransactionTrackerOperations.get_CM_parcels()
2019-01-09 16:49:23,675 INFO: NoSuchElementException in TransactionTrackerOperations.get_CM_parcels()
2019-01-09 16:49:29,163 INFO: NoSuchElementException in TransactionTrackerOperations.get_CM_parcels()
2019-01-09 16:49:39,071 INFO: Executing TransactionTrackerOperations.search_process_for_CMPDM() for: Performance Health|CARDON AND ASSOCIATES DSSI|810
2019-01-09 16:49:40,368 INFO: Executing TransactionTrackerOperations.select_customer()
2019-01-09 16:49:47,460 INFO: Executing TransactionTrackerOperations.select_customer()
2019-01-09 16:50:00,129 INFO: Executing TransactionTrackerOperations.get_CM_parcels()
2019-01-09 16:50:07,373 INFO: Executing TransactionTrackerOperations.search_process_for_CMPDM() for: Performance Health|CERES PURCHASING SOLUTIONS DSSI|810
2019-01-09 16:50:07,495 INFO: Executing TransactionTrackerOperations.select_customer()
2019-01-09 16:50:14,582 INFO: Executing TransactionTrackerOperations.select_customer()
2019-01-09 16:50:27,145 INFO: Executing TransactionTrackerOperations.get_CM_parcels()
2019-01-09 16:50:33,599 INFO: Executing TransactionTrackerOperations.search_process_for_CMPDM() for: Performance Health|Chosen Healthcare DSSI|810
2019-01-09 16:50:33,716 INFO: Executing TransactionTrackerOperations.select_customer()
2019-01-09 16:50:40,758 INFO: Executing TransactionTrackerOperations.select_customer()
2019-01-09 16:50:52,943 INFO: Executing TransactionTrackerOperations.get_CM_parcels()
2019-01-09 16:51:00,053 INFO: Executing TransactionTrackerOperations.search_process_for_CMPDM() for: Performance Health|CLEAR CHOICE DSSI|810
2019-01-09 16:51:00,200 INFO: Executing TransactionTrackerOperations.select_customer()
2019-01-09 16:51:08,283 INFO: Executing TransactionTrackerOperations.select_customer()
2019-01-09 16:51:20,227 INFO: Executing TransactionTrackerOperations.get_CM_parcels()
2019-01-09 16:51:23,616 INFO: NoSuchElementException in TransactionTrackerOperations.get_CM_parcels()
2019-01-09 16:51:29,278 INFO: NoSuchElementException in TransactionTrackerOperations.get_CM_parcels()
2019-01-09 16:51:34,376 INFO: NoSuchElementException in TransactionTrackerOperations.get_CM_parcels()
2019-01-09 16:51:39,563 INFO: NoSuchElementException in TransactionTrackerOperations.get_CM_parcels()
2019-01-09 16:51:44,614 INFO: NoSuchElementException in TransactionTrackerOperations.get_CM_parcels()
2019-01-09 16:51:49,739 INFO: NoSuchElementException in TransactionTrackerOperations.get_CM_parcels()
2019-01-09 16:51:54,936 INFO: NoSuchElementException in TransactionTrackerOperations.get_CM_parcels()
2019-01-09 16:52:00,056 INFO: NoSuchElementException in TransactionTrackerOperations.get_CM_parcels()
2019-01-09 16:52:05,282 INFO: NoSuchElementException in TransactionTrackerOperations.get_CM_parcels()
2019-01-09 16:52:10,745 INFO: NoSuchElementException in TransactionTrackerOperations.get_CM_parcels()
2019-01-09 16:52:16,120 INFO: NoSuchElementException in TransactionTrackerOperations.get_CM_parcels()
2019-01-09 16:52:23,841 INFO: Executing TransactionTrackerOperations.search_process_for_CMPDM() for: Performance Health|COMMUNICARE DSSI|810
2019-01-09 16:52:24,332 INFO: Executing TransactionTrackerOperations.select_customer()
2019-01-09 16:52:32,470 INFO: Executing TransactionTrackerOperations.select_customer()
2019-01-09 16:52:44,797 INFO: Executing TransactionTrackerOperations.get_CM_parcels()
2019-01-09 16:52:52,039 INFO: Executing TransactionTrackerOperations.search_process_for_CMPDM() for: Performance Health|COMPLETE HEALTHCARE DSSI|810
2019-01-09 16:52:52,619 INFO: Executing TransactionTrackerOperations.select_customer()
2019-01-09 16:53:00,348 INFO: Executing TransactionTrackerOperations.select_customer()
2019-01-09 16:53:12,893 INFO: Executing TransactionTrackerOperations.get_CM_parcels()
2019-01-09 16:53:20,671 INFO: Executing TransactionTrackerOperations.search_process_for_CMPDM() for: Performance Health|COVENANT DOVE DSSI|810
2019-01-09 16:53:21,062 INFO: Executing TransactionTrackerOperations.select_customer()
2019-01-09 16:53:28,203 INFO: Executing TransactionTrackerOperations.select_customer()
2019-01-09 16:53:40,580 INFO: Executing TransactionTrackerOperations.get_CM_parcels()
2019-01-09 16:53:48,790 INFO: Executing TransactionTrackerOperations.search_process_for_CMPDM() for: Performance Health|DIAKON LUTHERAN DSSI|810
2019-01-09 16:53:49,664 INFO: Executing TransactionTrackerOperations.select_customer()
2019-01-09 16:53:56,803 INFO: Executing TransactionTrackerOperations.select_customer()
2019-01-09 16:54:09,939 INFO: Executing TransactionTrackerOperations.get_CM_parcels()
2019-01-09 16:54:13,641 INFO: NoSuchElementException in TransactionTrackerOperations.get_CM_parcels()
2019-01-09 16:54:19,198 INFO: NoSuchElementException in TransactionTrackerOperations.get_CM_parcels()
2019-01-09 16:54:24,608 INFO: NoSuchElementException in TransactionTrackerOperations.get_CM_parcels()
2019-01-09 16:54:29,804 INFO: NoSuchElementException in TransactionTrackerOperations.get_CM_parcels()
2019-01-09 16:54:35,017 INFO: NoSuchElementException in TransactionTrackerOperations.get_CM_parcels()
2019-01-09 16:54:40,127 INFO: NoSuchElementException in TransactionTrackerOperations.get_CM_parcels()
2019-01-09 16:54:45,460 INFO: NoSuchElementException in TransactionTrackerOperations.get_CM_parcels()
2019-01-09 16:54:50,819 INFO: NoSuchElementException in TransactionTrackerOperations.get_CM_parcels()
2019-01-09 16:54:53,677 INFO: NoSuchElementException in TransactionTrackerOperations.get_CM_parcels()
2019-01-09 16:55:02,873 INFO: Executing TransactionTrackerOperations.search_process_for_CMPDM() for: Performance Health|DIVERSICARE DSSI|810
2019-01-09 16:55:03,926 INFO: Executing TransactionTrackerOperations.select_customer()
2019-01-09 16:55:11,075 INFO: Executing TransactionTrackerOperations.select_customer()
2019-01-09 16:55:23,180 INFO: Executing TransactionTrackerOperations.get_CM_parcels()
2019-01-09 16:55:29,951 INFO: Executing TransactionTrackerOperations.search_process_for_CMPDM() for: Performance Health|Dycora Transitional Health DSSI|810
2019-01-09 16:55:30,528 INFO: Executing TransactionTrackerOperations.select_customer()
2019-01-09 16:55:37,591 INFO: Executing TransactionTrackerOperations.select_customer()
2019-01-09 16:55:50,025 INFO: Executing TransactionTrackerOperations.get_CM_parcels()
2019-01-09 16:55:53,333 INFO: NoSuchElementException in TransactionTrackerOperations.get_CM_parcels()
2019-01-09 16:55:58,745 INFO: NoSuchElementException in TransactionTrackerOperations.get_CM_parcels()
2019-01-09 16:56:03,774 INFO: NoSuchElementException in TransactionTrackerOperations.get_CM_parcels()
2019-01-09 16:56:08,929 INFO: NoSuchElementException in TransactionTrackerOperations.get_CM_parcels()
2019-01-09 16:56:14,255 INFO: NoSuchElementException in TransactionTrackerOperations.get_CM_parcels()
2019-01-09 16:56:19,539 INFO: NoSuchElementException in TransactionTrackerOperations.get_CM_parcels()
2019-01-09 16:56:24,739 INFO: NoSuchElementException in TransactionTrackerOperations.get_CM_parcels()
2019-01-09 16:56:29,903 INFO: NoSuchElementException in TransactionTrackerOperations.get_CM_parcels()
2019-01-09 16:56:35,169 INFO: NoSuchElementException in TransactionTrackerOperations.get_CM_parcels()
2019-01-09 16:56:40,770 INFO: NoSuchElementException in TransactionTrackerOperations.get_CM_parcels()
2019-01-09 16:56:46,001 INFO: NoSuchElementException in TransactionTrackerOperations.get_CM_parcels()
2019-01-09 16:56:51,587 INFO: NoSuchElementException in TransactionTrackerOperations.get_CM_parcels()
2019-01-09 16:56:56,806 INFO: NoSuchElementException in TransactionTrackerOperations.get_CM_parcels()
2019-01-09 16:57:01,808 INFO: NoSuchElementException in TransactionTrackerOperations.get_CM_parcels()
2019-01-09 16:57:10,131 INFO: Executing TransactionTrackerOperations.search_process_for_CMPDM() for: Performance Health|ERICKSON RETIREMENT COMMUNITIES DSSI|810
2019-01-09 16:57:10,910 INFO: Executing TransactionTrackerOperations.select_customer()
2019-01-09 16:57:17,944 INFO: Executing TransactionTrackerOperations.select_customer()
2019-01-09 16:57:30,989 INFO: Executing TransactionTrackerOperations.get_CM_parcels()
2019-01-09 16:57:34,317 INFO: NoSuchElementException in TransactionTrackerOperations.get_CM_parcels()
2019-01-09 16:57:39,547 INFO: NoSuchElementException in TransactionTrackerOperations.get_CM_parcels()
2019-01-09 16:57:44,743 INFO: NoSuchElementException in TransactionTrackerOperations.get_CM_parcels()
2019-01-09 16:57:49,834 INFO: NoSuchElementException in TransactionTrackerOperations.get_CM_parcels()
2019-01-09 16:57:55,046 INFO: NoSuchElementException in TransactionTrackerOperations.get_CM_parcels()
2019-01-09 16:58:00,240 INFO: NoSuchElementException in TransactionTrackerOperations.get_CM_parcels()
2019-01-09 16:58:05,535 INFO: NoSuchElementException in TransactionTrackerOperations.get_CM_parcels()
2019-01-09 16:58:10,709 INFO: NoSuchElementException in TransactionTrackerOperations.get_CM_parcels()
2019-01-09 16:58:15,847 INFO: NoSuchElementException in TransactionTrackerOperations.get_CM_parcels()
2019-01-09 16:58:21,099 INFO: NoSuchElementException in TransactionTrackerOperations.get_CM_parcels()
2019-01-09 16:58:26,235 INFO: NoSuchElementException in TransactionTrackerOperations.get_CM_parcels()
2019-01-09 16:58:31,572 INFO: NoSuchElementException in TransactionTrackerOperations.get_CM_parcels()
2019-01-09 16:58:36,730 INFO: NoSuchElementException in TransactionTrackerOperations.get_CM_parcels()
2019-01-09 16:58:42,055 INFO: NoSuchElementException in TransactionTrackerOperations.get_CM_parcels()
2019-01-09 16:58:47,246 INFO: NoSuchElementException in TransactionTrackerOperations.get_CM_parcels()
2019-01-09 16:58:52,514 INFO: NoSuchElementException in TransactionTrackerOperations.get_CM_parcels()
2019-01-09 16:58:57,708 INFO: NoSuchElementException in TransactionTrackerOperations.get_CM_parcels()
2019-01-09 16:59:03,957 INFO: NoSuchElementException in TransactionTrackerOperations.get_CM_parcels()
2019-01-09 16:59:24,839 INFO: Executing TransactionTrackerOperations.search_process_for_CMPDM() for: Performance Health|FORTIS MANAGEMENT GROUP DSSI|810
2019-01-09 16:59:25,431 INFO: Executing TransactionTrackerOperations.select_customer()
2019-01-09 16:59:32,503 INFO: Executing TransactionTrackerOperations.select_customer()
2019-01-09 16:59:44,820 INFO: Executing TransactionTrackerOperations.get_CM_parcels()
2019-01-09 16:59:45,157 INFO: NoSuchElementException in TransactionTrackerOperations.get_CM_parcels()
2019-01-09 16:59:52,031 INFO: Executing TransactionTrackerOperations.search_process_for_CMPDM() for: Performance Health|GOOD SAMARITAN SOCIETY DSSI|810
2019-01-09 16:59:52,827 INFO: Executing TransactionTrackerOperations.select_customer()
2019-01-09 16:59:59,951 INFO: Executing TransactionTrackerOperations.select_customer()
2019-01-09 17:00:12,449 INFO: Executing TransactionTrackerOperations.get_CM_parcels()
2019-01-09 17:00:18,762 INFO: Executing TransactionTrackerOperations.search_process_for_CMPDM() for: Performance Health|GULF COAST HEALTHCARE DSSI|810
2019-01-09 17:00:19,250 INFO: Executing TransactionTrackerOperations.select_customer()
2019-01-09 17:00:26,313 INFO: Executing TransactionTrackerOperations.select_customer()
2019-01-09 17:00:38,717 INFO: Executing TransactionTrackerOperations.get_CM_parcels()
2019-01-09 17:00:45,337 INFO: Executing TransactionTrackerOperations.search_process_for_CMPDM() for: Performance Health|ICARE MANAGEMENT DSSI|810
2019-01-09 17:00:45,598 INFO: Executing TransactionTrackerOperations.select_customer()
2019-01-09 17:00:52,679 INFO: Executing TransactionTrackerOperations.select_customer()
2019-01-09 17:01:05,648 INFO: Executing TransactionTrackerOperations.get_CM_parcels()
2019-01-09 17:01:09,119 INFO: NoSuchElementException in TransactionTrackerOperations.get_CM_parcels()
2019-01-09 17:01:14,496 INFO: NoSuchElementException in TransactionTrackerOperations.get_CM_parcels()
2019-01-09 17:01:19,711 INFO: NoSuchElementException in TransactionTrackerOperations.get_CM_parcels()
2019-01-09 17:01:24,764 INFO: NoSuchElementException in TransactionTrackerOperations.get_CM_parcels()
2019-01-09 17:01:29,896 INFO: NoSuchElementException in TransactionTrackerOperations.get_CM_parcels()
2019-01-09 17:01:34,157 INFO: NoSuchElementException in TransactionTrackerOperations.get_CM_parcels()
2019-01-09 17:01:41,293 INFO: Executing TransactionTrackerOperations.search_process_for_CMPDM() for: Performance Health|Kindred Healthcare via IntelliOrder|810
2019-01-09 17:01:41,531 INFO: Executing TransactionTrackerOperations.select_customer()
2019-01-09 17:01:48,664 INFO: Executing TransactionTrackerOperations.select_customer()
2019-01-09 17:02:01,206 INFO: Executing TransactionTrackerOperations.get_CM_parcels()
2019-01-09 17:02:04,667 INFO: NoSuchElementException in TransactionTrackerOperations.get_CM_parcels()
2019-01-09 17:02:09,916 INFO: NoSuchElementException in TransactionTrackerOperations.get_CM_parcels()
2019-01-09 17:02:15,093 INFO: NoSuchElementException in TransactionTrackerOperations.get_CM_parcels()
2019-01-09 17:02:20,495 INFO: NoSuchElementException in TransactionTrackerOperations.get_CM_parcels()
2019-01-09 17:02:25,821 INFO: NoSuchElementException in TransactionTrackerOperations.get_CM_parcels()
2019-01-09 17:02:30,989 INFO: NoSuchElementException in TransactionTrackerOperations.get_CM_parcels()
2019-01-09 17:02:36,131 INFO: NoSuchElementException in TransactionTrackerOperations.get_CM_parcels()
2019-01-09 17:02:41,318 INFO: NoSuchElementException in TransactionTrackerOperations.get_CM_parcels()
2019-01-09 17:02:46,550 INFO: NoSuchElementException in TransactionTrackerOperations.get_CM_parcels()
2019-01-09 17:02:51,792 INFO: NoSuchElementException in TransactionTrackerOperations.get_CM_parcels()
2019-01-09 17:02:56,989 INFO: NoSuchElementException in TransactionTrackerOperations.get_CM_parcels()
2019-01-09 17:03:03,178 INFO: NoSuchElementException in TransactionTrackerOperations.get_CM_parcels()
2019-01-09 17:03:09,908 INFO: NoSuchElementException in TransactionTrackerOperations.get_CM_parcels()
2019-01-09 17:03:15,190 INFO: NoSuchElementException in TransactionTrackerOperations.get_CM_parcels()
2019-01-09 17:03:20,355 INFO: NoSuchElementException in TransactionTrackerOperations.get_CM_parcels()
2019-01-09 17:03:25,782 INFO: NoSuchElementException in TransactionTrackerOperations.get_CM_parcels()
2019-01-09 17:03:30,886 INFO: NoSuchElementException in TransactionTrackerOperations.get_CM_parcels()
2019-01-09 17:03:36,166 INFO: NoSuchElementException in TransactionTrackerOperations.get_CM_parcels()
2019-01-09 17:03:41,323 INFO: NoSuchElementException in TransactionTrackerOperations.get_CM_parcels()
2019-01-09 17:03:46,464 INFO: NoSuchElementException in TransactionTrackerOperations.get_CM_parcels()
2019-01-09 17:03:51,704 INFO: NoSuchElementException in TransactionTrackerOperations.get_CM_parcels()
2019-01-09 17:03:56,995 INFO: NoSuchElementException in TransactionTrackerOperations.get_CM_parcels()
2019-01-09 17:04:02,270 INFO: NoSuchElementException in TransactionTrackerOperations.get_CM_parcels()
2019-01-09 17:04:07,541 INFO: NoSuchElementException in TransactionTrackerOperations.get_CM_parcels()
2019-01-09 17:04:12,702 INFO: NoSuchElementException in TransactionTrackerOperations.get_CM_parcels()
2019-01-09 17:04:18,106 INFO: NoSuchElementException in TransactionTrackerOperations.get_CM_parcels()
2019-01-09 17:04:23,637 INFO: NoSuchElementException in TransactionTrackerOperations.get_CM_parcels()
2019-01-09 17:04:29,717 INFO: NoSuchElementException in TransactionTrackerOperations.get_CM_parcels()
2019-01-09 17:04:35,030 INFO: NoSuchElementException in TransactionTrackerOperations.get_CM_parcels()
2019-01-09 17:04:40,368 INFO: NoSuchElementException in TransactionTrackerOperations.get_CM_parcels()
2019-01-09 17:04:45,789 INFO: NoSuchElementException in TransactionTrackerOperations.get_CM_parcels()
2019-01-09 17:04:50,988 INFO: NoSuchElementException in TransactionTrackerOperations.get_CM_parcels()
2019-01-09 17:04:56,367 INFO: NoSuchElementException in TransactionTrackerOperations.get_CM_parcels()
2019-01-09 17:05:02,900 INFO: NoSuchElementException in TransactionTrackerOperations.get_CM_parcels()
2019-01-09 17:05:08,371 INFO: NoSuchElementException in TransactionTrackerOperations.get_CM_parcels()
2019-01-09 17:05:13,681 INFO: NoSuchElementException in TransactionTrackerOperations.get_CM_parcels()
2019-01-09 17:05:19,026 INFO: NoSuchElementException in TransactionTrackerOperations.get_CM_parcels()
2019-01-09 17:05:24,658 INFO: NoSuchElementException in TransactionTrackerOperations.get_CM_parcels()
2019-01-09 17:05:29,941 INFO: NoSuchElementException in TransactionTrackerOperations.get_CM_parcels()
2019-01-09 17:05:35,168 INFO: NoSuchElementException in TransactionTrackerOperations.get_CM_parcels()
2019-01-09 17:05:40,413 INFO: NoSuchElementException in TransactionTrackerOperations.get_CM_parcels()
2019-01-09 17:05:45,870 INFO: NoSuchElementException in TransactionTrackerOperations.get_CM_parcels()
2019-01-09 17:05:51,140 INFO: NoSuchElementException in TransactionTrackerOperations.get_CM_parcels()
2019-01-09 17:05:54,004 INFO: NoSuchElementException in TransactionTrackerOperations.get_CM_parcels()
2019-01-09 17:06:03,038 INFO: Executing TransactionTrackerOperations.search_process_for_CMPDM() for: Performance Health|LAVIE ADMINISTRATIVE SERVICES DSSI|810
2019-01-09 17:06:03,609 INFO: Executing TransactionTrackerOperations.select_customer()
2019-01-09 17:06:10,680 INFO: Executing TransactionTrackerOperations.select_customer()
2019-01-09 17:06:23,246 INFO: Executing TransactionTrackerOperations.get_CM_parcels()
2019-01-09 17:06:26,722 INFO: NoSuchElementException in TransactionTrackerOperations.get_CM_parcels()
2019-01-09 17:06:31,932 INFO: NoSuchElementException in TransactionTrackerOperations.get_CM_parcels()
2019-01-09 17:06:37,046 INFO: NoSuchElementException in TransactionTrackerOperations.get_CM_parcels()
2019-01-09 17:06:42,074 INFO: NoSuchElementException in TransactionTrackerOperations.get_CM_parcels()
2019-01-09 17:06:47,135 INFO: NoSuchElementException in TransactionTrackerOperations.get_CM_parcels()
2019-01-09 17:06:52,165 INFO: NoSuchElementException in TransactionTrackerOperations.get_CM_parcels()
2019-01-09 17:06:57,372 INFO: NoSuchElementException in TransactionTrackerOperations.get_CM_parcels()
2019-01-09 17:07:03,304 INFO: NoSuchElementException in TransactionTrackerOperations.get_CM_parcels()
2019-01-09 17:07:08,369 INFO: NoSuchElementException in TransactionTrackerOperations.get_CM_parcels()
2019-01-09 17:07:13,562 INFO: NoSuchElementException in TransactionTrackerOperations.get_CM_parcels()
2019-01-09 17:07:18,962 INFO: NoSuchElementException in TransactionTrackerOperations.get_CM_parcels()
2019-01-09 17:07:24,117 INFO: NoSuchElementException in TransactionTrackerOperations.get_CM_parcels()
2019-01-09 17:07:26,734 INFO: NoSuchElementException in TransactionTrackerOperations.get_CM_parcels()
2019-01-09 17:07:34,450 INFO: Executing TransactionTrackerOperations.search_process_for_CMPDM() for: Performance Health|LEGACY SENIOR DSSI|810
2019-01-09 17:07:34,600 INFO: Executing TransactionTrackerOperations.select_customer()
2019-01-09 17:07:41,658 INFO: Executing TransactionTrackerOperations.select_customer()
2019-01-09 17:07:53,840 INFO: Executing TransactionTrackerOperations.get_CM_parcels()
2019-01-09 17:08:00,218 INFO: Executing TransactionTrackerOperations.search_process_for_CMPDM() for: Performance Health|MARINER DSSI|810
2019-01-09 17:08:00,365 INFO: Executing TransactionTrackerOperations.select_customer()
2019-01-09 17:08:07,520 INFO: Executing TransactionTrackerOperations.select_customer()
2019-01-09 17:08:19,313 INFO: Executing TransactionTrackerOperations.get_CM_parcels()
2019-01-09 17:08:25,849 INFO: Executing TransactionTrackerOperations.search_process_for_CMPDM() for: Performance Health|MARINER HEALTH DSSI|810
2019-01-09 17:08:26,202 INFO: Executing TransactionTrackerOperations.select_customer()
2019-01-09 17:08:33,267 INFO: Executing TransactionTrackerOperations.select_customer()
2019-01-09 17:08:45,566 INFO: Executing TransactionTrackerOperations.get_CM_parcels()
2019-01-09 17:08:48,955 INFO: NoSuchElementException in TransactionTrackerOperations.get_CM_parcels()
2019-01-09 17:08:54,248 INFO: NoSuchElementException in TransactionTrackerOperations.get_CM_parcels()
2019-01-09 17:08:59,603 INFO: NoSuchElementException in TransactionTrackerOperations.get_CM_parcels()
2019-01-09 17:09:05,153 INFO: NoSuchElementException in TransactionTrackerOperations.get_CM_parcels()
2019-01-09 17:09:10,368 INFO: NoSuchElementException in TransactionTrackerOperations.get_CM_parcels()
2019-01-09 17:09:15,703 INFO: NoSuchElementException in TransactionTrackerOperations.get_CM_parcels()
2019-01-09 17:09:21,200 INFO: NoSuchElementException in TransactionTrackerOperations.get_CM_parcels()
2019-01-09 17:09:26,387 INFO: NoSuchElementException in TransactionTrackerOperations.get_CM_parcels()
2019-01-09 17:09:31,637 INFO: NoSuchElementException in TransactionTrackerOperations.get_CM_parcels()
2019-01-09 17:09:36,818 INFO: NoSuchElementException in TransactionTrackerOperations.get_CM_parcels()
2019-01-09 17:09:42,001 INFO: NoSuchElementException in TransactionTrackerOperations.get_CM_parcels()
2019-01-09 17:09:47,202 INFO: NoSuchElementException in TransactionTrackerOperations.get_CM_parcels()
2019-01-09 17:09:52,500 INFO: NoSuchElementException in TransactionTrackerOperations.get_CM_parcels()
2019-01-09 17:09:54,991 INFO: NoSuchElementException in TransactionTrackerOperations.get_CM_parcels()
2019-01-09 17:10:02,575 INFO: Executing TransactionTrackerOperations.search_process_for_CMPDM() for: Performance Health|MEDCENTERDIRECT DOT COM|810
2019-01-09 17:10:03,178 INFO: Executing TransactionTrackerOperations.select_customer()
2019-01-09 17:10:10,320 INFO: Executing TransactionTrackerOperations.select_customer()
2019-01-09 17:10:22,725 INFO: Executing TransactionTrackerOperations.get_CM_parcels()
2019-01-09 17:10:28,915 INFO: Executing TransactionTrackerOperations.search_process_for_CMPDM() for: Performance Health|DSSI Kindred at Home|810
2019-01-09 17:10:29,509 INFO: Executing TransactionTrackerOperations.select_customer()
2019-01-09 17:10:36,517 INFO: Executing TransactionTrackerOperations.select_customer()
2019-01-09 17:10:48,721 INFO: Executing TransactionTrackerOperations.get_CM_parcels()
2019-01-09 17:10:54,749 INFO: Executing TransactionTrackerOperations.search_process_for_CMPDM() for: Performance Health|McKesson Medical Systems Columbus Community Hospital|810
2019-01-09 17:10:55,698 INFO: Executing TransactionTrackerOperations.select_customer()
2019-01-09 17:11:03,494 INFO: Executing TransactionTrackerOperations.select_customer()
2019-01-09 17:11:16,632 INFO: Executing TransactionTrackerOperations.get_CM_parcels()
2019-01-09 17:11:23,121 INFO: Executing TransactionTrackerOperations.search_process_for_CMPDM() for: Performance Health|McKesson Material Systems UT Health East Texas|810
2019-01-09 17:11:23,484 INFO: Executing TransactionTrackerOperations.select_customer()
2019-01-09 17:11:30,602 INFO: Executing TransactionTrackerOperations.select_customer()
2019-01-09 17:11:43,483 INFO: Executing TransactionTrackerOperations.get_CM_parcels()
2019-01-09 17:11:49,095 INFO: completed CMProductionDataMonitoring.execute_main()
2019-01-09 17:15:47,104 INFO: Executing Script Credit Memo Prodution Data Monitoring
2019-01-09 17:15:47,270 INFO: Executing CMProductionDataMonitoring.execute_main()
2019-01-09 17:15:53,420 INFO: Login in to Launchpad
2019-01-09 17:16:14,306 INFO: Executing CMProductionDataMonitoring.TaskFilter()
2019-01-09 17:16:14,652 INFO: Refreshing access_token
2019-01-09 17:16:21,281 INFO: select InProgress task from input sheet from CMProductionDataMonitoring.TaskFilter()
2019-01-09 17:16:21,282 INFO: Executing TransactionTrackerOperations.search_process_for_CMPDM() for: Performance Health|McKesson BASCOM PALMER EYE INST|810
2019-01-09 17:16:21,305 INFO: Executing TransactionTrackerOperations.select_customer()
2019-01-09 17:16:28,458 INFO: Executing TransactionTrackerOperations.select_customer()
2019-01-09 17:16:41,234 INFO: Executing TransactionTrackerOperations.get_CM_parcels()
2019-01-09 17:16:47,830 INFO: Executing TransactionTrackerOperations.search_process_for_CMPDM() for: Performance Health|McKesson CABELL HUNTINGTON HOSPITAL|810
2019-01-09 17:16:48,273 INFO: Executing TransactionTrackerOperations.select_customer()
2019-01-09 17:16:55,322 INFO: Executing TransactionTrackerOperations.select_customer()
2019-01-09 17:17:08,115 INFO: Executing TransactionTrackerOperations.get_CM_parcels()
2019-01-09 17:17:11,661 INFO: NoSuchElementException in TransactionTrackerOperations.get_CM_parcels()
2019-01-09 17:17:16,930 INFO: NoSuchElementException in TransactionTrackerOperations.get_CM_parcels()
2019-01-09 17:17:21,283 INFO: NoSuchElementException in TransactionTrackerOperations.get_CM_parcels()
2019-01-09 17:17:28,253 INFO: Executing TransactionTrackerOperations.search_process_for_CMPDM() for: Performance Health|McKesson CHILDRENS HOSPITAL|810
2019-01-09 17:17:28,510 INFO: Executing TransactionTrackerOperations.select_customer()
2019-01-09 17:17:35,561 INFO: Executing TransactionTrackerOperations.select_customer()
2019-01-09 17:17:47,961 INFO: Executing TransactionTrackerOperations.get_CM_parcels()
2019-01-09 17:17:51,369 INFO: NoSuchElementException in TransactionTrackerOperations.get_CM_parcels()
2019-01-09 17:17:56,550 INFO: NoSuchElementException in TransactionTrackerOperations.get_CM_parcels()
2019-01-09 17:17:59,852 INFO: NoSuchElementException in TransactionTrackerOperations.get_CM_parcels()
2019-01-09 17:18:06,108 INFO: Executing TransactionTrackerOperations.search_process_for_CMPDM() for: Performance Health|McKesson CHRISTIANA CARE HEALTH|810
2019-01-09 17:18:07,109 INFO: Executing TransactionTrackerOperations.select_customer()
2019-01-09 17:18:14,173 INFO: Executing TransactionTrackerOperations.select_customer()
2019-01-09 17:18:26,820 INFO: Executing TransactionTrackerOperations.get_CM_parcels()
2019-01-09 17:18:30,191 INFO: NoSuchElementException in TransactionTrackerOperations.get_CM_parcels()
2019-01-09 17:18:35,361 INFO: NoSuchElementException in TransactionTrackerOperations.get_CM_parcels()
2019-01-09 17:18:40,459 INFO: NoSuchElementException in TransactionTrackerOperations.get_CM_parcels()
2019-01-09 17:18:45,414 INFO: NoSuchElementException in TransactionTrackerOperations.get_CM_parcels()
2019-01-09 17:18:50,499 INFO: NoSuchElementException in TransactionTrackerOperations.get_CM_parcels()
2019-01-09 17:18:55,632 INFO: NoSuchElementException in TransactionTrackerOperations.get_CM_parcels()
2019-01-09 17:19:00,899 INFO: NoSuchElementException in TransactionTrackerOperations.get_CM_parcels()
2019-01-09 17:19:05,898 INFO: NoSuchElementException in TransactionTrackerOperations.get_CM_parcels()
2019-01-09 17:19:10,962 INFO: NoSuchElementException in TransactionTrackerOperations.get_CM_parcels()
2019-01-09 17:19:16,392 INFO: NoSuchElementException in TransactionTrackerOperations.get_CM_parcels()
2019-01-09 17:19:21,572 INFO: NoSuchElementException in TransactionTrackerOperations.get_CM_parcels()
2019-01-09 17:19:26,830 INFO: NoSuchElementException in TransactionTrackerOperations.get_CM_parcels()
2019-01-09 17:19:32,051 INFO: NoSuchElementException in TransactionTrackerOperations.get_CM_parcels()
2019-01-09 17:19:37,427 INFO: NoSuchElementException in TransactionTrackerOperations.get_CM_parcels()
2019-01-09 17:19:42,546 INFO: NoSuchElementException in TransactionTrackerOperations.get_CM_parcels()
2019-01-09 17:19:47,601 INFO: NoSuchElementException in TransactionTrackerOperations.get_CM_parcels()
2019-01-09 17:19:52,469 INFO: NoSuchElementException in TransactionTrackerOperations.get_CM_parcels()
2019-01-09 17:20:00,257 INFO: Executing TransactionTrackerOperations.search_process_for_CMPDM() for: Performance Health|McKesson EMH REGIONAL HEALTHCARE SYSTEMS|810
2019-01-09 17:20:00,767 INFO: Executing TransactionTrackerOperations.select_customer()
2019-01-09 17:20:07,805 INFO: Executing TransactionTrackerOperations.select_customer()
2019-01-09 17:20:20,822 INFO: Executing TransactionTrackerOperations.get_CM_parcels()
2019-01-09 17:20:26,262 INFO: Executing TransactionTrackerOperations.search_process_for_CMPDM() for: Performance Health|McKesson EMORY HEALTHCARE|810
2019-01-09 17:20:27,253 INFO: Executing TransactionTrackerOperations.select_customer()
2019-01-09 17:20:34,292 INFO: Executing TransactionTrackerOperations.select_customer()
2019-01-09 17:20:46,888 INFO: Executing TransactionTrackerOperations.get_CM_parcels()
2019-01-09 17:20:50,242 INFO: NoSuchElementException in TransactionTrackerOperations.get_CM_parcels()
2019-01-09 17:20:55,428 INFO: NoSuchElementException in TransactionTrackerOperations.get_CM_parcels()
2019-01-09 17:21:00,664 INFO: NoSuchElementException in TransactionTrackerOperations.get_CM_parcels()
2019-01-09 17:21:05,833 INFO: NoSuchElementException in TransactionTrackerOperations.get_CM_parcels()
2019-01-09 17:21:11,062 INFO: NoSuchElementException in TransactionTrackerOperations.get_CM_parcels()
2019-01-09 17:21:16,169 INFO: NoSuchElementException in TransactionTrackerOperations.get_CM_parcels()
2019-01-09 17:21:21,326 INFO: NoSuchElementException in TransactionTrackerOperations.get_CM_parcels()
2019-01-09 17:21:26,504 INFO: NoSuchElementException in TransactionTrackerOperations.get_CM_parcels()
2019-01-09 17:21:31,716 INFO: NoSuchElementException in TransactionTrackerOperations.get_CM_parcels()
2019-01-09 17:21:36,957 INFO: NoSuchElementException in TransactionTrackerOperations.get_CM_parcels()
2019-01-09 17:21:42,135 INFO: NoSuchElementException in TransactionTrackerOperations.get_CM_parcels()
2019-01-09 17:21:47,346 INFO: NoSuchElementException in TransactionTrackerOperations.get_CM_parcels()
2019-01-09 17:21:52,585 INFO: NoSuchElementException in TransactionTrackerOperations.get_CM_parcels()
2019-01-09 17:21:58,243 INFO: NoSuchElementException in TransactionTrackerOperations.get_CM_parcels()
2019-01-09 17:22:03,456 INFO: NoSuchElementException in TransactionTrackerOperations.get_CM_parcels()
2019-01-09 17:22:08,746 INFO: NoSuchElementException in TransactionTrackerOperations.get_CM_parcels()
2019-01-09 17:22:13,988 INFO: NoSuchElementException in TransactionTrackerOperations.get_CM_parcels()
2019-01-09 17:22:19,857 INFO: NoSuchElementException in TransactionTrackerOperations.get_CM_parcels()
2019-01-09 17:22:25,769 INFO: NoSuchElementException in TransactionTrackerOperations.get_CM_parcels()
2019-01-09 17:22:31,206 INFO: NoSuchElementException in TransactionTrackerOperations.get_CM_parcels()
2019-01-09 17:22:36,427 INFO: NoSuchElementException in TransactionTrackerOperations.get_CM_parcels()
2019-01-09 17:22:42,524 INFO: NoSuchElementException in TransactionTrackerOperations.get_CM_parcels()
2019-01-09 17:22:47,903 INFO: NoSuchElementException in TransactionTrackerOperations.get_CM_parcels()
2019-01-09 17:22:53,059 INFO: NoSuchElementException in TransactionTrackerOperations.get_CM_parcels()
2019-01-09 17:22:58,425 INFO: NoSuchElementException in TransactionTrackerOperations.get_CM_parcels()
2019-01-09 17:23:04,127 INFO: NoSuchElementException in TransactionTrackerOperations.get_CM_parcels()
2019-01-09 17:23:07,588 INFO: NoSuchElementException in TransactionTrackerOperations.get_CM_parcels()
2019-01-09 17:23:14,581 INFO: Executing TransactionTrackerOperations.search_process_for_CMPDM() for: Performance Health|McKesson FIRELANDS REGIONAL MEDICAL CENTER|810
2019-01-09 17:23:15,373 INFO: Executing TransactionTrackerOperations.select_customer()
2019-01-09 17:23:22,589 INFO: Executing TransactionTrackerOperations.select_customer()
2019-01-09 17:23:35,542 INFO: Executing TransactionTrackerOperations.get_CM_parcels()
2019-01-09 17:23:42,034 INFO: Executing TransactionTrackerOperations.search_process_for_CMPDM() for: Performance Health|McKesson FIRSTHEALTH CAROLINAS|810
2019-01-09 17:23:42,096 INFO: Executing TransactionTrackerOperations.select_customer()
2019-01-09 17:23:49,145 INFO: Executing TransactionTrackerOperations.select_customer()
2019-01-09 17:24:01,725 INFO: Executing TransactionTrackerOperations.get_CM_parcels()
2019-01-09 17:24:08,075 INFO: Executing TransactionTrackerOperations.search_process_for_CMPDM() for: Performance Health|McKesson FRANCISCAN ALLIANCE INC|810
2019-01-09 17:24:08,273 INFO: Executing TransactionTrackerOperations.select_customer()
2019-01-09 17:24:15,291 INFO: Executing TransactionTrackerOperations.select_customer()
2019-01-09 17:24:28,188 INFO: Executing TransactionTrackerOperations.get_CM_parcels()
2019-01-09 17:24:31,631 INFO: NoSuchElementException in TransactionTrackerOperations.get_CM_parcels()
2019-01-09 17:24:36,790 INFO: NoSuchElementException in TransactionTrackerOperations.get_CM_parcels()
2019-01-09 17:24:41,837 INFO: NoSuchElementException in TransactionTrackerOperations.get_CM_parcels()
2019-01-09 17:24:47,079 INFO: NoSuchElementException in TransactionTrackerOperations.get_CM_parcels()
2019-01-09 17:24:52,138 INFO: NoSuchElementException in TransactionTrackerOperations.get_CM_parcels()
2019-01-09 17:24:57,383 INFO: NoSuchElementException in TransactionTrackerOperations.get_CM_parcels()
2019-01-09 17:25:02,677 INFO: NoSuchElementException in TransactionTrackerOperations.get_CM_parcels()
2019-01-09 17:25:08,614 INFO: NoSuchElementException in TransactionTrackerOperations.get_CM_parcels()
2019-01-09 17:25:13,770 INFO: NoSuchElementException in TransactionTrackerOperations.get_CM_parcels()
2019-01-09 17:25:18,940 INFO: NoSuchElementException in TransactionTrackerOperations.get_CM_parcels()
2019-01-09 17:25:24,088 INFO: NoSuchElementException in TransactionTrackerOperations.get_CM_parcels()
2019-01-09 17:25:29,319 INFO: NoSuchElementException in TransactionTrackerOperations.get_CM_parcels()
2019-01-09 17:25:34,499 INFO: NoSuchElementException in TransactionTrackerOperations.get_CM_parcels()
2019-01-09 17:25:39,721 INFO: NoSuchElementException in TransactionTrackerOperations.get_CM_parcels()
2019-01-09 17:25:44,956 INFO: NoSuchElementException in TransactionTrackerOperations.get_CM_parcels()
2019-01-09 17:25:50,157 INFO: NoSuchElementException in TransactionTrackerOperations.get_CM_parcels()
2019-01-09 17:25:55,266 INFO: NoSuchElementException in TransactionTrackerOperations.get_CM_parcels()
2019-01-09 17:26:00,535 INFO: NoSuchElementException in TransactionTrackerOperations.get_CM_parcels()
2019-01-09 17:26:05,464 INFO: NoSuchElementException in TransactionTrackerOperations.get_CM_parcels()
2019-01-09 17:26:13,612 INFO: Executing TransactionTrackerOperations.search_process_for_CMPDM() for: Performance Health|McKesson GOOD SHEPHERD REHAB NETWORK|810
2019-01-09 17:26:14,942 INFO: Executing TransactionTrackerOperations.select_customer()
2019-01-09 17:26:22,265 INFO: Executing TransactionTrackerOperations.select_customer()
2019-01-09 17:26:34,992 INFO: Executing TransactionTrackerOperations.get_CM_parcels()
2019-01-09 17:26:38,290 INFO: NoSuchElementException in TransactionTrackerOperations.get_CM_parcels()
2019-01-09 17:26:43,451 INFO: NoSuchElementException in TransactionTrackerOperations.get_CM_parcels()
2019-01-09 17:26:48,596 INFO: NoSuchElementException in TransactionTrackerOperations.get_CM_parcels()
2019-01-09 17:26:53,632 INFO: NoSuchElementException in TransactionTrackerOperations.get_CM_parcels()
2019-01-09 17:26:58,832 INFO: NoSuchElementException in TransactionTrackerOperations.get_CM_parcels()
2019-01-09 17:27:04,389 INFO: NoSuchElementException in TransactionTrackerOperations.get_CM_parcels()
2019-01-09 17:27:09,525 INFO: NoSuchElementException in TransactionTrackerOperations.get_CM_parcels()
2019-01-09 17:27:14,621 INFO: NoSuchElementException in TransactionTrackerOperations.get_CM_parcels()
2019-01-09 17:27:19,741 INFO: NoSuchElementException in TransactionTrackerOperations.get_CM_parcels()
2019-01-09 17:27:25,021 INFO: NoSuchElementException in TransactionTrackerOperations.get_CM_parcels()
2019-01-09 17:27:30,224 INFO: NoSuchElementException in TransactionTrackerOperations.get_CM_parcels()
2019-01-09 17:27:35,319 INFO: NoSuchElementException in TransactionTrackerOperations.get_CM_parcels()
2019-01-09 17:27:40,550 INFO: NoSuchElementException in TransactionTrackerOperations.get_CM_parcels()
2019-01-09 17:27:45,702 INFO: NoSuchElementException in TransactionTrackerOperations.get_CM_parcels()
2019-01-09 17:27:50,901 INFO: NoSuchElementException in TransactionTrackerOperations.get_CM_parcels()
2019-01-09 17:27:56,055 INFO: NoSuchElementException in TransactionTrackerOperations.get_CM_parcels()
2019-01-09 17:28:01,365 INFO: NoSuchElementException in TransactionTrackerOperations.get_CM_parcels()
2019-01-09 17:28:05,626 INFO: NoSuchElementException in TransactionTrackerOperations.get_CM_parcels()
2019-01-09 17:28:13,121 INFO: Executing TransactionTrackerOperations.search_process_for_CMPDM() for: Performance Health|McKesson HALIFAX REGIONAL HOSPITAL|810
2019-01-09 17:28:13,552 INFO: Executing TransactionTrackerOperations.select_customer()
2019-01-09 17:28:20,596 INFO: Executing TransactionTrackerOperations.select_customer()
2019-01-09 17:28:33,220 INFO: Executing TransactionTrackerOperations.get_CM_parcels()
2019-01-09 17:28:38,841 INFO: Executing TransactionTrackerOperations.search_process_for_CMPDM() for: Performance Health|McKesson HATTISBURG CLINIC|810
2019-01-09 17:28:39,999 INFO: Executing TransactionTrackerOperations.select_customer()
2019-01-09 17:28:47,018 INFO: Executing TransactionTrackerOperations.select_customer()
2019-01-09 17:28:59,391 INFO: Executing TransactionTrackerOperations.get_CM_parcels()
2019-01-09 17:29:06,265 INFO: Executing TransactionTrackerOperations.search_process_for_CMPDM() for: Performance Health|McKesson IL BONE AND JOINT|810
2019-01-09 17:29:06,281 INFO: Executing TransactionTrackerOperations.select_customer()
2019-01-09 17:30:48,474 ERROR: Error in CMProductionDataMonitoring.TaskFilter()
2019-01-09 17:30:52,961 INFO: Executing TransactionTrackerOperations.search_process_for_CMPDM() for: Performance Health|McKesson LAKE CHARLES MEMORIAL HOSPITAL|810
2019-01-09 17:30:52,990 INFO: Executing TransactionTrackerOperations.select_customer()
2019-01-09 17:30:59,230 INFO: Executing TransactionTrackerOperations.select_customer()
2019-01-09 17:31:01,487 ERROR: Error in CMProductionDataMonitoring.TaskFilter()
2019-01-09 17:31:06,674 INFO: Executing TransactionTrackerOperations.search_process_for_CMPDM() for: Performance Health|McKesson LAWRENCE MEMORIAL HOSPITAL|810
2019-01-09 17:31:06,690 INFO: Executing TransactionTrackerOperations.select_customer()
2019-01-09 17:31:13,744 INFO: Executing TransactionTrackerOperations.select_customer()
2019-01-09 17:31:26,523 INFO: Executing TransactionTrackerOperations.get_CM_parcels()
2019-01-09 17:31:30,194 INFO: NoSuchElementException in TransactionTrackerOperations.get_CM_parcels()
2019-01-09 17:31:35,710 INFO: NoSuchElementException in TransactionTrackerOperations.get_CM_parcels()
2019-01-09 17:31:41,134 INFO: NoSuchElementException in TransactionTrackerOperations.get_CM_parcels()
2019-01-09 17:31:46,321 INFO: NoSuchElementException in TransactionTrackerOperations.get_CM_parcels()
2019-01-09 17:31:51,316 INFO: NoSuchElementException in TransactionTrackerOperations.get_CM_parcels()
2019-01-09 17:31:56,003 INFO: NoSuchElementException in TransactionTrackerOperations.get_CM_parcels()
2019-01-09 17:32:03,021 INFO: Executing TransactionTrackerOperations.search_process_for_CMPDM() for: Performance Health|McKesson LEESBURG REGIONAL|810
2019-01-09 17:32:03,374 INFO: Executing TransactionTrackerOperations.select_customer()
2019-01-09 17:32:10,425 INFO: Executing TransactionTrackerOperations.select_customer()
2019-01-09 17:32:22,925 INFO: Executing TransactionTrackerOperations.get_CM_parcels()
2019-01-09 17:32:24,301 INFO: NoSuchElementException in TransactionTrackerOperations.get_CM_parcels()
2019-01-09 17:32:31,086 INFO: Executing TransactionTrackerOperations.search_process_for_CMPDM() for: Performance Health|McKesson LOMA LINDA UNIVERSITY MEDICAL CENTER|810
2019-01-09 17:32:31,361 INFO: Executing TransactionTrackerOperations.select_customer()
2019-01-09 17:32:38,417 INFO: Executing TransactionTrackerOperations.select_customer()
2019-01-09 17:32:51,749 INFO: Executing TransactionTrackerOperations.get_CM_parcels()
2019-01-09 17:32:52,086 INFO: NoSuchElementException in TransactionTrackerOperations.get_CM_parcels()
2019-01-09 17:32:58,341 INFO: Executing TransactionTrackerOperations.search_process_for_CMPDM() for: Performance Health|McKesson MCG HEALTH INC|810
2019-01-09 17:32:59,091 INFO: Executing TransactionTrackerOperations.select_customer()
2019-01-09 17:33:06,192 INFO: Executing TransactionTrackerOperations.select_customer()
2019-01-09 17:33:18,646 INFO: Executing TransactionTrackerOperations.get_CM_parcels()
2019-01-09 17:33:22,485 INFO: NoSuchElementException in TransactionTrackerOperations.get_CM_parcels()
2019-01-09 17:33:27,898 INFO: NoSuchElementException in TransactionTrackerOperations.get_CM_parcels()
2019-01-09 17:33:33,092 INFO: NoSuchElementException in TransactionTrackerOperations.get_CM_parcels()
2019-01-09 17:33:38,451 INFO: NoSuchElementException in TransactionTrackerOperations.get_CM_parcels()
2019-01-09 17:33:43,679 INFO: NoSuchElementException in TransactionTrackerOperations.get_CM_parcels()
2019-01-09 17:33:46,204 INFO: NoSuchElementException in TransactionTrackerOperations.get_CM_parcels()
2019-01-09 17:33:53,106 INFO: Executing TransactionTrackerOperations.search_process_for_CMPDM() for: Performance Health|McKesson NCH HEALTHCARE|810
2019-01-09 17:33:53,332 INFO: Executing TransactionTrackerOperations.select_customer()
2019-01-09 17:34:00,382 INFO: Executing TransactionTrackerOperations.select_customer()
2019-01-09 17:34:12,819 INFO: Executing TransactionTrackerOperations.get_CM_parcels()
2019-01-09 17:34:16,524 INFO: NoSuchElementException in TransactionTrackerOperations.get_CM_parcels()
2019-01-09 17:34:21,901 INFO: NoSuchElementException in TransactionTrackerOperations.get_CM_parcels()
2019-01-09 17:34:27,039 INFO: NoSuchElementException in TransactionTrackerOperations.get_CM_parcels()
2019-01-09 17:34:32,281 INFO: NoSuchElementException in TransactionTrackerOperations.get_CM_parcels()
2019-01-09 17:34:37,448 INFO: NoSuchElementException in TransactionTrackerOperations.get_CM_parcels()
2019-01-09 17:34:42,694 INFO: NoSuchElementException in TransactionTrackerOperations.get_CM_parcels()
2019-01-09 17:34:47,966 INFO: NoSuchElementException in TransactionTrackerOperations.get_CM_parcels()
2019-01-09 17:34:53,124 INFO: NoSuchElementException in TransactionTrackerOperations.get_CM_parcels()
2019-01-09 17:34:55,635 INFO: NoSuchElementException in TransactionTrackerOperations.get_CM_parcels()
2019-01-09 17:35:03,446 INFO: Executing TransactionTrackerOperations.search_process_for_CMPDM() for: Performance Health|McKesson SACRED HEART HOSPITAL|810
2019-01-09 17:35:03,784 INFO: Executing TransactionTrackerOperations.select_customer()
2019-01-09 17:35:11,776 INFO: Executing TransactionTrackerOperations.select_customer()
2019-01-09 17:35:24,531 INFO: Executing TransactionTrackerOperations.get_CM_parcels()
2019-01-09 17:35:31,024 INFO: Executing TransactionTrackerOperations.search_process_for_CMPDM() for: Performance Health|McKesson SAINT FRANCES MEDICAL CENTER|810
2019-01-09 17:35:31,467 INFO: Executing TransactionTrackerOperations.select_customer()
2019-01-09 17:35:38,514 INFO: Executing TransactionTrackerOperations.select_customer()
2019-01-09 17:35:51,572 INFO: Executing TransactionTrackerOperations.get_CM_parcels()
2019-01-09 17:35:54,942 INFO: NoSuchElementException in TransactionTrackerOperations.get_CM_parcels()
2019-01-09 17:36:00,224 INFO: NoSuchElementException in TransactionTrackerOperations.get_CM_parcels()
2019-01-09 17:36:05,215 INFO: NoSuchElementException in TransactionTrackerOperations.get_CM_parcels()
2019-01-09 17:36:09,419 INFO: NoSuchElementException in TransactionTrackerOperations.get_CM_parcels()
2019-01-09 17:36:16,464 INFO: Executing TransactionTrackerOperations.search_process_for_CMPDM() for: Performance Health|McKesson SOUTHERN NEW HAMPSHIRE MEDICAL CENTER|810
2019-01-09 17:36:17,279 INFO: Executing TransactionTrackerOperations.select_customer()
2019-01-09 17:36:24,337 INFO: Executing TransactionTrackerOperations.select_customer()
2019-01-09 17:36:37,684 INFO: Executing TransactionTrackerOperations.get_CM_parcels()
2019-01-09 17:36:41,736 INFO: NoSuchElementException in TransactionTrackerOperations.get_CM_parcels()
2019-01-09 17:36:47,174 INFO: NoSuchElementException in TransactionTrackerOperations.get_CM_parcels()
2019-01-09 17:36:52,426 INFO: NoSuchElementException in TransactionTrackerOperations.get_CM_parcels()
2019-01-09 17:36:57,460 INFO: NoSuchElementException in TransactionTrackerOperations.get_CM_parcels()
2019-01-09 17:37:00,538 INFO: NoSuchElementException in TransactionTrackerOperations.get_CM_parcels()
2019-01-09 17:37:07,565 INFO: Executing TransactionTrackerOperations.search_process_for_CMPDM() for: Performance Health|McKesson TIFT REGIONAL MEDICAL CENTER|810
2019-01-09 17:37:08,019 INFO: Executing TransactionTrackerOperations.select_customer()
2019-01-09 17:37:15,057 INFO: Executing TransactionTrackerOperations.select_customer()
2019-01-09 17:37:27,885 INFO: Executing TransactionTrackerOperations.get_CM_parcels()
2019-01-09 17:37:34,503 INFO: Executing TransactionTrackerOperations.search_process_for_CMPDM() for: Performance Health|McKesson TRINITY MOTHER FRANCES HOSPITAL|810
2019-01-09 17:37:34,756 INFO: Executing TransactionTrackerOperations.select_customer()
2019-01-09 17:37:41,821 INFO: Executing TransactionTrackerOperations.select_customer()
2019-01-09 17:37:54,970 INFO: Executing TransactionTrackerOperations.get_CM_parcels()
2019-01-09 17:37:58,282 INFO: NoSuchElementException in TransactionTrackerOperations.get_CM_parcels()
2019-01-09 17:38:03,586 INFO: NoSuchElementException in TransactionTrackerOperations.get_CM_parcels()
2019-01-09 17:38:08,949 INFO: NoSuchElementException in TransactionTrackerOperations.get_CM_parcels()
2019-01-09 17:38:14,239 INFO: NoSuchElementException in TransactionTrackerOperations.get_CM_parcels()
2019-01-09 17:38:19,378 INFO: NoSuchElementException in TransactionTrackerOperations.get_CM_parcels()
2019-01-09 17:38:26,559 INFO: NoSuchElementException in TransactionTrackerOperations.get_CM_parcels()
2019-01-09 17:38:33,173 INFO: NoSuchElementException in TransactionTrackerOperations.get_CM_parcels()
2019-01-09 17:38:38,523 INFO: NoSuchElementException in TransactionTrackerOperations.get_CM_parcels()
2019-01-09 17:38:48,053 INFO: Executing TransactionTrackerOperations.search_process_for_CMPDM() for: Performance Health|McKesson Truman Medical Center|810
2019-01-09 17:38:49,962 INFO: Executing TransactionTrackerOperations.select_customer()
2019-01-09 17:38:57,668 INFO: Executing TransactionTrackerOperations.select_customer()
2019-01-09 17:39:13,403 INFO: Executing TransactionTrackerOperations.get_CM_parcels()
2019-01-09 17:39:20,364 INFO: Executing TransactionTrackerOperations.search_process_for_CMPDM() for: Performance Health|McKesson UNITED HOSPITAL SYSTEM INC|810
2019-01-09 17:39:20,957 INFO: Executing TransactionTrackerOperations.select_customer()
2019-01-09 17:39:29,986 INFO: Executing TransactionTrackerOperations.select_customer()
2019-01-09 17:39:44,069 INFO: Executing TransactionTrackerOperations.get_CM_parcels()
2019-01-09 17:39:47,402 INFO: NoSuchElementException in TransactionTrackerOperations.get_CM_parcels()
2019-01-09 17:39:52,802 INFO: NoSuchElementException in TransactionTrackerOperations.get_CM_parcels()
2019-01-09 17:39:58,108 INFO: NoSuchElementException in TransactionTrackerOperations.get_CM_parcels()
2019-01-09 17:40:01,997 INFO: NoSuchElementException in TransactionTrackerOperations.get_CM_parcels()
2019-01-09 17:40:10,738 INFO: Executing TransactionTrackerOperations.search_process_for_CMPDM() for: Performance Health|McKesson VAIL VALLEY MEDICAL CENTER|810
2019-01-09 17:40:11,163 INFO: Executing TransactionTrackerOperations.select_customer()
2019-01-09 17:40:18,185 INFO: Executing TransactionTrackerOperations.select_customer()
2019-01-09 17:40:31,418 INFO: Executing TransactionTrackerOperations.get_CM_parcels()
2019-01-09 17:40:34,791 INFO: NoSuchElementException in TransactionTrackerOperations.get_CM_parcels()
2019-01-09 17:40:40,008 INFO: NoSuchElementException in TransactionTrackerOperations.get_CM_parcels()
2019-01-09 17:40:45,293 INFO: NoSuchElementException in TransactionTrackerOperations.get_CM_parcels()
2019-01-09 17:40:50,307 INFO: NoSuchElementException in TransactionTrackerOperations.get_CM_parcels()
2019-01-09 17:40:55,308 INFO: NoSuchElementException in TransactionTrackerOperations.get_CM_parcels()
2019-01-09 17:41:00,565 INFO: NoSuchElementException in TransactionTrackerOperations.get_CM_parcels()
2019-01-09 17:41:05,965 INFO: NoSuchElementException in TransactionTrackerOperations.get_CM_parcels()
2019-01-09 17:41:11,117 INFO: NoSuchElementException in TransactionTrackerOperations.get_CM_parcels()
2019-01-09 17:41:16,414 INFO: NoSuchElementException in TransactionTrackerOperations.get_CM_parcels()
2019-01-09 17:41:21,644 INFO: NoSuchElementException in TransactionTrackerOperations.get_CM_parcels()
2019-01-09 17:41:26,857 INFO: NoSuchElementException in TransactionTrackerOperations.get_CM_parcels()
2019-01-09 17:41:32,089 INFO: NoSuchElementException in TransactionTrackerOperations.get_CM_parcels()
2019-01-09 17:41:37,281 INFO: NoSuchElementException in TransactionTrackerOperations.get_CM_parcels()
2019-01-09 17:41:42,453 INFO: NoSuchElementException in TransactionTrackerOperations.get_CM_parcels()
2019-01-09 17:41:47,648 INFO: NoSuchElementException in TransactionTrackerOperations.get_CM_parcels()
2019-01-09 17:41:52,997 INFO: NoSuchElementException in TransactionTrackerOperations.get_CM_parcels()
2019-01-09 17:41:58,262 INFO: NoSuchElementException in TransactionTrackerOperations.get_CM_parcels()
2019-01-09 17:42:03,744 INFO: NoSuchElementException in TransactionTrackerOperations.get_CM_parcels()
2019-01-09 17:42:08,985 INFO: NoSuchElementException in TransactionTrackerOperations.get_CM_parcels()
2019-01-09 17:42:14,328 INFO: NoSuchElementException in TransactionTrackerOperations.get_CM_parcels()
2019-01-09 17:42:19,645 INFO: NoSuchElementException in TransactionTrackerOperations.get_CM_parcels()
2019-01-09 17:42:29,488 INFO: Executing TransactionTrackerOperations.search_process_for_CMPDM() for: Performance Health|McKesson WHEATON FRANCISCAN HEALTHCARE|810
2019-01-09 17:42:29,771 INFO: Executing TransactionTrackerOperations.select_customer()
2019-01-09 17:42:36,797 INFO: Executing TransactionTrackerOperations.select_customer()
2019-01-09 17:42:49,762 INFO: Executing TransactionTrackerOperations.get_CM_parcels()
2019-01-09 17:42:55,935 INFO: Executing TransactionTrackerOperations.search_process_for_CMPDM() for: Performance Health|MFA DSSI|810
2019-01-09 17:42:56,188 INFO: Executing TransactionTrackerOperations.select_customer()
2019-01-09 17:43:03,651 INFO: Executing TransactionTrackerOperations.select_customer()
2019-01-09 17:43:15,197 INFO: Executing TransactionTrackerOperations.get_CM_parcels()
2019-01-09 17:43:21,344 INFO: Executing TransactionTrackerOperations.search_process_for_CMPDM() for: Performance Health|MIDWEST GERIATRIC DSSI|810
2019-01-09 17:43:21,585 INFO: Executing TransactionTrackerOperations.select_customer()
2019-01-09 17:43:28,667 INFO: Executing TransactionTrackerOperations.select_customer()
2019-01-09 17:43:40,884 INFO: Executing TransactionTrackerOperations.get_CM_parcels()
2019-01-09 17:43:41,235 INFO: NoSuchElementException in TransactionTrackerOperations.get_CM_parcels()
2019-01-09 17:43:47,948 INFO: Executing TransactionTrackerOperations.search_process_for_CMPDM() for: Performance Health|MIDWEST HEALTH DSSI|810
2019-01-09 17:43:48,296 INFO: Executing TransactionTrackerOperations.select_customer()
2019-01-09 17:43:55,404 INFO: Executing TransactionTrackerOperations.select_customer()
2019-01-09 17:44:07,536 INFO: Executing TransactionTrackerOperations.get_CM_parcels()
2019-01-09 17:44:10,947 INFO: NoSuchElementException in TransactionTrackerOperations.get_CM_parcels()
2019-01-09 17:44:16,518 INFO: NoSuchElementException in TransactionTrackerOperations.get_CM_parcels()
2019-01-09 17:44:21,840 INFO: NoSuchElementException in TransactionTrackerOperations.get_CM_parcels()
2019-01-09 17:44:25,778 INFO: NoSuchElementException in TransactionTrackerOperations.get_CM_parcels()
2019-01-09 17:44:33,062 INFO: Executing TransactionTrackerOperations.search_process_for_CMPDM() for: Performance Health|MISSION HEALTH DSSI|810
2019-01-09 17:44:33,330 INFO: Executing TransactionTrackerOperations.select_customer()
2019-01-09 17:44:40,456 INFO: Executing TransactionTrackerOperations.select_customer()
2019-01-09 17:44:52,490 INFO: Executing TransactionTrackerOperations.get_CM_parcels()
2019-01-09 17:44:55,875 INFO: NoSuchElementException in TransactionTrackerOperations.get_CM_parcels()
2019-01-09 17:45:01,305 INFO: NoSuchElementException in TransactionTrackerOperations.get_CM_parcels()
2019-01-09 17:45:06,457 INFO: NoSuchElementException in TransactionTrackerOperations.get_CM_parcels()
2019-01-09 17:45:11,850 INFO: NoSuchElementException in TransactionTrackerOperations.get_CM_parcels()
2019-01-09 17:45:17,218 INFO: NoSuchElementException in TransactionTrackerOperations.get_CM_parcels()
2019-01-09 17:45:22,386 INFO: NoSuchElementException in TransactionTrackerOperations.get_CM_parcels()
2019-01-09 17:45:27,633 INFO: NoSuchElementException in TransactionTrackerOperations.get_CM_parcels()
2019-01-09 17:45:32,838 INFO: NoSuchElementException in TransactionTrackerOperations.get_CM_parcels()
2019-01-09 17:45:37,974 INFO: NoSuchElementException in TransactionTrackerOperations.get_CM_parcels()
2019-01-09 17:45:47,641 INFO: Executing TransactionTrackerOperations.search_process_for_CMPDM() for: Performance Health|NEXION DSSI|810
2019-01-09 17:45:47,873 INFO: Executing TransactionTrackerOperations.select_customer()
2019-01-09 17:45:54,902 INFO: Executing TransactionTrackerOperations.select_customer()
2019-01-09 17:46:06,793 INFO: Executing TransactionTrackerOperations.get_CM_parcels()
2019-01-09 17:46:10,068 INFO: NoSuchElementException in TransactionTrackerOperations.get_CM_parcels()
2019-01-09 17:46:15,341 INFO: NoSuchElementException in TransactionTrackerOperations.get_CM_parcels()
2019-01-09 17:46:20,421 INFO: NoSuchElementException in TransactionTrackerOperations.get_CM_parcels()
2019-01-09 17:46:25,468 INFO: NoSuchElementException in TransactionTrackerOperations.get_CM_parcels()
2019-01-09 17:46:30,608 INFO: NoSuchElementException in TransactionTrackerOperations.get_CM_parcels()
2019-01-09 17:46:35,874 INFO: NoSuchElementException in TransactionTrackerOperations.get_CM_parcels()
2019-01-09 17:46:40,926 INFO: NoSuchElementException in TransactionTrackerOperations.get_CM_parcels()
2019-01-09 17:46:46,092 INFO: NoSuchElementException in TransactionTrackerOperations.get_CM_parcels()
2019-01-09 17:46:51,221 INFO: NoSuchElementException in TransactionTrackerOperations.get_CM_parcels()
2019-01-09 17:46:56,366 INFO: NoSuchElementException in TransactionTrackerOperations.get_CM_parcels()
2019-01-09 17:47:06,818 INFO: Executing TransactionTrackerOperations.search_process_for_CMPDM() for: Performance Health|NOLAND HEALTH SERVICES DSSI|810
2019-01-09 17:47:07,274 INFO: Executing TransactionTrackerOperations.select_customer()
2019-01-09 17:47:14,508 INFO: Executing TransactionTrackerOperations.select_customer()
2019-01-09 17:47:27,091 INFO: Executing TransactionTrackerOperations.get_CM_parcels()
2019-01-09 17:47:30,519 INFO: NoSuchElementException in TransactionTrackerOperations.get_CM_parcels()
2019-01-09 17:47:35,807 INFO: NoSuchElementException in TransactionTrackerOperations.get_CM_parcels()
2019-01-09 17:47:40,898 INFO: NoSuchElementException in TransactionTrackerOperations.get_CM_parcels()
2019-01-09 17:47:45,971 INFO: NoSuchElementException in TransactionTrackerOperations.get_CM_parcels()
2019-01-09 17:47:51,057 INFO: NoSuchElementException in TransactionTrackerOperations.get_CM_parcels()
2019-01-09 17:47:55,617 INFO: NoSuchElementException in TransactionTrackerOperations.get_CM_parcels()
2019-01-09 17:48:03,076 INFO: Executing TransactionTrackerOperations.search_process_for_CMPDM() for: Performance Health|NORTHPORT DSSI|810
2019-01-09 17:48:03,971 INFO: Executing TransactionTrackerOperations.select_customer()
2019-01-09 17:48:11,093 INFO: Executing TransactionTrackerOperations.select_customer()
2019-01-09 17:48:22,956 INFO: Executing TransactionTrackerOperations.get_CM_parcels()
2019-01-09 17:48:28,525 INFO: Executing TransactionTrackerOperations.search_process_for_CMPDM() for: Performance Health|NUVISION DSSI|810
2019-01-09 17:48:29,372 INFO: Executing TransactionTrackerOperations.select_customer()
2019-01-09 17:48:36,523 INFO: Executing TransactionTrackerOperations.select_customer()
2019-01-09 17:48:48,327 INFO: Executing TransactionTrackerOperations.get_CM_parcels()
2019-01-09 17:48:51,705 INFO: NoSuchElementException in TransactionTrackerOperations.get_CM_parcels()
2019-01-09 17:48:56,902 INFO: NoSuchElementException in TransactionTrackerOperations.get_CM_parcels()
2019-01-09 17:49:02,292 INFO: NoSuchElementException in TransactionTrackerOperations.get_CM_parcels()
2019-01-09 17:49:10,637 INFO: Executing TransactionTrackerOperations.search_process_for_CMPDM() for: Performance Health|ONIX GROUP DSSI|810
2019-01-09 17:49:11,042 INFO: Executing TransactionTrackerOperations.select_customer()
2019-01-09 17:49:18,057 INFO: Executing TransactionTrackerOperations.select_customer()
2019-01-09 17:49:29,912 INFO: Executing TransactionTrackerOperations.get_CM_parcels()
2019-01-09 17:49:33,228 INFO: NoSuchElementException in TransactionTrackerOperations.get_CM_parcels()
2019-01-09 17:49:38,641 INFO: NoSuchElementException in TransactionTrackerOperations.get_CM_parcels()
2019-01-09 17:49:43,618 INFO: NoSuchElementException in TransactionTrackerOperations.get_CM_parcels()
2019-01-09 17:49:48,730 INFO: NoSuchElementException in TransactionTrackerOperations.get_CM_parcels()
2019-01-09 17:49:52,623 INFO: NoSuchElementException in TransactionTrackerOperations.get_CM_parcels()
2019-01-09 17:49:59,727 INFO: Executing TransactionTrackerOperations.search_process_for_CMPDM() for: Performance Health|PENNMED CONSULTANTS INC DSSI|810
2019-01-09 17:50:00,279 INFO: Executing TransactionTrackerOperations.select_customer()
2019-01-09 17:50:07,321 INFO: Executing TransactionTrackerOperations.select_customer()
2019-01-09 17:50:19,905 INFO: Executing TransactionTrackerOperations.get_CM_parcels()
2019-01-09 17:50:26,279 INFO: Executing TransactionTrackerOperations.search_process_for_CMPDM() for: Performance Health|PREFERRED CARE DSSI|810
2019-01-09 17:50:26,425 INFO: Executing TransactionTrackerOperations.select_customer()
2019-01-09 17:50:33,516 INFO: Executing TransactionTrackerOperations.select_customer()
2019-01-09 17:50:45,559 INFO: Executing TransactionTrackerOperations.get_CM_parcels()
2019-01-09 17:50:51,763 INFO: Executing TransactionTrackerOperations.search_process_for_CMPDM() for: Performance Health|PRESBYTERIAN HOMES AND SERVICES DSSI|810
2019-01-09 17:50:52,111 INFO: Executing TransactionTrackerOperations.select_customer()
2019-01-09 17:50:59,204 INFO: Executing TransactionTrackerOperations.select_customer()
2019-01-09 17:51:12,378 INFO: Executing TransactionTrackerOperations.get_CM_parcels()
2019-01-09 17:51:15,700 INFO: NoSuchElementException in TransactionTrackerOperations.get_CM_parcels()
2019-01-09 17:51:20,963 INFO: NoSuchElementException in TransactionTrackerOperations.get_CM_parcels()
2019-01-09 17:51:25,965 INFO: NoSuchElementException in TransactionTrackerOperations.get_CM_parcels()
2019-01-09 17:51:31,041 INFO: NoSuchElementException in TransactionTrackerOperations.get_CM_parcels()
2019-01-09 17:51:36,282 INFO: NoSuchElementException in TransactionTrackerOperations.get_CM_parcels()
2019-01-09 17:51:41,530 INFO: NoSuchElementException in TransactionTrackerOperations.get_CM_parcels()
2019-01-09 17:51:46,694 INFO: NoSuchElementException in TransactionTrackerOperations.get_CM_parcels()
2019-01-09 17:51:49,725 INFO: NoSuchElementException in TransactionTrackerOperations.get_CM_parcels()
2019-01-09 17:51:57,139 INFO: Executing TransactionTrackerOperations.search_process_for_CMPDM() for: Performance Health|PRESBYTERIAN SENIOR LIVING DSSI|810
2019-01-09 17:51:57,283 INFO: Executing TransactionTrackerOperations.select_customer()
2019-01-09 17:52:04,342 INFO: Executing TransactionTrackerOperations.select_customer()
2019-01-09 17:52:17,016 INFO: Executing TransactionTrackerOperations.get_CM_parcels()
2019-01-09 17:52:20,290 INFO: NoSuchElementException in TransactionTrackerOperations.get_CM_parcels()
2019-01-09 17:52:25,467 INFO: NoSuchElementException in TransactionTrackerOperations.get_CM_parcels()
2019-01-09 17:52:30,744 INFO: NoSuchElementException in TransactionTrackerOperations.get_CM_parcels()
2019-01-09 17:52:35,812 INFO: NoSuchElementException in TransactionTrackerOperations.get_CM_parcels()
2019-01-09 17:52:40,911 INFO: NoSuchElementException in TransactionTrackerOperations.get_CM_parcels()
2019-01-09 17:52:49,357 INFO: Executing TransactionTrackerOperations.search_process_for_CMPDM() for: Performance Health|QUALITY LIFE SERVICES DSSI|810
2019-01-09 17:52:49,676 INFO: Executing TransactionTrackerOperations.select_customer()
2019-01-09 17:52:56,812 INFO: Executing TransactionTrackerOperations.select_customer()
2019-01-09 17:53:09,113 INFO: Executing TransactionTrackerOperations.get_CM_parcels()
2019-01-09 17:53:12,698 INFO: NoSuchElementException in TransactionTrackerOperations.get_CM_parcels()
2019-01-09 17:53:17,951 INFO: NoSuchElementException in TransactionTrackerOperations.get_CM_parcels()
2019-01-09 17:53:22,955 INFO: NoSuchElementException in TransactionTrackerOperations.get_CM_parcels()
2019-01-09 17:53:27,991 INFO: NoSuchElementException in TransactionTrackerOperations.get_CM_parcels()
2019-01-09 17:53:33,017 INFO: NoSuchElementException in TransactionTrackerOperations.get_CM_parcels()
2019-01-09 17:53:38,077 INFO: NoSuchElementException in TransactionTrackerOperations.get_CM_parcels()
2019-01-09 17:53:43,167 INFO: NoSuchElementException in TransactionTrackerOperations.get_CM_parcels()
2019-01-09 17:53:45,924 INFO: NoSuchElementException in TransactionTrackerOperations.get_CM_parcels()
2019-01-09 17:53:51,995 INFO: Executing TransactionTrackerOperations.search_process_for_CMPDM() for: Performance Health|Quest Healthcare Development DSSI|810
2019-01-09 17:53:52,765 INFO: Executing TransactionTrackerOperations.select_customer()
2019-01-09 17:53:59,824 INFO: Executing TransactionTrackerOperations.select_customer()
2019-01-09 17:54:11,918 INFO: Executing TransactionTrackerOperations.get_CM_parcels()
2019-01-09 17:54:19,436 INFO: Executing TransactionTrackerOperations.search_process_for_CMPDM() for: Performance Health|Regency Integrated Health Services DSSI|810
2019-01-09 17:54:19,672 INFO: Executing TransactionTrackerOperations.select_customer()
2019-01-09 17:54:26,942 INFO: Executing TransactionTrackerOperations.select_customer()
2019-01-09 17:54:39,566 INFO: Executing TransactionTrackerOperations.get_CM_parcels()
2019-01-09 17:54:45,918 INFO: Executing TransactionTrackerOperations.search_process_for_CMPDM() for: Performance Health|RENNES HEALTH DSSI|810
2019-01-09 17:54:46,114 INFO: Executing TransactionTrackerOperations.select_customer()
2019-01-09 17:54:53,112 INFO: Executing TransactionTrackerOperations.select_customer()
2019-01-09 17:55:05,792 INFO: Executing TransactionTrackerOperations.get_CM_parcels()
2019-01-09 17:55:09,066 INFO: NoSuchElementException in TransactionTrackerOperations.get_CM_parcels()
2019-01-09 17:55:15,088 INFO: NoSuchElementException in TransactionTrackerOperations.get_CM_parcels()
2019-01-09 17:55:21,050 INFO: NoSuchElementException in TransactionTrackerOperations.get_CM_parcels()
2019-01-09 17:55:27,088 INFO: NoSuchElementException in TransactionTrackerOperations.get_CM_parcels()
2019-01-09 17:55:32,405 INFO: NoSuchElementException in TransactionTrackerOperations.get_CM_parcels()
2019-01-09 17:55:37,248 INFO: NoSuchElementException in TransactionTrackerOperations.get_CM_parcels()
2019-01-09 17:55:43,434 INFO: Executing TransactionTrackerOperations.search_process_for_CMPDM() for: Performance Health|SABER HEALTHCARE DSSI|810
2019-01-09 17:55:44,264 INFO: Executing TransactionTrackerOperations.select_customer()
2019-01-09 17:55:51,317 INFO: Executing TransactionTrackerOperations.select_customer()
2019-01-09 17:56:03,508 INFO: Executing TransactionTrackerOperations.get_CM_parcels()
2019-01-09 17:56:09,085 INFO: Executing TransactionTrackerOperations.search_process_for_CMPDM() for: Performance Health|SPRENGER HEALTHCARE DSSI|810
2019-01-09 17:56:10,090 INFO: Executing TransactionTrackerOperations.select_customer()
2019-01-09 17:56:17,191 INFO: Executing TransactionTrackerOperations.select_customer()
2019-01-09 17:56:29,578 INFO: Executing TransactionTrackerOperations.get_CM_parcels()
2019-01-09 17:56:33,002 INFO: NoSuchElementException in TransactionTrackerOperations.get_CM_parcels()
2019-01-09 17:56:38,308 INFO: NoSuchElementException in TransactionTrackerOperations.get_CM_parcels()
2019-01-09 17:56:43,466 INFO: NoSuchElementException in TransactionTrackerOperations.get_CM_parcels()
2019-01-09 17:56:48,575 INFO: NoSuchElementException in TransactionTrackerOperations.get_CM_parcels()
2019-01-09 17:56:53,768 INFO: NoSuchElementException in TransactionTrackerOperations.get_CM_parcels()
2019-01-09 17:56:58,871 INFO: NoSuchElementException in TransactionTrackerOperations.get_CM_parcels()
2019-01-09 17:57:04,187 INFO: NoSuchElementException in TransactionTrackerOperations.get_CM_parcels()
2019-01-09 17:57:09,374 INFO: NoSuchElementException in TransactionTrackerOperations.get_CM_parcels()
2019-01-09 17:57:14,559 INFO: NoSuchElementException in TransactionTrackerOperations.get_CM_parcels()
2019-01-09 17:57:19,675 INFO: NoSuchElementException in TransactionTrackerOperations.get_CM_parcels()
2019-01-09 17:57:24,854 INFO: NoSuchElementException in TransactionTrackerOperations.get_CM_parcels()
2019-01-09 17:57:30,196 INFO: NoSuchElementException in TransactionTrackerOperations.get_CM_parcels()
2019-01-09 17:57:35,469 INFO: NoSuchElementException in TransactionTrackerOperations.get_CM_parcels()
2019-01-09 17:57:39,160 INFO: NoSuchElementException in TransactionTrackerOperations.get_CM_parcels()
2019-01-09 17:57:47,373 INFO: Executing TransactionTrackerOperations.search_process_for_CMPDM() for: Performance Health|SPRINGPOINT DSSI|810
2019-01-09 17:57:47,548 INFO: Executing TransactionTrackerOperations.select_customer()
2019-01-09 17:57:54,569 INFO: Executing TransactionTrackerOperations.select_customer()
2019-01-09 17:58:06,535 INFO: Executing TransactionTrackerOperations.get_CM_parcels()
2019-01-09 17:58:09,894 INFO: NoSuchElementException in TransactionTrackerOperations.get_CM_parcels()
2019-01-09 17:58:15,027 INFO: NoSuchElementException in TransactionTrackerOperations.get_CM_parcels()
2019-01-09 17:58:20,234 INFO: NoSuchElementException in TransactionTrackerOperations.get_CM_parcels()
2019-01-09 17:58:25,325 INFO: NoSuchElementException in TransactionTrackerOperations.get_CM_parcels()
2019-01-09 17:58:29,557 INFO: NoSuchElementException in TransactionTrackerOperations.get_CM_parcels()
2019-01-09 17:58:36,328 INFO: Executing TransactionTrackerOperations.search_process_for_CMPDM() for: Performance Health|STONERISE MEDICAL DSSI|810
2019-01-09 17:58:36,500 INFO: Executing TransactionTrackerOperations.select_customer()
2019-01-09 17:58:43,536 INFO: Executing TransactionTrackerOperations.select_customer()
2019-01-09 17:58:55,916 INFO: Executing TransactionTrackerOperations.get_CM_parcels()
2019-01-09 17:59:02,108 INFO: Executing TransactionTrackerOperations.search_process_for_CMPDM() for: Performance Health|TAMARAC ADMINISTRACTIVE SERVICES DSSI|810
2019-01-09 17:59:02,512 INFO: Executing TransactionTrackerOperations.select_customer()
2019-01-09 17:59:09,541 INFO: Executing TransactionTrackerOperations.select_customer()
2019-01-09 17:59:22,575 INFO: Executing TransactionTrackerOperations.get_CM_parcels()
2019-01-09 17:59:29,140 INFO: Executing TransactionTrackerOperations.search_process_for_CMPDM() for: Performance Health|TANDEM HEALTHCARE DSSI|810
2019-01-09 17:59:29,462 INFO: Executing TransactionTrackerOperations.select_customer()
2019-01-09 17:59:36,513 INFO: Executing TransactionTrackerOperations.select_customer()
2019-01-09 17:59:48,725 INFO: Executing TransactionTrackerOperations.get_CM_parcels()
2019-01-09 17:59:54,343 INFO: Executing TransactionTrackerOperations.search_process_for_CMPDM() for: Performance Health|TARA CARES LLC DSSI|810
2019-01-09 17:59:55,275 INFO: Executing TransactionTrackerOperations.select_customer()
2019-01-09 18:00:02,376 INFO: Executing TransactionTrackerOperations.select_customer()
2019-01-09 18:00:14,528 INFO: Executing TransactionTrackerOperations.get_CM_parcels()
2019-01-09 18:00:20,822 INFO: Executing TransactionTrackerOperations.search_process_for_CMPDM() for: Performance Health|TEALWOOD TWN DSSI|810
2019-01-09 18:00:21,113 INFO: Executing TransactionTrackerOperations.select_customer()
2019-01-09 18:00:28,164 INFO: Executing TransactionTrackerOperations.select_customer()
2019-01-09 18:00:40,443 INFO: Executing TransactionTrackerOperations.get_CM_parcels()
2019-01-09 18:00:43,799 INFO: NoSuchElementException in TransactionTrackerOperations.get_CM_parcels()
2019-01-09 18:00:48,968 INFO: NoSuchElementException in TransactionTrackerOperations.get_CM_parcels()
2019-01-09 18:00:54,046 INFO: NoSuchElementException in TransactionTrackerOperations.get_CM_parcels()
2019-01-09 18:00:59,133 INFO: NoSuchElementException in TransactionTrackerOperations.get_CM_parcels()
2019-01-09 18:01:04,383 INFO: NoSuchElementException in TransactionTrackerOperations.get_CM_parcels()
2019-01-09 18:01:09,547 INFO: NoSuchElementException in TransactionTrackerOperations.get_CM_parcels()
2019-01-09 18:01:14,606 INFO: NoSuchElementException in TransactionTrackerOperations.get_CM_parcels()
2019-01-09 18:01:19,925 INFO: NoSuchElementException in TransactionTrackerOperations.get_CM_parcels()
2019-01-09 18:01:25,027 INFO: NoSuchElementException in TransactionTrackerOperations.get_CM_parcels()
2019-01-09 18:01:30,178 INFO: NoSuchElementException in TransactionTrackerOperations.get_CM_parcels()
2019-01-09 18:01:35,338 INFO: NoSuchElementException in TransactionTrackerOperations.get_CM_parcels()
2019-01-09 18:01:40,519 INFO: NoSuchElementException in TransactionTrackerOperations.get_CM_parcels()
2019-01-09 18:01:43,266 INFO: NoSuchElementException in TransactionTrackerOperations.get_CM_parcels()
2019-01-09 18:01:50,335 INFO: Executing TransactionTrackerOperations.search_process_for_CMPDM() for: Performance Health|TRANS HEALTH CARE DSSI|810
2019-01-09 18:01:51,213 INFO: Executing TransactionTrackerOperations.select_customer()
2019-01-09 18:01:58,267 INFO: Executing TransactionTrackerOperations.select_customer()
2019-01-09 18:02:10,502 INFO: Executing TransactionTrackerOperations.get_CM_parcels()
2019-01-09 18:02:16,129 INFO: Executing TransactionTrackerOperations.search_process_for_CMPDM() for: Performance Health|UNITED MEDICAL DSSI|810
2019-01-09 18:02:17,082 INFO: Executing TransactionTrackerOperations.select_customer()
2019-01-09 18:02:24,161 INFO: Executing TransactionTrackerOperations.select_customer()
2019-01-09 18:02:36,162 INFO: Executing TransactionTrackerOperations.get_CM_parcels()
2019-01-09 18:02:41,739 INFO: Executing TransactionTrackerOperations.search_process_for_CMPDM() for: Performance Health|WILMAC DSSI|810
2019-01-09 18:02:42,535 INFO: Executing TransactionTrackerOperations.select_customer()
2019-01-09 18:02:49,582 INFO: Executing TransactionTrackerOperations.select_customer()
2019-01-09 18:03:01,261 INFO: Executing TransactionTrackerOperations.get_CM_parcels()
2019-01-09 18:03:04,881 INFO: NoSuchElementException in TransactionTrackerOperations.get_CM_parcels()
2019-01-09 18:03:10,008 INFO: NoSuchElementException in TransactionTrackerOperations.get_CM_parcels()
2019-01-09 18:03:15,226 INFO: NoSuchElementException in TransactionTrackerOperations.get_CM_parcels()
2019-01-09 18:03:20,480 INFO: NoSuchElementException in TransactionTrackerOperations.get_CM_parcels()
2019-01-09 18:03:24,735 INFO: NoSuchElementException in TransactionTrackerOperations.get_CM_parcels()
2019-01-09 18:03:31,544 INFO: Executing TransactionTrackerOperations.search_process_for_CMPDM() for: Performance Health|Senior Care Centers LLC|810
2019-01-09 18:03:31,875 INFO: Executing TransactionTrackerOperations.select_customer()
2019-01-09 18:03:38,881 INFO: Executing TransactionTrackerOperations.select_customer()
2019-01-09 18:03:51,055 INFO: Executing TransactionTrackerOperations.get_CM_parcels()
2019-01-09 18:03:57,147 INFO: completed CMProductionDataMonitoring.execute_main()
