2018-12-28 15:10:34,179 INFO: Executing Script Credit Memo Prodution Data Monitoring
2018-12-28 15:10:34,397 INFO: Executing CMProductionDataMonitoring.execute_main()
2018-12-28 15:10:42,419 INFO: Login in to Launchpad
2018-12-28 15:10:59,103 INFO: Executing CMProductionDataMonitoring.TaskFilter()
2018-12-28 15:10:59,451 INFO: Refreshing access_token
2018-12-28 15:11:06,836 INFO: select InProgress task from input sheet from CMProductionDataMonitoring.TaskFilter()
2018-12-28 15:11:06,836 INFO: Executing TransactionTrackerOperations.search_process_for_CMPDM() for: Performance Health|McKesson BASCOM PALMER EYE INST|810
2018-12-28 15:11:06,859 INFO: Executing TransactionTrackerOperations.select_customer()
2018-12-28 15:11:13,925 INFO: Executing TransactionTrackerOperations.select_customer()
2018-12-28 15:11:26,351 INFO: Executing TransactionTrackerOperations.get_CM_parcels()
2018-12-28 15:11:32,585 INFO: Executing TransactionTrackerOperations.search_process_for_CMPDM() for: Performance Health|McKesson CABELL HUNTINGTON HOSPITAL|810
2018-12-28 15:11:32,659 INFO: Executing TransactionTrackerOperations.select_customer()
2018-12-28 15:11:39,663 INFO: Executing TransactionTrackerOperations.select_customer()
2018-12-28 15:11:52,144 INFO: Executing TransactionTrackerOperations.get_CM_parcels()
2018-12-28 15:11:55,376 INFO: NoSuchElementException in TransactionTrackerOperations.get_CM_parcels()
2018-12-28 15:12:00,645 INFO: NoSuchElementException in TransactionTrackerOperations.get_CM_parcels()
2018-12-28 15:12:04,482 INFO: NoSuchElementException in TransactionTrackerOperations.get_CM_parcels()
2018-12-28 15:12:11,332 INFO: Executing TransactionTrackerOperations.search_process_for_CMPDM() for: Performance Health|McKesson CHILDRENS HOSPITAL|810
2018-12-28 15:12:11,365 INFO: Executing TransactionTrackerOperations.select_customer()
2018-12-28 15:12:18,426 INFO: Executing TransactionTrackerOperations.select_customer()
2018-12-28 15:12:30,563 INFO: Executing TransactionTrackerOperations.get_CM_parcels()
2018-12-28 15:12:33,840 INFO: NoSuchElementException in TransactionTrackerOperations.get_CM_parcels()
2018-12-28 15:12:38,840 INFO: NoSuchElementException in TransactionTrackerOperations.get_CM_parcels()
2018-12-28 15:12:42,129 INFO: NoSuchElementException in TransactionTrackerOperations.get_CM_parcels()
2018-12-28 15:12:48,295 INFO: Executing TransactionTrackerOperations.search_process_for_CMPDM() for: Performance Health|McKesson CHRISTIANA CARE HEALTH|810
2018-12-28 15:12:49,142 INFO: Executing TransactionTrackerOperations.select_customer()
2018-12-28 15:12:56,148 INFO: Executing TransactionTrackerOperations.select_customer()
2018-12-28 15:13:08,576 INFO: Executing TransactionTrackerOperations.get_CM_parcels()
2018-12-28 15:13:11,777 INFO: NoSuchElementException in TransactionTrackerOperations.get_CM_parcels()
2018-12-28 15:13:16,793 INFO: NoSuchElementException in TransactionTrackerOperations.get_CM_parcels()
2018-12-28 15:13:21,817 INFO: NoSuchElementException in TransactionTrackerOperations.get_CM_parcels()
2018-12-28 15:13:26,823 INFO: NoSuchElementException in TransactionTrackerOperations.get_CM_parcels()
2018-12-28 15:13:31,815 INFO: NoSuchElementException in TransactionTrackerOperations.get_CM_parcels()
2018-12-28 15:13:36,973 INFO: NoSuchElementException in TransactionTrackerOperations.get_CM_parcels()
2018-12-28 15:13:41,989 INFO: NoSuchElementException in TransactionTrackerOperations.get_CM_parcels()
2018-12-28 15:13:47,024 INFO: NoSuchElementException in TransactionTrackerOperations.get_CM_parcels()
2018-12-28 15:13:52,036 INFO: NoSuchElementException in TransactionTrackerOperations.get_CM_parcels()
2018-12-28 15:13:57,072 INFO: NoSuchElementException in TransactionTrackerOperations.get_CM_parcels()
2018-12-28 15:14:02,203 INFO: NoSuchElementException in TransactionTrackerOperations.get_CM_parcels()
2018-12-28 15:14:07,507 INFO: NoSuchElementException in TransactionTrackerOperations.get_CM_parcels()
2018-12-28 15:14:12,544 INFO: NoSuchElementException in TransactionTrackerOperations.get_CM_parcels()
2018-12-28 15:14:18,098 INFO: NoSuchElementException in TransactionTrackerOperations.get_CM_parcels()
2018-12-28 15:14:23,362 INFO: NoSuchElementException in TransactionTrackerOperations.get_CM_parcels()
2018-12-28 15:14:26,392 INFO: NoSuchElementException in TransactionTrackerOperations.get_CM_parcels()
2018-12-28 15:14:33,183 INFO: Executing TransactionTrackerOperations.search_process_for_CMPDM() for: Performance Health|McKesson EMH REGIONAL HEALTHCARE SYSTEMS|810
2018-12-28 15:14:34,105 INFO: Executing TransactionTrackerOperations.select_customer()
2018-12-28 15:14:41,114 INFO: Executing TransactionTrackerOperations.select_customer()
2018-12-28 15:14:53,831 INFO: Executing TransactionTrackerOperations.get_CM_parcels()
2018-12-28 15:14:59,954 INFO: Executing TransactionTrackerOperations.search_process_for_CMPDM() for: Performance Health|McKesson EMORY HEALTHCARE|810
2018-12-28 15:15:00,048 INFO: Executing TransactionTrackerOperations.select_customer()
2018-12-28 15:15:07,048 INFO: Executing TransactionTrackerOperations.select_customer()
2018-12-28 15:15:19,317 INFO: Executing TransactionTrackerOperations.get_CM_parcels()
2018-12-28 15:15:24,902 INFO: Executing TransactionTrackerOperations.search_process_for_CMPDM() for: Performance Health|McKesson FIRELANDS REGIONAL MEDICAL CENTER|810
2018-12-28 15:15:25,681 INFO: Executing TransactionTrackerOperations.select_customer()
2018-12-28 15:15:31,939 INFO: Executing TransactionTrackerOperations.select_customer()
2018-12-28 15:15:34,016 ERROR: Error in CMProductionDataMonitoring.TaskFilter()
2018-12-28 15:15:38,460 INFO: Executing TransactionTrackerOperations.search_process_for_CMPDM() for: Performance Health|McKesson FIRSTHEALTH CAROLINAS|810
2018-12-28 15:15:38,633 INFO: Executing TransactionTrackerOperations.select_customer()
2018-12-28 15:15:45,629 INFO: Executing TransactionTrackerOperations.select_customer()
2018-12-28 15:15:58,136 INFO: Executing TransactionTrackerOperations.get_CM_parcels()
2018-12-28 15:16:04,228 INFO: Executing TransactionTrackerOperations.search_process_for_CMPDM() for: Performance Health|McKesson FRANCISCAN ALLIANCE INC|810
2018-12-28 15:16:04,449 INFO: Executing TransactionTrackerOperations.select_customer()
2018-12-28 15:16:11,471 INFO: Executing TransactionTrackerOperations.select_customer()
2018-12-28 15:16:23,887 INFO: Executing TransactionTrackerOperations.get_CM_parcels()
2018-12-28 15:16:27,200 INFO: NoSuchElementException in TransactionTrackerOperations.get_CM_parcels()
2018-12-28 15:16:32,180 INFO: NoSuchElementException in TransactionTrackerOperations.get_CM_parcels()
2018-12-28 15:16:37,198 INFO: NoSuchElementException in TransactionTrackerOperations.get_CM_parcels()
2018-12-28 15:16:42,108 INFO: NoSuchElementException in TransactionTrackerOperations.get_CM_parcels()
2018-12-28 15:16:46,997 INFO: NoSuchElementException in TransactionTrackerOperations.get_CM_parcels()
2018-12-28 15:16:52,040 INFO: NoSuchElementException in TransactionTrackerOperations.get_CM_parcels()
2018-12-28 15:16:57,050 INFO: NoSuchElementException in TransactionTrackerOperations.get_CM_parcels()
2018-12-28 15:17:02,277 INFO: NoSuchElementException in TransactionTrackerOperations.get_CM_parcels()
2018-12-28 15:17:07,538 INFO: NoSuchElementException in TransactionTrackerOperations.get_CM_parcels()
2018-12-28 15:17:12,790 INFO: NoSuchElementException in TransactionTrackerOperations.get_CM_parcels()
2018-12-28 15:17:17,994 INFO: NoSuchElementException in TransactionTrackerOperations.get_CM_parcels()
2018-12-28 15:17:23,072 INFO: NoSuchElementException in TransactionTrackerOperations.get_CM_parcels()
2018-12-28 15:17:28,321 INFO: NoSuchElementException in TransactionTrackerOperations.get_CM_parcels()
2018-12-28 15:17:33,445 INFO: NoSuchElementException in TransactionTrackerOperations.get_CM_parcels()
2018-12-28 15:17:38,651 INFO: NoSuchElementException in TransactionTrackerOperations.get_CM_parcels()
2018-12-28 15:17:43,903 INFO: NoSuchElementException in TransactionTrackerOperations.get_CM_parcels()
2018-12-28 15:17:49,390 INFO: NoSuchElementException in TransactionTrackerOperations.get_CM_parcels()
2018-12-28 15:17:53,364 INFO: NoSuchElementException in TransactionTrackerOperations.get_CM_parcels()
2018-12-28 15:18:01,601 INFO: Executing TransactionTrackerOperations.search_process_for_CMPDM() for: Performance Health|McKesson GOOD SHEPHERD REHAB NETWORK|810
2018-12-28 15:18:02,364 INFO: Executing TransactionTrackerOperations.select_customer()
2018-12-28 15:18:10,372 INFO: Executing TransactionTrackerOperations.select_customer()
2018-12-28 15:18:23,913 INFO: Executing TransactionTrackerOperations.get_CM_parcels()
2018-12-28 15:18:27,651 INFO: NoSuchElementException in TransactionTrackerOperations.get_CM_parcels()
2018-12-28 15:18:33,245 INFO: NoSuchElementException in TransactionTrackerOperations.get_CM_parcels()
2018-12-28 15:18:38,914 INFO: NoSuchElementException in TransactionTrackerOperations.get_CM_parcels()
2018-12-28 15:18:46,242 INFO: NoSuchElementException in TransactionTrackerOperations.get_CM_parcels()
2018-12-28 15:18:52,425 INFO: NoSuchElementException in TransactionTrackerOperations.get_CM_parcels()
2018-12-28 15:18:59,365 INFO: NoSuchElementException in TransactionTrackerOperations.get_CM_parcels()
2018-12-28 15:19:07,119 INFO: NoSuchElementException in TransactionTrackerOperations.get_CM_parcels()
2018-12-28 15:19:12,685 INFO: NoSuchElementException in TransactionTrackerOperations.get_CM_parcels()
2018-12-28 15:19:18,684 INFO: NoSuchElementException in TransactionTrackerOperations.get_CM_parcels()
2018-12-28 15:19:24,137 INFO: NoSuchElementException in TransactionTrackerOperations.get_CM_parcels()
2018-12-28 15:19:29,424 INFO: NoSuchElementException in TransactionTrackerOperations.get_CM_parcels()
2018-12-28 15:19:34,686 INFO: NoSuchElementException in TransactionTrackerOperations.get_CM_parcels()
2018-12-28 15:19:39,847 INFO: NoSuchElementException in TransactionTrackerOperations.get_CM_parcels()
2018-12-28 15:19:44,958 INFO: NoSuchElementException in TransactionTrackerOperations.get_CM_parcels()
2018-12-28 15:19:50,255 INFO: NoSuchElementException in TransactionTrackerOperations.get_CM_parcels()
2018-12-28 15:19:55,833 INFO: NoSuchElementException in TransactionTrackerOperations.get_CM_parcels()
2018-12-28 15:19:59,571 INFO: NoSuchElementException in TransactionTrackerOperations.get_CM_parcels()
2018-12-28 15:20:07,629 INFO: Executing TransactionTrackerOperations.search_process_for_CMPDM() for: Performance Health|McKesson HALIFAX REGIONAL HOSPITAL|810
2018-12-28 15:20:08,366 INFO: Executing TransactionTrackerOperations.select_customer()
2018-12-28 15:20:15,630 INFO: Executing TransactionTrackerOperations.select_customer()
2018-12-28 15:20:28,221 INFO: Executing TransactionTrackerOperations.get_CM_parcels()
2018-12-28 15:20:34,507 INFO: Executing TransactionTrackerOperations.search_process_for_CMPDM() for: Performance Health|McKesson HATTISBURG CLINIC|810
2018-12-28 15:20:34,583 INFO: Executing TransactionTrackerOperations.select_customer()
2018-12-28 15:20:41,582 INFO: Executing TransactionTrackerOperations.select_customer()
2018-12-28 15:20:54,191 INFO: Executing TransactionTrackerOperations.get_CM_parcels()
2018-12-28 15:21:00,298 INFO: Executing TransactionTrackerOperations.search_process_for_CMPDM() for: Performance Health|McKesson IL BONE AND JOINT|810
2018-12-28 15:21:01,035 INFO: Executing TransactionTrackerOperations.select_customer()
2018-12-28 15:21:08,201 INFO: Executing TransactionTrackerOperations.select_customer()
2018-12-28 15:21:20,762 INFO: Executing TransactionTrackerOperations.get_CM_parcels()
2018-12-28 15:21:26,414 INFO: Executing TransactionTrackerOperations.search_process_for_CMPDM() for: Performance Health|McKesson LAKE CHARLES MEMORIAL HOSPITAL|810
2018-12-28 15:21:27,409 INFO: Executing TransactionTrackerOperations.select_customer()
2018-12-28 15:21:34,501 INFO: Executing TransactionTrackerOperations.select_customer()
2018-12-28 15:21:47,761 INFO: Executing TransactionTrackerOperations.get_CM_parcels()
2018-12-28 15:21:53,915 INFO: Executing TransactionTrackerOperations.search_process_for_CMPDM() for: Performance Health|McKesson LAWRENCE MEMORIAL HOSPITAL|810
2018-12-28 15:21:54,345 INFO: Executing TransactionTrackerOperations.select_customer()
2018-12-28 15:22:01,324 INFO: Executing TransactionTrackerOperations.select_customer()
2018-12-28 15:22:14,071 INFO: Executing TransactionTrackerOperations.get_CM_parcels()
2018-12-28 15:22:17,461 INFO: NoSuchElementException in TransactionTrackerOperations.get_CM_parcels()
2018-12-28 15:22:22,943 INFO: NoSuchElementException in TransactionTrackerOperations.get_CM_parcels()
2018-12-28 15:22:28,164 INFO: NoSuchElementException in TransactionTrackerOperations.get_CM_parcels()
2018-12-28 15:22:33,104 INFO: NoSuchElementException in TransactionTrackerOperations.get_CM_parcels()
2018-12-28 15:22:37,998 INFO: NoSuchElementException in TransactionTrackerOperations.get_CM_parcels()
2018-12-28 15:22:44,701 INFO: Executing TransactionTrackerOperations.search_process_for_CMPDM() for: Performance Health|McKesson LEESBURG REGIONAL|810
2018-12-28 15:22:44,884 INFO: Executing TransactionTrackerOperations.select_customer()
2018-12-28 15:22:52,108 INFO: Executing TransactionTrackerOperations.select_customer()
2018-12-28 15:23:04,451 INFO: Executing TransactionTrackerOperations.get_CM_parcels()
2018-12-28 15:23:05,414 INFO: NoSuchElementException in TransactionTrackerOperations.get_CM_parcels()
2018-12-28 15:23:11,635 INFO: Executing TransactionTrackerOperations.search_process_for_CMPDM() for: Performance Health|McKesson LOMA LINDA UNIVERSITY MEDICAL CENTER|810
2018-12-28 15:23:12,366 INFO: Executing TransactionTrackerOperations.select_customer()
2018-12-28 15:23:19,397 INFO: Executing TransactionTrackerOperations.select_customer()
2018-12-28 15:23:32,168 INFO: Executing TransactionTrackerOperations.get_CM_parcels()
2018-12-28 15:23:32,486 INFO: NoSuchElementException in TransactionTrackerOperations.get_CM_parcels()
2018-12-28 15:23:39,300 INFO: Executing TransactionTrackerOperations.search_process_for_CMPDM() for: Performance Health|McKesson MCG HEALTH INC|810
2018-12-28 15:23:39,659 INFO: Executing TransactionTrackerOperations.select_customer()
2018-12-28 15:23:46,924 INFO: Executing TransactionTrackerOperations.select_customer()
2018-12-28 15:23:59,418 INFO: Executing TransactionTrackerOperations.get_CM_parcels()
2018-12-28 15:24:03,001 INFO: NoSuchElementException in TransactionTrackerOperations.get_CM_parcels()
2018-12-28 15:24:08,831 INFO: NoSuchElementException in TransactionTrackerOperations.get_CM_parcels()
2018-12-28 15:24:13,966 INFO: NoSuchElementException in TransactionTrackerOperations.get_CM_parcels()
2018-12-28 15:24:18,984 INFO: NoSuchElementException in TransactionTrackerOperations.get_CM_parcels()
2018-12-28 15:24:23,240 INFO: NoSuchElementException in TransactionTrackerOperations.get_CM_parcels()
2018-12-28 15:24:29,452 INFO: Executing TransactionTrackerOperations.search_process_for_CMPDM() for: Performance Health|McKesson NCH HEALTHCARE|810
2018-12-28 15:24:30,453 INFO: Executing TransactionTrackerOperations.select_customer()
2018-12-28 15:24:37,499 INFO: Executing TransactionTrackerOperations.select_customer()
2018-12-28 15:24:49,882 INFO: Executing TransactionTrackerOperations.get_CM_parcels()
2018-12-28 15:24:53,217 INFO: NoSuchElementException in TransactionTrackerOperations.get_CM_parcels()
2018-12-28 15:24:58,328 INFO: NoSuchElementException in TransactionTrackerOperations.get_CM_parcels()
2018-12-28 15:25:03,265 INFO: NoSuchElementException in TransactionTrackerOperations.get_CM_parcels()
2018-12-28 15:25:08,186 INFO: NoSuchElementException in TransactionTrackerOperations.get_CM_parcels()
2018-12-28 15:25:13,135 INFO: NoSuchElementException in TransactionTrackerOperations.get_CM_parcels()
2018-12-28 15:25:18,102 INFO: NoSuchElementException in TransactionTrackerOperations.get_CM_parcels()
2018-12-28 15:25:23,087 INFO: NoSuchElementException in TransactionTrackerOperations.get_CM_parcels()
2018-12-28 15:25:31,523 INFO: Executing TransactionTrackerOperations.search_process_for_CMPDM() for: Performance Health|McKesson SACRED HEART HOSPITAL|810
2018-12-28 15:25:31,642 INFO: Executing TransactionTrackerOperations.select_customer()
2018-12-28 15:25:38,621 INFO: Executing TransactionTrackerOperations.select_customer()
2018-12-28 15:25:51,065 INFO: Executing TransactionTrackerOperations.get_CM_parcels()
2018-12-28 15:25:56,602 INFO: Executing TransactionTrackerOperations.search_process_for_CMPDM() for: Performance Health|McKesson SAINT FRANCES MEDICAL CENTER|810
2018-12-28 15:25:57,323 INFO: Executing TransactionTrackerOperations.select_customer()
2018-12-28 15:26:04,290 INFO: Executing TransactionTrackerOperations.select_customer()
2018-12-28 15:26:16,983 INFO: Executing TransactionTrackerOperations.get_CM_parcels()
2018-12-28 15:26:20,135 INFO: NoSuchElementException in TransactionTrackerOperations.get_CM_parcels()
2018-12-28 15:26:25,201 INFO: NoSuchElementException in TransactionTrackerOperations.get_CM_parcels()
2018-12-28 15:26:30,346 INFO: NoSuchElementException in TransactionTrackerOperations.get_CM_parcels()
2018-12-28 15:26:33,875 INFO: NoSuchElementException in TransactionTrackerOperations.get_CM_parcels()
2018-12-28 15:26:39,928 INFO: Executing TransactionTrackerOperations.search_process_for_CMPDM() for: Performance Health|McKesson SOUTHERN NEW HAMPSHIRE MEDICAL CENTER|810
2018-12-28 15:26:40,640 INFO: Executing TransactionTrackerOperations.select_customer()
2018-12-28 15:26:47,692 INFO: Executing TransactionTrackerOperations.select_customer()
2018-12-28 15:27:00,668 INFO: Executing TransactionTrackerOperations.get_CM_parcels()
2018-12-28 15:27:03,914 INFO: NoSuchElementException in TransactionTrackerOperations.get_CM_parcels()
2018-12-28 15:27:09,206 INFO: NoSuchElementException in TransactionTrackerOperations.get_CM_parcels()
2018-12-28 15:27:14,207 INFO: NoSuchElementException in TransactionTrackerOperations.get_CM_parcels()
2018-12-28 15:27:18,621 INFO: NoSuchElementException in TransactionTrackerOperations.get_CM_parcels()
2018-12-28 15:27:25,359 INFO: Executing TransactionTrackerOperations.search_process_for_CMPDM() for: Performance Health|McKesson TIFT REGIONAL MEDICAL CENTER|810
2018-12-28 15:27:25,660 INFO: Executing TransactionTrackerOperations.select_customer()
2018-12-28 15:27:32,673 INFO: Executing TransactionTrackerOperations.select_customer()
2018-12-28 15:27:45,878 INFO: Executing TransactionTrackerOperations.get_CM_parcels()
2018-12-28 15:27:51,382 INFO: Executing TransactionTrackerOperations.search_process_for_CMPDM() for: Performance Health|McKesson TRINITY MOTHER FRANCES HOSPITAL|810
2018-12-28 15:27:52,326 INFO: Executing TransactionTrackerOperations.select_customer()
2018-12-28 15:27:59,368 INFO: Executing TransactionTrackerOperations.select_customer()
2018-12-28 15:28:12,196 INFO: Executing TransactionTrackerOperations.get_CM_parcels()
2018-12-28 15:28:15,522 INFO: NoSuchElementException in TransactionTrackerOperations.get_CM_parcels()
2018-12-28 15:28:20,711 INFO: NoSuchElementException in TransactionTrackerOperations.get_CM_parcels()
2018-12-28 15:28:25,858 INFO: NoSuchElementException in TransactionTrackerOperations.get_CM_parcels()
2018-12-28 15:28:30,973 INFO: NoSuchElementException in TransactionTrackerOperations.get_CM_parcels()
2018-12-28 15:28:37,221 INFO: NoSuchElementException in TransactionTrackerOperations.get_CM_parcels()
2018-12-28 15:28:42,711 INFO: NoSuchElementException in TransactionTrackerOperations.get_CM_parcels()
2018-12-28 15:28:49,232 INFO: NoSuchElementException in TransactionTrackerOperations.get_CM_parcels()
2018-12-28 15:28:51,802 INFO: NoSuchElementException in TransactionTrackerOperations.get_CM_parcels()
2018-12-28 15:28:59,406 INFO: Executing TransactionTrackerOperations.search_process_for_CMPDM() for: Performance Health|McKesson Truman Medical Center|810
2018-12-28 15:29:00,353 INFO: Executing TransactionTrackerOperations.select_customer()
2018-12-28 15:29:07,536 INFO: Executing TransactionTrackerOperations.select_customer()
2018-12-28 15:29:23,133 INFO: Executing TransactionTrackerOperations.get_CM_parcels()
2018-12-28 15:29:30,194 INFO: Executing TransactionTrackerOperations.search_process_for_CMPDM() for: Performance Health|McKesson UNITED HOSPITAL SYSTEM INC|810
2018-12-28 15:29:33,308 INFO: Executing TransactionTrackerOperations.select_customer()
2018-12-28 15:29:41,839 INFO: Executing TransactionTrackerOperations.select_customer()
2018-12-28 15:29:57,797 INFO: Executing TransactionTrackerOperations.get_CM_parcels()
2018-12-28 15:30:01,909 INFO: NoSuchElementException in TransactionTrackerOperations.get_CM_parcels()
2018-12-28 15:30:07,581 INFO: NoSuchElementException in TransactionTrackerOperations.get_CM_parcels()
2018-12-28 15:30:13,113 INFO: NoSuchElementException in TransactionTrackerOperations.get_CM_parcels()
2018-12-28 15:30:16,554 INFO: NoSuchElementException in TransactionTrackerOperations.get_CM_parcels()
2018-12-28 15:30:23,545 INFO: Executing TransactionTrackerOperations.search_process_for_CMPDM() for: Performance Health|McKesson VAIL VALLEY MEDICAL CENTER|810
2018-12-28 15:30:23,716 INFO: Executing TransactionTrackerOperations.select_customer()
2018-12-28 15:30:30,909 INFO: Executing TransactionTrackerOperations.select_customer()
2018-12-28 15:30:43,943 INFO: Executing TransactionTrackerOperations.get_CM_parcels()
2018-12-28 15:30:47,420 INFO: NoSuchElementException in TransactionTrackerOperations.get_CM_parcels()
2018-12-28 15:30:53,014 INFO: NoSuchElementException in TransactionTrackerOperations.get_CM_parcels()
2018-12-28 15:30:58,622 INFO: NoSuchElementException in TransactionTrackerOperations.get_CM_parcels()
2018-12-28 15:31:03,692 INFO: NoSuchElementException in TransactionTrackerOperations.get_CM_parcels()
2018-12-28 15:31:08,754 INFO: NoSuchElementException in TransactionTrackerOperations.get_CM_parcels()
2018-12-28 15:31:14,725 INFO: NoSuchElementException in TransactionTrackerOperations.get_CM_parcels()
2018-12-28 15:31:20,385 INFO: NoSuchElementException in TransactionTrackerOperations.get_CM_parcels()
2018-12-28 15:31:26,507 INFO: NoSuchElementException in TransactionTrackerOperations.get_CM_parcels()
2018-12-28 15:31:32,156 INFO: NoSuchElementException in TransactionTrackerOperations.get_CM_parcels()
2018-12-28 15:31:38,699 INFO: NoSuchElementException in TransactionTrackerOperations.get_CM_parcels()
2018-12-28 15:31:45,682 INFO: NoSuchElementException in TransactionTrackerOperations.get_CM_parcels()
2018-12-28 15:31:50,980 INFO: NoSuchElementException in TransactionTrackerOperations.get_CM_parcels()
2018-12-28 15:31:56,161 INFO: NoSuchElementException in TransactionTrackerOperations.get_CM_parcels()
2018-12-28 15:32:01,259 INFO: NoSuchElementException in TransactionTrackerOperations.get_CM_parcels()
2018-12-28 15:32:06,558 INFO: NoSuchElementException in TransactionTrackerOperations.get_CM_parcels()
2018-12-28 15:32:11,821 INFO: NoSuchElementException in TransactionTrackerOperations.get_CM_parcels()
2018-12-28 15:32:16,875 INFO: NoSuchElementException in TransactionTrackerOperations.get_CM_parcels()
2018-12-28 15:32:23,103 INFO: NoSuchElementException in TransactionTrackerOperations.get_CM_parcels()
2018-12-28 15:32:28,076 INFO: NoSuchElementException in TransactionTrackerOperations.get_CM_parcels()
2018-12-28 15:32:36,803 INFO: Executing TransactionTrackerOperations.search_process_for_CMPDM() for: Performance Health|McKesson WHEATON FRANCISCAN HEALTHCARE|810
2018-12-28 15:32:37,640 INFO: Executing TransactionTrackerOperations.select_customer()
2018-12-28 15:32:44,657 INFO: Executing TransactionTrackerOperations.select_customer()
2018-12-28 15:32:58,047 INFO: Executing TransactionTrackerOperations.get_CM_parcels()
2018-12-28 15:33:04,691 INFO: Executing TransactionTrackerOperations.search_process_for_CMPDM() for: Performance Health|MFA DSSI|810
2018-12-28 15:33:04,902 INFO: Executing TransactionTrackerOperations.select_customer()
2018-12-28 15:33:11,901 INFO: Executing TransactionTrackerOperations.select_customer()
2018-12-28 15:33:23,299 INFO: Executing TransactionTrackerOperations.get_CM_parcels()
2018-12-28 15:33:29,653 INFO: Executing TransactionTrackerOperations.search_process_for_CMPDM() for: Performance Health|MIDWEST GERIATRIC DSSI|810
2018-12-28 15:33:29,845 INFO: Executing TransactionTrackerOperations.select_customer()
2018-12-28 15:33:36,814 INFO: Executing TransactionTrackerOperations.select_customer()
2018-12-28 15:33:49,008 INFO: Executing TransactionTrackerOperations.get_CM_parcels()
2018-12-28 15:33:49,335 INFO: NoSuchElementException in TransactionTrackerOperations.get_CM_parcels()
2018-12-28 15:33:56,159 INFO: Executing TransactionTrackerOperations.search_process_for_CMPDM() for: Performance Health|MIDWEST HEALTH DSSI|810
2018-12-28 15:33:56,325 INFO: Executing TransactionTrackerOperations.select_customer()
2018-12-28 15:34:03,333 INFO: Executing TransactionTrackerOperations.select_customer()
2018-12-28 15:34:15,142 INFO: Executing TransactionTrackerOperations.get_CM_parcels()
2018-12-28 15:34:18,735 INFO: NoSuchElementException in TransactionTrackerOperations.get_CM_parcels()
2018-12-28 15:34:23,755 INFO: NoSuchElementException in TransactionTrackerOperations.get_CM_parcels()
2018-12-28 15:34:28,808 INFO: NoSuchElementException in TransactionTrackerOperations.get_CM_parcels()
2018-12-28 15:34:31,539 INFO: NoSuchElementException in TransactionTrackerOperations.get_CM_parcels()
2018-12-28 15:34:38,512 INFO: Executing TransactionTrackerOperations.search_process_for_CMPDM() for: Performance Health|MISSION HEALTH DSSI|810
2018-12-28 15:34:38,890 INFO: Executing TransactionTrackerOperations.select_customer()
2018-12-28 15:34:45,873 INFO: Executing TransactionTrackerOperations.select_customer()
2018-12-28 15:34:57,589 INFO: Executing TransactionTrackerOperations.get_CM_parcels()
2018-12-28 15:35:00,876 INFO: NoSuchElementException in TransactionTrackerOperations.get_CM_parcels()
2018-12-28 15:35:05,863 INFO: NoSuchElementException in TransactionTrackerOperations.get_CM_parcels()
2018-12-28 15:35:10,866 INFO: NoSuchElementException in TransactionTrackerOperations.get_CM_parcels()
2018-12-28 15:35:15,698 INFO: NoSuchElementException in TransactionTrackerOperations.get_CM_parcels()
2018-12-28 15:35:20,563 INFO: NoSuchElementException in TransactionTrackerOperations.get_CM_parcels()
2018-12-28 15:35:25,509 INFO: NoSuchElementException in TransactionTrackerOperations.get_CM_parcels()
2018-12-28 15:35:30,458 INFO: NoSuchElementException in TransactionTrackerOperations.get_CM_parcels()
2018-12-28 15:35:34,845 INFO: NoSuchElementException in TransactionTrackerOperations.get_CM_parcels()
2018-12-28 15:35:40,859 INFO: Executing TransactionTrackerOperations.search_process_for_CMPDM() for: Performance Health|NEXION DSSI|810
2018-12-28 15:35:41,791 INFO: Executing TransactionTrackerOperations.select_customer()
2018-12-28 15:35:48,852 INFO: Executing TransactionTrackerOperations.select_customer()
2018-12-28 15:36:00,442 INFO: Executing TransactionTrackerOperations.get_CM_parcels()
2018-12-28 15:36:03,587 INFO: NoSuchElementException in TransactionTrackerOperations.get_CM_parcels()
2018-12-28 15:36:08,637 INFO: NoSuchElementException in TransactionTrackerOperations.get_CM_parcels()
2018-12-28 15:36:13,642 INFO: NoSuchElementException in TransactionTrackerOperations.get_CM_parcels()
2018-12-28 15:36:18,521 INFO: NoSuchElementException in TransactionTrackerOperations.get_CM_parcels()
2018-12-28 15:36:23,598 INFO: NoSuchElementException in TransactionTrackerOperations.get_CM_parcels()
2018-12-28 15:36:28,510 INFO: NoSuchElementException in TransactionTrackerOperations.get_CM_parcels()
2018-12-28 15:36:33,541 INFO: NoSuchElementException in TransactionTrackerOperations.get_CM_parcels()
2018-12-28 15:36:38,429 INFO: NoSuchElementException in TransactionTrackerOperations.get_CM_parcels()
2018-12-28 15:36:43,380 INFO: NoSuchElementException in TransactionTrackerOperations.get_CM_parcels()
2018-12-28 15:36:45,863 INFO: NoSuchElementException in TransactionTrackerOperations.get_CM_parcels()
2018-12-28 15:36:53,147 INFO: Executing TransactionTrackerOperations.search_process_for_CMPDM() for: Performance Health|NOLAND HEALTH SERVICES DSSI|810
2018-12-28 15:36:53,307 INFO: Executing TransactionTrackerOperations.select_customer()
2018-12-28 15:37:00,353 INFO: Executing TransactionTrackerOperations.select_customer()
2018-12-28 15:37:12,614 INFO: Executing TransactionTrackerOperations.get_CM_parcels()
2018-12-28 15:37:15,817 INFO: NoSuchElementException in TransactionTrackerOperations.get_CM_parcels()
2018-12-28 15:37:21,077 INFO: NoSuchElementException in TransactionTrackerOperations.get_CM_parcels()
2018-12-28 15:37:26,139 INFO: NoSuchElementException in TransactionTrackerOperations.get_CM_parcels()
2018-12-28 15:37:31,057 INFO: NoSuchElementException in TransactionTrackerOperations.get_CM_parcels()
2018-12-28 15:37:36,239 INFO: NoSuchElementException in TransactionTrackerOperations.get_CM_parcels()
2018-12-28 15:37:38,997 INFO: NoSuchElementException in TransactionTrackerOperations.get_CM_parcels()
2018-12-28 15:37:45,194 INFO: Executing TransactionTrackerOperations.search_process_for_CMPDM() for: Performance Health|NORTHPORT DSSI|810
2018-12-28 15:37:46,031 INFO: Executing TransactionTrackerOperations.select_customer()
2018-12-28 15:37:53,359 INFO: Executing TransactionTrackerOperations.select_customer()
2018-12-28 15:38:05,110 INFO: Executing TransactionTrackerOperations.get_CM_parcels()
2018-12-28 15:38:11,188 INFO: Executing TransactionTrackerOperations.search_process_for_CMPDM() for: Performance Health|NUVISION DSSI|810
2018-12-28 15:38:11,262 INFO: Executing TransactionTrackerOperations.select_customer()
2018-12-28 15:38:18,244 INFO: Executing TransactionTrackerOperations.select_customer()
2018-12-28 15:38:29,919 INFO: Executing TransactionTrackerOperations.get_CM_parcels()
2018-12-28 15:38:33,350 INFO: NoSuchElementException in TransactionTrackerOperations.get_CM_parcels()
2018-12-28 15:38:39,164 INFO: NoSuchElementException in TransactionTrackerOperations.get_CM_parcels()
2018-12-28 15:38:44,196 INFO: NoSuchElementException in TransactionTrackerOperations.get_CM_parcels()
2018-12-28 15:38:51,775 INFO: Executing TransactionTrackerOperations.search_process_for_CMPDM() for: Performance Health|ONIX GROUP DSSI|810
2018-12-28 15:38:52,684 INFO: Executing TransactionTrackerOperations.select_customer()
2018-12-28 15:38:59,752 INFO: Executing TransactionTrackerOperations.select_customer()
2018-12-28 15:39:11,750 INFO: Executing TransactionTrackerOperations.get_CM_parcels()
2018-12-28 15:39:14,930 INFO: NoSuchElementException in TransactionTrackerOperations.get_CM_parcels()
2018-12-28 15:39:19,940 INFO: NoSuchElementException in TransactionTrackerOperations.get_CM_parcels()
2018-12-28 15:39:24,951 INFO: NoSuchElementException in TransactionTrackerOperations.get_CM_parcels()
2018-12-28 15:39:30,003 INFO: NoSuchElementException in TransactionTrackerOperations.get_CM_parcels()
2018-12-28 15:39:33,025 INFO: NoSuchElementException in TransactionTrackerOperations.get_CM_parcels()
2018-12-28 15:39:39,071 INFO: Executing TransactionTrackerOperations.search_process_for_CMPDM() for: Performance Health|PENNMED CONSULTANTS INC DSSI|810
2018-12-28 15:39:39,918 INFO: Executing TransactionTrackerOperations.select_customer()
2018-12-28 15:39:46,886 INFO: Executing TransactionTrackerOperations.select_customer()
2018-12-28 15:39:58,987 INFO: Executing TransactionTrackerOperations.get_CM_parcels()
2018-12-28 15:40:04,520 INFO: Executing TransactionTrackerOperations.search_process_for_CMPDM() for: Performance Health|PREFERRED CARE DSSI|810
2018-12-28 15:40:05,297 INFO: Executing TransactionTrackerOperations.select_customer()
2018-12-28 15:40:12,274 INFO: Executing TransactionTrackerOperations.select_customer()
2018-12-28 15:40:24,158 INFO: Executing TransactionTrackerOperations.get_CM_parcels()
2018-12-28 15:40:29,623 INFO: Executing TransactionTrackerOperations.search_process_for_CMPDM() for: Performance Health|PRESBYTERIAN HOMES AND SERVICES DSSI|810
2018-12-28 15:40:30,397 INFO: Executing TransactionTrackerOperations.select_customer()
2018-12-28 15:40:37,400 INFO: Executing TransactionTrackerOperations.select_customer()
2018-12-28 15:40:49,780 INFO: Executing TransactionTrackerOperations.get_CM_parcels()
2018-12-28 15:40:53,005 INFO: NoSuchElementException in TransactionTrackerOperations.get_CM_parcels()
2018-12-28 15:40:58,005 INFO: NoSuchElementException in TransactionTrackerOperations.get_CM_parcels()
2018-12-28 15:41:03,002 INFO: NoSuchElementException in TransactionTrackerOperations.get_CM_parcels()
2018-12-28 15:41:08,087 INFO: NoSuchElementException in TransactionTrackerOperations.get_CM_parcels()
2018-12-28 15:41:13,037 INFO: NoSuchElementException in TransactionTrackerOperations.get_CM_parcels()
2018-12-28 15:41:18,022 INFO: NoSuchElementException in TransactionTrackerOperations.get_CM_parcels()
2018-12-28 15:41:22,462 INFO: NoSuchElementException in TransactionTrackerOperations.get_CM_parcels()
2018-12-28 15:41:29,697 INFO: Executing TransactionTrackerOperations.search_process_for_CMPDM() for: Performance Health|PRESBYTERIAN SENIOR LIVING DSSI|810
2018-12-28 15:41:30,123 INFO: Executing TransactionTrackerOperations.select_customer()
2018-12-28 15:41:37,191 INFO: Executing TransactionTrackerOperations.select_customer()
2018-12-28 15:41:49,526 INFO: Executing TransactionTrackerOperations.get_CM_parcels()
2018-12-28 15:41:52,752 INFO: NoSuchElementException in TransactionTrackerOperations.get_CM_parcels()
2018-12-28 15:41:57,769 INFO: NoSuchElementException in TransactionTrackerOperations.get_CM_parcels()
2018-12-28 15:42:02,856 INFO: NoSuchElementException in TransactionTrackerOperations.get_CM_parcels()
2018-12-28 15:42:07,959 INFO: NoSuchElementException in TransactionTrackerOperations.get_CM_parcels()
2018-12-28 15:42:11,858 INFO: NoSuchElementException in TransactionTrackerOperations.get_CM_parcels()
2018-12-28 15:42:18,681 INFO: Executing TransactionTrackerOperations.search_process_for_CMPDM() for: Performance Health|QUALITY LIFE SERVICES DSSI|810
2018-12-28 15:42:18,762 INFO: Executing TransactionTrackerOperations.select_customer()
2018-12-28 15:42:25,735 INFO: Executing TransactionTrackerOperations.select_customer()
2018-12-28 15:42:37,744 INFO: Executing TransactionTrackerOperations.get_CM_parcels()
2018-12-28 15:42:40,850 INFO: NoSuchElementException in TransactionTrackerOperations.get_CM_parcels()
2018-12-28 15:42:45,846 INFO: NoSuchElementException in TransactionTrackerOperations.get_CM_parcels()
2018-12-28 15:42:50,824 INFO: NoSuchElementException in TransactionTrackerOperations.get_CM_parcels()
2018-12-28 15:42:55,812 INFO: NoSuchElementException in TransactionTrackerOperations.get_CM_parcels()
2018-12-28 15:43:00,883 INFO: NoSuchElementException in TransactionTrackerOperations.get_CM_parcels()
2018-12-28 15:43:05,793 INFO: NoSuchElementException in TransactionTrackerOperations.get_CM_parcels()
2018-12-28 15:43:09,604 INFO: NoSuchElementException in TransactionTrackerOperations.get_CM_parcels()
2018-12-28 15:43:16,368 INFO: Executing TransactionTrackerOperations.search_process_for_CMPDM() for: Performance Health|Quest Healthcare Development DSSI|810
2018-12-28 15:43:16,427 INFO: Executing TransactionTrackerOperations.select_customer()
2018-12-28 15:43:23,397 INFO: Executing TransactionTrackerOperations.select_customer()
2018-12-28 15:43:35,373 INFO: Executing TransactionTrackerOperations.get_CM_parcels()
2018-12-28 15:43:41,558 INFO: Executing TransactionTrackerOperations.search_process_for_CMPDM() for: Performance Health|Regency Integrated Health Services DSSI|810
2018-12-28 15:43:41,600 INFO: Executing TransactionTrackerOperations.select_customer()
2018-12-28 15:43:48,587 INFO: Executing TransactionTrackerOperations.select_customer()
2018-12-28 15:44:00,877 INFO: Executing TransactionTrackerOperations.get_CM_parcels()
2018-12-28 15:44:07,049 INFO: Executing TransactionTrackerOperations.search_process_for_CMPDM() for: Performance Health|RENNES HEALTH DSSI|810
2018-12-28 15:44:07,147 INFO: Executing TransactionTrackerOperations.select_customer()
2018-12-28 15:44:14,123 INFO: Executing TransactionTrackerOperations.select_customer()
2018-12-28 15:44:26,519 INFO: Executing TransactionTrackerOperations.get_CM_parcels()
2018-12-28 15:44:30,028 INFO: NoSuchElementException in TransactionTrackerOperations.get_CM_parcels()
2018-12-28 15:44:35,118 INFO: NoSuchElementException in TransactionTrackerOperations.get_CM_parcels()
2018-12-28 15:44:40,044 INFO: NoSuchElementException in TransactionTrackerOperations.get_CM_parcels()
2018-12-28 15:44:44,975 INFO: NoSuchElementException in TransactionTrackerOperations.get_CM_parcels()
2018-12-28 15:44:49,960 INFO: NoSuchElementException in TransactionTrackerOperations.get_CM_parcels()
2018-12-28 15:44:54,318 INFO: NoSuchElementException in TransactionTrackerOperations.get_CM_parcels()
2018-12-28 15:45:02,631 INFO: Executing TransactionTrackerOperations.search_process_for_CMPDM() for: Performance Health|SABER HEALTHCARE DSSI|810
2018-12-28 15:45:02,999 INFO: Executing TransactionTrackerOperations.select_customer()
2018-12-28 15:46:45,498 ERROR: Error in CMProductionDataMonitoring.TaskFilter()
2018-12-28 15:46:51,910 INFO: Executing TransactionTrackerOperations.search_process_for_CMPDM() for: Performance Health|SPRENGER HEALTHCARE DSSI|810
2018-12-28 15:46:51,925 INFO: Executing TransactionTrackerOperations.select_customer()
2018-12-28 15:48:34,348 ERROR: Error in CMProductionDataMonitoring.TaskFilter()
2018-12-28 15:48:38,891 INFO: Executing TransactionTrackerOperations.search_process_for_CMPDM() for: Performance Health|SPRINGPOINT DSSI|810
2018-12-28 15:48:38,917 INFO: Executing TransactionTrackerOperations.select_customer()
2018-12-28 15:50:20,976 ERROR: Error in CMProductionDataMonitoring.TaskFilter()
2018-12-28 15:50:27,480 INFO: Executing TransactionTrackerOperations.search_process_for_CMPDM() for: Performance Health|STONERISE MEDICAL DSSI|810
2018-12-28 15:50:27,502 INFO: Executing TransactionTrackerOperations.select_customer()
2018-12-28 15:52:09,540 ERROR: Error in CMProductionDataMonitoring.TaskFilter()
2018-12-28 15:52:14,017 INFO: Executing TransactionTrackerOperations.search_process_for_CMPDM() for: Performance Health|TAMARAC ADMINISTRACTIVE SERVICES DSSI|810
2018-12-28 15:52:14,691 INFO: Executing TransactionTrackerOperations.select_customer()
2018-12-28 15:53:56,789 ERROR: Error in CMProductionDataMonitoring.TaskFilter()
2018-12-28 15:54:03,184 INFO: Executing TransactionTrackerOperations.search_process_for_CMPDM() for: Performance Health|TANDEM HEALTHCARE DSSI|810
2018-12-28 15:54:03,203 INFO: Executing TransactionTrackerOperations.select_customer()
2018-12-28 15:55:45,516 ERROR: Error in CMProductionDataMonitoring.TaskFilter()
2018-12-28 15:55:51,995 INFO: Executing TransactionTrackerOperations.search_process_for_CMPDM() for: Performance Health|TARA CARES LLC DSSI|810
2018-12-28 15:55:52,010 INFO: Executing TransactionTrackerOperations.select_customer()
2018-12-28 15:57:34,457 ERROR: Error in CMProductionDataMonitoring.TaskFilter()
2018-12-28 15:57:38,980 INFO: Executing TransactionTrackerOperations.search_process_for_CMPDM() for: Performance Health|TEALWOOD TWN DSSI|810
2018-12-28 15:57:39,001 INFO: Executing TransactionTrackerOperations.select_customer()
2018-12-28 15:59:21,396 ERROR: Error in CMProductionDataMonitoring.TaskFilter()
2018-12-28 15:59:25,914 INFO: Executing TransactionTrackerOperations.search_process_for_CMPDM() for: Performance Health|TRANS HEALTH CARE DSSI|810
2018-12-28 15:59:25,936 INFO: Executing TransactionTrackerOperations.select_customer()
2018-12-28 16:01:08,238 ERROR: Error in CMProductionDataMonitoring.TaskFilter()
2018-12-28 16:01:12,722 INFO: Executing TransactionTrackerOperations.search_process_for_CMPDM() for: Performance Health|UNITED MEDICAL DSSI|810
2018-12-28 16:01:13,280 INFO: Executing TransactionTrackerOperations.select_customer()
2018-12-28 16:02:55,719 ERROR: Error in CMProductionDataMonitoring.TaskFilter()
2018-12-28 16:03:00,228 INFO: Executing TransactionTrackerOperations.search_process_for_CMPDM() for: Performance Health|WILMAC DSSI|810
2018-12-28 16:03:00,947 INFO: Executing TransactionTrackerOperations.select_customer()
2018-12-28 16:04:43,282 ERROR: Error in CMProductionDataMonitoring.TaskFilter()
2018-12-28 16:04:49,667 INFO: Executing TransactionTrackerOperations.search_process_for_CMPDM() for: Performance Health|Senior Care Centers LLC|810
2018-12-28 16:04:49,688 INFO: Executing TransactionTrackerOperations.select_customer()
2018-12-28 16:06:32,046 ERROR: Error in CMProductionDataMonitoring.TaskFilter()
2018-12-28 16:06:38,569 INFO: Executing TransactionTrackerOperations.search_process_for_CMPDM() for: Performance Health|AMERICAN SENIOR COMMUNITIES DSSI|810
2018-12-28 16:06:38,585 INFO: Executing TransactionTrackerOperations.select_customer()
2018-12-28 16:08:20,940 ERROR: Error in CMProductionDataMonitoring.TaskFilter()
2018-12-28 16:08:27,301 INFO: Executing TransactionTrackerOperations.search_process_for_CMPDM() for: Performance Health|BaneCare Management DSSI|810
2018-12-28 16:08:27,317 INFO: Executing TransactionTrackerOperations.select_customer()
2018-12-28 16:10:09,661 ERROR: Error in CMProductionDataMonitoring.TaskFilter()
2018-12-28 16:10:16,161 INFO: Executing TransactionTrackerOperations.search_process_for_CMPDM() for: Performance Health|DSSI Next Step Healthcare|810
2018-12-28 16:10:16,395 INFO: Executing TransactionTrackerOperations.select_customer()
2018-12-28 16:11:58,756 ERROR: Error in CMProductionDataMonitoring.TaskFilter()
