2018-10-29 11:46:21,128 INFO: Executing Script Credit Memo Prodution Data Monitoring
2018-10-29 11:46:27,899 INFO: Login in to Launchpad
2018-10-29 11:46:46,164 INFO: Refreshing access_token
2018-10-29 11:46:50,408 INFO: Executing method 'search_process' from TransactionTrackerOperations
2018-10-29 11:46:52,433 INFO: Executing method 'select_customer' from TransactionTrackerOperations
2018-10-29 11:47:01,238 INFO: Executing method 'select_customer' from TransactionTrackerOperations
2018-10-29 11:47:33,751 INFO: Executing method 'search_process' from TransactionTrackerOperations
2018-10-29 11:47:35,767 INFO: Executing method 'select_customer' from TransactionTrackerOperations
2018-10-29 11:47:44,422 INFO: Executing method 'select_customer' from TransactionTrackerOperations
2018-10-29 11:48:06,384 INFO: Executing method 'search_process' from TransactionTrackerOperations
2018-10-29 11:48:08,398 INFO: Executing method 'select_customer' from TransactionTrackerOperations
2018-10-29 11:48:17,235 INFO: Executing method 'select_customer' from TransactionTrackerOperations
2018-10-29 11:48:49,192 INFO: Executing method 'search_process' from TransactionTrackerOperations
2018-10-29 11:48:51,208 INFO: Executing method 'select_customer' from TransactionTrackerOperations
2018-10-29 11:48:59,894 INFO: Executing method 'select_customer' from TransactionTrackerOperations
2018-10-29 11:49:32,290 INFO: Executing method 'search_process' from TransactionTrackerOperations
2018-10-29 11:49:34,312 INFO: Executing method 'select_customer' from TransactionTrackerOperations
2018-10-29 11:49:43,014 INFO: Executing method 'select_customer' from TransactionTrackerOperations
2018-10-29 11:50:36,395 INFO: Executing method 'search_process' from TransactionTrackerOperations
2018-10-29 11:50:38,410 INFO: Executing method 'select_customer' from TransactionTrackerOperations
2018-10-29 11:50:47,231 INFO: Executing method 'select_customer' from TransactionTrackerOperations
2018-10-29 11:51:09,661 INFO: Executing method 'search_process' from TransactionTrackerOperations
2018-10-29 11:51:11,675 INFO: Executing method 'select_customer' from TransactionTrackerOperations
2018-10-29 11:51:20,470 INFO: Executing method 'select_customer' from TransactionTrackerOperations
2018-10-29 11:52:26,948 INFO: Executing method 'search_process' from TransactionTrackerOperations
2018-10-29 11:52:28,967 INFO: Executing method 'select_customer' from TransactionTrackerOperations
2018-10-29 11:52:37,657 INFO: Executing method 'select_customer' from TransactionTrackerOperations
2018-10-29 11:52:59,794 INFO: Executing method 'search_process' from TransactionTrackerOperations
2018-10-29 11:53:01,809 INFO: Executing method 'select_customer' from TransactionTrackerOperations
2018-10-29 11:53:10,524 INFO: Executing method 'select_customer' from TransactionTrackerOperations
2018-10-29 11:53:31,676 INFO: Executing method 'search_process' from TransactionTrackerOperations
2018-10-29 11:53:33,694 INFO: Executing method 'select_customer' from TransactionTrackerOperations
2018-10-29 11:53:42,404 INFO: Executing method 'select_customer' from TransactionTrackerOperations
2018-10-29 11:54:31,207 INFO: Executing method 'search_process' from TransactionTrackerOperations
2018-10-29 11:54:33,224 INFO: Executing method 'select_customer' from TransactionTrackerOperations
2018-10-29 11:54:41,892 INFO: Executing method 'select_customer' from TransactionTrackerOperations
2018-10-29 11:55:36,032 INFO: Executing method 'search_process' from TransactionTrackerOperations
2018-10-29 11:55:38,056 INFO: Executing method 'select_customer' from TransactionTrackerOperations
2018-10-29 11:55:46,879 INFO: Executing method 'select_customer' from TransactionTrackerOperations
2018-10-29 11:56:08,572 INFO: Executing method 'search_process' from TransactionTrackerOperations
2018-10-29 11:56:10,588 INFO: Executing method 'select_customer' from TransactionTrackerOperations
2018-10-29 11:56:19,360 INFO: Executing method 'select_customer' from TransactionTrackerOperations
2018-10-29 11:56:40,556 INFO: Executing method 'search_process' from TransactionTrackerOperations
2018-10-29 11:56:42,571 INFO: Executing method 'select_customer' from TransactionTrackerOperations
2018-10-29 11:56:51,227 INFO: Executing method 'select_customer' from TransactionTrackerOperations
2018-10-29 11:58:22,884 INFO: Executing method 'search_process' from TransactionTrackerOperations
2018-10-29 11:58:24,899 INFO: Executing method 'select_customer' from TransactionTrackerOperations
2018-10-29 11:58:33,711 INFO: Executing method 'select_customer' from TransactionTrackerOperations
2018-10-29 11:58:55,538 INFO: Executing method 'search_process' from TransactionTrackerOperations
2018-10-29 11:58:57,553 INFO: Executing method 'select_customer' from TransactionTrackerOperations
2018-10-29 11:59:06,402 INFO: Executing method 'select_customer' from TransactionTrackerOperations
2018-10-29 11:59:42,570 INFO: Executing method 'search_process' from TransactionTrackerOperations
2018-10-29 11:59:44,588 INFO: Executing method 'select_customer' from TransactionTrackerOperations
2018-10-29 11:59:53,236 INFO: Executing method 'select_customer' from TransactionTrackerOperations
2018-10-29 12:00:20,986 INFO: Executing method 'search_process' from TransactionTrackerOperations
2018-10-29 12:00:23,001 INFO: Executing method 'select_customer' from TransactionTrackerOperations
2018-10-29 12:00:31,801 INFO: Executing method 'select_customer' from TransactionTrackerOperations
2018-10-29 12:00:59,557 INFO: Executing method 'search_process' from TransactionTrackerOperations
2018-10-29 12:01:01,573 INFO: Executing method 'select_customer' from TransactionTrackerOperations
2018-10-29 12:01:10,256 INFO: Executing method 'select_customer' from TransactionTrackerOperations
2018-10-29 12:01:45,198 INFO: Executing method 'search_process' from TransactionTrackerOperations
2018-10-29 12:01:47,214 INFO: Executing method 'select_customer' from TransactionTrackerOperations
2018-10-29 12:01:55,999 INFO: Executing method 'select_customer' from TransactionTrackerOperations
2018-10-29 12:02:33,268 INFO: Executing method 'search_process' from TransactionTrackerOperations
2018-10-29 12:02:35,287 INFO: Executing method 'select_customer' from TransactionTrackerOperations
2018-10-29 12:02:43,931 INFO: Executing method 'select_customer' from TransactionTrackerOperations
2018-10-29 12:03:05,373 INFO: Executing method 'search_process' from TransactionTrackerOperations
2018-10-29 12:03:07,387 INFO: Executing method 'select_customer' from TransactionTrackerOperations
2018-10-29 12:03:16,111 INFO: Executing method 'select_customer' from TransactionTrackerOperations
2018-10-29 12:03:48,316 INFO: Executing method 'search_process' from TransactionTrackerOperations
2018-10-29 12:03:50,387 INFO: Executing method 'select_customer' from TransactionTrackerOperations
2018-10-29 12:03:59,096 INFO: Executing method 'select_customer' from TransactionTrackerOperations
2018-10-29 12:04:33,713 INFO: Executing method 'search_process' from TransactionTrackerOperations
2018-10-29 12:04:35,729 INFO: Executing method 'select_customer' from TransactionTrackerOperations
2018-10-29 12:04:44,412 INFO: Executing method 'select_customer' from TransactionTrackerOperations
2018-10-29 12:05:05,800 INFO: Executing method 'search_process' from TransactionTrackerOperations
2018-10-29 12:05:07,812 INFO: Executing method 'select_customer' from TransactionTrackerOperations
2018-10-29 12:05:16,628 INFO: Executing method 'select_customer' from TransactionTrackerOperations
2018-10-29 12:05:55,489 INFO: Executing method 'search_process' from TransactionTrackerOperations
2018-10-29 12:05:57,510 INFO: Executing method 'select_customer' from TransactionTrackerOperations
2018-10-29 12:06:06,165 INFO: Executing method 'select_customer' from TransactionTrackerOperations
2018-10-29 12:07:13,579 INFO: Executing method 'search_process' from TransactionTrackerOperations
2018-10-29 12:07:15,593 INFO: Executing method 'select_customer' from TransactionTrackerOperations
2018-10-29 12:07:24,391 INFO: Executing method 'select_customer' from TransactionTrackerOperations
2018-10-29 12:07:55,348 INFO: Executing method 'search_process' from TransactionTrackerOperations
2018-10-29 12:07:57,361 INFO: Executing method 'select_customer' from TransactionTrackerOperations
2018-10-29 12:08:06,188 INFO: Executing method 'select_customer' from TransactionTrackerOperations
2018-10-29 12:09:07,328 INFO: Executing method 'search_process' from TransactionTrackerOperations
2018-10-29 12:09:09,346 INFO: Executing method 'select_customer' from TransactionTrackerOperations
2018-10-29 12:09:18,055 INFO: Executing method 'select_customer' from TransactionTrackerOperations
2018-10-29 12:09:39,833 INFO: Executing method 'search_process' from TransactionTrackerOperations
2018-10-29 12:09:41,847 INFO: Executing method 'select_customer' from TransactionTrackerOperations
2018-10-29 12:09:50,555 INFO: Executing method 'select_customer' from TransactionTrackerOperations
2018-10-29 12:11:49,558 INFO: Executing method 'search_process' from TransactionTrackerOperations
2018-10-29 12:11:51,574 INFO: Executing method 'select_customer' from TransactionTrackerOperations
2018-10-29 12:12:00,427 INFO: Executing method 'select_customer' from TransactionTrackerOperations
2018-10-29 12:12:21,628 INFO: Executing method 'search_process' from TransactionTrackerOperations
2018-10-29 12:12:23,645 INFO: Executing method 'select_customer' from TransactionTrackerOperations
2018-10-29 12:12:32,282 INFO: Executing method 'select_customer' from TransactionTrackerOperations
2018-10-29 12:13:04,698 INFO: Executing method 'search_process' from TransactionTrackerOperations
2018-10-29 12:13:06,718 INFO: Executing method 'select_customer' from TransactionTrackerOperations
2018-10-29 12:13:15,631 INFO: Executing method 'select_customer' from TransactionTrackerOperations
2018-10-29 12:13:56,996 INFO: Executing method 'search_process' from TransactionTrackerOperations
2018-10-29 12:13:59,012 INFO: Executing method 'select_customer' from TransactionTrackerOperations
2018-10-29 12:14:07,796 INFO: Executing method 'select_customer' from TransactionTrackerOperations
2018-10-29 12:14:50,434 INFO: Executing method 'search_process' from TransactionTrackerOperations
2018-10-29 12:14:52,450 INFO: Executing method 'select_customer' from TransactionTrackerOperations
2018-10-29 12:15:01,189 INFO: Executing method 'select_customer' from TransactionTrackerOperations
2018-10-29 12:15:35,522 INFO: Executing method 'search_process' from TransactionTrackerOperations
2018-10-29 12:15:37,537 INFO: Executing method 'select_customer' from TransactionTrackerOperations
2018-10-29 12:15:46,192 INFO: Executing method 'select_customer' from TransactionTrackerOperations
2018-10-29 12:16:38,038 INFO: Executing method 'search_process' from TransactionTrackerOperations
2018-10-29 12:16:40,053 INFO: Executing method 'select_customer' from TransactionTrackerOperations
2018-10-29 12:16:48,756 INFO: Executing method 'select_customer' from TransactionTrackerOperations
2018-10-29 12:18:18,189 INFO: Executing method 'search_process' from TransactionTrackerOperations
2018-10-29 12:18:20,205 INFO: Executing method 'select_customer' from TransactionTrackerOperations
2018-10-29 12:18:28,889 INFO: Executing method 'select_customer' from TransactionTrackerOperations
2018-10-29 12:19:02,240 INFO: Executing method 'search_process' from TransactionTrackerOperations
2018-10-29 12:19:04,258 INFO: Executing method 'select_customer' from TransactionTrackerOperations
2018-10-29 12:19:12,931 INFO: Executing method 'select_customer' from TransactionTrackerOperations
2018-10-29 12:19:46,854 INFO: Executing method 'search_process' from TransactionTrackerOperations
2018-10-29 12:19:48,870 INFO: Executing method 'select_customer' from TransactionTrackerOperations
2018-10-29 12:19:57,547 INFO: Executing method 'select_customer' from TransactionTrackerOperations
2018-10-29 12:20:19,317 INFO: Executing method 'search_process' from TransactionTrackerOperations
2018-10-29 12:20:21,337 INFO: Executing method 'select_customer' from TransactionTrackerOperations
2018-10-29 12:20:30,032 INFO: Executing method 'select_customer' from TransactionTrackerOperations
2018-10-29 12:21:52,207 INFO: Executing method 'search_process' from TransactionTrackerOperations
2018-10-29 12:21:54,224 INFO: Executing method 'select_customer' from TransactionTrackerOperations
2018-10-29 12:22:02,897 INFO: Executing method 'select_customer' from TransactionTrackerOperations
2018-10-29 12:22:40,638 INFO: Executing method 'search_process' from TransactionTrackerOperations
2018-10-29 12:22:42,653 INFO: Executing method 'select_customer' from TransactionTrackerOperations
2018-10-29 12:22:51,319 INFO: Executing method 'select_customer' from TransactionTrackerOperations
2018-10-29 12:23:22,660 INFO: Executing method 'search_process' from TransactionTrackerOperations
2018-10-29 12:23:24,675 INFO: Executing method 'select_customer' from TransactionTrackerOperations
2018-10-29 12:23:33,352 INFO: Executing method 'select_customer' from TransactionTrackerOperations
2018-10-29 12:24:10,704 INFO: Executing method 'search_process' from TransactionTrackerOperations
2018-10-29 12:24:12,721 INFO: Executing method 'select_customer' from TransactionTrackerOperations
2018-10-29 12:24:21,456 INFO: Executing method 'select_customer' from TransactionTrackerOperations
2018-10-29 12:24:42,414 INFO: Executing method 'search_process' from TransactionTrackerOperations
2018-10-29 12:24:44,434 INFO: Executing method 'select_customer' from TransactionTrackerOperations
2018-10-29 12:24:53,103 INFO: Executing method 'select_customer' from TransactionTrackerOperations
2018-10-29 12:25:51,475 INFO: Executing method 'search_process' from TransactionTrackerOperations
2018-10-29 12:25:53,491 INFO: Executing method 'select_customer' from TransactionTrackerOperations
2018-10-29 12:26:02,136 INFO: Executing method 'select_customer' from TransactionTrackerOperations
2018-10-29 12:26:38,982 INFO: Executing method 'search_process' from TransactionTrackerOperations
2018-10-29 12:26:40,995 INFO: Executing method 'select_customer' from TransactionTrackerOperations
2018-10-29 12:26:49,628 INFO: Executing method 'select_customer' from TransactionTrackerOperations
2018-10-29 12:29:11,889 INFO: Executing method 'search_process' from TransactionTrackerOperations
2018-10-29 12:29:13,903 INFO: Executing method 'select_customer' from TransactionTrackerOperations
2018-10-29 12:29:22,564 INFO: Executing method 'select_customer' from TransactionTrackerOperations
2018-10-29 12:30:03,565 INFO: Executing method 'search_process' from TransactionTrackerOperations
2018-10-29 12:30:05,582 INFO: Executing method 'select_customer' from TransactionTrackerOperations
2018-10-29 12:30:14,534 INFO: Executing method 'select_customer' from TransactionTrackerOperations
2018-10-29 12:30:50,072 INFO: Executing method 'search_process' from TransactionTrackerOperations
2018-10-29 12:30:52,092 INFO: Executing method 'select_customer' from TransactionTrackerOperations
2018-10-29 12:31:01,273 INFO: Executing method 'select_customer' from TransactionTrackerOperations
2018-10-29 12:32:00,717 INFO: Executing method 'search_process' from TransactionTrackerOperations
2018-10-29 12:32:02,741 INFO: Executing method 'select_customer' from TransactionTrackerOperations
2018-10-29 12:32:11,474 INFO: Executing method 'select_customer' from TransactionTrackerOperations
2018-10-29 12:32:33,803 INFO: Executing method 'search_process' from TransactionTrackerOperations
2018-10-29 12:32:35,818 INFO: Executing method 'select_customer' from TransactionTrackerOperations
2018-10-29 12:32:44,502 INFO: Executing method 'select_customer' from TransactionTrackerOperations
2018-10-29 12:33:05,892 INFO: Executing method 'search_process' from TransactionTrackerOperations
2018-10-29 12:33:07,910 INFO: Executing method 'select_customer' from TransactionTrackerOperations
2018-10-29 12:33:16,703 INFO: Executing method 'select_customer' from TransactionTrackerOperations
2018-10-29 12:34:25,797 INFO: Executing method 'search_process' from TransactionTrackerOperations
2018-10-29 12:34:27,812 INFO: Executing method 'select_customer' from TransactionTrackerOperations
2018-10-29 12:34:36,519 INFO: Executing method 'select_customer' from TransactionTrackerOperations
2018-10-29 12:35:23,430 INFO: Executing method 'search_process' from TransactionTrackerOperations
2018-10-29 12:35:25,445 INFO: Executing method 'select_customer' from TransactionTrackerOperations
2018-10-29 12:35:34,190 INFO: Executing method 'select_customer' from TransactionTrackerOperations
2018-10-29 12:37:45,249 INFO: Executing method 'search_process' from TransactionTrackerOperations
2018-10-29 12:37:47,262 INFO: Executing method 'select_customer' from TransactionTrackerOperations
2018-10-29 12:37:55,936 INFO: Executing method 'select_customer' from TransactionTrackerOperations
2018-10-29 12:38:17,537 INFO: Executing method 'search_process' from TransactionTrackerOperations
2018-10-29 12:38:19,551 INFO: Executing method 'select_customer' from TransactionTrackerOperations
2018-10-29 12:38:28,460 INFO: Executing method 'select_customer' from TransactionTrackerOperations
2018-10-29 12:38:59,024 INFO: Executing method 'search_process' from TransactionTrackerOperations
2018-10-29 12:39:01,038 INFO: Executing method 'select_customer' from TransactionTrackerOperations
2018-10-29 12:39:09,765 INFO: Executing method 'select_customer' from TransactionTrackerOperations
2018-10-29 12:40:57,283 INFO: Executing method 'search_process' from TransactionTrackerOperations
2018-10-29 12:40:59,298 INFO: Executing method 'select_customer' from TransactionTrackerOperations
2018-10-29 12:41:08,014 INFO: Executing method 'select_customer' from TransactionTrackerOperations
2018-10-29 12:41:26,376 INFO: Executing method 'search_process' from TransactionTrackerOperations
2018-10-29 12:41:28,387 INFO: Executing method 'select_customer' from TransactionTrackerOperations
2018-10-29 12:50:13,872 INFO: Executing Script Credit Memo Prodution Data Monitoring
2018-10-29 12:50:18,250 INFO: Login in to Launchpad
2018-10-29 12:50:31,903 INFO: Refreshing access_token
2018-10-29 12:50:35,938 INFO: Executing method 'search_process' from TransactionTrackerOperations
2018-10-29 12:50:37,956 INFO: Executing method 'select_customer' from TransactionTrackerOperations
2018-10-29 12:50:46,728 INFO: Executing method 'select_customer' from TransactionTrackerOperations
2018-10-29 12:53:41,212 INFO: Executing method 'search_process' from TransactionTrackerOperations
2018-10-29 12:53:43,228 INFO: Executing method 'select_customer' from TransactionTrackerOperations
2018-10-29 12:53:51,902 INFO: Executing method 'select_customer' from TransactionTrackerOperations
2018-10-29 12:54:12,563 INFO: Executing method 'search_process' from TransactionTrackerOperations
2018-10-29 12:54:14,578 INFO: Executing method 'select_customer' from TransactionTrackerOperations
2018-10-29 12:54:23,370 INFO: Executing method 'select_customer' from TransactionTrackerOperations
2018-10-29 12:55:57,011 INFO: Executing method 'search_process' from TransactionTrackerOperations
2018-10-29 12:55:59,027 INFO: Executing method 'select_customer' from TransactionTrackerOperations
2018-10-29 12:56:07,693 INFO: Executing method 'select_customer' from TransactionTrackerOperations
2018-10-29 12:57:15,600 INFO: Executing method 'search_process' from TransactionTrackerOperations
2018-10-29 12:57:17,616 INFO: Executing method 'select_customer' from TransactionTrackerOperations
2018-10-29 12:57:26,285 INFO: Executing method 'select_customer' from TransactionTrackerOperations
2018-10-29 12:57:48,655 INFO: Executing method 'search_process' from TransactionTrackerOperations
2018-10-29 12:57:50,669 INFO: Executing method 'select_customer' from TransactionTrackerOperations
2018-10-29 12:57:59,522 INFO: Executing method 'select_customer' from TransactionTrackerOperations
2018-10-29 12:58:30,757 INFO: Executing method 'search_process' from TransactionTrackerOperations
2018-10-29 12:58:32,775 INFO: Executing method 'select_customer' from TransactionTrackerOperations
2018-10-29 12:58:41,536 INFO: Executing method 'select_customer' from TransactionTrackerOperations
2018-10-29 12:59:02,992 INFO: Executing method 'search_process' from TransactionTrackerOperations
2018-10-29 12:59:05,007 INFO: Executing method 'select_customer' from TransactionTrackerOperations
2018-10-29 12:59:13,818 INFO: Executing method 'select_customer' from TransactionTrackerOperations
2018-10-29 12:59:35,501 INFO: Executing method 'search_process' from TransactionTrackerOperations
2018-10-29 12:59:37,518 INFO: Executing method 'select_customer' from TransactionTrackerOperations
2018-10-29 12:59:46,571 INFO: Executing method 'select_customer' from TransactionTrackerOperations
2018-10-29 13:00:57,901 INFO: Executing method 'search_process' from TransactionTrackerOperations
2018-10-29 13:00:59,916 INFO: Executing method 'select_customer' from TransactionTrackerOperations
2018-10-29 13:01:08,673 INFO: Executing method 'select_customer' from TransactionTrackerOperations
2018-10-29 13:02:00,487 INFO: Executing method 'search_process' from TransactionTrackerOperations
2018-10-29 13:02:02,503 INFO: Executing method 'select_customer' from TransactionTrackerOperations
2018-10-29 13:02:11,176 INFO: Executing method 'select_customer' from TransactionTrackerOperations
2018-10-29 13:02:59,103 INFO: Executing method 'search_process' from TransactionTrackerOperations
2018-10-29 13:03:01,118 INFO: Executing method 'select_customer' from TransactionTrackerOperations
2018-10-29 13:03:09,745 INFO: Executing method 'select_customer' from TransactionTrackerOperations
2018-10-29 13:03:36,482 INFO: Executing method 'search_process' from TransactionTrackerOperations
2018-10-29 13:03:38,498 INFO: Executing method 'select_customer' from TransactionTrackerOperations
2018-10-29 13:03:47,259 INFO: Executing method 'select_customer' from TransactionTrackerOperations
2018-10-29 13:04:08,192 INFO: Executing method 'search_process' from TransactionTrackerOperations
2018-10-29 13:04:10,205 INFO: Executing method 'select_customer' from TransactionTrackerOperations
2018-10-29 13:04:18,877 INFO: Executing method 'select_customer' from TransactionTrackerOperations
2018-10-29 13:04:55,581 INFO: Executing method 'search_process' from TransactionTrackerOperations
2018-10-29 13:04:57,595 INFO: Executing method 'select_customer' from TransactionTrackerOperations
2018-10-29 13:05:06,264 INFO: Executing method 'select_customer' from TransactionTrackerOperations
2018-10-29 13:05:27,411 INFO: Executing method 'search_process' from TransactionTrackerOperations
2018-10-29 13:05:29,427 INFO: Executing method 'select_customer' from TransactionTrackerOperations
2018-10-29 13:05:38,166 INFO: Executing method 'select_customer' from TransactionTrackerOperations
2018-10-29 13:06:05,839 INFO: Executing method 'search_process' from TransactionTrackerOperations
2018-10-29 13:06:07,854 INFO: Executing method 'select_customer' from TransactionTrackerOperations
2018-10-29 13:06:16,518 INFO: Executing method 'select_customer' from TransactionTrackerOperations
2018-10-29 13:06:50,684 INFO: Executing method 'search_process' from TransactionTrackerOperations
2018-10-29 13:06:52,698 INFO: Executing method 'select_customer' from TransactionTrackerOperations
2018-10-29 13:07:01,370 INFO: Executing method 'select_customer' from TransactionTrackerOperations
2018-10-29 13:07:53,033 INFO: Executing method 'search_process' from TransactionTrackerOperations
2018-10-29 13:07:55,048 INFO: Executing method 'select_customer' from TransactionTrackerOperations
2018-10-29 13:08:03,739 INFO: Executing method 'select_customer' from TransactionTrackerOperations
2018-10-29 13:08:24,992 INFO: Executing method 'search_process' from TransactionTrackerOperations
2018-10-29 13:08:27,005 INFO: Executing method 'select_customer' from TransactionTrackerOperations
2018-10-29 13:08:35,669 INFO: Executing method 'select_customer' from TransactionTrackerOperations
2018-10-29 13:08:56,949 INFO: Executing method 'search_process' from TransactionTrackerOperations
2018-10-29 13:08:58,965 INFO: Executing method 'select_customer' from TransactionTrackerOperations
2018-10-29 13:09:07,644 INFO: Executing method 'select_customer' from TransactionTrackerOperations
2018-10-29 13:09:48,329 INFO: Executing method 'search_process' from TransactionTrackerOperations
2018-10-29 13:09:50,343 INFO: Executing method 'select_customer' from TransactionTrackerOperations
2018-10-29 13:09:59,051 INFO: Executing method 'select_customer' from TransactionTrackerOperations
2018-10-29 13:12:10,422 INFO: Executing method 'search_process' from TransactionTrackerOperations
2018-10-29 13:12:12,437 INFO: Executing method 'select_customer' from TransactionTrackerOperations
2018-10-29 13:12:21,163 INFO: Executing method 'select_customer' from TransactionTrackerOperations
2018-10-29 13:13:09,416 INFO: Executing method 'search_process' from TransactionTrackerOperations
2018-10-29 13:13:11,431 INFO: Executing method 'select_customer' from TransactionTrackerOperations
2018-10-29 13:13:20,141 INFO: Executing method 'select_customer' from TransactionTrackerOperations
2018-10-29 13:14:25,197 INFO: Executing method 'search_process' from TransactionTrackerOperations
2018-10-29 13:14:27,211 INFO: Executing method 'select_customer' from TransactionTrackerOperations
2018-10-29 13:14:35,917 INFO: Executing method 'select_customer' from TransactionTrackerOperations
2018-10-29 13:15:10,264 INFO: Executing method 'search_process' from TransactionTrackerOperations
2018-10-29 13:15:12,279 INFO: Executing method 'select_customer' from TransactionTrackerOperations
2018-10-29 13:15:20,927 INFO: Executing method 'select_customer' from TransactionTrackerOperations
2018-10-29 13:17:28,103 INFO: Executing method 'search_process' from TransactionTrackerOperations
2018-10-29 13:17:30,118 INFO: Executing method 'select_customer' from TransactionTrackerOperations
2018-10-29 13:17:38,845 INFO: Executing method 'select_customer' from TransactionTrackerOperations
2018-10-29 13:18:29,167 INFO: Executing method 'search_process' from TransactionTrackerOperations
2018-10-29 13:18:31,181 INFO: Executing method 'select_customer' from TransactionTrackerOperations
2018-10-29 13:18:39,947 INFO: Executing method 'select_customer' from TransactionTrackerOperations
2018-10-29 13:19:31,602 INFO: Executing method 'search_process' from TransactionTrackerOperations
2018-10-29 13:19:33,616 INFO: Executing method 'select_customer' from TransactionTrackerOperations
2018-10-29 13:19:42,279 INFO: Executing method 'select_customer' from TransactionTrackerOperations
2018-10-29 13:20:03,542 INFO: Executing method 'search_process' from TransactionTrackerOperations
2018-10-29 13:20:05,556 INFO: Executing method 'select_customer' from TransactionTrackerOperations
2018-10-29 13:20:14,235 INFO: Executing method 'select_customer' from TransactionTrackerOperations
2018-10-29 13:22:04,323 INFO: Executing method 'search_process' from TransactionTrackerOperations
2018-10-29 13:22:06,339 INFO: Executing method 'select_customer' from TransactionTrackerOperations
2018-10-29 13:22:15,000 INFO: Executing method 'select_customer' from TransactionTrackerOperations
2018-10-29 13:23:47,961 INFO: Executing method 'search_process' from TransactionTrackerOperations
2018-10-29 13:23:49,975 INFO: Executing method 'select_customer' from TransactionTrackerOperations
2018-10-29 13:23:58,758 INFO: Executing method 'select_customer' from TransactionTrackerOperations
2018-10-29 13:24:33,112 INFO: Executing method 'search_process' from TransactionTrackerOperations
2018-10-29 13:24:35,129 INFO: Executing method 'select_customer' from TransactionTrackerOperations
2018-10-29 13:24:43,783 INFO: Executing method 'select_customer' from TransactionTrackerOperations
2018-10-29 13:25:17,525 INFO: Executing method 'search_process' from TransactionTrackerOperations
2018-10-29 13:25:19,541 INFO: Executing method 'select_customer' from TransactionTrackerOperations
2018-10-29 13:25:28,191 INFO: Executing method 'select_customer' from TransactionTrackerOperations
2018-10-29 13:26:32,214 INFO: Executing method 'search_process' from TransactionTrackerOperations
2018-10-29 13:26:34,231 INFO: Executing method 'select_customer' from TransactionTrackerOperations
2018-10-29 13:26:42,884 INFO: Executing method 'select_customer' from TransactionTrackerOperations
2018-10-29 13:27:03,729 INFO: Executing method 'search_process' from TransactionTrackerOperations
2018-10-29 13:27:05,744 INFO: Executing method 'select_customer' from TransactionTrackerOperations
2018-10-29 13:27:14,437 INFO: Executing method 'select_customer' from TransactionTrackerOperations
2018-10-29 13:31:56,412 INFO: Executing Script Credit Memo Prodution Data Monitoring
2018-10-29 13:32:01,410 INFO: Login in to Launchpad
2018-10-29 13:32:14,526 INFO: Refreshing access_token
2018-10-29 13:32:18,087 INFO: Executing method 'search_process' from TransactionTrackerOperations
2018-10-29 13:32:20,103 INFO: Executing method 'select_customer' from TransactionTrackerOperations
2018-10-29 13:32:28,740 INFO: Executing method 'select_customer' from TransactionTrackerOperations
2018-10-29 13:36:32,812 INFO: Executing method 'search_process' from TransactionTrackerOperations
2018-10-29 13:36:34,827 INFO: Executing method 'select_customer' from TransactionTrackerOperations
2018-10-29 13:36:43,499 INFO: Executing method 'select_customer' from TransactionTrackerOperations
2018-10-29 13:51:03,450 INFO: Executing Script Credit Memo Prodution Data Monitoring
2018-10-29 13:51:08,199 INFO: Login in to Launchpad
2018-10-29 13:51:21,535 INFO: Refreshing access_token
2018-10-29 13:51:25,358 INFO: Executing method 'search_process' from TransactionTrackerOperations
2018-10-29 13:51:27,375 INFO: Executing method 'select_customer' from TransactionTrackerOperations
2018-10-29 13:51:36,059 INFO: Executing method 'select_customer' from TransactionTrackerOperations
2018-10-29 13:52:07,971 INFO: Executing method 'search_process' from TransactionTrackerOperations
2018-10-29 13:52:09,986 INFO: Executing method 'select_customer' from TransactionTrackerOperations
