2018-10-25 14:37:10,709 INFO: Executing Script Credit Memo Prodution Data Monitoring
2018-10-25 14:37:31,803 INFO: Executing Script Credit Memo Prodution Data Monitoring
2018-10-25 14:37:35,451 INFO: Login in to Launchpad
2018-10-25 14:37:48,605 INFO: Refreshing access_token
2018-10-25 14:37:52,911 INFO: Executing method 'search_process' from TransactionTrackerOperations
2018-10-25 14:37:54,925 INFO: Executing method 'select_customer' from TransactionTrackerOperations
2018-10-25 14:38:03,653 INFO: Executing method 'select_customer' from TransactionTrackerOperations
2018-10-25 14:38:38,582 INFO: Executing method 'search_process' from TransactionTrackerOperations
2018-10-25 14:38:40,596 INFO: Executing method 'select_customer' from TransactionTrackerOperations
2018-10-25 14:38:49,324 INFO: Executing method 'select_customer' from TransactionTrackerOperations
2018-10-25 14:39:11,109 INFO: Executing method 'search_process' from TransactionTrackerOperations
2018-10-25 14:39:13,135 INFO: Executing method 'select_customer' from TransactionTrackerOperations
2018-10-25 14:39:21,699 INFO: Executing method 'select_customer' from TransactionTrackerOperations
2018-10-25 14:43:11,885 INFO: Executing Script Credit Memo Prodution Data Monitoring
2018-10-25 14:43:15,703 INFO: Login in to Launchpad
2018-10-25 14:43:28,960 INFO: Refreshing access_token
2018-10-25 14:43:32,301 INFO: Executing method 'search_process' from TransactionTrackerOperations
2018-10-25 14:43:43,483 INFO: Executing method 'select_customer' from TransactionTrackerOperations
2018-10-25 14:43:52,207 INFO: Executing method 'select_customer' from TransactionTrackerOperations
2018-10-25 14:44:13,551 INFO: Executing method 'search_process' from TransactionTrackerOperations
2018-10-25 14:44:15,566 INFO: Executing method 'select_customer' from TransactionTrackerOperations
2018-10-25 14:44:24,243 INFO: Executing method 'select_customer' from TransactionTrackerOperations
2018-10-25 14:44:55,190 INFO: Executing method 'search_process' from TransactionTrackerOperations
2018-10-25 14:44:57,204 INFO: Executing method 'select_customer' from TransactionTrackerOperations
2018-10-25 14:45:05,856 INFO: Executing method 'select_customer' from TransactionTrackerOperations
2018-10-25 14:45:34,240 INFO: Executing method 'search_process' from TransactionTrackerOperations
2018-10-25 14:45:36,253 INFO: Executing method 'select_customer' from TransactionTrackerOperations
2018-10-25 14:45:44,894 INFO: Executing method 'select_customer' from TransactionTrackerOperations
2018-10-25 14:46:21,687 INFO: Executing method 'search_process' from TransactionTrackerOperations
2018-10-25 14:46:23,700 INFO: Executing method 'select_customer' from TransactionTrackerOperations
2018-10-25 14:46:32,345 INFO: Executing method 'select_customer' from TransactionTrackerOperations
2018-10-25 14:47:31,405 INFO: Executing Script Credit Memo Prodution Data Monitoring
2018-10-25 14:47:35,128 INFO: Login in to Launchpad
2018-10-25 14:47:48,967 INFO: Refreshing access_token
2018-10-25 14:47:52,268 INFO: Executing method 'search_process' from TransactionTrackerOperations
2018-10-25 14:47:54,284 INFO: Executing method 'select_customer' from TransactionTrackerOperations
2018-10-25 14:48:03,002 INFO: Executing method 'select_customer' from TransactionTrackerOperations
2018-10-25 14:48:23,713 INFO: Executing method 'search_process' from TransactionTrackerOperations
2018-10-25 14:48:25,725 INFO: Executing method 'select_customer' from TransactionTrackerOperations
2018-10-25 14:48:34,381 INFO: Executing method 'select_customer' from TransactionTrackerOperations
2018-10-25 14:49:04,964 INFO: Executing method 'search_process' from TransactionTrackerOperations
2018-10-25 14:49:06,981 INFO: Executing method 'select_customer' from TransactionTrackerOperations
2018-10-25 14:49:15,855 INFO: Executing method 'select_customer' from TransactionTrackerOperations
2018-10-25 14:49:46,412 INFO: Executing method 'search_process' from TransactionTrackerOperations
2018-10-25 14:49:48,427 INFO: Executing method 'select_customer' from TransactionTrackerOperations
2018-10-25 14:49:57,158 INFO: Executing method 'select_customer' from TransactionTrackerOperations
2018-10-25 14:50:47,719 INFO: Executing method 'search_process' from TransactionTrackerOperations
2018-10-25 14:50:49,733 INFO: Executing method 'select_customer' from TransactionTrackerOperations
2018-10-25 14:50:58,407 INFO: Executing method 'select_customer' from TransactionTrackerOperations
2018-10-25 14:51:19,933 INFO: Executing method 'search_process' from TransactionTrackerOperations
2018-10-25 14:51:21,962 INFO: Executing method 'select_customer' from TransactionTrackerOperations
2018-10-25 14:51:30,646 INFO: Executing method 'select_customer' from TransactionTrackerOperations
2018-10-25 14:52:58,839 INFO: Executing method 'search_process' from TransactionTrackerOperations
2018-10-25 14:53:00,854 INFO: Executing method 'select_customer' from TransactionTrackerOperations
2018-10-25 14:53:09,524 INFO: Executing method 'select_customer' from TransactionTrackerOperations
2018-10-25 14:53:30,993 INFO: Executing method 'search_process' from TransactionTrackerOperations
2018-10-25 14:53:33,009 INFO: Executing method 'select_customer' from TransactionTrackerOperations
2018-10-25 14:53:41,660 INFO: Executing method 'select_customer' from TransactionTrackerOperations
2018-10-25 14:54:02,522 INFO: Executing method 'search_process' from TransactionTrackerOperations
2018-10-25 14:54:04,537 INFO: Executing method 'select_customer' from TransactionTrackerOperations
2018-10-25 14:54:13,232 INFO: Executing method 'select_customer' from TransactionTrackerOperations
2018-10-25 14:54:49,333 INFO: Executing method 'search_process' from TransactionTrackerOperations
2018-10-25 14:54:51,348 INFO: Executing method 'select_customer' from TransactionTrackerOperations
2018-10-25 14:55:00,066 INFO: Executing method 'select_customer' from TransactionTrackerOperations
2018-10-25 14:55:37,050 INFO: Executing method 'search_process' from TransactionTrackerOperations
2018-10-25 14:55:39,065 INFO: Executing method 'select_customer' from TransactionTrackerOperations
2018-10-25 14:55:47,773 INFO: Executing method 'select_customer' from TransactionTrackerOperations
2018-10-25 14:56:09,164 INFO: Executing method 'search_process' from TransactionTrackerOperations
2018-10-25 14:56:11,182 INFO: Executing method 'select_customer' from TransactionTrackerOperations
2018-10-25 14:56:19,937 INFO: Executing method 'select_customer' from TransactionTrackerOperations
2018-10-25 14:56:41,181 INFO: Executing method 'search_process' from TransactionTrackerOperations
2018-10-25 14:56:43,198 INFO: Executing method 'select_customer' from TransactionTrackerOperations
2018-10-25 14:56:51,840 INFO: Executing method 'select_customer' from TransactionTrackerOperations
2018-10-25 14:57:49,025 INFO: Executing method 'search_process' from TransactionTrackerOperations
2018-10-25 14:57:51,040 INFO: Executing method 'select_customer' from TransactionTrackerOperations
2018-10-25 14:57:59,760 INFO: Executing method 'select_customer' from TransactionTrackerOperations
2018-10-25 14:58:20,882 INFO: Executing method 'search_process' from TransactionTrackerOperations
2018-10-25 14:58:22,897 INFO: Executing method 'select_customer' from TransactionTrackerOperations
2018-10-25 14:58:31,545 INFO: Executing method 'select_customer' from TransactionTrackerOperations
2018-10-25 14:59:01,935 INFO: Executing method 'search_process' from TransactionTrackerOperations
2018-10-25 14:59:03,950 INFO: Executing method 'select_customer' from TransactionTrackerOperations
2018-10-25 14:59:12,598 INFO: Executing method 'select_customer' from TransactionTrackerOperations
2018-10-25 14:59:39,204 INFO: Executing method 'search_process' from TransactionTrackerOperations
2018-10-25 14:59:41,218 INFO: Executing method 'select_customer' from TransactionTrackerOperations
2018-10-25 14:59:49,833 INFO: Executing method 'select_customer' from TransactionTrackerOperations
2018-10-25 15:00:16,574 INFO: Executing method 'search_process' from TransactionTrackerOperations
2018-10-25 15:00:18,587 INFO: Executing method 'select_customer' from TransactionTrackerOperations
2018-10-25 15:00:27,287 INFO: Executing method 'select_customer' from TransactionTrackerOperations
2018-10-25 15:00:57,250 INFO: Executing method 'search_process' from TransactionTrackerOperations
2018-10-25 15:00:59,265 INFO: Executing method 'select_customer' from TransactionTrackerOperations
2018-10-25 15:01:07,889 INFO: Executing method 'select_customer' from TransactionTrackerOperations
2018-10-25 15:01:37,810 INFO: Executing method 'search_process' from TransactionTrackerOperations
2018-10-25 15:01:39,824 INFO: Executing method 'select_customer' from TransactionTrackerOperations
2018-10-25 15:01:48,475 INFO: Executing method 'select_customer' from TransactionTrackerOperations
2018-10-25 15:02:09,709 INFO: Executing method 'search_process' from TransactionTrackerOperations
2018-10-25 15:02:11,723 INFO: Executing method 'select_customer' from TransactionTrackerOperations
2018-10-25 15:02:20,393 INFO: Executing method 'select_customer' from TransactionTrackerOperations
2018-10-25 15:02:48,655 INFO: Executing method 'search_process' from TransactionTrackerOperations
2018-10-25 15:02:50,671 INFO: Executing method 'select_customer' from TransactionTrackerOperations
2018-10-25 15:02:59,315 INFO: Executing method 'select_customer' from TransactionTrackerOperations
2018-10-25 15:03:28,850 INFO: Executing method 'search_process' from TransactionTrackerOperations
2018-10-25 15:03:30,863 INFO: Executing method 'select_customer' from TransactionTrackerOperations
2018-10-25 15:03:39,511 INFO: Executing method 'select_customer' from TransactionTrackerOperations
2018-10-25 15:04:00,679 INFO: Executing method 'search_process' from TransactionTrackerOperations
2018-10-25 15:04:02,693 INFO: Executing method 'select_customer' from TransactionTrackerOperations
2018-10-25 15:04:11,346 INFO: Executing method 'select_customer' from TransactionTrackerOperations
2018-10-25 15:04:43,041 INFO: Executing method 'search_process' from TransactionTrackerOperations
2018-10-25 15:04:45,056 INFO: Executing method 'select_customer' from TransactionTrackerOperations
2018-10-25 15:04:53,700 INFO: Executing method 'select_customer' from TransactionTrackerOperations
2018-10-25 15:05:36,053 INFO: Executing method 'search_process' from TransactionTrackerOperations
2018-10-25 15:05:38,067 INFO: Executing method 'select_customer' from TransactionTrackerOperations
2018-10-25 15:05:46,690 INFO: Executing method 'select_customer' from TransactionTrackerOperations
2018-10-25 15:06:14,247 INFO: Executing method 'search_process' from TransactionTrackerOperations
2018-10-25 15:06:16,261 INFO: Executing method 'select_customer' from TransactionTrackerOperations
2018-10-25 15:06:24,924 INFO: Executing method 'select_customer' from TransactionTrackerOperations
2018-10-25 15:07:06,329 INFO: Executing method 'search_process' from TransactionTrackerOperations
2018-10-25 15:07:08,343 INFO: Executing method 'select_customer' from TransactionTrackerOperations
2018-10-25 15:07:16,977 INFO: Executing method 'select_customer' from TransactionTrackerOperations
2018-10-25 15:07:38,190 INFO: Executing method 'search_process' from TransactionTrackerOperations
2018-10-25 15:07:40,205 INFO: Executing method 'select_customer' from TransactionTrackerOperations
2018-10-25 15:07:48,843 INFO: Executing method 'select_customer' from TransactionTrackerOperations
2018-10-25 15:09:00,241 INFO: Executing method 'search_process' from TransactionTrackerOperations
2018-10-25 15:09:02,255 INFO: Executing method 'select_customer' from TransactionTrackerOperations
2018-10-25 15:09:10,930 INFO: Executing method 'select_customer' from TransactionTrackerOperations
2018-10-25 15:09:32,369 INFO: Executing method 'search_process' from TransactionTrackerOperations
2018-10-25 15:09:34,383 INFO: Executing method 'select_customer' from TransactionTrackerOperations
2018-10-25 15:09:43,061 INFO: Executing method 'select_customer' from TransactionTrackerOperations
2018-10-25 15:10:11,278 INFO: Executing method 'search_process' from TransactionTrackerOperations
2018-10-25 15:10:13,291 INFO: Executing method 'select_customer' from TransactionTrackerOperations
2018-10-25 15:10:21,962 INFO: Executing method 'select_customer' from TransactionTrackerOperations
2018-10-25 15:10:54,355 INFO: Executing method 'search_process' from TransactionTrackerOperations
2018-10-25 15:10:56,368 INFO: Executing method 'select_customer' from TransactionTrackerOperations
2018-10-25 15:11:05,035 INFO: Executing method 'select_customer' from TransactionTrackerOperations
2018-10-25 15:11:38,183 INFO: Executing method 'search_process' from TransactionTrackerOperations
2018-10-25 15:11:40,198 INFO: Executing method 'select_customer' from TransactionTrackerOperations
2018-10-25 15:11:48,853 INFO: Executing method 'select_customer' from TransactionTrackerOperations
2018-10-25 15:12:17,779 INFO: Executing method 'search_process' from TransactionTrackerOperations
2018-10-25 15:12:19,797 INFO: Executing method 'select_customer' from TransactionTrackerOperations
2018-10-25 15:12:28,545 INFO: Executing method 'select_customer' from TransactionTrackerOperations
2018-10-25 15:13:07,492 INFO: Executing method 'search_process' from TransactionTrackerOperations
2018-10-25 15:13:09,506 INFO: Executing method 'select_customer' from TransactionTrackerOperations
2018-10-25 15:13:18,184 INFO: Executing method 'select_customer' from TransactionTrackerOperations
2018-10-25 15:14:15,162 INFO: Executing method 'search_process' from TransactionTrackerOperations
2018-10-25 15:14:17,176 INFO: Executing method 'select_customer' from TransactionTrackerOperations
2018-10-25 15:14:25,825 INFO: Executing method 'select_customer' from TransactionTrackerOperations
2018-10-25 15:14:54,292 INFO: Executing method 'search_process' from TransactionTrackerOperations
2018-10-25 15:14:56,307 INFO: Executing method 'select_customer' from TransactionTrackerOperations
2018-10-25 15:15:04,944 INFO: Executing method 'select_customer' from TransactionTrackerOperations
2018-10-25 15:15:34,037 INFO: Executing method 'search_process' from TransactionTrackerOperations
2018-10-25 15:15:36,050 INFO: Executing method 'select_customer' from TransactionTrackerOperations
2018-10-25 15:15:44,694 INFO: Executing method 'select_customer' from TransactionTrackerOperations
2018-10-25 15:16:05,828 INFO: Executing method 'search_process' from TransactionTrackerOperations
2018-10-25 15:16:07,842 INFO: Executing method 'select_customer' from TransactionTrackerOperations
2018-10-25 15:16:16,492 INFO: Executing method 'select_customer' from TransactionTrackerOperations
2018-10-25 15:17:10,968 INFO: Executing method 'search_process' from TransactionTrackerOperations
2018-10-25 15:17:12,983 INFO: Executing method 'select_customer' from TransactionTrackerOperations
2018-10-25 15:17:21,668 INFO: Executing method 'select_customer' from TransactionTrackerOperations
2018-10-25 15:17:53,159 INFO: Executing method 'search_process' from TransactionTrackerOperations
2018-10-25 15:17:55,174 INFO: Executing method 'select_customer' from TransactionTrackerOperations
2018-10-25 15:18:03,802 INFO: Executing method 'select_customer' from TransactionTrackerOperations
2018-10-25 15:18:32,935 INFO: Executing method 'search_process' from TransactionTrackerOperations
2018-10-25 15:18:34,948 INFO: Executing method 'select_customer' from TransactionTrackerOperations
2018-10-25 15:18:43,569 INFO: Executing method 'select_customer' from TransactionTrackerOperations
2018-10-25 15:19:13,539 INFO: Executing method 'search_process' from TransactionTrackerOperations
2018-10-25 15:19:15,554 INFO: Executing method 'select_customer' from TransactionTrackerOperations
2018-10-25 15:19:24,170 INFO: Executing method 'select_customer' from TransactionTrackerOperations
2018-10-25 15:19:45,647 INFO: Executing method 'search_process' from TransactionTrackerOperations
2018-10-25 15:19:47,662 INFO: Executing method 'select_customer' from TransactionTrackerOperations
2018-10-25 15:19:56,338 INFO: Executing method 'select_customer' from TransactionTrackerOperations
2018-10-25 15:20:35,789 INFO: Executing method 'search_process' from TransactionTrackerOperations
2018-10-25 15:20:37,804 INFO: Executing method 'select_customer' from TransactionTrackerOperations
2018-10-25 15:20:46,458 INFO: Executing method 'select_customer' from TransactionTrackerOperations
2018-10-25 15:21:15,888 INFO: Executing method 'search_process' from TransactionTrackerOperations
2018-10-25 15:21:17,904 INFO: Executing method 'select_customer' from TransactionTrackerOperations
2018-10-25 15:21:26,531 INFO: Executing method 'select_customer' from TransactionTrackerOperations
2018-10-25 15:22:54,718 INFO: Executing method 'search_process' from TransactionTrackerOperations
2018-10-25 15:22:56,733 INFO: Executing method 'select_customer' from TransactionTrackerOperations
2018-10-25 15:23:05,399 INFO: Executing method 'select_customer' from TransactionTrackerOperations
2018-10-25 15:23:38,934 INFO: Executing method 'search_process' from TransactionTrackerOperations
2018-10-25 15:23:40,948 INFO: Executing method 'select_customer' from TransactionTrackerOperations
2018-10-25 15:23:49,651 INFO: Executing method 'select_customer' from TransactionTrackerOperations
2018-10-25 15:24:19,735 INFO: Executing method 'search_process' from TransactionTrackerOperations
2018-10-25 15:24:21,781 INFO: Executing method 'select_customer' from TransactionTrackerOperations
2018-10-25 15:24:30,487 INFO: Executing method 'select_customer' from TransactionTrackerOperations
2018-10-25 15:25:12,967 INFO: Executing method 'search_process' from TransactionTrackerOperations
2018-10-25 15:25:14,980 INFO: Executing method 'select_customer' from TransactionTrackerOperations
2018-10-25 15:25:23,687 INFO: Executing method 'select_customer' from TransactionTrackerOperations
2018-10-25 15:25:45,387 INFO: Executing method 'search_process' from TransactionTrackerOperations
2018-10-25 15:25:47,400 INFO: Executing method 'select_customer' from TransactionTrackerOperations
2018-10-25 15:25:56,192 INFO: Executing method 'select_customer' from TransactionTrackerOperations
2018-10-25 15:26:17,354 INFO: Executing method 'search_process' from TransactionTrackerOperations
2018-10-25 15:26:19,369 INFO: Executing method 'select_customer' from TransactionTrackerOperations
2018-10-25 15:26:27,992 INFO: Executing method 'select_customer' from TransactionTrackerOperations
2018-10-25 15:27:17,803 INFO: Executing method 'search_process' from TransactionTrackerOperations
2018-10-25 15:27:19,817 INFO: Executing method 'select_customer' from TransactionTrackerOperations
2018-10-25 15:27:28,510 INFO: Executing method 'select_customer' from TransactionTrackerOperations
2018-10-25 15:28:03,167 INFO: Executing method 'search_process' from TransactionTrackerOperations
2018-10-25 15:28:05,182 INFO: Executing method 'select_customer' from TransactionTrackerOperations
2018-10-25 15:28:13,844 INFO: Executing method 'select_customer' from TransactionTrackerOperations
2018-10-25 16:09:33,680 INFO: Executing Script Credit Memo Prodution Data Monitoring
2018-10-25 16:09:38,772 INFO: Login in to Launchpad
2018-10-25 16:09:54,253 INFO: Refreshing access_token
2018-10-25 16:09:57,862 INFO: Executing method 'search_process' from TransactionTrackerOperations
2018-10-25 16:09:59,911 INFO: Executing method 'select_customer' from TransactionTrackerOperations
2018-10-25 16:10:08,734 INFO: Executing method 'select_customer' from TransactionTrackerOperations
2018-10-25 16:10:29,995 INFO: Executing method 'search_process' from TransactionTrackerOperations
2018-10-25 16:10:32,008 INFO: Executing method 'select_customer' from TransactionTrackerOperations
2018-10-25 16:10:40,738 INFO: Executing method 'select_customer' from TransactionTrackerOperations
2018-10-25 16:11:47,782 INFO: Executing method 'search_process' from TransactionTrackerOperations
2018-10-25 16:11:49,795 INFO: Executing method 'select_customer' from TransactionTrackerOperations
2018-10-25 16:11:58,435 INFO: Executing method 'select_customer' from TransactionTrackerOperations
2018-10-25 16:12:42,353 INFO: Executing method 'search_process' from TransactionTrackerOperations
2018-10-25 16:12:44,369 INFO: Executing method 'select_customer' from TransactionTrackerOperations
2018-10-25 16:12:52,985 INFO: Executing method 'select_customer' from TransactionTrackerOperations
2018-10-25 16:14:17,002 INFO: Executing Script Credit Memo Prodution Data Monitoring
2018-10-25 16:14:21,641 INFO: Login in to Launchpad
2018-10-25 16:14:35,384 INFO: Refreshing access_token
2018-10-25 16:14:39,083 INFO: Executing method 'search_process' from TransactionTrackerOperations
2018-10-25 16:14:43,110 INFO: Executing method 'select_customer' from TransactionTrackerOperations
2018-10-25 16:14:52,033 INFO: Executing method 'select_customer' from TransactionTrackerOperations
2018-10-25 16:15:13,585 INFO: Executing method 'search_process' from TransactionTrackerOperations
2018-10-25 16:15:15,599 INFO: Executing method 'select_customer' from TransactionTrackerOperations
2018-10-25 16:15:24,290 INFO: Executing method 'select_customer' from TransactionTrackerOperations
2018-10-25 16:16:33,906 INFO: Executing method 'search_process' from TransactionTrackerOperations
2018-10-25 16:16:35,922 INFO: Executing method 'select_customer' from TransactionTrackerOperations
2018-10-25 16:16:44,644 INFO: Executing method 'select_customer' from TransactionTrackerOperations
2018-10-25 16:17:31,002 INFO: Executing method 'search_process' from TransactionTrackerOperations
2018-10-25 16:17:33,016 INFO: Executing method 'select_customer' from TransactionTrackerOperations
2018-10-25 16:17:41,687 INFO: Executing method 'select_customer' from TransactionTrackerOperations
2018-10-25 16:19:41,811 INFO: Executing method 'search_process' from TransactionTrackerOperations
2018-10-25 16:19:43,826 INFO: Executing method 'select_customer' from TransactionTrackerOperations
2018-10-25 16:19:52,502 INFO: Executing method 'select_customer' from TransactionTrackerOperations
2018-10-25 16:20:13,789 INFO: Executing method 'search_process' from TransactionTrackerOperations
2018-10-25 16:20:15,802 INFO: Executing method 'select_customer' from TransactionTrackerOperations
2018-10-25 16:20:24,517 INFO: Executing method 'select_customer' from TransactionTrackerOperations
2018-10-25 16:20:55,139 INFO: Executing method 'search_process' from TransactionTrackerOperations
2018-10-25 16:20:57,153 INFO: Executing method 'select_customer' from TransactionTrackerOperations
2018-10-25 16:21:05,821 INFO: Executing method 'select_customer' from TransactionTrackerOperations
2018-10-25 16:22:48,059 INFO: Executing method 'search_process' from TransactionTrackerOperations
2018-10-25 16:22:50,072 INFO: Executing method 'select_customer' from TransactionTrackerOperations
2018-10-25 16:22:58,737 INFO: Executing method 'select_customer' from TransactionTrackerOperations
2018-10-25 16:23:20,269 INFO: Executing method 'search_process' from TransactionTrackerOperations
2018-10-25 16:23:22,285 INFO: Executing method 'select_customer' from TransactionTrackerOperations
2018-10-25 16:23:30,915 INFO: Executing method 'select_customer' from TransactionTrackerOperations
2018-10-25 16:23:51,859 INFO: Executing method 'search_process' from TransactionTrackerOperations
2018-10-25 16:23:53,873 INFO: Executing method 'select_customer' from TransactionTrackerOperations
2018-10-25 16:24:02,548 INFO: Executing method 'select_customer' from TransactionTrackerOperations
2018-10-25 16:25:21,238 INFO: Executing method 'search_process' from TransactionTrackerOperations
2018-10-25 16:25:23,253 INFO: Executing method 'select_customer' from TransactionTrackerOperations
2018-10-25 16:25:31,898 INFO: Executing method 'select_customer' from TransactionTrackerOperations
2018-10-25 16:26:30,236 INFO: Executing method 'search_process' from TransactionTrackerOperations
2018-10-25 16:26:32,251 INFO: Executing method 'select_customer' from TransactionTrackerOperations
2018-10-25 16:26:40,909 INFO: Executing method 'select_customer' from TransactionTrackerOperations
2018-10-25 16:27:02,045 INFO: Executing method 'search_process' from TransactionTrackerOperations
2018-10-25 16:27:04,062 INFO: Executing method 'select_customer' from TransactionTrackerOperations
2018-10-25 16:27:12,685 INFO: Executing method 'select_customer' from TransactionTrackerOperations
2018-10-25 16:27:43,093 INFO: Executing method 'search_process' from TransactionTrackerOperations
2018-10-25 16:27:45,108 INFO: Executing method 'select_customer' from TransactionTrackerOperations
2018-10-25 16:27:53,775 INFO: Executing method 'select_customer' from TransactionTrackerOperations
2018-10-25 16:28:14,664 INFO: Executing method 'search_process' from TransactionTrackerOperations
2018-10-25 16:28:16,676 INFO: Executing method 'select_customer' from TransactionTrackerOperations
2018-10-25 16:28:25,290 INFO: Executing method 'select_customer' from TransactionTrackerOperations
2018-10-25 16:28:45,941 INFO: Executing method 'search_process' from TransactionTrackerOperations
2018-10-25 16:28:47,956 INFO: Executing method 'select_customer' from TransactionTrackerOperations
2018-10-25 16:28:56,590 INFO: Executing method 'select_customer' from TransactionTrackerOperations
2018-10-25 16:30:01,321 INFO: Executing method 'search_process' from TransactionTrackerOperations
2018-10-25 16:30:03,335 INFO: Executing method 'select_customer' from TransactionTrackerOperations
2018-10-25 16:30:11,995 INFO: Executing method 'select_customer' from TransactionTrackerOperations
2018-10-25 16:31:02,189 INFO: Executing method 'search_process' from TransactionTrackerOperations
2018-10-25 16:31:04,204 INFO: Executing method 'select_customer' from TransactionTrackerOperations
2018-10-25 16:31:12,896 INFO: Executing method 'select_customer' from TransactionTrackerOperations
2018-10-25 16:31:57,287 INFO: Executing method 'search_process' from TransactionTrackerOperations
2018-10-25 16:31:59,301 INFO: Executing method 'select_customer' from TransactionTrackerOperations
2018-10-25 16:32:07,933 INFO: Executing method 'select_customer' from TransactionTrackerOperations
2018-10-25 16:32:34,781 INFO: Executing method 'search_process' from TransactionTrackerOperations
2018-10-25 16:32:36,797 INFO: Executing method 'select_customer' from TransactionTrackerOperations
2018-10-25 16:32:45,502 INFO: Executing method 'select_customer' from TransactionTrackerOperations
2018-10-25 16:33:06,071 INFO: Executing method 'search_process' from TransactionTrackerOperations
2018-10-25 16:33:08,084 INFO: Executing method 'select_customer' from TransactionTrackerOperations
2018-10-25 16:33:16,758 INFO: Executing method 'select_customer' from TransactionTrackerOperations
2018-10-25 16:33:51,213 INFO: Executing method 'search_process' from TransactionTrackerOperations
2018-10-25 16:33:53,227 INFO: Executing method 'select_customer' from TransactionTrackerOperations
2018-10-25 16:34:01,874 INFO: Executing method 'select_customer' from TransactionTrackerOperations
2018-10-25 16:34:22,672 INFO: Executing method 'search_process' from TransactionTrackerOperations
2018-10-25 16:34:24,686 INFO: Executing method 'select_customer' from TransactionTrackerOperations
2018-10-25 16:34:33,319 INFO: Executing method 'select_customer' from TransactionTrackerOperations
2018-10-25 16:35:00,949 INFO: Executing method 'search_process' from TransactionTrackerOperations
2018-10-25 16:35:02,964 INFO: Executing method 'select_customer' from TransactionTrackerOperations
2018-10-25 16:35:11,644 INFO: Executing method 'select_customer' from TransactionTrackerOperations
2018-10-25 16:35:45,279 INFO: Executing method 'search_process' from TransactionTrackerOperations
2018-10-25 16:35:47,294 INFO: Executing method 'select_customer' from TransactionTrackerOperations
2018-10-25 16:35:55,961 INFO: Executing method 'select_customer' from TransactionTrackerOperations
2018-10-25 16:36:46,554 INFO: Executing method 'search_process' from TransactionTrackerOperations
2018-10-25 16:36:48,569 INFO: Executing method 'select_customer' from TransactionTrackerOperations
2018-10-25 16:36:57,246 INFO: Executing method 'select_customer' from TransactionTrackerOperations
2018-10-25 16:37:18,617 INFO: Executing method 'search_process' from TransactionTrackerOperations
2018-10-25 16:37:20,632 INFO: Executing method 'select_customer' from TransactionTrackerOperations
2018-10-25 16:37:29,283 INFO: Executing method 'select_customer' from TransactionTrackerOperations
2018-10-25 16:37:50,157 INFO: Executing method 'search_process' from TransactionTrackerOperations
2018-10-25 16:37:52,171 INFO: Executing method 'select_customer' from TransactionTrackerOperations
2018-10-25 16:38:00,831 INFO: Executing method 'select_customer' from TransactionTrackerOperations
2018-10-25 16:38:41,058 INFO: Executing method 'search_process' from TransactionTrackerOperations
2018-10-25 16:38:43,075 INFO: Executing method 'select_customer' from TransactionTrackerOperations
2018-10-25 16:38:51,705 INFO: Executing method 'select_customer' from TransactionTrackerOperations
2018-10-25 16:40:59,682 INFO: Executing method 'search_process' from TransactionTrackerOperations
2018-10-25 16:41:01,696 INFO: Executing method 'select_customer' from TransactionTrackerOperations
2018-10-25 16:41:10,341 INFO: Executing method 'select_customer' from TransactionTrackerOperations
2018-10-25 16:42:43,723 INFO: Executing method 'search_process' from TransactionTrackerOperations
2018-10-25 16:43:54,304 INFO: Executing Script Credit Memo Prodution Data Monitoring
2018-10-25 16:43:57,895 INFO: Login in to Launchpad
2018-10-25 16:44:11,779 INFO: Refreshing access_token
2018-10-25 16:44:15,592 INFO: Executing method 'search_process' from TransactionTrackerOperations
2018-10-25 16:44:17,797 INFO: Executing method 'select_customer' from TransactionTrackerOperations
2018-10-25 16:44:26,451 INFO: Executing method 'select_customer' from TransactionTrackerOperations
2018-10-25 16:45:18,102 INFO: Executing Script Credit Memo Prodution Data Monitoring
2018-10-25 16:45:21,939 INFO: Login in to Launchpad
2018-10-25 16:45:35,648 INFO: Refreshing access_token
2018-10-25 16:45:39,538 INFO: Executing method 'search_process' from TransactionTrackerOperations
2018-10-25 16:45:42,747 INFO: Executing method 'select_customer' from TransactionTrackerOperations
2018-10-25 16:45:51,440 INFO: Executing method 'select_customer' from TransactionTrackerOperations
2018-10-25 16:46:39,413 INFO: Executing method 'search_process' from TransactionTrackerOperations
2018-10-25 16:46:41,428 INFO: Executing method 'select_customer' from TransactionTrackerOperations
2018-10-25 16:46:49,825 INFO: Executing method 'select_customer' from TransactionTrackerOperations
2018-10-25 16:53:54,283 INFO: Executing Script Credit Memo Prodution Data Monitoring
2018-10-25 16:53:58,100 INFO: Login in to Launchpad
2018-10-25 16:54:10,747 INFO: Refreshing access_token
2018-10-25 16:54:14,480 INFO: Executing method 'search_process' from TransactionTrackerOperations
2018-10-25 16:54:16,491 INFO: Executing method 'select_customer' from TransactionTrackerOperations
2018-10-25 16:54:25,325 INFO: Executing method 'select_customer' from TransactionTrackerOperations
2018-10-25 16:54:59,722 INFO: Executing method 'search_process' from TransactionTrackerOperations
2018-10-25 16:55:01,734 INFO: Executing method 'select_customer' from TransactionTrackerOperations
2018-10-25 16:55:10,361 INFO: Executing method 'select_customer' from TransactionTrackerOperations
2018-10-25 16:57:15,079 INFO: Executing method 'search_process' from TransactionTrackerOperations
2018-10-25 16:57:17,099 INFO: Executing method 'select_customer' from TransactionTrackerOperations
2018-10-25 16:57:25,783 INFO: Executing method 'select_customer' from TransactionTrackerOperations
2018-10-25 16:58:16,646 INFO: Executing method 'search_process' from TransactionTrackerOperations
2018-10-25 16:58:18,660 INFO: Executing method 'select_customer' from TransactionTrackerOperations
2018-10-25 16:58:27,338 INFO: Executing method 'select_customer' from TransactionTrackerOperations
2018-10-25 16:59:19,405 INFO: Executing method 'search_process' from TransactionTrackerOperations
2018-10-25 16:59:21,421 INFO: Executing method 'select_customer' from TransactionTrackerOperations
2018-10-25 16:59:30,136 INFO: Executing method 'select_customer' from TransactionTrackerOperations
2018-10-25 16:59:51,443 INFO: Executing method 'search_process' from TransactionTrackerOperations
2018-10-25 16:59:53,456 INFO: Executing method 'select_customer' from TransactionTrackerOperations
2018-10-25 17:00:02,164 INFO: Executing method 'select_customer' from TransactionTrackerOperations
2018-10-25 17:01:52,036 INFO: Executing method 'search_process' from TransactionTrackerOperations
2018-10-25 17:01:54,051 INFO: Executing method 'select_customer' from TransactionTrackerOperations
2018-10-25 17:02:02,677 INFO: Executing method 'select_customer' from TransactionTrackerOperations
2018-10-25 17:03:36,565 INFO: Executing method 'search_process' from TransactionTrackerOperations
2018-10-25 17:03:38,588 INFO: Executing method 'select_customer' from TransactionTrackerOperations
2018-10-25 17:03:47,284 INFO: Executing method 'select_customer' from TransactionTrackerOperations
2018-10-25 17:04:22,886 INFO: Executing method 'search_process' from TransactionTrackerOperations
2018-10-25 17:04:24,912 INFO: Executing method 'select_customer' from TransactionTrackerOperations
2018-10-25 17:04:33,780 INFO: Executing method 'select_customer' from TransactionTrackerOperations
2018-10-25 17:05:13,840 INFO: Executing method 'search_process' from TransactionTrackerOperations
2018-10-25 17:05:15,860 INFO: Executing method 'select_customer' from TransactionTrackerOperations
2018-10-25 17:05:25,127 INFO: Executing method 'select_customer' from TransactionTrackerOperations
2018-10-25 17:06:35,785 INFO: Executing method 'search_process' from TransactionTrackerOperations
2018-10-25 17:06:37,812 INFO: Executing method 'select_customer' from TransactionTrackerOperations
2018-10-25 17:06:47,082 INFO: Executing method 'select_customer' from TransactionTrackerOperations
2018-10-25 17:07:08,636 INFO: Executing method 'search_process' from TransactionTrackerOperations
2018-10-25 17:07:10,648 INFO: Executing method 'select_customer' from TransactionTrackerOperations
2018-10-25 17:07:19,424 INFO: Executing method 'select_customer' from TransactionTrackerOperations
2018-10-25 17:14:25,323 INFO: Executing method 'search_process' from TransactionTrackerOperations
2018-10-25 17:14:27,339 INFO: Executing method 'select_customer' from TransactionTrackerOperations
2018-10-25 17:14:36,556 INFO: Executing method 'select_customer' from TransactionTrackerOperations
