2019-01-04 17:02:53,546 INFO: Executing Script Credit Memo Prodution Data Monitoring
2019-01-04 17:02:53,681 INFO: Executing CMProductionDataMonitoring.execute_main()
2019-01-04 17:03:04,046 INFO: Login in to Launchpad
2019-01-04 17:03:18,560 INFO: Executing CMProductionDataMonitoring.TaskFilter()
2019-01-04 17:03:19,111 INFO: Refreshing access_token
2019-01-04 17:03:23,562 INFO: select InProgress task from input sheet from CMProductionDataMonitoring.TaskFilter()
2019-01-04 17:03:23,563 INFO: Executing TransactionTrackerOperations.search_process_for_CMPDM() for: Performance Health|AMERICAN SENIOR COMMUNITIES DSSI|810
2019-01-04 17:03:23,964 INFO: Executing TransactionTrackerOperations.select_customer()
2019-01-04 17:03:31,792 INFO: Executing TransactionTrackerOperations.select_customer()
2019-01-04 17:03:44,589 INFO: Executing TransactionTrackerOperations.get_CM_parcels()
2019-01-04 17:03:52,008 INFO: Executing TransactionTrackerOperations.search_process_for_CMPDM() for: Performance Health|BaneCare Management DSSI|810
2019-01-04 17:03:52,160 INFO: Executing TransactionTrackerOperations.select_customer()
2019-01-04 17:03:59,174 INFO: Executing TransactionTrackerOperations.select_customer()
2019-01-04 17:04:11,111 INFO: Executing TransactionTrackerOperations.get_CM_parcels()
2019-01-04 17:04:17,437 INFO: Executing TransactionTrackerOperations.search_process_for_CMPDM() for: Performance Health|DSSI Next Step Healthcare|810
2019-01-04 17:04:18,625 INFO: Executing TransactionTrackerOperations.select_customer()
2019-01-04 17:04:25,673 INFO: Executing TransactionTrackerOperations.select_customer()
2019-01-04 17:04:38,050 INFO: Executing TransactionTrackerOperations.get_CM_parcels()
2019-01-04 17:04:45,253 INFO: Executing TransactionTrackerOperations.search_process_for_CMPDM() for: Performance Health|Regency Pacific DSSI|810
2019-01-04 17:04:45,562 INFO: Executing TransactionTrackerOperations.select_customer()
2019-01-04 17:06:18,276 INFO: Executing Script Credit Memo Prodution Data Monitoring
2019-01-04 17:06:18,390 INFO: Executing CMProductionDataMonitoring.execute_main()
2019-01-04 17:06:22,575 INFO: Login in to Launchpad
2019-01-04 17:06:36,606 INFO: Executing CMProductionDataMonitoring.TaskFilter()
2019-01-04 17:06:36,896 INFO: Refreshing access_token
2019-01-04 17:06:40,526 INFO: select InProgress task from input sheet from CMProductionDataMonitoring.TaskFilter()
2019-01-04 17:06:40,526 INFO: Executing TransactionTrackerOperations.search_process_for_CMPDM() for: Performance Health|AMERICAN SENIOR COMMUNITIES DSSI|810
2019-01-04 17:06:40,573 INFO: Executing TransactionTrackerOperations.select_customer()
2019-01-04 17:06:47,696 INFO: Executing TransactionTrackerOperations.select_customer()
2019-01-04 17:07:00,135 INFO: Executing TransactionTrackerOperations.get_CM_parcels()
2019-01-04 17:07:03,666 INFO: NoSuchElementException in TransactionTrackerOperations.get_CM_parcels()
2019-01-04 17:07:08,936 INFO: NoSuchElementException in TransactionTrackerOperations.get_CM_parcels()
2019-01-04 17:07:13,903 INFO: NoSuchElementException in TransactionTrackerOperations.get_CM_parcels()
2019-01-04 17:07:18,865 INFO: NoSuchElementException in TransactionTrackerOperations.get_CM_parcels()
2019-01-04 17:07:23,922 INFO: NoSuchElementException in TransactionTrackerOperations.get_CM_parcels()
2019-01-04 17:07:29,059 INFO: NoSuchElementException in TransactionTrackerOperations.get_CM_parcels()
2019-01-04 17:07:34,117 INFO: NoSuchElementException in TransactionTrackerOperations.get_CM_parcels()
2019-01-04 17:07:39,043 INFO: NoSuchElementException in TransactionTrackerOperations.get_CM_parcels()
2019-01-04 17:07:44,017 INFO: NoSuchElementException in TransactionTrackerOperations.get_CM_parcels()
2019-01-04 17:07:49,077 INFO: NoSuchElementException in TransactionTrackerOperations.get_CM_parcels()
2019-01-04 17:07:54,099 INFO: NoSuchElementException in TransactionTrackerOperations.get_CM_parcels()
2019-01-04 17:07:59,143 INFO: NoSuchElementException in TransactionTrackerOperations.get_CM_parcels()
2019-01-04 17:08:04,303 INFO: NoSuchElementException in TransactionTrackerOperations.get_CM_parcels()
2019-01-04 17:08:09,326 INFO: NoSuchElementException in TransactionTrackerOperations.get_CM_parcels()
2019-01-04 17:08:14,412 INFO: NoSuchElementException in TransactionTrackerOperations.get_CM_parcels()
2019-01-04 17:08:19,453 INFO: NoSuchElementException in TransactionTrackerOperations.get_CM_parcels()
2019-01-04 17:08:24,469 INFO: NoSuchElementException in TransactionTrackerOperations.get_CM_parcels()
2019-01-04 17:08:29,482 INFO: NoSuchElementException in TransactionTrackerOperations.get_CM_parcels()
2019-01-04 17:08:34,746 INFO: NoSuchElementException in TransactionTrackerOperations.get_CM_parcels()
2019-01-04 17:08:39,811 INFO: NoSuchElementException in TransactionTrackerOperations.get_CM_parcels()
2019-01-04 17:08:44,825 INFO: NoSuchElementException in TransactionTrackerOperations.get_CM_parcels()
2019-01-04 17:08:49,847 INFO: NoSuchElementException in TransactionTrackerOperations.get_CM_parcels()
2019-01-04 17:08:54,969 INFO: NoSuchElementException in TransactionTrackerOperations.get_CM_parcels()
2019-01-04 17:08:59,984 INFO: NoSuchElementException in TransactionTrackerOperations.get_CM_parcels()
2019-01-04 17:09:04,974 INFO: NoSuchElementException in TransactionTrackerOperations.get_CM_parcels()
2019-01-04 17:09:09,902 INFO: NoSuchElementException in TransactionTrackerOperations.get_CM_parcels()
2019-01-04 17:09:15,004 INFO: NoSuchElementException in TransactionTrackerOperations.get_CM_parcels()
2019-01-04 17:09:20,307 INFO: NoSuchElementException in TransactionTrackerOperations.get_CM_parcels()
2019-01-04 17:09:25,550 INFO: NoSuchElementException in TransactionTrackerOperations.get_CM_parcels()
2019-01-04 17:09:30,510 INFO: NoSuchElementException in TransactionTrackerOperations.get_CM_parcels()
2019-01-04 17:09:35,631 INFO: NoSuchElementException in TransactionTrackerOperations.get_CM_parcels()
2019-01-04 17:09:40,561 INFO: NoSuchElementException in TransactionTrackerOperations.get_CM_parcels()
2019-01-04 17:09:45,472 INFO: NoSuchElementException in TransactionTrackerOperations.get_CM_parcels()
2019-01-04 17:09:50,423 INFO: NoSuchElementException in TransactionTrackerOperations.get_CM_parcels()
2019-01-04 17:09:55,551 INFO: NoSuchElementException in TransactionTrackerOperations.get_CM_parcels()
2019-01-04 17:10:00,726 INFO: NoSuchElementException in TransactionTrackerOperations.get_CM_parcels()
2019-01-04 17:10:05,679 INFO: NoSuchElementException in TransactionTrackerOperations.get_CM_parcels()
2019-01-04 17:10:10,726 INFO: NoSuchElementException in TransactionTrackerOperations.get_CM_parcels()
2019-01-04 17:10:15,673 INFO: NoSuchElementException in TransactionTrackerOperations.get_CM_parcels()
2019-01-04 17:10:20,688 INFO: NoSuchElementException in TransactionTrackerOperations.get_CM_parcels()
2019-01-04 17:10:25,605 INFO: NoSuchElementException in TransactionTrackerOperations.get_CM_parcels()
2019-01-04 17:10:30,688 INFO: NoSuchElementException in TransactionTrackerOperations.get_CM_parcels()
2019-01-04 17:10:35,637 INFO: NoSuchElementException in TransactionTrackerOperations.get_CM_parcels()
2019-01-04 17:10:40,595 INFO: NoSuchElementException in TransactionTrackerOperations.get_CM_parcels()
2019-01-04 17:10:45,607 INFO: NoSuchElementException in TransactionTrackerOperations.get_CM_parcels()
2019-01-04 17:10:50,788 INFO: NoSuchElementException in TransactionTrackerOperations.get_CM_parcels()
2019-01-04 17:10:55,702 INFO: NoSuchElementException in TransactionTrackerOperations.get_CM_parcels()
2019-01-04 17:11:00,807 INFO: NoSuchElementException in TransactionTrackerOperations.get_CM_parcels()
2019-01-04 17:11:07,146 INFO: NoSuchElementException in TransactionTrackerOperations.get_CM_parcels()
2019-01-04 17:11:13,010 INFO: NoSuchElementException in TransactionTrackerOperations.get_CM_parcels()
2019-01-04 17:11:18,552 INFO: NoSuchElementException in TransactionTrackerOperations.get_CM_parcels()
2019-01-04 17:11:23,819 INFO: NoSuchElementException in TransactionTrackerOperations.get_CM_parcels()
2019-01-04 17:11:29,069 INFO: NoSuchElementException in TransactionTrackerOperations.get_CM_parcels()
2019-01-04 17:11:34,342 INFO: NoSuchElementException in TransactionTrackerOperations.get_CM_parcels()
2019-01-04 17:11:39,872 INFO: NoSuchElementException in TransactionTrackerOperations.get_CM_parcels()
2019-01-04 17:11:45,053 INFO: NoSuchElementException in TransactionTrackerOperations.get_CM_parcels()
2019-01-04 17:11:50,312 INFO: NoSuchElementException in TransactionTrackerOperations.get_CM_parcels()
2019-01-04 17:11:55,402 INFO: NoSuchElementException in TransactionTrackerOperations.get_CM_parcels()
2019-01-04 17:12:00,590 INFO: NoSuchElementException in TransactionTrackerOperations.get_CM_parcels()
2019-01-04 17:12:05,692 INFO: NoSuchElementException in TransactionTrackerOperations.get_CM_parcels()
2019-01-04 17:12:11,058 INFO: NoSuchElementException in TransactionTrackerOperations.get_CM_parcels()
2019-01-04 17:12:16,204 INFO: NoSuchElementException in TransactionTrackerOperations.get_CM_parcels()
2019-01-04 17:12:21,823 INFO: NoSuchElementException in TransactionTrackerOperations.get_CM_parcels()
2019-01-04 17:12:27,519 INFO: NoSuchElementException in TransactionTrackerOperations.get_CM_parcels()
2019-01-04 17:12:32,736 INFO: NoSuchElementException in TransactionTrackerOperations.get_CM_parcels()
2019-01-04 17:12:37,997 INFO: NoSuchElementException in TransactionTrackerOperations.get_CM_parcels()
2019-01-04 17:12:43,343 INFO: NoSuchElementException in TransactionTrackerOperations.get_CM_parcels()
2019-01-04 17:12:48,810 INFO: NoSuchElementException in TransactionTrackerOperations.get_CM_parcels()
2019-01-04 17:12:54,313 INFO: NoSuchElementException in TransactionTrackerOperations.get_CM_parcels()
2019-01-04 17:12:59,413 INFO: NoSuchElementException in TransactionTrackerOperations.get_CM_parcels()
2019-01-04 17:13:04,649 INFO: NoSuchElementException in TransactionTrackerOperations.get_CM_parcels()
2019-01-04 17:13:09,828 INFO: NoSuchElementException in TransactionTrackerOperations.get_CM_parcels()
2019-01-04 17:13:14,891 INFO: NoSuchElementException in TransactionTrackerOperations.get_CM_parcels()
2019-01-04 17:13:20,093 INFO: NoSuchElementException in TransactionTrackerOperations.get_CM_parcels()
2019-01-04 17:13:25,159 INFO: NoSuchElementException in TransactionTrackerOperations.get_CM_parcels()
2019-01-04 17:13:30,310 INFO: NoSuchElementException in TransactionTrackerOperations.get_CM_parcels()
2019-01-04 17:13:35,465 INFO: NoSuchElementException in TransactionTrackerOperations.get_CM_parcels()
2019-01-04 17:13:40,516 INFO: NoSuchElementException in TransactionTrackerOperations.get_CM_parcels()
2019-01-04 17:13:45,775 INFO: NoSuchElementException in TransactionTrackerOperations.get_CM_parcels()
2019-01-04 17:13:51,009 INFO: NoSuchElementException in TransactionTrackerOperations.get_CM_parcels()
2019-01-04 17:13:56,248 INFO: NoSuchElementException in TransactionTrackerOperations.get_CM_parcels()
2019-01-04 17:14:01,479 INFO: NoSuchElementException in TransactionTrackerOperations.get_CM_parcels()
2019-01-04 17:14:06,759 INFO: NoSuchElementException in TransactionTrackerOperations.get_CM_parcels()
2019-01-04 17:14:12,379 INFO: NoSuchElementException in TransactionTrackerOperations.get_CM_parcels()
2019-01-04 17:14:18,046 INFO: NoSuchElementException in TransactionTrackerOperations.get_CM_parcels()
2019-01-04 17:14:23,572 INFO: NoSuchElementException in TransactionTrackerOperations.get_CM_parcels()
2019-01-04 17:14:28,996 INFO: NoSuchElementException in TransactionTrackerOperations.get_CM_parcels()
2019-01-04 17:14:34,190 INFO: NoSuchElementException in TransactionTrackerOperations.get_CM_parcels()
2019-01-04 17:14:39,409 INFO: NoSuchElementException in TransactionTrackerOperations.get_CM_parcels()
2019-01-04 17:14:44,750 INFO: NoSuchElementException in TransactionTrackerOperations.get_CM_parcels()
2019-01-04 17:14:49,942 INFO: NoSuchElementException in TransactionTrackerOperations.get_CM_parcels()
2019-01-04 17:14:55,217 INFO: NoSuchElementException in TransactionTrackerOperations.get_CM_parcels()
2019-01-04 17:15:00,456 INFO: NoSuchElementException in TransactionTrackerOperations.get_CM_parcels()
2019-01-04 17:15:05,681 INFO: NoSuchElementException in TransactionTrackerOperations.get_CM_parcels()
2019-01-04 17:15:10,944 INFO: NoSuchElementException in TransactionTrackerOperations.get_CM_parcels()
2019-01-04 17:15:16,285 INFO: NoSuchElementException in TransactionTrackerOperations.get_CM_parcels()
2019-01-04 17:15:21,492 INFO: NoSuchElementException in TransactionTrackerOperations.get_CM_parcels()
2019-01-04 17:15:27,282 INFO: NoSuchElementException in TransactionTrackerOperations.get_CM_parcels()
2019-01-04 17:15:30,346 INFO: NoSuchElementException in TransactionTrackerOperations.get_CM_parcels()
2019-01-04 17:15:39,110 INFO: Executing TransactionTrackerOperations.search_process_for_CMPDM() for: Performance Health|BaneCare Management DSSI|810
2019-01-04 17:15:39,882 INFO: Executing TransactionTrackerOperations.select_customer()
2019-01-04 17:15:46,956 INFO: Executing TransactionTrackerOperations.select_customer()
2019-01-04 17:15:59,166 INFO: Executing TransactionTrackerOperations.get_CM_parcels()
2019-01-04 17:16:06,660 INFO: Executing TransactionTrackerOperations.search_process_for_CMPDM() for: Performance Health|DSSI Next Step Healthcare|810
2019-01-04 17:16:07,266 INFO: Executing TransactionTrackerOperations.select_customer()
2019-01-04 17:16:14,311 INFO: Executing TransactionTrackerOperations.select_customer()
2019-01-04 17:16:26,662 INFO: Executing TransactionTrackerOperations.get_CM_parcels()
2019-01-04 17:16:30,056 INFO: NoSuchElementException in TransactionTrackerOperations.get_CM_parcels()
2019-01-04 17:16:35,137 INFO: NoSuchElementException in TransactionTrackerOperations.get_CM_parcels()
2019-01-04 17:16:40,179 INFO: NoSuchElementException in TransactionTrackerOperations.get_CM_parcels()
2019-01-04 17:16:46,198 INFO: NoSuchElementException in TransactionTrackerOperations.get_CM_parcels()
2019-01-04 17:16:53,105 INFO: NoSuchElementException in TransactionTrackerOperations.get_CM_parcels()
2019-01-04 17:16:58,337 INFO: NoSuchElementException in TransactionTrackerOperations.get_CM_parcels()
2019-01-04 17:17:03,516 INFO: NoSuchElementException in TransactionTrackerOperations.get_CM_parcels()
2019-01-04 17:17:08,618 INFO: NoSuchElementException in TransactionTrackerOperations.get_CM_parcels()
2019-01-04 17:17:13,823 INFO: NoSuchElementException in TransactionTrackerOperations.get_CM_parcels()
2019-01-04 17:17:18,890 INFO: NoSuchElementException in TransactionTrackerOperations.get_CM_parcels()
2019-01-04 17:17:24,004 INFO: NoSuchElementException in TransactionTrackerOperations.get_CM_parcels()
2019-01-04 17:17:29,083 INFO: NoSuchElementException in TransactionTrackerOperations.get_CM_parcels()
2019-01-04 17:17:34,253 INFO: NoSuchElementException in TransactionTrackerOperations.get_CM_parcels()
2019-01-04 17:17:39,306 INFO: NoSuchElementException in TransactionTrackerOperations.get_CM_parcels()
2019-01-04 17:17:44,438 INFO: NoSuchElementException in TransactionTrackerOperations.get_CM_parcels()
2019-01-04 17:17:49,743 INFO: NoSuchElementException in TransactionTrackerOperations.get_CM_parcels()
2019-01-04 17:17:54,846 INFO: NoSuchElementException in TransactionTrackerOperations.get_CM_parcels()
2019-01-04 17:18:00,208 INFO: NoSuchElementException in TransactionTrackerOperations.get_CM_parcels()
2019-01-04 17:18:05,212 INFO: NoSuchElementException in TransactionTrackerOperations.get_CM_parcels()
2019-01-04 17:18:10,373 INFO: NoSuchElementException in TransactionTrackerOperations.get_CM_parcels()
2019-01-04 17:18:15,411 INFO: NoSuchElementException in TransactionTrackerOperations.get_CM_parcels()
2019-01-04 17:18:20,426 INFO: NoSuchElementException in TransactionTrackerOperations.get_CM_parcels()
2019-01-04 17:18:25,593 INFO: NoSuchElementException in TransactionTrackerOperations.get_CM_parcels()
2019-01-04 17:18:28,646 INFO: NoSuchElementException in TransactionTrackerOperations.get_CM_parcels()
2019-01-04 17:18:37,348 INFO: Executing TransactionTrackerOperations.search_process_for_CMPDM() for: Performance Health|Regency Pacific DSSI|810
2019-01-04 17:18:37,864 INFO: Executing TransactionTrackerOperations.select_customer()
2019-01-04 17:18:44,884 INFO: Executing TransactionTrackerOperations.select_customer()
2019-01-04 17:18:56,905 INFO: Executing TransactionTrackerOperations.get_CM_parcels()
2019-01-04 17:18:57,249 INFO: NoSuchElementException in TransactionTrackerOperations.get_CM_parcels()
2019-01-04 17:19:05,131 INFO: Executing TransactionTrackerOperations.search_process_for_CMPDM() for: Performance Health|ADVANTAGE HPSI DSSI|810
2019-01-04 17:19:05,666 INFO: Executing TransactionTrackerOperations.select_customer()
2019-01-04 17:19:12,765 INFO: Executing TransactionTrackerOperations.select_customer()
2019-01-04 17:19:25,218 INFO: Executing TransactionTrackerOperations.get_CM_parcels()
2019-01-04 17:19:28,647 INFO: NoSuchElementException in TransactionTrackerOperations.get_CM_parcels()
2019-01-04 17:19:34,045 INFO: NoSuchElementException in TransactionTrackerOperations.get_CM_parcels()
2019-01-04 17:19:39,218 INFO: NoSuchElementException in TransactionTrackerOperations.get_CM_parcels()
2019-01-04 17:19:44,203 INFO: NoSuchElementException in TransactionTrackerOperations.get_CM_parcels()
2019-01-04 17:19:53,505 INFO: Executing TransactionTrackerOperations.search_process_for_CMPDM() for: Performance Health|ADVANTAGE NAVIGATOR DSSI|810
2019-01-04 17:19:53,960 INFO: Executing TransactionTrackerOperations.select_customer()
2019-01-04 17:20:01,002 INFO: Executing TransactionTrackerOperations.select_customer()
2019-01-04 17:20:13,360 INFO: Executing TransactionTrackerOperations.get_CM_parcels()
2019-01-04 17:20:19,581 INFO: Executing TransactionTrackerOperations.search_process_for_CMPDM() for: Performance Health|American Health Companies|810
2019-01-04 17:20:19,865 INFO: Executing TransactionTrackerOperations.select_customer()
2019-01-04 17:20:27,503 INFO: Executing TransactionTrackerOperations.select_customer()
2019-01-04 17:20:39,523 INFO: Executing TransactionTrackerOperations.get_CM_parcels()
2019-01-04 17:20:46,225 INFO: Executing TransactionTrackerOperations.search_process_for_CMPDM() for: Performance Health|APEX|810
2019-01-04 17:20:46,716 INFO: Executing TransactionTrackerOperations.select_customer()
2019-01-04 17:20:53,810 INFO: Executing TransactionTrackerOperations.select_customer()
2019-01-04 17:21:05,488 INFO: Executing TransactionTrackerOperations.get_CM_parcels()
2019-01-04 17:21:12,901 INFO: Executing TransactionTrackerOperations.search_process_for_CMPDM() for: Performance Health|APEX HEALTHCARE FLORIDA DSSI|810
2019-01-04 17:21:13,292 INFO: Executing TransactionTrackerOperations.select_customer()
2019-01-04 17:21:20,343 INFO: Executing TransactionTrackerOperations.select_customer()
2019-01-04 17:21:32,856 INFO: Executing TransactionTrackerOperations.get_CM_parcels()
2019-01-04 17:21:36,164 INFO: NoSuchElementException in TransactionTrackerOperations.get_CM_parcels()
2019-01-04 17:21:41,253 INFO: NoSuchElementException in TransactionTrackerOperations.get_CM_parcels()
2019-01-04 17:21:46,400 INFO: NoSuchElementException in TransactionTrackerOperations.get_CM_parcels()
2019-01-04 17:21:52,648 INFO: NoSuchElementException in TransactionTrackerOperations.get_CM_parcels()
2019-01-04 17:21:57,671 INFO: NoSuchElementException in TransactionTrackerOperations.get_CM_parcels()
2019-01-04 17:22:02,881 INFO: NoSuchElementException in TransactionTrackerOperations.get_CM_parcels()
2019-01-04 17:22:07,860 INFO: NoSuchElementException in TransactionTrackerOperations.get_CM_parcels()
2019-01-04 17:22:12,969 INFO: NoSuchElementException in TransactionTrackerOperations.get_CM_parcels()
2019-01-04 17:22:17,948 INFO: NoSuchElementException in TransactionTrackerOperations.get_CM_parcels()
2019-01-04 17:22:23,016 INFO: NoSuchElementException in TransactionTrackerOperations.get_CM_parcels()
2019-01-04 17:22:28,161 INFO: NoSuchElementException in TransactionTrackerOperations.get_CM_parcels()
2019-01-04 17:22:33,341 INFO: NoSuchElementException in TransactionTrackerOperations.get_CM_parcels()
2019-01-04 17:22:38,322 INFO: NoSuchElementException in TransactionTrackerOperations.get_CM_parcels()
2019-01-04 17:22:43,449 INFO: NoSuchElementException in TransactionTrackerOperations.get_CM_parcels()
2019-01-04 17:22:48,508 INFO: NoSuchElementException in TransactionTrackerOperations.get_CM_parcels()
2019-01-04 17:22:53,647 INFO: NoSuchElementException in TransactionTrackerOperations.get_CM_parcels()
2019-01-04 17:22:56,121 INFO: NoSuchElementException in TransactionTrackerOperations.get_CM_parcels()
2019-01-04 17:23:03,397 INFO: Executing TransactionTrackerOperations.search_process_for_CMPDM() for: Performance Health|ATRIUM LIVING CENTERS DSSI|810
2019-01-04 17:23:03,712 INFO: Executing TransactionTrackerOperations.select_customer()
2019-01-04 17:23:11,249 INFO: Executing TransactionTrackerOperations.select_customer()
2019-01-04 17:23:23,483 INFO: Executing TransactionTrackerOperations.get_CM_parcels()
2019-01-04 17:23:26,720 INFO: NoSuchElementException in TransactionTrackerOperations.get_CM_parcels()
2019-01-04 17:23:31,771 INFO: NoSuchElementException in TransactionTrackerOperations.get_CM_parcels()
2019-01-04 17:23:36,793 INFO: NoSuchElementException in TransactionTrackerOperations.get_CM_parcels()
2019-01-04 17:23:41,756 INFO: NoSuchElementException in TransactionTrackerOperations.get_CM_parcels()
2019-01-04 17:23:46,814 INFO: NoSuchElementException in TransactionTrackerOperations.get_CM_parcels()
2019-01-04 17:23:51,833 INFO: NoSuchElementException in TransactionTrackerOperations.get_CM_parcels()
2019-01-04 17:23:56,905 INFO: NoSuchElementException in TransactionTrackerOperations.get_CM_parcels()
2019-01-04 17:24:02,063 INFO: NoSuchElementException in TransactionTrackerOperations.get_CM_parcels()
2019-01-04 17:24:07,051 INFO: NoSuchElementException in TransactionTrackerOperations.get_CM_parcels()
2019-01-04 17:24:12,109 INFO: NoSuchElementException in TransactionTrackerOperations.get_CM_parcels()
2019-01-04 17:24:17,499 INFO: NoSuchElementException in TransactionTrackerOperations.get_CM_parcels()
2019-01-04 17:24:22,654 INFO: NoSuchElementException in TransactionTrackerOperations.get_CM_parcels()
2019-01-04 17:24:27,927 INFO: NoSuchElementException in TransactionTrackerOperations.get_CM_parcels()
2019-01-04 17:24:33,288 INFO: NoSuchElementException in TransactionTrackerOperations.get_CM_parcels()
2019-01-04 17:24:36,685 INFO: NoSuchElementException in TransactionTrackerOperations.get_CM_parcels()
2019-01-04 17:24:45,637 INFO: Executing TransactionTrackerOperations.search_process_for_CMPDM() for: Performance Health|AXIOM DSSI|810
2019-01-04 17:24:46,131 INFO: Executing TransactionTrackerOperations.select_customer()
2019-01-04 17:24:53,219 INFO: Executing TransactionTrackerOperations.select_customer()
2019-01-04 17:25:04,859 INFO: Executing TransactionTrackerOperations.get_CM_parcels()
2019-01-04 17:25:08,235 INFO: NoSuchElementException in TransactionTrackerOperations.get_CM_parcels()
2019-01-04 17:25:12,407 INFO: NoSuchElementException in TransactionTrackerOperations.get_CM_parcels()
2019-01-04 17:25:20,571 INFO: Executing TransactionTrackerOperations.search_process_for_CMPDM() for: Performance Health|BE GROUP DSSI|810
2019-01-04 17:25:21,133 INFO: Executing TransactionTrackerOperations.select_customer()
2019-01-04 17:25:28,115 INFO: Executing TransactionTrackerOperations.select_customer()
2019-01-04 17:25:39,653 INFO: Executing TransactionTrackerOperations.get_CM_parcels()
2019-01-04 17:25:45,894 INFO: Executing TransactionTrackerOperations.search_process_for_CMPDM() for: Performance Health|BEACON HEALTH DSSI|810
2019-01-04 17:25:47,120 INFO: Executing TransactionTrackerOperations.select_customer()
2019-01-04 17:25:54,179 INFO: Executing TransactionTrackerOperations.select_customer()
2019-01-04 17:26:05,902 INFO: Executing TransactionTrackerOperations.get_CM_parcels()
2019-01-04 17:26:09,112 INFO: NoSuchElementException in TransactionTrackerOperations.get_CM_parcels()
2019-01-04 17:26:14,199 INFO: NoSuchElementException in TransactionTrackerOperations.get_CM_parcels()
2019-01-04 17:26:19,213 INFO: NoSuchElementException in TransactionTrackerOperations.get_CM_parcels()
2019-01-04 17:26:25,980 INFO: NoSuchElementException in TransactionTrackerOperations.get_CM_parcels()
2019-01-04 17:26:32,647 INFO: NoSuchElementException in TransactionTrackerOperations.get_CM_parcels()
2019-01-04 17:26:39,820 INFO: NoSuchElementException in TransactionTrackerOperations.get_CM_parcels()
2019-01-04 17:26:42,703 INFO: NoSuchElementException in TransactionTrackerOperations.get_CM_parcels()
2019-01-04 17:26:50,857 INFO: Executing TransactionTrackerOperations.search_process_for_CMPDM() for: Performance Health|BENEDICTINE DSSI|810
2019-01-04 17:26:52,121 INFO: Executing TransactionTrackerOperations.select_customer()
2019-01-04 17:26:59,909 INFO: Executing TransactionTrackerOperations.select_customer()
2019-01-04 17:27:12,419 INFO: Executing TransactionTrackerOperations.get_CM_parcels()
2019-01-04 17:27:19,701 INFO: Executing TransactionTrackerOperations.search_process_for_CMPDM() for: Performance Health|Bethlen Communities Home Health and Hospice|810
2019-01-04 17:27:20,028 INFO: Executing TransactionTrackerOperations.select_customer()
2019-01-04 17:27:27,050 INFO: Executing TransactionTrackerOperations.select_customer()
2019-01-04 17:27:40,186 INFO: Executing TransactionTrackerOperations.get_CM_parcels()
2019-01-04 17:27:43,496 INFO: NoSuchElementException in TransactionTrackerOperations.get_CM_parcels()
2019-01-04 17:27:47,513 INFO: NoSuchElementException in TransactionTrackerOperations.get_CM_parcels()
2019-01-04 17:27:55,503 INFO: Executing TransactionTrackerOperations.search_process_for_CMPDM() for: Performance Health|BOMBAY LANE DSSI|810
2019-01-04 17:27:55,787 INFO: Executing TransactionTrackerOperations.select_customer()
2019-01-04 17:28:02,907 INFO: Executing TransactionTrackerOperations.select_customer()
2019-01-04 17:28:15,091 INFO: Executing TransactionTrackerOperations.get_CM_parcels()
2019-01-04 17:28:18,371 INFO: NoSuchElementException in TransactionTrackerOperations.get_CM_parcels()
2019-01-04 17:28:23,494 INFO: NoSuchElementException in TransactionTrackerOperations.get_CM_parcels()
2019-01-04 17:28:28,620 INFO: NoSuchElementException in TransactionTrackerOperations.get_CM_parcels()
2019-01-04 17:28:33,666 INFO: NoSuchElementException in TransactionTrackerOperations.get_CM_parcels()
2019-01-04 17:28:38,975 INFO: NoSuchElementException in TransactionTrackerOperations.get_CM_parcels()
2019-01-04 17:28:44,240 INFO: NoSuchElementException in TransactionTrackerOperations.get_CM_parcels()
2019-01-04 17:28:49,410 INFO: NoSuchElementException in TransactionTrackerOperations.get_CM_parcels()
2019-01-04 17:28:53,323 INFO: NoSuchElementException in TransactionTrackerOperations.get_CM_parcels()
2019-01-04 17:29:01,163 INFO: Executing TransactionTrackerOperations.search_process_for_CMPDM() for: Performance Health|CARDON AND ASSOCIATES DSSI|810
2019-01-04 17:29:02,845 INFO: Executing TransactionTrackerOperations.select_customer()
2019-01-04 17:29:10,138 INFO: Executing TransactionTrackerOperations.select_customer()
2019-01-04 17:29:22,878 INFO: Executing TransactionTrackerOperations.get_CM_parcels()
2019-01-04 17:29:26,285 INFO: NoSuchElementException in TransactionTrackerOperations.get_CM_parcels()
2019-01-04 17:29:31,730 INFO: NoSuchElementException in TransactionTrackerOperations.get_CM_parcels()
2019-01-04 17:29:37,140 INFO: NoSuchElementException in TransactionTrackerOperations.get_CM_parcels()
2019-01-04 17:29:42,270 INFO: NoSuchElementException in TransactionTrackerOperations.get_CM_parcels()
2019-01-04 17:29:47,488 INFO: NoSuchElementException in TransactionTrackerOperations.get_CM_parcels()
2019-01-04 17:29:52,870 INFO: NoSuchElementException in TransactionTrackerOperations.get_CM_parcels()
2019-01-04 17:29:57,975 INFO: NoSuchElementException in TransactionTrackerOperations.get_CM_parcels()
2019-01-04 17:30:03,223 INFO: NoSuchElementException in TransactionTrackerOperations.get_CM_parcels()
2019-01-04 17:30:08,869 INFO: NoSuchElementException in TransactionTrackerOperations.get_CM_parcels()
2019-01-04 17:30:14,191 INFO: NoSuchElementException in TransactionTrackerOperations.get_CM_parcels()
2019-01-04 17:30:19,456 INFO: NoSuchElementException in TransactionTrackerOperations.get_CM_parcels()
2019-01-04 17:30:25,061 INFO: NoSuchElementException in TransactionTrackerOperations.get_CM_parcels()
2019-01-04 17:30:30,660 INFO: NoSuchElementException in TransactionTrackerOperations.get_CM_parcels()
2019-01-04 17:30:35,927 INFO: NoSuchElementException in TransactionTrackerOperations.get_CM_parcels()
2019-01-04 17:30:41,331 INFO: NoSuchElementException in TransactionTrackerOperations.get_CM_parcels()
2019-01-04 17:30:46,942 INFO: NoSuchElementException in TransactionTrackerOperations.get_CM_parcels()
2019-01-04 17:30:51,600 INFO: NoSuchElementException in TransactionTrackerOperations.get_CM_parcels()
2019-01-04 17:31:00,290 INFO: Executing TransactionTrackerOperations.search_process_for_CMPDM() for: Performance Health|CERES PURCHASING SOLUTIONS DSSI|810
2019-01-04 17:31:00,934 INFO: Executing TransactionTrackerOperations.select_customer()
2019-01-04 17:31:08,238 INFO: Executing TransactionTrackerOperations.select_customer()
2019-01-04 17:31:21,396 INFO: Executing TransactionTrackerOperations.get_CM_parcels()
2019-01-04 17:31:28,629 INFO: Executing TransactionTrackerOperations.search_process_for_CMPDM() for: Performance Health|Chosen Healthcare DSSI|810
2019-01-04 17:31:29,110 INFO: Executing TransactionTrackerOperations.select_customer()
2019-01-04 17:31:36,140 INFO: Executing TransactionTrackerOperations.select_customer()
2019-01-04 17:31:48,611 INFO: Executing TransactionTrackerOperations.get_CM_parcels()
2019-01-04 17:31:55,260 INFO: Executing TransactionTrackerOperations.search_process_for_CMPDM() for: Performance Health|CLEAR CHOICE DSSI|810
2019-01-04 17:31:56,054 INFO: Executing TransactionTrackerOperations.select_customer()
2019-01-04 17:32:03,332 INFO: Executing TransactionTrackerOperations.select_customer()
2019-01-04 17:32:15,865 INFO: Executing TransactionTrackerOperations.get_CM_parcels()
2019-01-04 17:32:19,680 INFO: NoSuchElementException in TransactionTrackerOperations.get_CM_parcels()
2019-01-04 17:32:25,191 INFO: NoSuchElementException in TransactionTrackerOperations.get_CM_parcels()
2019-01-04 17:32:30,590 INFO: NoSuchElementException in TransactionTrackerOperations.get_CM_parcels()
2019-01-04 17:32:36,042 INFO: NoSuchElementException in TransactionTrackerOperations.get_CM_parcels()
2019-01-04 17:32:41,396 INFO: NoSuchElementException in TransactionTrackerOperations.get_CM_parcels()
2019-01-04 17:32:46,400 INFO: NoSuchElementException in TransactionTrackerOperations.get_CM_parcels()
2019-01-04 17:32:51,680 INFO: NoSuchElementException in TransactionTrackerOperations.get_CM_parcels()
2019-01-04 17:32:57,311 INFO: NoSuchElementException in TransactionTrackerOperations.get_CM_parcels()
2019-01-04 17:33:02,574 INFO: NoSuchElementException in TransactionTrackerOperations.get_CM_parcels()
2019-01-04 17:33:07,788 INFO: NoSuchElementException in TransactionTrackerOperations.get_CM_parcels()
2019-01-04 17:33:12,113 INFO: NoSuchElementException in TransactionTrackerOperations.get_CM_parcels()
2019-01-04 17:33:20,403 INFO: Executing TransactionTrackerOperations.search_process_for_CMPDM() for: Performance Health|COMMUNICARE DSSI|810
2019-01-04 17:33:21,668 INFO: Executing TransactionTrackerOperations.select_customer()
2019-01-04 17:33:28,682 INFO: Executing TransactionTrackerOperations.select_customer()
2019-01-04 17:33:41,561 INFO: Executing TransactionTrackerOperations.get_CM_parcels()
2019-01-04 17:33:49,033 INFO: Executing TransactionTrackerOperations.search_process_for_CMPDM() for: Performance Health|COMPLETE HEALTHCARE DSSI|810
2019-01-04 17:33:49,735 INFO: Executing TransactionTrackerOperations.select_customer()
2019-01-04 17:33:56,987 INFO: Executing TransactionTrackerOperations.select_customer()
2019-01-04 17:34:10,613 INFO: Executing TransactionTrackerOperations.get_CM_parcels()
2019-01-04 17:34:14,902 INFO: NoSuchElementException in TransactionTrackerOperations.get_CM_parcels()
2019-01-04 17:34:20,291 INFO: NoSuchElementException in TransactionTrackerOperations.get_CM_parcels()
2019-01-04 17:34:26,052 INFO: NoSuchElementException in TransactionTrackerOperations.get_CM_parcels()
2019-01-04 17:34:31,574 INFO: NoSuchElementException in TransactionTrackerOperations.get_CM_parcels()
2019-01-04 17:34:37,170 INFO: NoSuchElementException in TransactionTrackerOperations.get_CM_parcels()
2019-01-04 17:34:42,533 INFO: NoSuchElementException in TransactionTrackerOperations.get_CM_parcels()
2019-01-04 17:34:47,787 INFO: NoSuchElementException in TransactionTrackerOperations.get_CM_parcels()
2019-01-04 17:34:53,958 INFO: NoSuchElementException in TransactionTrackerOperations.get_CM_parcels()
2019-01-04 17:34:59,053 INFO: NoSuchElementException in TransactionTrackerOperations.get_CM_parcels()
2019-01-04 17:35:04,165 INFO: NoSuchElementException in TransactionTrackerOperations.get_CM_parcels()
2019-01-04 17:35:09,675 INFO: NoSuchElementException in TransactionTrackerOperations.get_CM_parcels()
2019-01-04 17:35:16,186 INFO: NoSuchElementException in TransactionTrackerOperations.get_CM_parcels()
2019-01-04 17:35:21,547 INFO: NoSuchElementException in TransactionTrackerOperations.get_CM_parcels()
2019-01-04 17:35:27,227 INFO: NoSuchElementException in TransactionTrackerOperations.get_CM_parcels()
2019-01-04 17:35:32,653 INFO: NoSuchElementException in TransactionTrackerOperations.get_CM_parcels()
2019-01-04 17:35:37,372 INFO: NoSuchElementException in TransactionTrackerOperations.get_CM_parcels()
2019-01-04 17:35:47,259 INFO: Executing TransactionTrackerOperations.search_process_for_CMPDM() for: Performance Health|COVENANT DOVE DSSI|810
2019-01-04 17:35:48,608 INFO: Executing TransactionTrackerOperations.select_customer()
2019-01-04 17:35:55,649 INFO: Executing TransactionTrackerOperations.select_customer()
2019-01-04 17:36:08,043 INFO: Executing TransactionTrackerOperations.get_CM_parcels()
2019-01-04 17:36:12,732 INFO: NoSuchElementException in TransactionTrackerOperations.get_CM_parcels()
2019-01-04 17:36:18,305 INFO: NoSuchElementException in TransactionTrackerOperations.get_CM_parcels()
2019-01-04 17:36:23,484 INFO: NoSuchElementException in TransactionTrackerOperations.get_CM_parcels()
2019-01-04 17:36:29,084 INFO: NoSuchElementException in TransactionTrackerOperations.get_CM_parcels()
2019-01-04 17:36:34,729 INFO: NoSuchElementException in TransactionTrackerOperations.get_CM_parcels()
2019-01-04 17:36:40,028 INFO: NoSuchElementException in TransactionTrackerOperations.get_CM_parcels()
2019-01-04 17:36:45,291 INFO: NoSuchElementException in TransactionTrackerOperations.get_CM_parcels()
2019-01-04 17:36:50,620 INFO: NoSuchElementException in TransactionTrackerOperations.get_CM_parcels()
2019-01-04 17:36:57,240 INFO: NoSuchElementException in TransactionTrackerOperations.get_CM_parcels()
2019-01-04 17:37:02,521 INFO: NoSuchElementException in TransactionTrackerOperations.get_CM_parcels()
2019-01-04 17:37:08,211 INFO: NoSuchElementException in TransactionTrackerOperations.get_CM_parcels()
2019-01-04 17:37:13,631 INFO: NoSuchElementException in TransactionTrackerOperations.get_CM_parcels()
2019-01-04 17:37:20,193 INFO: NoSuchElementException in TransactionTrackerOperations.get_CM_parcels()
2019-01-04 17:37:25,596 INFO: NoSuchElementException in TransactionTrackerOperations.get_CM_parcels()
2019-01-04 17:37:31,240 INFO: NoSuchElementException in TransactionTrackerOperations.get_CM_parcels()
2019-01-04 17:37:36,601 INFO: NoSuchElementException in TransactionTrackerOperations.get_CM_parcels()
2019-01-04 17:37:41,773 INFO: NoSuchElementException in TransactionTrackerOperations.get_CM_parcels()
2019-01-04 17:37:47,305 INFO: NoSuchElementException in TransactionTrackerOperations.get_CM_parcels()
2019-01-04 17:37:53,370 INFO: NoSuchElementException in TransactionTrackerOperations.get_CM_parcels()
2019-01-04 17:37:59,824 INFO: NoSuchElementException in TransactionTrackerOperations.get_CM_parcels()
2019-01-04 17:38:05,530 INFO: NoSuchElementException in TransactionTrackerOperations.get_CM_parcels()
2019-01-04 17:38:10,672 INFO: NoSuchElementException in TransactionTrackerOperations.get_CM_parcels()
2019-01-04 17:38:15,775 INFO: NoSuchElementException in TransactionTrackerOperations.get_CM_parcels()
2019-01-04 17:38:18,542 INFO: NoSuchElementException in TransactionTrackerOperations.get_CM_parcels()
2019-01-04 17:38:27,386 INFO: Executing TransactionTrackerOperations.search_process_for_CMPDM() for: Performance Health|DIAKON LUTHERAN DSSI|810
2019-01-04 17:38:27,805 INFO: Executing TransactionTrackerOperations.select_customer()
2019-01-04 17:38:34,797 INFO: Executing TransactionTrackerOperations.select_customer()
2019-01-04 17:38:46,932 INFO: Executing TransactionTrackerOperations.get_CM_parcels()
2019-01-04 17:38:50,170 INFO: NoSuchElementException in TransactionTrackerOperations.get_CM_parcels()
2019-01-04 17:38:55,322 INFO: NoSuchElementException in TransactionTrackerOperations.get_CM_parcels()
2019-01-04 17:39:00,309 INFO: NoSuchElementException in TransactionTrackerOperations.get_CM_parcels()
2019-01-04 17:39:05,378 INFO: NoSuchElementException in TransactionTrackerOperations.get_CM_parcels()
2019-01-04 17:39:10,541 INFO: NoSuchElementException in TransactionTrackerOperations.get_CM_parcels()
2019-01-04 17:39:15,670 INFO: NoSuchElementException in TransactionTrackerOperations.get_CM_parcels()
2019-01-04 17:39:20,574 INFO: NoSuchElementException in TransactionTrackerOperations.get_CM_parcels()
2019-01-04 17:39:24,681 INFO: NoSuchElementException in TransactionTrackerOperations.get_CM_parcels()
2019-01-04 17:39:32,288 INFO: Executing TransactionTrackerOperations.search_process_for_CMPDM() for: Performance Health|DIVERSICARE DSSI|810
2019-01-04 17:39:33,743 INFO: Executing TransactionTrackerOperations.select_customer()
2019-01-04 17:39:40,830 INFO: Executing TransactionTrackerOperations.select_customer()
2019-01-04 17:39:52,785 INFO: Executing TransactionTrackerOperations.get_CM_parcels()
2019-01-04 17:40:00,633 INFO: Executing TransactionTrackerOperations.search_process_for_CMPDM() for: Performance Health|Dycora Transitional Health DSSI|810
2019-01-04 17:40:00,862 INFO: Executing TransactionTrackerOperations.select_customer()
2019-01-04 17:40:07,885 INFO: Executing TransactionTrackerOperations.select_customer()
2019-01-04 17:40:20,689 INFO: Executing TransactionTrackerOperations.get_CM_parcels()
2019-01-04 17:40:24,070 INFO: NoSuchElementException in TransactionTrackerOperations.get_CM_parcels()
2019-01-04 17:40:29,245 INFO: NoSuchElementException in TransactionTrackerOperations.get_CM_parcels()
2019-01-04 17:40:34,156 INFO: NoSuchElementException in TransactionTrackerOperations.get_CM_parcels()
2019-01-04 17:40:39,122 INFO: NoSuchElementException in TransactionTrackerOperations.get_CM_parcels()
2019-01-04 17:40:44,009 INFO: NoSuchElementException in TransactionTrackerOperations.get_CM_parcels()
2019-01-04 17:40:48,939 INFO: NoSuchElementException in TransactionTrackerOperations.get_CM_parcels()
2019-01-04 17:40:53,840 INFO: NoSuchElementException in TransactionTrackerOperations.get_CM_parcels()
2019-01-04 17:40:58,799 INFO: NoSuchElementException in TransactionTrackerOperations.get_CM_parcels()
2019-01-04 17:41:03,731 INFO: NoSuchElementException in TransactionTrackerOperations.get_CM_parcels()
2019-01-04 17:41:08,692 INFO: NoSuchElementException in TransactionTrackerOperations.get_CM_parcels()
2019-01-04 17:41:13,797 INFO: NoSuchElementException in TransactionTrackerOperations.get_CM_parcels()
2019-01-04 17:41:18,732 INFO: NoSuchElementException in TransactionTrackerOperations.get_CM_parcels()
2019-01-04 17:41:23,739 INFO: NoSuchElementException in TransactionTrackerOperations.get_CM_parcels()
2019-01-04 17:41:26,494 INFO: NoSuchElementException in TransactionTrackerOperations.get_CM_parcels()
2019-01-04 17:41:35,187 INFO: Executing TransactionTrackerOperations.search_process_for_CMPDM() for: Performance Health|ERICKSON RETIREMENT COMMUNITIES DSSI|810
2019-01-04 17:41:35,845 INFO: Executing TransactionTrackerOperations.select_customer()
2019-01-04 17:41:42,854 INFO: Executing TransactionTrackerOperations.select_customer()
2019-01-04 17:41:55,624 INFO: Executing TransactionTrackerOperations.get_CM_parcels()
2019-01-04 17:41:58,775 INFO: NoSuchElementException in TransactionTrackerOperations.get_CM_parcels()
2019-01-04 17:42:03,784 INFO: NoSuchElementException in TransactionTrackerOperations.get_CM_parcels()
2019-01-04 17:42:08,689 INFO: NoSuchElementException in TransactionTrackerOperations.get_CM_parcels()
2019-01-04 17:42:13,650 INFO: NoSuchElementException in TransactionTrackerOperations.get_CM_parcels()
2019-01-04 17:42:18,645 INFO: NoSuchElementException in TransactionTrackerOperations.get_CM_parcels()
2019-01-04 17:42:23,636 INFO: NoSuchElementException in TransactionTrackerOperations.get_CM_parcels()
2019-01-04 17:42:28,716 INFO: NoSuchElementException in TransactionTrackerOperations.get_CM_parcels()
2019-01-04 17:42:33,821 INFO: NoSuchElementException in TransactionTrackerOperations.get_CM_parcels()
2019-01-04 17:42:38,859 INFO: NoSuchElementException in TransactionTrackerOperations.get_CM_parcels()
2019-01-04 17:42:44,217 INFO: NoSuchElementException in TransactionTrackerOperations.get_CM_parcels()
2019-01-04 17:42:49,204 INFO: NoSuchElementException in TransactionTrackerOperations.get_CM_parcels()
2019-01-04 17:42:55,561 INFO: NoSuchElementException in TransactionTrackerOperations.get_CM_parcels()
2019-01-04 17:43:01,514 INFO: NoSuchElementException in TransactionTrackerOperations.get_CM_parcels()
2019-01-04 17:43:06,808 INFO: NoSuchElementException in TransactionTrackerOperations.get_CM_parcels()
2019-01-04 17:43:11,948 INFO: NoSuchElementException in TransactionTrackerOperations.get_CM_parcels()
2019-01-04 17:43:17,037 INFO: NoSuchElementException in TransactionTrackerOperations.get_CM_parcels()
2019-01-04 17:43:22,397 INFO: NoSuchElementException in TransactionTrackerOperations.get_CM_parcels()
2019-01-04 17:43:24,876 INFO: NoSuchElementException in TransactionTrackerOperations.get_CM_parcels()
2019-01-04 17:43:33,215 INFO: Executing TransactionTrackerOperations.search_process_for_CMPDM() for: Performance Health|FORTIS MANAGEMENT GROUP DSSI|810
2019-01-04 17:43:33,412 INFO: Executing TransactionTrackerOperations.select_customer()
2019-01-04 17:43:40,588 INFO: Executing TransactionTrackerOperations.select_customer()
2019-01-04 17:43:52,905 INFO: Executing TransactionTrackerOperations.get_CM_parcels()
2019-01-04 17:43:53,290 INFO: NoSuchElementException in TransactionTrackerOperations.get_CM_parcels()
2019-01-04 17:44:01,147 INFO: Executing TransactionTrackerOperations.search_process_for_CMPDM() for: Performance Health|GOOD SAMARITAN SOCIETY DSSI|810
2019-01-04 17:44:01,852 INFO: Executing TransactionTrackerOperations.select_customer()
2019-01-04 17:44:08,851 INFO: Executing TransactionTrackerOperations.select_customer()
2019-01-04 17:44:21,251 INFO: Executing TransactionTrackerOperations.get_CM_parcels()
2019-01-04 17:44:28,478 INFO: Executing TransactionTrackerOperations.search_process_for_CMPDM() for: Performance Health|GULF COAST HEALTHCARE DSSI|810
2019-01-04 17:44:28,809 INFO: Executing TransactionTrackerOperations.select_customer()
2019-01-04 17:44:35,856 INFO: Executing TransactionTrackerOperations.select_customer()
2019-01-04 17:44:48,005 INFO: Executing TransactionTrackerOperations.get_CM_parcels()
2019-01-04 17:44:55,052 INFO: Executing TransactionTrackerOperations.search_process_for_CMPDM() for: Performance Health|ICARE MANAGEMENT DSSI|810
2019-01-04 17:44:55,327 INFO: Executing TransactionTrackerOperations.select_customer()
2019-01-04 17:45:02,405 INFO: Executing TransactionTrackerOperations.select_customer()
2019-01-04 17:45:14,620 INFO: Executing TransactionTrackerOperations.get_CM_parcels()
2019-01-04 17:45:18,161 INFO: NoSuchElementException in TransactionTrackerOperations.get_CM_parcels()
2019-01-04 17:45:23,340 INFO: NoSuchElementException in TransactionTrackerOperations.get_CM_parcels()
2019-01-04 17:45:28,245 INFO: NoSuchElementException in TransactionTrackerOperations.get_CM_parcels()
2019-01-04 17:45:33,182 INFO: NoSuchElementException in TransactionTrackerOperations.get_CM_parcels()
2019-01-04 17:45:38,137 INFO: NoSuchElementException in TransactionTrackerOperations.get_CM_parcels()
2019-01-04 17:45:41,683 INFO: NoSuchElementException in TransactionTrackerOperations.get_CM_parcels()
2019-01-04 17:45:48,339 INFO: Executing TransactionTrackerOperations.search_process_for_CMPDM() for: Performance Health|Kindred Healthcare via IntelliOrder|810
2019-01-04 17:45:49,642 INFO: Executing TransactionTrackerOperations.select_customer()
2019-01-04 17:45:56,653 INFO: Executing TransactionTrackerOperations.select_customer()
2019-01-04 17:46:08,978 INFO: Executing TransactionTrackerOperations.get_CM_parcels()
2019-01-04 17:46:12,160 INFO: NoSuchElementException in TransactionTrackerOperations.get_CM_parcels()
2019-01-04 17:46:17,193 INFO: NoSuchElementException in TransactionTrackerOperations.get_CM_parcels()
2019-01-04 17:46:23,221 INFO: NoSuchElementException in TransactionTrackerOperations.get_CM_parcels()
2019-01-04 17:46:28,210 INFO: NoSuchElementException in TransactionTrackerOperations.get_CM_parcels()
2019-01-04 17:46:33,304 INFO: NoSuchElementException in TransactionTrackerOperations.get_CM_parcels()
2019-01-04 17:46:38,232 INFO: NoSuchElementException in TransactionTrackerOperations.get_CM_parcels()
2019-01-04 17:46:43,332 INFO: NoSuchElementException in TransactionTrackerOperations.get_CM_parcels()
2019-01-04 17:46:48,417 INFO: NoSuchElementException in TransactionTrackerOperations.get_CM_parcels()
2019-01-04 17:46:53,349 INFO: NoSuchElementException in TransactionTrackerOperations.get_CM_parcels()
2019-01-04 17:46:58,475 INFO: NoSuchElementException in TransactionTrackerOperations.get_CM_parcels()
2019-01-04 17:47:03,536 INFO: NoSuchElementException in TransactionTrackerOperations.get_CM_parcels()
2019-01-04 17:47:08,513 INFO: NoSuchElementException in TransactionTrackerOperations.get_CM_parcels()
2019-01-04 17:47:13,553 INFO: NoSuchElementException in TransactionTrackerOperations.get_CM_parcels()
2019-01-04 17:47:18,572 INFO: NoSuchElementException in TransactionTrackerOperations.get_CM_parcels()
2019-01-04 17:47:23,715 INFO: NoSuchElementException in TransactionTrackerOperations.get_CM_parcels()
2019-01-04 17:47:28,765 INFO: NoSuchElementException in TransactionTrackerOperations.get_CM_parcels()
2019-01-04 17:47:33,830 INFO: NoSuchElementException in TransactionTrackerOperations.get_CM_parcels()
2019-01-04 17:47:38,987 INFO: NoSuchElementException in TransactionTrackerOperations.get_CM_parcels()
2019-01-04 17:47:44,012 INFO: NoSuchElementException in TransactionTrackerOperations.get_CM_parcels()
2019-01-04 17:47:49,128 INFO: NoSuchElementException in TransactionTrackerOperations.get_CM_parcels()
2019-01-04 17:47:54,128 INFO: NoSuchElementException in TransactionTrackerOperations.get_CM_parcels()
2019-01-04 17:47:59,317 INFO: NoSuchElementException in TransactionTrackerOperations.get_CM_parcels()
2019-01-04 17:48:04,277 INFO: NoSuchElementException in TransactionTrackerOperations.get_CM_parcels()
2019-01-04 17:48:09,332 INFO: NoSuchElementException in TransactionTrackerOperations.get_CM_parcels()
2019-01-04 17:48:14,251 INFO: NoSuchElementException in TransactionTrackerOperations.get_CM_parcels()
2019-01-04 17:48:19,282 INFO: NoSuchElementException in TransactionTrackerOperations.get_CM_parcels()
2019-01-04 17:48:24,294 INFO: NoSuchElementException in TransactionTrackerOperations.get_CM_parcels()
2019-01-04 17:48:29,269 INFO: NoSuchElementException in TransactionTrackerOperations.get_CM_parcels()
2019-01-04 17:48:34,296 INFO: NoSuchElementException in TransactionTrackerOperations.get_CM_parcels()
2019-01-04 17:48:39,322 INFO: NoSuchElementException in TransactionTrackerOperations.get_CM_parcels()
2019-01-04 17:48:44,476 INFO: NoSuchElementException in TransactionTrackerOperations.get_CM_parcels()
2019-01-04 17:48:49,494 INFO: NoSuchElementException in TransactionTrackerOperations.get_CM_parcels()
2019-01-04 17:48:54,691 INFO: NoSuchElementException in TransactionTrackerOperations.get_CM_parcels()
2019-01-04 17:48:59,753 INFO: NoSuchElementException in TransactionTrackerOperations.get_CM_parcels()
2019-01-04 17:49:04,807 INFO: NoSuchElementException in TransactionTrackerOperations.get_CM_parcels()
2019-01-04 17:49:10,119 INFO: NoSuchElementException in TransactionTrackerOperations.get_CM_parcels()
2019-01-04 17:49:15,142 INFO: NoSuchElementException in TransactionTrackerOperations.get_CM_parcels()
2019-01-04 17:49:20,277 INFO: NoSuchElementException in TransactionTrackerOperations.get_CM_parcels()
2019-01-04 17:49:25,539 INFO: NoSuchElementException in TransactionTrackerOperations.get_CM_parcels()
2019-01-04 17:49:30,522 INFO: NoSuchElementException in TransactionTrackerOperations.get_CM_parcels()
2019-01-04 17:49:33,257 INFO: NoSuchElementException in TransactionTrackerOperations.get_CM_parcels()
2019-01-04 17:49:42,584 INFO: Executing TransactionTrackerOperations.search_process_for_CMPDM() for: Performance Health|LAVIE ADMINISTRATIVE SERVICES DSSI|810
2019-01-04 17:49:43,199 INFO: Executing TransactionTrackerOperations.select_customer()
2019-01-04 17:49:50,238 INFO: Executing TransactionTrackerOperations.select_customer()
2019-01-04 17:50:02,843 INFO: Executing TransactionTrackerOperations.get_CM_parcels()
2019-01-04 17:50:05,989 INFO: NoSuchElementException in TransactionTrackerOperations.get_CM_parcels()
2019-01-04 17:50:11,052 INFO: NoSuchElementException in TransactionTrackerOperations.get_CM_parcels()
2019-01-04 17:50:16,297 INFO: NoSuchElementException in TransactionTrackerOperations.get_CM_parcels()
2019-01-04 17:50:21,383 INFO: NoSuchElementException in TransactionTrackerOperations.get_CM_parcels()
2019-01-04 17:50:26,262 INFO: NoSuchElementException in TransactionTrackerOperations.get_CM_parcels()
2019-01-04 17:50:31,353 INFO: NoSuchElementException in TransactionTrackerOperations.get_CM_parcels()
2019-01-04 17:50:36,280 INFO: NoSuchElementException in TransactionTrackerOperations.get_CM_parcels()
2019-01-04 17:50:41,222 INFO: NoSuchElementException in TransactionTrackerOperations.get_CM_parcels()
2019-01-04 17:50:46,453 INFO: NoSuchElementException in TransactionTrackerOperations.get_CM_parcels()
2019-01-04 17:50:51,534 INFO: NoSuchElementException in TransactionTrackerOperations.get_CM_parcels()
2019-01-04 17:50:56,599 INFO: NoSuchElementException in TransactionTrackerOperations.get_CM_parcels()
2019-01-04 17:51:01,674 INFO: NoSuchElementException in TransactionTrackerOperations.get_CM_parcels()
2019-01-04 17:51:04,172 INFO: NoSuchElementException in TransactionTrackerOperations.get_CM_parcels()
2019-01-04 17:51:12,846 INFO: Executing TransactionTrackerOperations.search_process_for_CMPDM() for: Performance Health|LEGACY SENIOR DSSI|810
2019-01-04 17:51:13,331 INFO: Executing TransactionTrackerOperations.select_customer()
2019-01-04 17:51:20,389 INFO: Executing TransactionTrackerOperations.select_customer()
2019-01-04 17:51:32,346 INFO: Executing TransactionTrackerOperations.get_CM_parcels()
2019-01-04 17:51:39,610 INFO: Executing TransactionTrackerOperations.search_process_for_CMPDM() for: Performance Health|MARINER DSSI|810
2019-01-04 17:51:40,031 INFO: Executing TransactionTrackerOperations.select_customer()
2019-01-04 17:51:47,205 INFO: Executing TransactionTrackerOperations.select_customer()
2019-01-04 17:51:59,161 INFO: Executing TransactionTrackerOperations.get_CM_parcels()
2019-01-04 17:52:05,915 INFO: Executing TransactionTrackerOperations.search_process_for_CMPDM() for: Performance Health|MARINER HEALTH DSSI|810
2019-01-04 17:52:06,259 INFO: Executing TransactionTrackerOperations.select_customer()
2019-01-04 17:52:13,294 INFO: Executing TransactionTrackerOperations.select_customer()
2019-01-04 17:52:25,382 INFO: Executing TransactionTrackerOperations.get_CM_parcels()
2019-01-04 17:52:28,535 INFO: NoSuchElementException in TransactionTrackerOperations.get_CM_parcels()
2019-01-04 17:52:33,731 INFO: NoSuchElementException in TransactionTrackerOperations.get_CM_parcels()
2019-01-04 17:52:38,705 INFO: NoSuchElementException in TransactionTrackerOperations.get_CM_parcels()
2019-01-04 17:52:43,636 INFO: NoSuchElementException in TransactionTrackerOperations.get_CM_parcels()
2019-01-04 17:52:48,585 INFO: NoSuchElementException in TransactionTrackerOperations.get_CM_parcels()
2019-01-04 17:52:53,764 INFO: NoSuchElementException in TransactionTrackerOperations.get_CM_parcels()
2019-01-04 17:52:58,677 INFO: NoSuchElementException in TransactionTrackerOperations.get_CM_parcels()
2019-01-04 17:53:03,609 INFO: NoSuchElementException in TransactionTrackerOperations.get_CM_parcels()
2019-01-04 17:53:08,945 INFO: NoSuchElementException in TransactionTrackerOperations.get_CM_parcels()
2019-01-04 17:53:13,973 INFO: NoSuchElementException in TransactionTrackerOperations.get_CM_parcels()
2019-01-04 17:53:19,129 INFO: NoSuchElementException in TransactionTrackerOperations.get_CM_parcels()
2019-01-04 17:53:24,147 INFO: NoSuchElementException in TransactionTrackerOperations.get_CM_parcels()
2019-01-04 17:53:28,622 INFO: NoSuchElementException in TransactionTrackerOperations.get_CM_parcels()
2019-01-04 17:53:37,639 INFO: Executing TransactionTrackerOperations.search_process_for_CMPDM() for: Performance Health|MEDCENTERDIRECT DOT COM|810
2019-01-04 17:53:38,255 INFO: Executing TransactionTrackerOperations.select_customer()
2019-01-04 17:53:45,283 INFO: Executing TransactionTrackerOperations.select_customer()
2019-01-04 17:53:57,513 INFO: Executing TransactionTrackerOperations.get_CM_parcels()
2019-01-04 17:54:04,843 INFO: Executing TransactionTrackerOperations.search_process_for_CMPDM() for: Performance Health|DSSI Kindred at Home|810
2019-01-04 17:54:05,442 INFO: Executing TransactionTrackerOperations.select_customer()
2019-01-04 17:54:12,468 INFO: Executing TransactionTrackerOperations.select_customer()
2019-01-04 17:54:24,622 INFO: Executing TransactionTrackerOperations.get_CM_parcels()
2019-01-04 17:54:31,270 INFO: Executing TransactionTrackerOperations.search_process_for_CMPDM() for: Performance Health|McKesson Medical Systems Columbus Community Hospital|810
2019-01-04 17:54:31,837 INFO: Executing TransactionTrackerOperations.select_customer()
2019-01-04 17:54:38,916 INFO: Executing TransactionTrackerOperations.select_customer()
2019-01-04 17:54:52,281 INFO: Executing TransactionTrackerOperations.get_CM_parcels()
2019-01-04 17:54:59,270 INFO: Executing TransactionTrackerOperations.search_process_for_CMPDM() for: Performance Health|McKesson Material Systems UT Health East Texas|810
2019-01-04 17:54:59,735 INFO: Executing TransactionTrackerOperations.select_customer()
2019-01-04 17:55:06,752 INFO: Executing TransactionTrackerOperations.select_customer()
2019-01-04 17:55:20,400 INFO: Executing TransactionTrackerOperations.get_CM_parcels()
2019-01-04 17:55:27,609 INFO: completed CMProductionDataMonitoring.execute_main()
