2018-10-19 11:29:46,206 INFO: Executing Script Credit Memo Prodution Data Monitoring
2018-10-19 11:29:52,695 INFO: Login in to Launchpad
2018-10-19 11:30:06,881 INFO: Refreshing access_token
2018-10-19 11:30:11,020 INFO: Executing method 'search_process' from TransactionTrackerOperations
2018-10-19 11:30:13,133 INFO: Executing method 'select_customer' from TransactionTrackerOperations
2018-10-19 11:30:22,316 INFO: Executing method 'select_customer' from TransactionTrackerOperations
2018-10-19 11:30:54,810 INFO: Executing method 'search_process' from TransactionTrackerOperations
2018-10-19 11:30:56,825 INFO: Executing method 'select_customer' from TransactionTrackerOperations
2018-10-19 11:31:05,835 INFO: Executing method 'select_customer' from TransactionTrackerOperations
2018-10-19 11:31:27,639 INFO: Executing method 'search_process' from TransactionTrackerOperations
2018-10-19 11:31:29,653 INFO: Executing method 'select_customer' from TransactionTrackerOperations
2018-10-19 11:31:38,817 INFO: Executing method 'select_customer' from TransactionTrackerOperations
2018-10-19 11:32:11,664 INFO: Executing method 'search_process' from TransactionTrackerOperations
2018-10-19 11:32:13,688 INFO: Executing method 'select_customer' from TransactionTrackerOperations
2018-10-19 11:32:22,786 INFO: Executing method 'select_customer' from TransactionTrackerOperations
2018-10-19 11:32:56,565 INFO: Executing method 'search_process' from TransactionTrackerOperations
2018-10-19 11:32:58,590 INFO: Executing method 'select_customer' from TransactionTrackerOperations
2018-10-19 11:33:07,903 INFO: Executing method 'select_customer' from TransactionTrackerOperations
2018-10-19 11:33:58,922 INFO: Executing method 'search_process' from TransactionTrackerOperations
2018-10-19 11:34:00,946 INFO: Executing method 'select_customer' from TransactionTrackerOperations
2018-10-19 11:34:10,054 INFO: Executing method 'select_customer' from TransactionTrackerOperations
2018-10-19 11:34:32,730 INFO: Executing method 'search_process' from TransactionTrackerOperations
2018-10-19 11:34:34,746 INFO: Executing method 'select_customer' from TransactionTrackerOperations
2018-10-19 11:34:43,854 INFO: Executing method 'select_customer' from TransactionTrackerOperations
2018-10-19 11:35:46,076 INFO: Executing method 'search_process' from TransactionTrackerOperations
2018-10-19 11:35:48,093 INFO: Executing method 'select_customer' from TransactionTrackerOperations
2018-10-19 11:35:56,874 INFO: Executing method 'select_customer' from TransactionTrackerOperations
2018-10-19 11:36:19,321 INFO: Executing method 'search_process' from TransactionTrackerOperations
2018-10-19 11:36:21,338 INFO: Executing method 'select_customer' from TransactionTrackerOperations
2018-10-19 11:36:30,329 INFO: Executing method 'select_customer' from TransactionTrackerOperations
2018-10-19 11:36:53,061 INFO: Executing method 'search_process' from TransactionTrackerOperations
2018-10-19 11:36:55,077 INFO: Executing method 'select_customer' from TransactionTrackerOperations
2018-10-19 11:37:04,013 INFO: Executing method 'select_customer' from TransactionTrackerOperations
2018-10-19 11:37:51,696 INFO: Executing method 'search_process' from TransactionTrackerOperations
2018-10-19 11:37:53,709 INFO: Executing method 'select_customer' from TransactionTrackerOperations
2018-10-19 11:38:02,964 INFO: Executing method 'select_customer' from TransactionTrackerOperations
2018-10-19 11:38:52,247 INFO: Executing method 'search_process' from TransactionTrackerOperations
2018-10-19 11:38:54,262 INFO: Executing method 'select_customer' from TransactionTrackerOperations
2018-10-19 11:39:03,249 INFO: Executing method 'select_customer' from TransactionTrackerOperations
2018-10-19 11:39:25,258 INFO: Executing method 'search_process' from TransactionTrackerOperations
2018-10-19 11:39:27,274 INFO: Executing method 'select_customer' from TransactionTrackerOperations
2018-10-19 11:39:36,272 INFO: Executing method 'select_customer' from TransactionTrackerOperations
2018-10-19 11:39:58,606 INFO: Executing method 'search_process' from TransactionTrackerOperations
2018-10-19 11:40:00,626 INFO: Executing method 'select_customer' from TransactionTrackerOperations
2018-10-19 11:40:09,852 INFO: Executing method 'select_customer' from TransactionTrackerOperations
2018-10-19 11:41:39,171 INFO: Executing method 'search_process' from TransactionTrackerOperations
2018-10-19 11:41:41,188 INFO: Executing method 'select_customer' from TransactionTrackerOperations
2018-10-19 11:41:50,445 INFO: Executing method 'select_customer' from TransactionTrackerOperations
2018-10-19 11:42:12,577 INFO: Executing method 'search_process' from TransactionTrackerOperations
2018-10-19 11:42:14,591 INFO: Executing method 'select_customer' from TransactionTrackerOperations
2018-10-19 11:42:23,733 INFO: Executing method 'select_customer' from TransactionTrackerOperations
2018-10-19 11:43:00,559 INFO: Executing method 'search_process' from TransactionTrackerOperations
2018-10-19 11:43:02,575 INFO: Executing method 'select_customer' from TransactionTrackerOperations
2018-10-19 11:43:11,642 INFO: Executing method 'select_customer' from TransactionTrackerOperations
2018-10-19 11:43:39,747 INFO: Executing method 'search_process' from TransactionTrackerOperations
2018-10-19 11:43:41,770 INFO: Executing method 'select_customer' from TransactionTrackerOperations
2018-10-19 11:43:51,073 INFO: Executing method 'select_customer' from TransactionTrackerOperations
2018-10-19 11:44:19,558 INFO: Executing method 'search_process' from TransactionTrackerOperations
2018-10-19 11:44:21,574 INFO: Executing method 'select_customer' from TransactionTrackerOperations
2018-10-19 11:44:30,560 INFO: Executing method 'select_customer' from TransactionTrackerOperations
2018-10-19 11:45:05,788 INFO: Executing method 'search_process' from TransactionTrackerOperations
2018-10-19 11:45:07,806 INFO: Executing method 'select_customer' from TransactionTrackerOperations
2018-10-19 11:45:16,739 INFO: Executing method 'select_customer' from TransactionTrackerOperations
2018-10-19 11:45:50,997 INFO: Executing method 'search_process' from TransactionTrackerOperations
2018-10-19 11:45:53,013 INFO: Executing method 'select_customer' from TransactionTrackerOperations
2018-10-19 11:46:01,841 INFO: Executing method 'select_customer' from TransactionTrackerOperations
2018-10-19 11:46:23,544 INFO: Executing method 'search_process' from TransactionTrackerOperations
2018-10-19 11:46:25,560 INFO: Executing method 'select_customer' from TransactionTrackerOperations
2018-10-19 11:46:34,462 INFO: Executing method 'select_customer' from TransactionTrackerOperations
2018-10-19 11:47:06,808 INFO: Executing method 'search_process' from TransactionTrackerOperations
2018-10-19 11:47:08,824 INFO: Executing method 'select_customer' from TransactionTrackerOperations
2018-10-19 11:47:17,761 INFO: Executing method 'select_customer' from TransactionTrackerOperations
2018-10-19 11:47:53,124 INFO: Executing method 'search_process' from TransactionTrackerOperations
2018-10-19 11:47:55,141 INFO: Executing method 'select_customer' from TransactionTrackerOperations
2018-10-19 11:48:04,160 INFO: Executing method 'select_customer' from TransactionTrackerOperations
2018-10-19 11:48:25,995 INFO: Executing method 'search_process' from TransactionTrackerOperations
2018-10-19 11:48:28,007 INFO: Executing method 'select_customer' from TransactionTrackerOperations
2018-10-19 11:48:37,037 INFO: Executing method 'select_customer' from TransactionTrackerOperations
2018-10-19 11:49:13,570 INFO: Executing method 'search_process' from TransactionTrackerOperations
2018-10-19 11:49:15,586 INFO: Executing method 'select_customer' from TransactionTrackerOperations
2018-10-19 11:49:24,532 INFO: Executing method 'select_customer' from TransactionTrackerOperations
2018-10-19 11:50:23,652 INFO: Executing method 'search_process' from TransactionTrackerOperations
2018-10-19 11:50:25,665 INFO: Executing method 'select_customer' from TransactionTrackerOperations
2018-10-19 11:50:34,398 INFO: Executing method 'select_customer' from TransactionTrackerOperations
2018-10-19 11:51:01,901 INFO: Executing method 'search_process' from TransactionTrackerOperations
2018-10-19 11:51:03,916 INFO: Executing method 'select_customer' from TransactionTrackerOperations
2018-10-19 11:51:12,601 INFO: Executing method 'select_customer' from TransactionTrackerOperations
2018-10-19 11:52:07,718 INFO: Executing method 'search_process' from TransactionTrackerOperations
2018-10-19 11:52:09,733 INFO: Executing method 'select_customer' from TransactionTrackerOperations
2018-10-19 11:52:18,416 INFO: Executing method 'select_customer' from TransactionTrackerOperations
2018-10-19 11:52:39,986 INFO: Executing method 'search_process' from TransactionTrackerOperations
2018-10-19 11:52:42,002 INFO: Executing method 'select_customer' from TransactionTrackerOperations
2018-10-19 11:52:50,666 INFO: Executing method 'select_customer' from TransactionTrackerOperations
2018-10-19 11:54:19,250 INFO: Executing method 'search_process' from TransactionTrackerOperations
2018-10-19 11:54:21,266 INFO: Executing method 'select_customer' from TransactionTrackerOperations
2018-10-19 11:54:29,969 INFO: Executing method 'select_customer' from TransactionTrackerOperations
2018-10-19 11:54:51,023 INFO: Executing method 'search_process' from TransactionTrackerOperations
2018-10-19 11:54:53,037 INFO: Executing method 'select_customer' from TransactionTrackerOperations
2018-10-19 11:55:01,792 INFO: Executing method 'select_customer' from TransactionTrackerOperations
2018-10-19 11:55:32,258 INFO: Executing method 'search_process' from TransactionTrackerOperations
2018-10-19 11:55:34,274 INFO: Executing method 'select_customer' from TransactionTrackerOperations
2018-10-19 11:55:42,970 INFO: Executing method 'select_customer' from TransactionTrackerOperations
2018-10-19 11:56:20,363 INFO: Executing method 'search_process' from TransactionTrackerOperations
2018-10-19 11:56:22,379 INFO: Executing method 'select_customer' from TransactionTrackerOperations
2018-10-19 11:56:31,097 INFO: Executing method 'select_customer' from TransactionTrackerOperations
2018-10-19 11:57:09,762 INFO: Executing method 'search_process' from TransactionTrackerOperations
2018-10-19 11:57:11,778 INFO: Executing method 'select_customer' from TransactionTrackerOperations
2018-10-19 11:57:20,454 INFO: Executing method 'select_customer' from TransactionTrackerOperations
2018-10-19 11:57:52,144 INFO: Executing method 'search_process' from TransactionTrackerOperations
2018-10-19 11:57:54,158 INFO: Executing method 'select_customer' from TransactionTrackerOperations
2018-10-19 11:58:02,848 INFO: Executing method 'select_customer' from TransactionTrackerOperations
2018-10-19 11:58:50,275 INFO: Executing method 'search_process' from TransactionTrackerOperations
2018-10-19 11:58:52,290 INFO: Executing method 'select_customer' from TransactionTrackerOperations
2018-10-19 11:59:01,029 INFO: Executing method 'select_customer' from TransactionTrackerOperations
2018-10-19 12:00:18,409 INFO: Executing method 'search_process' from TransactionTrackerOperations
2018-10-19 12:00:20,431 INFO: Executing method 'select_customer' from TransactionTrackerOperations
2018-10-19 12:00:29,452 INFO: Executing method 'select_customer' from TransactionTrackerOperations
2018-10-19 12:00:59,823 INFO: Executing method 'search_process' from TransactionTrackerOperations
2018-10-19 12:01:01,838 INFO: Executing method 'select_customer' from TransactionTrackerOperations
2018-10-19 12:01:10,632 INFO: Executing method 'select_customer' from TransactionTrackerOperations
2018-10-19 12:01:40,979 INFO: Executing method 'search_process' from TransactionTrackerOperations
2018-10-19 12:01:42,994 INFO: Executing method 'select_customer' from TransactionTrackerOperations
2018-10-19 12:01:51,703 INFO: Executing method 'select_customer' from TransactionTrackerOperations
2018-10-19 12:02:12,495 INFO: Executing method 'search_process' from TransactionTrackerOperations
2018-10-19 12:02:14,509 INFO: Executing method 'select_customer' from TransactionTrackerOperations
2018-10-19 12:02:23,204 INFO: Executing method 'select_customer' from TransactionTrackerOperations
2018-10-19 12:03:35,299 INFO: Executing method 'search_process' from TransactionTrackerOperations
2018-10-19 12:03:37,314 INFO: Executing method 'select_customer' from TransactionTrackerOperations
2018-10-19 12:12:11,780 INFO: Executing Script Credit Memo Prodution Data Monitoring
2018-10-19 12:12:17,802 INFO: Login in to Launchpad
2018-10-19 12:12:32,702 INFO: Refreshing access_token
2018-10-19 12:12:37,086 INFO: Executing method 'search_process' from TransactionTrackerOperations
2018-10-19 12:12:39,104 INFO: Executing method 'select_customer' from TransactionTrackerOperations
2018-10-19 12:12:47,787 INFO: Executing method 'select_customer' from TransactionTrackerOperations
2018-10-19 12:13:09,602 INFO: Executing method 'search_process' from TransactionTrackerOperations
2018-10-19 12:13:11,615 INFO: Executing method 'select_customer' from TransactionTrackerOperations
2018-10-19 12:13:20,396 INFO: Executing method 'select_customer' from TransactionTrackerOperations
2018-10-19 12:14:32,135 INFO: Executing method 'search_process' from TransactionTrackerOperations
2018-10-19 12:14:34,151 INFO: Executing method 'select_customer' from TransactionTrackerOperations
2018-10-19 12:14:42,795 INFO: Executing method 'select_customer' from TransactionTrackerOperations
2018-10-19 12:15:17,433 INFO: Executing method 'search_process' from TransactionTrackerOperations
2018-10-19 12:15:19,449 INFO: Executing method 'select_customer' from TransactionTrackerOperations
2018-10-19 12:15:28,095 INFO: Executing method 'select_customer' from TransactionTrackerOperations
2018-10-19 12:15:59,069 INFO: Executing method 'search_process' from TransactionTrackerOperations
2018-10-19 12:16:01,082 INFO: Executing method 'select_customer' from TransactionTrackerOperations
2018-10-19 12:16:09,729 INFO: Executing method 'select_customer' from TransactionTrackerOperations
2018-10-19 12:16:43,886 INFO: Executing method 'search_process' from TransactionTrackerOperations
2018-10-19 12:16:45,901 INFO: Executing method 'select_customer' from TransactionTrackerOperations
2018-10-19 12:16:54,546 INFO: Executing method 'select_customer' from TransactionTrackerOperations
2018-10-19 12:17:15,679 INFO: Executing method 'search_process' from TransactionTrackerOperations
2018-10-19 12:17:17,693 INFO: Executing method 'select_customer' from TransactionTrackerOperations
2018-10-19 12:17:26,347 INFO: Executing method 'select_customer' from TransactionTrackerOperations
2018-10-19 12:18:14,390 INFO: Executing method 'search_process' from TransactionTrackerOperations
2018-10-19 12:18:16,404 INFO: Executing method 'select_customer' from TransactionTrackerOperations
2018-10-19 12:18:25,094 INFO: Executing method 'select_customer' from TransactionTrackerOperations
2018-10-19 12:18:58,404 INFO: Executing method 'search_process' from TransactionTrackerOperations
2018-10-19 12:19:00,418 INFO: Executing method 'select_customer' from TransactionTrackerOperations
2018-10-19 12:19:09,119 INFO: Executing method 'select_customer' from TransactionTrackerOperations
2018-10-19 12:21:06,741 INFO: Executing method 'search_process' from TransactionTrackerOperations
2018-10-19 12:21:08,755 INFO: Executing method 'select_customer' from TransactionTrackerOperations
2018-10-19 12:21:17,419 INFO: Executing method 'select_customer' from TransactionTrackerOperations
2018-10-19 12:21:57,816 INFO: Executing method 'search_process' from TransactionTrackerOperations
2018-10-19 12:21:59,837 INFO: Executing method 'select_customer' from TransactionTrackerOperations
2018-10-19 12:22:08,518 INFO: Executing method 'select_customer' from TransactionTrackerOperations
2018-10-19 12:22:41,725 INFO: Executing method 'search_process' from TransactionTrackerOperations
2018-10-19 12:22:43,739 INFO: Executing method 'select_customer' from TransactionTrackerOperations
2018-10-19 12:22:52,433 INFO: Executing method 'select_customer' from TransactionTrackerOperations
2018-10-19 12:23:47,060 INFO: Executing method 'search_process' from TransactionTrackerOperations
2018-10-19 12:23:49,077 INFO: Executing method 'select_customer' from TransactionTrackerOperations
2018-10-19 12:23:57,742 INFO: Executing method 'select_customer' from TransactionTrackerOperations
2018-10-19 12:24:19,334 INFO: Executing method 'search_process' from TransactionTrackerOperations
2018-10-19 12:24:21,345 INFO: Executing method 'select_customer' from TransactionTrackerOperations
2018-10-19 12:24:30,004 INFO: Executing method 'select_customer' from TransactionTrackerOperations
2018-10-19 12:24:51,837 INFO: Executing method 'search_process' from TransactionTrackerOperations
2018-10-19 12:24:53,850 INFO: Executing method 'select_customer' from TransactionTrackerOperations
2018-10-19 12:25:02,553 INFO: Executing method 'select_customer' from TransactionTrackerOperations
2018-10-19 12:26:04,722 INFO: Executing method 'search_process' from TransactionTrackerOperations
2018-10-19 12:26:06,736 INFO: Executing method 'select_customer' from TransactionTrackerOperations
2018-10-19 12:26:15,428 INFO: Executing method 'select_customer' from TransactionTrackerOperations
2018-10-19 12:26:56,687 INFO: Executing method 'search_process' from TransactionTrackerOperations
2018-10-19 12:26:58,703 INFO: Executing method 'select_customer' from TransactionTrackerOperations
2018-10-19 12:27:07,461 INFO: Executing method 'select_customer' from TransactionTrackerOperations
2018-10-19 12:28:55,671 INFO: Executing method 'search_process' from TransactionTrackerOperations
2018-10-19 12:28:57,685 INFO: Executing method 'select_customer' from TransactionTrackerOperations
2018-10-19 12:29:06,514 INFO: Executing method 'select_customer' from TransactionTrackerOperations
2018-10-19 12:31:53,248 INFO: Executing method 'search_process' from TransactionTrackerOperations
2018-10-19 12:31:55,262 INFO: Executing method 'select_customer' from TransactionTrackerOperations
2018-10-19 12:32:03,956 INFO: Executing method 'select_customer' from TransactionTrackerOperations
2018-10-19 12:32:33,453 INFO: Executing method 'search_process' from TransactionTrackerOperations
2018-10-19 12:32:35,469 INFO: Executing method 'select_customer' from TransactionTrackerOperations
2018-10-19 12:32:44,388 INFO: Executing method 'select_customer' from TransactionTrackerOperations
2018-10-19 12:34:21,129 INFO: Executing method 'search_process' from TransactionTrackerOperations
2018-10-19 12:34:23,145 INFO: Executing method 'select_customer' from TransactionTrackerOperations
2018-10-19 12:34:31,905 INFO: Executing method 'select_customer' from TransactionTrackerOperations
2018-10-19 12:36:48,597 INFO: Executing method 'search_process' from TransactionTrackerOperations
2018-10-19 12:36:50,612 INFO: Executing method 'select_customer' from TransactionTrackerOperations
2018-10-19 12:36:59,312 INFO: Executing method 'select_customer' from TransactionTrackerOperations
2018-10-19 12:37:20,439 INFO: Executing method 'search_process' from TransactionTrackerOperations
2018-10-19 12:37:22,451 INFO: Executing method 'select_customer' from TransactionTrackerOperations
2018-10-19 12:37:31,212 INFO: Executing method 'select_customer' from TransactionTrackerOperations
2018-10-19 12:38:40,736 INFO: Executing method 'search_process' from TransactionTrackerOperations
2018-10-19 12:38:42,752 INFO: Executing method 'select_customer' from TransactionTrackerOperations
2018-10-19 12:38:51,494 INFO: Executing method 'select_customer' from TransactionTrackerOperations
2018-10-19 12:39:43,031 INFO: Executing method 'search_process' from TransactionTrackerOperations
2018-10-19 12:39:45,047 INFO: Executing method 'select_customer' from TransactionTrackerOperations
2018-10-19 12:39:53,725 INFO: Executing method 'select_customer' from TransactionTrackerOperations
2018-10-19 12:40:14,808 INFO: Executing method 'search_process' from TransactionTrackerOperations
2018-10-19 12:40:16,822 INFO: Executing method 'select_customer' from TransactionTrackerOperations
2018-10-19 12:40:25,466 INFO: Executing method 'select_customer' from TransactionTrackerOperations
2018-10-19 12:40:55,071 INFO: Executing method 'search_process' from TransactionTrackerOperations
2018-10-19 12:40:57,086 INFO: Executing method 'select_customer' from TransactionTrackerOperations
2018-10-19 12:41:05,855 INFO: Executing method 'select_customer' from TransactionTrackerOperations
2018-10-19 12:41:27,552 INFO: Executing method 'search_process' from TransactionTrackerOperations
2018-10-19 12:41:29,567 INFO: Executing method 'select_customer' from TransactionTrackerOperations
2018-10-19 12:41:38,218 INFO: Executing method 'select_customer' from TransactionTrackerOperations
2018-10-19 12:41:59,260 INFO: Executing method 'search_process' from TransactionTrackerOperations
2018-10-19 12:42:01,275 INFO: Executing method 'select_customer' from TransactionTrackerOperations
2018-10-19 12:42:09,932 INFO: Executing method 'select_customer' from TransactionTrackerOperations
2018-10-19 12:43:06,001 INFO: Executing method 'search_process' from TransactionTrackerOperations
2018-10-19 12:43:08,016 INFO: Executing method 'select_customer' from TransactionTrackerOperations
2018-10-19 12:43:16,768 INFO: Executing method 'select_customer' from TransactionTrackerOperations
2018-10-19 12:44:01,643 INFO: Executing method 'search_process' from TransactionTrackerOperations
2018-10-19 12:44:03,699 INFO: Executing method 'select_customer' from TransactionTrackerOperations
2018-10-19 12:44:12,351 INFO: Executing method 'select_customer' from TransactionTrackerOperations
2018-10-19 12:44:50,979 INFO: Executing method 'search_process' from TransactionTrackerOperations
2018-10-19 12:44:52,992 INFO: Executing method 'select_customer' from TransactionTrackerOperations
2018-10-19 12:45:01,710 INFO: Executing method 'select_customer' from TransactionTrackerOperations
2018-10-19 12:45:28,704 INFO: Executing method 'search_process' from TransactionTrackerOperations
2018-10-19 12:45:30,718 INFO: Executing method 'select_customer' from TransactionTrackerOperations
2018-10-19 12:45:39,380 INFO: Executing method 'select_customer' from TransactionTrackerOperations
2018-10-19 12:46:00,034 INFO: Executing method 'search_process' from TransactionTrackerOperations
2018-10-19 12:46:02,050 INFO: Executing method 'select_customer' from TransactionTrackerOperations
2018-10-19 12:46:10,720 INFO: Executing method 'select_customer' from TransactionTrackerOperations
2018-10-19 12:46:44,300 INFO: Executing method 'search_process' from TransactionTrackerOperations
2018-10-19 12:46:46,314 INFO: Executing method 'select_customer' from TransactionTrackerOperations
2018-10-19 12:46:54,954 INFO: Executing method 'select_customer' from TransactionTrackerOperations
2018-10-19 12:47:15,747 INFO: Executing method 'search_process' from TransactionTrackerOperations
2018-10-19 12:47:17,760 INFO: Executing method 'select_customer' from TransactionTrackerOperations
2018-10-19 12:47:26,490 INFO: Executing method 'select_customer' from TransactionTrackerOperations
2018-10-19 12:47:54,047 INFO: Executing method 'search_process' from TransactionTrackerOperations
2018-10-19 12:47:56,060 INFO: Executing method 'select_customer' from TransactionTrackerOperations
2018-10-19 12:48:04,742 INFO: Executing method 'select_customer' from TransactionTrackerOperations
2018-10-19 12:48:38,363 INFO: Executing method 'search_process' from TransactionTrackerOperations
2018-10-19 12:48:40,377 INFO: Executing method 'select_customer' from TransactionTrackerOperations
2018-10-19 12:48:49,076 INFO: Executing method 'select_customer' from TransactionTrackerOperations
2018-10-19 12:49:35,772 INFO: Executing method 'search_process' from TransactionTrackerOperations
2018-10-19 12:49:37,786 INFO: Executing method 'select_customer' from TransactionTrackerOperations
2018-10-19 12:49:46,497 INFO: Executing method 'select_customer' from TransactionTrackerOperations
2018-10-19 12:50:08,241 INFO: Executing method 'search_process' from TransactionTrackerOperations
2018-10-19 12:50:10,255 INFO: Executing method 'select_customer' from TransactionTrackerOperations
2018-10-19 12:50:18,915 INFO: Executing method 'select_customer' from TransactionTrackerOperations
2018-10-19 12:50:40,078 INFO: Executing method 'search_process' from TransactionTrackerOperations
2018-10-19 12:50:42,093 INFO: Executing method 'select_customer' from TransactionTrackerOperations
2018-10-19 12:50:50,936 INFO: Executing method 'select_customer' from TransactionTrackerOperations
2018-10-19 12:51:28,916 INFO: Executing method 'search_process' from TransactionTrackerOperations
2018-10-19 12:51:30,931 INFO: Executing method 'select_customer' from TransactionTrackerOperations
2018-10-19 12:51:39,602 INFO: Executing method 'select_customer' from TransactionTrackerOperations
2018-10-19 12:53:31,816 INFO: Executing method 'search_process' from TransactionTrackerOperations
2018-10-19 12:53:33,831 INFO: Executing method 'select_customer' from TransactionTrackerOperations
2018-10-19 12:53:42,495 INFO: Executing method 'select_customer' from TransactionTrackerOperations
2018-10-19 12:54:26,675 INFO: Executing method 'search_process' from TransactionTrackerOperations
2018-10-19 12:54:28,691 INFO: Executing method 'select_customer' from TransactionTrackerOperations
2018-10-19 12:54:37,333 INFO: Executing method 'select_customer' from TransactionTrackerOperations
2018-10-19 12:55:35,122 INFO: Executing method 'search_process' from TransactionTrackerOperations
2018-10-19 12:55:37,137 INFO: Executing method 'select_customer' from TransactionTrackerOperations
2018-10-19 12:55:45,914 INFO: Executing method 'select_customer' from TransactionTrackerOperations
2018-10-19 12:56:19,446 INFO: Executing method 'search_process' from TransactionTrackerOperations
2018-10-19 12:56:21,461 INFO: Executing method 'select_customer' from TransactionTrackerOperations
2018-10-19 12:56:30,152 INFO: Executing method 'select_customer' from TransactionTrackerOperations
2018-10-19 12:58:14,040 INFO: Executing method 'search_process' from TransactionTrackerOperations
2018-10-19 12:58:16,056 INFO: Executing method 'select_customer' from TransactionTrackerOperations
2018-10-19 12:58:24,746 INFO: Executing method 'select_customer' from TransactionTrackerOperations
2018-10-19 12:59:11,247 INFO: Executing method 'search_process' from TransactionTrackerOperations
2018-10-19 12:59:13,263 INFO: Executing method 'select_customer' from TransactionTrackerOperations
2018-10-19 12:59:21,977 INFO: Executing method 'select_customer' from TransactionTrackerOperations
2018-10-19 13:00:10,116 INFO: Executing method 'search_process' from TransactionTrackerOperations
2018-10-19 13:00:12,131 INFO: Executing method 'select_customer' from TransactionTrackerOperations
2018-10-19 13:00:20,828 INFO: Executing method 'select_customer' from TransactionTrackerOperations
2018-10-19 13:00:42,131 INFO: Executing method 'search_process' from TransactionTrackerOperations
2018-10-19 13:00:44,145 INFO: Executing method 'select_customer' from TransactionTrackerOperations
2018-10-19 13:00:52,801 INFO: Executing method 'select_customer' from TransactionTrackerOperations
2018-10-19 13:02:26,148 INFO: Executing method 'search_process' from TransactionTrackerOperations
2018-10-19 13:02:28,165 INFO: Executing method 'select_customer' from TransactionTrackerOperations
2018-10-19 13:02:36,925 INFO: Executing method 'select_customer' from TransactionTrackerOperations
2018-10-19 13:03:57,167 INFO: Executing method 'search_process' from TransactionTrackerOperations
2018-10-19 13:03:59,183 INFO: Executing method 'select_customer' from TransactionTrackerOperations
2018-10-19 13:04:07,876 INFO: Executing method 'select_customer' from TransactionTrackerOperations
2018-10-19 13:04:42,065 INFO: Executing method 'search_process' from TransactionTrackerOperations
2018-10-19 13:04:44,081 INFO: Executing method 'select_customer' from TransactionTrackerOperations
2018-10-19 13:04:52,750 INFO: Executing method 'select_customer' from TransactionTrackerOperations
2018-10-19 13:05:19,568 INFO: Executing method 'search_process' from TransactionTrackerOperations
2018-10-19 13:05:21,582 INFO: Executing method 'select_customer' from TransactionTrackerOperations
2018-10-19 13:05:30,288 INFO: Executing method 'select_customer' from TransactionTrackerOperations
2018-10-19 13:06:36,195 INFO: Executing method 'search_process' from TransactionTrackerOperations
2018-10-19 13:06:38,211 INFO: Executing method 'select_customer' from TransactionTrackerOperations
2018-10-19 13:06:46,874 INFO: Executing method 'select_customer' from TransactionTrackerOperations
2018-10-19 13:07:07,897 INFO: Executing method 'search_process' from TransactionTrackerOperations
2018-10-19 13:07:09,909 INFO: Executing method 'select_customer' from TransactionTrackerOperations
2018-10-19 13:07:18,629 INFO: Executing method 'select_customer' from TransactionTrackerOperations
