2018-12-21 17:39:08,464 INFO: Executing Script Credit Memo Prodution Data Monitoring
2018-12-21 17:39:08,592 INFO: Executing CMProductionDataMonitoring.execute_main()
2018-12-21 17:39:31,859 INFO: Executing Script Credit Memo Prodution Data Monitoring
2018-12-21 17:39:31,971 INFO: Executing CMProductionDataMonitoring.execute_main()
2018-12-21 17:39:35,890 INFO: Login in to Launchpad
2018-12-21 17:39:48,783 INFO: Executing CMProductionDataMonitoring.TaskFilter()
2018-12-21 17:39:49,156 INFO: Refreshing access_token
2018-12-21 17:39:54,227 INFO: select InProgress task from input sheet from CMProductionDataMonitoring.TaskFilter()
2018-12-21 17:39:54,228 INFO: Executing TransactionTrackerOperations.search_process_for_CMPDM() for: Performance Health|McKesson BASCOM PALMER EYE INST|810
2018-12-21 17:39:54,514 INFO: Executing TransactionTrackerOperations.select_customer()
2018-12-21 17:40:01,762 INFO: Executing TransactionTrackerOperations.select_customer()
2018-12-21 17:40:15,349 INFO: Executing TransactionTrackerOperations.get_CM_parcels()
2018-12-21 17:40:21,939 INFO: Executing TransactionTrackerOperations.search_process_for_CMPDM() for: Performance Health|McKesson CABELL HUNTINGTON HOSPITAL|810
2018-12-21 17:40:22,164 INFO: Executing TransactionTrackerOperations.select_customer()
2018-12-21 17:40:29,058 INFO: Executing TransactionTrackerOperations.select_customer()
2018-12-21 17:40:41,131 INFO: Executing TransactionTrackerOperations.get_CM_parcels()
2018-12-21 17:40:43,794 INFO: NoSuchElementException in TransactionTrackerOperations.get_CM_parcels()
2018-12-21 17:40:48,464 INFO: NoSuchElementException in TransactionTrackerOperations.get_CM_parcels()
2018-12-21 17:40:52,072 INFO: NoSuchElementException in TransactionTrackerOperations.get_CM_parcels()
2018-12-21 17:41:00,599 INFO: Executing TransactionTrackerOperations.search_process_for_CMPDM() for: Performance Health|McKesson CHILDRENS HOSPITAL|810
2018-12-21 17:41:00,891 INFO: Executing TransactionTrackerOperations.select_customer()
2018-12-21 17:41:07,990 INFO: Executing TransactionTrackerOperations.select_customer()
2018-12-21 17:41:19,546 INFO: Executing TransactionTrackerOperations.get_CM_parcels()
2018-12-21 17:41:22,335 INFO: NoSuchElementException in TransactionTrackerOperations.get_CM_parcels()
2018-12-21 17:41:26,911 INFO: NoSuchElementException in TransactionTrackerOperations.get_CM_parcels()
2018-12-21 17:41:30,093 INFO: NoSuchElementException in TransactionTrackerOperations.get_CM_parcels()
2018-12-21 17:41:38,479 INFO: Executing TransactionTrackerOperations.search_process_for_CMPDM() for: Performance Health|McKesson CHRISTIANA CARE HEALTH|810
2018-12-21 17:41:38,599 INFO: Executing TransactionTrackerOperations.select_customer()
2018-12-21 17:41:45,523 INFO: Executing TransactionTrackerOperations.select_customer()
2018-12-21 17:41:57,672 INFO: Executing TransactionTrackerOperations.get_CM_parcels()
2018-12-21 17:42:00,448 INFO: NoSuchElementException in TransactionTrackerOperations.get_CM_parcels()
2018-12-21 17:42:04,965 INFO: NoSuchElementException in TransactionTrackerOperations.get_CM_parcels()
2018-12-21 17:42:09,494 INFO: NoSuchElementException in TransactionTrackerOperations.get_CM_parcels()
2018-12-21 17:42:13,978 INFO: NoSuchElementException in TransactionTrackerOperations.get_CM_parcels()
2018-12-21 17:42:18,411 INFO: NoSuchElementException in TransactionTrackerOperations.get_CM_parcels()
2018-12-21 17:42:22,951 INFO: NoSuchElementException in TransactionTrackerOperations.get_CM_parcels()
2018-12-21 17:42:27,448 INFO: NoSuchElementException in TransactionTrackerOperations.get_CM_parcels()
2018-12-21 17:42:32,013 INFO: NoSuchElementException in TransactionTrackerOperations.get_CM_parcels()
2018-12-21 17:42:36,489 INFO: NoSuchElementException in TransactionTrackerOperations.get_CM_parcels()
2018-12-21 17:42:40,987 INFO: NoSuchElementException in TransactionTrackerOperations.get_CM_parcels()
2018-12-21 17:42:45,517 INFO: NoSuchElementException in TransactionTrackerOperations.get_CM_parcels()
2018-12-21 17:42:50,017 INFO: NoSuchElementException in TransactionTrackerOperations.get_CM_parcels()
2018-12-21 17:42:54,529 INFO: NoSuchElementException in TransactionTrackerOperations.get_CM_parcels()
2018-12-21 17:42:59,044 INFO: NoSuchElementException in TransactionTrackerOperations.get_CM_parcels()
2018-12-21 17:43:01,669 INFO: NoSuchElementException in TransactionTrackerOperations.get_CM_parcels()
2018-12-21 17:43:09,495 INFO: Executing TransactionTrackerOperations.search_process_for_CMPDM() for: Performance Health|McKesson EMH REGIONAL HEALTHCARE SYSTEMS|810
2018-12-21 17:43:09,510 INFO: Executing TransactionTrackerOperations.select_customer()
2018-12-21 17:44:51,614 ERROR: Error in CMProductionDataMonitoring.TaskFilter()
2018-12-21 17:44:56,085 INFO: Executing TransactionTrackerOperations.search_process_for_CMPDM() for: Performance Health|McKesson EMORY HEALTHCARE|810
2018-12-21 17:44:56,619 INFO: Executing TransactionTrackerOperations.select_customer()
2018-12-21 17:45:03,782 INFO: Executing TransactionTrackerOperations.select_customer()
2018-12-21 17:45:15,599 INFO: Executing TransactionTrackerOperations.get_CM_parcels()
2018-12-21 17:45:21,621 INFO: Executing TransactionTrackerOperations.search_process_for_CMPDM() for: Performance Health|McKesson FIRELANDS REGIONAL MEDICAL CENTER|810
2018-12-21 17:45:21,639 INFO: Executing TransactionTrackerOperations.select_customer()
2018-12-21 17:47:03,783 ERROR: Error in CMProductionDataMonitoring.TaskFilter()
2018-12-21 17:47:10,653 INFO: Executing TransactionTrackerOperations.search_process_for_CMPDM() for: Performance Health|McKesson FIRSTHEALTH CAROLINAS|810
2018-12-21 17:47:10,681 INFO: Executing TransactionTrackerOperations.select_customer()
2018-12-21 17:47:17,640 INFO: Executing TransactionTrackerOperations.select_customer()
2018-12-21 17:47:29,578 INFO: Executing TransactionTrackerOperations.get_CM_parcels()
2018-12-21 17:47:35,567 INFO: Executing TransactionTrackerOperations.search_process_for_CMPDM() for: Performance Health|McKesson FRANCISCAN ALLIANCE INC|810
2018-12-21 17:47:35,817 INFO: Executing TransactionTrackerOperations.select_customer()
2018-12-21 17:47:43,058 INFO: Executing TransactionTrackerOperations.select_customer()
2018-12-21 17:47:55,475 INFO: Executing TransactionTrackerOperations.get_CM_parcels()
2018-12-21 17:48:02,537 INFO: Executing TransactionTrackerOperations.search_process_for_CMPDM() for: Performance Health|McKesson GOOD SHEPHERD REHAB NETWORK|810
2018-12-21 17:48:02,807 INFO: Executing TransactionTrackerOperations.select_customer()
2018-12-21 17:48:09,702 INFO: Executing TransactionTrackerOperations.select_customer()
2018-12-21 17:48:22,516 INFO: Executing TransactionTrackerOperations.get_CM_parcels()
2018-12-21 17:48:28,243 INFO: NoSuchElementException in TransactionTrackerOperations.get_CM_parcels()
2018-12-21 17:48:33,347 INFO: NoSuchElementException in TransactionTrackerOperations.get_CM_parcels()
2018-12-21 17:48:38,199 INFO: NoSuchElementException in TransactionTrackerOperations.get_CM_parcels()
2018-12-21 17:48:43,473 INFO: NoSuchElementException in TransactionTrackerOperations.get_CM_parcels()
2018-12-21 17:48:48,623 INFO: NoSuchElementException in TransactionTrackerOperations.get_CM_parcels()
2018-12-21 17:48:54,133 INFO: NoSuchElementException in TransactionTrackerOperations.get_CM_parcels()
2018-12-21 17:48:59,077 INFO: NoSuchElementException in TransactionTrackerOperations.get_CM_parcels()
2018-12-21 17:49:03,653 INFO: NoSuchElementException in TransactionTrackerOperations.get_CM_parcels()
2018-12-21 17:49:08,432 INFO: NoSuchElementException in TransactionTrackerOperations.get_CM_parcels()
2018-12-21 17:49:13,441 INFO: NoSuchElementException in TransactionTrackerOperations.get_CM_parcels()
2018-12-21 17:49:18,792 INFO: NoSuchElementException in TransactionTrackerOperations.get_CM_parcels()
2018-12-21 17:49:24,097 INFO: NoSuchElementException in TransactionTrackerOperations.get_CM_parcels()
2018-12-21 17:49:29,340 INFO: NoSuchElementException in TransactionTrackerOperations.get_CM_parcels()
2018-12-21 17:49:34,117 INFO: NoSuchElementException in TransactionTrackerOperations.get_CM_parcels()
2018-12-21 17:49:38,739 INFO: NoSuchElementException in TransactionTrackerOperations.get_CM_parcels()
2018-12-21 17:49:42,453 INFO: NoSuchElementException in TransactionTrackerOperations.get_CM_parcels()
2018-12-21 17:49:51,875 INFO: Executing TransactionTrackerOperations.search_process_for_CMPDM() for: Performance Health|McKesson HALIFAX REGIONAL HOSPITAL|810
2018-12-21 17:49:52,577 INFO: Executing TransactionTrackerOperations.select_customer()
2018-12-21 17:49:59,638 INFO: Executing TransactionTrackerOperations.select_customer()
2018-12-21 17:50:12,314 INFO: Executing TransactionTrackerOperations.get_CM_parcels()
2018-12-21 17:50:19,633 INFO: Executing TransactionTrackerOperations.search_process_for_CMPDM() for: Performance Health|McKesson HATTISBURG CLINIC|810
2018-12-21 17:50:20,352 INFO: Executing TransactionTrackerOperations.select_customer()
2018-12-21 17:50:27,600 INFO: Executing TransactionTrackerOperations.select_customer()
2018-12-21 17:50:39,900 INFO: Executing TransactionTrackerOperations.get_CM_parcels()
2018-12-21 17:50:47,020 INFO: Executing TransactionTrackerOperations.search_process_for_CMPDM() for: Performance Health|McKesson IL BONE AND JOINT|810
2018-12-21 17:50:47,453 INFO: Executing TransactionTrackerOperations.select_customer()
2018-12-21 17:50:54,386 INFO: Executing TransactionTrackerOperations.select_customer()
2018-12-21 17:51:07,084 INFO: Executing TransactionTrackerOperations.get_CM_parcels()
2018-12-21 17:51:14,813 INFO: Executing TransactionTrackerOperations.search_process_for_CMPDM() for: Performance Health|McKesson LAKE CHARLES MEMORIAL HOSPITAL|810
2018-12-21 17:51:15,733 INFO: Executing TransactionTrackerOperations.select_customer()
2018-12-21 17:51:22,602 INFO: Executing TransactionTrackerOperations.select_customer()
2018-12-21 17:51:35,368 INFO: Executing TransactionTrackerOperations.get_CM_parcels()
2018-12-21 17:51:42,448 INFO: Executing TransactionTrackerOperations.search_process_for_CMPDM() for: Performance Health|McKesson LAWRENCE MEMORIAL HOSPITAL|810
2018-12-21 17:51:42,732 INFO: Executing TransactionTrackerOperations.select_customer()
2018-12-21 17:51:50,116 INFO: Executing TransactionTrackerOperations.select_customer()
2018-12-21 17:52:03,060 INFO: Executing TransactionTrackerOperations.get_CM_parcels()
2018-12-21 17:52:05,776 INFO: NoSuchElementException in TransactionTrackerOperations.get_CM_parcels()
2018-12-21 17:52:10,584 INFO: NoSuchElementException in TransactionTrackerOperations.get_CM_parcels()
2018-12-21 17:52:15,325 INFO: NoSuchElementException in TransactionTrackerOperations.get_CM_parcels()
2018-12-21 17:52:19,892 INFO: NoSuchElementException in TransactionTrackerOperations.get_CM_parcels()
2018-12-21 17:52:23,946 INFO: NoSuchElementException in TransactionTrackerOperations.get_CM_parcels()
2018-12-21 17:52:32,229 INFO: Executing TransactionTrackerOperations.search_process_for_CMPDM() for: Performance Health|McKesson LEESBURG REGIONAL|810
2018-12-21 17:52:32,557 INFO: Executing TransactionTrackerOperations.select_customer()
2018-12-21 17:52:39,410 INFO: Executing TransactionTrackerOperations.select_customer()
2018-12-21 17:52:51,241 INFO: Executing TransactionTrackerOperations.get_CM_parcels()
2018-12-21 17:52:52,200 INFO: NoSuchElementException in TransactionTrackerOperations.get_CM_parcels()
2018-12-21 17:52:58,992 INFO: Executing TransactionTrackerOperations.search_process_for_CMPDM() for: Performance Health|McKesson LOMA LINDA UNIVERSITY MEDICAL CENTER|810
2018-12-21 17:52:59,895 INFO: Executing TransactionTrackerOperations.select_customer()
2018-12-21 17:53:06,742 INFO: Executing TransactionTrackerOperations.select_customer()
2018-12-21 17:53:19,879 INFO: Executing TransactionTrackerOperations.get_CM_parcels()
2018-12-21 17:53:20,297 INFO: NoSuchElementException in TransactionTrackerOperations.get_CM_parcels()
2018-12-21 17:53:27,666 INFO: Executing TransactionTrackerOperations.search_process_for_CMPDM() for: Performance Health|McKesson MCG HEALTH INC|810
2018-12-21 17:53:28,206 INFO: Executing TransactionTrackerOperations.select_customer()
2018-12-21 17:53:35,231 INFO: Executing TransactionTrackerOperations.select_customer()
2018-12-21 17:53:47,002 INFO: Executing TransactionTrackerOperations.get_CM_parcels()
2018-12-21 17:53:49,637 INFO: NoSuchElementException in TransactionTrackerOperations.get_CM_parcels()
2018-12-21 17:53:54,132 INFO: NoSuchElementException in TransactionTrackerOperations.get_CM_parcels()
2018-12-21 17:53:58,718 INFO: NoSuchElementException in TransactionTrackerOperations.get_CM_parcels()
2018-12-21 17:54:03,146 INFO: NoSuchElementException in TransactionTrackerOperations.get_CM_parcels()
2018-12-21 17:54:06,650 INFO: NoSuchElementException in TransactionTrackerOperations.get_CM_parcels()
2018-12-21 17:54:13,878 INFO: Executing TransactionTrackerOperations.search_process_for_CMPDM() for: Performance Health|McKesson NCH HEALTHCARE|810
2018-12-21 17:54:14,880 INFO: Executing TransactionTrackerOperations.select_customer()
2018-12-21 17:54:21,725 INFO: Executing TransactionTrackerOperations.select_customer()
2018-12-21 17:54:33,416 INFO: Executing TransactionTrackerOperations.get_CM_parcels()
2018-12-21 17:54:37,053 INFO: NoSuchElementException in TransactionTrackerOperations.get_CM_parcels()
2018-12-21 17:54:41,972 INFO: NoSuchElementException in TransactionTrackerOperations.get_CM_parcels()
2018-12-21 17:54:46,938 INFO: NoSuchElementException in TransactionTrackerOperations.get_CM_parcels()
2018-12-21 17:54:51,344 INFO: NoSuchElementException in TransactionTrackerOperations.get_CM_parcels()
2018-12-21 17:54:55,868 INFO: NoSuchElementException in TransactionTrackerOperations.get_CM_parcels()
2018-12-21 17:55:00,360 INFO: NoSuchElementException in TransactionTrackerOperations.get_CM_parcels()
2018-12-21 17:55:04,538 INFO: NoSuchElementException in TransactionTrackerOperations.get_CM_parcels()
2018-12-21 17:55:12,747 INFO: Executing TransactionTrackerOperations.search_process_for_CMPDM() for: Performance Health|McKesson SACRED HEART HOSPITAL|810
2018-12-21 17:55:12,771 INFO: Executing TransactionTrackerOperations.select_customer()
2018-12-21 17:55:19,641 INFO: Executing TransactionTrackerOperations.select_customer()
2018-12-21 17:55:31,666 INFO: Executing TransactionTrackerOperations.get_CM_parcels()
2018-12-21 17:55:38,615 INFO: Executing TransactionTrackerOperations.search_process_for_CMPDM() for: Performance Health|McKesson SAINT FRANCES MEDICAL CENTER|810
2018-12-21 17:55:38,636 INFO: Executing TransactionTrackerOperations.select_customer()
2018-12-21 17:55:45,484 INFO: Executing TransactionTrackerOperations.select_customer()
2018-12-21 17:55:57,736 INFO: Executing TransactionTrackerOperations.get_CM_parcels()
2018-12-21 17:56:00,620 INFO: NoSuchElementException in TransactionTrackerOperations.get_CM_parcels()
2018-12-21 17:56:05,228 INFO: NoSuchElementException in TransactionTrackerOperations.get_CM_parcels()
2018-12-21 17:56:09,704 INFO: NoSuchElementException in TransactionTrackerOperations.get_CM_parcels()
2018-12-21 17:56:12,764 INFO: NoSuchElementException in TransactionTrackerOperations.get_CM_parcels()
2018-12-21 17:56:19,937 INFO: Executing TransactionTrackerOperations.search_process_for_CMPDM() for: Performance Health|McKesson SOUTHERN NEW HAMPSHIRE MEDICAL CENTER|810
2018-12-21 17:56:20,999 INFO: Executing TransactionTrackerOperations.select_customer()
2018-12-21 17:56:27,892 INFO: Executing TransactionTrackerOperations.select_customer()
2018-12-21 17:56:40,301 INFO: Executing TransactionTrackerOperations.get_CM_parcels()
2018-12-21 17:56:43,005 INFO: NoSuchElementException in TransactionTrackerOperations.get_CM_parcels()
2018-12-21 17:56:47,742 INFO: NoSuchElementException in TransactionTrackerOperations.get_CM_parcels()
2018-12-21 17:56:52,151 INFO: NoSuchElementException in TransactionTrackerOperations.get_CM_parcels()
2018-12-21 17:56:55,945 INFO: NoSuchElementException in TransactionTrackerOperations.get_CM_parcels()
2018-12-21 17:57:03,079 INFO: Executing TransactionTrackerOperations.search_process_for_CMPDM() for: Performance Health|McKesson TIFT REGIONAL MEDICAL CENTER|810
2018-12-21 17:57:04,064 INFO: Executing TransactionTrackerOperations.select_customer()
2018-12-21 17:57:10,951 INFO: Executing TransactionTrackerOperations.select_customer()
2018-12-21 17:57:23,007 INFO: Executing TransactionTrackerOperations.get_CM_parcels()
2018-12-21 17:57:30,304 INFO: Executing TransactionTrackerOperations.search_process_for_CMPDM() for: Performance Health|McKesson TRINITY MOTHER FRANCES HOSPITAL|810
2018-12-21 17:57:30,379 INFO: Executing TransactionTrackerOperations.select_customer()
2018-12-21 17:57:37,265 INFO: Executing TransactionTrackerOperations.select_customer()
2018-12-21 17:57:49,447 INFO: Executing TransactionTrackerOperations.get_CM_parcels()
2018-12-21 17:57:52,107 INFO: NoSuchElementException in TransactionTrackerOperations.get_CM_parcels()
2018-12-21 17:57:56,663 INFO: NoSuchElementException in TransactionTrackerOperations.get_CM_parcels()
2018-12-21 17:58:01,342 INFO: NoSuchElementException in TransactionTrackerOperations.get_CM_parcels()
2018-12-21 17:58:05,805 INFO: NoSuchElementException in TransactionTrackerOperations.get_CM_parcels()
2018-12-21 17:58:10,269 INFO: NoSuchElementException in TransactionTrackerOperations.get_CM_parcels()
2018-12-21 17:58:14,852 INFO: NoSuchElementException in TransactionTrackerOperations.get_CM_parcels()
2018-12-21 17:58:18,376 INFO: NoSuchElementException in TransactionTrackerOperations.get_CM_parcels()
2018-12-21 17:58:26,397 INFO: Executing TransactionTrackerOperations.search_process_for_CMPDM() for: Performance Health|McKesson Truman Medical Center|810
2018-12-21 17:58:27,097 INFO: Executing TransactionTrackerOperations.select_customer()
2018-12-21 17:58:33,951 INFO: Executing TransactionTrackerOperations.select_customer()
2018-12-21 17:58:45,813 INFO: Executing TransactionTrackerOperations.get_CM_parcels()
2018-12-21 17:58:51,714 INFO: Executing TransactionTrackerOperations.search_process_for_CMPDM() for: Performance Health|McKesson UNITED HOSPITAL SYSTEM INC|810
2018-12-21 17:58:52,285 INFO: Executing TransactionTrackerOperations.select_customer()
2018-12-21 17:58:59,211 INFO: Executing TransactionTrackerOperations.select_customer()
2018-12-21 17:59:11,627 INFO: Executing TransactionTrackerOperations.get_CM_parcels()
2018-12-21 17:59:15,138 INFO: NoSuchElementException in TransactionTrackerOperations.get_CM_parcels()
2018-12-21 17:59:21,030 INFO: NoSuchElementException in TransactionTrackerOperations.get_CM_parcels()
2018-12-21 17:59:28,276 INFO: NoSuchElementException in TransactionTrackerOperations.get_CM_parcels()
2018-12-21 17:59:30,801 INFO: NoSuchElementException in TransactionTrackerOperations.get_CM_parcels()
2018-12-21 17:59:37,923 INFO: Executing TransactionTrackerOperations.search_process_for_CMPDM() for: Performance Health|McKesson VAIL VALLEY MEDICAL CENTER|810
2018-12-21 17:59:39,676 INFO: Executing TransactionTrackerOperations.select_customer()
2018-12-21 17:59:46,645 INFO: Executing TransactionTrackerOperations.select_customer()
2018-12-21 17:59:58,883 INFO: Executing TransactionTrackerOperations.get_CM_parcels()
2018-12-21 18:00:05,988 INFO: Executing TransactionTrackerOperations.search_process_for_CMPDM() for: Performance Health|McKesson WHEATON FRANCISCAN HEALTHCARE|810
2018-12-21 18:00:06,068 INFO: Executing TransactionTrackerOperations.select_customer()
2018-12-21 18:00:12,988 INFO: Executing TransactionTrackerOperations.select_customer()
2018-12-21 18:00:25,265 INFO: Executing TransactionTrackerOperations.get_CM_parcels()
2018-12-21 18:00:33,300 INFO: Executing TransactionTrackerOperations.search_process_for_CMPDM() for: Performance Health|MFA DSSI|810
2018-12-21 18:00:33,969 INFO: Executing TransactionTrackerOperations.select_customer()
2018-12-21 18:00:41,104 INFO: Executing TransactionTrackerOperations.select_customer()
2018-12-21 18:00:53,691 INFO: Executing TransactionTrackerOperations.get_CM_parcels()
2018-12-21 18:01:01,290 INFO: Executing TransactionTrackerOperations.search_process_for_CMPDM() for: Performance Health|MIDWEST GERIATRIC DSSI|810
2018-12-21 18:01:01,723 INFO: Executing TransactionTrackerOperations.select_customer()
2018-12-21 18:01:09,146 INFO: Executing TransactionTrackerOperations.select_customer()
2018-12-21 18:01:22,395 INFO: Executing TransactionTrackerOperations.get_CM_parcels()
2018-12-21 18:01:23,358 INFO: NoSuchElementException in TransactionTrackerOperations.get_CM_parcels()
2018-12-21 18:01:30,735 INFO: Executing TransactionTrackerOperations.search_process_for_CMPDM() for: Performance Health|MIDWEST HEALTH DSSI|810
2018-12-21 18:01:31,695 INFO: Executing TransactionTrackerOperations.select_customer()
