2018-12-04 14:06:31,365 INFO: Executing Script Credit Memo Prodution Data Monitoring
2018-12-04 14:06:31,707 INFO: Executing CMProductionDataMonitoring.execute_main()
2018-12-04 14:06:44,475 INFO: Login in to Launchpad
2018-12-04 14:07:05,970 INFO: Executing CMProductionDataMonitoring.TaskFilter()
2018-12-04 14:07:06,835 INFO: Refreshing access_token
2018-12-04 14:07:27,391 INFO: select InProgress task from input sheet from CMProductionDataMonitoring.TaskFilter()
2018-12-04 14:07:27,392 INFO: Executing TransactionTrackerOperations.search_process_for_CMPDM() for: Performance Health|McKesson BASCOM PALMER EYE INST|810
2018-12-04 14:07:27,584 INFO: Executing TransactionTrackerOperations.select_customer()
2018-12-04 14:07:34,467 INFO: Executing TransactionTrackerOperations.select_customer()
2018-12-04 14:07:46,420 INFO: Executing TransactionTrackerOperations.get_CM_parcels()
2018-12-04 14:07:52,644 INFO: Executing TransactionTrackerOperations.search_process_for_CMPDM() for: Performance Health|McKesson CABELL HUNTINGTON HOSPITAL|810
2018-12-04 14:07:52,663 INFO: Executing TransactionTrackerOperations.select_customer()
2018-12-04 14:07:59,510 INFO: Executing TransactionTrackerOperations.select_customer()
2018-12-04 14:08:11,473 INFO: Executing TransactionTrackerOperations.get_CM_parcels()
2018-12-04 14:08:14,246 INFO: NoSuchElementException in TransactionTrackerOperations.get_CM_parcels()
2018-12-04 14:08:18,848 INFO: NoSuchElementException in TransactionTrackerOperations.get_CM_parcels()
2018-12-04 14:08:26,560 INFO: Executing TransactionTrackerOperations.search_process_for_CMPDM() for: Performance Health|McKesson CHILDRENS HOSPITAL|810
2018-12-04 14:08:27,557 INFO: Executing TransactionTrackerOperations.select_customer()
2018-12-04 14:08:34,482 INFO: Executing TransactionTrackerOperations.select_customer()
2018-12-04 14:08:46,270 INFO: Executing TransactionTrackerOperations.get_CM_parcels()
2018-12-04 14:08:49,070 INFO: NoSuchElementException in TransactionTrackerOperations.get_CM_parcels()
2018-12-04 14:08:53,883 INFO: NoSuchElementException in TransactionTrackerOperations.get_CM_parcels()
2018-12-04 14:08:56,743 INFO: NoSuchElementException in TransactionTrackerOperations.get_CM_parcels()
2018-12-04 14:09:03,456 INFO: Executing TransactionTrackerOperations.search_process_for_CMPDM() for: Performance Health|McKesson CHRISTIANA CARE HEALTH|810
2018-12-04 14:09:03,885 INFO: Executing TransactionTrackerOperations.select_customer()
2018-12-04 14:09:11,325 INFO: Executing TransactionTrackerOperations.select_customer()
2018-12-04 14:09:23,783 INFO: Executing TransactionTrackerOperations.get_CM_parcels()
2018-12-04 14:09:27,457 INFO: NoSuchElementException in TransactionTrackerOperations.get_CM_parcels()
2018-12-04 14:09:32,286 INFO: NoSuchElementException in TransactionTrackerOperations.get_CM_parcels()
2018-12-04 14:09:37,338 INFO: NoSuchElementException in TransactionTrackerOperations.get_CM_parcels()
2018-12-04 14:09:42,191 INFO: NoSuchElementException in TransactionTrackerOperations.get_CM_parcels()
2018-12-04 14:09:47,161 INFO: NoSuchElementException in TransactionTrackerOperations.get_CM_parcels()
2018-12-04 14:09:52,084 INFO: NoSuchElementException in TransactionTrackerOperations.get_CM_parcels()
2018-12-04 14:09:56,962 INFO: NoSuchElementException in TransactionTrackerOperations.get_CM_parcels()
2018-12-04 14:10:01,718 INFO: NoSuchElementException in TransactionTrackerOperations.get_CM_parcels()
2018-12-04 14:10:06,440 INFO: NoSuchElementException in TransactionTrackerOperations.get_CM_parcels()
2018-12-04 14:10:11,370 INFO: NoSuchElementException in TransactionTrackerOperations.get_CM_parcels()
2018-12-04 14:10:16,064 INFO: NoSuchElementException in TransactionTrackerOperations.get_CM_parcels()
2018-12-04 14:10:18,701 INFO: NoSuchElementException in TransactionTrackerOperations.get_CM_parcels()
2018-12-04 14:10:26,069 INFO: Executing TransactionTrackerOperations.search_process_for_CMPDM() for: Performance Health|McKesson EMH REGIONAL HEALTHCARE SYSTEMS|810
2018-12-04 14:10:26,193 INFO: Executing TransactionTrackerOperations.select_customer()
2018-12-04 14:10:33,119 INFO: Executing TransactionTrackerOperations.select_customer()
2018-12-04 14:10:45,163 INFO: Executing TransactionTrackerOperations.get_CM_parcels()
2018-12-04 14:10:51,338 INFO: Executing TransactionTrackerOperations.search_process_for_CMPDM() for: Performance Health|McKesson EMORY HEALTHCARE|810
2018-12-04 14:10:51,386 INFO: Executing TransactionTrackerOperations.select_customer()
2018-12-04 14:10:58,280 INFO: Executing TransactionTrackerOperations.select_customer()
2018-12-04 14:11:10,378 INFO: Executing TransactionTrackerOperations.get_CM_parcels()
2018-12-04 14:11:13,461 INFO: NoSuchElementException in TransactionTrackerOperations.get_CM_parcels()
2018-12-04 14:11:18,381 INFO: NoSuchElementException in TransactionTrackerOperations.get_CM_parcels()
2018-12-04 14:11:23,001 INFO: NoSuchElementException in TransactionTrackerOperations.get_CM_parcels()
2018-12-04 14:11:27,772 INFO: NoSuchElementException in TransactionTrackerOperations.get_CM_parcels()
2018-12-04 14:11:32,291 INFO: NoSuchElementException in TransactionTrackerOperations.get_CM_parcels()
2018-12-04 14:11:36,831 INFO: NoSuchElementException in TransactionTrackerOperations.get_CM_parcels()
2018-12-04 14:11:41,660 INFO: NoSuchElementException in TransactionTrackerOperations.get_CM_parcels()
2018-12-04 14:11:46,424 INFO: NoSuchElementException in TransactionTrackerOperations.get_CM_parcels()
2018-12-04 14:11:52,141 INFO: NoSuchElementException in TransactionTrackerOperations.get_CM_parcels()
2018-12-04 14:11:56,915 INFO: NoSuchElementException in TransactionTrackerOperations.get_CM_parcels()
2018-12-04 14:12:01,541 INFO: NoSuchElementException in TransactionTrackerOperations.get_CM_parcels()
2018-12-04 14:12:06,325 INFO: NoSuchElementException in TransactionTrackerOperations.get_CM_parcels()
2018-12-04 14:12:10,951 INFO: NoSuchElementException in TransactionTrackerOperations.get_CM_parcels()
2018-12-04 14:12:15,576 INFO: NoSuchElementException in TransactionTrackerOperations.get_CM_parcels()
2018-12-04 14:12:20,341 INFO: NoSuchElementException in TransactionTrackerOperations.get_CM_parcels()
2018-12-04 14:12:24,977 INFO: NoSuchElementException in TransactionTrackerOperations.get_CM_parcels()
2018-12-04 14:12:29,588 INFO: NoSuchElementException in TransactionTrackerOperations.get_CM_parcels()
2018-12-04 14:12:34,522 INFO: NoSuchElementException in TransactionTrackerOperations.get_CM_parcels()
2018-12-04 14:12:38,843 INFO: NoSuchElementException in TransactionTrackerOperations.get_CM_parcels()
2018-12-04 14:12:46,922 INFO: Executing TransactionTrackerOperations.search_process_for_CMPDM() for: Performance Health|McKesson FIRELANDS REGIONAL MEDICAL CENTER|810
2018-12-04 14:12:46,952 INFO: Executing TransactionTrackerOperations.select_customer()
2018-12-04 14:12:53,795 INFO: Executing TransactionTrackerOperations.select_customer()
2018-12-04 14:13:05,619 INFO: Executing TransactionTrackerOperations.get_CM_parcels()
2018-12-04 14:13:12,515 INFO: Executing TransactionTrackerOperations.search_process_for_CMPDM() for: Performance Health|McKesson FIRSTHEALTH CAROLINAS|810
2018-12-04 14:13:12,670 INFO: Executing TransactionTrackerOperations.select_customer()
2018-12-04 14:13:19,911 INFO: Executing TransactionTrackerOperations.select_customer()
2018-12-04 14:13:31,855 INFO: Executing TransactionTrackerOperations.get_CM_parcels()
2018-12-04 14:13:38,376 INFO: Executing TransactionTrackerOperations.search_process_for_CMPDM() for: Performance Health|McKesson FRANCISCAN ALLIANCE INC|810
2018-12-04 14:13:38,397 INFO: Executing TransactionTrackerOperations.select_customer()
2018-12-04 14:13:45,313 INFO: Executing TransactionTrackerOperations.select_customer()
2018-12-04 14:13:57,305 INFO: Executing TransactionTrackerOperations.get_CM_parcels()
2018-12-04 14:14:00,033 INFO: NoSuchElementException in TransactionTrackerOperations.get_CM_parcels()
2018-12-04 14:14:04,691 INFO: NoSuchElementException in TransactionTrackerOperations.get_CM_parcels()
2018-12-04 14:14:09,164 INFO: NoSuchElementException in TransactionTrackerOperations.get_CM_parcels()
2018-12-04 14:14:13,756 INFO: NoSuchElementException in TransactionTrackerOperations.get_CM_parcels()
2018-12-04 14:14:18,388 INFO: NoSuchElementException in TransactionTrackerOperations.get_CM_parcels()
2018-12-04 14:14:23,158 INFO: NoSuchElementException in TransactionTrackerOperations.get_CM_parcels()
2018-12-04 14:14:28,138 INFO: NoSuchElementException in TransactionTrackerOperations.get_CM_parcels()
2018-12-04 14:14:33,266 INFO: NoSuchElementException in TransactionTrackerOperations.get_CM_parcels()
2018-12-04 14:14:38,353 INFO: NoSuchElementException in TransactionTrackerOperations.get_CM_parcels()
2018-12-04 14:14:43,220 INFO: NoSuchElementException in TransactionTrackerOperations.get_CM_parcels()
2018-12-04 14:14:47,951 INFO: NoSuchElementException in TransactionTrackerOperations.get_CM_parcels()
2018-12-04 14:14:52,668 INFO: NoSuchElementException in TransactionTrackerOperations.get_CM_parcels()
2018-12-04 14:14:57,648 INFO: NoSuchElementException in TransactionTrackerOperations.get_CM_parcels()
2018-12-04 14:15:00,136 INFO: NoSuchElementException in TransactionTrackerOperations.get_CM_parcels()
2018-12-04 14:15:07,769 INFO: Executing TransactionTrackerOperations.search_process_for_CMPDM() for: Performance Health|McKesson GOOD SHEPHERD REHAB NETWORK|810
2018-12-04 14:15:08,199 INFO: Executing TransactionTrackerOperations.select_customer()
2018-12-04 14:15:15,103 INFO: Executing TransactionTrackerOperations.select_customer()
2018-12-04 14:15:26,658 INFO: Executing TransactionTrackerOperations.get_CM_parcels()
2018-12-04 14:15:29,454 INFO: NoSuchElementException in TransactionTrackerOperations.get_CM_parcels()
2018-12-04 14:15:34,848 INFO: NoSuchElementException in TransactionTrackerOperations.get_CM_parcels()
2018-12-04 14:15:40,208 INFO: NoSuchElementException in TransactionTrackerOperations.get_CM_parcels()
2018-12-04 14:15:44,842 INFO: NoSuchElementException in TransactionTrackerOperations.get_CM_parcels()
2018-12-04 14:15:49,335 INFO: NoSuchElementException in TransactionTrackerOperations.get_CM_parcels()
2018-12-04 14:15:53,933 INFO: NoSuchElementException in TransactionTrackerOperations.get_CM_parcels()
2018-12-04 14:15:58,641 INFO: NoSuchElementException in TransactionTrackerOperations.get_CM_parcels()
2018-12-04 14:16:03,913 INFO: NoSuchElementException in TransactionTrackerOperations.get_CM_parcels()
2018-12-04 14:16:09,077 INFO: NoSuchElementException in TransactionTrackerOperations.get_CM_parcels()
2018-12-04 14:16:14,039 INFO: NoSuchElementException in TransactionTrackerOperations.get_CM_parcels()
2018-12-04 14:16:18,736 INFO: NoSuchElementException in TransactionTrackerOperations.get_CM_parcels()
2018-12-04 14:16:22,410 INFO: NoSuchElementException in TransactionTrackerOperations.get_CM_parcels()
2018-12-04 14:16:29,047 INFO: Executing TransactionTrackerOperations.search_process_for_CMPDM() for: Performance Health|McKesson HALIFAX REGIONAL HOSPITAL|810
2018-12-04 14:16:29,674 INFO: Executing TransactionTrackerOperations.select_customer()
2018-12-04 14:16:36,514 INFO: Executing TransactionTrackerOperations.select_customer()
2018-12-04 14:16:48,393 INFO: Executing TransactionTrackerOperations.get_CM_parcels()
2018-12-04 14:16:54,605 INFO: Executing TransactionTrackerOperations.search_process_for_CMPDM() for: Performance Health|McKesson HATTISBURG CLINIC|810
2018-12-04 14:16:54,769 INFO: Executing TransactionTrackerOperations.select_customer()
2018-12-04 14:17:02,000 INFO: Executing TransactionTrackerOperations.select_customer()
2018-12-04 14:17:13,602 INFO: Executing TransactionTrackerOperations.get_CM_parcels()
2018-12-04 14:17:20,061 INFO: Executing TransactionTrackerOperations.search_process_for_CMPDM() for: Performance Health|McKesson IL BONE AND JOINT|810
2018-12-04 14:17:20,195 INFO: Executing TransactionTrackerOperations.select_customer()
2018-12-04 14:17:27,022 INFO: Executing TransactionTrackerOperations.select_customer()
2018-12-04 14:17:38,597 INFO: Executing TransactionTrackerOperations.get_CM_parcels()
2018-12-04 14:17:44,803 INFO: Executing TransactionTrackerOperations.search_process_for_CMPDM() for: Performance Health|McKesson LAKE CHARLES MEMORIAL HOSPITAL|810
2018-12-04 14:17:44,832 INFO: Executing TransactionTrackerOperations.select_customer()
2018-12-04 14:17:51,659 INFO: Executing TransactionTrackerOperations.select_customer()
2018-12-04 14:18:04,093 INFO: Executing TransactionTrackerOperations.get_CM_parcels()
2018-12-04 14:18:10,579 INFO: Executing TransactionTrackerOperations.search_process_for_CMPDM() for: Performance Health|McKesson LAWRENCE MEMORIAL HOSPITAL|810
2018-12-04 14:18:10,596 INFO: Executing TransactionTrackerOperations.select_customer()
2018-12-04 14:18:17,822 INFO: Executing TransactionTrackerOperations.select_customer()
2018-12-04 14:18:30,278 INFO: Executing TransactionTrackerOperations.get_CM_parcels()
2018-12-04 14:18:33,525 INFO: NoSuchElementException in TransactionTrackerOperations.get_CM_parcels()
2018-12-04 14:18:38,182 INFO: NoSuchElementException in TransactionTrackerOperations.get_CM_parcels()
2018-12-04 14:18:42,741 INFO: NoSuchElementException in TransactionTrackerOperations.get_CM_parcels()
2018-12-04 14:18:47,277 INFO: NoSuchElementException in TransactionTrackerOperations.get_CM_parcels()
2018-12-04 14:18:50,336 INFO: NoSuchElementException in TransactionTrackerOperations.get_CM_parcels()
2018-12-04 14:18:57,232 INFO: Executing TransactionTrackerOperations.search_process_for_CMPDM() for: Performance Health|McKesson LEESBURG REGIONAL|810
2018-12-04 14:18:57,255 INFO: Executing TransactionTrackerOperations.select_customer()
2018-12-04 14:19:04,135 INFO: Executing TransactionTrackerOperations.select_customer()
2018-12-04 14:19:15,401 INFO: Executing TransactionTrackerOperations.get_CM_parcels()
2018-12-04 14:19:16,365 INFO: NoSuchElementException in TransactionTrackerOperations.get_CM_parcels()
2018-12-04 14:19:23,319 INFO: Executing TransactionTrackerOperations.search_process_for_CMPDM() for: Performance Health|McKesson LOMA LINDA UNIVERSITY MEDICAL CENTER|810
2018-12-04 14:19:23,336 INFO: Executing TransactionTrackerOperations.select_customer()
2018-12-04 14:19:30,135 INFO: Executing TransactionTrackerOperations.select_customer()
2018-12-04 14:19:42,249 INFO: Executing TransactionTrackerOperations.get_CM_parcels()
2018-12-04 14:19:42,527 INFO: NoSuchElementException in TransactionTrackerOperations.get_CM_parcels()
2018-12-04 14:19:50,280 INFO: Executing TransactionTrackerOperations.search_process_for_CMPDM() for: Performance Health|McKesson MCG HEALTH INC|810
2018-12-04 14:19:50,393 INFO: Executing TransactionTrackerOperations.select_customer()
2018-12-04 14:19:57,287 INFO: Executing TransactionTrackerOperations.select_customer()
2018-12-04 14:20:08,799 INFO: Executing TransactionTrackerOperations.get_CM_parcels()
2018-12-04 14:20:12,483 INFO: NoSuchElementException in TransactionTrackerOperations.get_CM_parcels()
2018-12-04 14:20:17,123 INFO: NoSuchElementException in TransactionTrackerOperations.get_CM_parcels()
2018-12-04 14:20:21,609 INFO: NoSuchElementException in TransactionTrackerOperations.get_CM_parcels()
2018-12-04 14:20:25,408 INFO: NoSuchElementException in TransactionTrackerOperations.get_CM_parcels()
2018-12-04 14:20:32,700 INFO: Executing TransactionTrackerOperations.search_process_for_CMPDM() for: Performance Health|McKesson NCH HEALTHCARE|810
2018-12-04 14:20:32,726 INFO: Executing TransactionTrackerOperations.select_customer()
2018-12-04 14:20:39,593 INFO: Executing TransactionTrackerOperations.select_customer()
2018-12-04 14:20:51,033 INFO: Executing TransactionTrackerOperations.get_CM_parcels()
2018-12-04 14:20:53,892 INFO: NoSuchElementException in TransactionTrackerOperations.get_CM_parcels()
2018-12-04 14:20:58,495 INFO: NoSuchElementException in TransactionTrackerOperations.get_CM_parcels()
2018-12-04 14:21:03,031 INFO: NoSuchElementException in TransactionTrackerOperations.get_CM_parcels()
2018-12-04 14:21:07,600 INFO: NoSuchElementException in TransactionTrackerOperations.get_CM_parcels()
2018-12-04 14:21:12,226 INFO: NoSuchElementException in TransactionTrackerOperations.get_CM_parcels()
2018-12-04 14:21:15,793 INFO: NoSuchElementException in TransactionTrackerOperations.get_CM_parcels()
2018-12-04 14:21:22,385 INFO: Executing TransactionTrackerOperations.search_process_for_CMPDM() for: Performance Health|McKesson SACRED HEART HOSPITAL|810
2018-12-04 14:21:22,449 INFO: Executing TransactionTrackerOperations.select_customer()
2018-12-04 14:21:29,299 INFO: Executing TransactionTrackerOperations.select_customer()
2018-12-04 14:21:40,601 INFO: Executing TransactionTrackerOperations.get_CM_parcels()
2018-12-04 14:21:46,077 INFO: Executing TransactionTrackerOperations.search_process_for_CMPDM() for: Performance Health|McKesson SAINT FRANCES MEDICAL CENTER|810
2018-12-04 14:21:46,890 INFO: Executing TransactionTrackerOperations.select_customer()
2018-12-04 14:21:53,709 INFO: Executing TransactionTrackerOperations.select_customer()
2018-12-04 14:22:05,226 INFO: Executing TransactionTrackerOperations.get_CM_parcels()
2018-12-04 14:22:07,968 INFO: NoSuchElementException in TransactionTrackerOperations.get_CM_parcels()
2018-12-04 14:22:12,546 INFO: NoSuchElementException in TransactionTrackerOperations.get_CM_parcels()
2018-12-04 14:22:16,318 INFO: NoSuchElementException in TransactionTrackerOperations.get_CM_parcels()
2018-12-04 14:22:23,030 INFO: Executing TransactionTrackerOperations.search_process_for_CMPDM() for: Performance Health|McKesson SOUTHERN NEW HAMPSHIRE MEDICAL CENTER|810
2018-12-04 14:22:23,095 INFO: Executing TransactionTrackerOperations.select_customer()
2018-12-04 14:22:29,928 INFO: Executing TransactionTrackerOperations.select_customer()
2018-12-04 14:22:41,675 INFO: Executing TransactionTrackerOperations.get_CM_parcels()
2018-12-04 14:22:44,415 INFO: NoSuchElementException in TransactionTrackerOperations.get_CM_parcels()
2018-12-04 14:22:49,014 INFO: NoSuchElementException in TransactionTrackerOperations.get_CM_parcels()
2018-12-04 14:22:53,507 INFO: NoSuchElementException in TransactionTrackerOperations.get_CM_parcels()
2018-12-04 14:22:56,165 INFO: NoSuchElementException in TransactionTrackerOperations.get_CM_parcels()
2018-12-04 14:23:02,243 INFO: Executing TransactionTrackerOperations.search_process_for_CMPDM() for: Performance Health|McKesson TIFT REGIONAL MEDICAL CENTER|810
2018-12-04 14:23:02,982 INFO: Executing TransactionTrackerOperations.select_customer()
2018-12-04 14:23:09,841 INFO: Executing TransactionTrackerOperations.select_customer()
2018-12-04 14:23:21,851 INFO: Executing TransactionTrackerOperations.get_CM_parcels()
2018-12-04 14:23:28,044 INFO: Executing TransactionTrackerOperations.search_process_for_CMPDM() for: Performance Health|McKesson TRINITY MOTHER FRANCES HOSPITAL|810
2018-12-04 14:23:28,357 INFO: Executing TransactionTrackerOperations.select_customer()
2018-12-04 14:23:35,354 INFO: Executing TransactionTrackerOperations.select_customer()
2018-12-04 14:23:47,291 INFO: Executing TransactionTrackerOperations.get_CM_parcels()
2018-12-04 14:23:49,987 INFO: NoSuchElementException in TransactionTrackerOperations.get_CM_parcels()
2018-12-04 14:23:54,524 INFO: NoSuchElementException in TransactionTrackerOperations.get_CM_parcels()
2018-12-04 14:23:58,961 INFO: NoSuchElementException in TransactionTrackerOperations.get_CM_parcels()
2018-12-04 14:24:03,412 INFO: NoSuchElementException in TransactionTrackerOperations.get_CM_parcels()
2018-12-04 14:24:07,875 INFO: NoSuchElementException in TransactionTrackerOperations.get_CM_parcels()
2018-12-04 14:24:11,660 INFO: NoSuchElementException in TransactionTrackerOperations.get_CM_parcels()
2018-12-04 14:24:18,334 INFO: Executing TransactionTrackerOperations.search_process_for_CMPDM() for: Performance Health|McKesson Truman Medical Center|810
2018-12-04 14:24:18,588 INFO: Executing TransactionTrackerOperations.select_customer()
2018-12-04 14:24:25,445 INFO: Executing TransactionTrackerOperations.select_customer()
2018-12-04 14:24:37,080 INFO: Executing TransactionTrackerOperations.get_CM_parcels()
2018-12-04 14:24:39,985 INFO: NoSuchElementException in TransactionTrackerOperations.get_CM_parcels()
2018-12-04 14:24:44,539 INFO: NoSuchElementException in TransactionTrackerOperations.get_CM_parcels()
2018-12-04 14:24:49,079 INFO: NoSuchElementException in TransactionTrackerOperations.get_CM_parcels()
2018-12-04 14:24:53,619 INFO: NoSuchElementException in TransactionTrackerOperations.get_CM_parcels()
2018-12-04 14:24:58,183 INFO: NoSuchElementException in TransactionTrackerOperations.get_CM_parcels()
2018-12-04 14:25:02,680 INFO: NoSuchElementException in TransactionTrackerOperations.get_CM_parcels()
2018-12-04 14:25:07,227 INFO: NoSuchElementException in TransactionTrackerOperations.get_CM_parcels()
2018-12-04 14:25:11,953 INFO: NoSuchElementException in TransactionTrackerOperations.get_CM_parcels()
2018-12-04 14:25:17,042 INFO: NoSuchElementException in TransactionTrackerOperations.get_CM_parcels()
2018-12-04 14:25:21,786 INFO: NoSuchElementException in TransactionTrackerOperations.get_CM_parcels()
2018-12-04 14:25:26,363 INFO: NoSuchElementException in TransactionTrackerOperations.get_CM_parcels()
2018-12-04 14:25:31,002 INFO: NoSuchElementException in TransactionTrackerOperations.get_CM_parcels()
2018-12-04 14:25:35,689 INFO: NoSuchElementException in TransactionTrackerOperations.get_CM_parcels()
2018-12-04 14:25:40,233 INFO: NoSuchElementException in TransactionTrackerOperations.get_CM_parcels()
2018-12-04 14:25:44,848 INFO: NoSuchElementException in TransactionTrackerOperations.get_CM_parcels()
2018-12-04 14:25:49,407 INFO: NoSuchElementException in TransactionTrackerOperations.get_CM_parcels()
2018-12-04 14:25:53,983 INFO: NoSuchElementException in TransactionTrackerOperations.get_CM_parcels()
2018-12-04 14:26:01,242 INFO: Executing TransactionTrackerOperations.search_process_for_CMPDM() for: Performance Health|McKesson UNITED HOSPITAL SYSTEM INC|810
2018-12-04 14:26:01,299 INFO: Executing TransactionTrackerOperations.select_customer()
2018-12-04 14:26:08,192 INFO: Executing TransactionTrackerOperations.select_customer()
2018-12-04 14:26:20,292 INFO: Executing TransactionTrackerOperations.get_CM_parcels()
2018-12-04 14:26:23,181 INFO: NoSuchElementException in TransactionTrackerOperations.get_CM_parcels()
2018-12-04 14:26:28,094 INFO: NoSuchElementException in TransactionTrackerOperations.get_CM_parcels()
2018-12-04 14:26:31,454 INFO: NoSuchElementException in TransactionTrackerOperations.get_CM_parcels()
2018-12-04 14:26:38,130 INFO: Executing TransactionTrackerOperations.search_process_for_CMPDM() for: Performance Health|McKesson VAIL VALLEY MEDICAL CENTER|810
2018-12-04 14:26:38,156 INFO: Executing TransactionTrackerOperations.select_customer()
2018-12-04 14:26:45,017 INFO: Executing TransactionTrackerOperations.select_customer()
2018-12-04 14:26:56,839 INFO: Executing TransactionTrackerOperations.get_CM_parcels()
2018-12-04 14:26:59,625 INFO: NoSuchElementException in TransactionTrackerOperations.get_CM_parcels()
2018-12-04 14:27:04,262 INFO: NoSuchElementException in TransactionTrackerOperations.get_CM_parcels()
2018-12-04 14:27:08,806 INFO: NoSuchElementException in TransactionTrackerOperations.get_CM_parcels()
2018-12-04 14:27:13,413 INFO: NoSuchElementException in TransactionTrackerOperations.get_CM_parcels()
2018-12-04 14:27:17,894 INFO: NoSuchElementException in TransactionTrackerOperations.get_CM_parcels()
2018-12-04 14:27:22,394 INFO: NoSuchElementException in TransactionTrackerOperations.get_CM_parcels()
2018-12-04 14:27:26,961 INFO: NoSuchElementException in TransactionTrackerOperations.get_CM_parcels()
2018-12-04 14:27:31,605 INFO: NoSuchElementException in TransactionTrackerOperations.get_CM_parcels()
2018-12-04 14:27:36,214 INFO: NoSuchElementException in TransactionTrackerOperations.get_CM_parcels()
2018-12-04 14:27:40,963 INFO: NoSuchElementException in TransactionTrackerOperations.get_CM_parcels()
2018-12-04 14:27:45,741 INFO: NoSuchElementException in TransactionTrackerOperations.get_CM_parcels()
2018-12-04 14:27:50,414 INFO: NoSuchElementException in TransactionTrackerOperations.get_CM_parcels()
2018-12-04 14:27:55,060 INFO: NoSuchElementException in TransactionTrackerOperations.get_CM_parcels()
2018-12-04 14:27:59,736 INFO: NoSuchElementException in TransactionTrackerOperations.get_CM_parcels()
2018-12-04 14:28:03,793 INFO: NoSuchElementException in TransactionTrackerOperations.get_CM_parcels()
2018-12-04 14:28:11,676 INFO: Executing TransactionTrackerOperations.search_process_for_CMPDM() for: Performance Health|McKesson WHEATON FRANCISCAN HEALTHCARE|810
2018-12-04 14:28:11,725 INFO: Executing TransactionTrackerOperations.select_customer()
2018-12-04 14:28:18,645 INFO: Executing TransactionTrackerOperations.select_customer()
2018-12-04 14:28:30,611 INFO: Executing TransactionTrackerOperations.get_CM_parcels()
2018-12-04 14:28:36,707 INFO: Executing TransactionTrackerOperations.search_process_for_CMPDM() for: Performance Health|MFA DSSI|810
2018-12-04 14:28:36,730 INFO: Executing TransactionTrackerOperations.select_customer()
2018-12-04 14:28:43,606 INFO: Executing TransactionTrackerOperations.select_customer()
2018-12-04 14:29:10,911 INFO: Executing TransactionTrackerOperations.get_CM_parcels()
2018-12-04 14:29:22,665 INFO: Executing TransactionTrackerOperations.search_process_for_CMPDM() for: Performance Health|MIDWEST GERIATRIC DSSI|810
2018-12-04 14:29:22,677 INFO: Executing TransactionTrackerOperations.select_customer()
2018-12-04 14:31:05,158 ERROR: Error in CMProductionDataMonitoring.TaskFilter()
2018-12-04 14:31:09,591 INFO: Executing TransactionTrackerOperations.search_process_for_CMPDM() for: Performance Health|MIDWEST HEALTH DSSI|810
2018-12-04 14:31:09,647 INFO: Executing TransactionTrackerOperations.select_customer()
2018-12-04 14:31:16,461 INFO: Executing TransactionTrackerOperations.select_customer()
2018-12-04 14:31:27,680 INFO: Executing TransactionTrackerOperations.get_CM_parcels()
2018-12-04 14:31:30,540 INFO: NoSuchElementException in TransactionTrackerOperations.get_CM_parcels()
2018-12-04 14:31:35,097 INFO: NoSuchElementException in TransactionTrackerOperations.get_CM_parcels()
2018-12-04 14:31:38,169 INFO: NoSuchElementException in TransactionTrackerOperations.get_CM_parcels()
2018-12-04 14:31:44,364 INFO: Executing TransactionTrackerOperations.search_process_for_CMPDM() for: Performance Health|MISSION HEALTH DSSI|810
2018-12-04 14:31:44,904 INFO: Executing TransactionTrackerOperations.select_customer()
2018-12-04 14:31:51,813 INFO: Executing TransactionTrackerOperations.select_customer()
2018-12-04 14:32:03,038 INFO: Executing TransactionTrackerOperations.get_CM_parcels()
2018-12-04 14:32:05,754 INFO: NoSuchElementException in TransactionTrackerOperations.get_CM_parcels()
2018-12-04 14:32:10,280 INFO: NoSuchElementException in TransactionTrackerOperations.get_CM_parcels()
2018-12-04 14:32:14,740 INFO: NoSuchElementException in TransactionTrackerOperations.get_CM_parcels()
2018-12-04 14:32:19,248 INFO: NoSuchElementException in TransactionTrackerOperations.get_CM_parcels()
2018-12-04 14:32:24,253 INFO: NoSuchElementException in TransactionTrackerOperations.get_CM_parcels()
2018-12-04 14:32:29,714 INFO: NoSuchElementException in TransactionTrackerOperations.get_CM_parcels()
2018-12-04 14:32:33,078 INFO: NoSuchElementException in TransactionTrackerOperations.get_CM_parcels()
2018-12-04 14:32:39,951 INFO: Executing TransactionTrackerOperations.search_process_for_CMPDM() for: Performance Health|NEXION DSSI|810
2018-12-04 14:32:39,991 INFO: Executing TransactionTrackerOperations.select_customer()
2018-12-04 14:32:46,804 INFO: Executing TransactionTrackerOperations.select_customer()
2018-12-04 14:32:58,068 INFO: Executing TransactionTrackerOperations.get_CM_parcels()
2018-12-04 14:33:00,828 INFO: NoSuchElementException in TransactionTrackerOperations.get_CM_parcels()
2018-12-04 14:33:05,411 INFO: NoSuchElementException in TransactionTrackerOperations.get_CM_parcels()
2018-12-04 14:33:09,896 INFO: NoSuchElementException in TransactionTrackerOperations.get_CM_parcels()
2018-12-04 14:33:14,424 INFO: NoSuchElementException in TransactionTrackerOperations.get_CM_parcels()
2018-12-04 14:33:18,921 INFO: NoSuchElementException in TransactionTrackerOperations.get_CM_parcels()
2018-12-04 14:33:23,390 INFO: NoSuchElementException in TransactionTrackerOperations.get_CM_parcels()
2018-12-04 14:33:27,971 INFO: NoSuchElementException in TransactionTrackerOperations.get_CM_parcels()
2018-12-04 14:33:31,067 INFO: NoSuchElementException in TransactionTrackerOperations.get_CM_parcels()
2018-12-04 14:33:37,666 INFO: Executing TransactionTrackerOperations.search_process_for_CMPDM() for: Performance Health|NOLAND HEALTH SERVICES DSSI|810
2018-12-04 14:33:37,710 INFO: Executing TransactionTrackerOperations.select_customer()
2018-12-04 14:33:44,504 INFO: Executing TransactionTrackerOperations.select_customer()
2018-12-04 14:33:55,985 INFO: Executing TransactionTrackerOperations.get_CM_parcels()
2018-12-04 14:33:58,708 INFO: NoSuchElementException in TransactionTrackerOperations.get_CM_parcels()
2018-12-04 14:34:03,253 INFO: NoSuchElementException in TransactionTrackerOperations.get_CM_parcels()
2018-12-04 14:34:07,681 INFO: NoSuchElementException in TransactionTrackerOperations.get_CM_parcels()
2018-12-04 14:34:11,531 INFO: NoSuchElementException in TransactionTrackerOperations.get_CM_parcels()
2018-12-04 14:34:18,188 INFO: Executing TransactionTrackerOperations.search_process_for_CMPDM() for: Performance Health|NORTHPORT DSSI|810
2018-12-04 14:34:18,208 INFO: Executing TransactionTrackerOperations.select_customer()
2018-12-04 14:34:25,114 INFO: Executing TransactionTrackerOperations.select_customer()
2018-12-04 14:34:36,303 INFO: Executing TransactionTrackerOperations.get_CM_parcels()
2018-12-04 14:34:42,433 INFO: Executing TransactionTrackerOperations.search_process_for_CMPDM() for: Performance Health|NUVISION DSSI|810
2018-12-04 14:34:42,453 INFO: Executing TransactionTrackerOperations.select_customer()
2018-12-04 14:34:49,335 INFO: Executing TransactionTrackerOperations.select_customer()
2018-12-04 14:35:00,453 INFO: Executing TransactionTrackerOperations.get_CM_parcels()
2018-12-04 14:35:03,150 INFO: NoSuchElementException in TransactionTrackerOperations.get_CM_parcels()
2018-12-04 14:35:07,710 INFO: NoSuchElementException in TransactionTrackerOperations.get_CM_parcels()
2018-12-04 14:35:11,211 INFO: NoSuchElementException in TransactionTrackerOperations.get_CM_parcels()
2018-12-04 14:35:17,888 INFO: Executing TransactionTrackerOperations.search_process_for_CMPDM() for: Performance Health|ONIX GROUP DSSI|810
2018-12-04 14:35:17,916 INFO: Executing TransactionTrackerOperations.select_customer()
2018-12-04 14:35:24,722 INFO: Executing TransactionTrackerOperations.select_customer()
2018-12-04 14:35:35,964 INFO: Executing TransactionTrackerOperations.get_CM_parcels()
2018-12-04 14:35:38,717 INFO: NoSuchElementException in TransactionTrackerOperations.get_CM_parcels()
2018-12-04 14:35:44,080 INFO: NoSuchElementException in TransactionTrackerOperations.get_CM_parcels()
2018-12-04 14:35:48,491 INFO: NoSuchElementException in TransactionTrackerOperations.get_CM_parcels()
2018-12-04 14:35:52,471 INFO: NoSuchElementException in TransactionTrackerOperations.get_CM_parcels()
2018-12-04 14:35:59,411 INFO: Executing TransactionTrackerOperations.search_process_for_CMPDM() for: Performance Health|PENNMED CONSULTANTS INC DSSI|810
2018-12-04 14:35:59,431 INFO: Executing TransactionTrackerOperations.select_customer()
2018-12-04 14:36:06,229 INFO: Executing TransactionTrackerOperations.select_customer()
2018-12-04 14:36:17,635 INFO: Executing TransactionTrackerOperations.get_CM_parcels()
2018-12-04 14:36:23,747 INFO: Executing TransactionTrackerOperations.search_process_for_CMPDM() for: Performance Health|PREFERRED CARE DSSI|810
2018-12-04 14:36:24,828 INFO: Executing TransactionTrackerOperations.select_customer()
2018-12-04 14:36:31,640 INFO: Executing TransactionTrackerOperations.select_customer()
2018-12-04 14:36:42,878 INFO: Executing TransactionTrackerOperations.get_CM_parcels()
2018-12-04 14:36:48,957 INFO: Executing TransactionTrackerOperations.search_process_for_CMPDM() for: Performance Health|PRESBYTERIAN HOMES AND SERVICES DSSI|810
2018-12-04 14:36:49,013 INFO: Executing TransactionTrackerOperations.select_customer()
2018-12-04 14:36:55,847 INFO: Executing TransactionTrackerOperations.select_customer()
2018-12-04 14:37:07,581 INFO: Executing TransactionTrackerOperations.get_CM_parcels()
2018-12-04 14:37:10,266 INFO: NoSuchElementException in TransactionTrackerOperations.get_CM_parcels()
2018-12-04 14:37:14,815 INFO: NoSuchElementException in TransactionTrackerOperations.get_CM_parcels()
2018-12-04 14:37:19,360 INFO: NoSuchElementException in TransactionTrackerOperations.get_CM_parcels()
2018-12-04 14:37:23,889 INFO: NoSuchElementException in TransactionTrackerOperations.get_CM_parcels()
2018-12-04 14:37:28,385 INFO: NoSuchElementException in TransactionTrackerOperations.get_CM_parcels()
2018-12-04 14:37:31,222 INFO: NoSuchElementException in TransactionTrackerOperations.get_CM_parcels()
2018-12-04 14:37:37,419 INFO: Executing TransactionTrackerOperations.search_process_for_CMPDM() for: Performance Health|PRESBYTERIAN SENIOR LIVING DSSI|810
2018-12-04 14:37:37,883 INFO: Executing TransactionTrackerOperations.select_customer()
2018-12-04 14:37:44,693 INFO: Executing TransactionTrackerOperations.select_customer()
2018-12-04 14:37:56,322 INFO: Executing TransactionTrackerOperations.get_CM_parcels()
2018-12-04 14:37:58,988 INFO: NoSuchElementException in TransactionTrackerOperations.get_CM_parcels()
2018-12-04 14:38:03,486 INFO: NoSuchElementException in TransactionTrackerOperations.get_CM_parcels()
2018-12-04 14:38:07,935 INFO: NoSuchElementException in TransactionTrackerOperations.get_CM_parcels()
2018-12-04 14:38:10,326 INFO: NoSuchElementException in TransactionTrackerOperations.get_CM_parcels()
2018-12-04 14:38:17,187 INFO: Executing TransactionTrackerOperations.search_process_for_CMPDM() for: Performance Health|QUALITY LIFE SERVICES DSSI|810
2018-12-04 14:38:17,227 INFO: Executing TransactionTrackerOperations.select_customer()
2018-12-04 14:38:24,018 INFO: Executing TransactionTrackerOperations.select_customer()
2018-12-04 14:38:35,416 INFO: Executing TransactionTrackerOperations.get_CM_parcels()
2018-12-04 14:38:38,064 INFO: NoSuchElementException in TransactionTrackerOperations.get_CM_parcels()
2018-12-04 14:38:42,580 INFO: NoSuchElementException in TransactionTrackerOperations.get_CM_parcels()
2018-12-04 14:38:47,079 INFO: NoSuchElementException in TransactionTrackerOperations.get_CM_parcels()
2018-12-04 14:38:51,543 INFO: NoSuchElementException in TransactionTrackerOperations.get_CM_parcels()
2018-12-04 14:38:55,983 INFO: NoSuchElementException in TransactionTrackerOperations.get_CM_parcels()
2018-12-04 14:38:58,589 INFO: NoSuchElementException in TransactionTrackerOperations.get_CM_parcels()
2018-12-04 14:39:04,678 INFO: Executing TransactionTrackerOperations.search_process_for_CMPDM() for: Performance Health|Quest Healthcare Development DSSI|810
2018-12-04 14:39:05,182 INFO: Executing TransactionTrackerOperations.select_customer()
2018-12-04 14:39:12,005 INFO: Executing TransactionTrackerOperations.select_customer()
2018-12-04 14:39:23,298 INFO: Executing TransactionTrackerOperations.get_CM_parcels()
2018-12-04 14:39:29,299 INFO: Executing TransactionTrackerOperations.search_process_for_CMPDM() for: Performance Health|Regency Integrated Health Services DSSI|810
2018-12-04 14:39:29,319 INFO: Executing TransactionTrackerOperations.select_customer()
2018-12-04 14:39:36,129 INFO: Executing TransactionTrackerOperations.select_customer()
2018-12-04 14:39:47,843 INFO: Executing TransactionTrackerOperations.get_CM_parcels()
2018-12-04 14:39:53,849 INFO: Executing TransactionTrackerOperations.search_process_for_CMPDM() for: Performance Health|RENNES HEALTH DSSI|810
2018-12-04 14:39:53,865 INFO: Executing TransactionTrackerOperations.select_customer()
2018-12-04 14:40:00,653 INFO: Executing TransactionTrackerOperations.select_customer()
2018-12-04 14:40:11,920 INFO: Executing TransactionTrackerOperations.get_CM_parcels()
2018-12-04 14:40:14,719 INFO: NoSuchElementException in TransactionTrackerOperations.get_CM_parcels()
2018-12-04 14:40:19,253 INFO: NoSuchElementException in TransactionTrackerOperations.get_CM_parcels()
2018-12-04 14:40:23,754 INFO: NoSuchElementException in TransactionTrackerOperations.get_CM_parcels()
2018-12-04 14:40:28,163 INFO: NoSuchElementException in TransactionTrackerOperations.get_CM_parcels()
2018-12-04 14:40:31,724 INFO: NoSuchElementException in TransactionTrackerOperations.get_CM_parcels()
2018-12-04 14:40:37,908 INFO: Executing TransactionTrackerOperations.search_process_for_CMPDM() for: Performance Health|SABER HEALTHCARE DSSI|810
2018-12-04 14:40:38,857 INFO: Executing TransactionTrackerOperations.select_customer()
2018-12-04 14:40:45,730 INFO: Executing TransactionTrackerOperations.select_customer()
2018-12-04 14:40:57,068 INFO: Executing TransactionTrackerOperations.get_CM_parcels()
2018-12-04 14:41:02,500 INFO: Executing TransactionTrackerOperations.search_process_for_CMPDM() for: Performance Health|SPRENGER HEALTHCARE DSSI|810
2018-12-04 14:41:03,250 INFO: Executing TransactionTrackerOperations.select_customer()
2018-12-04 14:41:10,037 INFO: Executing TransactionTrackerOperations.select_customer()
2018-12-04 14:41:21,472 INFO: Executing TransactionTrackerOperations.get_CM_parcels()
2018-12-04 14:41:24,140 INFO: NoSuchElementException in TransactionTrackerOperations.get_CM_parcels()
2018-12-04 14:41:28,800 INFO: NoSuchElementException in TransactionTrackerOperations.get_CM_parcels()
2018-12-04 14:41:33,237 INFO: NoSuchElementException in TransactionTrackerOperations.get_CM_parcels()
2018-12-04 14:41:37,758 INFO: NoSuchElementException in TransactionTrackerOperations.get_CM_parcels()
2018-12-04 14:41:42,179 INFO: NoSuchElementException in TransactionTrackerOperations.get_CM_parcels()
2018-12-04 14:41:46,637 INFO: NoSuchElementException in TransactionTrackerOperations.get_CM_parcels()
2018-12-04 14:41:51,114 INFO: NoSuchElementException in TransactionTrackerOperations.get_CM_parcels()
2018-12-04 14:41:55,590 INFO: NoSuchElementException in TransactionTrackerOperations.get_CM_parcels()
2018-12-04 14:42:00,087 INFO: NoSuchElementException in TransactionTrackerOperations.get_CM_parcels()
2018-12-04 14:42:09,392 INFO: Executing TransactionTrackerOperations.search_process_for_CMPDM() for: Performance Health|SPRINGPOINT DSSI|810
2018-12-04 14:42:09,416 INFO: Executing TransactionTrackerOperations.select_customer()
2018-12-04 14:42:16,211 INFO: Executing TransactionTrackerOperations.select_customer()
2018-12-04 14:42:27,456 INFO: Executing TransactionTrackerOperations.get_CM_parcels()
2018-12-04 14:42:30,174 INFO: NoSuchElementException in TransactionTrackerOperations.get_CM_parcels()
2018-12-04 14:42:34,653 INFO: NoSuchElementException in TransactionTrackerOperations.get_CM_parcels()
2018-12-04 14:42:39,114 INFO: NoSuchElementException in TransactionTrackerOperations.get_CM_parcels()
2018-12-04 14:42:42,935 INFO: NoSuchElementException in TransactionTrackerOperations.get_CM_parcels()
2018-12-04 14:42:48,968 INFO: Executing TransactionTrackerOperations.search_process_for_CMPDM() for: Performance Health|STONERISE MEDICAL DSSI|810
2018-12-04 14:42:49,456 INFO: Executing TransactionTrackerOperations.select_customer()
2018-12-04 14:42:56,262 INFO: Executing TransactionTrackerOperations.select_customer()
2018-12-04 14:43:07,607 INFO: Executing TransactionTrackerOperations.get_CM_parcels()
2018-12-04 14:43:10,504 INFO: NoSuchElementException in TransactionTrackerOperations.get_CM_parcels()
2018-12-04 14:43:15,038 INFO: NoSuchElementException in TransactionTrackerOperations.get_CM_parcels()
2018-12-04 14:43:19,565 INFO: NoSuchElementException in TransactionTrackerOperations.get_CM_parcels()
2018-12-04 14:43:24,042 INFO: NoSuchElementException in TransactionTrackerOperations.get_CM_parcels()
2018-12-04 14:43:28,487 INFO: NoSuchElementException in TransactionTrackerOperations.get_CM_parcels()
2018-12-04 14:43:33,000 INFO: NoSuchElementException in TransactionTrackerOperations.get_CM_parcels()
2018-12-04 14:43:37,549 INFO: NoSuchElementException in TransactionTrackerOperations.get_CM_parcels()
2018-12-04 14:43:42,013 INFO: NoSuchElementException in TransactionTrackerOperations.get_CM_parcels()
2018-12-04 14:43:46,569 INFO: NoSuchElementException in TransactionTrackerOperations.get_CM_parcels()
2018-12-04 14:43:51,237 INFO: NoSuchElementException in TransactionTrackerOperations.get_CM_parcels()
2018-12-04 14:43:55,738 INFO: NoSuchElementException in TransactionTrackerOperations.get_CM_parcels()
2018-12-04 14:44:00,270 INFO: NoSuchElementException in TransactionTrackerOperations.get_CM_parcels()
2018-12-04 14:44:04,843 INFO: NoSuchElementException in TransactionTrackerOperations.get_CM_parcels()
2018-12-04 14:44:09,415 INFO: NoSuchElementException in TransactionTrackerOperations.get_CM_parcels()
2018-12-04 14:44:14,124 INFO: NoSuchElementException in TransactionTrackerOperations.get_CM_parcels()
2018-12-04 14:44:18,748 INFO: NoSuchElementException in TransactionTrackerOperations.get_CM_parcels()
2018-12-04 14:44:23,317 INFO: NoSuchElementException in TransactionTrackerOperations.get_CM_parcels()
2018-12-04 14:44:26,918 INFO: NoSuchElementException in TransactionTrackerOperations.get_CM_parcels()
2018-12-04 14:44:33,847 INFO: Executing TransactionTrackerOperations.search_process_for_CMPDM() for: Performance Health|TAMARAC ADMINISTRACTIVE SERVICES DSSI|810
2018-12-04 14:44:34,479 INFO: Executing TransactionTrackerOperations.select_customer()
2018-12-04 14:44:41,279 INFO: Executing TransactionTrackerOperations.select_customer()
2018-12-04 14:44:53,121 INFO: Executing TransactionTrackerOperations.get_CM_parcels()
2018-12-04 14:44:59,074 INFO: Executing TransactionTrackerOperations.search_process_for_CMPDM() for: Performance Health|TANDEM HEALTHCARE DSSI|810
2018-12-04 14:44:59,182 INFO: Executing TransactionTrackerOperations.select_customer()
2018-12-04 14:45:06,037 INFO: Executing TransactionTrackerOperations.select_customer()
2018-12-04 14:45:17,408 INFO: Executing TransactionTrackerOperations.get_CM_parcels()
2018-12-04 14:45:23,406 INFO: Executing TransactionTrackerOperations.search_process_for_CMPDM() for: Performance Health|TARA CARES LLC DSSI|810
2018-12-04 14:45:23,426 INFO: Executing TransactionTrackerOperations.select_customer()
2018-12-04 14:45:30,324 INFO: Executing TransactionTrackerOperations.select_customer()
2018-12-04 14:45:41,617 INFO: Executing TransactionTrackerOperations.get_CM_parcels()
2018-12-04 14:45:47,985 INFO: Executing TransactionTrackerOperations.search_process_for_CMPDM() for: Performance Health|TEALWOOD TWN DSSI|810
2018-12-04 14:45:48,005 INFO: Executing TransactionTrackerOperations.select_customer()
2018-12-04 14:45:54,811 INFO: Executing TransactionTrackerOperations.select_customer()
2018-12-04 14:46:06,064 INFO: Executing TransactionTrackerOperations.get_CM_parcels()
2018-12-04 14:46:08,760 INFO: NoSuchElementException in TransactionTrackerOperations.get_CM_parcels()
2018-12-04 14:46:13,360 INFO: NoSuchElementException in TransactionTrackerOperations.get_CM_parcels()
2018-12-04 14:46:17,777 INFO: NoSuchElementException in TransactionTrackerOperations.get_CM_parcels()
2018-12-04 14:46:22,322 INFO: NoSuchElementException in TransactionTrackerOperations.get_CM_parcels()
2018-12-04 14:46:26,816 INFO: NoSuchElementException in TransactionTrackerOperations.get_CM_parcels()
2018-12-04 14:46:31,313 INFO: NoSuchElementException in TransactionTrackerOperations.get_CM_parcels()
2018-12-04 14:46:35,798 INFO: NoSuchElementException in TransactionTrackerOperations.get_CM_parcels()
2018-12-04 14:46:40,331 INFO: NoSuchElementException in TransactionTrackerOperations.get_CM_parcels()
2018-12-04 14:46:44,871 INFO: NoSuchElementException in TransactionTrackerOperations.get_CM_parcels()
2018-12-04 14:46:48,803 INFO: NoSuchElementException in TransactionTrackerOperations.get_CM_parcels()
2018-12-04 14:46:55,787 INFO: Executing TransactionTrackerOperations.search_process_for_CMPDM() for: Performance Health|TRANS HEALTH CARE DSSI|810
2018-12-04 14:46:56,371 INFO: Executing TransactionTrackerOperations.select_customer()
2018-12-04 14:47:03,161 INFO: Executing TransactionTrackerOperations.select_customer()
2018-12-04 14:47:14,511 INFO: Executing TransactionTrackerOperations.get_CM_parcels()
2018-12-04 14:47:20,585 INFO: Executing TransactionTrackerOperations.search_process_for_CMPDM() for: Performance Health|UNITED MEDICAL DSSI|810
2018-12-04 14:47:20,601 INFO: Executing TransactionTrackerOperations.select_customer()
2018-12-04 14:47:27,395 INFO: Executing TransactionTrackerOperations.select_customer()
2018-12-04 14:47:38,767 INFO: Executing TransactionTrackerOperations.get_CM_parcels()
2018-12-04 14:47:44,814 INFO: Executing TransactionTrackerOperations.search_process_for_CMPDM() for: Performance Health|WILMAC DSSI|810
2018-12-04 14:47:44,838 INFO: Executing TransactionTrackerOperations.select_customer()
2018-12-04 14:47:51,682 INFO: Executing TransactionTrackerOperations.select_customer()
2018-12-04 14:48:02,638 INFO: Executing TransactionTrackerOperations.get_CM_parcels()
2018-12-04 14:48:05,344 INFO: NoSuchElementException in TransactionTrackerOperations.get_CM_parcels()
2018-12-04 14:48:09,875 INFO: NoSuchElementException in TransactionTrackerOperations.get_CM_parcels()
2018-12-04 14:48:14,288 INFO: NoSuchElementException in TransactionTrackerOperations.get_CM_parcels()
2018-12-04 14:48:17,100 INFO: NoSuchElementException in TransactionTrackerOperations.get_CM_parcels()
2018-12-04 14:48:24,881 INFO: Executing TransactionTrackerOperations.search_process_for_CMPDM() for: Performance Health|Senior Care Centers LLC|810
2018-12-04 14:48:24,921 INFO: Executing TransactionTrackerOperations.select_customer()
2018-12-04 14:48:31,718 INFO: Executing TransactionTrackerOperations.select_customer()
2018-12-04 14:48:42,768 INFO: Executing TransactionTrackerOperations.get_CM_parcels()
2018-12-04 14:48:48,833 INFO: Executing TransactionTrackerOperations.search_process_for_CMPDM() for: Performance Health|AMERICAN SENIOR COMMUNITIES DSSI|810
2018-12-04 14:48:48,897 INFO: Executing TransactionTrackerOperations.select_customer()
2018-12-04 14:48:55,702 INFO: Executing TransactionTrackerOperations.select_customer()
2018-12-04 14:49:07,359 INFO: Executing TransactionTrackerOperations.get_CM_parcels()
2018-12-04 14:49:13,433 INFO: Executing TransactionTrackerOperations.search_process_for_CMPDM() for: Performance Health|BaneCare Management DSSI|810
2018-12-04 14:49:13,457 INFO: Executing TransactionTrackerOperations.select_customer()
2018-12-04 14:49:20,341 INFO: Executing TransactionTrackerOperations.select_customer()
2018-12-04 14:49:31,471 INFO: Executing TransactionTrackerOperations.get_CM_parcels()
2018-12-04 14:49:37,330 INFO: Executing TransactionTrackerOperations.search_process_for_CMPDM() for: Performance Health|DSSI Next Step Healthcare|810
2018-12-04 14:49:37,346 INFO: Executing TransactionTrackerOperations.select_customer()
2018-12-04 14:49:44,152 INFO: Executing TransactionTrackerOperations.select_customer()
2018-12-04 14:49:55,702 INFO: Executing TransactionTrackerOperations.get_CM_parcels()
2018-12-04 14:49:58,482 INFO: NoSuchElementException in TransactionTrackerOperations.get_CM_parcels()
2018-12-04 14:50:03,039 INFO: NoSuchElementException in TransactionTrackerOperations.get_CM_parcels()
2018-12-04 14:50:07,531 INFO: NoSuchElementException in TransactionTrackerOperations.get_CM_parcels()
2018-12-04 14:50:12,030 INFO: NoSuchElementException in TransactionTrackerOperations.get_CM_parcels()
2018-12-04 14:50:16,586 INFO: NoSuchElementException in TransactionTrackerOperations.get_CM_parcels()
2018-12-04 14:50:21,163 INFO: NoSuchElementException in TransactionTrackerOperations.get_CM_parcels()
2018-12-04 14:50:25,634 INFO: NoSuchElementException in TransactionTrackerOperations.get_CM_parcels()
2018-12-04 14:50:30,267 INFO: NoSuchElementException in TransactionTrackerOperations.get_CM_parcels()
2018-12-04 14:50:34,807 INFO: NoSuchElementException in TransactionTrackerOperations.get_CM_parcels()
2018-12-04 14:50:39,347 INFO: NoSuchElementException in TransactionTrackerOperations.get_CM_parcels()
2018-12-04 14:50:43,831 INFO: NoSuchElementException in TransactionTrackerOperations.get_CM_parcels()
2018-12-04 14:50:48,388 INFO: NoSuchElementException in TransactionTrackerOperations.get_CM_parcels()
2018-12-04 14:50:53,077 INFO: NoSuchElementException in TransactionTrackerOperations.get_CM_parcels()
2018-12-04 14:50:57,622 INFO: NoSuchElementException in TransactionTrackerOperations.get_CM_parcels()
2018-12-04 14:51:02,209 INFO: NoSuchElementException in TransactionTrackerOperations.get_CM_parcels()
2018-12-04 14:51:06,826 INFO: NoSuchElementException in TransactionTrackerOperations.get_CM_parcels()
2018-12-04 14:51:11,411 INFO: NoSuchElementException in TransactionTrackerOperations.get_CM_parcels()
2018-12-04 14:51:14,061 INFO: NoSuchElementException in TransactionTrackerOperations.get_CM_parcels()
2018-12-04 14:51:21,418 INFO: Executing TransactionTrackerOperations.search_process_for_CMPDM() for: Performance Health|Regency Pacific DSSI|810
2018-12-04 14:51:21,438 INFO: Executing TransactionTrackerOperations.select_customer()
2018-12-04 14:51:28,278 INFO: Executing TransactionTrackerOperations.select_customer()
2018-12-04 14:51:39,329 INFO: Executing TransactionTrackerOperations.get_CM_parcels()
2018-12-04 14:51:45,510 INFO: Executing TransactionTrackerOperations.search_process_for_CMPDM() for: Performance Health|ADVANTAGE HPSI DSSI|810
2018-12-04 14:51:45,530 INFO: Executing TransactionTrackerOperations.select_customer()
2018-12-04 14:53:27,919 ERROR: Error in CMProductionDataMonitoring.TaskFilter()
2018-12-04 14:53:33,752 INFO: Executing TransactionTrackerOperations.search_process_for_CMPDM() for: Performance Health|ADVANTAGE NAVIGATOR DSSI|810
2018-12-04 14:53:34,076 INFO: Executing TransactionTrackerOperations.select_customer()
2018-12-04 14:53:40,855 INFO: Executing TransactionTrackerOperations.select_customer()
2018-12-04 14:53:52,338 INFO: Executing TransactionTrackerOperations.get_CM_parcels()
2018-12-04 14:53:58,444 INFO: Executing TransactionTrackerOperations.search_process_for_CMPDM() for: Performance Health|American Health Companies|810
2018-12-04 14:53:58,460 INFO: Executing TransactionTrackerOperations.select_customer()
2018-12-04 14:54:05,347 INFO: Executing TransactionTrackerOperations.select_customer()
2018-12-04 14:54:16,319 INFO: Executing TransactionTrackerOperations.get_CM_parcels()
2018-12-04 14:54:22,396 INFO: Executing TransactionTrackerOperations.search_process_for_CMPDM() for: Performance Health|APEX|810
2018-12-04 14:54:22,420 INFO: Executing TransactionTrackerOperations.select_customer()
2018-12-04 14:54:29,293 INFO: Executing TransactionTrackerOperations.select_customer()
2018-12-04 14:54:40,211 INFO: Executing TransactionTrackerOperations.get_CM_parcels()
2018-12-04 14:54:46,325 INFO: Executing TransactionTrackerOperations.search_process_for_CMPDM() for: Performance Health|APEX HEALTHCARE FLORIDA DSSI|810
2018-12-04 14:54:46,345 INFO: Executing TransactionTrackerOperations.select_customer()
2018-12-04 14:54:53,162 INFO: Executing TransactionTrackerOperations.select_customer()
2018-12-04 14:55:04,674 INFO: Executing TransactionTrackerOperations.get_CM_parcels()
2018-12-04 14:55:07,422 INFO: NoSuchElementException in TransactionTrackerOperations.get_CM_parcels()
2018-12-04 14:55:11,936 INFO: NoSuchElementException in TransactionTrackerOperations.get_CM_parcels()
2018-12-04 14:55:16,388 INFO: NoSuchElementException in TransactionTrackerOperations.get_CM_parcels()
2018-12-04 14:55:20,876 INFO: NoSuchElementException in TransactionTrackerOperations.get_CM_parcels()
2018-12-04 14:55:25,308 INFO: NoSuchElementException in TransactionTrackerOperations.get_CM_parcels()
2018-12-04 14:55:29,768 INFO: NoSuchElementException in TransactionTrackerOperations.get_CM_parcels()
2018-12-04 14:55:34,282 INFO: NoSuchElementException in TransactionTrackerOperations.get_CM_parcels()
2018-12-04 14:55:38,806 INFO: NoSuchElementException in TransactionTrackerOperations.get_CM_parcels()
2018-12-04 14:55:43,306 INFO: NoSuchElementException in TransactionTrackerOperations.get_CM_parcels()
2018-12-04 14:55:48,232 INFO: NoSuchElementException in TransactionTrackerOperations.get_CM_parcels()
2018-12-04 14:55:52,769 INFO: NoSuchElementException in TransactionTrackerOperations.get_CM_parcels()
2018-12-04 14:55:57,291 INFO: NoSuchElementException in TransactionTrackerOperations.get_CM_parcels()
2018-12-04 14:56:00,182 INFO: NoSuchElementException in TransactionTrackerOperations.get_CM_parcels()
2018-12-04 14:56:08,011 INFO: Executing TransactionTrackerOperations.search_process_for_CMPDM() for: Performance Health|ATRIUM LIVING CENTERS DSSI|810
2018-12-04 14:56:08,027 INFO: Executing TransactionTrackerOperations.select_customer()
2018-12-04 14:56:14,826 INFO: Executing TransactionTrackerOperations.select_customer()
2018-12-04 14:56:26,354 INFO: Executing TransactionTrackerOperations.get_CM_parcels()
2018-12-04 14:56:29,058 INFO: NoSuchElementException in TransactionTrackerOperations.get_CM_parcels()
2018-12-04 14:56:33,555 INFO: NoSuchElementException in TransactionTrackerOperations.get_CM_parcels()
2018-12-04 14:56:38,368 INFO: NoSuchElementException in TransactionTrackerOperations.get_CM_parcels()
2018-12-04 14:56:42,840 INFO: NoSuchElementException in TransactionTrackerOperations.get_CM_parcels()
2018-12-04 14:56:48,489 INFO: NoSuchElementException in TransactionTrackerOperations.get_CM_parcels()
2018-12-04 14:56:53,077 INFO: NoSuchElementException in TransactionTrackerOperations.get_CM_parcels()
2018-12-04 14:56:57,658 INFO: NoSuchElementException in TransactionTrackerOperations.get_CM_parcels()
2018-12-04 14:57:02,258 INFO: NoSuchElementException in TransactionTrackerOperations.get_CM_parcels()
2018-12-04 14:57:06,800 INFO: NoSuchElementException in TransactionTrackerOperations.get_CM_parcels()
2018-12-04 14:57:11,319 INFO: NoSuchElementException in TransactionTrackerOperations.get_CM_parcels()
2018-12-04 14:57:15,868 INFO: NoSuchElementException in TransactionTrackerOperations.get_CM_parcels()
2018-12-04 14:57:18,265 INFO: NoSuchElementException in TransactionTrackerOperations.get_CM_parcels()
2018-12-04 14:57:25,497 INFO: Executing TransactionTrackerOperations.search_process_for_CMPDM() for: Performance Health|AXIOM DSSI|810
2018-12-04 14:57:25,832 INFO: Executing TransactionTrackerOperations.select_customer()
2018-12-04 14:57:32,641 INFO: Executing TransactionTrackerOperations.select_customer()
2018-12-04 14:57:43,712 INFO: Executing TransactionTrackerOperations.get_CM_parcels()
2018-12-04 14:57:46,460 INFO: NoSuchElementException in TransactionTrackerOperations.get_CM_parcels()
2018-12-04 14:57:46,564 ERROR: Error in CMProductionDataMonitoring.TaskFilter()
2018-12-04 14:57:56,761 INFO: Executing TransactionTrackerOperations.search_process_for_CMPDM() for: Performance Health|BE GROUP DSSI|810
2018-12-04 14:57:56,784 INFO: Executing TransactionTrackerOperations.select_customer()
2018-12-04 14:58:03,614 INFO: Executing TransactionTrackerOperations.select_customer()
2018-12-04 14:58:14,640 INFO: Executing TransactionTrackerOperations.get_CM_parcels()
2018-12-04 14:58:20,039 INFO: Executing TransactionTrackerOperations.search_process_for_CMPDM() for: Performance Health|BEACON HEALTH DSSI|810
2018-12-04 14:58:20,375 INFO: Executing TransactionTrackerOperations.select_customer()
2018-12-04 14:58:27,584 INFO: Executing TransactionTrackerOperations.select_customer()
2018-12-04 14:58:38,893 INFO: Executing TransactionTrackerOperations.get_CM_parcels()
2018-12-04 14:58:41,633 INFO: NoSuchElementException in TransactionTrackerOperations.get_CM_parcels()
2018-12-04 14:58:46,138 INFO: NoSuchElementException in TransactionTrackerOperations.get_CM_parcels()
2018-12-04 14:58:50,526 INFO: NoSuchElementException in TransactionTrackerOperations.get_CM_parcels()
2018-12-04 14:58:55,056 INFO: NoSuchElementException in TransactionTrackerOperations.get_CM_parcels()
2018-12-04 14:58:59,564 INFO: NoSuchElementException in TransactionTrackerOperations.get_CM_parcels()
2018-12-04 14:59:02,427 INFO: NoSuchElementException in TransactionTrackerOperations.get_CM_parcels()
2018-12-04 14:59:09,109 INFO: Executing TransactionTrackerOperations.search_process_for_CMPDM() for: Performance Health|BENEDICTINE DSSI|810
2018-12-04 14:59:09,161 INFO: Executing TransactionTrackerOperations.select_customer()
2018-12-04 14:59:15,967 INFO: Executing TransactionTrackerOperations.select_customer()
2018-12-04 14:59:27,137 INFO: Executing TransactionTrackerOperations.get_CM_parcels()
2018-12-04 14:59:33,167 INFO: Executing TransactionTrackerOperations.search_process_for_CMPDM() for: Performance Health|Bethlen Communities Home Health and Hospice|810
2018-12-04 14:59:33,203 INFO: Executing TransactionTrackerOperations.select_customer()
2018-12-04 14:59:40,018 INFO: Executing TransactionTrackerOperations.select_customer()
2018-12-04 14:59:51,651 INFO: Executing TransactionTrackerOperations.get_CM_parcels()
2018-12-04 14:59:54,355 INFO: NoSuchElementException in TransactionTrackerOperations.get_CM_parcels()
2018-12-04 14:59:56,818 INFO: NoSuchElementException in TransactionTrackerOperations.get_CM_parcels()
2018-12-04 15:00:03,515 INFO: Executing TransactionTrackerOperations.search_process_for_CMPDM() for: Performance Health|BOMBAY LANE DSSI|810
2018-12-04 15:00:03,535 INFO: Executing TransactionTrackerOperations.select_customer()
2018-12-04 15:00:10,384 INFO: Executing TransactionTrackerOperations.select_customer()
2018-12-04 15:00:21,656 INFO: Executing TransactionTrackerOperations.get_CM_parcels()
2018-12-04 15:00:24,613 INFO: NoSuchElementException in TransactionTrackerOperations.get_CM_parcels()
2018-12-04 15:00:29,166 INFO: NoSuchElementException in TransactionTrackerOperations.get_CM_parcels()
2018-12-04 15:00:33,606 INFO: NoSuchElementException in TransactionTrackerOperations.get_CM_parcels()
2018-12-04 15:00:38,158 INFO: NoSuchElementException in TransactionTrackerOperations.get_CM_parcels()
2018-12-04 15:00:41,835 INFO: NoSuchElementException in TransactionTrackerOperations.get_CM_parcels()
2018-12-04 15:00:48,656 INFO: Executing TransactionTrackerOperations.search_process_for_CMPDM() for: Performance Health|CARDON AND ASSOCIATES DSSI|810
2018-12-04 15:00:48,676 INFO: Executing TransactionTrackerOperations.select_customer()
2018-12-04 15:00:55,480 INFO: Executing TransactionTrackerOperations.select_customer()
2018-12-04 15:01:07,046 INFO: Executing TransactionTrackerOperations.get_CM_parcels()
2018-12-04 15:01:09,776 INFO: NoSuchElementException in TransactionTrackerOperations.get_CM_parcels()
2018-12-04 15:01:14,289 INFO: NoSuchElementException in TransactionTrackerOperations.get_CM_parcels()
2018-12-04 15:01:18,753 INFO: NoSuchElementException in TransactionTrackerOperations.get_CM_parcels()
2018-12-04 15:01:23,290 INFO: NoSuchElementException in TransactionTrackerOperations.get_CM_parcels()
2018-12-04 15:01:27,727 INFO: NoSuchElementException in TransactionTrackerOperations.get_CM_parcels()
2018-12-04 15:01:32,282 INFO: NoSuchElementException in TransactionTrackerOperations.get_CM_parcels()
2018-12-04 15:01:36,785 INFO: NoSuchElementException in TransactionTrackerOperations.get_CM_parcels()
2018-12-04 15:01:41,421 INFO: NoSuchElementException in TransactionTrackerOperations.get_CM_parcels()
2018-12-04 15:01:46,173 INFO: NoSuchElementException in TransactionTrackerOperations.get_CM_parcels()
2018-12-04 15:01:50,850 INFO: NoSuchElementException in TransactionTrackerOperations.get_CM_parcels()
2018-12-04 15:01:55,403 INFO: NoSuchElementException in TransactionTrackerOperations.get_CM_parcels()
2018-12-04 15:01:59,951 INFO: NoSuchElementException in TransactionTrackerOperations.get_CM_parcels()
2018-12-04 15:02:03,880 INFO: NoSuchElementException in TransactionTrackerOperations.get_CM_parcels()
2018-12-04 15:02:10,792 INFO: Executing TransactionTrackerOperations.search_process_for_CMPDM() for: Performance Health|CERES PURCHASING SOLUTIONS DSSI|810
2018-12-04 15:02:11,308 INFO: Executing TransactionTrackerOperations.select_customer()
2018-12-04 15:02:18,107 INFO: Executing TransactionTrackerOperations.select_customer()
2018-12-04 15:02:29,692 INFO: Executing TransactionTrackerOperations.get_CM_parcels()
2018-12-04 15:02:35,251 INFO: Executing TransactionTrackerOperations.search_process_for_CMPDM() for: Performance Health|Chosen Healthcare DSSI|810
2018-12-04 15:02:35,671 INFO: Executing TransactionTrackerOperations.select_customer()
2018-12-04 15:02:42,453 INFO: Executing TransactionTrackerOperations.select_customer()
2018-12-04 15:02:53,484 INFO: Executing TransactionTrackerOperations.get_CM_parcels()
2018-12-04 15:02:59,584 INFO: Executing TransactionTrackerOperations.search_process_for_CMPDM() for: Performance Health|CLEAR CHOICE DSSI|810
2018-12-04 15:02:59,604 INFO: Executing TransactionTrackerOperations.select_customer()
2018-12-04 15:03:06,433 INFO: Executing TransactionTrackerOperations.select_customer()
2018-12-04 15:03:17,709 INFO: Executing TransactionTrackerOperations.get_CM_parcels()
2018-12-04 15:03:20,385 INFO: NoSuchElementException in TransactionTrackerOperations.get_CM_parcels()
2018-12-04 15:03:24,886 INFO: NoSuchElementException in TransactionTrackerOperations.get_CM_parcels()
2018-12-04 15:03:29,347 INFO: NoSuchElementException in TransactionTrackerOperations.get_CM_parcels()
2018-12-04 15:03:33,576 INFO: NoSuchElementException in TransactionTrackerOperations.get_CM_parcels()
2018-12-04 15:03:37,761 INFO: NoSuchElementException in TransactionTrackerOperations.get_CM_parcels()
2018-12-04 15:03:42,037 INFO: NoSuchElementException in TransactionTrackerOperations.get_CM_parcels()
2018-12-04 15:03:46,534 INFO: NoSuchElementException in TransactionTrackerOperations.get_CM_parcels()
2018-12-04 15:03:49,538 ERROR: Error in CMProductionDataMonitoring.TaskFilter()
2018-12-04 15:03:53,963 INFO: Executing TransactionTrackerOperations.search_process_for_CMPDM() for: Performance Health|COMMUNICARE DSSI|810
2018-12-04 15:03:54,507 INFO: Executing TransactionTrackerOperations.select_customer()
2018-12-04 15:04:01,319 INFO: Executing TransactionTrackerOperations.select_customer()
2018-12-04 15:04:12,597 INFO: Executing TransactionTrackerOperations.get_CM_parcels()
2018-12-04 15:04:19,067 INFO: Executing TransactionTrackerOperations.search_process_for_CMPDM() for: Performance Health|COMPLETE HEALTHCARE DSSI|810
2018-12-04 15:04:19,087 INFO: Executing TransactionTrackerOperations.select_customer()
2018-12-04 15:04:26,036 INFO: Executing TransactionTrackerOperations.select_customer()
2018-12-04 15:04:37,942 INFO: Executing TransactionTrackerOperations.get_CM_parcels()
2018-12-04 15:04:40,694 INFO: NoSuchElementException in TransactionTrackerOperations.get_CM_parcels()
2018-12-04 15:04:45,400 INFO: NoSuchElementException in TransactionTrackerOperations.get_CM_parcels()
2018-12-04 15:04:50,254 INFO: NoSuchElementException in TransactionTrackerOperations.get_CM_parcels()
2018-12-04 15:04:55,896 INFO: NoSuchElementException in TransactionTrackerOperations.get_CM_parcels()
2018-12-04 15:05:01,742 INFO: NoSuchElementException in TransactionTrackerOperations.get_CM_parcels()
2018-12-04 15:05:06,663 INFO: NoSuchElementException in TransactionTrackerOperations.get_CM_parcels()
2018-12-04 15:05:11,348 INFO: NoSuchElementException in TransactionTrackerOperations.get_CM_parcels()
2018-12-04 15:05:16,703 INFO: NoSuchElementException in TransactionTrackerOperations.get_CM_parcels()
2018-12-04 15:05:21,683 INFO: NoSuchElementException in TransactionTrackerOperations.get_CM_parcels()
2018-12-04 15:05:26,796 INFO: NoSuchElementException in TransactionTrackerOperations.get_CM_parcels()
2018-12-04 15:05:31,899 INFO: NoSuchElementException in TransactionTrackerOperations.get_CM_parcels()
2018-12-04 15:05:37,051 INFO: NoSuchElementException in TransactionTrackerOperations.get_CM_parcels()
2018-12-04 15:05:39,937 INFO: NoSuchElementException in TransactionTrackerOperations.get_CM_parcels()
2018-12-04 15:05:46,831 INFO: Executing TransactionTrackerOperations.search_process_for_CMPDM() for: Performance Health|COVENANT DOVE DSSI|810
2018-12-04 15:05:47,483 INFO: Executing TransactionTrackerOperations.select_customer()
2018-12-04 15:05:54,320 INFO: Executing TransactionTrackerOperations.select_customer()
2018-12-04 15:06:05,623 INFO: Executing TransactionTrackerOperations.get_CM_parcels()
2018-12-04 15:06:08,355 INFO: NoSuchElementException in TransactionTrackerOperations.get_CM_parcels()
2018-12-04 15:06:12,862 INFO: NoSuchElementException in TransactionTrackerOperations.get_CM_parcels()
2018-12-04 15:06:17,326 INFO: NoSuchElementException in TransactionTrackerOperations.get_CM_parcels()
2018-12-04 15:06:21,818 INFO: NoSuchElementException in TransactionTrackerOperations.get_CM_parcels()
2018-12-04 15:06:26,249 INFO: NoSuchElementException in TransactionTrackerOperations.get_CM_parcels()
2018-12-04 15:06:31,410 INFO: NoSuchElementException in TransactionTrackerOperations.get_CM_parcels()
2018-12-04 15:06:35,929 INFO: NoSuchElementException in TransactionTrackerOperations.get_CM_parcels()
2018-12-04 15:06:40,426 INFO: NoSuchElementException in TransactionTrackerOperations.get_CM_parcels()
2018-12-04 15:06:44,899 INFO: NoSuchElementException in TransactionTrackerOperations.get_CM_parcels()
2018-12-04 15:06:49,384 INFO: NoSuchElementException in TransactionTrackerOperations.get_CM_parcels()
2018-12-04 15:06:53,888 INFO: NoSuchElementException in TransactionTrackerOperations.get_CM_parcels()
2018-12-04 15:06:58,398 INFO: NoSuchElementException in TransactionTrackerOperations.get_CM_parcels()
2018-12-04 15:07:03,052 INFO: NoSuchElementException in TransactionTrackerOperations.get_CM_parcels()
2018-12-04 15:07:07,524 INFO: NoSuchElementException in TransactionTrackerOperations.get_CM_parcels()
2018-12-04 15:07:12,006 INFO: NoSuchElementException in TransactionTrackerOperations.get_CM_parcels()
2018-12-04 15:07:16,539 INFO: NoSuchElementException in TransactionTrackerOperations.get_CM_parcels()
2018-12-04 15:07:21,113 INFO: NoSuchElementException in TransactionTrackerOperations.get_CM_parcels()
2018-12-04 15:07:24,436 INFO: NoSuchElementException in TransactionTrackerOperations.get_CM_parcels()
2018-12-04 15:07:28,992 ERROR: Error in CMProductionDataMonitoring.TaskFilter()
