2018-11-30 16:13:56,399 INFO: Executing Script Credit Memo Prodution Data Monitoring
2018-11-30 16:13:56,535 INFO: Executing CMProductionDataMonitoring.execute_main()
2018-11-30 16:14:04,409 INFO: Login in to Launchpad
2018-11-30 16:33:38,953 INFO: Executing Script Credit Memo Prodution Data Monitoring
2018-11-30 16:33:39,042 INFO: Executing CMProductionDataMonitoring.execute_main()
2018-11-30 16:33:42,446 INFO: Login in to Launchpad
2018-11-30 16:33:55,712 INFO: Executing CMProductionDataMonitoring.TaskFilter()
2018-11-30 16:33:56,008 INFO: Refreshing access_token
2018-11-30 16:34:00,097 INFO: select InProgress task from input sheet from CMProductionDataMonitoring.TaskFilter()
2018-11-30 16:34:00,097 INFO: Executing TransactionTrackerOperations.search_process_for_CMPDM() for: Performance Health|McKesson BASCOM PALMER EYE INST|810
2018-11-30 16:34:00,117 INFO: Executing TransactionTrackerOperations.select_customer()
2018-11-30 16:34:06,938 INFO: Executing TransactionTrackerOperations.select_customer()
2018-11-30 16:34:18,386 INFO: Executing TransactionTrackerOperations.get_CM_parcels()
2018-11-30 16:34:25,574 INFO: Executing TransactionTrackerOperations.search_process_for_CMPDM() for: Performance Health|McKesson CABELL HUNTINGTON HOSPITAL|810
2018-11-30 16:34:25,718 INFO: Executing TransactionTrackerOperations.select_customer()
2018-11-30 16:34:32,522 INFO: Executing TransactionTrackerOperations.select_customer()
2018-11-30 16:34:44,635 INFO: Executing TransactionTrackerOperations.get_CM_parcels()
2018-11-30 16:34:47,343 ERROR: Error in CMProductionDataMonitoring.TaskFilter()
2018-11-30 16:34:52,016 INFO: Executing TransactionTrackerOperations.search_process_for_CMPDM() for: Performance Health|McKesson CHILDRENS HOSPITAL|810
2018-11-30 16:34:52,432 INFO: Executing TransactionTrackerOperations.select_customer()
2018-11-30 16:34:59,215 INFO: Executing TransactionTrackerOperations.select_customer()
2018-11-30 16:35:10,360 INFO: Executing TransactionTrackerOperations.get_CM_parcels()
2018-11-30 16:35:13,020 ERROR: Error in CMProductionDataMonitoring.TaskFilter()
2018-11-30 16:35:17,684 INFO: Executing TransactionTrackerOperations.search_process_for_CMPDM() for: Performance Health|McKesson CHRISTIANA CARE HEALTH|810
2018-11-30 16:35:18,048 INFO: Executing TransactionTrackerOperations.select_customer()
2018-11-30 16:35:24,834 INFO: Executing TransactionTrackerOperations.select_customer()
2018-11-30 16:35:36,420 INFO: Executing TransactionTrackerOperations.get_CM_parcels()
2018-11-30 16:35:39,063 ERROR: Error in CMProductionDataMonitoring.TaskFilter()
2018-11-30 16:35:43,764 INFO: Executing TransactionTrackerOperations.search_process_for_CMPDM() for: Performance Health|McKesson EMH REGIONAL HEALTHCARE SYSTEMS|810
2018-11-30 16:35:44,144 INFO: Executing TransactionTrackerOperations.select_customer()
2018-11-30 16:35:50,933 INFO: Executing TransactionTrackerOperations.select_customer()
2018-11-30 16:36:02,397 INFO: Executing TransactionTrackerOperations.get_CM_parcels()
2018-11-30 16:36:08,364 INFO: Executing TransactionTrackerOperations.search_process_for_CMPDM() for: Performance Health|McKesson EMORY HEALTHCARE|810
2018-11-30 16:36:09,303 INFO: Executing TransactionTrackerOperations.select_customer()
2018-11-30 16:36:16,101 INFO: Executing TransactionTrackerOperations.select_customer()
2018-11-30 16:36:27,171 INFO: Executing TransactionTrackerOperations.get_CM_parcels()
2018-11-30 16:36:30,051 ERROR: Error in CMProductionDataMonitoring.TaskFilter()
2018-11-30 16:36:34,740 INFO: Executing TransactionTrackerOperations.search_process_for_CMPDM() for: Performance Health|McKesson FIRELANDS REGIONAL MEDICAL CENTER|810
2018-11-30 16:36:35,088 INFO: Executing TransactionTrackerOperations.select_customer()
2018-11-30 16:36:41,867 INFO: Executing TransactionTrackerOperations.select_customer()
2018-11-30 16:36:53,260 INFO: Executing TransactionTrackerOperations.get_CM_parcels()
2018-11-30 16:37:00,652 INFO: Executing TransactionTrackerOperations.search_process_for_CMPDM() for: Performance Health|McKesson FIRSTHEALTH CAROLINAS|810
2018-11-30 16:37:00,676 INFO: Executing TransactionTrackerOperations.select_customer()
2018-11-30 16:37:07,472 INFO: Executing TransactionTrackerOperations.select_customer()
2018-11-30 16:37:18,712 INFO: Executing TransactionTrackerOperations.get_CM_parcels()
2018-11-30 16:37:26,038 INFO: Executing TransactionTrackerOperations.search_process_for_CMPDM() for: Performance Health|McKesson FRANCISCAN ALLIANCE INC|810
2018-11-30 16:37:26,074 INFO: Executing TransactionTrackerOperations.select_customer()
2018-11-30 16:37:32,846 INFO: Executing TransactionTrackerOperations.select_customer()
2018-11-30 16:37:44,094 INFO: Executing TransactionTrackerOperations.get_CM_parcels()
2018-11-30 16:37:46,808 ERROR: Error in CMProductionDataMonitoring.TaskFilter()
2018-11-30 16:37:52,470 INFO: Executing TransactionTrackerOperations.search_process_for_CMPDM() for: Performance Health|McKesson GOOD SHEPHERD REHAB NETWORK|810
2018-11-30 16:37:52,490 INFO: Executing TransactionTrackerOperations.select_customer()
2018-11-30 16:37:59,269 INFO: Executing TransactionTrackerOperations.select_customer()
2018-11-30 16:38:10,979 INFO: Executing TransactionTrackerOperations.get_CM_parcels()
2018-11-30 16:38:13,639 ERROR: Error in CMProductionDataMonitoring.TaskFilter()
2018-11-30 16:38:18,313 INFO: Executing TransactionTrackerOperations.search_process_for_CMPDM() for: Performance Health|McKesson HALIFAX REGIONAL HOSPITAL|810
2018-11-30 16:38:18,625 INFO: Executing TransactionTrackerOperations.select_customer()
2018-11-30 16:38:25,400 INFO: Executing TransactionTrackerOperations.select_customer()
2018-11-30 16:38:36,753 INFO: Executing TransactionTrackerOperations.get_CM_parcels()
2018-11-30 16:38:44,035 INFO: Executing TransactionTrackerOperations.search_process_for_CMPDM() for: Performance Health|McKesson HATTISBURG CLINIC|810
2018-11-30 16:38:44,063 INFO: Executing TransactionTrackerOperations.select_customer()
2018-11-30 16:38:50,847 INFO: Executing TransactionTrackerOperations.select_customer()
2018-11-30 16:39:02,090 INFO: Executing TransactionTrackerOperations.get_CM_parcels()
2018-11-30 16:39:09,531 INFO: Executing TransactionTrackerOperations.search_process_for_CMPDM() for: Performance Health|McKesson IL BONE AND JOINT|810
2018-11-30 16:39:09,551 INFO: Executing TransactionTrackerOperations.select_customer()
2018-11-30 16:39:16,324 INFO: Executing TransactionTrackerOperations.select_customer()
2018-11-30 16:39:27,545 INFO: Executing TransactionTrackerOperations.get_CM_parcels()
2018-11-30 16:39:34,550 INFO: Executing TransactionTrackerOperations.search_process_for_CMPDM() for: Performance Health|McKesson LAKE CHARLES MEMORIAL HOSPITAL|810
2018-11-30 16:39:34,566 INFO: Executing TransactionTrackerOperations.select_customer()
2018-11-30 16:39:41,339 INFO: Executing TransactionTrackerOperations.select_customer()
2018-11-30 16:39:53,513 INFO: Executing TransactionTrackerOperations.get_CM_parcels()
2018-11-30 16:40:00,703 INFO: Executing TransactionTrackerOperations.search_process_for_CMPDM() for: Performance Health|McKesson LAWRENCE MEMORIAL HOSPITAL|810
2018-11-30 16:40:00,779 INFO: Executing TransactionTrackerOperations.select_customer()
2018-11-30 16:40:07,581 INFO: Executing TransactionTrackerOperations.select_customer()
2018-11-30 16:40:19,283 INFO: Executing TransactionTrackerOperations.get_CM_parcels()
2018-11-30 16:40:21,976 ERROR: Error in CMProductionDataMonitoring.TaskFilter()
2018-11-30 16:40:26,632 INFO: Executing TransactionTrackerOperations.search_process_for_CMPDM() for: Performance Health|McKesson LEESBURG REGIONAL|810
2018-11-30 16:40:26,888 INFO: Executing TransactionTrackerOperations.select_customer()
2018-11-30 16:40:33,665 INFO: Executing TransactionTrackerOperations.select_customer()
2018-11-30 16:40:45,183 INFO: Executing TransactionTrackerOperations.get_CM_parcels()
2018-11-30 16:40:45,975 ERROR: Error in CMProductionDataMonitoring.TaskFilter()
2018-11-30 16:40:51,652 INFO: Executing TransactionTrackerOperations.search_process_for_CMPDM() for: Performance Health|McKesson LOMA LINDA UNIVERSITY MEDICAL CENTER|810
2018-11-30 16:40:51,668 INFO: Executing TransactionTrackerOperations.select_customer()
2018-11-30 16:40:58,461 INFO: Executing TransactionTrackerOperations.select_customer()
2018-11-30 16:41:10,015 INFO: Executing TransactionTrackerOperations.get_CM_parcels()
2018-11-30 16:41:10,291 ERROR: Error in CMProductionDataMonitoring.TaskFilter()
2018-11-30 16:41:14,960 INFO: Executing TransactionTrackerOperations.search_process_for_CMPDM() for: Performance Health|McKesson MCG HEALTH INC|810
2018-11-30 16:41:15,096 INFO: Executing TransactionTrackerOperations.select_customer()
2018-11-30 16:41:21,872 INFO: Executing TransactionTrackerOperations.select_customer()
2018-11-30 16:41:33,231 INFO: Executing TransactionTrackerOperations.get_CM_parcels()
2018-11-30 16:41:35,913 ERROR: Error in CMProductionDataMonitoring.TaskFilter()
2018-11-30 16:41:41,587 INFO: Executing TransactionTrackerOperations.search_process_for_CMPDM() for: Performance Health|McKesson NCH HEALTHCARE|810
2018-11-30 16:41:41,603 INFO: Executing TransactionTrackerOperations.select_customer()
2018-11-30 16:41:48,379 INFO: Executing TransactionTrackerOperations.select_customer()
2018-11-30 16:41:59,445 INFO: Executing TransactionTrackerOperations.get_CM_parcels()
2018-11-30 16:42:02,097 ERROR: Error in CMProductionDataMonitoring.TaskFilter()
2018-11-30 16:42:06,755 INFO: Executing TransactionTrackerOperations.search_process_for_CMPDM() for: Performance Health|McKesson SACRED HEART HOSPITAL|810
2018-11-30 16:42:06,995 INFO: Executing TransactionTrackerOperations.select_customer()
2018-11-30 16:42:13,759 INFO: Executing TransactionTrackerOperations.select_customer()
2018-11-30 16:42:25,272 INFO: Executing TransactionTrackerOperations.get_CM_parcels()
2018-11-30 16:42:31,089 INFO: Executing TransactionTrackerOperations.search_process_for_CMPDM() for: Performance Health|McKesson SAINT FRANCES MEDICAL CENTER|810
2018-11-30 16:42:31,993 INFO: Executing TransactionTrackerOperations.select_customer()
2018-11-30 16:42:38,784 INFO: Executing TransactionTrackerOperations.select_customer()
2018-11-30 16:42:50,099 INFO: Executing TransactionTrackerOperations.get_CM_parcels()
2018-11-30 16:42:52,776 ERROR: Error in CMProductionDataMonitoring.TaskFilter()
2018-11-30 16:42:57,424 INFO: Executing TransactionTrackerOperations.search_process_for_CMPDM() for: Performance Health|McKesson SOUTHERN NEW HAMPSHIRE MEDICAL CENTER|810
2018-11-30 16:42:57,652 INFO: Executing TransactionTrackerOperations.select_customer()
2018-11-30 16:43:04,439 INFO: Executing TransactionTrackerOperations.select_customer()
2018-11-30 16:43:16,399 INFO: Executing TransactionTrackerOperations.get_CM_parcels()
2018-11-30 16:43:19,002 ERROR: Error in CMProductionDataMonitoring.TaskFilter()
2018-11-30 16:43:23,658 INFO: Executing TransactionTrackerOperations.search_process_for_CMPDM() for: Performance Health|McKesson TIFT REGIONAL MEDICAL CENTER|810
2018-11-30 16:43:24,002 INFO: Executing TransactionTrackerOperations.select_customer()
2018-11-30 16:43:30,772 INFO: Executing TransactionTrackerOperations.select_customer()
2018-11-30 16:43:42,128 INFO: Executing TransactionTrackerOperations.get_CM_parcels()
2018-11-30 16:43:49,491 INFO: Executing TransactionTrackerOperations.search_process_for_CMPDM() for: Performance Health|McKesson TRINITY MOTHER FRANCES HOSPITAL|810
2018-11-30 16:43:49,507 INFO: Executing TransactionTrackerOperations.select_customer()
2018-11-30 16:43:56,277 INFO: Executing TransactionTrackerOperations.select_customer()
2018-11-30 16:44:08,180 INFO: Executing TransactionTrackerOperations.get_CM_parcels()
2018-11-30 16:44:10,843 ERROR: Error in CMProductionDataMonitoring.TaskFilter()
2018-11-30 16:44:16,576 INFO: Executing TransactionTrackerOperations.search_process_for_CMPDM() for: Performance Health|McKesson Truman Medical Center|810
2018-11-30 16:44:16,596 INFO: Executing TransactionTrackerOperations.select_customer()
2018-11-30 16:44:23,464 INFO: Executing TransactionTrackerOperations.select_customer()
2018-11-30 16:44:34,893 INFO: Executing TransactionTrackerOperations.get_CM_parcels()
2018-11-30 16:44:37,565 ERROR: Error in CMProductionDataMonitoring.TaskFilter()
2018-11-30 16:44:42,239 INFO: Executing TransactionTrackerOperations.search_process_for_CMPDM() for: Performance Health|McKesson UNITED HOSPITAL SYSTEM INC|810
2018-11-30 16:44:42,287 INFO: Executing TransactionTrackerOperations.select_customer()
2018-11-30 16:44:49,075 INFO: Executing TransactionTrackerOperations.select_customer()
2018-11-30 16:45:00,370 INFO: Executing TransactionTrackerOperations.get_CM_parcels()
2018-11-30 16:45:03,010 ERROR: Error in CMProductionDataMonitoring.TaskFilter()
2018-11-30 16:45:08,682 INFO: Executing TransactionTrackerOperations.search_process_for_CMPDM() for: Performance Health|McKesson VAIL VALLEY MEDICAL CENTER|810
2018-11-30 16:45:08,698 INFO: Executing TransactionTrackerOperations.select_customer()
2018-11-30 16:45:15,477 INFO: Executing TransactionTrackerOperations.select_customer()
2018-11-30 16:45:27,110 INFO: Executing TransactionTrackerOperations.get_CM_parcels()
2018-11-30 16:45:29,794 ERROR: Error in CMProductionDataMonitoring.TaskFilter()
2018-11-30 16:45:34,458 INFO: Executing TransactionTrackerOperations.search_process_for_CMPDM() for: Performance Health|McKesson WHEATON FRANCISCAN HEALTHCARE|810
2018-11-30 16:45:34,594 INFO: Executing TransactionTrackerOperations.select_customer()
2018-11-30 16:45:41,383 INFO: Executing TransactionTrackerOperations.select_customer()
2018-11-30 16:45:53,120 INFO: Executing TransactionTrackerOperations.get_CM_parcels()
2018-11-30 16:46:00,524 INFO: Executing TransactionTrackerOperations.search_process_for_CMPDM() for: Performance Health|MFA DSSI|810
2018-11-30 16:46:00,540 INFO: Executing TransactionTrackerOperations.select_customer()
2018-11-30 16:46:07,295 INFO: Executing TransactionTrackerOperations.select_customer()
2018-11-30 16:46:18,120 INFO: Executing TransactionTrackerOperations.get_CM_parcels()
2018-11-30 16:46:24,946 INFO: Executing TransactionTrackerOperations.search_process_for_CMPDM() for: Performance Health|MIDWEST GERIATRIC DSSI|810
2018-11-30 16:46:24,962 INFO: Executing TransactionTrackerOperations.select_customer()
2018-11-30 16:46:31,756 INFO: Executing TransactionTrackerOperations.select_customer()
2018-11-30 16:46:43,070 INFO: Executing TransactionTrackerOperations.get_CM_parcels()
2018-11-30 16:46:50,491 INFO: Executing TransactionTrackerOperations.search_process_for_CMPDM() for: Performance Health|MIDWEST HEALTH DSSI|810
2018-11-30 16:46:50,507 INFO: Executing TransactionTrackerOperations.select_customer()
2018-11-30 16:46:57,289 INFO: Executing TransactionTrackerOperations.select_customer()
2018-11-30 16:47:08,482 INFO: Executing TransactionTrackerOperations.get_CM_parcels()
2018-11-30 16:47:11,166 ERROR: Error in CMProductionDataMonitoring.TaskFilter()
2018-11-30 16:47:15,648 INFO: Executing TransactionTrackerOperations.search_process_for_CMPDM() for: Performance Health|MISSION HEALTH DSSI|810
2018-11-30 16:47:15,868 INFO: Executing TransactionTrackerOperations.select_customer()
2018-11-30 16:47:22,644 INFO: Executing TransactionTrackerOperations.select_customer()
2018-11-30 16:47:33,765 INFO: Executing TransactionTrackerOperations.get_CM_parcels()
2018-11-30 16:47:36,505 ERROR: Error in CMProductionDataMonitoring.TaskFilter()
2018-11-30 16:47:41,646 INFO: Executing TransactionTrackerOperations.search_process_for_CMPDM() for: Performance Health|NEXION DSSI|810
2018-11-30 16:47:41,662 INFO: Executing TransactionTrackerOperations.select_customer()
2018-11-30 16:47:48,440 INFO: Executing TransactionTrackerOperations.select_customer()
2018-11-30 16:47:59,411 INFO: Executing TransactionTrackerOperations.get_CM_parcels()
2018-11-30 16:48:02,213 ERROR: Error in CMProductionDataMonitoring.TaskFilter()
2018-11-30 16:48:06,895 INFO: Executing TransactionTrackerOperations.search_process_for_CMPDM() for: Performance Health|NOLAND HEALTH SERVICES DSSI|810
2018-11-30 16:48:07,195 INFO: Executing TransactionTrackerOperations.select_customer()
2018-11-30 16:48:13,975 INFO: Executing TransactionTrackerOperations.select_customer()
2018-11-30 16:48:25,384 INFO: Executing TransactionTrackerOperations.get_CM_parcels()
2018-11-30 16:48:28,029 ERROR: Error in CMProductionDataMonitoring.TaskFilter()
2018-11-30 16:48:32,702 INFO: Executing TransactionTrackerOperations.search_process_for_CMPDM() for: Performance Health|NORTHPORT DSSI|810
2018-11-30 16:48:32,754 INFO: Executing TransactionTrackerOperations.select_customer()
2018-11-30 16:48:39,538 INFO: Executing TransactionTrackerOperations.select_customer()
2018-11-30 16:48:50,625 INFO: Executing TransactionTrackerOperations.get_CM_parcels()
2018-11-30 16:48:57,679 INFO: Executing TransactionTrackerOperations.search_process_for_CMPDM() for: Performance Health|NUVISION DSSI|810
2018-11-30 16:48:57,703 INFO: Executing TransactionTrackerOperations.select_customer()
2018-11-30 16:49:04,587 INFO: Executing TransactionTrackerOperations.select_customer()
2018-11-30 16:49:15,601 INFO: Executing TransactionTrackerOperations.get_CM_parcels()
2018-11-30 16:49:18,409 ERROR: Error in CMProductionDataMonitoring.TaskFilter()
2018-11-30 16:49:23,142 INFO: Executing TransactionTrackerOperations.search_process_for_CMPDM() for: Performance Health|ONIX GROUP DSSI|810
2018-11-30 16:49:23,158 INFO: Executing TransactionTrackerOperations.select_customer()
2018-11-30 16:49:29,937 INFO: Executing TransactionTrackerOperations.select_customer()
2018-11-30 16:49:41,633 INFO: Executing TransactionTrackerOperations.get_CM_parcels()
2018-11-30 16:49:44,290 ERROR: Error in CMProductionDataMonitoring.TaskFilter()
2018-11-30 16:49:49,987 INFO: Executing TransactionTrackerOperations.search_process_for_CMPDM() for: Performance Health|PENNMED CONSULTANTS INC DSSI|810
2018-11-30 16:49:49,999 INFO: Executing TransactionTrackerOperations.select_customer()
2018-11-30 16:49:56,784 INFO: Executing TransactionTrackerOperations.select_customer()
2018-11-30 16:50:08,158 INFO: Executing TransactionTrackerOperations.get_CM_parcels()
2018-11-30 16:50:15,234 INFO: Executing TransactionTrackerOperations.search_process_for_CMPDM() for: Performance Health|PREFERRED CARE DSSI|810
2018-11-30 16:50:15,254 INFO: Executing TransactionTrackerOperations.select_customer()
2018-11-30 16:50:22,067 INFO: Executing TransactionTrackerOperations.select_customer()
2018-11-30 16:50:33,246 INFO: Executing TransactionTrackerOperations.get_CM_parcels()
2018-11-30 16:50:40,590 INFO: Executing TransactionTrackerOperations.search_process_for_CMPDM() for: Performance Health|PRESBYTERIAN HOMES AND SERVICES DSSI|810
2018-11-30 16:50:40,610 INFO: Executing TransactionTrackerOperations.select_customer()
2018-11-30 16:50:47,383 INFO: Executing TransactionTrackerOperations.select_customer()
2018-11-30 16:50:58,957 INFO: Executing TransactionTrackerOperations.get_CM_parcels()
2018-11-30 16:51:01,617 ERROR: Error in CMProductionDataMonitoring.TaskFilter()
2018-11-30 16:51:06,070 INFO: Executing TransactionTrackerOperations.search_process_for_CMPDM() for: Performance Health|PRESBYTERIAN SENIOR LIVING DSSI|810
2018-11-30 16:51:06,374 INFO: Executing TransactionTrackerOperations.select_customer()
2018-11-30 16:51:13,191 INFO: Executing TransactionTrackerOperations.select_customer()
2018-11-30 16:51:24,693 INFO: Executing TransactionTrackerOperations.get_CM_parcels()
2018-11-30 16:51:27,313 ERROR: Error in CMProductionDataMonitoring.TaskFilter()
2018-11-30 16:51:32,818 INFO: Executing TransactionTrackerOperations.search_process_for_CMPDM() for: Performance Health|QUALITY LIFE SERVICES DSSI|810
2018-11-30 16:51:32,834 INFO: Executing TransactionTrackerOperations.select_customer()
2018-11-30 16:51:39,625 INFO: Executing TransactionTrackerOperations.select_customer()
2018-11-30 16:51:50,718 INFO: Executing TransactionTrackerOperations.get_CM_parcels()
2018-11-30 16:51:53,534 ERROR: Error in CMProductionDataMonitoring.TaskFilter()
2018-11-30 16:51:58,208 INFO: Executing TransactionTrackerOperations.search_process_for_CMPDM() for: Performance Health|Quest Healthcare Development DSSI|810
2018-11-30 16:51:58,244 INFO: Executing TransactionTrackerOperations.select_customer()
2018-11-30 16:52:08,289 INFO: Executing TransactionTrackerOperations.select_customer()
2018-11-30 16:52:19,922 INFO: Executing TransactionTrackerOperations.get_CM_parcels()
2018-11-30 16:52:25,990 INFO: Executing TransactionTrackerOperations.search_process_for_CMPDM() for: Performance Health|Regency Integrated Health Services DSSI|810
2018-11-30 16:52:26,897 INFO: Executing TransactionTrackerOperations.select_customer()
2018-11-30 16:52:33,697 INFO: Executing TransactionTrackerOperations.select_customer()
2018-11-30 16:52:45,242 INFO: Executing TransactionTrackerOperations.get_CM_parcels()
2018-11-30 16:52:52,838 INFO: Executing TransactionTrackerOperations.search_process_for_CMPDM() for: Performance Health|RENNES HEALTH DSSI|810
2018-11-30 16:52:54,998 INFO: Executing TransactionTrackerOperations.select_customer()
2018-11-30 16:53:01,842 INFO: Executing TransactionTrackerOperations.select_customer()
2018-11-30 16:53:13,353 INFO: Executing TransactionTrackerOperations.get_CM_parcels()
2018-11-30 16:53:17,057 ERROR: Error in CMProductionDataMonitoring.TaskFilter()
2018-11-30 16:53:23,295 INFO: Executing TransactionTrackerOperations.search_process_for_CMPDM() for: Performance Health|SABER HEALTHCARE DSSI|810
2018-11-30 16:53:23,676 INFO: Executing TransactionTrackerOperations.select_customer()
2018-11-30 16:53:29,880 INFO: Executing TransactionTrackerOperations.select_customer()
2018-11-30 16:53:31,948 ERROR: Error in CMProductionDataMonitoring.TaskFilter()
2018-11-30 16:53:37,630 INFO: Executing TransactionTrackerOperations.search_process_for_CMPDM() for: Performance Health|SPRENGER HEALTHCARE DSSI|810
2018-11-30 16:53:37,647 INFO: Executing TransactionTrackerOperations.select_customer()
2018-11-30 16:53:44,576 INFO: Executing TransactionTrackerOperations.select_customer()
2018-11-30 16:53:56,708 INFO: Executing TransactionTrackerOperations.get_CM_parcels()
2018-11-30 16:53:59,455 ERROR: Error in CMProductionDataMonitoring.TaskFilter()
2018-11-30 16:54:04,939 INFO: Executing TransactionTrackerOperations.search_process_for_CMPDM() for: Performance Health|SPRINGPOINT DSSI|810
2018-11-30 16:54:04,954 INFO: Executing TransactionTrackerOperations.select_customer()
2018-11-30 16:54:11,831 INFO: Executing TransactionTrackerOperations.select_customer()
2018-11-30 16:54:23,665 INFO: Executing TransactionTrackerOperations.get_CM_parcels()
2018-11-30 16:54:26,723 ERROR: Error in CMProductionDataMonitoring.TaskFilter()
2018-11-30 16:54:31,197 INFO: Executing TransactionTrackerOperations.search_process_for_CMPDM() for: Performance Health|STONERISE MEDICAL DSSI|810
2018-11-30 16:54:31,707 INFO: Executing TransactionTrackerOperations.select_customer()
2018-11-30 16:54:38,639 INFO: Executing TransactionTrackerOperations.select_customer()
2018-11-30 16:54:50,455 INFO: Executing TransactionTrackerOperations.get_CM_parcels()
2018-11-30 16:54:53,601 ERROR: Error in CMProductionDataMonitoring.TaskFilter()
2018-11-30 16:54:58,094 INFO: Executing TransactionTrackerOperations.search_process_for_CMPDM() for: Performance Health|TAMARAC ADMINISTRACTIVE SERVICES DSSI|810
2018-11-30 16:54:58,113 INFO: Executing TransactionTrackerOperations.select_customer()
2018-11-30 16:55:05,052 INFO: Executing TransactionTrackerOperations.select_customer()
2018-11-30 16:55:16,976 INFO: Executing TransactionTrackerOperations.get_CM_parcels()
2018-11-30 16:55:24,406 INFO: Executing TransactionTrackerOperations.search_process_for_CMPDM() for: Performance Health|TANDEM HEALTHCARE DSSI|810
2018-11-30 16:55:24,501 INFO: Executing TransactionTrackerOperations.select_customer()
2018-11-30 16:55:31,405 INFO: Executing TransactionTrackerOperations.select_customer()
2018-11-30 16:55:42,878 INFO: Executing TransactionTrackerOperations.get_CM_parcels()
2018-11-30 16:55:50,295 INFO: Executing TransactionTrackerOperations.search_process_for_CMPDM() for: Performance Health|TARA CARES LLC DSSI|810
2018-11-30 16:55:50,321 INFO: Executing TransactionTrackerOperations.select_customer()
2018-11-30 16:55:57,142 INFO: Executing TransactionTrackerOperations.select_customer()
2018-11-30 16:56:08,549 INFO: Executing TransactionTrackerOperations.get_CM_parcels()
2018-11-30 16:56:15,526 INFO: Executing TransactionTrackerOperations.search_process_for_CMPDM() for: Performance Health|TEALWOOD TWN DSSI|810
2018-11-30 16:56:15,544 INFO: Executing TransactionTrackerOperations.select_customer()
2018-11-30 16:56:22,408 INFO: Executing TransactionTrackerOperations.select_customer()
2018-11-30 16:56:33,783 INFO: Executing TransactionTrackerOperations.get_CM_parcels()
2018-11-30 16:56:36,495 ERROR: Error in CMProductionDataMonitoring.TaskFilter()
2018-11-30 16:56:41,170 INFO: Executing TransactionTrackerOperations.search_process_for_CMPDM() for: Performance Health|TRANS HEALTH CARE DSSI|810
2018-11-30 16:56:41,368 INFO: Executing TransactionTrackerOperations.select_customer()
2018-11-30 16:56:48,224 INFO: Executing TransactionTrackerOperations.select_customer()
2018-11-30 16:56:59,747 INFO: Executing TransactionTrackerOperations.get_CM_parcels()
2018-11-30 16:57:06,747 INFO: Executing TransactionTrackerOperations.search_process_for_CMPDM() for: Performance Health|UNITED MEDICAL DSSI|810
2018-11-30 16:57:06,767 INFO: Executing TransactionTrackerOperations.select_customer()
2018-11-30 16:57:13,597 INFO: Executing TransactionTrackerOperations.select_customer()
2018-11-30 16:57:24,927 INFO: Executing TransactionTrackerOperations.get_CM_parcels()
2018-11-30 16:57:32,513 INFO: Executing TransactionTrackerOperations.search_process_for_CMPDM() for: Performance Health|WILMAC DSSI|810
2018-11-30 16:57:32,560 INFO: Executing TransactionTrackerOperations.select_customer()
2018-11-30 16:57:39,698 INFO: Executing TransactionTrackerOperations.select_customer()
2018-11-30 16:57:51,419 INFO: Executing TransactionTrackerOperations.get_CM_parcels()
2018-11-30 16:57:55,066 ERROR: Error in CMProductionDataMonitoring.TaskFilter()
2018-11-30 16:57:59,752 INFO: Executing TransactionTrackerOperations.search_process_for_CMPDM() for: Performance Health|Senior Care Centers LLC|810
2018-11-30 16:57:59,838 INFO: Executing TransactionTrackerOperations.select_customer()
2018-11-30 16:58:07,487 INFO: Executing TransactionTrackerOperations.select_customer()
2018-11-30 16:58:19,547 INFO: Executing TransactionTrackerOperations.get_CM_parcels()
2018-11-30 16:58:25,641 INFO: Executing TransactionTrackerOperations.search_process_for_CMPDM() for: Performance Health|AMERICAN SENIOR COMMUNITIES DSSI|810
2018-11-30 16:58:26,433 INFO: Executing TransactionTrackerOperations.select_customer()
2018-11-30 16:58:33,296 INFO: Executing TransactionTrackerOperations.select_customer()
2018-11-30 16:58:45,049 INFO: Executing TransactionTrackerOperations.get_CM_parcels()
2018-11-30 16:58:52,538 INFO: Executing TransactionTrackerOperations.search_process_for_CMPDM() for: Performance Health|BaneCare Management DSSI|810
2018-11-30 16:58:53,825 INFO: Executing TransactionTrackerOperations.select_customer()
2018-11-30 16:59:00,745 INFO: Executing TransactionTrackerOperations.select_customer()
2018-11-30 16:59:12,844 INFO: Executing TransactionTrackerOperations.get_CM_parcels()
2018-11-30 16:59:20,267 INFO: Executing TransactionTrackerOperations.search_process_for_CMPDM() for: Performance Health|DSSI Next Step Healthcare|810
2018-11-30 16:59:20,991 INFO: Executing TransactionTrackerOperations.select_customer()
2018-11-30 16:59:27,922 INFO: Executing TransactionTrackerOperations.select_customer()
2018-11-30 16:59:39,683 INFO: Executing TransactionTrackerOperations.get_CM_parcels()
2018-11-30 16:59:43,262 ERROR: Error in CMProductionDataMonitoring.TaskFilter()
2018-11-30 16:59:47,967 INFO: Executing TransactionTrackerOperations.search_process_for_CMPDM() for: Performance Health|Regency Pacific DSSI|810
2018-11-30 16:59:48,019 INFO: Executing TransactionTrackerOperations.select_customer()
2018-11-30 16:59:55,252 INFO: Executing TransactionTrackerOperations.select_customer()
2018-11-30 17:00:07,371 INFO: Executing TransactionTrackerOperations.get_CM_parcels()
2018-11-30 17:00:14,622 INFO: Executing TransactionTrackerOperations.search_process_for_CMPDM() for: Performance Health|ADVANTAGE HPSI DSSI|810
2018-11-30 17:00:15,526 INFO: Executing TransactionTrackerOperations.select_customer()
2018-11-30 17:00:22,379 INFO: Executing TransactionTrackerOperations.select_customer()
2018-11-30 17:00:33,981 INFO: Executing TransactionTrackerOperations.get_CM_parcels()
2018-11-30 17:00:36,737 ERROR: Error in CMProductionDataMonitoring.TaskFilter()
2018-11-30 17:00:42,234 INFO: Executing TransactionTrackerOperations.search_process_for_CMPDM() for: Performance Health|ADVANTAGE NAVIGATOR DSSI|810
2018-11-30 17:00:42,641 INFO: Executing TransactionTrackerOperations.select_customer()
2018-11-30 17:00:49,535 INFO: Executing TransactionTrackerOperations.select_customer()
2018-11-30 17:01:02,450 INFO: Executing TransactionTrackerOperations.get_CM_parcels()
2018-11-30 17:01:09,773 INFO: Executing TransactionTrackerOperations.search_process_for_CMPDM() for: Performance Health|American Health Companies|810
2018-11-30 17:01:10,040 INFO: Executing TransactionTrackerOperations.select_customer()
2018-11-30 17:01:17,163 INFO: Executing TransactionTrackerOperations.select_customer()
2018-11-30 17:01:29,122 INFO: Executing TransactionTrackerOperations.get_CM_parcels()
2018-11-30 17:01:35,590 INFO: Executing TransactionTrackerOperations.search_process_for_CMPDM() for: Performance Health|APEX|810
2018-11-30 17:01:35,625 INFO: Executing TransactionTrackerOperations.select_customer()
2018-11-30 17:01:42,821 INFO: Executing TransactionTrackerOperations.select_customer()
2018-11-30 17:01:53,776 INFO: Executing TransactionTrackerOperations.get_CM_parcels()
2018-11-30 17:02:00,992 INFO: Executing TransactionTrackerOperations.search_process_for_CMPDM() for: Performance Health|APEX HEALTHCARE FLORIDA DSSI|810
2018-11-30 17:02:01,014 INFO: Executing TransactionTrackerOperations.select_customer()
2018-11-30 17:02:07,837 INFO: Executing TransactionTrackerOperations.select_customer()
2018-11-30 17:02:19,515 INFO: Executing TransactionTrackerOperations.get_CM_parcels()
2018-11-30 17:02:22,935 ERROR: Error in CMProductionDataMonitoring.TaskFilter()
2018-11-30 17:02:27,383 INFO: Executing TransactionTrackerOperations.search_process_for_CMPDM() for: Performance Health|ATRIUM LIVING CENTERS DSSI|810
2018-11-30 17:02:27,409 INFO: Executing TransactionTrackerOperations.select_customer()
2018-11-30 17:02:34,272 INFO: Executing TransactionTrackerOperations.select_customer()
2018-11-30 17:02:47,085 INFO: Executing TransactionTrackerOperations.get_CM_parcels()
2018-11-30 17:02:50,163 ERROR: Error in CMProductionDataMonitoring.TaskFilter()
2018-11-30 17:02:54,581 INFO: Executing TransactionTrackerOperations.search_process_for_CMPDM() for: Performance Health|AXIOM DSSI|810
2018-11-30 17:02:55,022 INFO: Executing TransactionTrackerOperations.select_customer()
2018-11-30 17:03:04,375 INFO: Executing TransactionTrackerOperations.select_customer()
2018-11-30 17:03:17,175 INFO: Executing TransactionTrackerOperations.get_CM_parcels()
2018-11-30 17:03:19,858 ERROR: Error in CMProductionDataMonitoring.TaskFilter()
2018-11-30 17:03:25,611 INFO: Executing TransactionTrackerOperations.search_process_for_CMPDM() for: Performance Health|BE GROUP DSSI|810
2018-11-30 17:03:25,631 INFO: Executing TransactionTrackerOperations.select_customer()
2018-11-30 17:03:32,526 INFO: Executing TransactionTrackerOperations.select_customer()
2018-11-30 17:03:43,708 INFO: Executing TransactionTrackerOperations.get_CM_parcels()
2018-11-30 17:03:49,679 INFO: Executing TransactionTrackerOperations.search_process_for_CMPDM() for: Performance Health|BEACON HEALTH DSSI|810
2018-11-30 17:03:49,697 INFO: Executing TransactionTrackerOperations.select_customer()
2018-11-30 17:05:32,052 ERROR: Error in CMProductionDataMonitoring.TaskFilter()
2018-11-30 17:05:36,754 INFO: Executing TransactionTrackerOperations.search_process_for_CMPDM() for: Performance Health|BENEDICTINE DSSI|810
2018-11-30 17:05:38,028 INFO: Executing TransactionTrackerOperations.select_customer()
2018-11-30 17:05:45,096 INFO: Executing TransactionTrackerOperations.select_customer()
2018-11-30 17:05:56,550 INFO: Executing TransactionTrackerOperations.get_CM_parcels()
2018-11-30 17:06:05,698 INFO: Executing TransactionTrackerOperations.search_process_for_CMPDM() for: Performance Health|Bethlen Communities Home Health and Hospice|810
2018-11-30 17:06:06,849 INFO: Executing TransactionTrackerOperations.select_customer()
2018-11-30 17:06:15,158 INFO: Executing TransactionTrackerOperations.select_customer()
2018-11-30 17:06:28,017 INFO: Executing TransactionTrackerOperations.get_CM_parcels()
2018-11-30 17:06:31,150 ERROR: Error in CMProductionDataMonitoring.TaskFilter()
2018-11-30 17:06:35,915 INFO: Executing TransactionTrackerOperations.search_process_for_CMPDM() for: Performance Health|BOMBAY LANE DSSI|810
2018-11-30 17:06:36,029 INFO: Executing TransactionTrackerOperations.select_customer()
2018-11-30 17:06:43,911 INFO: Executing TransactionTrackerOperations.select_customer()
2018-11-30 17:06:55,416 INFO: Executing TransactionTrackerOperations.get_CM_parcels()
2018-11-30 17:06:58,391 ERROR: Error in CMProductionDataMonitoring.TaskFilter()
2018-11-30 17:07:03,296 INFO: Executing TransactionTrackerOperations.search_process_for_CMPDM() for: Performance Health|CARDON AND ASSOCIATES DSSI|810
2018-11-30 17:07:04,173 INFO: Executing TransactionTrackerOperations.select_customer()
2018-11-30 17:07:11,060 INFO: Executing TransactionTrackerOperations.select_customer()
2018-11-30 17:07:22,855 INFO: Executing TransactionTrackerOperations.get_CM_parcels()
2018-11-30 17:07:25,821 ERROR: Error in CMProductionDataMonitoring.TaskFilter()
2018-11-30 17:07:31,958 INFO: Executing TransactionTrackerOperations.search_process_for_CMPDM() for: Performance Health|CERES PURCHASING SOLUTIONS DSSI|810
2018-11-30 17:07:31,976 INFO: Executing TransactionTrackerOperations.select_customer()
2018-11-30 17:07:39,044 INFO: Executing TransactionTrackerOperations.select_customer()
2018-11-30 17:07:51,066 INFO: Executing TransactionTrackerOperations.get_CM_parcels()
2018-11-30 17:07:58,865 INFO: Executing TransactionTrackerOperations.search_process_for_CMPDM() for: Performance Health|Chosen Healthcare DSSI|810
2018-11-30 17:07:59,436 INFO: Executing TransactionTrackerOperations.select_customer()
2018-11-30 17:08:06,300 INFO: Executing TransactionTrackerOperations.select_customer()
2018-11-30 17:08:17,445 INFO: Executing TransactionTrackerOperations.get_CM_parcels()
2018-11-30 17:08:24,083 INFO: Executing TransactionTrackerOperations.search_process_for_CMPDM() for: Performance Health|CLEAR CHOICE DSSI|810
2018-11-30 17:08:25,134 INFO: Executing TransactionTrackerOperations.select_customer()
2018-11-30 17:08:31,961 INFO: Executing TransactionTrackerOperations.select_customer()
2018-11-30 17:08:43,356 INFO: Executing TransactionTrackerOperations.get_CM_parcels()
2018-11-30 17:08:46,029 ERROR: Error in CMProductionDataMonitoring.TaskFilter()
2018-11-30 17:08:50,508 INFO: Executing TransactionTrackerOperations.search_process_for_CMPDM() for: Performance Health|COMMUNICARE DSSI|810
2018-11-30 17:08:50,555 INFO: Executing TransactionTrackerOperations.select_customer()
2018-11-30 17:08:57,509 INFO: Executing TransactionTrackerOperations.select_customer()
2018-11-30 17:09:08,863 INFO: Executing TransactionTrackerOperations.get_CM_parcels()
2018-11-30 17:09:16,436 INFO: Executing TransactionTrackerOperations.search_process_for_CMPDM() for: Performance Health|COMPLETE HEALTHCARE DSSI|810
2018-11-30 17:09:16,520 INFO: Executing TransactionTrackerOperations.select_customer()
2018-11-30 17:09:23,707 INFO: Executing TransactionTrackerOperations.select_customer()
2018-11-30 17:09:35,375 INFO: Executing TransactionTrackerOperations.get_CM_parcels()
2018-11-30 17:09:38,094 ERROR: Error in CMProductionDataMonitoring.TaskFilter()
2018-11-30 17:09:42,873 INFO: Executing TransactionTrackerOperations.search_process_for_CMPDM() for: Performance Health|COVENANT DOVE DSSI|810
2018-11-30 17:09:43,610 INFO: Executing TransactionTrackerOperations.select_customer()
2018-11-30 17:09:50,728 INFO: Executing TransactionTrackerOperations.select_customer()
2018-11-30 17:10:02,436 INFO: Executing TransactionTrackerOperations.get_CM_parcels()
2018-11-30 17:10:05,350 ERROR: Error in CMProductionDataMonitoring.TaskFilter()
2018-11-30 17:10:09,804 INFO: Executing TransactionTrackerOperations.search_process_for_CMPDM() for: Performance Health|DIAKON LUTHERAN DSSI|810
2018-11-30 17:10:10,192 INFO: Executing TransactionTrackerOperations.select_customer()
2018-11-30 17:10:17,129 INFO: Executing TransactionTrackerOperations.select_customer()
2018-11-30 17:10:29,039 INFO: Executing TransactionTrackerOperations.get_CM_parcels()
2018-11-30 17:10:32,362 ERROR: Error in CMProductionDataMonitoring.TaskFilter()
2018-11-30 17:10:38,631 INFO: Executing TransactionTrackerOperations.search_process_for_CMPDM() for: Performance Health|DIVERSICARE DSSI|810
2018-11-30 17:10:39,121 INFO: Executing TransactionTrackerOperations.select_customer()
2018-11-30 17:10:45,369 INFO: Executing TransactionTrackerOperations.select_customer()
2018-11-30 17:10:47,438 ERROR: Error in CMProductionDataMonitoring.TaskFilter()
2018-11-30 17:10:52,108 INFO: Executing TransactionTrackerOperations.search_process_for_CMPDM() for: Performance Health|Dycora Transitional Health DSSI|810
2018-11-30 17:10:53,294 INFO: Executing TransactionTrackerOperations.select_customer()
2018-11-30 17:11:01,053 INFO: Executing TransactionTrackerOperations.select_customer()
2018-11-30 17:11:12,669 INFO: Executing TransactionTrackerOperations.get_CM_parcels()
2018-11-30 17:11:15,328 ERROR: Error in CMProductionDataMonitoring.TaskFilter()
2018-11-30 17:11:19,973 INFO: Executing TransactionTrackerOperations.search_process_for_CMPDM() for: Performance Health|ERICKSON RETIREMENT COMMUNITIES DSSI|810
2018-11-30 17:11:20,174 INFO: Executing TransactionTrackerOperations.select_customer()
2018-11-30 17:11:27,000 INFO: Executing TransactionTrackerOperations.select_customer()
2018-11-30 17:11:39,011 INFO: Executing TransactionTrackerOperations.get_CM_parcels()
2018-11-30 17:11:41,701 ERROR: Error in CMProductionDataMonitoring.TaskFilter()
2018-11-30 17:11:46,160 INFO: Executing TransactionTrackerOperations.search_process_for_CMPDM() for: Performance Health|FORTIS MANAGEMENT GROUP DSSI|810
2018-11-30 17:11:46,311 INFO: Executing TransactionTrackerOperations.select_customer()
2018-11-30 17:11:53,139 INFO: Executing TransactionTrackerOperations.select_customer()
2018-11-30 17:12:04,590 INFO: Executing TransactionTrackerOperations.get_CM_parcels()
2018-11-30 17:12:12,419 INFO: Executing TransactionTrackerOperations.search_process_for_CMPDM() for: Performance Health|GOOD SAMARITAN SOCIETY DSSI|810
2018-11-30 17:12:13,389 INFO: Executing TransactionTrackerOperations.select_customer()
2018-11-30 17:12:20,310 INFO: Executing TransactionTrackerOperations.select_customer()
2018-11-30 17:12:32,079 INFO: Executing TransactionTrackerOperations.get_CM_parcels()
2018-11-30 17:12:39,837 INFO: Executing TransactionTrackerOperations.search_process_for_CMPDM() for: Performance Health|GULF COAST HEALTHCARE DSSI|810
2018-11-30 17:12:39,913 INFO: Executing TransactionTrackerOperations.select_customer()
2018-11-30 17:12:46,808 INFO: Executing TransactionTrackerOperations.select_customer()
2018-11-30 17:12:58,388 INFO: Executing TransactionTrackerOperations.get_CM_parcels()
2018-11-30 17:13:05,864 INFO: Executing TransactionTrackerOperations.search_process_for_CMPDM() for: Performance Health|ICARE MANAGEMENT DSSI|810
2018-11-30 17:13:05,892 INFO: Executing TransactionTrackerOperations.select_customer()
2018-11-30 17:13:12,740 INFO: Executing TransactionTrackerOperations.select_customer()
2018-11-30 17:13:24,361 INFO: Executing TransactionTrackerOperations.get_CM_parcels()
2018-11-30 17:13:27,071 ERROR: Error in CMProductionDataMonitoring.TaskFilter()
2018-11-30 17:13:31,518 INFO: Executing TransactionTrackerOperations.search_process_for_CMPDM() for: Performance Health|Kindred Healthcare via IntelliOrder|810
2018-11-30 17:13:31,824 INFO: Executing TransactionTrackerOperations.select_customer()
2018-11-30 17:13:38,752 INFO: Executing TransactionTrackerOperations.select_customer()
2018-11-30 17:13:50,194 INFO: Executing TransactionTrackerOperations.get_CM_parcels()
2018-11-30 17:13:52,869 ERROR: Error in CMProductionDataMonitoring.TaskFilter()
2018-11-30 17:13:57,593 INFO: Executing TransactionTrackerOperations.search_process_for_CMPDM() for: Performance Health|LAVIE ADMINISTRATIVE SERVICES DSSI|810
2018-11-30 17:13:57,952 INFO: Executing TransactionTrackerOperations.select_customer()
2018-11-30 17:14:04,824 INFO: Executing TransactionTrackerOperations.select_customer()
2018-11-30 17:14:16,678 INFO: Executing TransactionTrackerOperations.get_CM_parcels()
2018-11-30 17:14:19,314 ERROR: Error in CMProductionDataMonitoring.TaskFilter()
2018-11-30 17:14:25,231 INFO: Executing TransactionTrackerOperations.search_process_for_CMPDM() for: Performance Health|LEGACY SENIOR DSSI|810
2018-11-30 17:14:25,686 INFO: Executing TransactionTrackerOperations.select_customer()
2018-11-30 17:14:32,514 INFO: Executing TransactionTrackerOperations.select_customer()
2018-11-30 17:14:43,950 INFO: Executing TransactionTrackerOperations.get_CM_parcels()
2018-11-30 17:14:51,390 INFO: Executing TransactionTrackerOperations.search_process_for_CMPDM() for: Performance Health|MARINER DSSI|810
2018-11-30 17:14:51,666 INFO: Executing TransactionTrackerOperations.select_customer()
2018-11-30 17:14:58,558 INFO: Executing TransactionTrackerOperations.select_customer()
2018-11-30 17:15:09,810 INFO: Executing TransactionTrackerOperations.get_CM_parcels()
2018-11-30 17:15:16,393 INFO: Executing TransactionTrackerOperations.search_process_for_CMPDM() for: Performance Health|MARINER HEALTH DSSI|810
2018-11-30 17:15:17,465 INFO: Executing TransactionTrackerOperations.select_customer()
2018-11-30 17:15:24,318 INFO: Executing TransactionTrackerOperations.select_customer()
2018-11-30 17:15:35,683 INFO: Executing TransactionTrackerOperations.get_CM_parcels()
2018-11-30 17:15:38,338 ERROR: Error in CMProductionDataMonitoring.TaskFilter()
2018-11-30 17:15:43,068 INFO: completed CMProductionDataMonitoring.execute_main()
