2018-11-19 14:34:13,351 INFO: Executing Script Credit Memo Prodution Data Monitoring
2018-11-19 14:34:13,443 INFO: Executing CMProductionDataMonitoring.execute_main()
2018-11-19 14:34:16,769 INFO: Login in to Launchpad
2018-11-19 14:34:30,832 INFO: Executing CMProductionDataMonitoring.TaskFilter()
2018-11-19 14:34:31,061 INFO: Refreshing access_token
2018-11-19 14:34:34,749 INFO: select InProgress task from input sheet from CMProductionDataMonitoring.TaskFilter()
2018-11-19 14:34:34,750 INFO: Executing TransactionTrackerOperations.search_process_for_CMPDM() for: Performance Health|McKesson BASCOM PALMER EYE INST|810
2018-11-19 14:34:34,795 INFO: Executing TransactionTrackerOperations.select_customer()
2018-11-19 14:34:41,566 INFO: Executing TransactionTrackerOperations.select_customer()
2018-11-19 14:34:53,013 INFO: Executing TransactionTrackerOperations.get_CM_parcels()
2018-11-19 14:34:59,243 INFO: Executing TransactionTrackerOperations.search_process_for_CMPDM() for: Performance Health|McKesson CABELL HUNTINGTON HOSPITAL|810
2018-11-19 14:35:00,109 INFO: Executing TransactionTrackerOperations.select_customer()
2018-11-19 14:35:06,840 INFO: Executing TransactionTrackerOperations.select_customer()
2018-11-19 14:35:18,532 INFO: Executing TransactionTrackerOperations.get_CM_parcels()
2018-11-19 14:35:21,658 INFO: NoSuchElementException in TransactionTrackerOperations.get_CM_parcels()
2018-11-19 14:35:25,778 INFO: NoSuchElementException in TransactionTrackerOperations.get_CM_parcels()
2018-11-19 14:35:34,427 INFO: Executing TransactionTrackerOperations.search_process_for_CMPDM() for: Performance Health|McKesson CHILDRENS HOSPITAL|810
2018-11-19 14:35:35,226 INFO: Executing TransactionTrackerOperations.select_customer()
2018-11-19 14:35:42,056 INFO: Executing TransactionTrackerOperations.select_customer()
2018-11-19 14:35:53,219 INFO: Executing TransactionTrackerOperations.get_CM_parcels()
2018-11-19 14:35:55,636 INFO: NoSuchElementException in TransactionTrackerOperations.get_CM_parcels()
2018-11-19 14:36:00,079 INFO: NoSuchElementException in TransactionTrackerOperations.get_CM_parcels()
2018-11-19 14:36:08,300 INFO: Executing TransactionTrackerOperations.search_process_for_CMPDM() for: Performance Health|McKesson CHRISTIANA CARE HEALTH|810
2018-11-19 14:36:08,421 INFO: Executing TransactionTrackerOperations.select_customer()
2018-11-19 14:36:15,339 INFO: Executing TransactionTrackerOperations.select_customer()
2018-11-19 14:36:26,378 INFO: Executing TransactionTrackerOperations.get_CM_parcels()
2018-11-19 14:36:28,789 INFO: NoSuchElementException in TransactionTrackerOperations.get_CM_parcels()
2018-11-19 14:36:33,041 INFO: NoSuchElementException in TransactionTrackerOperations.get_CM_parcels()
2018-11-19 14:36:37,276 INFO: NoSuchElementException in TransactionTrackerOperations.get_CM_parcels()
2018-11-19 14:36:41,466 INFO: NoSuchElementException in TransactionTrackerOperations.get_CM_parcels()
2018-11-19 14:36:45,661 INFO: NoSuchElementException in TransactionTrackerOperations.get_CM_parcels()
2018-11-19 14:36:49,942 INFO: NoSuchElementException in TransactionTrackerOperations.get_CM_parcels()
2018-11-19 14:36:54,218 INFO: NoSuchElementException in TransactionTrackerOperations.get_CM_parcels()
2018-11-19 14:36:58,545 INFO: NoSuchElementException in TransactionTrackerOperations.get_CM_parcels()
2018-11-19 14:37:02,799 INFO: NoSuchElementException in TransactionTrackerOperations.get_CM_parcels()
2018-11-19 14:37:07,080 INFO: NoSuchElementException in TransactionTrackerOperations.get_CM_parcels()
2018-11-19 14:37:09,518 INFO: NoSuchElementException in TransactionTrackerOperations.get_CM_parcels()
2018-11-19 14:37:16,945 INFO: Executing TransactionTrackerOperations.search_process_for_CMPDM() for: Performance Health|McKesson EMH REGIONAL HEALTHCARE SYSTEMS|810
2018-11-19 14:37:17,628 INFO: Executing TransactionTrackerOperations.select_customer()
2018-11-19 14:37:24,423 INFO: Executing TransactionTrackerOperations.select_customer()
2018-11-19 14:37:35,831 INFO: Executing TransactionTrackerOperations.get_CM_parcels()
2018-11-19 14:37:41,881 INFO: Executing TransactionTrackerOperations.search_process_for_CMPDM() for: Performance Health|McKesson EMORY HEALTHCARE|810
2018-11-19 14:37:42,697 INFO: Executing TransactionTrackerOperations.select_customer()
2018-11-19 14:37:49,533 INFO: Executing TransactionTrackerOperations.select_customer()
2018-11-19 14:38:00,620 INFO: Executing TransactionTrackerOperations.get_CM_parcels()
2018-11-19 14:38:03,181 INFO: NoSuchElementException in TransactionTrackerOperations.get_CM_parcels()
2018-11-19 14:38:07,990 INFO: NoSuchElementException in TransactionTrackerOperations.get_CM_parcels()
2018-11-19 14:38:12,350 INFO: NoSuchElementException in TransactionTrackerOperations.get_CM_parcels()
2018-11-19 14:38:16,634 INFO: NoSuchElementException in TransactionTrackerOperations.get_CM_parcels()
2018-11-19 14:38:20,831 INFO: NoSuchElementException in TransactionTrackerOperations.get_CM_parcels()
2018-11-19 14:38:25,044 INFO: NoSuchElementException in TransactionTrackerOperations.get_CM_parcels()
2018-11-19 14:38:29,321 INFO: NoSuchElementException in TransactionTrackerOperations.get_CM_parcels()
2018-11-19 14:38:33,607 INFO: NoSuchElementException in TransactionTrackerOperations.get_CM_parcels()
2018-11-19 14:38:37,833 INFO: NoSuchElementException in TransactionTrackerOperations.get_CM_parcels()
2018-11-19 14:38:42,345 INFO: NoSuchElementException in TransactionTrackerOperations.get_CM_parcels()
2018-11-19 14:38:47,022 INFO: NoSuchElementException in TransactionTrackerOperations.get_CM_parcels()
2018-11-19 14:38:51,635 INFO: NoSuchElementException in TransactionTrackerOperations.get_CM_parcels()
2018-11-19 14:38:56,306 INFO: NoSuchElementException in TransactionTrackerOperations.get_CM_parcels()
2018-11-19 14:39:00,819 INFO: NoSuchElementException in TransactionTrackerOperations.get_CM_parcels()
2018-11-19 14:39:05,300 INFO: NoSuchElementException in TransactionTrackerOperations.get_CM_parcels()
2018-11-19 14:39:09,999 INFO: NoSuchElementException in TransactionTrackerOperations.get_CM_parcels()
2018-11-19 14:39:13,429 INFO: NoSuchElementException in TransactionTrackerOperations.get_CM_parcels()
2018-11-19 14:39:21,923 INFO: Executing TransactionTrackerOperations.search_process_for_CMPDM() for: Performance Health|McKesson FIRELANDS REGIONAL MEDICAL CENTER|810
2018-11-19 14:39:21,940 INFO: Executing TransactionTrackerOperations.select_customer()
2018-11-19 14:39:28,728 INFO: Executing TransactionTrackerOperations.select_customer()
2018-11-19 14:39:40,029 INFO: Executing TransactionTrackerOperations.get_CM_parcels()
2018-11-19 14:39:47,596 INFO: Executing TransactionTrackerOperations.search_process_for_CMPDM() for: Performance Health|McKesson FIRSTHEALTH CAROLINAS|810
2018-11-19 14:39:47,614 INFO: Executing TransactionTrackerOperations.select_customer()
2018-11-19 14:39:54,689 INFO: Executing TransactionTrackerOperations.select_customer()
2018-11-19 14:40:06,047 INFO: Executing TransactionTrackerOperations.get_CM_parcels()
2018-11-19 14:40:12,161 INFO: Executing TransactionTrackerOperations.search_process_for_CMPDM() for: Performance Health|McKesson FRANCISCAN ALLIANCE INC|810
2018-11-19 14:40:13,033 INFO: Executing TransactionTrackerOperations.select_customer()
2018-11-19 14:40:19,847 INFO: Executing TransactionTrackerOperations.select_customer()
2018-11-19 14:40:31,172 INFO: Executing TransactionTrackerOperations.get_CM_parcels()
2018-11-19 14:40:33,547 INFO: NoSuchElementException in TransactionTrackerOperations.get_CM_parcels()
2018-11-19 14:40:38,079 INFO: NoSuchElementException in TransactionTrackerOperations.get_CM_parcels()
2018-11-19 14:40:42,363 INFO: NoSuchElementException in TransactionTrackerOperations.get_CM_parcels()
2018-11-19 14:40:46,541 INFO: NoSuchElementException in TransactionTrackerOperations.get_CM_parcels()
2018-11-19 14:40:50,752 INFO: NoSuchElementException in TransactionTrackerOperations.get_CM_parcels()
2018-11-19 14:40:54,945 INFO: NoSuchElementException in TransactionTrackerOperations.get_CM_parcels()
2018-11-19 14:40:59,252 INFO: NoSuchElementException in TransactionTrackerOperations.get_CM_parcels()
2018-11-19 14:41:03,476 INFO: NoSuchElementException in TransactionTrackerOperations.get_CM_parcels()
2018-11-19 14:41:07,958 INFO: NoSuchElementException in TransactionTrackerOperations.get_CM_parcels()
2018-11-19 14:41:12,374 INFO: NoSuchElementException in TransactionTrackerOperations.get_CM_parcels()
2018-11-19 14:41:15,266 INFO: NoSuchElementException in TransactionTrackerOperations.get_CM_parcels()
2018-11-19 14:41:23,625 INFO: Executing TransactionTrackerOperations.search_process_for_CMPDM() for: Performance Health|McKesson GOOD SHEPHERD REHAB NETWORK|810
2018-11-19 14:41:23,643 INFO: Executing TransactionTrackerOperations.select_customer()
2018-11-19 14:41:30,451 INFO: Executing TransactionTrackerOperations.select_customer()
2018-11-19 14:41:41,622 INFO: Executing TransactionTrackerOperations.get_CM_parcels()
2018-11-19 14:41:44,040 INFO: NoSuchElementException in TransactionTrackerOperations.get_CM_parcels()
2018-11-19 14:41:48,675 INFO: NoSuchElementException in TransactionTrackerOperations.get_CM_parcels()
2018-11-19 14:41:52,941 INFO: NoSuchElementException in TransactionTrackerOperations.get_CM_parcels()
2018-11-19 14:41:57,222 INFO: NoSuchElementException in TransactionTrackerOperations.get_CM_parcels()
2018-11-19 14:42:01,439 INFO: NoSuchElementException in TransactionTrackerOperations.get_CM_parcels()
2018-11-19 14:42:05,718 INFO: NoSuchElementException in TransactionTrackerOperations.get_CM_parcels()
2018-11-19 14:42:10,012 INFO: NoSuchElementException in TransactionTrackerOperations.get_CM_parcels()
2018-11-19 14:42:14,247 INFO: NoSuchElementException in TransactionTrackerOperations.get_CM_parcels()
2018-11-19 14:42:18,497 INFO: NoSuchElementException in TransactionTrackerOperations.get_CM_parcels()
2018-11-19 14:42:22,752 INFO: NoSuchElementException in TransactionTrackerOperations.get_CM_parcels()
2018-11-19 14:42:25,567 INFO: NoSuchElementException in TransactionTrackerOperations.get_CM_parcels()
2018-11-19 14:42:32,715 INFO: Executing TransactionTrackerOperations.search_process_for_CMPDM() for: Performance Health|McKesson HALIFAX REGIONAL HOSPITAL|810
2018-11-19 14:42:33,411 INFO: Executing TransactionTrackerOperations.select_customer()
2018-11-19 14:42:40,170 INFO: Executing TransactionTrackerOperations.select_customer()
2018-11-19 14:42:51,240 INFO: Executing TransactionTrackerOperations.get_CM_parcels()
2018-11-19 14:42:57,276 INFO: Executing TransactionTrackerOperations.search_process_for_CMPDM() for: Performance Health|McKesson HATTISBURG CLINIC|810
2018-11-19 14:42:57,927 INFO: Executing TransactionTrackerOperations.select_customer()
2018-11-19 14:43:04,721 INFO: Executing TransactionTrackerOperations.select_customer()
2018-11-19 14:43:15,715 INFO: Executing TransactionTrackerOperations.get_CM_parcels()
2018-11-19 14:43:21,244 INFO: Executing TransactionTrackerOperations.search_process_for_CMPDM() for: Performance Health|McKesson IL BONE AND JOINT|810
2018-11-19 14:43:21,933 INFO: Executing TransactionTrackerOperations.select_customer()
2018-11-19 14:43:28,720 INFO: Executing TransactionTrackerOperations.select_customer()
2018-11-19 14:43:39,660 INFO: Executing TransactionTrackerOperations.get_CM_parcels()
2018-11-19 14:43:46,755 INFO: Executing TransactionTrackerOperations.search_process_for_CMPDM() for: Performance Health|McKesson LAKE CHARLES MEMORIAL HOSPITAL|810
2018-11-19 14:43:46,773 INFO: Executing TransactionTrackerOperations.select_customer()
2018-11-19 14:43:53,527 INFO: Executing TransactionTrackerOperations.select_customer()
2018-11-19 14:44:04,744 INFO: Executing TransactionTrackerOperations.get_CM_parcels()
2018-11-19 14:44:10,851 INFO: Executing TransactionTrackerOperations.search_process_for_CMPDM() for: Performance Health|McKesson LAWRENCE MEMORIAL HOSPITAL|810
2018-11-19 14:44:11,555 INFO: Executing TransactionTrackerOperations.select_customer()
2018-11-19 14:44:18,323 INFO: Executing TransactionTrackerOperations.select_customer()
2018-11-19 14:44:29,495 INFO: Executing TransactionTrackerOperations.get_CM_parcels()
2018-11-19 14:44:31,807 INFO: NoSuchElementException in TransactionTrackerOperations.get_CM_parcels()
2018-11-19 14:44:36,029 INFO: NoSuchElementException in TransactionTrackerOperations.get_CM_parcels()
2018-11-19 14:44:40,224 INFO: NoSuchElementException in TransactionTrackerOperations.get_CM_parcels()
2018-11-19 14:44:44,333 INFO: NoSuchElementException in TransactionTrackerOperations.get_CM_parcels()
2018-11-19 14:44:52,662 INFO: Executing TransactionTrackerOperations.search_process_for_CMPDM() for: Performance Health|McKesson LEESBURG REGIONAL|810
2018-11-19 14:44:53,311 INFO: Executing TransactionTrackerOperations.select_customer()
2018-11-19 14:45:00,051 INFO: Executing TransactionTrackerOperations.select_customer()
2018-11-19 14:45:10,954 INFO: Executing TransactionTrackerOperations.get_CM_parcels()
2018-11-19 14:45:11,693 INFO: NoSuchElementException in TransactionTrackerOperations.get_CM_parcels()
2018-11-19 14:45:18,787 INFO: Executing TransactionTrackerOperations.search_process_for_CMPDM() for: Performance Health|McKesson LOMA LINDA UNIVERSITY MEDICAL CENTER|810
2018-11-19 14:45:18,899 INFO: Executing TransactionTrackerOperations.select_customer()
2018-11-19 14:45:25,655 INFO: Executing TransactionTrackerOperations.select_customer()
2018-11-19 14:45:36,947 INFO: Executing TransactionTrackerOperations.get_CM_parcels()
2018-11-19 14:45:37,227 INFO: NoSuchElementException in TransactionTrackerOperations.get_CM_parcels()
2018-11-19 14:45:44,147 INFO: Executing TransactionTrackerOperations.search_process_for_CMPDM() for: Performance Health|McKesson MCG HEALTH INC|810
2018-11-19 14:45:44,172 INFO: Executing TransactionTrackerOperations.select_customer()
2018-11-19 14:45:50,942 INFO: Executing TransactionTrackerOperations.select_customer()
2018-11-19 14:46:01,900 INFO: Executing TransactionTrackerOperations.get_CM_parcels()
2018-11-19 14:46:04,313 INFO: NoSuchElementException in TransactionTrackerOperations.get_CM_parcels()
2018-11-19 14:46:08,542 INFO: NoSuchElementException in TransactionTrackerOperations.get_CM_parcels()
2018-11-19 14:46:12,799 INFO: NoSuchElementException in TransactionTrackerOperations.get_CM_parcels()
2018-11-19 14:46:16,227 INFO: NoSuchElementException in TransactionTrackerOperations.get_CM_parcels()
2018-11-19 14:46:23,854 INFO: Executing TransactionTrackerOperations.search_process_for_CMPDM() for: Performance Health|McKesson NCH HEALTHCARE|810
2018-11-19 14:46:23,885 INFO: Executing TransactionTrackerOperations.select_customer()
2018-11-19 14:46:30,639 INFO: Executing TransactionTrackerOperations.select_customer()
2018-11-19 14:46:41,520 INFO: Executing TransactionTrackerOperations.get_CM_parcels()
2018-11-19 14:46:43,835 INFO: NoSuchElementException in TransactionTrackerOperations.get_CM_parcels()
2018-11-19 14:46:48,065 INFO: NoSuchElementException in TransactionTrackerOperations.get_CM_parcels()
2018-11-19 14:46:52,235 INFO: NoSuchElementException in TransactionTrackerOperations.get_CM_parcels()
2018-11-19 14:46:56,373 INFO: NoSuchElementException in TransactionTrackerOperations.get_CM_parcels()
2018-11-19 14:47:00,154 INFO: NoSuchElementException in TransactionTrackerOperations.get_CM_parcels()
2018-11-19 14:47:06,719 INFO: Executing TransactionTrackerOperations.search_process_for_CMPDM() for: Performance Health|McKesson SACRED HEART HOSPITAL|810
2018-11-19 14:47:07,398 INFO: Executing TransactionTrackerOperations.select_customer()
2018-11-19 14:47:14,167 INFO: Executing TransactionTrackerOperations.select_customer()
2018-11-19 14:47:25,220 INFO: Executing TransactionTrackerOperations.get_CM_parcels()
2018-11-19 14:47:31,161 INFO: Executing TransactionTrackerOperations.search_process_for_CMPDM() for: Performance Health|McKesson SAINT FRANCES MEDICAL CENTER|810
2018-11-19 14:47:31,816 INFO: Executing TransactionTrackerOperations.select_customer()
2018-11-19 14:47:38,559 INFO: Executing TransactionTrackerOperations.select_customer()
2018-11-19 14:47:49,734 INFO: Executing TransactionTrackerOperations.get_CM_parcels()
2018-11-19 14:47:52,046 INFO: NoSuchElementException in TransactionTrackerOperations.get_CM_parcels()
2018-11-19 14:47:56,304 INFO: NoSuchElementException in TransactionTrackerOperations.get_CM_parcels()
2018-11-19 14:47:59,931 INFO: NoSuchElementException in TransactionTrackerOperations.get_CM_parcels()
2018-11-19 14:48:06,524 INFO: Executing TransactionTrackerOperations.search_process_for_CMPDM() for: Performance Health|McKesson SOUTHERN NEW HAMPSHIRE MEDICAL CENTER|810
2018-11-19 14:48:07,198 INFO: Executing TransactionTrackerOperations.select_customer()
2018-11-19 14:48:14,011 INFO: Executing TransactionTrackerOperations.select_customer()
2018-11-19 14:48:25,372 INFO: Executing TransactionTrackerOperations.get_CM_parcels()
2018-11-19 14:48:27,713 INFO: NoSuchElementException in TransactionTrackerOperations.get_CM_parcels()
2018-11-19 14:48:31,956 INFO: NoSuchElementException in TransactionTrackerOperations.get_CM_parcels()
2018-11-19 14:48:35,348 INFO: NoSuchElementException in TransactionTrackerOperations.get_CM_parcels()
2018-11-19 14:48:43,765 INFO: Executing TransactionTrackerOperations.search_process_for_CMPDM() for: Performance Health|McKesson TIFT REGIONAL MEDICAL CENTER|810
2018-11-19 14:48:43,782 INFO: Executing TransactionTrackerOperations.select_customer()
2018-11-19 14:48:50,565 INFO: Executing TransactionTrackerOperations.select_customer()
2018-11-19 14:49:01,755 INFO: Executing TransactionTrackerOperations.get_CM_parcels()
2018-11-19 14:49:08,136 INFO: Executing TransactionTrackerOperations.search_process_for_CMPDM() for: Performance Health|McKesson TRINITY MOTHER FRANCES HOSPITAL|810
2018-11-19 14:49:08,152 INFO: Executing TransactionTrackerOperations.select_customer()
2018-11-19 14:49:14,875 INFO: Executing TransactionTrackerOperations.select_customer()
2018-11-19 14:49:26,089 INFO: Executing TransactionTrackerOperations.get_CM_parcels()
2018-11-19 14:49:28,413 INFO: NoSuchElementException in TransactionTrackerOperations.get_CM_parcels()
2018-11-19 14:49:32,639 INFO: NoSuchElementException in TransactionTrackerOperations.get_CM_parcels()
2018-11-19 14:49:36,842 INFO: NoSuchElementException in TransactionTrackerOperations.get_CM_parcels()
2018-11-19 14:49:41,021 INFO: NoSuchElementException in TransactionTrackerOperations.get_CM_parcels()
2018-11-19 14:49:45,036 INFO: NoSuchElementException in TransactionTrackerOperations.get_CM_parcels()
2018-11-19 14:49:52,757 INFO: Executing TransactionTrackerOperations.search_process_for_CMPDM() for: Performance Health|McKesson Truman Medical Center|810
2018-11-19 14:49:53,062 INFO: Executing TransactionTrackerOperations.select_customer()
2018-11-19 14:49:59,834 INFO: Executing TransactionTrackerOperations.select_customer()
2018-11-19 14:50:10,805 INFO: Executing TransactionTrackerOperations.get_CM_parcels()
2018-11-19 14:50:13,175 INFO: NoSuchElementException in TransactionTrackerOperations.get_CM_parcels()
2018-11-19 14:50:17,401 INFO: NoSuchElementException in TransactionTrackerOperations.get_CM_parcels()
2018-11-19 14:50:21,628 INFO: NoSuchElementException in TransactionTrackerOperations.get_CM_parcels()
2018-11-19 14:50:25,809 INFO: NoSuchElementException in TransactionTrackerOperations.get_CM_parcels()
2018-11-19 14:50:30,059 INFO: NoSuchElementException in TransactionTrackerOperations.get_CM_parcels()
2018-11-19 14:50:34,236 INFO: NoSuchElementException in TransactionTrackerOperations.get_CM_parcels()
2018-11-19 14:50:38,466 INFO: NoSuchElementException in TransactionTrackerOperations.get_CM_parcels()
2018-11-19 14:50:42,654 INFO: NoSuchElementException in TransactionTrackerOperations.get_CM_parcels()
2018-11-19 14:50:46,896 INFO: NoSuchElementException in TransactionTrackerOperations.get_CM_parcels()
2018-11-19 14:50:51,198 INFO: NoSuchElementException in TransactionTrackerOperations.get_CM_parcels()
2018-11-19 14:50:55,686 INFO: NoSuchElementException in TransactionTrackerOperations.get_CM_parcels()
2018-11-19 14:51:00,092 INFO: NoSuchElementException in TransactionTrackerOperations.get_CM_parcels()
2018-11-19 14:51:04,400 INFO: NoSuchElementException in TransactionTrackerOperations.get_CM_parcels()
2018-11-19 14:51:08,803 INFO: NoSuchElementException in TransactionTrackerOperations.get_CM_parcels()
2018-11-19 14:51:12,310 INFO: NoSuchElementException in TransactionTrackerOperations.get_CM_parcels()
2018-11-19 14:51:19,034 INFO: Executing TransactionTrackerOperations.search_process_for_CMPDM() for: Performance Health|McKesson UNITED HOSPITAL SYSTEM INC|810
2018-11-19 14:51:19,779 INFO: Executing TransactionTrackerOperations.select_customer()
2018-11-19 14:51:26,621 INFO: Executing TransactionTrackerOperations.select_customer()
2018-11-19 14:51:38,003 INFO: Executing TransactionTrackerOperations.get_CM_parcels()
2018-11-19 14:51:40,676 INFO: NoSuchElementException in TransactionTrackerOperations.get_CM_parcels()
2018-11-19 14:51:44,925 INFO: NoSuchElementException in TransactionTrackerOperations.get_CM_parcels()
2018-11-19 14:51:52,920 INFO: Executing TransactionTrackerOperations.search_process_for_CMPDM() for: Performance Health|McKesson VAIL VALLEY MEDICAL CENTER|810
2018-11-19 14:51:52,940 INFO: Executing TransactionTrackerOperations.select_customer()
2018-11-19 14:51:59,717 INFO: Executing TransactionTrackerOperations.select_customer()
2018-11-19 14:52:10,862 INFO: Executing TransactionTrackerOperations.get_CM_parcels()
2018-11-19 14:52:13,334 INFO: NoSuchElementException in TransactionTrackerOperations.get_CM_parcels()
2018-11-19 14:52:17,767 INFO: NoSuchElementException in TransactionTrackerOperations.get_CM_parcels()
2018-11-19 14:52:22,031 INFO: NoSuchElementException in TransactionTrackerOperations.get_CM_parcels()
2018-11-19 14:52:26,208 INFO: NoSuchElementException in TransactionTrackerOperations.get_CM_parcels()
2018-11-19 14:52:30,470 INFO: NoSuchElementException in TransactionTrackerOperations.get_CM_parcels()
2018-11-19 14:52:34,693 INFO: NoSuchElementException in TransactionTrackerOperations.get_CM_parcels()
2018-11-19 14:52:38,901 INFO: NoSuchElementException in TransactionTrackerOperations.get_CM_parcels()
2018-11-19 14:52:43,166 INFO: NoSuchElementException in TransactionTrackerOperations.get_CM_parcels()
2018-11-19 14:52:47,423 INFO: NoSuchElementException in TransactionTrackerOperations.get_CM_parcels()
2018-11-19 14:52:51,673 INFO: NoSuchElementException in TransactionTrackerOperations.get_CM_parcels()
2018-11-19 14:52:55,924 INFO: NoSuchElementException in TransactionTrackerOperations.get_CM_parcels()
2018-11-19 14:53:00,384 INFO: NoSuchElementException in TransactionTrackerOperations.get_CM_parcels()
2018-11-19 14:53:08,976 INFO: Executing TransactionTrackerOperations.search_process_for_CMPDM() for: Performance Health|McKesson WHEATON FRANCISCAN HEALTHCARE|810
2018-11-19 14:53:09,187 INFO: Executing TransactionTrackerOperations.select_customer()
2018-11-19 14:53:15,946 INFO: Executing TransactionTrackerOperations.select_customer()
2018-11-19 14:53:27,163 INFO: Executing TransactionTrackerOperations.get_CM_parcels()
2018-11-19 14:53:33,196 INFO: Executing TransactionTrackerOperations.search_process_for_CMPDM() for: Performance Health|MFA DSSI|810
2018-11-19 14:53:33,824 INFO: Executing TransactionTrackerOperations.select_customer()
2018-11-19 14:53:40,742 INFO: Executing TransactionTrackerOperations.select_customer()
2018-11-19 14:53:51,641 INFO: Executing TransactionTrackerOperations.get_CM_parcels()
2018-11-19 14:53:58,663 INFO: Executing TransactionTrackerOperations.search_process_for_CMPDM() for: Performance Health|MIDWEST GERIATRIC DSSI|810
2018-11-19 14:53:58,990 INFO: Executing TransactionTrackerOperations.select_customer()
2018-11-19 14:54:05,793 INFO: Executing TransactionTrackerOperations.select_customer()
2018-11-19 14:54:17,293 INFO: Executing TransactionTrackerOperations.get_CM_parcels()
2018-11-19 14:54:23,275 INFO: Executing TransactionTrackerOperations.search_process_for_CMPDM() for: Performance Health|MIDWEST HEALTH DSSI|810
2018-11-19 14:54:24,005 INFO: Executing TransactionTrackerOperations.select_customer()
2018-11-19 14:54:30,853 INFO: Executing TransactionTrackerOperations.select_customer()
2018-11-19 14:54:41,951 INFO: Executing TransactionTrackerOperations.get_CM_parcels()
2018-11-19 14:54:44,398 INFO: NoSuchElementException in TransactionTrackerOperations.get_CM_parcels()
2018-11-19 14:54:48,538 INFO: NoSuchElementException in TransactionTrackerOperations.get_CM_parcels()
2018-11-19 14:54:56,873 INFO: Executing TransactionTrackerOperations.search_process_for_CMPDM() for: Performance Health|MISSION HEALTH DSSI|810
2018-11-19 14:54:57,577 INFO: Executing TransactionTrackerOperations.select_customer()
2018-11-19 14:55:04,448 INFO: Executing TransactionTrackerOperations.select_customer()
2018-11-19 14:55:15,594 INFO: Executing TransactionTrackerOperations.get_CM_parcels()
2018-11-19 14:55:18,018 INFO: NoSuchElementException in TransactionTrackerOperations.get_CM_parcels()
2018-11-19 14:55:22,447 INFO: NoSuchElementException in TransactionTrackerOperations.get_CM_parcels()
2018-11-19 14:55:26,983 INFO: NoSuchElementException in TransactionTrackerOperations.get_CM_parcels()
2018-11-19 14:55:31,239 INFO: NoSuchElementException in TransactionTrackerOperations.get_CM_parcels()
2018-11-19 14:55:35,530 INFO: NoSuchElementException in TransactionTrackerOperations.get_CM_parcels()
2018-11-19 14:55:39,322 INFO: NoSuchElementException in TransactionTrackerOperations.get_CM_parcels()
2018-11-19 14:55:45,941 INFO: Executing TransactionTrackerOperations.search_process_for_CMPDM() for: Performance Health|NEXION DSSI|810
2018-11-19 14:55:46,566 INFO: Executing TransactionTrackerOperations.select_customer()
2018-11-19 14:55:53,518 INFO: Executing TransactionTrackerOperations.select_customer()
2018-11-19 14:56:04,592 INFO: Executing TransactionTrackerOperations.get_CM_parcels()
2018-11-19 14:56:07,399 INFO: NoSuchElementException in TransactionTrackerOperations.get_CM_parcels()
2018-11-19 14:56:12,325 INFO: NoSuchElementException in TransactionTrackerOperations.get_CM_parcels()
2018-11-19 14:56:16,969 INFO: NoSuchElementException in TransactionTrackerOperations.get_CM_parcels()
2018-11-19 14:56:21,549 INFO: NoSuchElementException in TransactionTrackerOperations.get_CM_parcels()
2018-11-19 14:56:25,847 INFO: NoSuchElementException in TransactionTrackerOperations.get_CM_parcels()
2018-11-19 14:56:30,179 INFO: NoSuchElementException in TransactionTrackerOperations.get_CM_parcels()
2018-11-19 14:56:33,464 INFO: NoSuchElementException in TransactionTrackerOperations.get_CM_parcels()
2018-11-19 14:56:40,149 INFO: Executing TransactionTrackerOperations.search_process_for_CMPDM() for: Performance Health|NOLAND HEALTH SERVICES DSSI|810
2018-11-19 14:56:41,061 INFO: Executing TransactionTrackerOperations.select_customer()
2018-11-19 14:56:47,941 INFO: Executing TransactionTrackerOperations.select_customer()
2018-11-19 14:56:59,351 INFO: Executing TransactionTrackerOperations.get_CM_parcels()
2018-11-19 14:57:01,946 INFO: NoSuchElementException in TransactionTrackerOperations.get_CM_parcels()
2018-11-19 14:57:06,462 INFO: NoSuchElementException in TransactionTrackerOperations.get_CM_parcels()
2018-11-19 14:57:10,609 INFO: NoSuchElementException in TransactionTrackerOperations.get_CM_parcels()
2018-11-19 14:57:18,799 INFO: Executing TransactionTrackerOperations.search_process_for_CMPDM() for: Performance Health|NORTHERN HILLS DSSI|810
2018-11-19 14:57:18,828 INFO: Executing TransactionTrackerOperations.select_customer()
2018-11-19 14:57:25,728 INFO: Executing TransactionTrackerOperations.select_customer()
2018-11-19 14:57:36,940 INFO: Executing TransactionTrackerOperations.get_CM_parcels()
2018-11-19 14:57:39,333 INFO: NoSuchElementException in TransactionTrackerOperations.get_CM_parcels()
2018-11-19 14:57:43,672 INFO: NoSuchElementException in TransactionTrackerOperations.get_CM_parcels()
2018-11-19 14:57:48,237 INFO: NoSuchElementException in TransactionTrackerOperations.get_CM_parcels()
2018-11-19 14:57:52,483 INFO: NoSuchElementException in TransactionTrackerOperations.get_CM_parcels()
2018-11-19 14:57:56,858 INFO: NoSuchElementException in TransactionTrackerOperations.get_CM_parcels()
2018-11-19 14:58:01,288 INFO: NoSuchElementException in TransactionTrackerOperations.get_CM_parcels()
2018-11-19 14:58:05,636 INFO: NoSuchElementException in TransactionTrackerOperations.get_CM_parcels()
2018-11-19 14:58:10,443 INFO: NoSuchElementException in TransactionTrackerOperations.get_CM_parcels()
2018-11-19 14:58:15,134 INFO: NoSuchElementException in TransactionTrackerOperations.get_CM_parcels()
2018-11-19 14:58:19,799 INFO: NoSuchElementException in TransactionTrackerOperations.get_CM_parcels()
2018-11-19 14:58:24,171 INFO: NoSuchElementException in TransactionTrackerOperations.get_CM_parcels()
2018-11-19 14:58:26,809 INFO: NoSuchElementException in TransactionTrackerOperations.get_CM_parcels()
2018-11-19 14:58:34,606 INFO: Executing TransactionTrackerOperations.search_process_for_CMPDM() for: Performance Health|NORTHPORT DSSI|810
2018-11-19 14:58:34,626 INFO: Executing TransactionTrackerOperations.select_customer()
2018-11-19 14:58:41,444 INFO: Executing TransactionTrackerOperations.select_customer()
2018-11-19 14:58:52,414 INFO: Executing TransactionTrackerOperations.get_CM_parcels()
2018-11-19 14:58:59,391 INFO: Executing TransactionTrackerOperations.search_process_for_CMPDM() for: Performance Health|NUVISION DSSI|810
2018-11-19 14:58:59,407 INFO: Executing TransactionTrackerOperations.select_customer()
2018-11-19 14:59:06,207 INFO: Executing TransactionTrackerOperations.select_customer()
2018-11-19 14:59:17,247 INFO: Executing TransactionTrackerOperations.get_CM_parcels()
2018-11-19 14:59:19,872 INFO: NoSuchElementException in TransactionTrackerOperations.get_CM_parcels()
2018-11-19 14:59:24,139 INFO: NoSuchElementException in TransactionTrackerOperations.get_CM_parcels()
2018-11-19 14:59:26,927 INFO: NoSuchElementException in TransactionTrackerOperations.get_CM_parcels()
2018-11-19 14:59:33,891 INFO: Executing TransactionTrackerOperations.search_process_for_CMPDM() for: Performance Health|ONIX GROUP DSSI|810
2018-11-19 14:59:34,061 INFO: Executing TransactionTrackerOperations.select_customer()
2018-11-19 14:59:40,957 INFO: Executing TransactionTrackerOperations.select_customer()
2018-11-19 14:59:52,217 INFO: Executing TransactionTrackerOperations.get_CM_parcels()
2018-11-19 14:59:54,714 INFO: NoSuchElementException in TransactionTrackerOperations.get_CM_parcels()
2018-11-19 14:59:59,026 INFO: NoSuchElementException in TransactionTrackerOperations.get_CM_parcels()
2018-11-19 15:00:03,406 INFO: NoSuchElementException in TransactionTrackerOperations.get_CM_parcels()
2018-11-19 15:00:06,000 INFO: NoSuchElementException in TransactionTrackerOperations.get_CM_parcels()
2018-11-19 15:00:12,926 INFO: Executing TransactionTrackerOperations.search_process_for_CMPDM() for: Performance Health|PENNMED CONSULTANTS INC DSSI|810
2018-11-19 15:00:13,565 INFO: Executing TransactionTrackerOperations.select_customer()
2018-11-19 15:00:20,311 INFO: Executing TransactionTrackerOperations.select_customer()
2018-11-19 15:00:31,329 INFO: Executing TransactionTrackerOperations.get_CM_parcels()
2018-11-19 15:00:38,866 INFO: Executing TransactionTrackerOperations.search_process_for_CMPDM() for: Performance Health|PREFERRED CARE DSSI|810
2018-11-19 15:00:38,881 INFO: Executing TransactionTrackerOperations.select_customer()
2018-11-19 15:00:45,631 INFO: Executing TransactionTrackerOperations.select_customer()
2018-11-19 15:00:56,482 INFO: Executing TransactionTrackerOperations.get_CM_parcels()
2018-11-19 15:01:01,965 INFO: Executing TransactionTrackerOperations.search_process_for_CMPDM() for: Performance Health|PRESBYTERIAN HOMES AND SERVICES DSSI|810
2018-11-19 15:01:02,079 INFO: Executing TransactionTrackerOperations.select_customer()
2018-11-19 15:01:08,798 INFO: Executing TransactionTrackerOperations.select_customer()
2018-11-19 15:01:20,004 INFO: Executing TransactionTrackerOperations.get_CM_parcels()
2018-11-19 15:01:22,324 INFO: NoSuchElementException in TransactionTrackerOperations.get_CM_parcels()
2018-11-19 15:01:26,541 INFO: NoSuchElementException in TransactionTrackerOperations.get_CM_parcels()
2018-11-19 15:01:30,826 INFO: NoSuchElementException in TransactionTrackerOperations.get_CM_parcels()
2018-11-19 15:01:35,005 INFO: NoSuchElementException in TransactionTrackerOperations.get_CM_parcels()
2018-11-19 15:01:37,607 INFO: NoSuchElementException in TransactionTrackerOperations.get_CM_parcels()
2018-11-19 15:01:44,292 INFO: Executing TransactionTrackerOperations.search_process_for_CMPDM() for: Performance Health|PRESBYTERIAN SENIOR LIVING DSSI|810
2018-11-19 15:01:44,447 INFO: Executing TransactionTrackerOperations.select_customer()
2018-11-19 15:01:51,241 INFO: Executing TransactionTrackerOperations.select_customer()
2018-11-19 15:02:02,551 INFO: Executing TransactionTrackerOperations.get_CM_parcels()
2018-11-19 15:02:04,954 INFO: NoSuchElementException in TransactionTrackerOperations.get_CM_parcels()
2018-11-19 15:02:09,267 INFO: NoSuchElementException in TransactionTrackerOperations.get_CM_parcels()
2018-11-19 15:02:12,444 INFO: NoSuchElementException in TransactionTrackerOperations.get_CM_parcels()
2018-11-19 15:02:19,582 INFO: Executing TransactionTrackerOperations.search_process_for_CMPDM() for: Performance Health|QUALITY LIFE SERVICES DSSI|810
2018-11-19 15:02:19,729 INFO: Executing TransactionTrackerOperations.select_customer()
2018-11-19 15:02:26,495 INFO: Executing TransactionTrackerOperations.select_customer()
2018-11-19 15:02:37,419 INFO: Executing TransactionTrackerOperations.get_CM_parcels()
2018-11-19 15:02:39,764 INFO: NoSuchElementException in TransactionTrackerOperations.get_CM_parcels()
2018-11-19 15:02:43,987 INFO: NoSuchElementException in TransactionTrackerOperations.get_CM_parcels()
2018-11-19 15:02:48,438 INFO: NoSuchElementException in TransactionTrackerOperations.get_CM_parcels()
2018-11-19 15:02:52,619 INFO: NoSuchElementException in TransactionTrackerOperations.get_CM_parcels()
2018-11-19 15:02:56,573 INFO: NoSuchElementException in TransactionTrackerOperations.get_CM_parcels()
2018-11-19 15:03:04,185 INFO: Executing TransactionTrackerOperations.search_process_for_CMPDM() for: Performance Health|Quest Healthcare Development DSSI|810
2018-11-19 15:03:04,199 INFO: Executing TransactionTrackerOperations.select_customer()
2018-11-19 15:03:10,955 INFO: Executing TransactionTrackerOperations.select_customer()
2018-11-19 15:03:21,933 INFO: Executing TransactionTrackerOperations.get_CM_parcels()
2018-11-19 15:03:27,734 INFO: Executing TransactionTrackerOperations.search_process_for_CMPDM() for: Performance Health|Regency Integrated Health Services DSSI|810
2018-11-19 15:03:28,398 INFO: Executing TransactionTrackerOperations.select_customer()
2018-11-19 15:03:35,188 INFO: Executing TransactionTrackerOperations.select_customer()
2018-11-19 15:03:46,391 INFO: Executing TransactionTrackerOperations.get_CM_parcels()
2018-11-19 15:03:48,911 INFO: NoSuchElementException in TransactionTrackerOperations.get_CM_parcels()
2018-11-19 15:03:53,211 INFO: NoSuchElementException in TransactionTrackerOperations.get_CM_parcels()
2018-11-19 15:03:57,526 INFO: NoSuchElementException in TransactionTrackerOperations.get_CM_parcels()
2018-11-19 15:04:01,749 INFO: NoSuchElementException in TransactionTrackerOperations.get_CM_parcels()
2018-11-19 15:04:06,077 INFO: NoSuchElementException in TransactionTrackerOperations.get_CM_parcels()
2018-11-19 15:04:10,364 INFO: NoSuchElementException in TransactionTrackerOperations.get_CM_parcels()
2018-11-19 15:04:14,602 INFO: NoSuchElementException in TransactionTrackerOperations.get_CM_parcels()
2018-11-19 15:04:18,911 INFO: NoSuchElementException in TransactionTrackerOperations.get_CM_parcels()
2018-11-19 15:04:23,304 INFO: NoSuchElementException in TransactionTrackerOperations.get_CM_parcels()
2018-11-19 15:04:28,058 INFO: NoSuchElementException in TransactionTrackerOperations.get_CM_parcels()
2018-11-19 15:04:32,415 INFO: NoSuchElementException in TransactionTrackerOperations.get_CM_parcels()
2018-11-19 15:04:36,941 INFO: NoSuchElementException in TransactionTrackerOperations.get_CM_parcels()
2018-11-19 15:04:41,378 INFO: NoSuchElementException in TransactionTrackerOperations.get_CM_parcels()
2018-11-19 15:04:45,771 INFO: NoSuchElementException in TransactionTrackerOperations.get_CM_parcels()
2018-11-19 15:04:50,283 INFO: NoSuchElementException in TransactionTrackerOperations.get_CM_parcels()
2018-11-19 15:04:54,800 INFO: NoSuchElementException in TransactionTrackerOperations.get_CM_parcels()
2018-11-19 15:04:59,182 INFO: NoSuchElementException in TransactionTrackerOperations.get_CM_parcels()
2018-11-19 15:05:01,620 INFO: NoSuchElementException in TransactionTrackerOperations.get_CM_parcels()
2018-11-19 15:05:09,766 INFO: Executing TransactionTrackerOperations.search_process_for_CMPDM() for: Performance Health|RENNES HEALTH DSSI|810
2018-11-19 15:05:09,785 INFO: Executing TransactionTrackerOperations.select_customer()
2018-11-19 15:05:16,554 INFO: Executing TransactionTrackerOperations.select_customer()
2018-11-19 15:05:27,661 INFO: Executing TransactionTrackerOperations.get_CM_parcels()
2018-11-19 15:05:30,235 INFO: NoSuchElementException in TransactionTrackerOperations.get_CM_parcels()
2018-11-19 15:05:34,836 INFO: NoSuchElementException in TransactionTrackerOperations.get_CM_parcels()
2018-11-19 15:05:39,279 INFO: NoSuchElementException in TransactionTrackerOperations.get_CM_parcels()
2018-11-19 15:05:43,715 INFO: NoSuchElementException in TransactionTrackerOperations.get_CM_parcels()
2018-11-19 15:05:50,269 INFO: Executing TransactionTrackerOperations.search_process_for_CMPDM() for: Performance Health|SABER HEALTHCARE DSSI|810
2018-11-19 15:05:50,950 INFO: Executing TransactionTrackerOperations.select_customer()
2018-11-19 15:05:57,778 INFO: Executing TransactionTrackerOperations.select_customer()
2018-11-19 15:06:08,825 INFO: Executing TransactionTrackerOperations.get_CM_parcels()
2018-11-19 15:06:14,974 INFO: Executing TransactionTrackerOperations.search_process_for_CMPDM() for: Performance Health|SPRENGER HEALTHCARE DSSI|810
2018-11-19 15:06:15,141 INFO: Executing TransactionTrackerOperations.select_customer()
2018-11-19 15:06:21,905 INFO: Executing TransactionTrackerOperations.select_customer()
2018-11-19 15:06:33,110 INFO: Executing TransactionTrackerOperations.get_CM_parcels()
2018-11-19 15:06:35,702 INFO: NoSuchElementException in TransactionTrackerOperations.get_CM_parcels()
2018-11-19 15:06:40,017 INFO: NoSuchElementException in TransactionTrackerOperations.get_CM_parcels()
2018-11-19 15:06:44,210 INFO: NoSuchElementException in TransactionTrackerOperations.get_CM_parcels()
2018-11-19 15:06:48,382 INFO: NoSuchElementException in TransactionTrackerOperations.get_CM_parcels()
2018-11-19 15:06:52,537 INFO: NoSuchElementException in TransactionTrackerOperations.get_CM_parcels()
2018-11-19 15:06:56,766 INFO: NoSuchElementException in TransactionTrackerOperations.get_CM_parcels()
2018-11-19 15:07:00,935 INFO: NoSuchElementException in TransactionTrackerOperations.get_CM_parcels()
2018-11-19 15:07:03,785 INFO: NoSuchElementException in TransactionTrackerOperations.get_CM_parcels()
2018-11-19 15:07:12,416 INFO: Executing TransactionTrackerOperations.search_process_for_CMPDM() for: Performance Health|SPRINGPOINT DSSI|810
2018-11-19 15:07:12,441 INFO: Executing TransactionTrackerOperations.select_customer()
2018-11-19 15:07:19,201 INFO: Executing TransactionTrackerOperations.select_customer()
2018-11-19 15:07:30,203 INFO: Executing TransactionTrackerOperations.get_CM_parcels()
2018-11-19 15:07:32,573 INFO: NoSuchElementException in TransactionTrackerOperations.get_CM_parcels()
2018-11-19 15:07:36,860 INFO: NoSuchElementException in TransactionTrackerOperations.get_CM_parcels()
2018-11-19 15:07:41,282 INFO: NoSuchElementException in TransactionTrackerOperations.get_CM_parcels()
2018-11-19 15:07:44,168 INFO: NoSuchElementException in TransactionTrackerOperations.get_CM_parcels()
2018-11-19 15:07:51,033 INFO: Executing TransactionTrackerOperations.search_process_for_CMPDM() for: Performance Health|STONERISE MEDICAL DSSI|810
2018-11-19 15:07:52,022 INFO: Executing TransactionTrackerOperations.select_customer()
2018-11-19 15:07:58,830 INFO: Executing TransactionTrackerOperations.select_customer()
2018-11-19 15:08:10,626 INFO: Executing TransactionTrackerOperations.get_CM_parcels()
2018-11-19 15:08:13,801 INFO: NoSuchElementException in TransactionTrackerOperations.get_CM_parcels()
2018-11-19 15:08:18,664 INFO: NoSuchElementException in TransactionTrackerOperations.get_CM_parcels()
2018-11-19 15:08:23,291 INFO: NoSuchElementException in TransactionTrackerOperations.get_CM_parcels()
2018-11-19 15:08:27,870 INFO: NoSuchElementException in TransactionTrackerOperations.get_CM_parcels()
2018-11-19 15:08:32,320 INFO: NoSuchElementException in TransactionTrackerOperations.get_CM_parcels()
2018-11-19 15:08:37,026 INFO: NoSuchElementException in TransactionTrackerOperations.get_CM_parcels()
2018-11-19 15:08:41,578 INFO: NoSuchElementException in TransactionTrackerOperations.get_CM_parcels()
2018-11-19 15:08:45,900 INFO: NoSuchElementException in TransactionTrackerOperations.get_CM_parcels()
2018-11-19 15:08:50,438 INFO: NoSuchElementException in TransactionTrackerOperations.get_CM_parcels()
2018-11-19 15:08:54,914 INFO: NoSuchElementException in TransactionTrackerOperations.get_CM_parcels()
2018-11-19 15:08:59,477 INFO: NoSuchElementException in TransactionTrackerOperations.get_CM_parcels()
2018-11-19 15:09:03,868 INFO: NoSuchElementException in TransactionTrackerOperations.get_CM_parcels()
2018-11-19 15:09:08,396 INFO: NoSuchElementException in TransactionTrackerOperations.get_CM_parcels()
2018-11-19 15:09:13,362 INFO: NoSuchElementException in TransactionTrackerOperations.get_CM_parcels()
2018-11-19 15:09:17,532 INFO: NoSuchElementException in TransactionTrackerOperations.get_CM_parcels()
2018-11-19 15:09:24,345 INFO: Executing TransactionTrackerOperations.search_process_for_CMPDM() for: Performance Health|TAMARAC ADMINISTRACTIVE SERVICES DSSI|810
2018-11-19 15:09:25,023 INFO: Executing TransactionTrackerOperations.select_customer()
2018-11-19 15:09:31,781 INFO: Executing TransactionTrackerOperations.select_customer()
2018-11-19 15:09:43,448 INFO: Executing TransactionTrackerOperations.get_CM_parcels()
2018-11-19 15:09:49,504 INFO: Executing TransactionTrackerOperations.search_process_for_CMPDM() for: Performance Health|TANDEM HEALTHCARE DSSI|810
2018-11-19 15:09:49,795 INFO: Executing TransactionTrackerOperations.select_customer()
2018-11-19 15:09:56,691 INFO: Executing TransactionTrackerOperations.select_customer()
2018-11-19 15:10:08,008 INFO: Executing TransactionTrackerOperations.get_CM_parcels()
2018-11-19 15:10:14,155 INFO: Executing TransactionTrackerOperations.search_process_for_CMPDM() for: Performance Health|TARA CARES LLC DSSI|810
2018-11-19 15:10:14,533 INFO: Executing TransactionTrackerOperations.select_customer()
2018-11-19 15:10:21,301 INFO: Executing TransactionTrackerOperations.select_customer()
2018-11-19 15:10:32,570 INFO: Executing TransactionTrackerOperations.get_CM_parcels()
2018-11-19 15:10:34,901 INFO: NoSuchElementException in TransactionTrackerOperations.get_CM_parcels()
2018-11-19 15:10:39,157 INFO: NoSuchElementException in TransactionTrackerOperations.get_CM_parcels()
2018-11-19 15:10:44,001 INFO: NoSuchElementException in TransactionTrackerOperations.get_CM_parcels()
2018-11-19 15:10:48,201 INFO: NoSuchElementException in TransactionTrackerOperations.get_CM_parcels()
2018-11-19 15:10:52,424 INFO: NoSuchElementException in TransactionTrackerOperations.get_CM_parcels()
2018-11-19 15:10:56,744 INFO: NoSuchElementException in TransactionTrackerOperations.get_CM_parcels()
2018-11-19 15:11:00,966 INFO: NoSuchElementException in TransactionTrackerOperations.get_CM_parcels()
2018-11-19 15:11:05,247 INFO: NoSuchElementException in TransactionTrackerOperations.get_CM_parcels()
2018-11-19 15:11:09,507 INFO: NoSuchElementException in TransactionTrackerOperations.get_CM_parcels()
2018-11-19 15:11:13,799 INFO: NoSuchElementException in TransactionTrackerOperations.get_CM_parcels()
2018-11-19 15:11:18,059 INFO: NoSuchElementException in TransactionTrackerOperations.get_CM_parcels()
2018-11-19 15:11:22,301 INFO: NoSuchElementException in TransactionTrackerOperations.get_CM_parcels()
2018-11-19 15:11:26,583 INFO: NoSuchElementException in TransactionTrackerOperations.get_CM_parcels()
2018-11-19 15:11:30,803 INFO: NoSuchElementException in TransactionTrackerOperations.get_CM_parcels()
2018-11-19 15:11:35,040 INFO: NoSuchElementException in TransactionTrackerOperations.get_CM_parcels()
2018-11-19 15:11:39,327 INFO: NoSuchElementException in TransactionTrackerOperations.get_CM_parcels()
2018-11-19 15:11:43,544 INFO: NoSuchElementException in TransactionTrackerOperations.get_CM_parcels()
2018-11-19 15:11:45,936 INFO: NoSuchElementException in TransactionTrackerOperations.get_CM_parcels()
2018-11-19 15:11:53,128 INFO: Executing TransactionTrackerOperations.search_process_for_CMPDM() for: Performance Health|TEALWOOD TWN DSSI|810
2018-11-19 15:11:53,327 INFO: Executing TransactionTrackerOperations.select_customer()
2018-11-19 15:12:00,084 INFO: Executing TransactionTrackerOperations.select_customer()
2018-11-19 15:12:10,889 INFO: Executing TransactionTrackerOperations.get_CM_parcels()
2018-11-19 15:12:13,225 INFO: NoSuchElementException in TransactionTrackerOperations.get_CM_parcels()
2018-11-19 15:12:17,448 INFO: NoSuchElementException in TransactionTrackerOperations.get_CM_parcels()
2018-11-19 15:12:21,635 INFO: NoSuchElementException in TransactionTrackerOperations.get_CM_parcels()
2018-11-19 15:12:25,820 INFO: NoSuchElementException in TransactionTrackerOperations.get_CM_parcels()
2018-11-19 15:12:30,039 INFO: NoSuchElementException in TransactionTrackerOperations.get_CM_parcels()
2018-11-19 15:12:34,211 INFO: NoSuchElementException in TransactionTrackerOperations.get_CM_parcels()
2018-11-19 15:12:38,419 INFO: NoSuchElementException in TransactionTrackerOperations.get_CM_parcels()
2018-11-19 15:12:42,630 INFO: NoSuchElementException in TransactionTrackerOperations.get_CM_parcels()
2018-11-19 15:12:45,689 INFO: NoSuchElementException in TransactionTrackerOperations.get_CM_parcels()
2018-11-19 15:12:52,818 INFO: Executing TransactionTrackerOperations.search_process_for_CMPDM() for: Performance Health|TRANS HEALTH CARE DSSI|810
2018-11-19 15:12:53,610 INFO: Executing TransactionTrackerOperations.select_customer()
2018-11-19 15:13:00,397 INFO: Executing TransactionTrackerOperations.select_customer()
2018-11-19 15:13:11,749 INFO: Executing TransactionTrackerOperations.get_CM_parcels()
2018-11-19 15:13:17,234 INFO: Executing TransactionTrackerOperations.search_process_for_CMPDM() for: Performance Health|UNITED MEDICAL DSSI|810
2018-11-19 15:13:17,891 INFO: Executing TransactionTrackerOperations.select_customer()
2018-11-19 15:13:24,664 INFO: Executing TransactionTrackerOperations.select_customer()
2018-11-19 15:13:35,657 INFO: Executing TransactionTrackerOperations.get_CM_parcels()
2018-11-19 15:13:41,456 INFO: Executing TransactionTrackerOperations.search_process_for_CMPDM() for: Performance Health|WILMAC DSSI|810
2018-11-19 15:13:42,108 INFO: Executing TransactionTrackerOperations.select_customer()
2018-11-19 15:13:48,872 INFO: Executing TransactionTrackerOperations.select_customer()
2018-11-19 15:13:59,577 INFO: Executing TransactionTrackerOperations.get_CM_parcels()
2018-11-19 15:14:01,975 INFO: NoSuchElementException in TransactionTrackerOperations.get_CM_parcels()
2018-11-19 15:14:06,251 INFO: NoSuchElementException in TransactionTrackerOperations.get_CM_parcels()
2018-11-19 15:14:09,460 INFO: NoSuchElementException in TransactionTrackerOperations.get_CM_parcels()
2018-11-19 15:14:15,845 INFO: Executing TransactionTrackerOperations.search_process_for_CMPDM() for: Performance Health|Senior Care Centers LLC|810
2018-11-19 15:14:16,809 INFO: Executing TransactionTrackerOperations.select_customer()
2018-11-19 15:14:23,600 INFO: Executing TransactionTrackerOperations.select_customer()
2018-11-19 15:14:34,510 INFO: Executing TransactionTrackerOperations.get_CM_parcels()
2018-11-19 15:14:41,481 INFO: Executing TransactionTrackerOperations.search_process_for_CMPDM() for: Performance Health|AMERICAN SENIOR COMMUNITIES DSSI|810
2018-11-19 15:14:41,523 INFO: Executing TransactionTrackerOperations.select_customer()
2018-11-19 15:14:48,270 INFO: Executing TransactionTrackerOperations.select_customer()
2018-11-19 15:14:59,531 INFO: Executing TransactionTrackerOperations.get_CM_parcels()
2018-11-19 15:15:05,589 INFO: Executing TransactionTrackerOperations.search_process_for_CMPDM() for: Performance Health|BaneCare Management DSSI|810
2018-11-19 15:15:06,218 INFO: Executing TransactionTrackerOperations.select_customer()
2018-11-19 15:15:12,987 INFO: Executing TransactionTrackerOperations.select_customer()
2018-11-19 15:15:23,817 INFO: Executing TransactionTrackerOperations.get_CM_parcels()
2018-11-19 15:15:29,950 INFO: Executing TransactionTrackerOperations.search_process_for_CMPDM() for: Performance Health|DSSI Southern Healthcare|810
2018-11-19 15:15:30,587 INFO: Executing TransactionTrackerOperations.select_customer()
2018-11-19 15:15:37,337 INFO: Executing TransactionTrackerOperations.select_customer()
2018-11-19 15:15:48,464 INFO: Executing TransactionTrackerOperations.get_CM_parcels()
2018-11-19 15:15:54,407 INFO: Executing TransactionTrackerOperations.search_process_for_CMPDM() for: Performance Health|DSSI Next Step Healthcare|810
2018-11-19 15:15:54,511 INFO: Executing TransactionTrackerOperations.select_customer()
2018-11-19 15:16:01,306 INFO: Executing TransactionTrackerOperations.select_customer()
2018-11-19 15:16:12,448 INFO: Executing TransactionTrackerOperations.get_CM_parcels()
2018-11-19 15:16:14,721 INFO: NoSuchElementException in TransactionTrackerOperations.get_CM_parcels()
2018-11-19 15:16:18,962 INFO: NoSuchElementException in TransactionTrackerOperations.get_CM_parcels()
2018-11-19 15:16:23,143 INFO: NoSuchElementException in TransactionTrackerOperations.get_CM_parcels()
2018-11-19 15:16:27,434 INFO: NoSuchElementException in TransactionTrackerOperations.get_CM_parcels()
2018-11-19 15:16:31,592 INFO: NoSuchElementException in TransactionTrackerOperations.get_CM_parcels()
2018-11-19 15:16:35,875 INFO: NoSuchElementException in TransactionTrackerOperations.get_CM_parcels()
2018-11-19 15:16:40,050 INFO: NoSuchElementException in TransactionTrackerOperations.get_CM_parcels()
2018-11-19 15:16:44,399 INFO: NoSuchElementException in TransactionTrackerOperations.get_CM_parcels()
2018-11-19 15:16:48,721 INFO: NoSuchElementException in TransactionTrackerOperations.get_CM_parcels()
2018-11-19 15:16:52,959 INFO: NoSuchElementException in TransactionTrackerOperations.get_CM_parcels()
2018-11-19 15:16:57,205 INFO: NoSuchElementException in TransactionTrackerOperations.get_CM_parcels()
2018-11-19 15:17:01,459 INFO: NoSuchElementException in TransactionTrackerOperations.get_CM_parcels()
2018-11-19 15:17:05,737 INFO: NoSuchElementException in TransactionTrackerOperations.get_CM_parcels()
2018-11-19 15:17:09,967 INFO: NoSuchElementException in TransactionTrackerOperations.get_CM_parcels()
2018-11-19 15:17:14,380 INFO: NoSuchElementException in TransactionTrackerOperations.get_CM_parcels()
2018-11-19 15:17:17,532 INFO: NoSuchElementException in TransactionTrackerOperations.get_CM_parcels()
2018-11-19 15:17:25,423 INFO: Executing TransactionTrackerOperations.search_process_for_CMPDM() for: Performance Health|Regency Pacific DSSI|810
2018-11-19 15:17:25,439 INFO: Executing TransactionTrackerOperations.select_customer()
2018-11-19 15:17:32,246 INFO: Executing TransactionTrackerOperations.select_customer()
2018-11-19 15:17:43,437 INFO: Executing TransactionTrackerOperations.get_CM_parcels()
2018-11-19 15:17:49,788 INFO: Executing TransactionTrackerOperations.search_process_for_CMPDM() for: Performance Health|ADVANTAGE HPSI DSSI|810
2018-11-19 15:17:49,809 INFO: Executing TransactionTrackerOperations.select_customer()
2018-11-19 15:17:56,627 INFO: Executing TransactionTrackerOperations.select_customer()
2018-11-19 15:18:07,835 INFO: Executing TransactionTrackerOperations.get_CM_parcels()
2018-11-19 15:18:10,341 INFO: NoSuchElementException in TransactionTrackerOperations.get_CM_parcels()
2018-11-19 15:18:14,738 INFO: NoSuchElementException in TransactionTrackerOperations.get_CM_parcels()
2018-11-19 15:18:17,847 INFO: NoSuchElementException in TransactionTrackerOperations.get_CM_parcels()
2018-11-19 15:18:25,347 INFO: Executing TransactionTrackerOperations.search_process_for_CMPDM() for: Performance Health|ADVANTAGE NAVIGATOR DSSI|810
2018-11-19 15:18:25,375 INFO: Executing TransactionTrackerOperations.select_customer()
2018-11-19 15:18:32,275 INFO: Executing TransactionTrackerOperations.select_customer()
2018-11-19 15:18:44,012 INFO: Executing TransactionTrackerOperations.get_CM_parcels()
2018-11-19 15:18:50,195 INFO: Executing TransactionTrackerOperations.search_process_for_CMPDM() for: Performance Health|American Health Companies|810
2018-11-19 15:18:50,918 INFO: Executing TransactionTrackerOperations.select_customer()
2018-11-19 15:18:53,018 ERROR: Fail in CMProductionDataMonitoring.TaskFilter()
2018-11-19 15:18:57,541 INFO: Executing TransactionTrackerOperations.search_process_for_CMPDM() for: Performance Health|APEX|810
2018-11-19 15:18:57,595 INFO: Executing TransactionTrackerOperations.select_customer()
2018-11-19 15:18:59,712 ERROR: Fail in CMProductionDataMonitoring.TaskFilter()
2018-11-19 15:19:04,402 INFO: Executing TransactionTrackerOperations.search_process_for_CMPDM() for: Performance Health|APEX HEALTHCARE FLORIDA DSSI|810
2018-11-19 15:19:04,451 INFO: Executing TransactionTrackerOperations.select_customer()
2018-11-19 15:19:06,546 ERROR: Fail in CMProductionDataMonitoring.TaskFilter()
2018-11-19 15:19:11,151 INFO: Executing TransactionTrackerOperations.search_process_for_CMPDM() for: Performance Health|ATRIUM LIVING CENTERS DSSI|810
2018-11-19 15:19:11,206 INFO: Executing TransactionTrackerOperations.select_customer()
2018-11-19 15:19:13,273 ERROR: Fail in CMProductionDataMonitoring.TaskFilter()
2018-11-19 15:19:17,710 INFO: Executing TransactionTrackerOperations.search_process_for_CMPDM() for: Performance Health|AXIOM DSSI|810
2018-11-19 15:19:18,282 INFO: Executing TransactionTrackerOperations.select_customer()
2018-11-19 15:19:20,368 ERROR: Fail in CMProductionDataMonitoring.TaskFilter()
2018-11-19 15:19:24,837 INFO: Executing TransactionTrackerOperations.search_process_for_CMPDM() for: Performance Health|BE GROUP DSSI|810
2018-11-19 15:19:25,183 INFO: Executing TransactionTrackerOperations.select_customer()
2018-11-19 15:19:27,309 ERROR: Fail in CMProductionDataMonitoring.TaskFilter()
2018-11-19 15:19:31,759 INFO: Executing TransactionTrackerOperations.search_process_for_CMPDM() for: Performance Health|BEACON HEALTH DSSI|810
2018-11-19 15:19:31,957 INFO: Executing TransactionTrackerOperations.select_customer()
2018-11-19 15:19:34,036 ERROR: Fail in CMProductionDataMonitoring.TaskFilter()
2018-11-19 15:19:38,493 INFO: Executing TransactionTrackerOperations.search_process_for_CMPDM() for: Performance Health|BENEDICTINE DSSI|810
2018-11-19 15:19:38,624 INFO: Executing TransactionTrackerOperations.select_customer()
2018-11-19 15:19:40,743 ERROR: Fail in CMProductionDataMonitoring.TaskFilter()
2018-11-19 15:19:45,174 INFO: Executing TransactionTrackerOperations.search_process_for_CMPDM() for: Performance Health|Bethlen Communities Home Health and Hospice|810
2018-11-19 15:19:45,361 INFO: Executing TransactionTrackerOperations.select_customer()
2018-11-19 15:19:47,477 ERROR: Fail in CMProductionDataMonitoring.TaskFilter()
2018-11-19 15:19:51,891 INFO: Executing TransactionTrackerOperations.search_process_for_CMPDM() for: Performance Health|BOMBAY LANE DSSI|810
2018-11-19 15:19:51,947 INFO: Executing TransactionTrackerOperations.select_customer()
2018-11-19 15:19:54,043 ERROR: Fail in CMProductionDataMonitoring.TaskFilter()
2018-11-19 15:19:58,482 INFO: Executing TransactionTrackerOperations.search_process_for_CMPDM() for: Performance Health|CARDON AND ASSOCIATES DSSI|810
2018-11-19 15:19:58,535 INFO: Executing TransactionTrackerOperations.select_customer()
2018-11-19 15:20:00,657 ERROR: Fail in CMProductionDataMonitoring.TaskFilter()
2018-11-19 15:20:05,106 INFO: Executing TransactionTrackerOperations.search_process_for_CMPDM() for: Performance Health|CERES PURCHASING SOLUTIONS DSSI|810
2018-11-19 15:20:05,154 INFO: Executing TransactionTrackerOperations.select_customer()
2018-11-19 15:20:07,266 ERROR: Fail in CMProductionDataMonitoring.TaskFilter()
2018-11-19 15:20:11,741 INFO: Executing TransactionTrackerOperations.search_process_for_CMPDM() for: Performance Health|Chosen Healthcare DSSI|810
2018-11-19 15:20:11,783 INFO: Executing TransactionTrackerOperations.select_customer()
2018-11-19 15:20:13,871 ERROR: Fail in CMProductionDataMonitoring.TaskFilter()
2018-11-19 15:20:18,544 INFO: Executing TransactionTrackerOperations.search_process_for_CMPDM() for: Performance Health|CLEAR CHOICE DSSI|810
2018-11-19 15:20:18,593 INFO: Executing TransactionTrackerOperations.select_customer()
2018-11-19 15:20:20,754 ERROR: Fail in CMProductionDataMonitoring.TaskFilter()
2018-11-19 15:20:25,459 INFO: Executing TransactionTrackerOperations.search_process_for_CMPDM() for: Performance Health|COMMUNICARE DSSI|810
2018-11-19 15:20:25,508 INFO: Executing TransactionTrackerOperations.select_customer()
2018-11-19 15:20:27,611 ERROR: Fail in CMProductionDataMonitoring.TaskFilter()
2018-11-19 15:20:32,039 INFO: Executing TransactionTrackerOperations.search_process_for_CMPDM() for: Performance Health|COMPLETE HEALTHCARE DSSI|810
2018-11-19 15:20:32,087 INFO: Executing TransactionTrackerOperations.select_customer()
2018-11-19 15:20:34,187 ERROR: Fail in CMProductionDataMonitoring.TaskFilter()
2018-11-19 15:20:38,706 INFO: Executing TransactionTrackerOperations.search_process_for_CMPDM() for: Performance Health|COVENANT DOVE DSSI|810
2018-11-19 15:20:38,724 INFO: Executing TransactionTrackerOperations.select_customer()
2018-11-19 15:20:40,833 ERROR: Fail in CMProductionDataMonitoring.TaskFilter()
2018-11-19 15:20:45,238 INFO: Executing TransactionTrackerOperations.search_process_for_CMPDM() for: Performance Health|DIAKON LUTHERAN DSSI|810
2018-11-19 15:20:45,289 INFO: Executing TransactionTrackerOperations.select_customer()
2018-11-19 15:20:47,388 ERROR: Fail in CMProductionDataMonitoring.TaskFilter()
2018-11-19 15:20:51,827 INFO: Executing TransactionTrackerOperations.search_process_for_CMPDM() for: Performance Health|DIVERSICARE DSSI|810
2018-11-19 15:20:51,850 INFO: Executing TransactionTrackerOperations.select_customer()
2018-11-19 15:20:53,945 ERROR: Fail in CMProductionDataMonitoring.TaskFilter()
2018-11-19 15:20:58,685 INFO: Executing TransactionTrackerOperations.search_process_for_CMPDM() for: Performance Health|Dycora Transitional Health DSSI|810
2018-11-19 15:20:58,720 INFO: Executing TransactionTrackerOperations.select_customer()
2018-11-19 15:21:00,838 ERROR: Fail in CMProductionDataMonitoring.TaskFilter()
2018-11-19 15:21:05,390 INFO: Executing TransactionTrackerOperations.search_process_for_CMPDM() for: Performance Health|ERICKSON RETIREMENT COMMUNITIES DSSI|810
2018-11-19 15:21:05,430 INFO: Executing TransactionTrackerOperations.select_customer()
2018-11-19 15:21:07,526 ERROR: Fail in CMProductionDataMonitoring.TaskFilter()
2018-11-19 15:21:11,951 INFO: Executing TransactionTrackerOperations.search_process_for_CMPDM() for: Performance Health|FORTIS MANAGEMENT GROUP DSSI|810
2018-11-19 15:21:11,998 INFO: Executing TransactionTrackerOperations.select_customer()
2018-11-19 15:21:14,116 ERROR: Fail in CMProductionDataMonitoring.TaskFilter()
2018-11-19 15:21:18,569 INFO: Executing TransactionTrackerOperations.search_process_for_CMPDM() for: Performance Health|GOOD SAMARITAN SOCIETY DSSI|810
2018-11-19 15:21:18,646 INFO: Executing TransactionTrackerOperations.select_customer()
2018-11-19 15:21:20,753 ERROR: Fail in CMProductionDataMonitoring.TaskFilter()
2018-11-19 15:21:25,161 INFO: Executing TransactionTrackerOperations.search_process_for_CMPDM() for: Performance Health|GULF COAST HEALTHCARE DSSI|810
2018-11-19 15:21:25,210 INFO: Executing TransactionTrackerOperations.select_customer()
2018-11-19 15:21:27,358 ERROR: Fail in CMProductionDataMonitoring.TaskFilter()
2018-11-19 15:21:31,812 INFO: Executing TransactionTrackerOperations.search_process_for_CMPDM() for: Performance Health|ICARE MANAGEMENT DSSI|810
2018-11-19 15:21:31,832 INFO: Executing TransactionTrackerOperations.select_customer()
2018-11-19 15:21:33,934 ERROR: Fail in CMProductionDataMonitoring.TaskFilter()
2018-11-19 15:21:38,385 INFO: Executing TransactionTrackerOperations.search_process_for_CMPDM() for: Performance Health|Kindred Healthcare via IntelliOrder|810
2018-11-19 15:21:38,472 INFO: Executing TransactionTrackerOperations.select_customer()
2018-11-19 15:21:40,564 ERROR: Fail in CMProductionDataMonitoring.TaskFilter()
2018-11-19 15:21:45,034 INFO: Executing TransactionTrackerOperations.search_process_for_CMPDM() for: Performance Health|LAVIE ADMINISTRATIVE SERVICES DSSI|810
2018-11-19 15:21:45,083 INFO: Executing TransactionTrackerOperations.select_customer()
2018-11-19 15:21:47,190 ERROR: Fail in CMProductionDataMonitoring.TaskFilter()
2018-11-19 15:21:51,604 INFO: Executing TransactionTrackerOperations.search_process_for_CMPDM() for: Performance Health|LEGACY SENIOR DSSI|810
2018-11-19 15:21:51,707 INFO: Executing TransactionTrackerOperations.select_customer()
2018-11-19 15:21:53,827 ERROR: Fail in CMProductionDataMonitoring.TaskFilter()
2018-11-19 15:21:58,314 INFO: Executing TransactionTrackerOperations.search_process_for_CMPDM() for: Performance Health|MARINER DSSI|810
2018-11-19 15:21:58,356 INFO: Executing TransactionTrackerOperations.select_customer()
2018-11-19 15:22:00,460 ERROR: Fail in CMProductionDataMonitoring.TaskFilter()
2018-11-19 15:22:04,867 INFO: Executing TransactionTrackerOperations.search_process_for_CMPDM() for: Performance Health|MARINER HEALTH DSSI|810
2018-11-19 15:22:04,916 INFO: Executing TransactionTrackerOperations.select_customer()
2018-11-19 15:22:07,026 ERROR: Fail in CMProductionDataMonitoring.TaskFilter()
2018-11-19 15:22:11,481 INFO: completed CMProductionDataMonitoring.execute_main()
