2018-10-04 10:39:39,465 INFO: Executing Script Prodution Data Monitoring
2018-10-04 10:39:43,706 INFO: Login in to Launchpad
2018-10-04 10:40:04,323 INFO: Refreshing access_token
2018-10-04 10:40:08,429 INFO: Executing method 'search_process' from TransactionTrackerOperations
2018-10-04 10:40:11,388 INFO: Executing method 'select_customer' from TransactionTrackerOperations
2018-10-04 10:40:17,933 INFO: Executing method 'select_customer' from TransactionTrackerOperations
2018-10-04 11:12:48,026 INFO: Executing Script Prodution Data Monitoring
2018-10-04 11:12:52,535 INFO: Login in to Launchpad
2018-10-04 11:15:11,107 INFO: Executing Script Prodution Data Monitoring
2018-10-04 11:15:17,092 INFO: Login in to Launchpad
2018-10-04 11:15:39,868 INFO: Refreshing access_token
2018-10-04 11:15:45,458 INFO: Executing method 'search_process' from TransactionTrackerOperations
2018-10-04 11:15:46,613 INFO: Executing method 'select_customer' from TransactionTrackerOperations
2018-10-04 11:15:53,350 INFO: Executing method 'select_customer' from TransactionTrackerOperations
2018-10-04 11:16:15,001 INFO: Executing method 'get_parcel' from TransactionTrackerOperations
2018-10-04 11:16:24,060 INFO: Executing method 'search_process' from TransactionTrackerOperations
2018-10-04 11:16:24,098 INFO: Executing method 'select_customer' from TransactionTrackerOperations
2018-10-04 11:16:30,903 INFO: Executing method 'select_customer' from TransactionTrackerOperations
2018-10-04 11:16:52,488 INFO: Executing method 'get_parcel' from TransactionTrackerOperations
2018-10-04 11:16:59,982 INFO: Executing method 'search_process' from TransactionTrackerOperations
2018-10-04 11:17:00,023 INFO: Executing method 'select_customer' from TransactionTrackerOperations
2018-10-04 11:17:06,817 INFO: Executing method 'select_customer' from TransactionTrackerOperations
2018-10-04 11:17:28,839 INFO: Executing method 'get_parcel' from TransactionTrackerOperations
2018-10-04 11:17:37,011 INFO: Executing method 'search_process' from TransactionTrackerOperations
2018-10-04 11:17:37,027 INFO: Executing method 'select_customer' from TransactionTrackerOperations
2018-10-04 11:17:43,842 INFO: Executing method 'select_customer' from TransactionTrackerOperations
2018-10-04 11:18:05,381 INFO: Executing method 'get_parcel' from TransactionTrackerOperations
2018-10-04 11:18:13,995 INFO: Executing method 'search_process' from TransactionTrackerOperations
2018-10-04 11:18:14,008 INFO: Executing method 'select_customer' from TransactionTrackerOperations
2018-10-04 11:18:20,858 INFO: Executing method 'select_customer' from TransactionTrackerOperations
2018-10-04 11:18:42,482 INFO: Executing method 'get_parcel' from TransactionTrackerOperations
2018-10-04 11:18:51,407 INFO: Executing method 'search_process' from TransactionTrackerOperations
2018-10-04 11:18:51,453 INFO: Executing method 'select_customer' from TransactionTrackerOperations
2018-10-04 11:18:58,339 INFO: Executing method 'select_customer' from TransactionTrackerOperations
2018-10-04 11:19:19,938 INFO: Executing method 'get_parcel' from TransactionTrackerOperations
2018-10-04 11:19:27,540 INFO: Executing method 'search_process' from TransactionTrackerOperations
2018-10-04 11:19:27,562 INFO: Executing method 'select_customer' from TransactionTrackerOperations
2018-10-04 11:19:34,579 INFO: Executing method 'select_customer' from TransactionTrackerOperations
2018-10-04 11:19:56,671 INFO: Executing method 'get_parcel' from TransactionTrackerOperations
2018-10-04 11:20:05,935 INFO: Executing method 'search_process' from TransactionTrackerOperations
2018-10-04 11:20:05,959 INFO: Executing method 'select_customer' from TransactionTrackerOperations
2018-10-04 11:20:12,948 INFO: Executing method 'select_customer' from TransactionTrackerOperations
2018-10-04 11:20:34,892 INFO: Executing method 'get_parcel' from TransactionTrackerOperations
2018-10-04 11:20:41,944 INFO: Executing method 'search_process' from TransactionTrackerOperations
2018-10-04 11:20:41,983 INFO: Executing method 'select_customer' from TransactionTrackerOperations
2018-10-04 11:20:48,710 INFO: Executing method 'select_customer' from TransactionTrackerOperations
2018-10-04 11:21:10,455 INFO: Executing method 'get_parcel' from TransactionTrackerOperations
2018-10-04 11:21:18,167 INFO: Executing method 'search_process' from TransactionTrackerOperations
2018-10-04 11:21:18,203 INFO: Executing method 'select_customer' from TransactionTrackerOperations
2018-10-04 11:21:24,946 INFO: Executing method 'select_customer' from TransactionTrackerOperations
2018-10-04 11:21:46,518 INFO: Executing method 'get_parcel' from TransactionTrackerOperations
2018-10-04 11:21:54,725 INFO: Executing method 'search_process' from TransactionTrackerOperations
2018-10-04 11:21:54,768 INFO: Executing method 'select_customer' from TransactionTrackerOperations
2018-10-04 11:22:01,610 INFO: Executing method 'select_customer' from TransactionTrackerOperations
2018-10-04 11:22:23,221 INFO: Executing method 'get_parcel' from TransactionTrackerOperations
2018-10-04 11:22:31,909 INFO: Executing method 'search_process' from TransactionTrackerOperations
2018-10-04 11:22:31,941 INFO: Executing method 'select_customer' from TransactionTrackerOperations
2018-10-04 11:22:38,713 INFO: Executing method 'select_customer' from TransactionTrackerOperations
2018-10-04 11:23:00,437 INFO: Executing method 'get_parcel' from TransactionTrackerOperations
2018-10-04 11:23:08,610 INFO: Executing method 'search_process' from TransactionTrackerOperations
2018-10-04 11:23:08,625 INFO: Executing method 'select_customer' from TransactionTrackerOperations
2018-10-04 11:23:15,362 INFO: Executing method 'select_customer' from TransactionTrackerOperations
2018-10-04 11:23:36,909 INFO: Executing method 'get_parcel' from TransactionTrackerOperations
2018-10-04 11:23:44,614 INFO: Executing method 'search_process' from TransactionTrackerOperations
2018-10-04 11:23:44,653 INFO: Executing method 'select_customer' from TransactionTrackerOperations
2018-10-04 11:23:51,526 INFO: Executing method 'select_customer' from TransactionTrackerOperations
2018-10-04 11:24:13,574 INFO: Executing method 'get_parcel' from TransactionTrackerOperations
2018-10-04 11:24:22,618 INFO: Executing method 'search_process' from TransactionTrackerOperations
2018-10-04 11:24:22,633 INFO: Executing method 'select_customer' from TransactionTrackerOperations
2018-10-04 11:24:29,369 INFO: Executing method 'select_customer' from TransactionTrackerOperations
2018-10-04 11:24:51,139 INFO: Executing method 'get_parcel' from TransactionTrackerOperations
2018-10-04 11:24:58,734 INFO: Executing method 'search_process' from TransactionTrackerOperations
2018-10-04 11:24:58,763 INFO: Executing method 'select_customer' from TransactionTrackerOperations
2018-10-04 11:25:05,853 INFO: Executing method 'select_customer' from TransactionTrackerOperations
2018-10-04 11:25:27,723 INFO: Executing method 'get_parcel' from TransactionTrackerOperations
2018-10-04 11:25:36,842 INFO: Executing method 'search_process' from TransactionTrackerOperations
2018-10-04 11:25:36,880 INFO: Executing method 'select_customer' from TransactionTrackerOperations
2018-10-04 11:25:43,690 INFO: Executing method 'select_customer' from TransactionTrackerOperations
2018-10-04 11:26:05,584 INFO: Executing method 'get_parcel' from TransactionTrackerOperations
2018-10-04 11:26:13,241 INFO: Executing method 'search_process' from TransactionTrackerOperations
2018-10-04 11:26:13,282 INFO: Executing method 'select_customer' from TransactionTrackerOperations
2018-10-04 11:26:20,035 INFO: Executing method 'select_customer' from TransactionTrackerOperations
2018-10-04 11:26:41,796 INFO: Executing method 'get_parcel' from TransactionTrackerOperations
2018-10-04 11:26:49,756 INFO: Executing method 'search_process' from TransactionTrackerOperations
2018-10-04 11:26:49,800 INFO: Executing method 'select_customer' from TransactionTrackerOperations
2018-10-04 11:26:56,562 INFO: Executing method 'select_customer' from TransactionTrackerOperations
2018-10-04 11:27:18,270 INFO: Executing method 'get_parcel' from TransactionTrackerOperations
2018-10-04 11:27:26,833 INFO: Executing method 'search_process' from TransactionTrackerOperations
2018-10-04 11:27:26,878 INFO: Executing method 'select_customer' from TransactionTrackerOperations
2018-10-04 11:27:33,732 INFO: Executing method 'select_customer' from TransactionTrackerOperations
2018-10-04 11:27:55,558 INFO: Executing method 'get_parcel' from TransactionTrackerOperations
2018-10-04 11:28:03,878 INFO: Executing method 'search_process' from TransactionTrackerOperations
2018-10-04 11:28:03,899 INFO: Executing method 'select_customer' from TransactionTrackerOperations
2018-10-04 11:28:11,001 INFO: Executing method 'select_customer' from TransactionTrackerOperations
2018-10-04 11:28:35,846 INFO: Executing method 'get_parcel' from TransactionTrackerOperations
2018-10-04 11:28:43,313 INFO: Executing method 'search_process' from TransactionTrackerOperations
2018-10-04 11:28:43,327 INFO: Executing method 'select_customer' from TransactionTrackerOperations
2018-10-04 11:28:50,103 INFO: Executing method 'select_customer' from TransactionTrackerOperations
2018-10-04 11:29:12,633 INFO: Executing method 'get_parcel' from TransactionTrackerOperations
2018-10-04 11:29:20,344 INFO: Executing method 'search_process' from TransactionTrackerOperations
2018-10-04 11:29:20,376 INFO: Executing method 'select_customer' from TransactionTrackerOperations
2018-10-04 11:29:27,163 INFO: Executing method 'select_customer' from TransactionTrackerOperations
2018-10-04 11:29:49,247 INFO: Executing method 'get_parcel' from TransactionTrackerOperations
2018-10-04 11:29:58,028 INFO: Executing method 'search_process' from TransactionTrackerOperations
2018-10-04 11:29:58,089 INFO: Executing method 'select_customer' from TransactionTrackerOperations
2018-10-04 11:30:05,051 INFO: Executing method 'select_customer' from TransactionTrackerOperations
2018-10-04 11:30:27,147 INFO: Executing method 'get_parcel' from TransactionTrackerOperations
2018-10-04 11:30:34,605 INFO: Executing method 'search_process' from TransactionTrackerOperations
2018-10-04 11:30:34,632 INFO: Executing method 'select_customer' from TransactionTrackerOperations
2018-10-04 11:30:41,384 INFO: Executing method 'select_customer' from TransactionTrackerOperations
2018-10-04 11:31:03,331 INFO: Executing method 'get_parcel' from TransactionTrackerOperations
2018-10-04 11:31:12,045 INFO: Executing method 'search_process' from TransactionTrackerOperations
2018-10-04 11:31:12,061 INFO: Executing method 'select_customer' from TransactionTrackerOperations
2018-10-04 11:31:18,801 INFO: Executing method 'select_customer' from TransactionTrackerOperations
2018-10-04 11:31:40,678 INFO: Executing method 'get_parcel' from TransactionTrackerOperations
2018-10-04 11:31:49,546 INFO: Executing method 'search_process' from TransactionTrackerOperations
2018-10-04 11:31:49,585 INFO: Executing method 'select_customer' from TransactionTrackerOperations
2018-10-04 11:31:56,477 INFO: Executing method 'select_customer' from TransactionTrackerOperations
2018-10-04 11:32:18,297 INFO: Executing method 'get_parcel' from TransactionTrackerOperations
2018-10-04 11:32:26,445 INFO: Executing method 'search_process' from TransactionTrackerOperations
2018-10-04 11:32:26,482 INFO: Executing method 'select_customer' from TransactionTrackerOperations
2018-10-04 11:32:33,236 INFO: Executing method 'select_customer' from TransactionTrackerOperations
2018-10-04 11:32:54,976 INFO: Executing method 'get_parcel' from TransactionTrackerOperations
2018-10-04 11:33:03,952 INFO: Executing method 'search_process' from TransactionTrackerOperations
2018-10-04 11:33:03,975 INFO: Executing method 'select_customer' from TransactionTrackerOperations
2018-10-04 11:33:10,787 INFO: Executing method 'select_customer' from TransactionTrackerOperations
2018-10-04 11:33:32,523 INFO: Executing method 'get_parcel' from TransactionTrackerOperations
2018-10-04 11:33:40,116 INFO: Executing method 'search_process' from TransactionTrackerOperations
2018-10-04 11:33:40,139 INFO: Executing method 'select_customer' from TransactionTrackerOperations
2018-10-04 11:33:47,052 INFO: Executing method 'select_customer' from TransactionTrackerOperations
2018-10-04 11:34:08,465 INFO: Executing method 'get_parcel' from TransactionTrackerOperations
2018-10-04 11:34:17,414 INFO: Executing method 'search_process' from TransactionTrackerOperations
2018-10-04 11:34:17,452 INFO: Executing method 'select_customer' from TransactionTrackerOperations
2018-10-04 11:34:24,224 INFO: Executing method 'select_customer' from TransactionTrackerOperations
2018-10-04 11:34:45,998 INFO: Executing method 'get_parcel' from TransactionTrackerOperations
2018-10-04 11:34:53,463 INFO: Executing method 'search_process' from TransactionTrackerOperations
2018-10-04 11:34:53,476 INFO: Executing method 'select_customer' from TransactionTrackerOperations
2018-10-04 11:35:00,285 INFO: Executing method 'select_customer' from TransactionTrackerOperations
2018-10-04 11:35:21,919 INFO: Executing method 'get_parcel' from TransactionTrackerOperations
2018-10-04 11:35:30,801 INFO: Executing method 'search_process' from TransactionTrackerOperations
2018-10-04 11:35:30,815 INFO: Executing method 'select_customer' from TransactionTrackerOperations
2018-10-04 11:35:37,629 INFO: Executing method 'select_customer' from TransactionTrackerOperations
2018-10-04 11:35:59,132 INFO: Executing method 'get_parcel' from TransactionTrackerOperations
2018-10-04 11:36:07,779 INFO: Executing method 'search_process' from TransactionTrackerOperations
2018-10-04 11:36:07,823 INFO: Executing method 'select_customer' from TransactionTrackerOperations
2018-10-04 11:36:14,643 INFO: Executing method 'select_customer' from TransactionTrackerOperations
2018-10-04 11:36:36,043 INFO: Executing method 'get_parcel' from TransactionTrackerOperations
2018-10-04 11:36:45,159 INFO: Executing method 'search_process' from TransactionTrackerOperations
2018-10-04 11:36:45,183 INFO: Executing method 'select_customer' from TransactionTrackerOperations
2018-10-04 11:36:52,192 INFO: Executing method 'select_customer' from TransactionTrackerOperations
2018-10-04 11:37:14,309 INFO: Executing method 'get_parcel' from TransactionTrackerOperations
2018-10-04 11:37:23,169 INFO: Executing method 'search_process' from TransactionTrackerOperations
2018-10-04 11:37:23,211 INFO: Executing method 'select_customer' from TransactionTrackerOperations
2018-10-04 11:37:29,990 INFO: Executing method 'select_customer' from TransactionTrackerOperations
2018-10-04 11:37:51,547 INFO: Executing method 'get_parcel' from TransactionTrackerOperations
2018-10-04 11:38:00,780 INFO: Executing method 'search_process' from TransactionTrackerOperations
2018-10-04 11:38:00,806 INFO: Executing method 'select_customer' from TransactionTrackerOperations
2018-10-04 11:38:07,607 INFO: Executing method 'select_customer' from TransactionTrackerOperations
2018-10-04 11:38:29,169 INFO: Executing method 'get_parcel' from TransactionTrackerOperations
2018-10-04 11:38:37,938 INFO: Executing method 'search_process' from TransactionTrackerOperations
2018-10-04 11:38:37,966 INFO: Executing method 'select_customer' from TransactionTrackerOperations
2018-10-04 11:38:44,745 INFO: Executing method 'select_customer' from TransactionTrackerOperations
2018-10-04 11:39:06,190 INFO: Executing method 'get_parcel' from TransactionTrackerOperations
2018-10-04 11:39:15,258 INFO: Executing method 'search_process' from TransactionTrackerOperations
2018-10-04 11:39:15,288 INFO: Executing method 'select_customer' from TransactionTrackerOperations
2018-10-04 11:39:22,079 INFO: Executing method 'select_customer' from TransactionTrackerOperations
2018-10-04 11:39:43,643 INFO: Executing method 'get_parcel' from TransactionTrackerOperations
2018-10-04 11:39:52,587 INFO: Executing method 'search_process' from TransactionTrackerOperations
2018-10-04 11:39:52,633 INFO: Executing method 'select_customer' from TransactionTrackerOperations
2018-10-04 11:39:59,394 INFO: Executing method 'select_customer' from TransactionTrackerOperations
2018-10-04 11:40:21,111 INFO: Executing method 'get_parcel' from TransactionTrackerOperations
2018-10-04 11:40:28,843 INFO: Executing method 'search_process' from TransactionTrackerOperations
2018-10-04 11:40:28,886 INFO: Executing method 'select_customer' from TransactionTrackerOperations
2018-10-04 11:40:35,664 INFO: Executing method 'select_customer' from TransactionTrackerOperations
2018-10-04 11:40:57,132 INFO: Executing method 'get_parcel' from TransactionTrackerOperations
2018-10-04 12:57:23,821 INFO: Executing Script Prodution Data Monitoring
2018-10-04 12:57:27,384 INFO: Login in to Launchpad
2018-10-04 12:57:43,168 INFO: Refreshing access_token
2018-10-04 12:57:47,240 INFO: Executing method 'search_process' from TransactionTrackerOperations
2018-10-04 12:57:47,284 INFO: Executing method 'select_customer' from TransactionTrackerOperations
2018-10-04 12:57:53,969 INFO: Executing method 'select_customer' from TransactionTrackerOperations
2018-10-04 13:00:11,600 INFO: Executing Script Prodution Data Monitoring
2018-10-04 13:00:15,565 INFO: Login in to Launchpad
2018-10-04 13:00:34,070 INFO: Refreshing access_token
2018-10-04 13:00:39,962 INFO: Executing method 'search_process' from TransactionTrackerOperations
2018-10-04 13:00:40,023 INFO: Executing method 'select_customer' from TransactionTrackerOperations
2018-10-04 13:00:47,277 INFO: Executing method 'select_customer' from TransactionTrackerOperations
2018-10-04 13:01:09,761 INFO: Executing method 'get_parcel' from TransactionTrackerOperations
2018-10-04 13:01:17,883 INFO: Executing method 'search_process' from TransactionTrackerOperations
2018-10-04 13:01:17,918 INFO: Executing method 'select_customer' from TransactionTrackerOperations
2018-10-04 13:01:25,000 INFO: Executing method 'select_customer' from TransactionTrackerOperations
2018-10-04 13:01:47,298 INFO: Executing method 'get_parcel' from TransactionTrackerOperations
2018-10-04 13:01:53,725 INFO: Executing method 'search_process' from TransactionTrackerOperations
2018-10-04 13:01:53,767 INFO: Executing method 'select_customer' from TransactionTrackerOperations
2018-10-04 13:02:00,815 INFO: Executing method 'select_customer' from TransactionTrackerOperations
2018-10-04 13:02:23,123 INFO: Executing method 'get_parcel' from TransactionTrackerOperations
2018-10-04 13:04:47,210 INFO: Executing Script Prodution Data Monitoring
2018-10-04 13:04:52,310 INFO: Login in to Launchpad
2018-10-04 13:05:10,724 INFO: Refreshing access_token
2018-10-04 13:05:16,709 INFO: Executing method 'search_process' from TransactionTrackerOperations
2018-10-04 13:05:16,737 INFO: Executing method 'select_customer' from TransactionTrackerOperations
2018-10-04 13:05:23,951 INFO: Executing method 'select_customer' from TransactionTrackerOperations
2018-10-04 13:05:46,047 INFO: Executing method 'get_parcel' from TransactionTrackerOperations
2018-10-04 13:05:53,950 INFO: Executing method 'search_process' from TransactionTrackerOperations
2018-10-04 13:05:53,991 INFO: Executing method 'select_customer' from TransactionTrackerOperations
2018-10-04 13:06:00,757 INFO: Executing method 'select_customer' from TransactionTrackerOperations
2018-10-04 13:06:23,156 INFO: Executing method 'get_parcel' from TransactionTrackerOperations
2018-10-04 13:06:29,566 INFO: Executing method 'search_process' from TransactionTrackerOperations
2018-10-04 13:06:29,592 INFO: Executing method 'select_customer' from TransactionTrackerOperations
2018-10-04 13:06:36,673 INFO: Executing method 'select_customer' from TransactionTrackerOperations
2018-10-04 13:06:59,243 INFO: Executing method 'get_parcel' from TransactionTrackerOperations
2018-10-04 15:17:17,589 INFO: Executing Script Prodution Data Monitoring
2018-10-04 15:17:21,267 INFO: Login in to Launchpad
2018-10-04 15:17:37,743 INFO: Refreshing access_token
2018-10-04 15:17:43,547 INFO: Executing method 'search_process' from TransactionTrackerOperations
2018-10-04 15:17:43,587 INFO: Executing method 'select_customer' from TransactionTrackerOperations
2018-10-04 15:17:50,684 INFO: Executing method 'select_customer' from TransactionTrackerOperations
2018-10-04 15:18:13,155 INFO: Executing method 'get_parcel' from TransactionTrackerOperations
2018-10-04 15:18:21,421 INFO: Executing method 'search_process' from TransactionTrackerOperations
2018-10-04 15:18:21,433 INFO: Executing method 'select_customer' from TransactionTrackerOperations
2018-10-04 15:18:28,570 INFO: Executing method 'select_customer' from TransactionTrackerOperations
2018-10-04 15:18:51,693 INFO: Executing method 'get_parcel' from TransactionTrackerOperations
2018-10-04 15:18:58,110 INFO: Executing method 'search_process' from TransactionTrackerOperations
2018-10-04 15:18:58,122 INFO: Executing method 'select_customer' from TransactionTrackerOperations
2018-10-04 15:19:05,234 INFO: Executing method 'select_customer' from TransactionTrackerOperations
2018-10-04 15:19:27,931 INFO: Executing method 'get_parcel' from TransactionTrackerOperations
