2018-11-20 14:03:06,866 INFO: Executing Script Credit Memo Prodution Data Monitoring
2018-11-20 14:03:06,937 INFO: Executing CMProductionDataMonitoring.execute_main()
2018-11-20 14:03:10,632 INFO: Login in to Launchpad
2018-11-20 14:03:22,815 INFO: Executing CMProductionDataMonitoring.TaskFilter()
2018-11-20 14:03:23,092 INFO: Refreshing access_token
2018-11-20 14:03:27,287 INFO: select InProgress task from input sheet from CMProductionDataMonitoring.TaskFilter()
2018-11-20 14:03:27,288 INFO: Executing TransactionTrackerOperations.search_process_for_CMPDM() for: Performance Health|McKesson BASCOM PALMER EYE INST|810
2018-11-20 14:03:27,313 INFO: Executing TransactionTrackerOperations.select_customer()
2018-11-20 14:03:33,566 INFO: Executing TransactionTrackerOperations.select_customer()
2018-11-20 14:03:35,706 ERROR: Fail in CMProductionDataMonitoring.TaskFilter()
2018-11-20 14:03:40,458 INFO: Executing TransactionTrackerOperations.search_process_for_CMPDM() for: Performance Health|McKesson CABELL HUNTINGTON HOSPITAL|810
2018-11-20 14:03:40,481 INFO: Executing TransactionTrackerOperations.select_customer()
2018-11-20 14:03:47,292 INFO: Executing TransactionTrackerOperations.select_customer()
2018-11-20 14:04:07,571 INFO: Executing TransactionTrackerOperations.get_CM_parcels()
2018-11-20 14:04:13,900 INFO: Executing TransactionTrackerOperations.search_process_for_CMPDM() for: Performance Health|McKesson CHILDRENS HOSPITAL|810
2018-11-20 14:04:14,664 INFO: Executing TransactionTrackerOperations.select_customer()
2018-11-20 14:04:16,729 ERROR: Fail in CMProductionDataMonitoring.TaskFilter()
2018-11-20 14:04:21,420 INFO: Executing TransactionTrackerOperations.search_process_for_CMPDM() for: Performance Health|McKesson CHRISTIANA CARE HEALTH|810
2018-11-20 14:04:22,268 INFO: Executing TransactionTrackerOperations.select_customer()
2018-11-20 14:04:24,332 ERROR: Fail in CMProductionDataMonitoring.TaskFilter()
2018-11-20 14:04:29,018 INFO: Executing TransactionTrackerOperations.search_process_for_CMPDM() for: Performance Health|McKesson EMH REGIONAL HEALTHCARE SYSTEMS|810
2018-11-20 14:04:29,304 INFO: Executing TransactionTrackerOperations.select_customer()
2018-11-20 14:04:31,428 ERROR: Fail in CMProductionDataMonitoring.TaskFilter()
2018-11-20 14:04:36,067 INFO: Executing TransactionTrackerOperations.search_process_for_CMPDM() for: Performance Health|McKesson EMORY HEALTHCARE|810
2018-11-20 14:04:36,340 INFO: Executing TransactionTrackerOperations.select_customer()
2018-11-20 14:04:38,441 ERROR: Fail in CMProductionDataMonitoring.TaskFilter()
2018-11-20 14:04:43,119 INFO: Executing TransactionTrackerOperations.search_process_for_CMPDM() for: Performance Health|McKesson FIRELANDS REGIONAL MEDICAL CENTER|810
2018-11-20 14:04:43,165 INFO: Executing TransactionTrackerOperations.select_customer()
2018-11-20 14:04:45,276 ERROR: Fail in CMProductionDataMonitoring.TaskFilter()
2018-11-20 14:04:49,933 INFO: Executing TransactionTrackerOperations.search_process_for_CMPDM() for: Performance Health|McKesson FIRSTHEALTH CAROLINAS|810
2018-11-20 14:04:49,985 INFO: Executing TransactionTrackerOperations.select_customer()
2018-11-20 14:04:52,121 ERROR: Fail in CMProductionDataMonitoring.TaskFilter()
2018-11-20 14:04:56,795 INFO: Executing TransactionTrackerOperations.search_process_for_CMPDM() for: Performance Health|McKesson FRANCISCAN ALLIANCE INC|810
2018-11-20 14:04:57,388 INFO: Executing TransactionTrackerOperations.select_customer()
2018-11-20 14:04:59,507 ERROR: Fail in CMProductionDataMonitoring.TaskFilter()
2018-11-20 14:05:04,141 INFO: Executing TransactionTrackerOperations.search_process_for_CMPDM() for: Performance Health|McKesson GOOD SHEPHERD REHAB NETWORK|810
2018-11-20 14:05:04,230 INFO: Executing TransactionTrackerOperations.select_customer()
2018-11-20 14:05:06,333 ERROR: Fail in CMProductionDataMonitoring.TaskFilter()
2018-11-20 14:05:11,007 INFO: Executing TransactionTrackerOperations.search_process_for_CMPDM() for: Performance Health|McKesson HALIFAX REGIONAL HOSPITAL|810
2018-11-20 14:05:11,124 INFO: Executing TransactionTrackerOperations.select_customer()
2018-11-20 14:05:13,203 ERROR: Fail in CMProductionDataMonitoring.TaskFilter()
2018-11-20 14:05:17,845 INFO: Executing TransactionTrackerOperations.search_process_for_CMPDM() for: Performance Health|McKesson HATTISBURG CLINIC|810
2018-11-20 14:05:17,903 INFO: Executing TransactionTrackerOperations.select_customer()
2018-11-20 14:05:20,022 ERROR: Fail in CMProductionDataMonitoring.TaskFilter()
2018-11-20 14:05:24,681 INFO: Executing TransactionTrackerOperations.search_process_for_CMPDM() for: Performance Health|McKesson IL BONE AND JOINT|810
2018-11-20 14:05:25,075 INFO: Executing TransactionTrackerOperations.select_customer()
2018-11-20 14:05:27,172 ERROR: Fail in CMProductionDataMonitoring.TaskFilter()
2018-11-20 14:05:31,809 INFO: Executing TransactionTrackerOperations.search_process_for_CMPDM() for: Performance Health|McKesson LAKE CHARLES MEMORIAL HOSPITAL|810
2018-11-20 14:05:31,897 INFO: Executing TransactionTrackerOperations.select_customer()
2018-11-20 14:05:34,044 ERROR: Fail in CMProductionDataMonitoring.TaskFilter()
2018-11-20 14:05:38,711 INFO: Executing TransactionTrackerOperations.search_process_for_CMPDM() for: Performance Health|McKesson LAWRENCE MEMORIAL HOSPITAL|810
2018-11-20 14:05:38,763 INFO: Executing TransactionTrackerOperations.select_customer()
2018-11-20 14:05:40,860 ERROR: Fail in CMProductionDataMonitoring.TaskFilter()
2018-11-20 14:05:45,484 INFO: Executing TransactionTrackerOperations.search_process_for_CMPDM() for: Performance Health|McKesson LEESBURG REGIONAL|810
2018-11-20 14:05:45,591 INFO: Executing TransactionTrackerOperations.select_customer()
2018-11-20 14:05:47,751 ERROR: Fail in CMProductionDataMonitoring.TaskFilter()
2018-11-20 14:05:52,464 INFO: Executing TransactionTrackerOperations.search_process_for_CMPDM() for: Performance Health|McKesson LOMA LINDA UNIVERSITY MEDICAL CENTER|810
2018-11-20 14:05:53,012 INFO: Executing TransactionTrackerOperations.select_customer()
2018-11-20 14:05:55,076 ERROR: Fail in CMProductionDataMonitoring.TaskFilter()
2018-11-20 14:05:59,749 INFO: Executing TransactionTrackerOperations.search_process_for_CMPDM() for: Performance Health|McKesson MCG HEALTH INC|810
2018-11-20 14:06:00,055 INFO: Executing TransactionTrackerOperations.select_customer()
2018-11-20 14:06:02,173 ERROR: Fail in CMProductionDataMonitoring.TaskFilter()
2018-11-20 14:06:06,825 INFO: Executing TransactionTrackerOperations.search_process_for_CMPDM() for: Performance Health|McKesson NCH HEALTHCARE|810
2018-11-20 14:06:06,877 INFO: Executing TransactionTrackerOperations.select_customer()
2018-11-20 14:06:08,934 ERROR: Fail in CMProductionDataMonitoring.TaskFilter()
2018-11-20 14:06:13,600 INFO: Executing TransactionTrackerOperations.search_process_for_CMPDM() for: Performance Health|McKesson SACRED HEART HOSPITAL|810
2018-11-20 14:06:13,632 INFO: Executing TransactionTrackerOperations.select_customer()
2018-11-20 14:06:15,725 ERROR: Fail in CMProductionDataMonitoring.TaskFilter()
2018-11-20 14:06:20,396 INFO: Executing TransactionTrackerOperations.search_process_for_CMPDM() for: Performance Health|McKesson SAINT FRANCES MEDICAL CENTER|810
2018-11-20 14:06:20,445 INFO: Executing TransactionTrackerOperations.select_customer()
2018-11-20 14:06:22,533 ERROR: Fail in CMProductionDataMonitoring.TaskFilter()
2018-11-20 14:06:26,942 INFO: Executing TransactionTrackerOperations.search_process_for_CMPDM() for: Performance Health|McKesson SOUTHERN NEW HAMPSHIRE MEDICAL CENTER|810
2018-11-20 14:06:27,464 INFO: Executing TransactionTrackerOperations.select_customer()
2018-11-20 14:06:29,581 ERROR: Fail in CMProductionDataMonitoring.TaskFilter()
2018-11-20 14:06:34,034 INFO: Executing TransactionTrackerOperations.search_process_for_CMPDM() for: Performance Health|McKesson TIFT REGIONAL MEDICAL CENTER|810
2018-11-20 14:06:34,188 INFO: Executing TransactionTrackerOperations.select_customer()
2018-11-20 14:06:36,305 ERROR: Fail in CMProductionDataMonitoring.TaskFilter()
2018-11-20 14:06:40,969 INFO: Executing TransactionTrackerOperations.search_process_for_CMPDM() for: Performance Health|McKesson TRINITY MOTHER FRANCES HOSPITAL|810
2018-11-20 14:06:40,991 INFO: Executing TransactionTrackerOperations.select_customer()
2018-11-20 14:06:43,094 ERROR: Fail in CMProductionDataMonitoring.TaskFilter()
2018-11-20 14:06:47,766 INFO: Executing TransactionTrackerOperations.search_process_for_CMPDM() for: Performance Health|McKesson Truman Medical Center|810
2018-11-20 14:06:47,785 INFO: Executing TransactionTrackerOperations.select_customer()
2018-11-20 14:06:49,887 ERROR: Fail in CMProductionDataMonitoring.TaskFilter()
2018-11-20 14:06:54,547 INFO: Executing TransactionTrackerOperations.search_process_for_CMPDM() for: Performance Health|McKesson UNITED HOSPITAL SYSTEM INC|810
2018-11-20 14:06:55,131 INFO: Executing TransactionTrackerOperations.select_customer()
2018-11-20 14:06:57,221 ERROR: Fail in CMProductionDataMonitoring.TaskFilter()
2018-11-20 14:07:02,077 INFO: Executing TransactionTrackerOperations.search_process_for_CMPDM() for: Performance Health|McKesson VAIL VALLEY MEDICAL CENTER|810
2018-11-20 14:07:02,164 INFO: Executing TransactionTrackerOperations.select_customer()
2018-11-20 14:07:04,232 ERROR: Fail in CMProductionDataMonitoring.TaskFilter()
2018-11-20 14:07:08,885 INFO: Executing TransactionTrackerOperations.search_process_for_CMPDM() for: Performance Health|McKesson WHEATON FRANCISCAN HEALTHCARE|810
2018-11-20 14:07:09,241 INFO: Executing TransactionTrackerOperations.select_customer()
2018-11-20 14:07:11,375 ERROR: Fail in CMProductionDataMonitoring.TaskFilter()
2018-11-20 14:07:16,678 INFO: Executing TransactionTrackerOperations.search_process_for_CMPDM() for: Performance Health|MFA DSSI|810
2018-11-20 14:07:16,697 INFO: Executing TransactionTrackerOperations.select_customer()
2018-11-20 14:07:18,766 ERROR: Fail in CMProductionDataMonitoring.TaskFilter()
2018-11-20 14:07:23,411 INFO: Executing TransactionTrackerOperations.search_process_for_CMPDM() for: Performance Health|MIDWEST GERIATRIC DSSI|810
2018-11-20 14:07:23,782 INFO: Executing TransactionTrackerOperations.select_customer()
2018-11-20 14:07:25,880 ERROR: Fail in CMProductionDataMonitoring.TaskFilter()
2018-11-20 14:07:30,322 INFO: Executing TransactionTrackerOperations.search_process_for_CMPDM() for: Performance Health|MIDWEST HEALTH DSSI|810
2018-11-20 14:07:30,353 INFO: Executing TransactionTrackerOperations.select_customer()
2018-11-20 14:07:32,492 ERROR: Fail in CMProductionDataMonitoring.TaskFilter()
2018-11-20 14:07:37,111 INFO: Executing TransactionTrackerOperations.search_process_for_CMPDM() for: Performance Health|MISSION HEALTH DSSI|810
2018-11-20 14:07:37,156 INFO: Executing TransactionTrackerOperations.select_customer()
2018-11-20 14:07:39,277 ERROR: Fail in CMProductionDataMonitoring.TaskFilter()
2018-11-20 14:07:43,848 INFO: Executing TransactionTrackerOperations.search_process_for_CMPDM() for: Performance Health|NEXION DSSI|810
2018-11-20 14:07:43,874 INFO: Executing TransactionTrackerOperations.select_customer()
2018-11-20 14:07:45,971 ERROR: Fail in CMProductionDataMonitoring.TaskFilter()
2018-11-20 14:07:50,638 INFO: Executing TransactionTrackerOperations.search_process_for_CMPDM() for: Performance Health|NOLAND HEALTH SERVICES DSSI|810
2018-11-20 14:07:51,871 INFO: Executing TransactionTrackerOperations.select_customer()
2018-11-20 14:07:54,155 ERROR: Fail in CMProductionDataMonitoring.TaskFilter()
2018-11-20 14:07:58,844 INFO: Executing TransactionTrackerOperations.search_process_for_CMPDM() for: Performance Health|NORTHERN HILLS DSSI|810
2018-11-20 14:07:58,865 INFO: Executing TransactionTrackerOperations.select_customer()
2018-11-20 14:08:00,931 ERROR: Fail in CMProductionDataMonitoring.TaskFilter()
2018-11-20 14:08:05,572 INFO: Executing TransactionTrackerOperations.search_process_for_CMPDM() for: Performance Health|NORTHPORT DSSI|810
2018-11-20 14:08:05,591 INFO: Executing TransactionTrackerOperations.select_customer()
2018-11-20 14:08:07,654 ERROR: Fail in CMProductionDataMonitoring.TaskFilter()
2018-11-20 14:08:12,327 INFO: Executing TransactionTrackerOperations.search_process_for_CMPDM() for: Performance Health|NUVISION DSSI|810
2018-11-20 14:08:12,376 INFO: Executing TransactionTrackerOperations.select_customer()
2018-11-20 14:08:14,483 ERROR: Fail in CMProductionDataMonitoring.TaskFilter()
2018-11-20 14:08:18,897 INFO: Executing TransactionTrackerOperations.search_process_for_CMPDM() for: Performance Health|ONIX GROUP DSSI|810
2018-11-20 14:08:18,916 INFO: Executing TransactionTrackerOperations.select_customer()
2018-11-20 14:08:20,991 ERROR: Fail in CMProductionDataMonitoring.TaskFilter()
2018-11-20 14:08:25,647 INFO: Executing TransactionTrackerOperations.search_process_for_CMPDM() for: Performance Health|PENNMED CONSULTANTS INC DSSI|810
2018-11-20 14:08:25,666 INFO: Executing TransactionTrackerOperations.select_customer()
2018-11-20 14:08:27,786 ERROR: Fail in CMProductionDataMonitoring.TaskFilter()
2018-11-20 14:08:32,566 INFO: Executing TransactionTrackerOperations.search_process_for_CMPDM() for: Performance Health|PREFERRED CARE DSSI|810
2018-11-20 14:08:32,618 INFO: Executing TransactionTrackerOperations.select_customer()
2018-11-20 14:08:34,738 ERROR: Fail in CMProductionDataMonitoring.TaskFilter()
2018-11-20 14:08:39,444 INFO: Executing TransactionTrackerOperations.search_process_for_CMPDM() for: Performance Health|PRESBYTERIAN HOMES AND SERVICES DSSI|810
2018-11-20 14:08:39,479 INFO: Executing TransactionTrackerOperations.select_customer()
2018-11-20 14:08:51,562 INFO: Executing TransactionTrackerOperations.select_customer()
2018-11-20 14:09:18,520 INFO: Executing TransactionTrackerOperations.get_CM_parcels()
2018-11-20 14:09:21,228 INFO: NoSuchElementException in TransactionTrackerOperations.get_CM_parcels()
2018-11-20 14:09:25,650 INFO: NoSuchElementException in TransactionTrackerOperations.get_CM_parcels()
2018-11-20 14:09:29,808 INFO: NoSuchElementException in TransactionTrackerOperations.get_CM_parcels()
2018-11-20 14:09:34,049 INFO: NoSuchElementException in TransactionTrackerOperations.get_CM_parcels()
2018-11-20 14:09:38,356 INFO: NoSuchElementException in TransactionTrackerOperations.get_CM_parcels()
2018-11-20 14:09:42,557 INFO: NoSuchElementException in TransactionTrackerOperations.get_CM_parcels()
2018-11-20 14:09:46,823 INFO: NoSuchElementException in TransactionTrackerOperations.get_CM_parcels()
2018-11-20 14:09:51,156 INFO: NoSuchElementException in TransactionTrackerOperations.get_CM_parcels()
2018-11-20 14:09:55,353 INFO: NoSuchElementException in TransactionTrackerOperations.get_CM_parcels()
2018-11-20 14:09:59,552 INFO: NoSuchElementException in TransactionTrackerOperations.get_CM_parcels()
2018-11-20 14:10:03,907 INFO: NoSuchElementException in TransactionTrackerOperations.get_CM_parcels()
2018-11-20 14:10:11,907 ERROR: Fail in CMProductionDataMonitoring.TaskFilter()
2018-11-20 14:10:51,361 INFO: Executing Script Credit Memo Prodution Data Monitoring
2018-11-20 14:10:51,451 INFO: Executing CMProductionDataMonitoring.execute_main()
2018-11-20 14:10:56,190 INFO: Login in to Launchpad
2018-11-20 14:11:09,106 INFO: Executing CMProductionDataMonitoring.TaskFilter()
2018-11-20 14:11:09,346 INFO: Refreshing access_token
2018-11-20 14:11:12,654 INFO: select InProgress task from input sheet from CMProductionDataMonitoring.TaskFilter()
2018-11-20 14:11:12,654 INFO: Executing TransactionTrackerOperations.search_process_for_CMPDM() for: Performance Health|McKesson BASCOM PALMER EYE INST|810
2018-11-20 14:11:12,920 INFO: Executing TransactionTrackerOperations.select_customer()
2018-11-20 14:11:19,676 INFO: Executing TransactionTrackerOperations.select_customer()
2018-11-20 14:11:31,030 INFO: Executing TransactionTrackerOperations.get_CM_parcels()
2018-11-20 14:11:38,256 INFO: Executing TransactionTrackerOperations.search_process_for_CMPDM() for: Performance Health|McKesson CABELL HUNTINGTON HOSPITAL|810
2018-11-20 14:11:38,276 INFO: Executing TransactionTrackerOperations.select_customer()
2018-11-20 14:11:45,035 INFO: Executing TransactionTrackerOperations.select_customer()
2018-11-20 14:11:56,348 INFO: Executing TransactionTrackerOperations.get_CM_parcels()
2018-11-20 14:11:58,732 INFO: NoSuchElementException in TransactionTrackerOperations.get_CM_parcels()
2018-11-20 14:12:02,650 INFO: NoSuchElementException in TransactionTrackerOperations.get_CM_parcels()
2018-11-20 14:12:10,023 INFO: Executing TransactionTrackerOperations.search_process_for_CMPDM() for: Performance Health|McKesson CHILDRENS HOSPITAL|810
2018-11-20 14:12:10,687 INFO: Executing TransactionTrackerOperations.select_customer()
2018-11-20 14:12:17,485 INFO: Executing TransactionTrackerOperations.select_customer()
2018-11-20 14:12:28,708 INFO: Executing TransactionTrackerOperations.get_CM_parcels()
2018-11-20 14:12:31,144 INFO: NoSuchElementException in TransactionTrackerOperations.get_CM_parcels()
2018-11-20 14:12:35,394 INFO: NoSuchElementException in TransactionTrackerOperations.get_CM_parcels()
2018-11-20 14:12:44,452 INFO: Executing TransactionTrackerOperations.search_process_for_CMPDM() for: Performance Health|McKesson CHRISTIANA CARE HEALTH|810
2018-11-20 14:12:44,478 INFO: Executing TransactionTrackerOperations.select_customer()
2018-11-20 14:12:51,326 INFO: Executing TransactionTrackerOperations.select_customer()
2018-11-20 14:13:02,520 INFO: Executing TransactionTrackerOperations.get_CM_parcels()
2018-11-20 14:13:04,903 INFO: NoSuchElementException in TransactionTrackerOperations.get_CM_parcels()
2018-11-20 14:13:09,218 INFO: NoSuchElementException in TransactionTrackerOperations.get_CM_parcels()
2018-11-20 14:13:13,452 INFO: NoSuchElementException in TransactionTrackerOperations.get_CM_parcels()
2018-11-20 14:13:17,638 INFO: NoSuchElementException in TransactionTrackerOperations.get_CM_parcels()
2018-11-20 14:13:21,785 INFO: NoSuchElementException in TransactionTrackerOperations.get_CM_parcels()
2018-11-20 14:13:25,929 INFO: NoSuchElementException in TransactionTrackerOperations.get_CM_parcels()
2018-11-20 14:13:30,101 INFO: NoSuchElementException in TransactionTrackerOperations.get_CM_parcels()
2018-11-20 14:13:34,326 INFO: NoSuchElementException in TransactionTrackerOperations.get_CM_parcels()
2018-11-20 14:13:38,769 INFO: NoSuchElementException in TransactionTrackerOperations.get_CM_parcels()
2018-11-20 14:13:43,713 INFO: NoSuchElementException in TransactionTrackerOperations.get_CM_parcels()
2018-11-20 14:13:46,349 INFO: NoSuchElementException in TransactionTrackerOperations.get_CM_parcels()
2018-11-20 14:13:54,638 INFO: Executing TransactionTrackerOperations.search_process_for_CMPDM() for: Performance Health|McKesson EMH REGIONAL HEALTHCARE SYSTEMS|810
2018-11-20 14:13:54,660 INFO: Executing TransactionTrackerOperations.select_customer()
2018-11-20 14:14:01,559 INFO: Executing TransactionTrackerOperations.select_customer()
2018-11-20 14:14:14,116 INFO: Executing TransactionTrackerOperations.get_CM_parcels()
2018-11-20 14:14:20,216 INFO: Executing TransactionTrackerOperations.search_process_for_CMPDM() for: Performance Health|McKesson EMORY HEALTHCARE|810
2018-11-20 14:14:20,567 INFO: Executing TransactionTrackerOperations.select_customer()
2018-11-20 14:14:27,436 INFO: Executing TransactionTrackerOperations.select_customer()
2018-11-20 14:14:39,076 INFO: Executing TransactionTrackerOperations.get_CM_parcels()
2018-11-20 14:14:42,611 INFO: NoSuchElementException in TransactionTrackerOperations.get_CM_parcels()
2018-11-20 14:14:47,631 INFO: NoSuchElementException in TransactionTrackerOperations.get_CM_parcels()
2018-11-20 14:14:52,577 INFO: NoSuchElementException in TransactionTrackerOperations.get_CM_parcels()
2018-11-20 14:14:56,993 INFO: NoSuchElementException in TransactionTrackerOperations.get_CM_parcels()
2018-11-20 14:15:01,179 INFO: NoSuchElementException in TransactionTrackerOperations.get_CM_parcels()
2018-11-20 14:15:05,358 INFO: NoSuchElementException in TransactionTrackerOperations.get_CM_parcels()
2018-11-20 14:15:09,540 INFO: NoSuchElementException in TransactionTrackerOperations.get_CM_parcels()
2018-11-20 14:15:13,934 INFO: NoSuchElementException in TransactionTrackerOperations.get_CM_parcels()
2018-11-20 14:15:18,345 INFO: NoSuchElementException in TransactionTrackerOperations.get_CM_parcels()
2018-11-20 14:15:22,760 INFO: NoSuchElementException in TransactionTrackerOperations.get_CM_parcels()
2018-11-20 14:15:27,024 INFO: NoSuchElementException in TransactionTrackerOperations.get_CM_parcels()
2018-11-20 14:15:31,373 INFO: NoSuchElementException in TransactionTrackerOperations.get_CM_parcels()
2018-11-20 14:15:35,803 INFO: NoSuchElementException in TransactionTrackerOperations.get_CM_parcels()
2018-11-20 14:15:40,210 INFO: NoSuchElementException in TransactionTrackerOperations.get_CM_parcels()
2018-11-20 14:15:44,455 INFO: NoSuchElementException in TransactionTrackerOperations.get_CM_parcels()
2018-11-20 14:15:48,702 INFO: NoSuchElementException in TransactionTrackerOperations.get_CM_parcels()
2018-11-20 14:15:51,873 INFO: NoSuchElementException in TransactionTrackerOperations.get_CM_parcels()
2018-11-20 14:16:00,500 INFO: Executing TransactionTrackerOperations.search_process_for_CMPDM() for: Performance Health|McKesson FIRELANDS REGIONAL MEDICAL CENTER|810
2018-11-20 14:16:00,517 INFO: Executing TransactionTrackerOperations.select_customer()
2018-11-20 14:16:07,292 INFO: Executing TransactionTrackerOperations.select_customer()
2018-11-20 14:16:18,638 INFO: Executing TransactionTrackerOperations.get_CM_parcels()
2018-11-20 14:16:25,101 INFO: Executing TransactionTrackerOperations.search_process_for_CMPDM() for: Performance Health|McKesson FIRSTHEALTH CAROLINAS|810
2018-11-20 14:16:25,114 INFO: Executing TransactionTrackerOperations.select_customer()
2018-11-20 14:16:31,891 INFO: Executing TransactionTrackerOperations.select_customer()
2018-11-20 14:16:42,949 INFO: Executing TransactionTrackerOperations.get_CM_parcels()
2018-11-20 14:16:49,881 INFO: Executing TransactionTrackerOperations.search_process_for_CMPDM() for: Performance Health|McKesson FRANCISCAN ALLIANCE INC|810
2018-11-20 14:16:49,899 INFO: Executing TransactionTrackerOperations.select_customer()
2018-11-20 14:16:56,697 INFO: Executing TransactionTrackerOperations.select_customer()
2018-11-20 14:17:07,725 INFO: Executing TransactionTrackerOperations.get_CM_parcels()
2018-11-20 14:17:10,036 INFO: NoSuchElementException in TransactionTrackerOperations.get_CM_parcels()
2018-11-20 14:17:14,323 INFO: NoSuchElementException in TransactionTrackerOperations.get_CM_parcels()
2018-11-20 14:17:18,573 INFO: NoSuchElementException in TransactionTrackerOperations.get_CM_parcels()
2018-11-20 14:17:22,713 INFO: NoSuchElementException in TransactionTrackerOperations.get_CM_parcels()
2018-11-20 14:17:26,886 INFO: NoSuchElementException in TransactionTrackerOperations.get_CM_parcels()
2018-11-20 14:17:31,141 INFO: NoSuchElementException in TransactionTrackerOperations.get_CM_parcels()
2018-11-20 14:17:35,365 INFO: NoSuchElementException in TransactionTrackerOperations.get_CM_parcels()
2018-11-20 14:17:39,555 INFO: NoSuchElementException in TransactionTrackerOperations.get_CM_parcels()
2018-11-20 14:17:43,722 INFO: NoSuchElementException in TransactionTrackerOperations.get_CM_parcels()
2018-11-20 14:17:47,953 INFO: NoSuchElementException in TransactionTrackerOperations.get_CM_parcels()
2018-11-20 14:17:51,163 INFO: NoSuchElementException in TransactionTrackerOperations.get_CM_parcels()
2018-11-20 14:17:59,197 INFO: Executing TransactionTrackerOperations.search_process_for_CMPDM() for: Performance Health|McKesson GOOD SHEPHERD REHAB NETWORK|810
2018-11-20 14:17:59,231 INFO: Executing TransactionTrackerOperations.select_customer()
2018-11-20 14:18:05,961 INFO: Executing TransactionTrackerOperations.select_customer()
2018-11-20 14:18:17,116 INFO: Executing TransactionTrackerOperations.get_CM_parcels()
2018-11-20 14:18:19,639 INFO: NoSuchElementException in TransactionTrackerOperations.get_CM_parcels()
2018-11-20 14:18:23,885 INFO: NoSuchElementException in TransactionTrackerOperations.get_CM_parcels()
2018-11-20 14:18:28,241 INFO: NoSuchElementException in TransactionTrackerOperations.get_CM_parcels()
2018-11-20 14:18:32,402 INFO: NoSuchElementException in TransactionTrackerOperations.get_CM_parcels()
2018-11-20 14:18:36,537 INFO: NoSuchElementException in TransactionTrackerOperations.get_CM_parcels()
2018-11-20 14:18:40,720 INFO: NoSuchElementException in TransactionTrackerOperations.get_CM_parcels()
2018-11-20 14:18:44,869 INFO: NoSuchElementException in TransactionTrackerOperations.get_CM_parcels()
2018-11-20 14:18:49,148 INFO: NoSuchElementException in TransactionTrackerOperations.get_CM_parcels()
2018-11-20 14:18:53,353 INFO: NoSuchElementException in TransactionTrackerOperations.get_CM_parcels()
2018-11-20 14:18:57,609 INFO: NoSuchElementException in TransactionTrackerOperations.get_CM_parcels()
2018-11-20 14:19:00,407 INFO: NoSuchElementException in TransactionTrackerOperations.get_CM_parcels()
2018-11-20 14:19:07,631 INFO: Executing TransactionTrackerOperations.search_process_for_CMPDM() for: Performance Health|McKesson HALIFAX REGIONAL HOSPITAL|810
2018-11-20 14:19:08,275 INFO: Executing TransactionTrackerOperations.select_customer()
2018-11-20 14:19:15,045 INFO: Executing TransactionTrackerOperations.select_customer()
2018-11-20 14:19:26,103 INFO: Executing TransactionTrackerOperations.get_CM_parcels()
2018-11-20 14:19:33,079 INFO: Executing TransactionTrackerOperations.search_process_for_CMPDM() for: Performance Health|McKesson HATTISBURG CLINIC|810
2018-11-20 14:19:33,448 INFO: Executing TransactionTrackerOperations.select_customer()
2018-11-20 14:19:40,198 INFO: Executing TransactionTrackerOperations.select_customer()
2018-11-20 14:19:51,158 INFO: Executing TransactionTrackerOperations.get_CM_parcels()
2018-11-20 14:19:58,281 INFO: Executing TransactionTrackerOperations.search_process_for_CMPDM() for: Performance Health|McKesson IL BONE AND JOINT|810
2018-11-20 14:19:58,320 INFO: Executing TransactionTrackerOperations.select_customer()
2018-11-20 14:20:05,121 INFO: Executing TransactionTrackerOperations.select_customer()
2018-11-20 14:20:16,005 INFO: Executing TransactionTrackerOperations.get_CM_parcels()
2018-11-20 14:20:18,369 INFO: NoSuchElementException in TransactionTrackerOperations.get_CM_parcels()
2018-11-20 14:20:22,590 INFO: NoSuchElementException in TransactionTrackerOperations.get_CM_parcels()
2018-11-20 14:20:26,690 INFO: NoSuchElementException in TransactionTrackerOperations.get_CM_parcels()
2018-11-20 14:20:30,856 INFO: NoSuchElementException in TransactionTrackerOperations.get_CM_parcels()
2018-11-20 14:20:35,375 INFO: NoSuchElementException in TransactionTrackerOperations.get_CM_parcels()
2018-11-20 14:20:39,659 INFO: NoSuchElementException in TransactionTrackerOperations.get_CM_parcels()
2018-11-20 14:20:43,813 INFO: NoSuchElementException in TransactionTrackerOperations.get_CM_parcels()
2018-11-20 14:20:48,001 INFO: NoSuchElementException in TransactionTrackerOperations.get_CM_parcels()
2018-11-20 14:20:52,462 INFO: NoSuchElementException in TransactionTrackerOperations.get_CM_parcels()
2018-11-20 14:20:57,097 INFO: NoSuchElementException in TransactionTrackerOperations.get_CM_parcels()
2018-11-20 14:21:01,300 INFO: NoSuchElementException in TransactionTrackerOperations.get_CM_parcels()
2018-11-20 14:21:05,523 INFO: NoSuchElementException in TransactionTrackerOperations.get_CM_parcels()
2018-11-20 14:21:09,748 INFO: NoSuchElementException in TransactionTrackerOperations.get_CM_parcels()
2018-11-20 14:21:13,967 INFO: NoSuchElementException in TransactionTrackerOperations.get_CM_parcels()
2018-11-20 14:21:18,242 INFO: NoSuchElementException in TransactionTrackerOperations.get_CM_parcels()
2018-11-20 14:21:22,470 INFO: NoSuchElementException in TransactionTrackerOperations.get_CM_parcels()
2018-11-20 14:21:26,715 INFO: NoSuchElementException in TransactionTrackerOperations.get_CM_parcels()
2018-11-20 14:21:30,962 INFO: NoSuchElementException in TransactionTrackerOperations.get_CM_parcels()
2018-11-20 14:21:35,363 INFO: NoSuchElementException in TransactionTrackerOperations.get_CM_parcels()
2018-11-20 14:21:39,761 INFO: NoSuchElementException in TransactionTrackerOperations.get_CM_parcels()
2018-11-20 14:21:43,963 INFO: NoSuchElementException in TransactionTrackerOperations.get_CM_parcels()
2018-11-20 14:21:48,331 INFO: NoSuchElementException in TransactionTrackerOperations.get_CM_parcels()
2018-11-20 14:21:52,536 INFO: NoSuchElementException in TransactionTrackerOperations.get_CM_parcels()
2018-11-20 14:21:56,808 INFO: NoSuchElementException in TransactionTrackerOperations.get_CM_parcels()
2018-11-20 14:22:00,994 INFO: NoSuchElementException in TransactionTrackerOperations.get_CM_parcels()
2018-11-20 14:22:05,200 INFO: NoSuchElementException in TransactionTrackerOperations.get_CM_parcels()
2018-11-20 14:22:09,309 INFO: NoSuchElementException in TransactionTrackerOperations.get_CM_parcels()
2018-11-20 14:22:12,872 INFO: NoSuchElementException in TransactionTrackerOperations.get_CM_parcels()
2018-11-20 14:22:21,248 INFO: Executing TransactionTrackerOperations.search_process_for_CMPDM() for: Performance Health|McKesson LAKE CHARLES MEMORIAL HOSPITAL|810
2018-11-20 14:22:21,264 INFO: Executing TransactionTrackerOperations.select_customer()
2018-11-20 14:22:30,032 INFO: Executing TransactionTrackerOperations.select_customer()
2018-11-20 14:22:41,175 INFO: Executing TransactionTrackerOperations.get_CM_parcels()
2018-11-20 14:22:48,083 INFO: Executing TransactionTrackerOperations.search_process_for_CMPDM() for: Performance Health|McKesson LAWRENCE MEMORIAL HOSPITAL|810
2018-11-20 14:22:48,098 INFO: Executing TransactionTrackerOperations.select_customer()
2018-11-20 14:22:54,878 INFO: Executing TransactionTrackerOperations.select_customer()
2018-11-20 14:23:06,006 INFO: Executing TransactionTrackerOperations.get_CM_parcels()
2018-11-20 14:23:08,273 INFO: NoSuchElementException in TransactionTrackerOperations.get_CM_parcels()
2018-11-20 14:23:12,472 INFO: NoSuchElementException in TransactionTrackerOperations.get_CM_parcels()
2018-11-20 14:23:16,640 INFO: NoSuchElementException in TransactionTrackerOperations.get_CM_parcels()
2018-11-20 14:23:20,762 INFO: NoSuchElementException in TransactionTrackerOperations.get_CM_parcels()
2018-11-20 14:23:23,136 INFO: NoSuchElementException in TransactionTrackerOperations.get_CM_parcels()
2018-11-20 14:23:30,779 INFO: Executing TransactionTrackerOperations.search_process_for_CMPDM() for: Performance Health|McKesson LEESBURG REGIONAL|810
2018-11-20 14:23:30,802 INFO: Executing TransactionTrackerOperations.select_customer()
2018-11-20 14:23:37,513 INFO: Executing TransactionTrackerOperations.select_customer()
2018-11-20 14:23:48,458 INFO: Executing TransactionTrackerOperations.get_CM_parcels()
2018-11-20 14:23:49,309 INFO: NoSuchElementException in TransactionTrackerOperations.get_CM_parcels()
2018-11-20 14:23:57,769 INFO: Executing TransactionTrackerOperations.search_process_for_CMPDM() for: Performance Health|McKesson LOMA LINDA UNIVERSITY MEDICAL CENTER|810
2018-11-20 14:23:58,143 INFO: Executing TransactionTrackerOperations.select_customer()
2018-11-20 14:24:04,853 INFO: Executing TransactionTrackerOperations.select_customer()
2018-11-20 14:24:16,091 INFO: Executing TransactionTrackerOperations.get_CM_parcels()
2018-11-20 14:24:16,350 INFO: NoSuchElementException in TransactionTrackerOperations.get_CM_parcels()
2018-11-20 14:24:24,504 INFO: Executing TransactionTrackerOperations.search_process_for_CMPDM() for: Performance Health|McKesson MCG HEALTH INC|810
2018-11-20 14:24:24,531 INFO: Executing TransactionTrackerOperations.select_customer()
2018-11-20 14:24:31,214 INFO: Executing TransactionTrackerOperations.select_customer()
2018-11-20 14:24:42,113 INFO: Executing TransactionTrackerOperations.get_CM_parcels()
2018-11-20 14:24:44,429 INFO: NoSuchElementException in TransactionTrackerOperations.get_CM_parcels()
2018-11-20 14:24:48,650 INFO: NoSuchElementException in TransactionTrackerOperations.get_CM_parcels()
2018-11-20 14:24:52,896 INFO: NoSuchElementException in TransactionTrackerOperations.get_CM_parcels()
2018-11-20 14:24:56,314 INFO: NoSuchElementException in TransactionTrackerOperations.get_CM_parcels()
2018-11-20 14:25:03,352 INFO: Executing TransactionTrackerOperations.search_process_for_CMPDM() for: Performance Health|McKesson NCH HEALTHCARE|810
2018-11-20 14:25:03,987 INFO: Executing TransactionTrackerOperations.select_customer()
2018-11-20 14:25:10,738 INFO: Executing TransactionTrackerOperations.select_customer()
2018-11-20 14:25:21,586 INFO: Executing TransactionTrackerOperations.get_CM_parcels()
2018-11-20 14:25:23,873 INFO: NoSuchElementException in TransactionTrackerOperations.get_CM_parcels()
2018-11-20 14:25:28,061 INFO: NoSuchElementException in TransactionTrackerOperations.get_CM_parcels()
2018-11-20 14:25:32,280 INFO: NoSuchElementException in TransactionTrackerOperations.get_CM_parcels()
2018-11-20 14:25:36,577 INFO: NoSuchElementException in TransactionTrackerOperations.get_CM_parcels()
2018-11-20 14:25:40,351 INFO: NoSuchElementException in TransactionTrackerOperations.get_CM_parcels()
2018-11-20 14:25:46,904 INFO: Executing TransactionTrackerOperations.search_process_for_CMPDM() for: Performance Health|McKesson SACRED HEART HOSPITAL|810
2018-11-20 14:25:47,399 INFO: Executing TransactionTrackerOperations.select_customer()
2018-11-20 14:25:54,167 INFO: Executing TransactionTrackerOperations.select_customer()
2018-11-20 14:26:05,118 INFO: Executing TransactionTrackerOperations.get_CM_parcels()
2018-11-20 14:26:11,318 INFO: Executing TransactionTrackerOperations.search_process_for_CMPDM() for: Performance Health|McKesson SAINT FRANCES MEDICAL CENTER|810
2018-11-20 14:26:11,339 INFO: Executing TransactionTrackerOperations.select_customer()
2018-11-20 14:26:18,064 INFO: Executing TransactionTrackerOperations.select_customer()
2018-11-20 14:26:29,169 INFO: Executing TransactionTrackerOperations.get_CM_parcels()
2018-11-20 14:26:31,466 INFO: NoSuchElementException in TransactionTrackerOperations.get_CM_parcels()
2018-11-20 14:26:35,934 INFO: NoSuchElementException in TransactionTrackerOperations.get_CM_parcels()
2018-11-20 14:26:39,575 INFO: NoSuchElementException in TransactionTrackerOperations.get_CM_parcels()
2018-11-20 14:26:47,686 INFO: Executing TransactionTrackerOperations.search_process_for_CMPDM() for: Performance Health|McKesson SOUTHERN NEW HAMPSHIRE MEDICAL CENTER|810
2018-11-20 14:26:47,702 INFO: Executing TransactionTrackerOperations.select_customer()
2018-11-20 14:26:54,463 INFO: Executing TransactionTrackerOperations.select_customer()
2018-11-20 14:27:07,671 INFO: Executing TransactionTrackerOperations.get_CM_parcels()
2018-11-20 14:27:09,984 INFO: NoSuchElementException in TransactionTrackerOperations.get_CM_parcels()
2018-11-20 14:27:14,234 INFO: NoSuchElementException in TransactionTrackerOperations.get_CM_parcels()
2018-11-20 14:27:17,596 INFO: NoSuchElementException in TransactionTrackerOperations.get_CM_parcels()
2018-11-20 14:27:23,339 INFO: Executing TransactionTrackerOperations.search_process_for_CMPDM() for: Performance Health|McKesson TIFT REGIONAL MEDICAL CENTER|810
2018-11-20 14:27:23,946 INFO: Executing TransactionTrackerOperations.select_customer()
2018-11-20 14:27:30,688 INFO: Executing TransactionTrackerOperations.select_customer()
2018-11-20 14:27:41,805 INFO: Executing TransactionTrackerOperations.get_CM_parcels()
2018-11-20 14:27:47,588 INFO: Executing TransactionTrackerOperations.search_process_for_CMPDM() for: Performance Health|McKesson TRINITY MOTHER FRANCES HOSPITAL|810
2018-11-20 14:27:47,600 INFO: Executing TransactionTrackerOperations.select_customer()
2018-11-20 14:29:29,619 ERROR: Fail in CMProductionDataMonitoring.TaskFilter()
2018-11-20 14:29:36,567 INFO: Executing TransactionTrackerOperations.search_process_for_CMPDM() for: Performance Health|McKesson Truman Medical Center|810
2018-11-20 14:29:36,604 INFO: Executing TransactionTrackerOperations.select_customer()
2018-11-20 14:31:18,660 ERROR: Fail in CMProductionDataMonitoring.TaskFilter()
2018-11-20 14:31:23,351 INFO: Executing TransactionTrackerOperations.search_process_for_CMPDM() for: Performance Health|McKesson UNITED HOSPITAL SYSTEM INC|810
2018-11-20 14:31:23,745 INFO: Executing TransactionTrackerOperations.select_customer()
2018-11-20 14:33:05,775 ERROR: Fail in CMProductionDataMonitoring.TaskFilter()
2018-11-20 14:33:10,826 INFO: Executing TransactionTrackerOperations.search_process_for_CMPDM() for: Performance Health|McKesson VAIL VALLEY MEDICAL CENTER|810
2018-11-20 14:33:10,868 INFO: Executing TransactionTrackerOperations.select_customer()
2018-11-20 14:34:52,880 ERROR: Fail in CMProductionDataMonitoring.TaskFilter()
2018-11-20 14:34:57,436 INFO: Executing TransactionTrackerOperations.search_process_for_CMPDM() for: Performance Health|McKesson WHEATON FRANCISCAN HEALTHCARE|810
2018-11-20 14:34:57,477 INFO: Executing TransactionTrackerOperations.select_customer()
2018-11-20 14:35:27,875 ERROR: Fail in CMProductionDataMonitoring.TaskFilter()
