2018-12-18 15:39:08,857 INFO: Executing Script Credit Memo Prodution Data Monitoring
2018-12-18 15:39:09,039 INFO: Executing CMProductionDataMonitoring.execute_main()
2018-12-18 15:39:17,740 INFO: Login in to Launchpad
2018-12-18 15:39:38,853 INFO: Executing CMProductionDataMonitoring.TaskFilter()
2018-12-18 15:39:39,275 INFO: Refreshing access_token
2018-12-18 15:39:48,890 INFO: select InProgress task from input sheet from CMProductionDataMonitoring.TaskFilter()
2018-12-18 15:39:48,891 INFO: Executing TransactionTrackerOperations.search_process_for_CMPDM() for: Performance Health|McKesson BASCOM PALMER EYE INST|810
2018-12-18 15:39:48,949 INFO: Executing TransactionTrackerOperations.select_customer()
2018-12-18 15:40:49,550 INFO: Executing Script Credit Memo Prodution Data Monitoring
2018-12-18 15:40:49,645 INFO: Executing CMProductionDataMonitoring.execute_main()
2018-12-18 15:40:53,342 INFO: Login in to Launchpad
2018-12-18 15:41:12,515 INFO: Executing CMProductionDataMonitoring.TaskFilter()
2018-12-18 15:41:12,740 INFO: Refreshing access_token
2018-12-18 15:45:00,095 INFO: Executing Script Credit Memo Prodution Data Monitoring
2018-12-18 15:45:00,212 INFO: Executing CMProductionDataMonitoring.execute_main()
2018-12-18 15:45:03,932 INFO: Login in to Launchpad
2018-12-18 15:45:34,022 INFO: Executing CMProductionDataMonitoring.TaskFilter()
2018-12-18 15:45:34,241 INFO: Refreshing access_token
2018-12-18 15:45:40,786 INFO: select InProgress task from input sheet from CMProductionDataMonitoring.TaskFilter()
2018-12-18 15:45:40,787 INFO: Executing TransactionTrackerOperations.search_process_for_CMPDM() for: Performance Health|McKesson BASCOM PALMER EYE INST|810
2018-12-18 15:45:41,427 INFO: Executing TransactionTrackerOperations.select_customer()
2018-12-18 15:45:48,746 INFO: Executing TransactionTrackerOperations.select_customer()
2018-12-18 15:46:00,808 INFO: Executing TransactionTrackerOperations.get_CM_parcels()
2018-12-18 15:46:09,523 INFO: Executing TransactionTrackerOperations.search_process_for_CMPDM() for: Performance Health|McKesson CABELL HUNTINGTON HOSPITAL|810
2018-12-18 15:46:09,532 ERROR: Error in CMProductionDataMonitoring.TaskFilter()
2018-12-18 15:46:14,268 INFO: Executing TransactionTrackerOperations.search_process_for_CMPDM() for: Performance Health|McKesson CHILDRENS HOSPITAL|810
2018-12-18 15:46:14,325 INFO: Executing TransactionTrackerOperations.select_customer()
2018-12-18 15:46:22,299 INFO: Executing TransactionTrackerOperations.select_customer()
2018-12-18 15:46:34,105 INFO: Executing TransactionTrackerOperations.get_CM_parcels()
2018-12-18 15:46:36,846 INFO: NoSuchElementException in TransactionTrackerOperations.get_CM_parcels()
2018-12-18 15:46:41,487 INFO: NoSuchElementException in TransactionTrackerOperations.get_CM_parcels()
2018-12-18 15:46:44,347 INFO: NoSuchElementException in TransactionTrackerOperations.get_CM_parcels()
2018-12-18 15:46:52,050 INFO: Executing TransactionTrackerOperations.search_process_for_CMPDM() for: Performance Health|McKesson CHRISTIANA CARE HEALTH|810
2018-12-18 15:46:52,316 INFO: Executing TransactionTrackerOperations.select_customer()
2018-12-18 15:46:59,192 INFO: Executing TransactionTrackerOperations.select_customer()
2018-12-18 15:47:10,741 INFO: Executing TransactionTrackerOperations.get_CM_parcels()
2018-12-18 15:47:13,458 INFO: NoSuchElementException in TransactionTrackerOperations.get_CM_parcels()
2018-12-18 15:47:18,023 INFO: NoSuchElementException in TransactionTrackerOperations.get_CM_parcels()
2018-12-18 15:47:22,579 INFO: NoSuchElementException in TransactionTrackerOperations.get_CM_parcels()
2018-12-18 15:47:27,095 INFO: NoSuchElementException in TransactionTrackerOperations.get_CM_parcels()
2018-12-18 15:47:31,629 INFO: NoSuchElementException in TransactionTrackerOperations.get_CM_parcels()
2018-12-18 15:47:36,166 INFO: NoSuchElementException in TransactionTrackerOperations.get_CM_parcels()
2018-12-18 15:47:40,694 INFO: NoSuchElementException in TransactionTrackerOperations.get_CM_parcels()
2018-12-18 15:47:45,230 INFO: NoSuchElementException in TransactionTrackerOperations.get_CM_parcels()
2018-12-18 15:47:49,876 INFO: NoSuchElementException in TransactionTrackerOperations.get_CM_parcels()
2018-12-18 15:47:54,423 INFO: NoSuchElementException in TransactionTrackerOperations.get_CM_parcels()
2018-12-18 15:47:58,952 INFO: NoSuchElementException in TransactionTrackerOperations.get_CM_parcels()
2018-12-18 15:48:03,515 INFO: NoSuchElementException in TransactionTrackerOperations.get_CM_parcels()
2018-12-18 15:48:08,092 INFO: NoSuchElementException in TransactionTrackerOperations.get_CM_parcels()
2018-12-18 15:48:11,029 INFO: NoSuchElementException in TransactionTrackerOperations.get_CM_parcels()
2018-12-18 15:48:17,919 INFO: Executing TransactionTrackerOperations.search_process_for_CMPDM() for: Performance Health|McKesson EMH REGIONAL HEALTHCARE SYSTEMS|810
2018-12-18 15:48:18,585 INFO: Executing TransactionTrackerOperations.select_customer()
2018-12-18 15:48:25,432 INFO: Executing TransactionTrackerOperations.select_customer()
2018-12-18 15:48:37,090 INFO: Executing TransactionTrackerOperations.get_CM_parcels()
2018-12-18 15:48:43,208 INFO: Executing TransactionTrackerOperations.search_process_for_CMPDM() for: Performance Health|McKesson EMORY HEALTHCARE|810
2018-12-18 15:48:43,236 INFO: Executing TransactionTrackerOperations.select_customer()
2018-12-18 15:48:50,077 INFO: Executing TransactionTrackerOperations.select_customer()
2018-12-18 15:49:01,416 INFO: Executing TransactionTrackerOperations.get_CM_parcels()
2018-12-18 15:49:07,404 INFO: Executing TransactionTrackerOperations.search_process_for_CMPDM() for: Performance Health|McKesson FIRELANDS REGIONAL MEDICAL CENTER|810
2018-12-18 15:49:07,635 INFO: Executing TransactionTrackerOperations.select_customer()
2018-12-18 15:49:14,484 INFO: Executing TransactionTrackerOperations.select_customer()
2018-12-18 15:49:26,740 INFO: Executing TransactionTrackerOperations.get_CM_parcels()
2018-12-18 15:49:32,924 INFO: Executing TransactionTrackerOperations.search_process_for_CMPDM() for: Performance Health|McKesson FIRSTHEALTH CAROLINAS|810
2018-12-18 15:49:32,952 INFO: Executing TransactionTrackerOperations.select_customer()
2018-12-18 15:49:39,864 INFO: Executing TransactionTrackerOperations.select_customer()
2018-12-18 15:49:51,285 INFO: Executing TransactionTrackerOperations.get_CM_parcels()
2018-12-18 15:49:56,749 INFO: Executing TransactionTrackerOperations.search_process_for_CMPDM() for: Performance Health|McKesson FRANCISCAN ALLIANCE INC|810
2018-12-18 15:49:57,631 INFO: Executing TransactionTrackerOperations.select_customer()
2018-12-18 15:50:04,521 INFO: Executing TransactionTrackerOperations.select_customer()
2018-12-18 15:50:16,001 INFO: Executing TransactionTrackerOperations.get_CM_parcels()
2018-12-18 15:50:18,688 INFO: NoSuchElementException in TransactionTrackerOperations.get_CM_parcels()
2018-12-18 15:50:23,180 INFO: NoSuchElementException in TransactionTrackerOperations.get_CM_parcels()
2018-12-18 15:50:27,803 INFO: NoSuchElementException in TransactionTrackerOperations.get_CM_parcels()
2018-12-18 15:50:32,236 INFO: NoSuchElementException in TransactionTrackerOperations.get_CM_parcels()
2018-12-18 15:50:36,689 INFO: NoSuchElementException in TransactionTrackerOperations.get_CM_parcels()
2018-12-18 15:50:41,139 INFO: NoSuchElementException in TransactionTrackerOperations.get_CM_parcels()
2018-12-18 15:50:45,611 INFO: NoSuchElementException in TransactionTrackerOperations.get_CM_parcels()
2018-12-18 15:50:50,085 INFO: NoSuchElementException in TransactionTrackerOperations.get_CM_parcels()
2018-12-18 15:50:54,660 INFO: NoSuchElementException in TransactionTrackerOperations.get_CM_parcels()
2018-12-18 15:50:59,323 INFO: NoSuchElementException in TransactionTrackerOperations.get_CM_parcels()
2018-12-18 15:51:03,830 INFO: NoSuchElementException in TransactionTrackerOperations.get_CM_parcels()
2018-12-18 15:51:08,408 INFO: NoSuchElementException in TransactionTrackerOperations.get_CM_parcels()
2018-12-18 15:51:13,140 INFO: NoSuchElementException in TransactionTrackerOperations.get_CM_parcels()
2018-12-18 15:51:18,084 INFO: NoSuchElementException in TransactionTrackerOperations.get_CM_parcels()
2018-12-18 15:51:23,163 INFO: NoSuchElementException in TransactionTrackerOperations.get_CM_parcels()
2018-12-18 15:51:26,559 INFO: NoSuchElementException in TransactionTrackerOperations.get_CM_parcels()
2018-12-18 15:51:34,169 INFO: Executing TransactionTrackerOperations.search_process_for_CMPDM() for: Performance Health|McKesson GOOD SHEPHERD REHAB NETWORK|810
2018-12-18 15:51:34,616 INFO: Executing TransactionTrackerOperations.select_customer()
2018-12-18 15:51:41,488 INFO: Executing TransactionTrackerOperations.select_customer()
2018-12-18 15:51:53,504 INFO: Executing TransactionTrackerOperations.get_CM_parcels()
2018-12-18 15:51:57,524 INFO: NoSuchElementException in TransactionTrackerOperations.get_CM_parcels()
2018-12-18 15:52:02,065 INFO: NoSuchElementException in TransactionTrackerOperations.get_CM_parcels()
2018-12-18 15:52:06,694 INFO: NoSuchElementException in TransactionTrackerOperations.get_CM_parcels()
2018-12-18 15:52:11,204 INFO: NoSuchElementException in TransactionTrackerOperations.get_CM_parcels()
2018-12-18 15:52:15,710 INFO: NoSuchElementException in TransactionTrackerOperations.get_CM_parcels()
2018-12-18 15:52:20,277 INFO: NoSuchElementException in TransactionTrackerOperations.get_CM_parcels()
2018-12-18 15:52:24,802 INFO: NoSuchElementException in TransactionTrackerOperations.get_CM_parcels()
2018-12-18 15:52:29,336 INFO: NoSuchElementException in TransactionTrackerOperations.get_CM_parcels()
2018-12-18 15:52:33,858 INFO: NoSuchElementException in TransactionTrackerOperations.get_CM_parcels()
2018-12-18 15:52:38,781 INFO: NoSuchElementException in TransactionTrackerOperations.get_CM_parcels()
2018-12-18 15:52:43,293 INFO: NoSuchElementException in TransactionTrackerOperations.get_CM_parcels()
2018-12-18 15:52:47,958 INFO: NoSuchElementException in TransactionTrackerOperations.get_CM_parcels()
2018-12-18 15:52:52,676 INFO: NoSuchElementException in TransactionTrackerOperations.get_CM_parcels()
2018-12-18 15:52:57,240 INFO: NoSuchElementException in TransactionTrackerOperations.get_CM_parcels()
2018-12-18 15:53:01,623 INFO: NoSuchElementException in TransactionTrackerOperations.get_CM_parcels()
2018-12-18 15:53:08,493 INFO: Executing TransactionTrackerOperations.search_process_for_CMPDM() for: Performance Health|McKesson HALIFAX REGIONAL HOSPITAL|810
2018-12-18 15:53:09,430 INFO: Executing TransactionTrackerOperations.select_customer()
2018-12-18 15:53:16,281 INFO: Executing TransactionTrackerOperations.select_customer()
2018-12-18 15:53:27,724 INFO: Executing TransactionTrackerOperations.get_CM_parcels()
2018-12-18 15:53:33,119 INFO: Executing TransactionTrackerOperations.search_process_for_CMPDM() for: Performance Health|McKesson HATTISBURG CLINIC|810
2018-12-18 15:53:33,908 INFO: Executing TransactionTrackerOperations.select_customer()
2018-12-18 15:53:40,713 INFO: Executing TransactionTrackerOperations.select_customer()
2018-12-18 15:53:51,900 INFO: Executing TransactionTrackerOperations.get_CM_parcels()
2018-12-18 15:53:58,076 INFO: Executing TransactionTrackerOperations.search_process_for_CMPDM() for: Performance Health|McKesson IL BONE AND JOINT|810
2018-12-18 15:53:58,092 INFO: Executing TransactionTrackerOperations.select_customer()
2018-12-18 15:54:04,885 INFO: Executing TransactionTrackerOperations.select_customer()
2018-12-18 15:54:16,210 INFO: Executing TransactionTrackerOperations.get_CM_parcels()
2018-12-18 15:54:21,746 INFO: Executing TransactionTrackerOperations.search_process_for_CMPDM() for: Performance Health|McKesson LAKE CHARLES MEMORIAL HOSPITAL|810
2018-12-18 15:54:22,525 INFO: Executing TransactionTrackerOperations.select_customer()
2018-12-18 15:54:29,391 INFO: Executing TransactionTrackerOperations.select_customer()
2018-12-18 15:54:40,912 INFO: Executing TransactionTrackerOperations.get_CM_parcels()
2018-12-18 15:54:47,726 INFO: Executing TransactionTrackerOperations.search_process_for_CMPDM() for: Performance Health|McKesson LAWRENCE MEMORIAL HOSPITAL|810
2018-12-18 15:54:47,744 INFO: Executing TransactionTrackerOperations.select_customer()
2018-12-18 15:54:54,535 INFO: Executing TransactionTrackerOperations.select_customer()
2018-12-18 15:55:05,942 INFO: Executing TransactionTrackerOperations.get_CM_parcels()
2018-12-18 15:55:08,625 INFO: NoSuchElementException in TransactionTrackerOperations.get_CM_parcels()
2018-12-18 15:55:13,123 INFO: NoSuchElementException in TransactionTrackerOperations.get_CM_parcels()
2018-12-18 15:55:17,546 INFO: NoSuchElementException in TransactionTrackerOperations.get_CM_parcels()
2018-12-18 15:55:22,015 INFO: NoSuchElementException in TransactionTrackerOperations.get_CM_parcels()
2018-12-18 15:55:25,770 INFO: NoSuchElementException in TransactionTrackerOperations.get_CM_parcels()
2018-12-18 15:55:32,499 INFO: Executing TransactionTrackerOperations.search_process_for_CMPDM() for: Performance Health|McKesson LEESBURG REGIONAL|810
2018-12-18 15:55:32,789 INFO: Executing TransactionTrackerOperations.select_customer()
2018-12-18 15:55:39,583 INFO: Executing TransactionTrackerOperations.select_customer()
2018-12-18 15:55:50,779 INFO: Executing TransactionTrackerOperations.get_CM_parcels()
2018-12-18 15:55:51,571 INFO: NoSuchElementException in TransactionTrackerOperations.get_CM_parcels()
2018-12-18 15:55:57,629 INFO: Executing TransactionTrackerOperations.search_process_for_CMPDM() for: Performance Health|McKesson LOMA LINDA UNIVERSITY MEDICAL CENTER|810
2018-12-18 15:55:58,123 INFO: Executing TransactionTrackerOperations.select_customer()
2018-12-18 15:56:04,995 INFO: Executing TransactionTrackerOperations.select_customer()
2018-12-18 15:56:16,581 INFO: Executing TransactionTrackerOperations.get_CM_parcels()
2018-12-18 15:56:16,867 INFO: NoSuchElementException in TransactionTrackerOperations.get_CM_parcels()
2018-12-18 15:56:23,592 INFO: Executing TransactionTrackerOperations.search_process_for_CMPDM() for: Performance Health|McKesson MCG HEALTH INC|810
2018-12-18 15:56:23,621 INFO: Executing TransactionTrackerOperations.select_customer()
2018-12-18 15:56:30,443 INFO: Executing TransactionTrackerOperations.select_customer()
2018-12-18 15:56:41,831 INFO: Executing TransactionTrackerOperations.get_CM_parcels()
2018-12-18 15:56:44,574 INFO: NoSuchElementException in TransactionTrackerOperations.get_CM_parcels()
2018-12-18 15:56:49,097 INFO: NoSuchElementException in TransactionTrackerOperations.get_CM_parcels()
2018-12-18 15:56:53,629 INFO: NoSuchElementException in TransactionTrackerOperations.get_CM_parcels()
2018-12-18 15:56:58,392 INFO: NoSuchElementException in TransactionTrackerOperations.get_CM_parcels()
2018-12-18 15:57:01,864 INFO: NoSuchElementException in TransactionTrackerOperations.get_CM_parcels()
2018-12-18 15:57:07,891 INFO: Executing TransactionTrackerOperations.search_process_for_CMPDM() for: Performance Health|McKesson NCH HEALTHCARE|810
2018-12-18 15:57:08,417 INFO: Executing TransactionTrackerOperations.select_customer()
2018-12-18 15:57:15,271 INFO: Executing TransactionTrackerOperations.select_customer()
2018-12-18 15:57:26,690 INFO: Executing TransactionTrackerOperations.get_CM_parcels()
2018-12-18 15:57:29,400 INFO: NoSuchElementException in TransactionTrackerOperations.get_CM_parcels()
2018-12-18 15:57:33,959 INFO: NoSuchElementException in TransactionTrackerOperations.get_CM_parcels()
2018-12-18 15:57:38,444 INFO: NoSuchElementException in TransactionTrackerOperations.get_CM_parcels()
2018-12-18 15:57:42,884 INFO: NoSuchElementException in TransactionTrackerOperations.get_CM_parcels()
2018-12-18 15:57:47,342 INFO: NoSuchElementException in TransactionTrackerOperations.get_CM_parcels()
2018-12-18 15:57:51,772 INFO: NoSuchElementException in TransactionTrackerOperations.get_CM_parcels()
2018-12-18 15:57:55,788 INFO: NoSuchElementException in TransactionTrackerOperations.get_CM_parcels()
2018-12-18 15:58:02,743 INFO: Executing TransactionTrackerOperations.search_process_for_CMPDM() for: Performance Health|McKesson SACRED HEART HOSPITAL|810
2018-12-18 15:58:02,764 INFO: Executing TransactionTrackerOperations.select_customer()
2018-12-18 15:58:09,573 INFO: Executing TransactionTrackerOperations.select_customer()
2018-12-18 15:58:20,882 INFO: Executing TransactionTrackerOperations.get_CM_parcels()
2018-12-18 15:58:26,968 INFO: Executing TransactionTrackerOperations.search_process_for_CMPDM() for: Performance Health|McKesson SAINT FRANCES MEDICAL CENTER|810
2018-12-18 15:58:26,988 INFO: Executing TransactionTrackerOperations.select_customer()
2018-12-18 15:58:33,792 INFO: Executing TransactionTrackerOperations.select_customer()
2018-12-18 15:58:45,235 INFO: Executing TransactionTrackerOperations.get_CM_parcels()
2018-12-18 15:58:47,892 INFO: NoSuchElementException in TransactionTrackerOperations.get_CM_parcels()
2018-12-18 15:58:52,424 INFO: NoSuchElementException in TransactionTrackerOperations.get_CM_parcels()
2018-12-18 15:58:56,859 INFO: NoSuchElementException in TransactionTrackerOperations.get_CM_parcels()
2018-12-18 15:58:59,468 INFO: NoSuchElementException in TransactionTrackerOperations.get_CM_parcels()
2018-12-18 15:59:06,274 INFO: Executing TransactionTrackerOperations.search_process_for_CMPDM() for: Performance Health|McKesson SOUTHERN NEW HAMPSHIRE MEDICAL CENTER|810
2018-12-18 15:59:06,295 INFO: Executing TransactionTrackerOperations.select_customer()
2018-12-18 15:59:13,087 INFO: Executing TransactionTrackerOperations.select_customer()
2018-12-18 15:59:24,930 INFO: Executing TransactionTrackerOperations.get_CM_parcels()
2018-12-18 15:59:27,560 INFO: NoSuchElementException in TransactionTrackerOperations.get_CM_parcels()
2018-12-18 15:59:32,036 INFO: NoSuchElementException in TransactionTrackerOperations.get_CM_parcels()
2018-12-18 15:59:36,521 INFO: NoSuchElementException in TransactionTrackerOperations.get_CM_parcels()
2018-12-18 15:59:39,978 INFO: NoSuchElementException in TransactionTrackerOperations.get_CM_parcels()
2018-12-18 15:59:46,457 INFO: Executing TransactionTrackerOperations.search_process_for_CMPDM() for: Performance Health|McKesson TIFT REGIONAL MEDICAL CENTER|810
2018-12-18 15:59:47,054 INFO: Executing TransactionTrackerOperations.select_customer()
2018-12-18 15:59:53,854 INFO: Executing TransactionTrackerOperations.select_customer()
2018-12-18 16:00:05,362 INFO: Executing TransactionTrackerOperations.get_CM_parcels()
2018-12-18 16:00:10,901 INFO: Executing TransactionTrackerOperations.search_process_for_CMPDM() for: Performance Health|McKesson TRINITY MOTHER FRANCES HOSPITAL|810
2018-12-18 16:00:11,727 INFO: Executing TransactionTrackerOperations.select_customer()
2018-12-18 16:00:18,510 INFO: Executing TransactionTrackerOperations.select_customer()
2018-12-18 16:00:30,379 INFO: Executing TransactionTrackerOperations.get_CM_parcels()
2018-12-18 16:00:33,039 INFO: NoSuchElementException in TransactionTrackerOperations.get_CM_parcels()
2018-12-18 16:00:37,507 INFO: NoSuchElementException in TransactionTrackerOperations.get_CM_parcels()
2018-12-18 16:00:41,946 INFO: NoSuchElementException in TransactionTrackerOperations.get_CM_parcels()
2018-12-18 16:00:46,367 INFO: NoSuchElementException in TransactionTrackerOperations.get_CM_parcels()
2018-12-18 16:00:50,780 INFO: NoSuchElementException in TransactionTrackerOperations.get_CM_parcels()
2018-12-18 16:00:55,206 INFO: NoSuchElementException in TransactionTrackerOperations.get_CM_parcels()
2018-12-18 16:00:58,479 INFO: NoSuchElementException in TransactionTrackerOperations.get_CM_parcels()
2018-12-18 16:01:04,556 INFO: Executing TransactionTrackerOperations.search_process_for_CMPDM() for: Performance Health|McKesson Truman Medical Center|810
2018-12-18 16:01:05,036 INFO: Executing TransactionTrackerOperations.select_customer()
2018-12-18 16:01:11,836 INFO: Executing TransactionTrackerOperations.select_customer()
2018-12-18 16:01:22,987 INFO: Executing TransactionTrackerOperations.get_CM_parcels()
2018-12-18 16:01:28,489 INFO: Executing TransactionTrackerOperations.search_process_for_CMPDM() for: Performance Health|McKesson UNITED HOSPITAL SYSTEM INC|810
2018-12-18 16:01:29,054 INFO: Executing TransactionTrackerOperations.select_customer()
2018-12-18 16:01:35,857 INFO: Executing TransactionTrackerOperations.select_customer()
2018-12-18 16:01:47,250 INFO: Executing TransactionTrackerOperations.get_CM_parcels()
2018-12-18 16:01:49,879 INFO: NoSuchElementException in TransactionTrackerOperations.get_CM_parcels()
2018-12-18 16:01:54,386 INFO: NoSuchElementException in TransactionTrackerOperations.get_CM_parcels()
2018-12-18 16:01:58,736 INFO: NoSuchElementException in TransactionTrackerOperations.get_CM_parcels()
2018-12-18 16:02:12,807 INFO: Executing TransactionTrackerOperations.search_process_for_CMPDM() for: Performance Health|McKesson VAIL VALLEY MEDICAL CENTER|810
2018-12-18 16:02:12,835 INFO: Executing TransactionTrackerOperations.select_customer()
2018-12-18 16:02:19,652 INFO: Executing TransactionTrackerOperations.select_customer()
2018-12-18 16:02:31,058 INFO: Executing TransactionTrackerOperations.get_CM_parcels()
2018-12-18 16:02:33,765 INFO: NoSuchElementException in TransactionTrackerOperations.get_CM_parcels()
2018-12-18 16:02:38,225 INFO: NoSuchElementException in TransactionTrackerOperations.get_CM_parcels()
2018-12-18 16:02:42,675 INFO: NoSuchElementException in TransactionTrackerOperations.get_CM_parcels()
2018-12-18 16:02:47,098 INFO: NoSuchElementException in TransactionTrackerOperations.get_CM_parcels()
2018-12-18 16:02:51,537 INFO: NoSuchElementException in TransactionTrackerOperations.get_CM_parcels()
2018-12-18 16:02:56,629 INFO: NoSuchElementException in TransactionTrackerOperations.get_CM_parcels()
2018-12-18 16:03:01,651 INFO: NoSuchElementException in TransactionTrackerOperations.get_CM_parcels()
2018-12-18 16:03:06,074 INFO: NoSuchElementException in TransactionTrackerOperations.get_CM_parcels()
2018-12-18 16:03:10,789 INFO: NoSuchElementException in TransactionTrackerOperations.get_CM_parcels()
2018-12-18 16:03:15,291 INFO: NoSuchElementException in TransactionTrackerOperations.get_CM_parcels()
2018-12-18 16:03:19,883 INFO: NoSuchElementException in TransactionTrackerOperations.get_CM_parcels()
2018-12-18 16:03:24,386 INFO: NoSuchElementException in TransactionTrackerOperations.get_CM_parcels()
2018-12-18 16:03:28,902 INFO: NoSuchElementException in TransactionTrackerOperations.get_CM_parcels()
2018-12-18 16:03:33,553 INFO: NoSuchElementException in TransactionTrackerOperations.get_CM_parcels()
2018-12-18 16:03:38,048 INFO: NoSuchElementException in TransactionTrackerOperations.get_CM_parcels()
2018-12-18 16:03:42,701 INFO: NoSuchElementException in TransactionTrackerOperations.get_CM_parcels()
2018-12-18 16:03:47,275 INFO: NoSuchElementException in TransactionTrackerOperations.get_CM_parcels()
2018-12-18 16:03:49,694 INFO: NoSuchElementException in TransactionTrackerOperations.get_CM_parcels()
2018-12-18 16:03:56,428 INFO: Executing TransactionTrackerOperations.search_process_for_CMPDM() for: Performance Health|McKesson WHEATON FRANCISCAN HEALTHCARE|810
2018-12-18 16:03:56,880 INFO: Executing TransactionTrackerOperations.select_customer()
2018-12-18 16:04:03,701 INFO: Executing TransactionTrackerOperations.select_customer()
2018-12-18 16:04:15,642 INFO: Executing TransactionTrackerOperations.get_CM_parcels()
2018-12-18 16:04:21,627 INFO: Executing TransactionTrackerOperations.search_process_for_CMPDM() for: Performance Health|MFA DSSI|810
2018-12-18 16:04:21,647 INFO: Executing TransactionTrackerOperations.select_customer()
2018-12-18 16:04:28,645 INFO: Executing TransactionTrackerOperations.select_customer()
2018-12-18 16:04:39,749 INFO: Executing TransactionTrackerOperations.get_CM_parcels()
2018-12-18 16:04:45,781 INFO: Executing TransactionTrackerOperations.search_process_for_CMPDM() for: Performance Health|MIDWEST GERIATRIC DSSI|810
2018-12-18 16:04:46,380 INFO: Executing TransactionTrackerOperations.select_customer()
2018-12-18 16:04:53,179 INFO: Executing TransactionTrackerOperations.select_customer()
2018-12-18 16:05:04,473 INFO: Executing TransactionTrackerOperations.get_CM_parcels()
2018-12-18 16:05:04,752 INFO: NoSuchElementException in TransactionTrackerOperations.get_CM_parcels()
2018-12-18 16:05:11,927 INFO: Executing TransactionTrackerOperations.search_process_for_CMPDM() for: Performance Health|MIDWEST HEALTH DSSI|810
2018-12-18 16:05:11,942 INFO: Executing TransactionTrackerOperations.select_customer()
2018-12-18 16:05:18,772 INFO: Executing TransactionTrackerOperations.select_customer()
2018-12-18 16:05:29,993 INFO: Executing TransactionTrackerOperations.get_CM_parcels()
2018-12-18 16:05:32,649 INFO: NoSuchElementException in TransactionTrackerOperations.get_CM_parcels()
2018-12-18 16:05:37,128 INFO: NoSuchElementException in TransactionTrackerOperations.get_CM_parcels()
2018-12-18 16:05:41,376 INFO: NoSuchElementException in TransactionTrackerOperations.get_CM_parcels()
2018-12-18 16:05:47,438 INFO: Executing TransactionTrackerOperations.search_process_for_CMPDM() for: Performance Health|MISSION HEALTH DSSI|810
2018-12-18 16:05:47,799 INFO: Executing TransactionTrackerOperations.select_customer()
2018-12-18 16:05:54,624 INFO: Executing TransactionTrackerOperations.select_customer()
2018-12-18 16:06:05,827 INFO: Executing TransactionTrackerOperations.get_CM_parcels()
2018-12-18 16:06:08,505 INFO: NoSuchElementException in TransactionTrackerOperations.get_CM_parcels()
2018-12-18 16:06:13,022 INFO: NoSuchElementException in TransactionTrackerOperations.get_CM_parcels()
2018-12-18 16:06:17,542 INFO: NoSuchElementException in TransactionTrackerOperations.get_CM_parcels()
2018-12-18 16:06:22,037 INFO: NoSuchElementException in TransactionTrackerOperations.get_CM_parcels()
2018-12-18 16:06:26,489 INFO: NoSuchElementException in TransactionTrackerOperations.get_CM_parcels()
2018-12-18 16:06:30,952 INFO: NoSuchElementException in TransactionTrackerOperations.get_CM_parcels()
2018-12-18 16:06:35,411 INFO: NoSuchElementException in TransactionTrackerOperations.get_CM_parcels()
2018-12-18 16:06:38,529 INFO: NoSuchElementException in TransactionTrackerOperations.get_CM_parcels()
2018-12-18 16:06:44,486 INFO: Executing TransactionTrackerOperations.search_process_for_CMPDM() for: Performance Health|NEXION DSSI|810
2018-12-18 16:06:45,036 INFO: Executing TransactionTrackerOperations.select_customer()
2018-12-18 16:06:51,828 INFO: Executing TransactionTrackerOperations.select_customer()
2018-12-18 16:07:02,876 INFO: Executing TransactionTrackerOperations.get_CM_parcels()
2018-12-18 16:07:05,606 INFO: NoSuchElementException in TransactionTrackerOperations.get_CM_parcels()
2018-12-18 16:07:10,096 INFO: NoSuchElementException in TransactionTrackerOperations.get_CM_parcels()
2018-12-18 16:07:14,533 INFO: NoSuchElementException in TransactionTrackerOperations.get_CM_parcels()
2018-12-18 16:07:19,004 INFO: NoSuchElementException in TransactionTrackerOperations.get_CM_parcels()
2018-12-18 16:07:23,363 INFO: NoSuchElementException in TransactionTrackerOperations.get_CM_parcels()
2018-12-18 16:07:27,780 INFO: NoSuchElementException in TransactionTrackerOperations.get_CM_parcels()
2018-12-18 16:07:32,233 INFO: NoSuchElementException in TransactionTrackerOperations.get_CM_parcels()
2018-12-18 16:07:36,709 INFO: NoSuchElementException in TransactionTrackerOperations.get_CM_parcels()
2018-12-18 16:07:40,037 INFO: NoSuchElementException in TransactionTrackerOperations.get_CM_parcels()
2018-12-18 16:07:46,123 INFO: Executing TransactionTrackerOperations.search_process_for_CMPDM() for: Performance Health|NOLAND HEALTH SERVICES DSSI|810
2018-12-18 16:07:46,562 INFO: Executing TransactionTrackerOperations.select_customer()
2018-12-18 16:07:53,362 INFO: Executing TransactionTrackerOperations.select_customer()
2018-12-18 16:08:04,790 INFO: Executing TransactionTrackerOperations.get_CM_parcels()
2018-12-18 16:08:07,627 INFO: NoSuchElementException in TransactionTrackerOperations.get_CM_parcels()
2018-12-18 16:08:12,150 INFO: NoSuchElementException in TransactionTrackerOperations.get_CM_parcels()
2018-12-18 16:08:16,613 INFO: NoSuchElementException in TransactionTrackerOperations.get_CM_parcels()
2018-12-18 16:08:21,030 INFO: NoSuchElementException in TransactionTrackerOperations.get_CM_parcels()
2018-12-18 16:08:24,508 INFO: NoSuchElementException in TransactionTrackerOperations.get_CM_parcels()
2018-12-18 16:08:31,691 INFO: Executing TransactionTrackerOperations.search_process_for_CMPDM() for: Performance Health|NORTHPORT DSSI|810
2018-12-18 16:08:31,721 INFO: Executing TransactionTrackerOperations.select_customer()
2018-12-18 16:08:38,514 INFO: Executing TransactionTrackerOperations.select_customer()
2018-12-18 16:08:49,626 INFO: Executing TransactionTrackerOperations.get_CM_parcels()
2018-12-18 16:08:55,636 INFO: Executing TransactionTrackerOperations.search_process_for_CMPDM() for: Performance Health|NUVISION DSSI|810
2018-12-18 16:08:55,654 INFO: Executing TransactionTrackerOperations.select_customer()
2018-12-18 16:09:02,464 INFO: Executing TransactionTrackerOperations.select_customer()
2018-12-18 16:09:13,615 INFO: Executing TransactionTrackerOperations.get_CM_parcels()
2018-12-18 16:09:16,471 INFO: NoSuchElementException in TransactionTrackerOperations.get_CM_parcels()
2018-12-18 16:09:20,982 INFO: NoSuchElementException in TransactionTrackerOperations.get_CM_parcels()
2018-12-18 16:09:25,571 INFO: NoSuchElementException in TransactionTrackerOperations.get_CM_parcels()
2018-12-18 16:09:33,132 INFO: Executing TransactionTrackerOperations.search_process_for_CMPDM() for: Performance Health|ONIX GROUP DSSI|810
2018-12-18 16:09:33,611 INFO: Executing TransactionTrackerOperations.select_customer()
2018-12-18 16:09:40,417 INFO: Executing TransactionTrackerOperations.select_customer()
2018-12-18 16:09:51,667 INFO: Executing TransactionTrackerOperations.get_CM_parcels()
2018-12-18 16:09:54,329 INFO: NoSuchElementException in TransactionTrackerOperations.get_CM_parcels()
2018-12-18 16:09:58,859 INFO: NoSuchElementException in TransactionTrackerOperations.get_CM_parcels()
2018-12-18 16:10:03,385 INFO: NoSuchElementException in TransactionTrackerOperations.get_CM_parcels()
2018-12-18 16:10:07,831 INFO: NoSuchElementException in TransactionTrackerOperations.get_CM_parcels()
2018-12-18 16:10:10,211 INFO: NoSuchElementException in TransactionTrackerOperations.get_CM_parcels()
2018-12-18 16:10:17,030 INFO: Executing TransactionTrackerOperations.search_process_for_CMPDM() for: Performance Health|PENNMED CONSULTANTS INC DSSI|810
2018-12-18 16:10:17,834 INFO: Executing TransactionTrackerOperations.select_customer()
2018-12-18 16:10:24,641 INFO: Executing TransactionTrackerOperations.select_customer()
2018-12-18 16:10:36,072 INFO: Executing TransactionTrackerOperations.get_CM_parcels()
2018-12-18 16:10:41,477 INFO: Executing TransactionTrackerOperations.search_process_for_CMPDM() for: Performance Health|PREFERRED CARE DSSI|810
2018-12-18 16:10:41,902 INFO: Executing TransactionTrackerOperations.select_customer()
2018-12-18 16:10:48,712 INFO: Executing TransactionTrackerOperations.select_customer()
2018-12-18 16:10:59,943 INFO: Executing TransactionTrackerOperations.get_CM_parcels()
2018-12-18 16:11:05,343 INFO: Executing TransactionTrackerOperations.search_process_for_CMPDM() for: Performance Health|PRESBYTERIAN HOMES AND SERVICES DSSI|810
2018-12-18 16:11:05,750 INFO: Executing TransactionTrackerOperations.select_customer()
2018-12-18 16:11:12,563 INFO: Executing TransactionTrackerOperations.select_customer()
2018-12-18 16:11:24,242 INFO: Executing TransactionTrackerOperations.get_CM_parcels()
2018-12-18 16:11:26,927 INFO: NoSuchElementException in TransactionTrackerOperations.get_CM_parcels()
2018-12-18 16:11:31,422 INFO: NoSuchElementException in TransactionTrackerOperations.get_CM_parcels()
2018-12-18 16:11:35,869 INFO: NoSuchElementException in TransactionTrackerOperations.get_CM_parcels()
2018-12-18 16:11:40,430 INFO: NoSuchElementException in TransactionTrackerOperations.get_CM_parcels()
2018-12-18 16:11:44,811 INFO: NoSuchElementException in TransactionTrackerOperations.get_CM_parcels()
2018-12-18 16:11:49,229 INFO: NoSuchElementException in TransactionTrackerOperations.get_CM_parcels()
2018-12-18 16:11:52,058 INFO: NoSuchElementException in TransactionTrackerOperations.get_CM_parcels()
2018-12-18 16:11:58,012 INFO: Executing TransactionTrackerOperations.search_process_for_CMPDM() for: Performance Health|PRESBYTERIAN SENIOR LIVING DSSI|810
2018-12-18 16:11:58,555 INFO: Executing TransactionTrackerOperations.select_customer()
2018-12-18 16:12:05,345 INFO: Executing TransactionTrackerOperations.select_customer()
2018-12-18 16:12:16,942 INFO: Executing TransactionTrackerOperations.get_CM_parcels()
2018-12-18 16:12:19,644 INFO: NoSuchElementException in TransactionTrackerOperations.get_CM_parcels()
2018-12-18 16:12:24,122 INFO: NoSuchElementException in TransactionTrackerOperations.get_CM_parcels()
2018-12-18 16:12:28,611 INFO: NoSuchElementException in TransactionTrackerOperations.get_CM_parcels()
2018-12-18 16:12:32,306 INFO: NoSuchElementException in TransactionTrackerOperations.get_CM_parcels()
2018-12-18 16:12:38,321 INFO: Executing TransactionTrackerOperations.search_process_for_CMPDM() for: Performance Health|QUALITY LIFE SERVICES DSSI|810
2018-12-18 16:12:38,906 INFO: Executing TransactionTrackerOperations.select_customer()
2018-12-18 16:12:45,718 INFO: Executing TransactionTrackerOperations.select_customer()
2018-12-18 16:12:56,938 INFO: Executing TransactionTrackerOperations.get_CM_parcels()
2018-12-18 16:12:59,603 INFO: NoSuchElementException in TransactionTrackerOperations.get_CM_parcels()
2018-12-18 16:13:04,070 INFO: NoSuchElementException in TransactionTrackerOperations.get_CM_parcels()
2018-12-18 16:13:08,484 INFO: NoSuchElementException in TransactionTrackerOperations.get_CM_parcels()
2018-12-18 16:13:13,076 INFO: NoSuchElementException in TransactionTrackerOperations.get_CM_parcels()
2018-12-18 16:13:17,539 INFO: NoSuchElementException in TransactionTrackerOperations.get_CM_parcels()
2018-12-18 16:13:21,777 INFO: NoSuchElementException in TransactionTrackerOperations.get_CM_parcels()
2018-12-18 16:13:28,296 INFO: Executing TransactionTrackerOperations.search_process_for_CMPDM() for: Performance Health|Quest Healthcare Development DSSI|810
2018-12-18 16:13:28,801 INFO: Executing TransactionTrackerOperations.select_customer()
2018-12-18 16:13:35,607 INFO: Executing TransactionTrackerOperations.select_customer()
2018-12-18 16:13:46,756 INFO: Executing TransactionTrackerOperations.get_CM_parcels()
2018-12-18 16:13:55,191 INFO: Executing TransactionTrackerOperations.search_process_for_CMPDM() for: Performance Health|Regency Integrated Health Services DSSI|810
2018-12-18 16:13:55,562 INFO: Executing TransactionTrackerOperations.select_customer()
2018-12-18 16:14:02,375 INFO: Executing TransactionTrackerOperations.select_customer()
2018-12-18 16:14:14,155 INFO: Executing TransactionTrackerOperations.get_CM_parcels()
2018-12-18 16:14:19,676 INFO: Executing TransactionTrackerOperations.search_process_for_CMPDM() for: Performance Health|RENNES HEALTH DSSI|810
2018-12-18 16:14:20,140 INFO: Executing TransactionTrackerOperations.select_customer()
2018-12-18 16:14:27,278 INFO: Executing TransactionTrackerOperations.select_customer()
2018-12-18 16:14:38,547 INFO: Executing TransactionTrackerOperations.get_CM_parcels()
2018-12-18 16:14:41,213 INFO: NoSuchElementException in TransactionTrackerOperations.get_CM_parcels()
2018-12-18 16:14:45,713 INFO: NoSuchElementException in TransactionTrackerOperations.get_CM_parcels()
2018-12-18 16:14:50,105 INFO: NoSuchElementException in TransactionTrackerOperations.get_CM_parcels()
2018-12-18 16:14:54,527 INFO: NoSuchElementException in TransactionTrackerOperations.get_CM_parcels()
2018-12-18 16:14:58,956 INFO: NoSuchElementException in TransactionTrackerOperations.get_CM_parcels()
2018-12-18 16:15:01,351 INFO: NoSuchElementException in TransactionTrackerOperations.get_CM_parcels()
2018-12-18 16:15:08,067 INFO: Executing TransactionTrackerOperations.search_process_for_CMPDM() for: Performance Health|SABER HEALTHCARE DSSI|810
2018-12-18 16:15:08,084 INFO: Executing TransactionTrackerOperations.select_customer()
2018-12-18 16:15:14,875 INFO: Executing TransactionTrackerOperations.select_customer()
2018-12-18 16:15:26,196 INFO: Executing TransactionTrackerOperations.get_CM_parcels()
2018-12-18 16:15:32,318 INFO: Executing TransactionTrackerOperations.search_process_for_CMPDM() for: Performance Health|SPRENGER HEALTHCARE DSSI|810
2018-12-18 16:15:32,335 INFO: Executing TransactionTrackerOperations.select_customer()
2018-12-18 16:15:39,103 INFO: Executing TransactionTrackerOperations.select_customer()
2018-12-18 16:15:50,530 INFO: Executing TransactionTrackerOperations.get_CM_parcels()
2018-12-18 16:15:53,190 INFO: NoSuchElementException in TransactionTrackerOperations.get_CM_parcels()
2018-12-18 16:15:57,678 INFO: NoSuchElementException in TransactionTrackerOperations.get_CM_parcels()
2018-12-18 16:16:02,095 INFO: NoSuchElementException in TransactionTrackerOperations.get_CM_parcels()
2018-12-18 16:16:06,594 INFO: NoSuchElementException in TransactionTrackerOperations.get_CM_parcels()
2018-12-18 16:16:10,981 INFO: NoSuchElementException in TransactionTrackerOperations.get_CM_parcels()
2018-12-18 16:16:15,439 INFO: NoSuchElementException in TransactionTrackerOperations.get_CM_parcels()
2018-12-18 16:16:19,857 INFO: NoSuchElementException in TransactionTrackerOperations.get_CM_parcels()
2018-12-18 16:16:24,472 INFO: NoSuchElementException in TransactionTrackerOperations.get_CM_parcels()
2018-12-18 16:16:28,984 INFO: NoSuchElementException in TransactionTrackerOperations.get_CM_parcels()
2018-12-18 16:16:33,460 INFO: NoSuchElementException in TransactionTrackerOperations.get_CM_parcels()
2018-12-18 16:16:37,956 INFO: NoSuchElementException in TransactionTrackerOperations.get_CM_parcels()
2018-12-18 16:16:40,839 INFO: NoSuchElementException in TransactionTrackerOperations.get_CM_parcels()
2018-12-18 16:16:48,780 INFO: Executing TransactionTrackerOperations.search_process_for_CMPDM() for: Performance Health|SPRINGPOINT DSSI|810
2018-12-18 16:16:48,803 INFO: Executing TransactionTrackerOperations.select_customer()
2018-12-18 16:16:55,602 INFO: Executing TransactionTrackerOperations.select_customer()
2018-12-18 16:17:06,816 INFO: Executing TransactionTrackerOperations.get_CM_parcels()
2018-12-18 16:17:09,482 INFO: NoSuchElementException in TransactionTrackerOperations.get_CM_parcels()
2018-12-18 16:17:14,026 INFO: NoSuchElementException in TransactionTrackerOperations.get_CM_parcels()
2018-12-18 16:17:18,542 INFO: NoSuchElementException in TransactionTrackerOperations.get_CM_parcels()
2018-12-18 16:17:23,017 INFO: NoSuchElementException in TransactionTrackerOperations.get_CM_parcels()
2018-12-18 16:17:25,403 INFO: NoSuchElementException in TransactionTrackerOperations.get_CM_parcels()
2018-12-18 16:17:31,374 INFO: Executing TransactionTrackerOperations.search_process_for_CMPDM() for: Performance Health|STONERISE MEDICAL DSSI|810
2018-12-18 16:17:31,866 INFO: Executing TransactionTrackerOperations.select_customer()
2018-12-18 16:17:38,699 INFO: Executing TransactionTrackerOperations.select_customer()
2018-12-18 16:17:50,107 INFO: Executing TransactionTrackerOperations.get_CM_parcels()
2018-12-18 16:17:55,534 INFO: Executing TransactionTrackerOperations.search_process_for_CMPDM() for: Performance Health|TAMARAC ADMINISTRACTIVE SERVICES DSSI|810
2018-12-18 16:17:55,925 INFO: Executing TransactionTrackerOperations.select_customer()
2018-12-18 16:18:02,731 INFO: Executing TransactionTrackerOperations.select_customer()
2018-12-18 16:18:15,405 INFO: Executing TransactionTrackerOperations.get_CM_parcels()
2018-12-18 16:18:21,457 INFO: Executing TransactionTrackerOperations.search_process_for_CMPDM() for: Performance Health|TANDEM HEALTHCARE DSSI|810
2018-12-18 16:18:21,504 INFO: Executing TransactionTrackerOperations.select_customer()
2018-12-18 16:18:28,332 INFO: Executing TransactionTrackerOperations.select_customer()
2018-12-18 16:18:40,061 INFO: Executing TransactionTrackerOperations.get_CM_parcels()
2018-12-18 16:18:46,118 INFO: Executing TransactionTrackerOperations.search_process_for_CMPDM() for: Performance Health|TARA CARES LLC DSSI|810
2018-12-18 16:18:46,161 INFO: Executing TransactionTrackerOperations.select_customer()
2018-12-18 16:18:52,984 INFO: Executing TransactionTrackerOperations.select_customer()
2018-12-18 16:19:05,031 INFO: Executing TransactionTrackerOperations.get_CM_parcels()
2018-12-18 16:19:11,165 INFO: Executing TransactionTrackerOperations.search_process_for_CMPDM() for: Performance Health|TEALWOOD TWN DSSI|810
2018-12-18 16:19:11,686 INFO: Executing TransactionTrackerOperations.select_customer()
2018-12-18 16:19:18,716 INFO: Executing TransactionTrackerOperations.select_customer()
2018-12-18 16:19:30,502 INFO: Executing TransactionTrackerOperations.get_CM_parcels()
2018-12-18 16:19:33,482 INFO: NoSuchElementException in TransactionTrackerOperations.get_CM_parcels()
2018-12-18 16:19:38,847 INFO: NoSuchElementException in TransactionTrackerOperations.get_CM_parcels()
2018-12-18 16:19:43,376 INFO: NoSuchElementException in TransactionTrackerOperations.get_CM_parcels()
2018-12-18 16:19:47,806 INFO: NoSuchElementException in TransactionTrackerOperations.get_CM_parcels()
2018-12-18 16:19:52,236 INFO: NoSuchElementException in TransactionTrackerOperations.get_CM_parcels()
2018-12-18 16:19:56,694 INFO: NoSuchElementException in TransactionTrackerOperations.get_CM_parcels()
2018-12-18 16:20:01,270 INFO: NoSuchElementException in TransactionTrackerOperations.get_CM_parcels()
2018-12-18 16:20:05,773 INFO: NoSuchElementException in TransactionTrackerOperations.get_CM_parcels()
2018-12-18 16:20:10,727 INFO: NoSuchElementException in TransactionTrackerOperations.get_CM_parcels()
2018-12-18 16:20:15,733 INFO: NoSuchElementException in TransactionTrackerOperations.get_CM_parcels()
2018-12-18 16:20:19,046 INFO: NoSuchElementException in TransactionTrackerOperations.get_CM_parcels()
2018-12-18 16:20:26,889 INFO: Executing TransactionTrackerOperations.search_process_for_CMPDM() for: Performance Health|TRANS HEALTH CARE DSSI|810
2018-12-18 16:20:26,926 INFO: Executing TransactionTrackerOperations.select_customer()
2018-12-18 16:20:33,875 INFO: Executing TransactionTrackerOperations.select_customer()
2018-12-18 16:20:45,572 INFO: Executing TransactionTrackerOperations.get_CM_parcels()
2018-12-18 16:20:52,678 INFO: Executing TransactionTrackerOperations.search_process_for_CMPDM() for: Performance Health|UNITED MEDICAL DSSI|810
2018-12-18 16:20:52,715 INFO: Executing TransactionTrackerOperations.select_customer()
2018-12-18 16:20:59,541 INFO: Executing TransactionTrackerOperations.select_customer()
2018-12-18 16:21:11,012 INFO: Executing TransactionTrackerOperations.get_CM_parcels()
2018-12-18 16:21:17,600 INFO: Executing TransactionTrackerOperations.search_process_for_CMPDM() for: Performance Health|WILMAC DSSI|810
2018-12-18 16:21:17,632 INFO: Executing TransactionTrackerOperations.select_customer()
2018-12-18 16:21:24,456 INFO: Executing TransactionTrackerOperations.select_customer()
2018-12-18 16:21:35,534 INFO: Executing TransactionTrackerOperations.get_CM_parcels()
2018-12-18 16:21:38,254 INFO: NoSuchElementException in TransactionTrackerOperations.get_CM_parcels()
2018-12-18 16:21:42,765 INFO: NoSuchElementException in TransactionTrackerOperations.get_CM_parcels()
2018-12-18 16:21:47,172 INFO: NoSuchElementException in TransactionTrackerOperations.get_CM_parcels()
2018-12-18 16:21:51,645 INFO: NoSuchElementException in TransactionTrackerOperations.get_CM_parcels()
2018-12-18 16:21:54,035 INFO: NoSuchElementException in TransactionTrackerOperations.get_CM_parcels()
2018-12-18 16:22:01,327 INFO: Executing TransactionTrackerOperations.search_process_for_CMPDM() for: Performance Health|Senior Care Centers LLC|810
2018-12-18 16:22:01,458 INFO: Executing TransactionTrackerOperations.select_customer()
2018-12-18 16:22:08,368 INFO: Executing TransactionTrackerOperations.select_customer()
2018-12-18 16:22:20,231 INFO: Executing TransactionTrackerOperations.get_CM_parcels()
2018-12-18 16:22:27,433 INFO: Executing TransactionTrackerOperations.search_process_for_CMPDM() for: Performance Health|AMERICAN SENIOR COMMUNITIES DSSI|810
2018-12-18 16:22:28,165 INFO: Executing TransactionTrackerOperations.select_customer()
2018-12-18 16:22:35,332 INFO: Executing TransactionTrackerOperations.select_customer()
2018-12-18 16:22:47,700 INFO: Executing TransactionTrackerOperations.get_CM_parcels()
2018-12-18 16:22:54,879 INFO: Executing TransactionTrackerOperations.search_process_for_CMPDM() for: Performance Health|BaneCare Management DSSI|810
2018-12-18 16:22:55,288 INFO: Executing TransactionTrackerOperations.select_customer()
2018-12-18 16:23:02,299 INFO: Executing TransactionTrackerOperations.select_customer()
2018-12-18 16:23:14,203 INFO: Executing TransactionTrackerOperations.get_CM_parcels()
2018-12-18 16:23:21,714 INFO: Executing TransactionTrackerOperations.search_process_for_CMPDM() for: Performance Health|DSSI Next Step Healthcare|810
2018-12-18 16:23:21,962 INFO: Executing TransactionTrackerOperations.select_customer()
2018-12-18 16:23:28,871 INFO: Executing TransactionTrackerOperations.select_customer()
2018-12-18 16:23:42,638 INFO: Executing TransactionTrackerOperations.get_CM_parcels()
2018-12-18 16:23:50,040 INFO: Executing TransactionTrackerOperations.search_process_for_CMPDM() for: Performance Health|Regency Pacific DSSI|810
2018-12-18 16:23:50,426 INFO: Executing TransactionTrackerOperations.select_customer()
2018-12-18 16:23:57,564 INFO: Executing TransactionTrackerOperations.select_customer()
2018-12-18 16:24:09,571 INFO: Executing TransactionTrackerOperations.get_CM_parcels()
2018-12-18 16:24:09,899 INFO: NoSuchElementException in TransactionTrackerOperations.get_CM_parcels()
2018-12-18 16:24:17,130 INFO: Executing TransactionTrackerOperations.search_process_for_CMPDM() for: Performance Health|ADVANTAGE HPSI DSSI|810
2018-12-18 16:24:17,806 INFO: Executing TransactionTrackerOperations.select_customer()
2018-12-18 16:24:26,233 INFO: Executing TransactionTrackerOperations.select_customer()
2018-12-18 16:24:38,095 INFO: Executing TransactionTrackerOperations.get_CM_parcels()
2018-12-18 16:24:41,385 INFO: NoSuchElementException in TransactionTrackerOperations.get_CM_parcels()
2018-12-18 16:24:46,114 INFO: NoSuchElementException in TransactionTrackerOperations.get_CM_parcels()
2018-12-18 16:24:50,915 INFO: NoSuchElementException in TransactionTrackerOperations.get_CM_parcels()
2018-12-18 16:24:54,351 INFO: NoSuchElementException in TransactionTrackerOperations.get_CM_parcels()
2018-12-18 16:25:02,054 INFO: Executing TransactionTrackerOperations.search_process_for_CMPDM() for: Performance Health|ADVANTAGE NAVIGATOR DSSI|810
2018-12-18 16:25:02,080 INFO: Executing TransactionTrackerOperations.select_customer()
2018-12-18 16:25:08,956 INFO: Executing TransactionTrackerOperations.select_customer()
2018-12-18 16:25:20,623 INFO: Executing TransactionTrackerOperations.get_CM_parcels()
2018-12-18 16:25:28,069 INFO: Executing TransactionTrackerOperations.search_process_for_CMPDM() for: Performance Health|American Health Companies|810
2018-12-18 16:25:28,231 INFO: Executing TransactionTrackerOperations.select_customer()
2018-12-18 16:25:35,577 INFO: Executing TransactionTrackerOperations.select_customer()
2018-12-18 16:25:46,907 INFO: Executing TransactionTrackerOperations.get_CM_parcels()
2018-12-18 16:25:53,543 INFO: Executing TransactionTrackerOperations.search_process_for_CMPDM() for: Performance Health|APEX|810
2018-12-18 16:25:53,663 INFO: Executing TransactionTrackerOperations.select_customer()
2018-12-18 16:26:00,582 INFO: Executing TransactionTrackerOperations.select_customer()
2018-12-18 16:26:11,775 INFO: Executing TransactionTrackerOperations.get_CM_parcels()
2018-12-18 16:26:18,701 INFO: Executing TransactionTrackerOperations.search_process_for_CMPDM() for: Performance Health|APEX HEALTHCARE FLORIDA DSSI|810
2018-12-18 16:26:19,993 INFO: Executing TransactionTrackerOperations.select_customer()
2018-12-18 16:26:26,998 INFO: Executing TransactionTrackerOperations.select_customer()
2018-12-18 16:26:39,954 INFO: Executing TransactionTrackerOperations.get_CM_parcels()
2018-12-18 16:26:44,397 INFO: Executing TransactionTrackerOperations.search_process_for_CMPDM() for: Performance Health|ATRIUM LIVING CENTERS DSSI|810
2018-12-18 16:26:45,390 INFO: Executing TransactionTrackerOperations.select_customer()
2018-12-18 16:26:52,593 INFO: Executing TransactionTrackerOperations.select_customer()
2018-12-18 16:27:04,464 INFO: Executing TransactionTrackerOperations.get_CM_parcels()
2018-12-18 16:27:07,225 INFO: NoSuchElementException in TransactionTrackerOperations.get_CM_parcels()
2018-12-18 16:27:12,208 INFO: NoSuchElementException in TransactionTrackerOperations.get_CM_parcels()
2018-12-18 16:27:17,194 INFO: NoSuchElementException in TransactionTrackerOperations.get_CM_parcels()
2018-12-18 16:27:22,024 INFO: NoSuchElementException in TransactionTrackerOperations.get_CM_parcels()
2018-12-18 16:27:27,176 INFO: NoSuchElementException in TransactionTrackerOperations.get_CM_parcels()
2018-12-18 16:27:31,832 INFO: NoSuchElementException in TransactionTrackerOperations.get_CM_parcels()
2018-12-18 16:27:36,681 INFO: NoSuchElementException in TransactionTrackerOperations.get_CM_parcels()
2018-12-18 16:27:41,749 INFO: NoSuchElementException in TransactionTrackerOperations.get_CM_parcels()
2018-12-18 16:27:46,542 INFO: NoSuchElementException in TransactionTrackerOperations.get_CM_parcels()
2018-12-18 16:27:51,547 INFO: NoSuchElementException in TransactionTrackerOperations.get_CM_parcels()
2018-12-18 16:27:56,347 INFO: NoSuchElementException in TransactionTrackerOperations.get_CM_parcels()
2018-12-18 16:28:01,247 INFO: NoSuchElementException in TransactionTrackerOperations.get_CM_parcels()
2018-12-18 16:28:06,132 INFO: NoSuchElementException in TransactionTrackerOperations.get_CM_parcels()
2018-12-18 16:28:08,550 INFO: NoSuchElementException in TransactionTrackerOperations.get_CM_parcels()
2018-12-18 16:28:16,070 INFO: Executing TransactionTrackerOperations.search_process_for_CMPDM() for: Performance Health|AXIOM DSSI|810
2018-12-18 16:28:16,935 INFO: Executing TransactionTrackerOperations.select_customer()
2018-12-18 16:28:23,894 INFO: Executing TransactionTrackerOperations.select_customer()
2018-12-18 16:28:35,334 INFO: Executing TransactionTrackerOperations.get_CM_parcels()
2018-12-18 16:28:38,182 INFO: NoSuchElementException in TransactionTrackerOperations.get_CM_parcels()
2018-12-18 16:28:41,426 INFO: NoSuchElementException in TransactionTrackerOperations.get_CM_parcels()
2018-12-18 16:28:49,027 INFO: Executing TransactionTrackerOperations.search_process_for_CMPDM() for: Performance Health|BE GROUP DSSI|810
2018-12-18 16:28:50,615 INFO: Executing TransactionTrackerOperations.select_customer()
2018-12-18 16:28:57,546 INFO: Executing TransactionTrackerOperations.select_customer()
2018-12-18 16:29:09,401 INFO: Executing TransactionTrackerOperations.get_CM_parcels()
2018-12-18 16:29:16,700 INFO: Executing TransactionTrackerOperations.search_process_for_CMPDM() for: Performance Health|BEACON HEALTH DSSI|810
2018-12-18 16:29:17,492 INFO: Executing TransactionTrackerOperations.select_customer()
2018-12-18 16:29:24,903 INFO: Executing TransactionTrackerOperations.select_customer()
2018-12-18 16:29:37,844 INFO: Executing TransactionTrackerOperations.get_CM_parcels()
2018-12-18 16:29:41,196 INFO: NoSuchElementException in TransactionTrackerOperations.get_CM_parcels()
2018-12-18 16:29:46,559 INFO: NoSuchElementException in TransactionTrackerOperations.get_CM_parcels()
2018-12-18 16:29:51,483 INFO: NoSuchElementException in TransactionTrackerOperations.get_CM_parcels()
2018-12-18 16:29:57,040 INFO: NoSuchElementException in TransactionTrackerOperations.get_CM_parcels()
2018-12-18 16:30:02,110 INFO: NoSuchElementException in TransactionTrackerOperations.get_CM_parcels()
2018-12-18 16:30:06,134 INFO: NoSuchElementException in TransactionTrackerOperations.get_CM_parcels()
2018-12-18 16:30:14,786 INFO: Executing TransactionTrackerOperations.search_process_for_CMPDM() for: Performance Health|BENEDICTINE DSSI|810
2018-12-18 16:30:15,370 INFO: Executing TransactionTrackerOperations.select_customer()
2018-12-18 16:30:22,949 INFO: Executing TransactionTrackerOperations.select_customer()
2018-12-18 16:30:34,330 INFO: Executing TransactionTrackerOperations.get_CM_parcels()
2018-12-18 16:30:41,163 INFO: Executing TransactionTrackerOperations.search_process_for_CMPDM() for: Performance Health|Bethlen Communities Home Health and Hospice|810
2018-12-18 16:30:41,293 INFO: Executing TransactionTrackerOperations.select_customer()
2018-12-18 16:30:49,333 INFO: Executing TransactionTrackerOperations.select_customer()
2018-12-18 16:31:01,441 INFO: Executing TransactionTrackerOperations.get_CM_parcels()
2018-12-18 16:31:04,316 INFO: NoSuchElementException in TransactionTrackerOperations.get_CM_parcels()
2018-12-18 16:31:09,501 INFO: NoSuchElementException in TransactionTrackerOperations.get_CM_parcels()
2018-12-18 16:31:17,397 INFO: Executing TransactionTrackerOperations.search_process_for_CMPDM() for: Performance Health|BOMBAY LANE DSSI|810
2018-12-18 16:31:17,754 INFO: Executing TransactionTrackerOperations.select_customer()
2018-12-18 16:31:24,863 INFO: Executing TransactionTrackerOperations.select_customer()
2018-12-18 16:31:36,424 INFO: Executing TransactionTrackerOperations.get_CM_parcels()
2018-12-18 16:31:39,243 INFO: NoSuchElementException in TransactionTrackerOperations.get_CM_parcels()
2018-12-18 16:31:44,118 INFO: NoSuchElementException in TransactionTrackerOperations.get_CM_parcels()
2018-12-18 16:31:48,711 INFO: NoSuchElementException in TransactionTrackerOperations.get_CM_parcels()
2018-12-18 16:31:54,293 INFO: NoSuchElementException in TransactionTrackerOperations.get_CM_parcels()
2018-12-18 16:32:02,169 INFO: NoSuchElementException in TransactionTrackerOperations.get_CM_parcels()
2018-12-18 16:32:06,151 INFO: NoSuchElementException in TransactionTrackerOperations.get_CM_parcels()
2018-12-18 16:32:13,699 INFO: Executing TransactionTrackerOperations.search_process_for_CMPDM() for: Performance Health|CARDON AND ASSOCIATES DSSI|810
2018-12-18 16:32:14,048 INFO: Executing TransactionTrackerOperations.select_customer()
2018-12-18 16:32:21,244 INFO: Executing TransactionTrackerOperations.select_customer()
2018-12-18 16:32:33,132 INFO: Executing TransactionTrackerOperations.get_CM_parcels()
2018-12-18 16:32:36,604 INFO: NoSuchElementException in TransactionTrackerOperations.get_CM_parcels()
2018-12-18 16:32:41,865 INFO: NoSuchElementException in TransactionTrackerOperations.get_CM_parcels()
2018-12-18 16:32:46,533 INFO: NoSuchElementException in TransactionTrackerOperations.get_CM_parcels()
2018-12-18 16:32:51,706 INFO: NoSuchElementException in TransactionTrackerOperations.get_CM_parcels()
2018-12-18 16:32:57,793 INFO: NoSuchElementException in TransactionTrackerOperations.get_CM_parcels()
2018-12-18 16:33:03,107 INFO: NoSuchElementException in TransactionTrackerOperations.get_CM_parcels()
2018-12-18 16:33:08,079 INFO: NoSuchElementException in TransactionTrackerOperations.get_CM_parcels()
2018-12-18 16:33:13,738 INFO: NoSuchElementException in TransactionTrackerOperations.get_CM_parcels()
2018-12-18 16:33:18,858 INFO: NoSuchElementException in TransactionTrackerOperations.get_CM_parcels()
2018-12-18 16:33:24,392 INFO: NoSuchElementException in TransactionTrackerOperations.get_CM_parcels()
2018-12-18 16:33:29,341 INFO: NoSuchElementException in TransactionTrackerOperations.get_CM_parcels()
2018-12-18 16:33:34,465 INFO: NoSuchElementException in TransactionTrackerOperations.get_CM_parcels()
2018-12-18 16:33:39,312 INFO: NoSuchElementException in TransactionTrackerOperations.get_CM_parcels()
2018-12-18 16:33:44,366 INFO: NoSuchElementException in TransactionTrackerOperations.get_CM_parcels()
2018-12-18 16:33:48,232 INFO: NoSuchElementException in TransactionTrackerOperations.get_CM_parcels()
2018-12-18 16:33:55,845 INFO: Executing TransactionTrackerOperations.search_process_for_CMPDM() for: Performance Health|CERES PURCHASING SOLUTIONS DSSI|810
2018-12-18 16:33:56,934 INFO: Executing TransactionTrackerOperations.select_customer()
2018-12-18 16:34:04,243 INFO: Executing TransactionTrackerOperations.select_customer()
2018-12-18 16:34:16,561 INFO: Executing TransactionTrackerOperations.get_CM_parcels()
2018-12-18 16:34:23,866 INFO: Executing TransactionTrackerOperations.search_process_for_CMPDM() for: Performance Health|Chosen Healthcare DSSI|810
2018-12-18 16:34:24,269 INFO: Executing TransactionTrackerOperations.select_customer()
2018-12-18 16:34:31,262 INFO: Executing TransactionTrackerOperations.select_customer()
2018-12-18 16:34:43,960 INFO: Executing TransactionTrackerOperations.get_CM_parcels()
2018-12-18 16:34:51,578 INFO: Executing TransactionTrackerOperations.search_process_for_CMPDM() for: Performance Health|CLEAR CHOICE DSSI|810
2018-12-18 16:34:52,443 INFO: Executing TransactionTrackerOperations.select_customer()
2018-12-18 16:35:00,298 INFO: Executing TransactionTrackerOperations.select_customer()
2018-12-18 16:35:12,143 INFO: Executing TransactionTrackerOperations.get_CM_parcels()
2018-12-18 16:35:15,181 INFO: NoSuchElementException in TransactionTrackerOperations.get_CM_parcels()
2018-12-18 16:35:19,884 INFO: NoSuchElementException in TransactionTrackerOperations.get_CM_parcels()
2018-12-18 16:35:24,466 INFO: NoSuchElementException in TransactionTrackerOperations.get_CM_parcels()
2018-12-18 16:35:29,062 INFO: NoSuchElementException in TransactionTrackerOperations.get_CM_parcels()
2018-12-18 16:35:33,612 INFO: NoSuchElementException in TransactionTrackerOperations.get_CM_parcels()
2018-12-18 16:35:38,238 INFO: NoSuchElementException in TransactionTrackerOperations.get_CM_parcels()
2018-12-18 16:35:42,816 INFO: NoSuchElementException in TransactionTrackerOperations.get_CM_parcels()
2018-12-18 16:35:47,469 INFO: NoSuchElementException in TransactionTrackerOperations.get_CM_parcels()
2018-12-18 16:35:52,159 INFO: NoSuchElementException in TransactionTrackerOperations.get_CM_parcels()
2018-12-18 16:35:55,567 INFO: NoSuchElementException in TransactionTrackerOperations.get_CM_parcels()
2018-12-18 16:36:02,299 INFO: Executing TransactionTrackerOperations.search_process_for_CMPDM() for: Performance Health|COMMUNICARE DSSI|810
2018-12-18 16:36:03,221 INFO: Executing TransactionTrackerOperations.select_customer()
2018-12-18 16:36:10,525 INFO: Executing TransactionTrackerOperations.select_customer()
2018-12-18 16:36:22,034 INFO: Executing TransactionTrackerOperations.get_CM_parcels()
2018-12-18 16:36:29,026 INFO: Executing TransactionTrackerOperations.search_process_for_CMPDM() for: Performance Health|COMPLETE HEALTHCARE DSSI|810
2018-12-18 16:36:29,276 INFO: Executing TransactionTrackerOperations.select_customer()
2018-12-18 16:36:36,234 INFO: Executing TransactionTrackerOperations.select_customer()
2018-12-18 16:36:48,000 INFO: Executing TransactionTrackerOperations.get_CM_parcels()
2018-12-18 16:36:50,980 INFO: NoSuchElementException in TransactionTrackerOperations.get_CM_parcels()
2018-12-18 16:36:55,679 INFO: NoSuchElementException in TransactionTrackerOperations.get_CM_parcels()
2018-12-18 16:37:00,434 INFO: NoSuchElementException in TransactionTrackerOperations.get_CM_parcels()
2018-12-18 16:37:04,976 INFO: NoSuchElementException in TransactionTrackerOperations.get_CM_parcels()
2018-12-18 16:37:09,810 INFO: NoSuchElementException in TransactionTrackerOperations.get_CM_parcels()
2018-12-18 16:37:14,864 INFO: NoSuchElementException in TransactionTrackerOperations.get_CM_parcels()
2018-12-18 16:37:19,559 INFO: NoSuchElementException in TransactionTrackerOperations.get_CM_parcels()
2018-12-18 16:37:24,242 INFO: NoSuchElementException in TransactionTrackerOperations.get_CM_parcels()
2018-12-18 16:37:28,907 INFO: NoSuchElementException in TransactionTrackerOperations.get_CM_parcels()
2018-12-18 16:37:33,640 INFO: NoSuchElementException in TransactionTrackerOperations.get_CM_parcels()
2018-12-18 16:37:38,496 INFO: NoSuchElementException in TransactionTrackerOperations.get_CM_parcels()
2018-12-18 16:37:43,214 INFO: NoSuchElementException in TransactionTrackerOperations.get_CM_parcels()
2018-12-18 16:37:47,945 INFO: NoSuchElementException in TransactionTrackerOperations.get_CM_parcels()
2018-12-18 16:37:52,717 INFO: NoSuchElementException in TransactionTrackerOperations.get_CM_parcels()
2018-12-18 16:37:55,919 INFO: NoSuchElementException in TransactionTrackerOperations.get_CM_parcels()
2018-12-18 16:38:02,594 INFO: Executing TransactionTrackerOperations.search_process_for_CMPDM() for: Performance Health|COVENANT DOVE DSSI|810
2018-12-18 16:38:03,218 INFO: Executing TransactionTrackerOperations.select_customer()
2018-12-18 16:38:10,124 INFO: Executing TransactionTrackerOperations.select_customer()
2018-12-18 16:38:21,656 INFO: Executing TransactionTrackerOperations.get_CM_parcels()
2018-12-18 16:38:24,581 INFO: NoSuchElementException in TransactionTrackerOperations.get_CM_parcels()
2018-12-18 16:38:29,268 INFO: NoSuchElementException in TransactionTrackerOperations.get_CM_parcels()
2018-12-18 16:38:33,936 INFO: NoSuchElementException in TransactionTrackerOperations.get_CM_parcels()
2018-12-18 16:38:38,539 INFO: NoSuchElementException in TransactionTrackerOperations.get_CM_parcels()
2018-12-18 16:38:43,131 INFO: NoSuchElementException in TransactionTrackerOperations.get_CM_parcels()
2018-12-18 16:38:48,058 INFO: NoSuchElementException in TransactionTrackerOperations.get_CM_parcels()
2018-12-18 16:38:52,939 INFO: NoSuchElementException in TransactionTrackerOperations.get_CM_parcels()
2018-12-18 16:38:55,394 ERROR: Error in CMProductionDataMonitoring.TaskFilter()
2018-12-18 16:38:59,844 INFO: Executing TransactionTrackerOperations.search_process_for_CMPDM() for: Performance Health|DIAKON LUTHERAN DSSI|810
2018-12-18 16:39:00,210 INFO: Executing TransactionTrackerOperations.select_customer()
2018-12-18 16:39:07,107 INFO: Executing TransactionTrackerOperations.select_customer()
2018-12-18 16:39:18,787 INFO: Executing TransactionTrackerOperations.get_CM_parcels()
2018-12-18 16:39:21,592 INFO: NoSuchElementException in TransactionTrackerOperations.get_CM_parcels()
2018-12-18 16:39:26,204 INFO: NoSuchElementException in TransactionTrackerOperations.get_CM_parcels()
2018-12-18 16:39:30,901 INFO: NoSuchElementException in TransactionTrackerOperations.get_CM_parcels()
2018-12-18 16:39:35,461 INFO: NoSuchElementException in TransactionTrackerOperations.get_CM_parcels()
2018-12-18 16:39:40,062 INFO: NoSuchElementException in TransactionTrackerOperations.get_CM_parcels()
2018-12-18 16:39:44,656 INFO: NoSuchElementException in TransactionTrackerOperations.get_CM_parcels()
2018-12-18 16:39:48,483 INFO: NoSuchElementException in TransactionTrackerOperations.get_CM_parcels()
2018-12-18 16:39:55,272 INFO: Executing TransactionTrackerOperations.search_process_for_CMPDM() for: Performance Health|DIVERSICARE DSSI|810
2018-12-18 16:39:55,295 INFO: Executing TransactionTrackerOperations.select_customer()
2018-12-18 16:40:02,194 INFO: Executing TransactionTrackerOperations.select_customer()
2018-12-18 16:40:13,736 INFO: Executing TransactionTrackerOperations.get_CM_parcels()
2018-12-18 16:40:19,964 INFO: Executing TransactionTrackerOperations.search_process_for_CMPDM() for: Performance Health|Dycora Transitional Health DSSI|810
2018-12-18 16:40:20,048 INFO: Executing TransactionTrackerOperations.select_customer()
2018-12-18 16:40:26,967 INFO: Executing TransactionTrackerOperations.select_customer()
2018-12-18 16:40:40,192 INFO: Executing TransactionTrackerOperations.get_CM_parcels()
2018-12-18 16:40:44,181 INFO: NoSuchElementException in TransactionTrackerOperations.get_CM_parcels()
2018-12-18 16:40:50,263 INFO: NoSuchElementException in TransactionTrackerOperations.get_CM_parcels()
2018-12-18 16:40:55,258 INFO: NoSuchElementException in TransactionTrackerOperations.get_CM_parcels()
2018-12-18 16:41:01,147 INFO: NoSuchElementException in TransactionTrackerOperations.get_CM_parcels()
2018-12-18 16:41:06,128 INFO: NoSuchElementException in TransactionTrackerOperations.get_CM_parcels()
2018-12-18 16:41:10,771 INFO: NoSuchElementException in TransactionTrackerOperations.get_CM_parcels()
2018-12-18 16:41:15,712 INFO: NoSuchElementException in TransactionTrackerOperations.get_CM_parcels()
2018-12-18 16:41:20,391 INFO: NoSuchElementException in TransactionTrackerOperations.get_CM_parcels()
2018-12-18 16:41:25,342 INFO: NoSuchElementException in TransactionTrackerOperations.get_CM_parcels()
2018-12-18 16:41:30,287 INFO: NoSuchElementException in TransactionTrackerOperations.get_CM_parcels()
2018-12-18 16:41:35,201 INFO: NoSuchElementException in TransactionTrackerOperations.get_CM_parcels()
2018-12-18 16:41:39,589 INFO: NoSuchElementException in TransactionTrackerOperations.get_CM_parcels()
2018-12-18 16:41:46,530 INFO: Executing TransactionTrackerOperations.search_process_for_CMPDM() for: Performance Health|ERICKSON RETIREMENT COMMUNITIES DSSI|810
2018-12-18 16:41:47,515 INFO: Executing TransactionTrackerOperations.select_customer()
2018-12-18 16:41:54,414 INFO: Executing TransactionTrackerOperations.select_customer()
2018-12-18 16:42:06,684 INFO: Executing TransactionTrackerOperations.get_CM_parcels()
2018-12-18 16:42:09,595 INFO: NoSuchElementException in TransactionTrackerOperations.get_CM_parcels()
2018-12-18 16:42:14,312 INFO: NoSuchElementException in TransactionTrackerOperations.get_CM_parcels()
2018-12-18 16:42:19,012 INFO: NoSuchElementException in TransactionTrackerOperations.get_CM_parcels()
2018-12-18 16:42:23,599 INFO: NoSuchElementException in TransactionTrackerOperations.get_CM_parcels()
2018-12-18 16:42:28,182 INFO: NoSuchElementException in TransactionTrackerOperations.get_CM_parcels()
2018-12-18 16:42:32,776 INFO: NoSuchElementException in TransactionTrackerOperations.get_CM_parcels()
2018-12-18 16:42:37,381 INFO: NoSuchElementException in TransactionTrackerOperations.get_CM_parcels()
2018-12-18 16:42:41,985 INFO: NoSuchElementException in TransactionTrackerOperations.get_CM_parcels()
2018-12-18 16:42:46,700 INFO: NoSuchElementException in TransactionTrackerOperations.get_CM_parcels()
2018-12-18 16:42:51,311 INFO: NoSuchElementException in TransactionTrackerOperations.get_CM_parcels()
2018-12-18 16:42:55,916 INFO: NoSuchElementException in TransactionTrackerOperations.get_CM_parcels()
2018-12-18 16:43:00,639 INFO: NoSuchElementException in TransactionTrackerOperations.get_CM_parcels()
2018-12-18 16:43:05,305 INFO: NoSuchElementException in TransactionTrackerOperations.get_CM_parcels()
2018-12-18 16:43:10,118 INFO: NoSuchElementException in TransactionTrackerOperations.get_CM_parcels()
2018-12-18 16:43:14,791 INFO: NoSuchElementException in TransactionTrackerOperations.get_CM_parcels()
2018-12-18 16:43:17,706 INFO: NoSuchElementException in TransactionTrackerOperations.get_CM_parcels()
2018-12-18 16:43:24,365 INFO: Executing TransactionTrackerOperations.search_process_for_CMPDM() for: Performance Health|FORTIS MANAGEMENT GROUP DSSI|810
2018-12-18 16:43:25,053 INFO: Executing TransactionTrackerOperations.select_customer()
2018-12-18 16:43:31,925 INFO: Executing TransactionTrackerOperations.select_customer()
2018-12-18 16:43:43,714 INFO: Executing TransactionTrackerOperations.get_CM_parcels()
2018-12-18 16:43:49,804 INFO: Executing TransactionTrackerOperations.search_process_for_CMPDM() for: Performance Health|GOOD SAMARITAN SOCIETY DSSI|810
2018-12-18 16:43:49,834 INFO: Executing TransactionTrackerOperations.select_customer()
2018-12-18 16:43:56,734 INFO: Executing TransactionTrackerOperations.select_customer()
2018-12-18 16:44:08,466 INFO: Executing TransactionTrackerOperations.get_CM_parcels()
2018-12-18 16:44:14,680 INFO: Executing TransactionTrackerOperations.search_process_for_CMPDM() for: Performance Health|GULF COAST HEALTHCARE DSSI|810
2018-12-18 16:44:14,756 INFO: Executing TransactionTrackerOperations.select_customer()
2018-12-18 16:44:21,760 INFO: Executing TransactionTrackerOperations.select_customer()
2018-12-18 16:44:33,439 INFO: Executing TransactionTrackerOperations.get_CM_parcels()
2018-12-18 16:44:38,940 INFO: Executing TransactionTrackerOperations.search_process_for_CMPDM() for: Performance Health|ICARE MANAGEMENT DSSI|810
2018-12-18 16:44:39,612 INFO: Executing TransactionTrackerOperations.select_customer()
2018-12-18 16:44:46,478 INFO: Executing TransactionTrackerOperations.select_customer()
2018-12-18 16:44:58,252 INFO: Executing TransactionTrackerOperations.get_CM_parcels()
2018-12-18 16:45:01,237 INFO: NoSuchElementException in TransactionTrackerOperations.get_CM_parcels()
2018-12-18 16:45:05,837 INFO: NoSuchElementException in TransactionTrackerOperations.get_CM_parcels()
2018-12-18 16:45:10,374 INFO: NoSuchElementException in TransactionTrackerOperations.get_CM_parcels()
2018-12-18 16:45:14,987 INFO: NoSuchElementException in TransactionTrackerOperations.get_CM_parcels()
2018-12-18 16:45:19,109 INFO: NoSuchElementException in TransactionTrackerOperations.get_CM_parcels()
2018-12-18 16:45:26,024 INFO: Executing TransactionTrackerOperations.search_process_for_CMPDM() for: Performance Health|Kindred Healthcare via IntelliOrder|810
2018-12-18 16:45:26,739 INFO: Executing TransactionTrackerOperations.select_customer()
2018-12-18 16:45:33,692 INFO: Executing TransactionTrackerOperations.select_customer()
2018-12-18 16:45:45,568 INFO: Executing TransactionTrackerOperations.get_CM_parcels()
2018-12-18 16:45:48,552 INFO: NoSuchElementException in TransactionTrackerOperations.get_CM_parcels()
2018-12-18 16:45:53,425 INFO: NoSuchElementException in TransactionTrackerOperations.get_CM_parcels()
2018-12-18 16:45:58,220 INFO: NoSuchElementException in TransactionTrackerOperations.get_CM_parcels()
2018-12-18 16:46:02,939 INFO: NoSuchElementException in TransactionTrackerOperations.get_CM_parcels()
2018-12-18 16:46:07,569 INFO: NoSuchElementException in TransactionTrackerOperations.get_CM_parcels()
2018-12-18 16:46:12,195 INFO: NoSuchElementException in TransactionTrackerOperations.get_CM_parcels()
2018-12-18 16:46:16,925 INFO: NoSuchElementException in TransactionTrackerOperations.get_CM_parcels()
2018-12-18 16:46:21,532 INFO: NoSuchElementException in TransactionTrackerOperations.get_CM_parcels()
2018-12-18 16:46:26,097 INFO: NoSuchElementException in TransactionTrackerOperations.get_CM_parcels()
2018-12-18 16:46:30,797 INFO: NoSuchElementException in TransactionTrackerOperations.get_CM_parcels()
2018-12-18 16:46:36,062 INFO: NoSuchElementException in TransactionTrackerOperations.get_CM_parcels()
2018-12-18 16:46:40,861 INFO: NoSuchElementException in TransactionTrackerOperations.get_CM_parcels()
2018-12-18 16:46:45,489 INFO: NoSuchElementException in TransactionTrackerOperations.get_CM_parcels()
2018-12-18 16:46:50,134 INFO: NoSuchElementException in TransactionTrackerOperations.get_CM_parcels()
2018-12-18 16:46:54,842 INFO: NoSuchElementException in TransactionTrackerOperations.get_CM_parcels()
2018-12-18 16:46:59,635 INFO: NoSuchElementException in TransactionTrackerOperations.get_CM_parcels()
2018-12-18 16:47:04,436 INFO: NoSuchElementException in TransactionTrackerOperations.get_CM_parcels()
2018-12-18 16:47:09,103 INFO: NoSuchElementException in TransactionTrackerOperations.get_CM_parcels()
2018-12-18 16:47:13,789 INFO: NoSuchElementException in TransactionTrackerOperations.get_CM_parcels()
2018-12-18 16:47:18,482 INFO: NoSuchElementException in TransactionTrackerOperations.get_CM_parcels()
2018-12-18 16:47:23,276 INFO: NoSuchElementException in TransactionTrackerOperations.get_CM_parcels()
2018-12-18 16:47:28,112 INFO: NoSuchElementException in TransactionTrackerOperations.get_CM_parcels()
2018-12-18 16:47:33,378 INFO: NoSuchElementException in TransactionTrackerOperations.get_CM_parcels()
2018-12-18 16:47:38,217 INFO: NoSuchElementException in TransactionTrackerOperations.get_CM_parcels()
2018-12-18 16:47:42,916 INFO: NoSuchElementException in TransactionTrackerOperations.get_CM_parcels()
2018-12-18 16:47:47,560 INFO: NoSuchElementException in TransactionTrackerOperations.get_CM_parcels()
2018-12-18 16:47:52,334 INFO: NoSuchElementException in TransactionTrackerOperations.get_CM_parcels()
2018-12-18 16:47:57,012 INFO: NoSuchElementException in TransactionTrackerOperations.get_CM_parcels()
2018-12-18 16:48:02,671 INFO: NoSuchElementException in TransactionTrackerOperations.get_CM_parcels()
2018-12-18 16:48:07,532 INFO: NoSuchElementException in TransactionTrackerOperations.get_CM_parcels()
2018-12-18 16:48:11,538 INFO: NoSuchElementException in TransactionTrackerOperations.get_CM_parcels()
2018-12-18 16:48:16,024 ERROR: Error in CMProductionDataMonitoring.TaskFilter()
