2018-11-15 09:37:56,987 INFO: Executing Script Credit Memo Prodution Data Monitoring
2018-11-15 09:38:02,224 INFO: Login in to Launchpad
2018-11-15 09:38:16,675 INFO: Refreshing access_token
2018-11-15 09:38:20,903 INFO: Executing method 'search_process' from TransactionTrackerOperations
2018-11-15 09:38:20,931 INFO: Executing method 'select_customer' from TransactionTrackerOperations
2018-11-15 09:38:27,719 INFO: Executing method 'select_customer' from TransactionTrackerOperations
2018-11-15 09:38:44,229 INFO: Executing method 'search_process' from TransactionTrackerOperations
2018-11-15 09:38:44,810 INFO: Executing method 'select_customer' from TransactionTrackerOperations
2018-11-15 09:38:51,636 INFO: Executing method 'select_customer' from TransactionTrackerOperations
2018-11-15 09:39:14,796 INFO: Executing method 'search_process' from TransactionTrackerOperations
2018-11-15 09:39:14,808 INFO: Executing method 'select_customer' from TransactionTrackerOperations
2018-11-15 09:39:21,626 INFO: Executing method 'select_customer' from TransactionTrackerOperations
2018-11-15 09:39:45,008 INFO: Executing method 'search_process' from TransactionTrackerOperations
2018-11-15 09:39:45,158 INFO: Executing method 'select_customer' from TransactionTrackerOperations
2018-11-15 09:39:51,988 INFO: Executing method 'select_customer' from TransactionTrackerOperations
2018-11-15 09:40:45,657 INFO: Executing method 'search_process' from TransactionTrackerOperations
2018-11-15 09:40:45,674 INFO: Executing method 'select_customer' from TransactionTrackerOperations
2018-11-15 09:40:52,455 INFO: Executing method 'select_customer' from TransactionTrackerOperations
2018-11-15 09:41:09,041 INFO: Executing method 'search_process' from TransactionTrackerOperations
2018-11-15 09:41:09,064 INFO: Executing method 'select_customer' from TransactionTrackerOperations
2018-11-15 09:41:15,940 INFO: Executing method 'select_customer' from TransactionTrackerOperations
2018-11-15 09:42:36,575 INFO: Executing method 'search_process' from TransactionTrackerOperations
2018-11-15 09:42:36,810 INFO: Executing method 'select_customer' from TransactionTrackerOperations
2018-11-15 09:42:43,617 INFO: Executing method 'select_customer' from TransactionTrackerOperations
2018-11-15 09:43:00,361 INFO: Executing method 'search_process' from TransactionTrackerOperations
2018-11-15 09:43:00,383 INFO: Executing method 'select_customer' from TransactionTrackerOperations
2018-11-15 09:43:07,383 INFO: Executing method 'select_customer' from TransactionTrackerOperations
2018-11-15 09:43:23,888 INFO: Executing method 'search_process' from TransactionTrackerOperations
2018-11-15 09:43:23,911 INFO: Executing method 'select_customer' from TransactionTrackerOperations
2018-11-15 09:43:30,762 INFO: Executing method 'select_customer' from TransactionTrackerOperations
2018-11-15 09:44:28,911 INFO: Executing method 'search_process' from TransactionTrackerOperations
2018-11-15 09:44:29,068 INFO: Executing method 'select_customer' from TransactionTrackerOperations
2018-11-15 09:44:35,943 INFO: Executing method 'select_customer' from TransactionTrackerOperations
2018-11-15 09:45:31,012 INFO: Executing method 'search_process' from TransactionTrackerOperations
2018-11-15 09:45:31,109 INFO: Executing method 'select_customer' from TransactionTrackerOperations
2018-11-15 09:45:37,933 INFO: Executing method 'select_customer' from TransactionTrackerOperations
2018-11-15 09:45:54,375 INFO: Executing method 'search_process' from TransactionTrackerOperations
2018-11-15 09:45:54,394 INFO: Executing method 'select_customer' from TransactionTrackerOperations
2018-11-15 09:46:01,182 INFO: Executing method 'select_customer' from TransactionTrackerOperations
2018-11-15 09:46:17,721 INFO: Executing method 'search_process' from TransactionTrackerOperations
2018-11-15 09:46:17,847 INFO: Executing method 'select_customer' from TransactionTrackerOperations
2018-11-15 09:46:24,849 INFO: Executing method 'select_customer' from TransactionTrackerOperations
2018-11-15 09:48:19,925 INFO: Executing Script Credit Memo Prodution Data Monitoring
2018-11-15 09:48:23,996 INFO: Login in to Launchpad
2018-11-15 09:48:37,067 INFO: Refreshing access_token
2018-11-15 09:48:41,173 INFO: Executing method 'search_process' from TransactionTrackerOperations
2018-11-15 09:48:41,205 INFO: Executing method 'select_customer' from TransactionTrackerOperations
2018-11-15 09:48:48,529 INFO: Executing method 'select_customer' from TransactionTrackerOperations
2018-11-15 09:49:44,823 INFO: Executing Script Credit Memo Prodution Data Monitoring
2018-11-15 09:49:49,330 INFO: Login in to Launchpad
2018-11-15 09:50:03,557 INFO: Refreshing access_token
2018-11-15 09:50:07,113 INFO: Executing method 'search_process' from TransactionTrackerOperations
2018-11-15 09:50:07,149 INFO: Executing method 'select_customer' from TransactionTrackerOperations
2018-11-15 09:50:14,036 INFO: Executing method 'select_customer' from TransactionTrackerOperations
2018-11-15 09:50:36,198 INFO: Executing method 'search_process' from TransactionTrackerOperations
2018-11-15 09:50:36,237 INFO: Executing method 'select_customer' from TransactionTrackerOperations
2018-11-15 09:50:43,063 INFO: Executing method 'select_customer' from TransactionTrackerOperations
2018-11-15 09:50:57,553 INFO: Executing method 'search_process' from TransactionTrackerOperations
2018-11-15 09:50:57,573 INFO: Executing method 'select_customer' from TransactionTrackerOperations
2018-11-15 09:51:04,397 INFO: Executing method 'select_customer' from TransactionTrackerOperations
2018-11-15 09:51:26,400 INFO: Executing method 'search_process' from TransactionTrackerOperations
2018-11-15 09:51:26,427 INFO: Executing method 'select_customer' from TransactionTrackerOperations
2018-11-15 09:51:33,305 INFO: Executing method 'select_customer' from TransactionTrackerOperations
2018-11-15 09:57:48,277 INFO: Executing Script Credit Memo Prodution Data Monitoring
2018-11-15 09:57:51,724 INFO: Login in to Launchpad
2018-11-15 09:58:05,286 INFO: Refreshing access_token
2018-11-15 09:58:09,383 INFO: Executing method 'search_process' from TransactionTrackerOperations
2018-11-15 09:58:09,436 INFO: Executing method 'select_customer' from TransactionTrackerOperations
2018-11-15 09:58:16,528 INFO: Executing method 'select_customer' from TransactionTrackerOperations
2018-11-15 10:05:41,111 INFO: Executing Script Credit Memo Prodution Data Monitoring
2018-11-15 10:05:45,869 INFO: Login in to Launchpad
2018-11-15 10:05:59,463 INFO: Refreshing access_token
2018-11-15 10:06:03,172 INFO: Executing method 'search_process' from TransactionTrackerOperations
2018-11-15 10:06:03,187 INFO: Executing method 'select_customer' from TransactionTrackerOperations
2018-11-15 10:06:10,279 INFO: Executing method 'select_customer' from TransactionTrackerOperations
2018-11-15 10:06:30,054 INFO: Executing method 'search_process' from TransactionTrackerOperations
2018-11-15 10:06:30,070 INFO: Executing method 'select_customer' from TransactionTrackerOperations
2018-11-15 10:09:30,684 INFO: Executing Script Credit Memo Prodution Data Monitoring
2018-11-15 10:09:37,100 INFO: Login in to Launchpad
2018-11-15 10:09:51,358 INFO: Refreshing access_token
2018-11-15 10:09:54,811 INFO: Executing method 'search_process' from TransactionTrackerOperations
2018-11-15 10:09:54,828 INFO: Executing method 'select_customer' from TransactionTrackerOperations
2018-11-15 10:10:01,639 INFO: Executing method 'select_customer' from TransactionTrackerOperations
2018-11-15 10:10:22,164 INFO: Executing method 'search_process' from TransactionTrackerOperations
2018-11-15 10:10:22,164 INFO: Executing method 'select_customer' from TransactionTrackerOperations
2018-11-15 10:10:29,583 INFO: Executing method 'select_customer' from TransactionTrackerOperations
2018-11-15 10:16:10,923 INFO: Executing Script Credit Memo Prodution Data Monitoring
2018-11-15 10:16:14,461 INFO: Login in to Launchpad
2018-11-15 10:16:27,298 INFO: Refreshing access_token
2018-11-15 10:16:30,978 INFO: Executing method 'search_process' from TransactionTrackerOperations
2018-11-15 10:16:31,080 INFO: Executing method 'select_customer' from TransactionTrackerOperations
2018-11-15 10:16:37,812 INFO: Executing method 'select_customer' from TransactionTrackerOperations
2018-11-15 10:37:57,890 INFO: Executing Script Credit Memo Prodution Data Monitoring
2018-11-15 10:38:02,758 INFO: Login in to Launchpad
2018-11-15 10:38:23,862 INFO: Refreshing access_token
2018-11-15 10:38:27,547 INFO: Executing method 'search_process' from TransactionTrackerOperations
2018-11-15 10:38:27,561 INFO: Executing method 'select_customer' from TransactionTrackerOperations
2018-11-15 10:39:45,512 INFO: Executing Script Credit Memo Prodution Data Monitoring
2018-11-15 10:39:49,096 INFO: Login in to Launchpad
2018-11-15 10:40:02,659 INFO: Refreshing access_token
2018-11-15 10:40:06,158 INFO: Executing method 'search_process' from TransactionTrackerOperations
2018-11-15 10:40:06,290 INFO: Executing method 'select_customer' from TransactionTrackerOperations
2018-11-15 10:40:13,239 INFO: Executing method 'select_customer' from TransactionTrackerOperations
2018-11-15 10:40:58,992 INFO: Executing Script Credit Memo Prodution Data Monitoring
2018-11-15 10:41:02,662 INFO: Login in to Launchpad
2018-11-15 10:41:15,588 INFO: Refreshing access_token
2018-11-15 10:41:19,203 INFO: Executing method 'search_process' from TransactionTrackerOperations
2018-11-15 10:41:19,217 INFO: Executing method 'select_customer' from TransactionTrackerOperations
2018-11-15 10:41:25,978 INFO: Executing method 'select_customer' from TransactionTrackerOperations
2018-11-15 10:41:49,460 INFO: Executing method 'search_process' from TransactionTrackerOperations
2018-11-15 10:41:49,460 INFO: Executing method 'select_customer' from TransactionTrackerOperations
2018-11-15 10:42:54,233 INFO: Executing Script Credit Memo Prodution Data Monitoring
2018-11-15 10:42:57,691 INFO: Login in to Launchpad
2018-11-15 10:43:10,750 INFO: Refreshing access_token
2018-11-15 10:43:14,243 INFO: Executing method 'search_process' from TransactionTrackerOperations
2018-11-15 10:43:14,257 INFO: Executing method 'select_customer' from TransactionTrackerOperations
2018-11-15 10:43:21,046 INFO: Executing method 'select_customer' from TransactionTrackerOperations
2018-11-15 10:43:44,008 INFO: Executing method 'search_process' from TransactionTrackerOperations
2018-11-15 10:43:44,286 INFO: Executing method 'select_customer' from TransactionTrackerOperations
2018-11-15 10:43:51,071 INFO: Executing method 'select_customer' from TransactionTrackerOperations
2018-11-15 10:44:05,201 INFO: Executing method 'search_process' from TransactionTrackerOperations
2018-11-15 10:44:05,326 INFO: Executing method 'select_customer' from TransactionTrackerOperations
2018-11-15 10:44:12,132 INFO: Executing method 'select_customer' from TransactionTrackerOperations
2018-11-15 10:44:31,342 INFO: Executing method 'search_process' from TransactionTrackerOperations
2018-11-15 10:44:31,359 INFO: Executing method 'select_customer' from TransactionTrackerOperations
2018-11-15 10:44:38,213 INFO: Executing method 'select_customer' from TransactionTrackerOperations
2018-11-15 10:45:37,270 INFO: Executing Script Credit Memo Prodution Data Monitoring
2018-11-15 10:45:40,819 INFO: Login in to Launchpad
2018-11-15 10:45:54,496 INFO: Refreshing access_token
2018-11-15 10:45:58,111 INFO: Executing method 'search_process' from TransactionTrackerOperations
2018-11-15 10:45:58,271 INFO: Executing method 'select_customer' from TransactionTrackerOperations
2018-11-15 10:46:05,096 INFO: Executing method 'select_customer' from TransactionTrackerOperations
2018-11-15 10:49:44,632 INFO: Executing Script Credit Memo Prodution Data Monitoring
2018-11-15 10:49:48,058 INFO: Login in to Launchpad
2018-11-15 10:50:00,577 INFO: Refreshing access_token
2018-11-15 10:50:04,421 INFO: Executing method 'search_process' from TransactionTrackerOperations
2018-11-15 10:50:04,442 INFO: Executing method 'select_customer' from TransactionTrackerOperations
2018-11-15 10:50:11,557 INFO: Executing method 'select_customer' from TransactionTrackerOperations
2018-11-15 10:50:36,264 INFO: Executing method 'search_process' from TransactionTrackerOperations
2018-11-15 10:50:36,305 INFO: Executing method 'select_customer' from TransactionTrackerOperations
2018-11-15 10:50:43,284 INFO: Executing method 'select_customer' from TransactionTrackerOperations
2018-11-15 10:50:57,135 INFO: Executing method 'search_process' from TransactionTrackerOperations
2018-11-15 10:50:57,240 INFO: Executing method 'select_customer' from TransactionTrackerOperations
2018-11-15 10:51:04,105 INFO: Executing method 'select_customer' from TransactionTrackerOperations
2018-11-15 10:51:25,081 INFO: Executing method 'search_process' from TransactionTrackerOperations
2018-11-15 10:51:25,104 INFO: Executing method 'select_customer' from TransactionTrackerOperations
2018-11-15 10:51:31,942 INFO: Executing method 'select_customer' from TransactionTrackerOperations
2018-11-15 10:51:52,532 INFO: Executing method 'search_process' from TransactionTrackerOperations
2018-11-15 10:51:52,547 INFO: Executing method 'select_customer' from TransactionTrackerOperations
2018-11-15 10:51:59,371 INFO: Executing method 'select_customer' from TransactionTrackerOperations
2018-11-15 10:52:13,682 INFO: Executing method 'search_process' from TransactionTrackerOperations
2018-11-15 10:52:13,704 INFO: Executing method 'select_customer' from TransactionTrackerOperations
2018-11-15 10:52:20,487 INFO: Executing method 'select_customer' from TransactionTrackerOperations
2018-11-15 10:52:35,685 INFO: Executing method 'search_process' from TransactionTrackerOperations
2018-11-15 10:52:35,709 INFO: Executing method 'select_customer' from TransactionTrackerOperations
2018-11-15 10:52:42,516 INFO: Executing method 'select_customer' from TransactionTrackerOperations
2018-11-15 10:52:56,939 INFO: Executing method 'search_process' from TransactionTrackerOperations
2018-11-15 10:52:56,955 INFO: Executing method 'select_customer' from TransactionTrackerOperations
2018-11-15 10:53:03,802 INFO: Executing method 'select_customer' from TransactionTrackerOperations
2018-11-15 10:53:18,489 INFO: Executing method 'search_process' from TransactionTrackerOperations
2018-11-15 10:53:18,502 INFO: Executing method 'select_customer' from TransactionTrackerOperations
2018-11-15 10:53:25,594 INFO: Executing method 'select_customer' from TransactionTrackerOperations
2018-11-15 10:53:40,027 INFO: Executing method 'search_process' from TransactionTrackerOperations
2018-11-15 10:53:40,042 INFO: Executing method 'select_customer' from TransactionTrackerOperations
2018-11-15 10:53:46,861 INFO: Executing method 'select_customer' from TransactionTrackerOperations
2018-11-15 10:54:01,092 INFO: Executing method 'search_process' from TransactionTrackerOperations
2018-11-15 10:54:01,131 INFO: Executing method 'select_customer' from TransactionTrackerOperations
2018-11-15 10:54:07,942 INFO: Executing method 'select_customer' from TransactionTrackerOperations
2018-11-15 10:54:53,386 INFO: Executing method 'search_process' from TransactionTrackerOperations
2018-11-15 10:54:53,402 INFO: Executing method 'select_customer' from TransactionTrackerOperations
2018-11-15 10:55:00,274 INFO: Executing method 'select_customer' from TransactionTrackerOperations
2018-11-15 10:55:14,684 INFO: Executing method 'search_process' from TransactionTrackerOperations
2018-11-15 10:55:14,695 INFO: Executing method 'select_customer' from TransactionTrackerOperations
2018-11-15 10:55:21,501 INFO: Executing method 'select_customer' from TransactionTrackerOperations
2018-11-15 10:55:35,735 INFO: Executing method 'search_process' from TransactionTrackerOperations
2018-11-15 10:55:35,750 INFO: Executing method 'select_customer' from TransactionTrackerOperations
2018-11-15 10:55:42,537 INFO: Executing method 'select_customer' from TransactionTrackerOperations
2018-11-15 10:55:56,595 INFO: Executing method 'search_process' from TransactionTrackerOperations
2018-11-15 10:55:56,834 INFO: Executing method 'select_customer' from TransactionTrackerOperations
2018-11-15 10:56:03,609 INFO: Executing method 'select_customer' from TransactionTrackerOperations
2018-11-15 10:56:18,780 INFO: Executing method 'search_process' from TransactionTrackerOperations
2018-11-15 10:56:18,796 INFO: Executing method 'select_customer' from TransactionTrackerOperations
2018-11-15 10:56:25,580 INFO: Executing method 'select_customer' from TransactionTrackerOperations
2018-11-15 10:56:49,619 INFO: Executing method 'search_process' from TransactionTrackerOperations
2018-11-15 10:56:49,922 INFO: Executing method 'select_customer' from TransactionTrackerOperations
2018-11-15 10:56:56,152 INFO: Executing method 'select_customer' from TransactionTrackerOperations
2018-11-15 10:58:36,418 INFO: Executing Script Credit Memo Prodution Data Monitoring
2018-11-15 10:58:40,377 INFO: Login in to Launchpad
2018-11-15 10:58:53,899 INFO: Refreshing access_token
2018-11-15 10:58:57,653 INFO: Executing method 'search_process' from TransactionTrackerOperations
2018-11-15 10:58:57,678 INFO: Executing method 'select_customer' from TransactionTrackerOperations
2018-11-15 10:59:04,399 INFO: Executing method 'select_customer' from TransactionTrackerOperations
2018-11-15 11:00:45,187 INFO: Executing Script Credit Memo Prodution Data Monitoring
2018-11-15 11:00:48,716 INFO: Login in to Launchpad
2018-11-15 11:01:02,752 INFO: Refreshing access_token
2018-11-15 11:01:06,276 INFO: Executing method 'search_process' from TransactionTrackerOperations
2018-11-15 11:01:07,364 INFO: Executing method 'select_customer' from TransactionTrackerOperations
2018-11-15 11:01:14,881 INFO: Executing method 'select_customer' from TransactionTrackerOperations
2018-11-15 11:01:39,928 INFO: Executing method 'search_process' from TransactionTrackerOperations
2018-11-15 11:01:40,102 INFO: Executing method 'select_customer' from TransactionTrackerOperations
2018-11-15 11:01:47,045 INFO: Executing method 'select_customer' from TransactionTrackerOperations
2018-11-15 11:02:01,612 INFO: Executing method 'search_process' from TransactionTrackerOperations
2018-11-15 11:02:01,633 INFO: Executing method 'select_customer' from TransactionTrackerOperations
2018-11-15 11:02:08,590 INFO: Executing method 'select_customer' from TransactionTrackerOperations
2018-11-15 11:02:29,948 INFO: Executing method 'search_process' from TransactionTrackerOperations
2018-11-15 11:02:29,967 INFO: Executing method 'select_customer' from TransactionTrackerOperations
2018-11-15 11:02:36,755 INFO: Executing method 'select_customer' from TransactionTrackerOperations
2018-11-15 11:02:55,978 INFO: Executing method 'search_process' from TransactionTrackerOperations
2018-11-15 11:02:55,995 INFO: Executing method 'select_customer' from TransactionTrackerOperations
2018-11-15 11:03:02,881 INFO: Executing method 'select_customer' from TransactionTrackerOperations
2018-11-15 11:03:16,744 INFO: Executing method 'search_process' from TransactionTrackerOperations
2018-11-15 11:03:16,798 INFO: Executing method 'select_customer' from TransactionTrackerOperations
2018-11-15 11:03:23,742 INFO: Executing method 'select_customer' from TransactionTrackerOperations
2018-11-15 11:03:38,054 INFO: Executing method 'search_process' from TransactionTrackerOperations
2018-11-15 11:03:38,130 INFO: Executing method 'select_customer' from TransactionTrackerOperations
2018-11-15 11:03:45,000 INFO: Executing method 'select_customer' from TransactionTrackerOperations
2018-11-15 11:04:52,784 INFO: Executing method 'search_process' from TransactionTrackerOperations
2018-11-15 11:04:52,827 INFO: Executing method 'select_customer' from TransactionTrackerOperations
2018-11-15 11:04:59,660 INFO: Executing method 'select_customer' from TransactionTrackerOperations
2018-11-15 11:05:14,243 INFO: Executing method 'search_process' from TransactionTrackerOperations
2018-11-15 11:05:14,267 INFO: Executing method 'select_customer' from TransactionTrackerOperations
2018-11-15 11:05:21,582 INFO: Executing method 'select_customer' from TransactionTrackerOperations
2018-11-15 11:05:36,799 INFO: Executing method 'search_process' from TransactionTrackerOperations
2018-11-15 11:05:37,056 INFO: Executing method 'select_customer' from TransactionTrackerOperations
2018-11-15 11:05:43,905 INFO: Executing method 'select_customer' from TransactionTrackerOperations
2018-11-15 11:06:29,427 INFO: Executing method 'search_process' from TransactionTrackerOperations
2018-11-15 11:06:29,455 INFO: Executing method 'select_customer' from TransactionTrackerOperations
2018-11-15 11:06:36,238 INFO: Executing method 'select_customer' from TransactionTrackerOperations
2018-11-15 11:07:18,945 INFO: Executing method 'search_process' from TransactionTrackerOperations
2018-11-15 11:07:18,963 INFO: Executing method 'select_customer' from TransactionTrackerOperations
2018-11-15 11:07:25,794 INFO: Executing method 'select_customer' from TransactionTrackerOperations
2018-11-15 11:07:39,978 INFO: Executing method 'search_process' from TransactionTrackerOperations
2018-11-15 11:07:39,990 INFO: Executing method 'select_customer' from TransactionTrackerOperations
2018-11-15 11:07:46,772 INFO: Executing method 'select_customer' from TransactionTrackerOperations
2018-11-15 11:08:00,621 INFO: Executing method 'search_process' from TransactionTrackerOperations
2018-11-15 11:08:00,698 INFO: Executing method 'select_customer' from TransactionTrackerOperations
2018-11-15 11:08:07,609 INFO: Executing method 'select_customer' from TransactionTrackerOperations
2018-11-15 11:09:44,267 INFO: Executing method 'search_process' from TransactionTrackerOperations
2018-11-15 11:09:44,298 INFO: Executing method 'select_customer' from TransactionTrackerOperations
2018-11-15 11:09:51,584 INFO: Executing method 'select_customer' from TransactionTrackerOperations
2018-11-15 11:10:06,081 INFO: Executing method 'search_process' from TransactionTrackerOperations
2018-11-15 11:10:06,097 INFO: Executing method 'select_customer' from TransactionTrackerOperations
2018-11-15 11:10:12,934 INFO: Executing method 'select_customer' from TransactionTrackerOperations
2018-11-15 11:10:38,948 INFO: Executing method 'search_process' from TransactionTrackerOperations
2018-11-15 11:10:38,966 INFO: Executing method 'select_customer' from TransactionTrackerOperations
2018-11-15 11:10:45,827 INFO: Executing method 'select_customer' from TransactionTrackerOperations
2018-11-15 11:11:02,344 INFO: Executing method 'search_process' from TransactionTrackerOperations
2018-11-15 11:11:02,360 INFO: Executing method 'select_customer' from TransactionTrackerOperations
2018-11-15 11:11:09,498 INFO: Executing method 'select_customer' from TransactionTrackerOperations
2018-11-15 11:11:25,469 INFO: Executing method 'search_process' from TransactionTrackerOperations
2018-11-15 11:11:25,697 INFO: Executing method 'select_customer' from TransactionTrackerOperations
2018-11-15 11:11:32,781 INFO: Executing method 'select_customer' from TransactionTrackerOperations
2018-11-15 11:11:56,951 INFO: Executing method 'search_process' from TransactionTrackerOperations
2018-11-15 11:11:56,970 INFO: Executing method 'select_customer' from TransactionTrackerOperations
2018-11-15 11:12:03,816 INFO: Executing method 'select_customer' from TransactionTrackerOperations
2018-11-15 11:12:33,216 INFO: Executing method 'search_process' from TransactionTrackerOperations
2018-11-15 11:12:33,281 INFO: Executing method 'select_customer' from TransactionTrackerOperations
2018-11-15 11:12:40,259 INFO: Executing method 'select_customer' from TransactionTrackerOperations
2018-11-15 11:12:54,726 INFO: Executing method 'search_process' from TransactionTrackerOperations
2018-11-15 11:12:54,787 INFO: Executing method 'select_customer' from TransactionTrackerOperations
2018-11-15 11:13:01,525 INFO: Executing method 'select_customer' from TransactionTrackerOperations
2018-11-15 11:13:23,260 INFO: Executing method 'search_process' from TransactionTrackerOperations
2018-11-15 11:13:23,662 INFO: Executing method 'select_customer' from TransactionTrackerOperations
2018-11-15 11:13:30,491 INFO: Executing method 'select_customer' from TransactionTrackerOperations
2018-11-15 11:13:53,028 INFO: Executing method 'search_process' from TransactionTrackerOperations
2018-11-15 11:13:53,092 INFO: Executing method 'select_customer' from TransactionTrackerOperations
2018-11-15 11:13:59,944 INFO: Executing method 'select_customer' from TransactionTrackerOperations
2018-11-15 11:14:14,038 INFO: Executing method 'search_process' from TransactionTrackerOperations
2018-11-15 11:14:14,406 INFO: Executing method 'select_customer' from TransactionTrackerOperations
2018-11-15 11:14:21,510 INFO: Executing method 'select_customer' from TransactionTrackerOperations
2018-11-15 11:14:50,678 INFO: Executing method 'search_process' from TransactionTrackerOperations
2018-11-15 11:14:50,698 INFO: Executing method 'select_customer' from TransactionTrackerOperations
2018-11-15 11:14:57,570 INFO: Executing method 'select_customer' from TransactionTrackerOperations
2018-11-15 11:16:01,242 INFO: Executing method 'search_process' from TransactionTrackerOperations
2018-11-15 11:16:01,713 INFO: Executing method 'select_customer' from TransactionTrackerOperations
2018-11-15 11:16:10,145 INFO: Executing method 'select_customer' from TransactionTrackerOperations
2018-11-15 11:16:32,660 INFO: Executing method 'search_process' from TransactionTrackerOperations
2018-11-15 11:16:32,834 INFO: Executing method 'select_customer' from TransactionTrackerOperations
2018-11-15 11:16:39,694 INFO: Executing method 'select_customer' from TransactionTrackerOperations
2018-11-15 11:17:34,967 INFO: Executing method 'search_process' from TransactionTrackerOperations
2018-11-15 11:17:34,985 INFO: Executing method 'select_customer' from TransactionTrackerOperations
2018-11-15 11:17:41,856 INFO: Executing method 'select_customer' from TransactionTrackerOperations
2018-11-15 11:17:56,352 INFO: Executing method 'search_process' from TransactionTrackerOperations
2018-11-15 11:17:56,367 INFO: Executing method 'select_customer' from TransactionTrackerOperations
2018-11-15 11:18:03,113 INFO: Executing method 'select_customer' from TransactionTrackerOperations
2018-11-15 11:18:16,609 INFO: Executing method 'search_process' from TransactionTrackerOperations
2018-11-15 11:18:16,797 INFO: Executing method 'select_customer' from TransactionTrackerOperations
2018-11-15 11:18:23,631 INFO: Executing method 'select_customer' from TransactionTrackerOperations
2018-11-15 11:18:38,403 INFO: Executing method 'search_process' from TransactionTrackerOperations
2018-11-15 11:18:38,427 INFO: Executing method 'select_customer' from TransactionTrackerOperations
2018-11-15 11:18:45,474 INFO: Executing method 'select_customer' from TransactionTrackerOperations
2018-11-15 11:19:06,094 INFO: Executing method 'search_process' from TransactionTrackerOperations
2018-11-15 11:19:06,426 INFO: Executing method 'select_customer' from TransactionTrackerOperations
2018-11-15 11:19:13,234 INFO: Executing method 'select_customer' from TransactionTrackerOperations
2018-11-15 11:19:45,155 INFO: Executing method 'search_process' from TransactionTrackerOperations
2018-11-15 11:19:45,173 INFO: Executing method 'select_customer' from TransactionTrackerOperations
2018-11-15 11:19:52,012 INFO: Executing method 'select_customer' from TransactionTrackerOperations
2018-11-15 11:20:25,370 INFO: Executing method 'search_process' from TransactionTrackerOperations
2018-11-15 11:20:25,566 INFO: Executing method 'select_customer' from TransactionTrackerOperations
2018-11-15 11:20:32,445 INFO: Executing method 'select_customer' from TransactionTrackerOperations
2018-11-15 11:20:54,430 INFO: Executing method 'search_process' from TransactionTrackerOperations
2018-11-15 11:20:54,561 INFO: Executing method 'select_customer' from TransactionTrackerOperations
2018-11-15 11:21:01,372 INFO: Executing method 'select_customer' from TransactionTrackerOperations
2018-11-15 11:21:47,573 INFO: Executing method 'search_process' from TransactionTrackerOperations
2018-11-15 11:21:47,708 INFO: Executing method 'select_customer' from TransactionTrackerOperations
2018-11-15 11:21:54,482 INFO: Executing method 'select_customer' from TransactionTrackerOperations
2018-11-15 11:22:07,590 INFO: Executing method 'search_process' from TransactionTrackerOperations
2018-11-15 11:22:07,607 INFO: Executing method 'select_customer' from TransactionTrackerOperations
2018-11-15 11:22:14,418 INFO: Executing method 'select_customer' from TransactionTrackerOperations
2018-11-15 11:22:33,855 INFO: Executing method 'search_process' from TransactionTrackerOperations
2018-11-15 11:22:33,872 INFO: Executing method 'select_customer' from TransactionTrackerOperations
2018-11-15 11:22:40,758 INFO: Executing method 'select_customer' from TransactionTrackerOperations
2018-11-15 11:23:04,174 INFO: Executing method 'search_process' from TransactionTrackerOperations
2018-11-15 11:23:04,349 INFO: Executing method 'select_customer' from TransactionTrackerOperations
2018-11-15 11:23:11,165 INFO: Executing method 'select_customer' from TransactionTrackerOperations
2018-11-15 11:23:25,091 INFO: Executing method 'search_process' from TransactionTrackerOperations
2018-11-15 11:23:25,382 INFO: Executing method 'select_customer' from TransactionTrackerOperations
2018-11-15 11:23:32,229 INFO: Executing method 'select_customer' from TransactionTrackerOperations
2018-11-15 11:23:46,434 INFO: Executing method 'search_process' from TransactionTrackerOperations
2018-11-15 11:23:46,454 INFO: Executing method 'select_customer' from TransactionTrackerOperations
2018-11-15 11:23:53,320 INFO: Executing method 'select_customer' from TransactionTrackerOperations
2018-11-15 11:24:07,729 INFO: Executing method 'search_process' from TransactionTrackerOperations
2018-11-15 11:24:07,808 INFO: Executing method 'select_customer' from TransactionTrackerOperations
2018-11-15 11:24:14,542 INFO: Executing method 'select_customer' from TransactionTrackerOperations
2018-11-15 11:24:35,709 INFO: Executing method 'search_process' from TransactionTrackerOperations
2018-11-15 11:24:35,728 INFO: Executing method 'select_customer' from TransactionTrackerOperations
2018-11-15 11:24:42,519 INFO: Executing method 'select_customer' from TransactionTrackerOperations
2018-11-15 11:25:09,984 INFO: Executing method 'search_process' from TransactionTrackerOperations
2018-11-15 11:25:10,009 INFO: Executing method 'select_customer' from TransactionTrackerOperations
2018-11-15 11:25:17,012 INFO: Executing method 'select_customer' from TransactionTrackerOperations
2018-11-15 11:25:30,888 INFO: Executing method 'search_process' from TransactionTrackerOperations
2018-11-15 11:25:30,902 INFO: Executing method 'select_customer' from TransactionTrackerOperations
2018-11-15 11:25:37,813 INFO: Executing method 'select_customer' from TransactionTrackerOperations
2018-11-15 11:25:51,650 INFO: Executing method 'search_process' from TransactionTrackerOperations
2018-11-15 11:25:51,740 INFO: Executing method 'select_customer' from TransactionTrackerOperations
2018-11-15 11:25:58,510 INFO: Executing method 'select_customer' from TransactionTrackerOperations
2018-11-15 11:26:23,513 INFO: Executing method 'search_process' from TransactionTrackerOperations
2018-11-15 11:26:23,535 INFO: Executing method 'select_customer' from TransactionTrackerOperations
2018-11-15 11:26:30,408 INFO: Executing method 'select_customer' from TransactionTrackerOperations
2018-11-15 11:26:44,292 INFO: Executing method 'search_process' from TransactionTrackerOperations
2018-11-15 11:26:44,309 INFO: Executing method 'select_customer' from TransactionTrackerOperations
2018-11-15 11:26:51,098 INFO: Executing method 'select_customer' from TransactionTrackerOperations
2018-11-15 11:27:05,109 INFO: Executing method 'search_process' from TransactionTrackerOperations
2018-11-15 11:27:05,124 INFO: Executing method 'select_customer' from TransactionTrackerOperations
2018-11-15 11:27:11,949 INFO: Executing method 'select_customer' from TransactionTrackerOperations
2018-11-15 11:27:34,926 INFO: Executing method 'search_process' from TransactionTrackerOperations
2018-11-15 11:27:35,067 INFO: Executing method 'select_customer' from TransactionTrackerOperations
2018-11-15 11:27:42,620 INFO: Executing method 'select_customer' from TransactionTrackerOperations
2018-11-15 11:27:56,629 INFO: Executing method 'search_process' from TransactionTrackerOperations
2018-11-15 11:27:56,666 INFO: Executing method 'select_customer' from TransactionTrackerOperations
2018-11-15 11:28:03,409 INFO: Executing method 'select_customer' from TransactionTrackerOperations
2018-11-15 11:28:17,656 INFO: Executing method 'search_process' from TransactionTrackerOperations
2018-11-15 11:28:17,669 INFO: Executing method 'select_customer' from TransactionTrackerOperations
2018-11-15 11:28:24,525 INFO: Executing method 'select_customer' from TransactionTrackerOperations
2018-11-15 11:28:38,809 INFO: Executing method 'search_process' from TransactionTrackerOperations
2018-11-15 11:28:38,825 INFO: Executing method 'select_customer' from TransactionTrackerOperations
2018-11-15 11:28:45,708 INFO: Executing method 'select_customer' from TransactionTrackerOperations
2018-11-15 11:29:00,083 INFO: Executing method 'search_process' from TransactionTrackerOperations
2018-11-15 11:29:00,101 INFO: Executing method 'select_customer' from TransactionTrackerOperations
2018-11-15 11:29:06,969 INFO: Executing method 'select_customer' from TransactionTrackerOperations
2018-11-15 11:29:21,703 INFO: Executing method 'search_process' from TransactionTrackerOperations
2018-11-15 11:29:21,767 INFO: Executing method 'select_customer' from TransactionTrackerOperations
2018-11-15 11:29:28,784 INFO: Executing method 'select_customer' from TransactionTrackerOperations
2018-11-15 11:29:43,395 INFO: Executing method 'search_process' from TransactionTrackerOperations
2018-11-15 11:29:43,410 INFO: Executing method 'select_customer' from TransactionTrackerOperations
2018-11-15 11:29:50,395 INFO: Executing method 'select_customer' from TransactionTrackerOperations
2018-11-15 11:30:05,116 INFO: Executing method 'search_process' from TransactionTrackerOperations
2018-11-15 11:30:05,131 INFO: Executing method 'select_customer' from TransactionTrackerOperations
2018-11-15 11:30:11,935 INFO: Executing method 'select_customer' from TransactionTrackerOperations
2018-11-15 11:30:33,255 INFO: Executing method 'search_process' from TransactionTrackerOperations
2018-11-15 11:30:33,272 INFO: Executing method 'select_customer' from TransactionTrackerOperations
2018-11-15 11:30:40,291 INFO: Executing method 'select_customer' from TransactionTrackerOperations
2018-11-15 11:30:54,327 INFO: Executing method 'search_process' from TransactionTrackerOperations
2018-11-15 11:30:54,377 INFO: Executing method 'select_customer' from TransactionTrackerOperations
2018-11-15 11:31:01,285 INFO: Executing method 'select_customer' from TransactionTrackerOperations
2018-11-15 11:31:15,717 INFO: Executing method 'search_process' from TransactionTrackerOperations
2018-11-15 11:31:15,738 INFO: Executing method 'select_customer' from TransactionTrackerOperations
2018-11-15 11:31:22,585 INFO: Executing method 'select_customer' from TransactionTrackerOperations
2018-11-15 11:31:36,658 INFO: Executing method 'search_process' from TransactionTrackerOperations
2018-11-15 11:31:36,691 INFO: Executing method 'select_customer' from TransactionTrackerOperations
2018-11-15 11:31:43,584 INFO: Executing method 'select_customer' from TransactionTrackerOperations
2018-11-15 11:31:58,031 INFO: Executing method 'search_process' from TransactionTrackerOperations
2018-11-15 11:31:58,122 INFO: Executing method 'select_customer' from TransactionTrackerOperations
2018-11-15 11:32:05,208 INFO: Executing method 'select_customer' from TransactionTrackerOperations
2018-11-15 11:32:19,776 INFO: Executing method 'search_process' from TransactionTrackerOperations
2018-11-15 11:32:19,830 INFO: Executing method 'select_customer' from TransactionTrackerOperations
2018-11-15 11:32:26,658 INFO: Executing method 'select_customer' from TransactionTrackerOperations
2018-11-15 11:32:40,419 INFO: Executing method 'search_process' from TransactionTrackerOperations
2018-11-15 11:32:40,648 INFO: Executing method 'select_customer' from TransactionTrackerOperations
2018-11-15 11:32:47,510 INFO: Executing method 'select_customer' from TransactionTrackerOperations
2018-11-15 11:33:08,887 INFO: Executing method 'search_process' from TransactionTrackerOperations
2018-11-15 11:33:09,210 INFO: Executing method 'select_customer' from TransactionTrackerOperations
2018-11-15 11:33:16,098 INFO: Executing method 'select_customer' from TransactionTrackerOperations
2018-11-15 11:33:30,676 INFO: Executing method 'search_process' from TransactionTrackerOperations
2018-11-15 11:33:31,050 INFO: Executing method 'select_customer' from TransactionTrackerOperations
2018-11-15 11:33:37,911 INFO: Executing method 'select_customer' from TransactionTrackerOperations
2018-11-15 11:33:51,958 INFO: Executing method 'search_process' from TransactionTrackerOperations
2018-11-15 11:33:51,997 INFO: Executing method 'select_customer' from TransactionTrackerOperations
2018-11-15 11:33:58,797 INFO: Executing method 'select_customer' from TransactionTrackerOperations
2018-11-15 11:34:12,492 INFO: Executing method 'search_process' from TransactionTrackerOperations
2018-11-15 11:34:12,572 INFO: Executing method 'select_customer' from TransactionTrackerOperations
2018-11-15 11:34:19,395 INFO: Executing method 'select_customer' from TransactionTrackerOperations
2018-11-15 11:34:34,096 INFO: Executing method 'search_process' from TransactionTrackerOperations
2018-11-15 11:34:34,234 INFO: Executing method 'select_customer' from TransactionTrackerOperations
2018-11-15 11:34:41,083 INFO: Executing method 'select_customer' from TransactionTrackerOperations
2018-11-15 11:35:23,151 INFO: Executing method 'search_process' from TransactionTrackerOperations
2018-11-15 11:35:23,257 INFO: Executing method 'select_customer' from TransactionTrackerOperations
2018-11-15 11:35:30,046 INFO: Executing method 'select_customer' from TransactionTrackerOperations
2018-11-15 11:35:47,348 INFO: Executing method 'search_process' from TransactionTrackerOperations
2018-11-15 11:35:47,371 INFO: Executing method 'select_customer' from TransactionTrackerOperations
2018-11-15 11:35:54,180 INFO: Executing method 'select_customer' from TransactionTrackerOperations
2018-11-15 11:36:08,043 INFO: Executing method 'search_process' from TransactionTrackerOperations
2018-11-15 11:36:08,276 INFO: Executing method 'select_customer' from TransactionTrackerOperations
2018-11-15 11:36:15,199 INFO: Executing method 'select_customer' from TransactionTrackerOperations
2018-11-15 11:36:41,807 INFO: Executing method 'search_process' from TransactionTrackerOperations
2018-11-15 11:36:41,821 INFO: Executing method 'select_customer' from TransactionTrackerOperations
2018-11-15 11:36:48,641 INFO: Executing method 'select_customer' from TransactionTrackerOperations
2018-11-15 11:37:02,769 INFO: Executing method 'search_process' from TransactionTrackerOperations
2018-11-15 11:37:02,789 INFO: Executing method 'select_customer' from TransactionTrackerOperations
2018-11-15 11:37:10,022 INFO: Executing method 'select_customer' from TransactionTrackerOperations
2018-11-15 11:37:29,205 INFO: Executing method 'search_process' from TransactionTrackerOperations
2018-11-15 11:37:29,224 INFO: Executing method 'select_customer' from TransactionTrackerOperations
2018-11-15 11:37:36,035 INFO: Executing method 'select_customer' from TransactionTrackerOperations
2018-11-15 11:38:02,179 INFO: Executing method 'search_process' from TransactionTrackerOperations
2018-11-15 11:38:02,449 INFO: Executing method 'select_customer' from TransactionTrackerOperations
2018-11-15 11:38:09,604 INFO: Executing method 'select_customer' from TransactionTrackerOperations
2018-11-15 11:39:00,635 INFO: Executing method 'search_process' from TransactionTrackerOperations
2018-11-15 11:39:00,906 INFO: Executing method 'select_customer' from TransactionTrackerOperations
2018-11-15 11:39:07,937 INFO: Executing method 'select_customer' from TransactionTrackerOperations
2018-11-15 11:39:21,891 INFO: Executing method 'search_process' from TransactionTrackerOperations
2018-11-15 11:39:21,907 INFO: Executing method 'select_customer' from TransactionTrackerOperations
2018-11-15 11:39:28,661 INFO: Executing method 'select_customer' from TransactionTrackerOperations
2018-11-15 11:39:42,588 INFO: Executing method 'search_process' from TransactionTrackerOperations
2018-11-15 11:39:42,604 INFO: Executing method 'select_customer' from TransactionTrackerOperations
2018-11-15 11:39:49,435 INFO: Executing method 'select_customer' from TransactionTrackerOperations
2018-11-15 11:40:24,828 INFO: Executing method 'search_process' from TransactionTrackerOperations
2018-11-15 11:40:24,912 INFO: Executing method 'select_customer' from TransactionTrackerOperations
2018-11-15 11:40:31,741 INFO: Executing method 'select_customer' from TransactionTrackerOperations
2018-11-15 11:40:46,326 INFO: Executing method 'search_process' from TransactionTrackerOperations
2018-11-15 11:40:46,626 INFO: Executing method 'select_customer' from TransactionTrackerOperations
2018-11-15 11:40:53,630 INFO: Executing method 'select_customer' from TransactionTrackerOperations
2018-11-15 11:41:07,845 INFO: Executing method 'search_process' from TransactionTrackerOperations
2018-11-15 11:41:07,861 INFO: Executing method 'select_customer' from TransactionTrackerOperations
2018-11-15 11:41:14,795 INFO: Executing method 'select_customer' from TransactionTrackerOperations
2018-11-15 11:41:29,264 INFO: Executing method 'search_process' from TransactionTrackerOperations
2018-11-15 11:41:29,282 INFO: Executing method 'select_customer' from TransactionTrackerOperations
2018-11-15 11:41:36,045 INFO: Executing method 'select_customer' from TransactionTrackerOperations
2018-11-15 11:42:03,259 INFO: Executing method 'search_process' from TransactionTrackerOperations
2018-11-15 11:42:03,509 INFO: Executing method 'select_customer' from TransactionTrackerOperations
2018-11-15 11:42:10,348 INFO: Executing method 'select_customer' from TransactionTrackerOperations
2018-11-15 11:42:24,463 INFO: Executing method 'search_process' from TransactionTrackerOperations
2018-11-15 11:42:24,481 INFO: Executing method 'select_customer' from TransactionTrackerOperations
2018-11-15 11:42:31,825 INFO: Executing method 'select_customer' from TransactionTrackerOperations
2018-11-15 11:43:16,129 INFO: Executing method 'search_process' from TransactionTrackerOperations
2018-11-15 11:43:16,148 INFO: Executing method 'select_customer' from TransactionTrackerOperations
2018-11-15 11:43:22,986 INFO: Executing method 'select_customer' from TransactionTrackerOperations
2018-11-15 11:44:09,158 INFO: Executing method 'search_process' from TransactionTrackerOperations
2018-11-15 11:44:09,175 INFO: Executing method 'select_customer' from TransactionTrackerOperations
2018-11-15 11:44:16,017 INFO: Executing method 'select_customer' from TransactionTrackerOperations
2018-11-15 11:44:30,156 INFO: Executing method 'search_process' from TransactionTrackerOperations
2018-11-15 11:44:30,264 INFO: Executing method 'select_customer' from TransactionTrackerOperations
2018-11-15 11:44:37,339 INFO: Executing method 'select_customer' from TransactionTrackerOperations
2018-11-15 11:46:43,378 INFO: Executing method 'search_process' from TransactionTrackerOperations
2018-11-15 11:46:43,405 INFO: Executing method 'select_customer' from TransactionTrackerOperations
2018-11-15 11:46:50,173 INFO: Executing method 'select_customer' from TransactionTrackerOperations
2018-11-15 11:47:03,973 INFO: Executing method 'search_process' from TransactionTrackerOperations
2018-11-15 11:47:03,991 INFO: Executing method 'select_customer' from TransactionTrackerOperations
2018-11-15 11:47:10,795 INFO: Executing method 'select_customer' from TransactionTrackerOperations
2018-11-15 11:47:34,538 INFO: Executing method 'search_process' from TransactionTrackerOperations
2018-11-15 11:47:34,555 INFO: Executing method 'select_customer' from TransactionTrackerOperations
2018-11-15 11:47:41,312 INFO: Executing method 'select_customer' from TransactionTrackerOperations
2018-11-15 11:48:21,742 INFO: Executing method 'search_process' from TransactionTrackerOperations
2018-11-15 11:48:21,757 INFO: Executing method 'select_customer' from TransactionTrackerOperations
2018-11-15 11:48:28,540 INFO: Executing method 'select_customer' from TransactionTrackerOperations
2018-11-15 11:49:17,787 INFO: Executing method 'search_process' from TransactionTrackerOperations
2018-11-15 11:49:17,803 INFO: Executing method 'select_customer' from TransactionTrackerOperations
2018-11-15 11:49:24,587 INFO: Executing method 'select_customer' from TransactionTrackerOperations
2018-11-15 11:49:38,203 INFO: Executing method 'search_process' from TransactionTrackerOperations
2018-11-15 11:49:38,216 INFO: Executing method 'select_customer' from TransactionTrackerOperations
2018-11-15 11:49:45,016 INFO: Executing method 'select_customer' from TransactionTrackerOperations
2018-11-15 11:49:59,033 INFO: Executing method 'search_process' from TransactionTrackerOperations
2018-11-15 11:49:59,051 INFO: Executing method 'select_customer' from TransactionTrackerOperations
2018-11-15 11:50:05,816 INFO: Executing method 'select_customer' from TransactionTrackerOperations
2018-11-15 18:56:00,666 INFO: Executing Script Credit Memo Prodution Data Monitoring
2018-11-15 18:56:08,154 INFO: Login in to Launchpad
2018-11-15 18:56:25,303 INFO: Refreshing access_token
2018-11-15 18:56:31,297 INFO: Executing method 'search_process' from TransactionTrackerOperations
2018-11-15 18:56:31,330 INFO: Executing method 'select_customer' from TransactionTrackerOperations
2018-11-15 18:56:38,205 INFO: Executing method 'select_customer' from TransactionTrackerOperations
2018-11-15 18:56:53,082 INFO: Executing method 'search_process' from TransactionTrackerOperations
2018-11-15 18:56:53,140 INFO: Executing method 'select_customer' from TransactionTrackerOperations
2018-11-15 18:57:00,022 INFO: Executing method 'select_customer' from TransactionTrackerOperations
2018-11-15 18:57:22,562 INFO: Executing method 'search_process' from TransactionTrackerOperations
2018-11-15 18:57:22,855 INFO: Executing method 'select_customer' from TransactionTrackerOperations
2018-11-15 18:57:29,674 INFO: Executing method 'select_customer' from TransactionTrackerOperations
