2018-10-24 12:54:24,832 INFO: Executing Script Credit Memo Prodution Data Monitoring
2018-10-24 12:54:32,991 INFO: Login in to Launchpad
2018-10-24 12:54:50,490 INFO: Refreshing access_token
2018-10-24 12:54:54,981 INFO: Executing method 'search_process' from TransactionTrackerOperations
2018-10-24 12:54:56,995 INFO: Executing method 'select_customer' from TransactionTrackerOperations
2018-10-24 12:55:05,767 INFO: Executing method 'select_customer' from TransactionTrackerOperations
2018-10-24 12:55:36,962 INFO: Executing method 'search_process' from TransactionTrackerOperations
2018-10-24 12:55:38,975 INFO: Executing method 'select_customer' from TransactionTrackerOperations
2018-10-24 12:55:47,635 INFO: Executing method 'select_customer' from TransactionTrackerOperations
2018-10-24 12:56:08,464 INFO: Executing method 'search_process' from TransactionTrackerOperations
2018-10-24 12:56:10,480 INFO: Executing method 'select_customer' from TransactionTrackerOperations
2018-10-24 12:56:19,107 INFO: Executing method 'select_customer' from TransactionTrackerOperations
2018-10-24 12:56:49,687 INFO: Executing method 'search_process' from TransactionTrackerOperations
2018-10-24 12:56:51,705 INFO: Executing method 'select_customer' from TransactionTrackerOperations
2018-10-24 12:57:00,323 INFO: Executing method 'select_customer' from TransactionTrackerOperations
2018-10-24 12:57:32,088 INFO: Executing method 'search_process' from TransactionTrackerOperations
2018-10-24 12:57:34,104 INFO: Executing method 'select_customer' from TransactionTrackerOperations
2018-10-24 12:57:42,954 INFO: Executing method 'select_customer' from TransactionTrackerOperations
2018-10-24 12:58:34,948 INFO: Executing method 'search_process' from TransactionTrackerOperations
2018-10-24 12:58:36,969 INFO: Executing method 'select_customer' from TransactionTrackerOperations
2018-10-24 12:58:45,779 INFO: Executing method 'select_customer' from TransactionTrackerOperations
2018-10-24 12:59:08,014 INFO: Executing method 'search_process' from TransactionTrackerOperations
2018-10-24 12:59:10,027 INFO: Executing method 'select_customer' from TransactionTrackerOperations
2018-10-24 12:59:18,698 INFO: Executing method 'select_customer' from TransactionTrackerOperations
2018-10-24 12:59:40,575 INFO: Executing method 'search_process' from TransactionTrackerOperations
2018-10-24 12:59:42,593 INFO: Executing method 'select_customer' from TransactionTrackerOperations
2018-10-24 12:59:51,349 INFO: Executing method 'select_customer' from TransactionTrackerOperations
2018-10-24 13:00:12,728 INFO: Executing method 'search_process' from TransactionTrackerOperations
2018-10-24 13:00:14,742 INFO: Executing method 'select_customer' from TransactionTrackerOperations
2018-10-24 13:00:23,458 INFO: Executing method 'select_customer' from TransactionTrackerOperations
2018-10-24 13:00:46,505 INFO: Executing method 'search_process' from TransactionTrackerOperations
2018-10-24 13:00:48,521 INFO: Executing method 'select_customer' from TransactionTrackerOperations
2018-10-24 13:00:57,420 INFO: Executing method 'select_customer' from TransactionTrackerOperations
2018-10-24 13:01:43,208 INFO: Executing method 'search_process' from TransactionTrackerOperations
2018-10-24 13:01:45,222 INFO: Executing method 'select_customer' from TransactionTrackerOperations
2018-10-24 13:01:53,887 INFO: Executing method 'select_customer' from TransactionTrackerOperations
2018-10-24 13:02:42,226 INFO: Executing method 'search_process' from TransactionTrackerOperations
2018-10-24 13:02:44,249 INFO: Executing method 'select_customer' from TransactionTrackerOperations
2018-10-24 13:02:52,902 INFO: Executing method 'select_customer' from TransactionTrackerOperations
2018-10-24 13:03:14,880 INFO: Executing method 'search_process' from TransactionTrackerOperations
2018-10-24 13:03:16,896 INFO: Executing method 'select_customer' from TransactionTrackerOperations
2018-10-24 13:03:25,604 INFO: Executing method 'select_customer' from TransactionTrackerOperations
2018-10-24 13:03:47,065 INFO: Executing method 'search_process' from TransactionTrackerOperations
2018-10-24 13:03:49,078 INFO: Executing method 'select_customer' from TransactionTrackerOperations
2018-10-24 13:03:57,724 INFO: Executing method 'select_customer' from TransactionTrackerOperations
2018-10-24 14:20:52,251 INFO: Executing Script Credit Memo Prodution Data Monitoring
2018-10-24 14:20:57,391 INFO: Login in to Launchpad
2018-10-24 14:21:13,705 INFO: Refreshing access_token
2018-10-24 14:21:24,107 INFO: Executing method 'search_process' from TransactionTrackerOperations
2018-10-24 14:21:26,137 INFO: Executing method 'select_customer' from TransactionTrackerOperations
2018-10-24 14:21:35,142 INFO: Executing method 'select_customer' from TransactionTrackerOperations
2018-10-24 14:21:57,412 INFO: Executing method 'search_process' from TransactionTrackerOperations
2018-10-24 14:21:59,431 INFO: Executing method 'select_customer' from TransactionTrackerOperations
2018-10-24 14:22:08,521 INFO: Executing method 'select_customer' from TransactionTrackerOperations
2018-10-24 14:22:40,504 INFO: Executing method 'search_process' from TransactionTrackerOperations
2018-10-24 14:22:42,522 INFO: Executing method 'select_customer' from TransactionTrackerOperations
2018-10-24 14:22:51,442 INFO: Executing method 'select_customer' from TransactionTrackerOperations
2018-10-24 14:23:21,715 INFO: Executing method 'search_process' from TransactionTrackerOperations
2018-10-24 14:23:23,732 INFO: Executing method 'select_customer' from TransactionTrackerOperations
2018-10-24 14:23:33,012 INFO: Executing method 'select_customer' from TransactionTrackerOperations
2018-10-24 14:24:16,422 INFO: Executing method 'search_process' from TransactionTrackerOperations
2018-10-24 14:24:18,440 INFO: Executing method 'select_customer' from TransactionTrackerOperations
2018-10-24 14:24:27,442 INFO: Executing method 'select_customer' from TransactionTrackerOperations
2018-10-24 14:24:49,467 INFO: Executing method 'search_process' from TransactionTrackerOperations
2018-10-24 14:24:51,495 INFO: Executing method 'select_customer' from TransactionTrackerOperations
2018-10-24 14:25:00,326 INFO: Executing method 'select_customer' from TransactionTrackerOperations
2018-10-24 14:25:48,127 INFO: Executing method 'search_process' from TransactionTrackerOperations
2018-10-24 14:25:50,143 INFO: Executing method 'select_customer' from TransactionTrackerOperations
2018-10-24 14:25:58,788 INFO: Executing method 'select_customer' from TransactionTrackerOperations
2018-10-24 14:26:21,005 INFO: Executing method 'search_process' from TransactionTrackerOperations
2018-10-24 14:26:23,017 INFO: Executing method 'select_customer' from TransactionTrackerOperations
2018-10-24 14:26:32,252 INFO: Executing method 'select_customer' from TransactionTrackerOperations
2018-10-24 14:26:54,201 INFO: Executing method 'search_process' from TransactionTrackerOperations
2018-10-24 14:26:56,222 INFO: Executing method 'select_customer' from TransactionTrackerOperations
2018-10-24 14:27:05,319 INFO: Executing method 'select_customer' from TransactionTrackerOperations
2018-10-24 14:27:43,259 INFO: Executing method 'search_process' from TransactionTrackerOperations
2018-10-24 14:27:45,275 INFO: Executing method 'select_customer' from TransactionTrackerOperations
2018-10-24 14:27:54,385 INFO: Executing method 'select_customer' from TransactionTrackerOperations
2018-10-24 14:28:32,092 INFO: Executing method 'search_process' from TransactionTrackerOperations
2018-10-24 14:28:34,114 INFO: Executing method 'select_customer' from TransactionTrackerOperations
2018-10-24 14:28:43,471 INFO: Executing method 'select_customer' from TransactionTrackerOperations
2018-10-24 14:29:05,832 INFO: Executing method 'search_process' from TransactionTrackerOperations
2018-10-24 14:29:07,857 INFO: Executing method 'select_customer' from TransactionTrackerOperations
2018-10-24 14:29:16,907 INFO: Executing method 'select_customer' from TransactionTrackerOperations
2018-10-24 14:29:38,988 INFO: Executing method 'search_process' from TransactionTrackerOperations
2018-10-24 14:29:41,035 INFO: Executing method 'select_customer' from TransactionTrackerOperations
2018-10-24 14:29:50,300 INFO: Executing method 'select_customer' from TransactionTrackerOperations
2018-10-24 14:30:48,890 INFO: Executing method 'search_process' from TransactionTrackerOperations
2018-10-24 14:30:50,930 INFO: Executing method 'select_customer' from TransactionTrackerOperations
2018-10-24 14:30:59,942 INFO: Executing method 'select_customer' from TransactionTrackerOperations
2018-10-24 14:31:22,349 INFO: Executing method 'search_process' from TransactionTrackerOperations
2018-10-24 14:31:24,377 INFO: Executing method 'select_customer' from TransactionTrackerOperations
2018-10-24 14:31:33,577 INFO: Executing method 'select_customer' from TransactionTrackerOperations
2018-10-24 14:32:05,718 INFO: Executing method 'search_process' from TransactionTrackerOperations
2018-10-24 14:32:07,735 INFO: Executing method 'select_customer' from TransactionTrackerOperations
2018-10-24 14:32:16,951 INFO: Executing method 'select_customer' from TransactionTrackerOperations
2018-10-24 14:32:44,641 INFO: Executing method 'search_process' from TransactionTrackerOperations
2018-10-24 14:32:46,665 INFO: Executing method 'select_customer' from TransactionTrackerOperations
2018-10-24 14:32:56,119 INFO: Executing method 'select_customer' from TransactionTrackerOperations
2018-10-24 14:33:23,998 INFO: Executing method 'search_process' from TransactionTrackerOperations
2018-10-24 14:33:26,024 INFO: Executing method 'select_customer' from TransactionTrackerOperations
2018-10-24 14:33:35,138 INFO: Executing method 'select_customer' from TransactionTrackerOperations
2018-10-24 14:34:07,122 INFO: Executing method 'search_process' from TransactionTrackerOperations
2018-10-24 14:34:09,138 INFO: Executing method 'select_customer' from TransactionTrackerOperations
2018-10-24 14:34:18,532 INFO: Executing method 'select_customer' from TransactionTrackerOperations
2018-10-24 14:34:50,400 INFO: Executing method 'search_process' from TransactionTrackerOperations
2018-10-24 14:34:52,413 INFO: Executing method 'select_customer' from TransactionTrackerOperations
2018-10-24 14:35:01,484 INFO: Executing method 'select_customer' from TransactionTrackerOperations
2018-10-24 14:35:23,138 INFO: Executing method 'search_process' from TransactionTrackerOperations
2018-10-24 14:35:25,159 INFO: Executing method 'select_customer' from TransactionTrackerOperations
2018-10-24 14:35:34,434 INFO: Executing method 'select_customer' from TransactionTrackerOperations
2018-10-24 14:36:03,460 INFO: Executing method 'search_process' from TransactionTrackerOperations
2018-10-24 14:36:05,480 INFO: Executing method 'select_customer' from TransactionTrackerOperations
2018-10-24 14:36:14,438 INFO: Executing method 'select_customer' from TransactionTrackerOperations
2018-10-24 14:36:45,824 INFO: Executing method 'search_process' from TransactionTrackerOperations
2018-10-24 14:36:47,841 INFO: Executing method 'select_customer' from TransactionTrackerOperations
2018-10-24 14:36:56,981 INFO: Executing method 'select_customer' from TransactionTrackerOperations
2018-10-24 14:37:29,677 INFO: Executing method 'search_process' from TransactionTrackerOperations
2018-10-24 14:37:31,697 INFO: Executing method 'select_customer' from TransactionTrackerOperations
2018-10-24 14:37:46,370 INFO: Executing method 'select_customer' from TransactionTrackerOperations
2018-10-24 14:39:03,975 INFO: Executing method 'search_process' from TransactionTrackerOperations
2018-10-24 14:39:06,000 INFO: Executing method 'select_customer' from TransactionTrackerOperations
2018-10-24 14:39:19,879 INFO: Executing method 'select_customer' from TransactionTrackerOperations
2018-10-24 14:40:25,739 INFO: Executing method 'search_process' from TransactionTrackerOperations
2018-10-24 14:40:27,756 INFO: Executing method 'select_customer' from TransactionTrackerOperations
2018-10-24 14:40:41,919 INFO: Executing method 'select_customer' from TransactionTrackerOperations
2018-10-24 14:41:32,411 INFO: Executing method 'search_process' from TransactionTrackerOperations
2018-10-24 14:41:34,430 INFO: Executing method 'select_customer' from TransactionTrackerOperations
2018-10-24 14:41:48,240 INFO: Executing method 'select_customer' from TransactionTrackerOperations
2018-10-24 14:42:31,487 INFO: Executing method 'search_process' from TransactionTrackerOperations
2018-10-24 14:42:33,509 INFO: Executing method 'select_customer' from TransactionTrackerOperations
2018-10-24 14:42:48,070 INFO: Executing method 'select_customer' from TransactionTrackerOperations
2018-10-24 14:43:25,246 INFO: Executing method 'search_process' from TransactionTrackerOperations
2018-10-24 14:43:27,289 INFO: Executing method 'select_customer' from TransactionTrackerOperations
2018-10-24 14:43:41,621 INFO: Executing method 'select_customer' from TransactionTrackerOperations
2018-10-24 14:44:18,328 INFO: Executing method 'search_process' from TransactionTrackerOperations
2018-10-24 14:44:20,345 INFO: Executing method 'select_customer' from TransactionTrackerOperations
2018-10-24 14:44:34,841 INFO: Executing method 'select_customer' from TransactionTrackerOperations
2018-10-24 14:45:12,597 INFO: Executing method 'search_process' from TransactionTrackerOperations
2018-10-24 14:45:14,619 INFO: Executing method 'select_customer' from TransactionTrackerOperations
2018-10-24 14:45:28,941 INFO: Executing method 'select_customer' from TransactionTrackerOperations
2018-10-24 14:46:21,976 INFO: Executing method 'search_process' from TransactionTrackerOperations
2018-10-24 14:46:24,000 INFO: Executing method 'select_customer' from TransactionTrackerOperations
2018-10-24 14:46:37,996 INFO: Executing method 'select_customer' from TransactionTrackerOperations
2018-10-24 14:48:05,016 INFO: Executing method 'search_process' from TransactionTrackerOperations
2018-10-24 14:48:07,037 INFO: Executing method 'select_customer' from TransactionTrackerOperations
2018-10-24 14:48:21,346 INFO: Executing method 'select_customer' from TransactionTrackerOperations
2018-10-24 14:50:00,271 INFO: Executing method 'search_process' from TransactionTrackerOperations
2018-10-24 14:50:02,312 INFO: Executing method 'select_customer' from TransactionTrackerOperations
2018-10-24 14:50:11,008 INFO: Executing method 'select_customer' from TransactionTrackerOperations
2018-10-24 15:44:02,925 INFO: Executing Script Credit Memo Prodution Data Monitoring
2018-10-24 15:44:06,803 INFO: Login in to Launchpad
2018-10-24 15:44:21,416 INFO: Refreshing access_token
2018-10-24 15:44:25,588 INFO: Executing method 'search_process' from TransactionTrackerOperations
2018-10-24 15:44:27,613 INFO: Executing method 'select_customer' from TransactionTrackerOperations
2018-10-24 15:44:36,912 INFO: Executing method 'select_customer' from TransactionTrackerOperations
2018-10-24 15:45:35,222 INFO: Executing method 'search_process' from TransactionTrackerOperations
2018-10-24 15:45:37,239 INFO: Executing method 'select_customer' from TransactionTrackerOperations
2018-10-24 15:45:46,433 INFO: Executing method 'select_customer' from TransactionTrackerOperations
2018-10-24 15:46:53,787 INFO: Executing method 'search_process' from TransactionTrackerOperations
2018-10-24 15:46:55,805 INFO: Executing method 'select_customer' from TransactionTrackerOperations
2018-10-24 15:47:04,929 INFO: Executing method 'select_customer' from TransactionTrackerOperations
2018-10-24 15:47:34,442 INFO: Executing method 'search_process' from TransactionTrackerOperations
2018-10-24 15:47:36,460 INFO: Executing method 'select_customer' from TransactionTrackerOperations
2018-10-24 15:47:45,760 INFO: Executing method 'select_customer' from TransactionTrackerOperations
2018-10-24 15:48:16,621 INFO: Executing method 'search_process' from TransactionTrackerOperations
2018-10-24 15:48:18,640 INFO: Executing method 'select_customer' from TransactionTrackerOperations
2018-10-24 15:48:27,681 INFO: Executing method 'select_customer' from TransactionTrackerOperations
2018-10-24 15:48:49,881 INFO: Executing method 'search_process' from TransactionTrackerOperations
2018-10-24 15:48:51,906 INFO: Executing method 'select_customer' from TransactionTrackerOperations
2018-10-24 15:49:05,978 INFO: Executing method 'select_customer' from TransactionTrackerOperations
2018-10-24 15:53:37,522 INFO: Executing method 'search_process' from TransactionTrackerOperations
2018-10-24 15:53:39,541 INFO: Executing method 'select_customer' from TransactionTrackerOperations
2018-10-24 15:53:53,711 INFO: Executing method 'select_customer' from TransactionTrackerOperations
2018-10-24 15:54:48,997 INFO: Executing method 'search_process' from TransactionTrackerOperations
2018-10-24 15:54:51,022 INFO: Executing method 'select_customer' from TransactionTrackerOperations
2018-10-24 15:55:05,133 INFO: Executing method 'select_customer' from TransactionTrackerOperations
2018-10-24 15:56:06,616 INFO: Executing method 'search_process' from TransactionTrackerOperations
2018-10-24 15:56:08,629 INFO: Executing method 'select_customer' from TransactionTrackerOperations
2018-10-24 15:56:22,621 INFO: Executing method 'select_customer' from TransactionTrackerOperations
2018-10-24 15:57:40,781 INFO: Executing method 'search_process' from TransactionTrackerOperations
2018-10-24 15:57:42,799 INFO: Executing method 'select_customer' from TransactionTrackerOperations
2018-10-24 15:57:57,009 INFO: Executing method 'select_customer' from TransactionTrackerOperations
2018-10-24 15:58:33,969 INFO: Executing method 'search_process' from TransactionTrackerOperations
2018-10-24 15:58:35,993 INFO: Executing method 'select_customer' from TransactionTrackerOperations
2018-10-24 15:58:50,453 INFO: Executing method 'select_customer' from TransactionTrackerOperations
2018-10-24 16:01:29,807 INFO: Executing method 'search_process' from TransactionTrackerOperations
2018-10-24 16:01:31,824 INFO: Executing method 'select_customer' from TransactionTrackerOperations
2018-10-24 16:01:46,251 INFO: Executing method 'select_customer' from TransactionTrackerOperations
2018-10-24 16:02:38,823 INFO: Executing method 'search_process' from TransactionTrackerOperations
2018-10-24 16:02:40,841 INFO: Executing method 'select_customer' from TransactionTrackerOperations
2018-10-24 16:02:55,116 INFO: Executing method 'select_customer' from TransactionTrackerOperations
2018-10-24 16:11:16,445 INFO: Executing method 'search_process' from TransactionTrackerOperations
2018-10-24 16:11:18,464 INFO: Executing method 'select_customer' from TransactionTrackerOperations
2018-10-24 16:11:32,641 INFO: Executing method 'select_customer' from TransactionTrackerOperations
2018-10-24 16:13:14,138 INFO: Executing method 'search_process' from TransactionTrackerOperations
2018-10-24 16:13:16,153 INFO: Executing method 'select_customer' from TransactionTrackerOperations
2018-10-24 16:13:30,233 INFO: Executing method 'select_customer' from TransactionTrackerOperations
2018-10-24 16:14:42,505 INFO: Executing method 'search_process' from TransactionTrackerOperations
2018-10-24 16:14:44,536 INFO: Executing method 'select_customer' from TransactionTrackerOperations
2018-10-24 16:14:58,689 INFO: Executing method 'select_customer' from TransactionTrackerOperations
2018-10-24 16:54:09,173 INFO: Executing Script Credit Memo Prodution Data Monitoring
2018-10-24 16:54:13,062 INFO: Login in to Launchpad
2018-10-24 16:54:31,526 INFO: Refreshing access_token
2018-10-24 16:54:36,197 INFO: Executing method 'search_process' from TransactionTrackerOperations
2018-10-24 16:54:38,209 INFO: Executing method 'select_customer' from TransactionTrackerOperations
2018-10-24 16:54:47,354 INFO: Executing method 'select_customer' from TransactionTrackerOperations
2018-10-24 16:55:24,564 INFO: Executing method 'search_process' from TransactionTrackerOperations
2018-10-24 16:55:26,583 INFO: Executing method 'select_customer' from TransactionTrackerOperations
2018-10-24 16:55:35,688 INFO: Executing method 'select_customer' from TransactionTrackerOperations
2018-10-24 16:56:38,823 INFO: Executing method 'search_process' from TransactionTrackerOperations
2018-10-24 16:56:40,840 INFO: Executing method 'select_customer' from TransactionTrackerOperations
2018-10-24 16:56:49,877 INFO: Executing method 'select_customer' from TransactionTrackerOperations
2018-10-24 16:57:12,621 INFO: Executing method 'search_process' from TransactionTrackerOperations
2018-10-24 16:57:14,644 INFO: Executing method 'select_customer' from TransactionTrackerOperations
2018-10-24 16:57:23,864 INFO: Executing method 'select_customer' from TransactionTrackerOperations
2018-10-24 16:57:45,552 INFO: Executing method 'search_process' from TransactionTrackerOperations
2018-10-24 16:57:47,571 INFO: Executing method 'select_customer' from TransactionTrackerOperations
2018-10-24 16:57:56,688 INFO: Executing method 'select_customer' from TransactionTrackerOperations
2018-10-24 16:59:09,001 INFO: Executing method 'search_process' from TransactionTrackerOperations
2018-10-24 16:59:11,029 INFO: Executing method 'select_customer' from TransactionTrackerOperations
2018-10-24 16:59:20,581 INFO: Executing method 'select_customer' from TransactionTrackerOperations
