2018-09-27 11:28:54,415 INFO: Executing Script Prodution Data Monitoring
2018-09-27 11:28:59,546 INFO: Login in to Launchpad
2018-09-27 11:29:18,123 INFO: Refreshing access_token
2018-09-27 11:29:22,711 INFO: Executing method 'search_process' from TransactionTrackerOperations
2018-09-27 11:29:22,727 INFO: Executing method 'select_customer' from TransactionTrackerOperations
2018-09-27 11:29:29,517 INFO: Executing method 'select_customer' from TransactionTrackerOperations
2018-09-27 12:13:17,309 INFO: Executing Script Prodution Data Monitoring
2018-09-27 12:13:20,079 INFO: Login in to Launchpad
2018-09-27 12:13:39,238 INFO: Refreshing access_token
2018-09-27 12:13:42,716 INFO: Executing method 'search_process' from TransactionTrackerOperations
2018-09-27 12:13:42,983 INFO: Executing method 'select_customer' from TransactionTrackerOperations
2018-09-27 12:13:50,301 INFO: Executing method 'select_customer' from TransactionTrackerOperations
2018-09-27 12:14:12,907 INFO: Executing method 'get_parcel' from TransactionTrackerOperations
2018-09-27 12:15:56,771 INFO: Executing Script Prodution Data Monitoring
2018-09-27 12:15:59,439 INFO: Login in to Launchpad
2018-09-27 12:16:18,507 INFO: Refreshing access_token
2018-09-27 12:16:21,960 INFO: Executing method 'search_process' from TransactionTrackerOperations
2018-09-27 12:16:21,984 INFO: Executing method 'select_customer' from TransactionTrackerOperations
2018-09-27 12:16:29,260 INFO: Executing method 'select_customer' from TransactionTrackerOperations
2018-09-27 12:16:51,455 INFO: Executing method 'get_parcel' from TransactionTrackerOperations
2018-09-27 12:16:59,182 INFO: Executing method 'search_process' from TransactionTrackerOperations
2018-09-27 12:16:59,215 INFO: Executing method 'select_customer' from TransactionTrackerOperations
2018-09-27 12:17:06,503 INFO: Executing method 'select_customer' from TransactionTrackerOperations
2018-09-27 12:17:29,341 INFO: Executing method 'get_parcel' from TransactionTrackerOperations
2018-09-27 12:17:36,649 INFO: Executing method 'search_process' from TransactionTrackerOperations
2018-09-27 12:17:36,686 INFO: Executing method 'select_customer' from TransactionTrackerOperations
2018-09-27 12:17:43,734 INFO: Executing method 'select_customer' from TransactionTrackerOperations
2018-09-27 12:18:06,641 INFO: Executing method 'get_parcel' from TransactionTrackerOperations
2018-09-27 12:18:14,880 INFO: Executing method 'search_process' from TransactionTrackerOperations
2018-09-27 12:18:14,911 INFO: Executing method 'select_customer' from TransactionTrackerOperations
2018-09-27 12:18:21,677 INFO: Executing method 'select_customer' from TransactionTrackerOperations
2018-09-27 12:18:44,328 INFO: Executing method 'get_parcel' from TransactionTrackerOperations
2018-09-27 12:31:58,145 INFO: Executing Script Prodution Data Monitoring
2018-09-27 12:32:00,610 INFO: Login in to Launchpad
2018-09-27 12:32:16,788 INFO: Refreshing access_token
2018-09-27 12:32:20,236 INFO: Executing method 'search_process' from TransactionTrackerOperations
2018-09-27 12:32:20,424 INFO: Executing method 'select_customer' from TransactionTrackerOperations
2018-09-27 12:32:27,632 INFO: Executing method 'select_customer' from TransactionTrackerOperations
2018-09-27 12:32:49,869 INFO: Executing method 'get_parcel' from TransactionTrackerOperations
2018-09-27 12:32:56,895 INFO: Executing method 'search_process' from TransactionTrackerOperations
2018-09-27 12:32:56,919 INFO: Executing method 'select_customer' from TransactionTrackerOperations
2018-09-27 12:33:03,805 INFO: Executing method 'select_customer' from TransactionTrackerOperations
2018-09-27 12:33:26,081 INFO: Executing method 'get_parcel' from TransactionTrackerOperations
2018-09-27 12:36:34,611 INFO: Executing Script Prodution Data Monitoring
2018-09-27 12:36:37,213 INFO: Login in to Launchpad
2018-09-27 12:36:52,049 INFO: Refreshing access_token
2018-09-27 12:36:55,363 INFO: Executing method 'search_process' from TransactionTrackerOperations
2018-09-27 12:36:55,402 INFO: Executing method 'select_customer' from TransactionTrackerOperations
2018-09-27 12:37:02,788 INFO: Executing method 'select_customer' from TransactionTrackerOperations
2018-09-27 12:37:25,178 INFO: Executing method 'get_parcel' from TransactionTrackerOperations
2018-09-27 12:37:33,649 INFO: Executing method 'search_process' from TransactionTrackerOperations
2018-09-27 12:37:33,687 INFO: Executing method 'select_customer' from TransactionTrackerOperations
2018-09-27 12:37:40,792 INFO: Executing method 'select_customer' from TransactionTrackerOperations
2018-09-27 12:38:03,752 INFO: Executing method 'get_parcel' from TransactionTrackerOperations
2018-09-27 12:38:10,868 INFO: Executing method 'search_process' from TransactionTrackerOperations
2018-09-27 12:38:10,906 INFO: Executing method 'select_customer' from TransactionTrackerOperations
2018-09-27 12:38:18,123 INFO: Executing method 'select_customer' from TransactionTrackerOperations
2018-09-27 12:38:40,677 INFO: Executing method 'get_parcel' from TransactionTrackerOperations
2018-09-27 12:38:48,781 INFO: Executing method 'search_process' from TransactionTrackerOperations
2018-09-27 12:38:48,819 INFO: Executing method 'select_customer' from TransactionTrackerOperations
2018-09-27 12:38:56,094 INFO: Executing method 'select_customer' from TransactionTrackerOperations
2018-09-27 12:39:19,079 INFO: Executing method 'get_parcel' from TransactionTrackerOperations
2018-09-27 12:39:28,573 INFO: Executing method 'search_process' from TransactionTrackerOperations
2018-09-27 12:39:28,618 INFO: Executing method 'select_customer' from TransactionTrackerOperations
2018-09-27 12:39:36,132 INFO: Executing method 'select_customer' from TransactionTrackerOperations
2018-09-27 12:39:58,519 INFO: Executing method 'get_parcel' from TransactionTrackerOperations
2018-09-27 12:40:07,125 INFO: Executing method 'search_process' from TransactionTrackerOperations
2018-09-27 12:40:07,170 INFO: Executing method 'select_customer' from TransactionTrackerOperations
2018-09-27 12:40:14,114 INFO: Executing method 'select_customer' from TransactionTrackerOperations
2018-09-27 12:40:37,476 INFO: Executing method 'get_parcel' from TransactionTrackerOperations
2018-09-27 12:40:44,711 INFO: Executing method 'search_process' from TransactionTrackerOperations
2018-09-27 12:40:44,752 INFO: Executing method 'select_customer' from TransactionTrackerOperations
2018-09-27 12:40:51,719 INFO: Executing method 'select_customer' from TransactionTrackerOperations
2018-09-27 12:41:14,663 INFO: Executing method 'get_parcel' from TransactionTrackerOperations
2018-09-27 12:41:22,923 INFO: Executing method 'search_process' from TransactionTrackerOperations
2018-09-27 12:41:22,961 INFO: Executing method 'select_customer' from TransactionTrackerOperations
2018-09-27 12:41:30,280 INFO: Executing method 'select_customer' from TransactionTrackerOperations
2018-09-27 12:41:53,258 INFO: Executing method 'get_parcel' from TransactionTrackerOperations
2018-09-27 12:42:00,365 INFO: Executing method 'search_process' from TransactionTrackerOperations
2018-09-27 12:42:00,400 INFO: Executing method 'select_customer' from TransactionTrackerOperations
2018-09-27 12:42:07,671 INFO: Executing method 'select_customer' from TransactionTrackerOperations
2018-09-27 12:42:30,294 INFO: Executing method 'get_parcel' from TransactionTrackerOperations
2018-09-27 12:42:36,806 INFO: Executing method 'search_process' from TransactionTrackerOperations
2018-09-27 12:42:36,848 INFO: Executing method 'select_customer' from TransactionTrackerOperations
2018-09-27 12:42:44,243 INFO: Executing method 'select_customer' from TransactionTrackerOperations
2018-09-27 12:43:07,403 INFO: Executing method 'get_parcel' from TransactionTrackerOperations
2018-09-27 12:43:16,391 INFO: Executing method 'search_process' from TransactionTrackerOperations
2018-09-27 12:43:16,432 INFO: Executing method 'select_customer' from TransactionTrackerOperations
2018-09-27 12:43:23,337 INFO: Executing method 'select_customer' from TransactionTrackerOperations
2018-09-27 12:43:46,721 INFO: Executing method 'get_parcel' from TransactionTrackerOperations
2018-09-27 12:43:55,421 INFO: Executing method 'search_process' from TransactionTrackerOperations
2018-09-27 12:43:55,462 INFO: Executing method 'select_customer' from TransactionTrackerOperations
2018-09-27 12:44:02,618 INFO: Executing method 'select_customer' from TransactionTrackerOperations
2018-09-27 12:44:26,103 INFO: Executing method 'get_parcel' from TransactionTrackerOperations
2018-09-27 12:44:33,193 INFO: Executing method 'search_process' from TransactionTrackerOperations
2018-09-27 12:44:33,236 INFO: Executing method 'select_customer' from TransactionTrackerOperations
2018-09-27 12:44:40,555 INFO: Executing method 'select_customer' from TransactionTrackerOperations
2018-09-27 12:45:03,204 INFO: Executing method 'get_parcel' from TransactionTrackerOperations
2018-09-27 12:45:10,333 INFO: Executing method 'search_process' from TransactionTrackerOperations
2018-09-27 12:45:10,376 INFO: Executing method 'select_customer' from TransactionTrackerOperations
2018-09-27 12:45:17,798 INFO: Executing method 'select_customer' from TransactionTrackerOperations
2018-09-27 12:45:40,034 INFO: Executing method 'get_parcel' from TransactionTrackerOperations
2018-09-27 12:45:48,453 INFO: Executing method 'search_process' from TransactionTrackerOperations
2018-09-27 12:45:48,484 INFO: Executing method 'select_customer' from TransactionTrackerOperations
2018-09-27 12:45:55,311 INFO: Executing method 'select_customer' from TransactionTrackerOperations
2018-09-27 12:46:17,758 INFO: Executing method 'get_parcel' from TransactionTrackerOperations
2018-09-27 12:46:24,932 INFO: Executing method 'search_process' from TransactionTrackerOperations
2018-09-27 12:46:24,975 INFO: Executing method 'select_customer' from TransactionTrackerOperations
2018-09-27 12:46:32,068 INFO: Executing method 'select_customer' from TransactionTrackerOperations
2018-09-27 12:46:54,648 INFO: Executing method 'get_parcel' from TransactionTrackerOperations
2018-09-27 12:47:03,429 INFO: Executing method 'search_process' from TransactionTrackerOperations
2018-09-27 12:47:03,476 INFO: Executing method 'select_customer' from TransactionTrackerOperations
2018-09-27 12:47:10,441 INFO: Executing method 'select_customer' from TransactionTrackerOperations
2018-09-27 12:47:33,041 INFO: Executing method 'get_parcel' from TransactionTrackerOperations
2018-09-27 12:47:39,633 INFO: Executing method 'search_process' from TransactionTrackerOperations
2018-09-27 12:47:39,668 INFO: Executing method 'select_customer' from TransactionTrackerOperations
2018-09-27 12:47:46,782 INFO: Executing method 'select_customer' from TransactionTrackerOperations
2018-09-27 12:48:09,243 INFO: Executing method 'get_parcel' from TransactionTrackerOperations
2018-09-27 12:48:16,597 INFO: Executing method 'search_process' from TransactionTrackerOperations
2018-09-27 12:48:16,644 INFO: Executing method 'select_customer' from TransactionTrackerOperations
2018-09-27 12:48:24,202 INFO: Executing method 'select_customer' from TransactionTrackerOperations
2018-09-27 12:48:47,302 INFO: Executing method 'get_parcel' from TransactionTrackerOperations
2018-09-27 12:48:56,131 INFO: Executing method 'search_process' from TransactionTrackerOperations
2018-09-27 12:48:56,145 INFO: Executing method 'select_customer' from TransactionTrackerOperations
2018-09-27 12:49:02,953 INFO: Executing method 'select_customer' from TransactionTrackerOperations
2018-09-27 12:49:25,224 INFO: Executing method 'get_parcel' from TransactionTrackerOperations
2018-09-27 12:49:34,110 INFO: Executing method 'search_process' from TransactionTrackerOperations
2018-09-27 12:49:34,152 INFO: Executing method 'select_customer' from TransactionTrackerOperations
2018-09-27 12:49:41,364 INFO: Executing method 'select_customer' from TransactionTrackerOperations
2018-09-27 12:50:03,897 INFO: Executing method 'get_parcel' from TransactionTrackerOperations
2018-09-27 12:50:11,579 INFO: Executing method 'search_process' from TransactionTrackerOperations
2018-09-27 12:50:11,621 INFO: Executing method 'select_customer' from TransactionTrackerOperations
2018-09-27 12:50:19,099 INFO: Executing method 'select_customer' from TransactionTrackerOperations
2018-09-27 12:50:42,507 INFO: Executing method 'get_parcel' from TransactionTrackerOperations
2018-09-27 12:50:50,759 INFO: Executing method 'search_process' from TransactionTrackerOperations
2018-09-27 12:50:50,794 INFO: Executing method 'select_customer' from TransactionTrackerOperations
2018-09-27 12:50:57,903 INFO: Executing method 'select_customer' from TransactionTrackerOperations
2018-09-27 12:51:20,974 INFO: Executing method 'get_parcel' from TransactionTrackerOperations
2018-09-27 12:51:29,527 INFO: Executing method 'search_process' from TransactionTrackerOperations
2018-09-27 12:51:29,568 INFO: Executing method 'select_customer' from TransactionTrackerOperations
2018-09-27 12:51:36,616 INFO: Executing method 'select_customer' from TransactionTrackerOperations
2018-09-27 12:52:00,308 INFO: Executing method 'get_parcel' from TransactionTrackerOperations
2018-09-27 12:52:07,446 INFO: Executing method 'search_process' from TransactionTrackerOperations
2018-09-27 12:52:07,484 INFO: Executing method 'select_customer' from TransactionTrackerOperations
2018-09-27 12:52:14,515 INFO: Executing method 'select_customer' from TransactionTrackerOperations
2018-09-27 12:52:37,218 INFO: Executing method 'get_parcel' from TransactionTrackerOperations
2018-09-27 12:52:45,485 INFO: Executing method 'search_process' from TransactionTrackerOperations
2018-09-27 12:52:45,529 INFO: Executing method 'select_customer' from TransactionTrackerOperations
2018-09-27 12:52:52,606 INFO: Executing method 'select_customer' from TransactionTrackerOperations
2018-09-27 12:53:14,894 INFO: Executing method 'get_parcel' from TransactionTrackerOperations
2018-09-27 12:53:23,510 INFO: Executing method 'search_process' from TransactionTrackerOperations
2018-09-27 12:53:23,542 INFO: Executing method 'select_customer' from TransactionTrackerOperations
2018-09-27 12:53:30,617 INFO: Executing method 'select_customer' from TransactionTrackerOperations
2018-09-27 12:53:53,346 INFO: Executing method 'get_parcel' from TransactionTrackerOperations
2018-09-27 12:54:01,049 INFO: Executing method 'search_process' from TransactionTrackerOperations
2018-09-27 12:54:01,094 INFO: Executing method 'select_customer' from TransactionTrackerOperations
2018-09-27 12:54:08,378 INFO: Executing method 'select_customer' from TransactionTrackerOperations
2018-09-27 12:54:31,620 INFO: Executing method 'get_parcel' from TransactionTrackerOperations
2018-09-27 12:54:39,943 INFO: Executing method 'search_process' from TransactionTrackerOperations
2018-09-27 12:54:39,978 INFO: Executing method 'select_customer' from TransactionTrackerOperations
2018-09-27 12:54:46,978 INFO: Executing method 'select_customer' from TransactionTrackerOperations
2018-09-27 12:55:09,258 INFO: Executing method 'get_parcel' from TransactionTrackerOperations
2018-09-27 12:55:16,795 INFO: Executing method 'search_process' from TransactionTrackerOperations
2018-09-27 12:55:16,838 INFO: Executing method 'select_customer' from TransactionTrackerOperations
2018-09-27 12:55:24,252 INFO: Executing method 'select_customer' from TransactionTrackerOperations
2018-09-27 12:55:46,659 INFO: Executing method 'get_parcel' from TransactionTrackerOperations
2018-09-27 12:55:55,333 INFO: Executing method 'search_process' from TransactionTrackerOperations
2018-09-27 12:55:55,388 INFO: Executing method 'select_customer' from TransactionTrackerOperations
2018-09-27 12:56:02,494 INFO: Executing method 'select_customer' from TransactionTrackerOperations
2018-09-27 12:56:25,156 INFO: Executing method 'get_parcel' from TransactionTrackerOperations
2018-09-27 12:56:53,184 INFO: Executing method 'search_process' from TransactionTrackerOperations
2018-09-27 12:56:53,225 INFO: Executing method 'select_customer' from TransactionTrackerOperations
2018-09-27 12:57:00,249 INFO: Executing method 'select_customer' from TransactionTrackerOperations
2018-09-27 12:57:23,307 INFO: Executing method 'get_parcel' from TransactionTrackerOperations
2018-09-27 12:57:31,665 INFO: Executing method 'search_process' from TransactionTrackerOperations
2018-09-27 12:57:31,711 INFO: Executing method 'select_customer' from TransactionTrackerOperations
2018-09-27 12:57:38,980 INFO: Executing method 'select_customer' from TransactionTrackerOperations
2018-09-27 12:58:01,779 INFO: Executing method 'get_parcel' from TransactionTrackerOperations
2018-09-27 12:58:10,434 INFO: Executing method 'search_process' from TransactionTrackerOperations
2018-09-27 12:58:10,473 INFO: Executing method 'select_customer' from TransactionTrackerOperations
2018-09-27 12:58:17,690 INFO: Executing method 'select_customer' from TransactionTrackerOperations
2018-09-27 12:58:40,045 INFO: Executing method 'get_parcel' from TransactionTrackerOperations
2018-09-27 12:58:48,522 INFO: Executing method 'search_process' from TransactionTrackerOperations
2018-09-27 12:58:48,568 INFO: Executing method 'select_customer' from TransactionTrackerOperations
2018-09-27 12:58:55,847 INFO: Executing method 'select_customer' from TransactionTrackerOperations
2018-09-27 12:59:18,321 INFO: Executing method 'get_parcel' from TransactionTrackerOperations
2018-09-27 12:59:27,075 INFO: Executing method 'search_process' from TransactionTrackerOperations
2018-09-27 12:59:27,094 INFO: Executing method 'select_customer' from TransactionTrackerOperations
2018-09-27 12:59:34,299 INFO: Executing method 'select_customer' from TransactionTrackerOperations
2018-09-27 12:59:56,921 INFO: Executing method 'get_parcel' from TransactionTrackerOperations
2018-09-27 13:00:05,480 INFO: Executing method 'search_process' from TransactionTrackerOperations
2018-09-27 13:00:05,515 INFO: Executing method 'select_customer' from TransactionTrackerOperations
2018-09-27 13:00:12,700 INFO: Executing method 'select_customer' from TransactionTrackerOperations
2018-09-27 13:00:34,707 INFO: Executing method 'get_parcel' from TransactionTrackerOperations
2018-09-27 13:00:43,781 INFO: Executing method 'search_process' from TransactionTrackerOperations
2018-09-27 13:00:43,824 INFO: Executing method 'select_customer' from TransactionTrackerOperations
2018-09-27 13:00:50,834 INFO: Executing method 'select_customer' from TransactionTrackerOperations
2018-09-27 13:01:13,078 INFO: Executing method 'get_parcel' from TransactionTrackerOperations
2018-09-27 13:01:21,861 INFO: Executing method 'search_process' from TransactionTrackerOperations
2018-09-27 13:01:21,905 INFO: Executing method 'select_customer' from TransactionTrackerOperations
2018-09-27 13:01:28,927 INFO: Executing method 'select_customer' from TransactionTrackerOperations
2018-09-27 13:01:50,853 INFO: Executing method 'get_parcel' from TransactionTrackerOperations
2018-09-27 13:01:59,261 INFO: Executing method 'search_process' from TransactionTrackerOperations
2018-09-27 13:01:59,288 INFO: Executing method 'select_customer' from TransactionTrackerOperations
2018-09-27 13:02:06,234 INFO: Executing method 'select_customer' from TransactionTrackerOperations
2018-09-27 13:02:28,633 INFO: Executing method 'get_parcel' from TransactionTrackerOperations
2018-09-27 13:02:35,764 INFO: Executing method 'search_process' from TransactionTrackerOperations
2018-09-27 13:02:35,804 INFO: Executing method 'select_customer' from TransactionTrackerOperations
2018-09-27 13:02:42,786 INFO: Executing method 'select_customer' from TransactionTrackerOperations
2018-09-27 13:03:05,330 INFO: Executing method 'get_parcel' from TransactionTrackerOperations
2018-09-27 13:03:14,002 INFO: Executing method 'search_process' from TransactionTrackerOperations
2018-09-27 13:03:14,044 INFO: Executing method 'select_customer' from TransactionTrackerOperations
2018-09-27 13:03:21,300 INFO: Executing method 'select_customer' from TransactionTrackerOperations
2018-09-27 13:03:43,843 INFO: Executing method 'get_parcel' from TransactionTrackerOperations
2018-09-27 13:03:52,855 INFO: Executing method 'search_process' from TransactionTrackerOperations
2018-09-27 13:03:52,899 INFO: Executing method 'select_customer' from TransactionTrackerOperations
2018-09-27 13:03:59,990 INFO: Executing method 'select_customer' from TransactionTrackerOperations
2018-09-27 13:04:22,683 INFO: Executing method 'get_parcel' from TransactionTrackerOperations
2018-09-27 13:04:30,942 INFO: Executing method 'search_process' from TransactionTrackerOperations
2018-09-27 13:04:30,978 INFO: Executing method 'select_customer' from TransactionTrackerOperations
2018-09-27 13:04:38,002 INFO: Executing method 'select_customer' from TransactionTrackerOperations
2018-09-27 13:05:00,430 INFO: Executing method 'get_parcel' from TransactionTrackerOperations
2018-09-27 13:05:08,912 INFO: Executing method 'search_process' from TransactionTrackerOperations
2018-09-27 13:05:08,956 INFO: Executing method 'select_customer' from TransactionTrackerOperations
2018-09-27 13:05:15,905 INFO: Executing method 'select_customer' from TransactionTrackerOperations
2018-09-27 13:05:38,247 INFO: Executing method 'get_parcel' from TransactionTrackerOperations
2018-09-27 13:05:45,171 INFO: Executing method 'search_process' from TransactionTrackerOperations
2018-09-27 13:05:45,213 INFO: Executing method 'select_customer' from TransactionTrackerOperations
2018-09-27 13:05:52,126 INFO: Executing method 'select_customer' from TransactionTrackerOperations
2018-09-27 13:06:14,987 INFO: Executing method 'get_parcel' from TransactionTrackerOperations
2018-09-27 13:06:23,333 INFO: Executing method 'search_process' from TransactionTrackerOperations
2018-09-27 13:06:23,369 INFO: Executing method 'select_customer' from TransactionTrackerOperations
2018-09-27 13:06:30,329 INFO: Executing method 'select_customer' from TransactionTrackerOperations
2018-09-27 13:06:52,422 INFO: Executing method 'get_parcel' from TransactionTrackerOperations
2018-09-27 13:07:00,919 INFO: Executing method 'search_process' from TransactionTrackerOperations
2018-09-27 13:07:00,954 INFO: Executing method 'select_customer' from TransactionTrackerOperations
2018-09-27 13:07:07,955 INFO: Executing method 'select_customer' from TransactionTrackerOperations
2018-09-27 13:07:30,374 INFO: Executing method 'get_parcel' from TransactionTrackerOperations
2018-09-27 13:07:38,537 INFO: Executing method 'search_process' from TransactionTrackerOperations
2018-09-27 13:07:38,561 INFO: Executing method 'select_customer' from TransactionTrackerOperations
2018-09-27 13:07:45,872 INFO: Executing method 'select_customer' from TransactionTrackerOperations
2018-09-27 13:08:08,734 INFO: Executing method 'get_parcel' from TransactionTrackerOperations
2018-09-27 13:08:17,711 INFO: Executing method 'search_process' from TransactionTrackerOperations
2018-09-27 13:08:17,752 INFO: Executing method 'select_customer' from TransactionTrackerOperations
2018-09-27 13:08:25,024 INFO: Executing method 'select_customer' from TransactionTrackerOperations
2018-09-27 13:08:47,541 INFO: Executing method 'get_parcel' from TransactionTrackerOperations
2018-09-27 13:08:55,515 INFO: Executing method 'search_process' from TransactionTrackerOperations
2018-09-27 13:08:55,551 INFO: Executing method 'select_customer' from TransactionTrackerOperations
2018-09-27 13:09:02,430 INFO: Executing method 'select_customer' from TransactionTrackerOperations
2018-09-27 13:09:24,665 INFO: Executing method 'get_parcel' from TransactionTrackerOperations
2018-09-27 13:09:33,284 INFO: Executing method 'search_process' from TransactionTrackerOperations
2018-09-27 13:09:33,324 INFO: Executing method 'select_customer' from TransactionTrackerOperations
2018-09-27 13:09:40,341 INFO: Executing method 'select_customer' from TransactionTrackerOperations
2018-09-27 13:10:03,147 INFO: Executing method 'get_parcel' from TransactionTrackerOperations
2018-09-27 13:10:10,307 INFO: Executing method 'search_process' from TransactionTrackerOperations
2018-09-27 13:10:10,347 INFO: Executing method 'select_customer' from TransactionTrackerOperations
2018-09-27 13:10:17,206 INFO: Executing method 'select_customer' from TransactionTrackerOperations
2018-09-27 13:10:40,177 INFO: Executing method 'get_parcel' from TransactionTrackerOperations
2018-09-27 13:10:47,716 INFO: Executing method 'search_process' from TransactionTrackerOperations
2018-09-27 13:10:47,753 INFO: Executing method 'select_customer' from TransactionTrackerOperations
2018-09-27 13:10:54,590 INFO: Executing method 'select_customer' from TransactionTrackerOperations
2018-09-27 13:11:16,836 INFO: Executing method 'get_parcel' from TransactionTrackerOperations
2018-09-27 13:11:25,224 INFO: Executing method 'search_process' from TransactionTrackerOperations
2018-09-27 13:11:25,265 INFO: Executing method 'select_customer' from TransactionTrackerOperations
2018-09-27 13:11:32,342 INFO: Executing method 'select_customer' from TransactionTrackerOperations
2018-09-27 13:11:54,739 INFO: Executing method 'get_parcel' from TransactionTrackerOperations
2018-09-27 13:12:04,238 INFO: Executing method 'search_process' from TransactionTrackerOperations
2018-09-27 13:12:04,268 INFO: Executing method 'select_customer' from TransactionTrackerOperations
2018-09-27 13:12:11,429 INFO: Executing method 'select_customer' from TransactionTrackerOperations
2018-09-27 13:12:33,751 INFO: Executing method 'get_parcel' from TransactionTrackerOperations
2018-09-27 13:12:43,056 INFO: Executing method 'search_process' from TransactionTrackerOperations
2018-09-27 13:12:43,092 INFO: Executing method 'select_customer' from TransactionTrackerOperations
2018-09-27 13:12:50,432 INFO: Executing method 'select_customer' from TransactionTrackerOperations
2018-09-27 13:13:12,866 INFO: Executing method 'get_parcel' from TransactionTrackerOperations
2018-09-27 13:13:21,275 INFO: Executing method 'search_process' from TransactionTrackerOperations
2018-09-27 13:13:21,310 INFO: Executing method 'select_customer' from TransactionTrackerOperations
2018-09-27 13:13:28,465 INFO: Executing method 'select_customer' from TransactionTrackerOperations
2018-09-27 13:13:50,884 INFO: Executing method 'get_parcel' from TransactionTrackerOperations
2018-09-27 13:13:59,638 INFO: Executing method 'search_process' from TransactionTrackerOperations
2018-09-27 13:13:59,684 INFO: Executing method 'select_customer' from TransactionTrackerOperations
2018-09-27 13:14:06,620 INFO: Executing method 'select_customer' from TransactionTrackerOperations
2018-09-27 13:14:29,176 INFO: Executing method 'get_parcel' from TransactionTrackerOperations
2018-09-27 13:14:37,932 INFO: Executing method 'search_process' from TransactionTrackerOperations
2018-09-27 13:14:37,974 INFO: Executing method 'select_customer' from TransactionTrackerOperations
2018-09-27 13:14:45,416 INFO: Executing method 'select_customer' from TransactionTrackerOperations
2018-09-27 13:15:08,344 INFO: Executing method 'get_parcel' from TransactionTrackerOperations
2018-09-27 13:15:16,840 INFO: Executing method 'search_process' from TransactionTrackerOperations
2018-09-27 13:15:16,881 INFO: Executing method 'select_customer' from TransactionTrackerOperations
2018-09-27 13:15:23,738 INFO: Executing method 'select_customer' from TransactionTrackerOperations
2018-09-27 13:15:46,161 INFO: Executing method 'get_parcel' from TransactionTrackerOperations
2018-09-27 13:15:53,545 INFO: Executing method 'search_process' from TransactionTrackerOperations
2018-09-27 13:15:53,590 INFO: Executing method 'select_customer' from TransactionTrackerOperations
2018-09-27 13:16:00,731 INFO: Executing method 'select_customer' from TransactionTrackerOperations
2018-09-27 13:16:23,728 INFO: Executing method 'get_parcel' from TransactionTrackerOperations
2018-09-27 13:16:32,787 INFO: Executing method 'search_process' from TransactionTrackerOperations
2018-09-27 13:16:32,824 INFO: Executing method 'select_customer' from TransactionTrackerOperations
2018-09-27 13:16:39,714 INFO: Executing method 'select_customer' from TransactionTrackerOperations
2018-09-27 13:38:35,409 INFO: Executing Script Prodution Data Monitoring
2018-09-27 13:38:40,989 INFO: Login in to Launchpad
2018-09-27 13:38:57,547 INFO: Refreshing access_token
2018-09-27 13:39:01,873 INFO: Executing method 'search_process' from TransactionTrackerOperations
2018-09-27 13:39:01,912 INFO: Executing method 'select_customer' from TransactionTrackerOperations
2018-09-27 13:39:08,716 INFO: Executing method 'select_customer' from TransactionTrackerOperations
2018-09-27 16:26:28,091 INFO: Executing Script Prodution Data Monitoring
2018-09-27 16:26:31,998 INFO: Login in to Launchpad
2018-09-27 16:26:52,447 INFO: Refreshing access_token
2018-09-27 16:26:57,245 INFO: Executing method 'search_process' from TransactionTrackerOperations
2018-09-27 16:26:57,349 INFO: Executing method 'select_customer' from TransactionTrackerOperations
2018-09-27 16:27:04,455 INFO: Executing method 'select_customer' from TransactionTrackerOperations
2018-09-27 16:27:27,995 INFO: Executing method 'get_parcel' from TransactionTrackerOperations
2018-09-27 16:27:37,148 INFO: Executing method 'search_process' from TransactionTrackerOperations
2018-09-27 16:27:37,182 INFO: Executing method 'select_customer' from TransactionTrackerOperations
2018-09-27 16:27:44,380 INFO: Executing method 'select_customer' from TransactionTrackerOperations
