2018-10-22 10:13:08,554 INFO: Executing Script Credit Memo Prodution Data Monitoring
2018-10-22 10:13:16,295 INFO: Login in to Launchpad
2018-10-22 10:13:38,313 INFO: Refreshing access_token
2018-10-22 10:13:46,188 INFO: Executing method 'search_process' from TransactionTrackerOperations
2018-10-22 10:13:50,972 INFO: Executing method 'select_customer' from TransactionTrackerOperations
2018-10-22 10:14:00,372 INFO: Executing method 'select_customer' from TransactionTrackerOperations
2018-10-22 10:14:34,043 INFO: Executing method 'search_process' from TransactionTrackerOperations
2018-10-22 10:14:36,057 INFO: Executing method 'select_customer' from TransactionTrackerOperations
2018-10-22 10:14:44,877 INFO: Executing method 'select_customer' from TransactionTrackerOperations
2018-10-22 10:15:06,785 INFO: Executing method 'search_process' from TransactionTrackerOperations
2018-10-22 10:15:08,904 INFO: Executing method 'select_customer' from TransactionTrackerOperations
2018-10-22 10:15:17,854 INFO: Executing method 'select_customer' from TransactionTrackerOperations
2018-10-22 10:15:49,686 INFO: Executing method 'search_process' from TransactionTrackerOperations
2018-10-22 10:15:51,702 INFO: Executing method 'select_customer' from TransactionTrackerOperations
2018-10-22 10:16:00,521 INFO: Executing method 'select_customer' from TransactionTrackerOperations
2018-10-22 10:16:32,470 INFO: Executing method 'search_process' from TransactionTrackerOperations
2018-10-22 10:16:34,484 INFO: Executing method 'select_customer' from TransactionTrackerOperations
2018-10-22 10:16:43,257 INFO: Executing method 'select_customer' from TransactionTrackerOperations
2018-10-22 10:17:37,715 INFO: Executing method 'search_process' from TransactionTrackerOperations
2018-10-22 10:17:39,729 INFO: Executing method 'select_customer' from TransactionTrackerOperations
2018-10-22 10:17:48,662 INFO: Executing method 'select_customer' from TransactionTrackerOperations
2018-10-22 10:18:10,771 INFO: Executing method 'search_process' from TransactionTrackerOperations
2018-10-22 10:18:12,792 INFO: Executing method 'select_customer' from TransactionTrackerOperations
2018-10-22 10:18:21,598 INFO: Executing method 'select_customer' from TransactionTrackerOperations
2018-10-22 10:19:23,696 INFO: Executing method 'search_process' from TransactionTrackerOperations
2018-10-22 10:19:25,709 INFO: Executing method 'select_customer' from TransactionTrackerOperations
2018-10-22 10:19:34,423 INFO: Executing method 'select_customer' from TransactionTrackerOperations
2018-10-22 10:19:56,992 INFO: Executing method 'search_process' from TransactionTrackerOperations
2018-10-22 10:19:59,004 INFO: Executing method 'select_customer' from TransactionTrackerOperations
2018-10-22 10:20:07,627 INFO: Executing method 'select_customer' from TransactionTrackerOperations
2018-10-22 10:20:29,712 INFO: Executing method 'search_process' from TransactionTrackerOperations
2018-10-22 10:20:31,726 INFO: Executing method 'select_customer' from TransactionTrackerOperations
2018-10-22 10:20:40,447 INFO: Executing method 'select_customer' from TransactionTrackerOperations
2018-10-22 10:21:25,522 INFO: Executing method 'search_process' from TransactionTrackerOperations
2018-10-22 10:21:27,536 INFO: Executing method 'select_customer' from TransactionTrackerOperations
2018-10-22 10:21:36,202 INFO: Executing method 'select_customer' from TransactionTrackerOperations
2018-10-22 10:22:25,983 INFO: Executing method 'search_process' from TransactionTrackerOperations
2018-10-22 10:22:27,996 INFO: Executing method 'select_customer' from TransactionTrackerOperations
2018-10-22 10:22:36,661 INFO: Executing method 'select_customer' from TransactionTrackerOperations
2018-10-22 10:22:58,754 INFO: Executing method 'search_process' from TransactionTrackerOperations
2018-10-22 10:23:00,768 INFO: Executing method 'select_customer' from TransactionTrackerOperations
2018-10-22 10:23:09,479 INFO: Executing method 'select_customer' from TransactionTrackerOperations
2018-10-22 10:23:31,450 INFO: Executing method 'search_process' from TransactionTrackerOperations
2018-10-22 10:23:33,464 INFO: Executing method 'select_customer' from TransactionTrackerOperations
2018-10-22 10:23:42,181 INFO: Executing method 'select_customer' from TransactionTrackerOperations
2018-10-22 10:24:44,827 INFO: Executing method 'search_process' from TransactionTrackerOperations
2018-10-22 10:24:46,843 INFO: Executing method 'select_customer' from TransactionTrackerOperations
2018-10-22 10:24:55,483 INFO: Executing method 'select_customer' from TransactionTrackerOperations
2018-10-22 10:25:17,813 INFO: Executing method 'search_process' from TransactionTrackerOperations
2018-10-22 10:25:19,826 INFO: Executing method 'select_customer' from TransactionTrackerOperations
2018-10-22 10:25:28,519 INFO: Executing method 'select_customer' from TransactionTrackerOperations
2018-10-22 10:25:59,766 INFO: Executing method 'search_process' from TransactionTrackerOperations
2018-10-22 10:26:01,779 INFO: Executing method 'select_customer' from TransactionTrackerOperations
2018-10-22 10:26:10,416 INFO: Executing method 'select_customer' from TransactionTrackerOperations
2018-10-22 10:26:38,113 INFO: Executing method 'search_process' from TransactionTrackerOperations
2018-10-22 10:26:40,127 INFO: Executing method 'select_customer' from TransactionTrackerOperations
2018-10-22 10:26:48,838 INFO: Executing method 'select_customer' from TransactionTrackerOperations
2018-10-22 10:27:16,515 INFO: Executing method 'search_process' from TransactionTrackerOperations
2018-10-22 10:27:18,530 INFO: Executing method 'select_customer' from TransactionTrackerOperations
2018-10-22 10:27:27,226 INFO: Executing method 'select_customer' from TransactionTrackerOperations
2018-10-22 10:27:57,981 INFO: Executing method 'search_process' from TransactionTrackerOperations
2018-10-22 10:27:59,995 INFO: Executing method 'select_customer' from TransactionTrackerOperations
2018-10-22 10:28:08,606 INFO: Executing method 'select_customer' from TransactionTrackerOperations
2018-10-22 10:28:39,566 INFO: Executing method 'search_process' from TransactionTrackerOperations
2018-10-22 10:28:41,580 INFO: Executing method 'select_customer' from TransactionTrackerOperations
2018-10-22 10:28:50,275 INFO: Executing method 'select_customer' from TransactionTrackerOperations
2018-10-22 10:29:11,337 INFO: Executing method 'search_process' from TransactionTrackerOperations
2018-10-22 10:29:13,352 INFO: Executing method 'select_customer' from TransactionTrackerOperations
2018-10-22 10:29:22,039 INFO: Executing method 'select_customer' from TransactionTrackerOperations
2018-10-22 10:29:50,929 INFO: Executing method 'search_process' from TransactionTrackerOperations
2018-10-22 10:29:52,941 INFO: Executing method 'select_customer' from TransactionTrackerOperations
2018-10-22 10:30:01,725 INFO: Executing method 'select_customer' from TransactionTrackerOperations
2018-10-22 10:30:33,255 INFO: Executing method 'search_process' from TransactionTrackerOperations
2018-10-22 10:30:35,268 INFO: Executing method 'select_customer' from TransactionTrackerOperations
2018-10-22 10:30:44,137 INFO: Executing method 'select_customer' from TransactionTrackerOperations
2018-10-22 10:31:06,735 INFO: Executing method 'search_process' from TransactionTrackerOperations
2018-10-22 10:31:08,745 INFO: Executing method 'select_customer' from TransactionTrackerOperations
2018-10-22 10:31:17,433 INFO: Executing method 'select_customer' from TransactionTrackerOperations
2018-10-22 10:31:50,091 INFO: Executing method 'search_process' from TransactionTrackerOperations
2018-10-22 10:31:52,106 INFO: Executing method 'select_customer' from TransactionTrackerOperations
2018-10-22 10:32:00,871 INFO: Executing method 'select_customer' from TransactionTrackerOperations
2018-10-22 10:32:51,711 INFO: Executing method 'search_process' from TransactionTrackerOperations
2018-10-22 10:32:53,730 INFO: Executing method 'select_customer' from TransactionTrackerOperations
2018-10-22 10:33:02,728 INFO: Executing method 'select_customer' from TransactionTrackerOperations
2018-10-22 10:33:34,185 INFO: Executing method 'search_process' from TransactionTrackerOperations
2018-10-22 10:33:36,199 INFO: Executing method 'select_customer' from TransactionTrackerOperations
2018-10-22 10:33:45,929 INFO: Executing method 'select_customer' from TransactionTrackerOperations
2018-10-22 10:34:30,624 INFO: Executing method 'search_process' from TransactionTrackerOperations
2018-10-22 10:34:32,641 INFO: Executing method 'select_customer' from TransactionTrackerOperations
2018-10-22 10:34:41,437 INFO: Executing method 'select_customer' from TransactionTrackerOperations
2018-10-22 10:35:02,906 INFO: Executing method 'search_process' from TransactionTrackerOperations
2018-10-22 10:35:04,920 INFO: Executing method 'select_customer' from TransactionTrackerOperations
2018-10-22 10:35:13,632 INFO: Executing method 'select_customer' from TransactionTrackerOperations
2018-10-22 10:35:37,508 INFO: Executing method 'search_process' from TransactionTrackerOperations
2018-10-22 10:35:39,524 INFO: Executing method 'select_customer' from TransactionTrackerOperations
2018-10-22 10:35:48,403 INFO: Executing method 'select_customer' from TransactionTrackerOperations
2018-10-22 10:36:11,101 INFO: Executing method 'search_process' from TransactionTrackerOperations
2018-10-22 10:36:13,115 INFO: Executing method 'select_customer' from TransactionTrackerOperations
2018-10-22 10:36:21,813 INFO: Executing method 'select_customer' from TransactionTrackerOperations
2018-10-22 10:36:52,445 INFO: Executing method 'search_process' from TransactionTrackerOperations
2018-10-22 10:36:54,471 INFO: Executing method 'select_customer' from TransactionTrackerOperations
2018-10-22 10:37:03,511 INFO: Executing method 'select_customer' from TransactionTrackerOperations
2018-10-22 10:37:36,818 INFO: Executing method 'search_process' from TransactionTrackerOperations
2018-10-22 10:37:38,831 INFO: Executing method 'select_customer' from TransactionTrackerOperations
2018-10-22 10:37:47,741 INFO: Executing method 'select_customer' from TransactionTrackerOperations
2018-10-22 10:38:24,167 INFO: Executing method 'search_process' from TransactionTrackerOperations
2018-10-22 10:38:26,202 INFO: Executing method 'select_customer' from TransactionTrackerOperations
2018-10-22 10:38:34,936 INFO: Executing method 'select_customer' from TransactionTrackerOperations
2018-10-22 10:39:05,340 INFO: Executing method 'search_process' from TransactionTrackerOperations
2018-10-22 10:39:07,354 INFO: Executing method 'select_customer' from TransactionTrackerOperations
2018-10-22 10:39:16,209 INFO: Executing method 'select_customer' from TransactionTrackerOperations
2018-10-22 10:39:59,191 INFO: Executing method 'search_process' from TransactionTrackerOperations
2018-10-22 10:40:01,207 INFO: Executing method 'select_customer' from TransactionTrackerOperations
2018-10-22 10:40:09,913 INFO: Executing method 'select_customer' from TransactionTrackerOperations
2018-10-22 10:41:12,515 INFO: Executing method 'search_process' from TransactionTrackerOperations
2018-10-22 10:41:14,531 INFO: Executing method 'select_customer' from TransactionTrackerOperations
2018-10-22 10:41:23,399 INFO: Executing method 'select_customer' from TransactionTrackerOperations
2018-10-22 10:41:52,627 INFO: Executing method 'search_process' from TransactionTrackerOperations
2018-10-22 10:41:54,644 INFO: Executing method 'select_customer' from TransactionTrackerOperations
2018-10-22 10:42:03,497 INFO: Executing method 'select_customer' from TransactionTrackerOperations
2018-10-22 10:42:34,186 INFO: Executing method 'search_process' from TransactionTrackerOperations
2018-10-22 10:42:36,198 INFO: Executing method 'select_customer' from TransactionTrackerOperations
2018-10-22 10:42:45,118 INFO: Executing method 'select_customer' from TransactionTrackerOperations
2018-10-22 10:43:07,673 INFO: Executing method 'search_process' from TransactionTrackerOperations
2018-10-22 10:43:09,697 INFO: Executing method 'select_customer' from TransactionTrackerOperations
2018-10-22 10:43:18,500 INFO: Executing method 'select_customer' from TransactionTrackerOperations
2018-10-22 10:44:19,473 INFO: Executing method 'search_process' from TransactionTrackerOperations
2018-10-22 10:44:21,488 INFO: Executing method 'select_customer' from TransactionTrackerOperations
2018-10-22 10:44:30,284 INFO: Executing method 'select_customer' from TransactionTrackerOperations
2018-10-22 10:45:02,637 INFO: Executing method 'search_process' from TransactionTrackerOperations
2018-10-22 10:45:04,658 INFO: Executing method 'select_customer' from TransactionTrackerOperations
2018-10-22 10:45:13,487 INFO: Executing method 'select_customer' from TransactionTrackerOperations
2018-10-22 10:45:42,421 INFO: Executing method 'search_process' from TransactionTrackerOperations
2018-10-22 10:45:44,432 INFO: Executing method 'select_customer' from TransactionTrackerOperations
2018-10-22 10:45:53,175 INFO: Executing method 'select_customer' from TransactionTrackerOperations
2018-10-22 10:46:24,200 INFO: Executing method 'search_process' from TransactionTrackerOperations
2018-10-22 10:46:26,219 INFO: Executing method 'select_customer' from TransactionTrackerOperations
2018-10-22 10:46:35,082 INFO: Executing method 'select_customer' from TransactionTrackerOperations
2018-10-22 10:46:56,630 INFO: Executing method 'search_process' from TransactionTrackerOperations
2018-10-22 10:46:58,645 INFO: Executing method 'select_customer' from TransactionTrackerOperations
2018-10-22 10:47:07,501 INFO: Executing method 'select_customer' from TransactionTrackerOperations
2018-10-22 10:47:50,060 INFO: Executing method 'search_process' from TransactionTrackerOperations
2018-10-22 10:47:52,074 INFO: Executing method 'select_customer' from TransactionTrackerOperations
2018-10-22 10:48:00,794 INFO: Executing method 'select_customer' from TransactionTrackerOperations
2018-10-22 10:48:31,543 INFO: Executing method 'search_process' from TransactionTrackerOperations
2018-10-22 10:48:33,560 INFO: Executing method 'select_customer' from TransactionTrackerOperations
2018-10-22 10:48:42,314 INFO: Executing method 'select_customer' from TransactionTrackerOperations
2018-10-22 10:50:16,082 INFO: Executing method 'search_process' from TransactionTrackerOperations
2018-10-22 10:50:18,100 INFO: Executing method 'select_customer' from TransactionTrackerOperations
2018-10-22 10:50:26,928 INFO: Executing method 'select_customer' from TransactionTrackerOperations
2018-10-22 10:51:01,599 INFO: Executing method 'search_process' from TransactionTrackerOperations
2018-10-22 10:51:03,614 INFO: Executing method 'select_customer' from TransactionTrackerOperations
2018-10-22 10:51:12,338 INFO: Executing method 'select_customer' from TransactionTrackerOperations
2018-10-22 10:51:42,119 INFO: Executing method 'search_process' from TransactionTrackerOperations
2018-10-22 10:51:44,131 INFO: Executing method 'select_customer' from TransactionTrackerOperations
2018-10-22 10:51:52,786 INFO: Executing method 'select_customer' from TransactionTrackerOperations
2018-10-22 10:52:33,691 INFO: Executing method 'search_process' from TransactionTrackerOperations
2018-10-22 10:52:35,708 INFO: Executing method 'select_customer' from TransactionTrackerOperations
2018-10-22 10:52:44,412 INFO: Executing method 'select_customer' from TransactionTrackerOperations
2018-10-22 10:53:05,941 INFO: Executing method 'search_process' from TransactionTrackerOperations
2018-10-22 10:53:07,953 INFO: Executing method 'select_customer' from TransactionTrackerOperations
2018-10-22 10:53:16,683 INFO: Executing method 'select_customer' from TransactionTrackerOperations
2018-10-22 10:53:37,943 INFO: Executing method 'search_process' from TransactionTrackerOperations
2018-10-22 10:53:39,959 INFO: Executing method 'select_customer' from TransactionTrackerOperations
2018-10-22 10:53:48,599 INFO: Executing method 'select_customer' from TransactionTrackerOperations
2018-10-22 10:54:36,772 INFO: Executing method 'search_process' from TransactionTrackerOperations
2018-10-22 10:54:38,786 INFO: Executing method 'select_customer' from TransactionTrackerOperations
2018-10-22 10:54:47,474 INFO: Executing method 'select_customer' from TransactionTrackerOperations
2018-10-22 10:55:21,550 INFO: Executing method 'search_process' from TransactionTrackerOperations
2018-10-22 10:55:23,566 INFO: Executing method 'select_customer' from TransactionTrackerOperations
2018-10-22 10:55:32,245 INFO: Executing method 'select_customer' from TransactionTrackerOperations
2018-10-22 10:56:48,910 INFO: Executing method 'search_process' from TransactionTrackerOperations
2018-10-22 10:56:50,926 INFO: Executing method 'select_customer' from TransactionTrackerOperations
2018-10-22 10:56:59,603 INFO: Executing method 'select_customer' from TransactionTrackerOperations
2018-10-22 10:59:00,774 INFO: Executing method 'search_process' from TransactionTrackerOperations
2018-10-22 10:59:02,789 INFO: Executing method 'select_customer' from TransactionTrackerOperations
2018-10-22 10:59:11,476 INFO: Executing method 'select_customer' from TransactionTrackerOperations
2018-10-22 10:59:39,102 INFO: Executing method 'search_process' from TransactionTrackerOperations
2018-10-22 10:59:41,117 INFO: Executing method 'select_customer' from TransactionTrackerOperations
2018-10-22 10:59:49,808 INFO: Executing method 'select_customer' from TransactionTrackerOperations
2018-10-22 11:31:16,316 INFO: Executing Script Credit Memo Prodution Data Monitoring
2018-10-22 11:31:20,970 INFO: Login in to Launchpad
2018-10-22 11:31:37,834 INFO: Refreshing access_token
2018-10-22 11:31:42,284 INFO: Executing method 'search_process' from TransactionTrackerOperations
2018-10-22 11:31:44,298 INFO: Executing method 'select_customer' from TransactionTrackerOperations
2018-10-22 11:31:53,125 INFO: Executing method 'select_customer' from TransactionTrackerOperations
2018-10-22 11:32:24,249 INFO: Executing method 'search_process' from TransactionTrackerOperations
2018-10-22 11:32:26,264 INFO: Executing method 'select_customer' from TransactionTrackerOperations
2018-10-22 11:32:35,378 INFO: Executing method 'select_customer' from TransactionTrackerOperations
2018-10-22 11:34:13,993 INFO: Executing method 'search_process' from TransactionTrackerOperations
2018-10-22 11:34:16,006 INFO: Executing method 'select_customer' from TransactionTrackerOperations
2018-10-22 11:34:24,646 INFO: Executing method 'select_customer' from TransactionTrackerOperations
2018-10-22 11:36:47,545 INFO: Executing method 'search_process' from TransactionTrackerOperations
2018-10-22 11:36:49,561 INFO: Executing method 'select_customer' from TransactionTrackerOperations
2018-10-22 11:36:58,337 INFO: Executing method 'select_customer' from TransactionTrackerOperations
2018-10-22 11:37:30,554 INFO: Executing method 'search_process' from TransactionTrackerOperations
2018-10-22 11:37:32,575 INFO: Executing method 'select_customer' from TransactionTrackerOperations
2018-10-22 11:37:41,257 INFO: Executing method 'select_customer' from TransactionTrackerOperations
2018-10-22 11:38:56,776 INFO: Executing method 'search_process' from TransactionTrackerOperations
2018-10-22 11:38:58,792 INFO: Executing method 'select_customer' from TransactionTrackerOperations
2018-10-22 11:39:07,550 INFO: Executing method 'select_customer' from TransactionTrackerOperations
2018-10-22 11:40:03,677 INFO: Executing method 'search_process' from TransactionTrackerOperations
2018-10-22 11:40:05,694 INFO: Executing method 'select_customer' from TransactionTrackerOperations
2018-10-22 11:40:14,412 INFO: Executing method 'select_customer' from TransactionTrackerOperations
2018-10-22 11:40:35,487 INFO: Executing method 'search_process' from TransactionTrackerOperations
2018-10-22 11:40:37,502 INFO: Executing method 'select_customer' from TransactionTrackerOperations
2018-10-22 11:40:46,180 INFO: Executing method 'select_customer' from TransactionTrackerOperations
2018-10-22 11:41:16,791 INFO: Executing method 'search_process' from TransactionTrackerOperations
2018-10-22 11:41:18,805 INFO: Executing method 'select_customer' from TransactionTrackerOperations
2018-10-22 11:41:27,503 INFO: Executing method 'select_customer' from TransactionTrackerOperations
2018-10-22 11:41:48,884 INFO: Executing method 'search_process' from TransactionTrackerOperations
2018-10-22 11:41:50,899 INFO: Executing method 'select_customer' from TransactionTrackerOperations
2018-10-22 11:41:59,616 INFO: Executing method 'select_customer' from TransactionTrackerOperations
2018-10-22 11:42:20,427 INFO: Executing method 'search_process' from TransactionTrackerOperations
2018-10-22 11:42:22,441 INFO: Executing method 'select_customer' from TransactionTrackerOperations
2018-10-22 11:42:31,098 INFO: Executing method 'select_customer' from TransactionTrackerOperations
2018-10-22 11:43:33,594 INFO: Executing method 'search_process' from TransactionTrackerOperations
2018-10-22 11:43:35,616 INFO: Executing method 'select_customer' from TransactionTrackerOperations
2018-10-22 11:43:44,300 INFO: Executing method 'select_customer' from TransactionTrackerOperations
2018-10-22 11:44:35,414 INFO: Executing method 'search_process' from TransactionTrackerOperations
2018-10-22 11:44:37,435 INFO: Executing method 'select_customer' from TransactionTrackerOperations
2018-10-22 11:44:46,320 INFO: Executing method 'select_customer' from TransactionTrackerOperations
2018-10-22 11:45:31,713 INFO: Executing method 'search_process' from TransactionTrackerOperations
2018-10-22 11:45:33,729 INFO: Executing method 'select_customer' from TransactionTrackerOperations
2018-10-22 11:45:42,368 INFO: Executing method 'select_customer' from TransactionTrackerOperations
2018-10-22 11:46:08,386 INFO: Executing method 'search_process' from TransactionTrackerOperations
2018-10-22 11:46:10,403 INFO: Executing method 'select_customer' from TransactionTrackerOperations
2018-10-22 11:46:19,118 INFO: Executing method 'select_customer' from TransactionTrackerOperations
2018-10-22 11:46:40,163 INFO: Executing method 'search_process' from TransactionTrackerOperations
2018-10-22 11:46:42,178 INFO: Executing method 'select_customer' from TransactionTrackerOperations
2018-10-22 11:46:50,950 INFO: Executing method 'select_customer' from TransactionTrackerOperations
2018-10-22 11:47:25,180 INFO: Executing method 'search_process' from TransactionTrackerOperations
2018-10-22 11:47:27,194 INFO: Executing method 'select_customer' from TransactionTrackerOperations
2018-10-22 11:47:35,932 INFO: Executing method 'select_customer' from TransactionTrackerOperations
2018-10-22 11:47:56,521 INFO: Executing method 'search_process' from TransactionTrackerOperations
2018-10-22 11:47:58,535 INFO: Executing method 'select_customer' from TransactionTrackerOperations
2018-10-22 11:48:07,185 INFO: Executing method 'select_customer' from TransactionTrackerOperations
2018-10-22 11:48:34,019 INFO: Executing method 'search_process' from TransactionTrackerOperations
2018-10-22 11:48:36,034 INFO: Executing method 'select_customer' from TransactionTrackerOperations
2018-10-22 11:48:44,742 INFO: Executing method 'select_customer' from TransactionTrackerOperations
2018-10-22 11:49:17,601 INFO: Executing method 'search_process' from TransactionTrackerOperations
2018-10-22 11:49:19,618 INFO: Executing method 'select_customer' from TransactionTrackerOperations
2018-10-22 11:49:28,349 INFO: Executing method 'select_customer' from TransactionTrackerOperations
2018-10-22 11:50:16,571 INFO: Executing method 'search_process' from TransactionTrackerOperations
2018-10-22 11:50:18,585 INFO: Executing method 'select_customer' from TransactionTrackerOperations
2018-10-22 11:50:27,269 INFO: Executing method 'select_customer' from TransactionTrackerOperations
2018-10-22 11:50:48,645 INFO: Executing method 'search_process' from TransactionTrackerOperations
2018-10-22 11:50:50,660 INFO: Executing method 'select_customer' from TransactionTrackerOperations
2018-10-22 11:50:59,338 INFO: Executing method 'select_customer' from TransactionTrackerOperations
2018-10-22 11:51:19,699 INFO: Executing method 'search_process' from TransactionTrackerOperations
2018-10-22 11:51:21,712 INFO: Executing method 'select_customer' from TransactionTrackerOperations
2018-10-22 11:51:30,325 INFO: Executing method 'select_customer' from TransactionTrackerOperations
2018-10-22 11:52:04,901 INFO: Executing method 'search_process' from TransactionTrackerOperations
2018-10-22 11:52:06,914 INFO: Executing method 'select_customer' from TransactionTrackerOperations
2018-10-22 11:52:15,591 INFO: Executing method 'select_customer' from TransactionTrackerOperations
2018-10-22 11:54:29,705 INFO: Executing method 'search_process' from TransactionTrackerOperations
2018-10-22 11:54:31,721 INFO: Executing method 'select_customer' from TransactionTrackerOperations
2018-10-22 11:54:40,344 INFO: Executing method 'select_customer' from TransactionTrackerOperations
2018-10-22 11:55:27,329 INFO: Executing method 'search_process' from TransactionTrackerOperations
2018-10-22 11:55:29,342 INFO: Executing method 'select_customer' from TransactionTrackerOperations
2018-10-22 11:55:38,179 INFO: Executing method 'select_customer' from TransactionTrackerOperations
2018-10-22 11:56:41,563 INFO: Executing method 'search_process' from TransactionTrackerOperations
2018-10-22 11:56:43,584 INFO: Executing method 'select_customer' from TransactionTrackerOperations
2018-10-22 11:56:52,489 INFO: Executing method 'select_customer' from TransactionTrackerOperations
2018-10-22 11:57:25,224 INFO: Executing method 'search_process' from TransactionTrackerOperations
2018-10-22 11:57:27,241 INFO: Executing method 'select_customer' from TransactionTrackerOperations
2018-10-22 11:57:36,233 INFO: Executing method 'select_customer' from TransactionTrackerOperations
2018-10-22 11:59:32,368 INFO: Executing method 'search_process' from TransactionTrackerOperations
2018-10-22 11:59:34,386 INFO: Executing method 'select_customer' from TransactionTrackerOperations
2018-10-22 11:59:43,109 INFO: Executing method 'select_customer' from TransactionTrackerOperations
2018-10-22 12:00:31,344 INFO: Executing method 'search_process' from TransactionTrackerOperations
2018-10-22 12:00:33,359 INFO: Executing method 'select_customer' from TransactionTrackerOperations
2018-10-22 12:00:42,120 INFO: Executing method 'select_customer' from TransactionTrackerOperations
2018-10-22 12:01:30,035 INFO: Executing method 'search_process' from TransactionTrackerOperations
2018-10-22 12:01:32,054 INFO: Executing method 'select_customer' from TransactionTrackerOperations
2018-10-22 12:01:40,843 INFO: Executing method 'select_customer' from TransactionTrackerOperations
2018-10-22 12:02:02,059 INFO: Executing method 'search_process' from TransactionTrackerOperations
2018-10-22 12:02:04,077 INFO: Executing method 'select_customer' from TransactionTrackerOperations
2018-10-22 12:02:12,758 INFO: Executing method 'select_customer' from TransactionTrackerOperations
2018-10-22 12:03:57,250 INFO: Executing method 'search_process' from TransactionTrackerOperations
2018-10-22 12:03:59,271 INFO: Executing method 'select_customer' from TransactionTrackerOperations
2018-10-22 12:04:08,027 INFO: Executing method 'select_customer' from TransactionTrackerOperations
2018-10-22 12:05:35,547 INFO: Executing method 'search_process' from TransactionTrackerOperations
2018-10-22 12:05:37,568 INFO: Executing method 'select_customer' from TransactionTrackerOperations
2018-10-22 12:05:46,332 INFO: Executing method 'select_customer' from TransactionTrackerOperations
2018-10-22 12:06:20,907 INFO: Executing method 'search_process' from TransactionTrackerOperations
2018-10-22 12:06:22,925 INFO: Executing method 'select_customer' from TransactionTrackerOperations
2018-10-22 12:06:31,674 INFO: Executing method 'select_customer' from TransactionTrackerOperations
2018-10-22 12:06:58,301 INFO: Executing method 'search_process' from TransactionTrackerOperations
2018-10-22 12:07:00,321 INFO: Executing method 'select_customer' from TransactionTrackerOperations
2018-10-22 12:07:09,065 INFO: Executing method 'select_customer' from TransactionTrackerOperations
2018-10-22 12:08:15,071 INFO: Executing method 'search_process' from TransactionTrackerOperations
2018-10-22 12:08:17,084 INFO: Executing method 'select_customer' from TransactionTrackerOperations
2018-10-22 12:08:25,803 INFO: Executing method 'select_customer' from TransactionTrackerOperations
2018-10-22 12:08:46,742 INFO: Executing method 'search_process' from TransactionTrackerOperations
2018-10-22 12:08:48,759 INFO: Executing method 'select_customer' from TransactionTrackerOperations
2018-10-22 12:08:57,469 INFO: Executing method 'select_customer' from TransactionTrackerOperations
2018-10-22 12:15:08,321 INFO: Executing method 'search_process' from TransactionTrackerOperations
2018-10-22 12:15:10,340 INFO: Executing method 'select_customer' from TransactionTrackerOperations
2018-10-22 12:15:19,083 INFO: Executing method 'select_customer' from TransactionTrackerOperations
