2019-01-16 14:27:15,656 INFO: Executing Script Credit Memo Prodution Data Monitoring
2019-01-16 14:27:15,760 INFO: Executing CMProductionDataMonitoring.execute_main()
2019-01-16 14:27:20,890 INFO: Login in to Launchpad
2019-01-16 14:27:39,621 INFO: Executing CMProductionDataMonitoring.TaskFilter()
2019-01-16 14:27:39,810 INFO: Refreshing access_token
2019-01-16 14:27:46,863 INFO: select InProgress task from input sheet from CMProductionDataMonitoring.TaskFilter()
2019-01-16 14:27:46,863 INFO: Executing TransactionTrackerOperations.search_process_for_CMPDM() for: Performance Health|McKesson BASCOM PALMER EYE INST|810
2019-01-16 14:27:46,884 INFO: Executing TransactionTrackerOperations.select_customer()
2019-01-16 14:27:53,093 INFO: Executing TransactionTrackerOperations.select_customer()
2019-01-16 14:27:55,179 ERROR: Error in CMProductionDataMonitoring.TaskFilter()
2019-01-16 14:27:59,641 INFO: Executing TransactionTrackerOperations.search_process_for_CMPDM() for: Performance Health|McKesson CABELL HUNTINGTON HOSPITAL|810
2019-01-16 14:27:59,914 INFO: Executing TransactionTrackerOperations.select_customer()
2019-01-16 14:28:06,707 INFO: Executing TransactionTrackerOperations.select_customer()
2019-01-16 14:28:18,253 INFO: Executing TransactionTrackerOperations.get_CM_parcels()
2019-01-16 14:28:20,661 INFO: NoSuchElementException in TransactionTrackerOperations.get_CM_parcels()
2019-01-16 14:28:24,915 INFO: NoSuchElementException in TransactionTrackerOperations.get_CM_parcels()
2019-01-16 14:28:28,547 INFO: NoSuchElementException in TransactionTrackerOperations.get_CM_parcels()
2019-01-16 14:28:34,827 INFO: Executing TransactionTrackerOperations.search_process_for_CMPDM() for: Performance Health|McKesson CHILDRENS HOSPITAL|810
2019-01-16 14:28:35,355 INFO: Executing TransactionTrackerOperations.select_customer()
2019-01-16 14:28:42,146 INFO: Executing TransactionTrackerOperations.select_customer()
2019-01-16 14:28:53,319 INFO: Executing TransactionTrackerOperations.get_CM_parcels()
2019-01-16 14:28:55,628 INFO: NoSuchElementException in TransactionTrackerOperations.get_CM_parcels()
2019-01-16 14:28:59,965 INFO: NoSuchElementException in TransactionTrackerOperations.get_CM_parcels()
2019-01-16 14:29:02,968 INFO: NoSuchElementException in TransactionTrackerOperations.get_CM_parcels()
2019-01-16 14:29:10,186 INFO: Executing TransactionTrackerOperations.search_process_for_CMPDM() for: Performance Health|McKesson CHRISTIANA CARE HEALTH|810
2019-01-16 14:29:10,201 INFO: Executing TransactionTrackerOperations.select_customer()
2019-01-16 14:29:16,988 INFO: Executing TransactionTrackerOperations.select_customer()
2019-01-16 14:29:28,797 INFO: Executing TransactionTrackerOperations.get_CM_parcels()
2019-01-16 14:29:31,239 INFO: NoSuchElementException in TransactionTrackerOperations.get_CM_parcels()
2019-01-16 14:29:36,170 INFO: NoSuchElementException in TransactionTrackerOperations.get_CM_parcels()
2019-01-16 14:29:40,914 INFO: NoSuchElementException in TransactionTrackerOperations.get_CM_parcels()
2019-01-16 14:29:45,245 INFO: NoSuchElementException in TransactionTrackerOperations.get_CM_parcels()
2019-01-16 14:29:49,531 INFO: NoSuchElementException in TransactionTrackerOperations.get_CM_parcels()
2019-01-16 14:29:53,863 INFO: NoSuchElementException in TransactionTrackerOperations.get_CM_parcels()
2019-01-16 14:29:58,111 INFO: NoSuchElementException in TransactionTrackerOperations.get_CM_parcels()
2019-01-16 14:30:02,612 INFO: NoSuchElementException in TransactionTrackerOperations.get_CM_parcels()
2019-01-16 14:30:07,309 INFO: NoSuchElementException in TransactionTrackerOperations.get_CM_parcels()
2019-01-16 14:30:12,113 INFO: NoSuchElementException in TransactionTrackerOperations.get_CM_parcels()
2019-01-16 14:30:17,099 INFO: NoSuchElementException in TransactionTrackerOperations.get_CM_parcels()
2019-01-16 14:30:21,831 INFO: NoSuchElementException in TransactionTrackerOperations.get_CM_parcels()
2019-01-16 14:30:26,147 INFO: NoSuchElementException in TransactionTrackerOperations.get_CM_parcels()
2019-01-16 14:30:30,862 INFO: NoSuchElementException in TransactionTrackerOperations.get_CM_parcels()
2019-01-16 14:30:35,368 INFO: NoSuchElementException in TransactionTrackerOperations.get_CM_parcels()
2019-01-16 14:30:39,633 INFO: NoSuchElementException in TransactionTrackerOperations.get_CM_parcels()
2019-01-16 14:30:44,024 INFO: NoSuchElementException in TransactionTrackerOperations.get_CM_parcels()
2019-01-16 14:30:47,397 INFO: NoSuchElementException in TransactionTrackerOperations.get_CM_parcels()
2019-01-16 14:30:55,450 INFO: Executing TransactionTrackerOperations.search_process_for_CMPDM() for: Performance Health|McKesson EMH REGIONAL HEALTHCARE SYSTEMS|810
2019-01-16 14:30:55,679 INFO: Executing TransactionTrackerOperations.select_customer()
2019-01-16 14:31:02,440 INFO: Executing TransactionTrackerOperations.select_customer()
2019-01-16 14:31:13,691 INFO: Executing TransactionTrackerOperations.get_CM_parcels()
2019-01-16 14:31:19,324 INFO: Executing TransactionTrackerOperations.search_process_for_CMPDM() for: Performance Health|McKesson EMORY HEALTHCARE|810
2019-01-16 14:31:19,400 INFO: Executing TransactionTrackerOperations.select_customer()
2019-01-16 14:31:26,409 INFO: Executing TransactionTrackerOperations.select_customer()
2019-01-16 14:31:37,690 INFO: Executing TransactionTrackerOperations.get_CM_parcels()
2019-01-16 14:31:43,294 INFO: Executing TransactionTrackerOperations.search_process_for_CMPDM() for: Performance Health|McKesson FIRELANDS REGIONAL MEDICAL CENTER|810
2019-01-16 14:31:44,057 INFO: Executing TransactionTrackerOperations.select_customer()
2019-01-16 14:31:50,793 INFO: Executing TransactionTrackerOperations.select_customer()
2019-01-16 14:32:02,297 INFO: Executing TransactionTrackerOperations.get_CM_parcels()
2019-01-16 14:32:07,861 INFO: Executing TransactionTrackerOperations.search_process_for_CMPDM() for: Performance Health|McKesson FIRSTHEALTH CAROLINAS|810
2019-01-16 14:32:08,414 INFO: Executing TransactionTrackerOperations.select_customer()
2019-01-16 14:32:15,255 INFO: Executing TransactionTrackerOperations.select_customer()
2019-01-16 14:32:26,467 INFO: Executing TransactionTrackerOperations.get_CM_parcels()
2019-01-16 14:32:32,117 INFO: Executing TransactionTrackerOperations.search_process_for_CMPDM() for: Performance Health|McKesson FRANCISCAN ALLIANCE INC|810
2019-01-16 14:32:32,574 INFO: Executing TransactionTrackerOperations.select_customer()
2019-01-16 14:32:39,352 INFO: Executing TransactionTrackerOperations.select_customer()
2019-01-16 14:32:50,445 INFO: Executing TransactionTrackerOperations.get_CM_parcels()
2019-01-16 14:32:56,066 INFO: Executing TransactionTrackerOperations.search_process_for_CMPDM() for: Performance Health|McKesson GOOD SHEPHERD REHAB NETWORK|810
2019-01-16 14:32:56,361 INFO: Executing TransactionTrackerOperations.select_customer()
2019-01-16 14:33:03,106 INFO: Executing TransactionTrackerOperations.select_customer()
2019-01-16 14:33:14,396 INFO: Executing TransactionTrackerOperations.get_CM_parcels()
2019-01-16 14:33:16,705 INFO: NoSuchElementException in TransactionTrackerOperations.get_CM_parcels()
2019-01-16 14:33:20,989 INFO: NoSuchElementException in TransactionTrackerOperations.get_CM_parcels()
2019-01-16 14:33:25,238 INFO: NoSuchElementException in TransactionTrackerOperations.get_CM_parcels()
2019-01-16 14:33:29,370 INFO: NoSuchElementException in TransactionTrackerOperations.get_CM_parcels()
2019-01-16 14:33:33,555 INFO: NoSuchElementException in TransactionTrackerOperations.get_CM_parcels()
2019-01-16 14:33:37,855 INFO: NoSuchElementException in TransactionTrackerOperations.get_CM_parcels()
2019-01-16 14:33:42,229 INFO: NoSuchElementException in TransactionTrackerOperations.get_CM_parcels()
2019-01-16 14:33:46,534 INFO: NoSuchElementException in TransactionTrackerOperations.get_CM_parcels()
2019-01-16 14:33:50,794 INFO: NoSuchElementException in TransactionTrackerOperations.get_CM_parcels()
2019-01-16 14:33:55,025 INFO: NoSuchElementException in TransactionTrackerOperations.get_CM_parcels()
2019-01-16 14:33:59,310 INFO: NoSuchElementException in TransactionTrackerOperations.get_CM_parcels()
2019-01-16 14:34:03,510 INFO: NoSuchElementException in TransactionTrackerOperations.get_CM_parcels()
2019-01-16 14:34:07,718 INFO: NoSuchElementException in TransactionTrackerOperations.get_CM_parcels()
2019-01-16 14:34:11,981 INFO: NoSuchElementException in TransactionTrackerOperations.get_CM_parcels()
2019-01-16 14:34:16,362 INFO: NoSuchElementException in TransactionTrackerOperations.get_CM_parcels()
2019-01-16 14:34:20,671 INFO: NoSuchElementException in TransactionTrackerOperations.get_CM_parcels()
2019-01-16 14:34:24,835 INFO: NoSuchElementException in TransactionTrackerOperations.get_CM_parcels()
2019-01-16 14:34:29,145 INFO: NoSuchElementException in TransactionTrackerOperations.get_CM_parcels()
2019-01-16 14:34:32,596 INFO: NoSuchElementException in TransactionTrackerOperations.get_CM_parcels()
2019-01-16 14:34:39,726 INFO: Executing TransactionTrackerOperations.search_process_for_CMPDM() for: Performance Health|McKesson HALIFAX REGIONAL HOSPITAL|810
2019-01-16 14:34:40,280 INFO: Executing TransactionTrackerOperations.select_customer()
2019-01-16 14:34:47,124 INFO: Executing TransactionTrackerOperations.select_customer()
2019-01-16 14:34:58,318 INFO: Executing TransactionTrackerOperations.get_CM_parcels()
2019-01-16 14:35:04,027 INFO: Executing TransactionTrackerOperations.search_process_for_CMPDM() for: Performance Health|McKesson HATTISBURG CLINIC|810
2019-01-16 14:35:04,482 INFO: Executing TransactionTrackerOperations.select_customer()
2019-01-16 14:35:11,361 INFO: Executing TransactionTrackerOperations.select_customer()
2019-01-16 14:35:22,424 INFO: Executing TransactionTrackerOperations.get_CM_parcels()
2019-01-16 14:35:28,624 INFO: Executing TransactionTrackerOperations.search_process_for_CMPDM() for: Performance Health|McKesson IL BONE AND JOINT|810
2019-01-16 14:35:28,639 INFO: Executing TransactionTrackerOperations.select_customer()
2019-01-16 14:35:35,378 INFO: Executing TransactionTrackerOperations.select_customer()
2019-01-16 14:35:46,402 INFO: Executing TransactionTrackerOperations.get_CM_parcels()
2019-01-16 14:35:51,911 INFO: Executing TransactionTrackerOperations.search_process_for_CMPDM() for: Performance Health|McKesson LAKE CHARLES MEMORIAL HOSPITAL|810
2019-01-16 14:35:52,427 INFO: Executing TransactionTrackerOperations.select_customer()
2019-01-16 14:35:59,226 INFO: Executing TransactionTrackerOperations.select_customer()
2019-01-16 14:36:10,703 INFO: Executing TransactionTrackerOperations.get_CM_parcels()
2019-01-16 14:36:17,033 INFO: Executing TransactionTrackerOperations.search_process_for_CMPDM() for: Performance Health|McKesson LAWRENCE MEMORIAL HOSPITAL|810
2019-01-16 14:36:17,049 INFO: Executing TransactionTrackerOperations.select_customer()
2019-01-16 14:36:23,804 INFO: Executing TransactionTrackerOperations.select_customer()
2019-01-16 14:36:35,053 INFO: Executing TransactionTrackerOperations.get_CM_parcels()
2019-01-16 14:36:37,435 INFO: NoSuchElementException in TransactionTrackerOperations.get_CM_parcels()
2019-01-16 14:36:41,679 INFO: NoSuchElementException in TransactionTrackerOperations.get_CM_parcels()
2019-01-16 14:36:45,885 INFO: NoSuchElementException in TransactionTrackerOperations.get_CM_parcels()
2019-01-16 14:36:50,015 INFO: NoSuchElementException in TransactionTrackerOperations.get_CM_parcels()
2019-01-16 14:36:54,254 INFO: NoSuchElementException in TransactionTrackerOperations.get_CM_parcels()
2019-01-16 14:36:58,428 INFO: NoSuchElementException in TransactionTrackerOperations.get_CM_parcels()
2019-01-16 14:37:01,119 INFO: NoSuchElementException in TransactionTrackerOperations.get_CM_parcels()
2019-01-16 14:37:07,450 INFO: Executing TransactionTrackerOperations.search_process_for_CMPDM() for: Performance Health|McKesson LEESBURG REGIONAL|810
2019-01-16 14:37:07,788 INFO: Executing TransactionTrackerOperations.select_customer()
2019-01-16 14:37:14,577 INFO: Executing TransactionTrackerOperations.select_customer()
2019-01-16 14:37:25,656 INFO: Executing TransactionTrackerOperations.get_CM_parcels()
2019-01-16 14:37:26,573 INFO: NoSuchElementException in TransactionTrackerOperations.get_CM_parcels()
2019-01-16 14:37:32,876 INFO: Executing TransactionTrackerOperations.search_process_for_CMPDM() for: Performance Health|McKesson LOMA LINDA UNIVERSITY MEDICAL CENTER|810
2019-01-16 14:37:33,366 INFO: Executing TransactionTrackerOperations.select_customer()
2019-01-16 14:37:40,129 INFO: Executing TransactionTrackerOperations.select_customer()
2019-01-16 14:37:51,493 INFO: Executing TransactionTrackerOperations.get_CM_parcels()
2019-01-16 14:37:51,731 INFO: NoSuchElementException in TransactionTrackerOperations.get_CM_parcels()
2019-01-16 14:37:58,058 INFO: Executing TransactionTrackerOperations.search_process_for_CMPDM() for: Performance Health|McKesson MCG HEALTH INC|810
2019-01-16 14:37:58,605 INFO: Executing TransactionTrackerOperations.select_customer()
2019-01-16 14:38:05,425 INFO: Executing TransactionTrackerOperations.select_customer()
2019-01-16 14:38:16,480 INFO: Executing TransactionTrackerOperations.get_CM_parcels()
2019-01-16 14:38:18,805 INFO: NoSuchElementException in TransactionTrackerOperations.get_CM_parcels()
2019-01-16 14:38:23,166 INFO: NoSuchElementException in TransactionTrackerOperations.get_CM_parcels()
2019-01-16 14:38:27,269 INFO: NoSuchElementException in TransactionTrackerOperations.get_CM_parcels()
2019-01-16 14:38:31,454 INFO: NoSuchElementException in TransactionTrackerOperations.get_CM_parcels()
2019-01-16 14:38:35,588 INFO: NoSuchElementException in TransactionTrackerOperations.get_CM_parcels()
2019-01-16 14:38:39,853 INFO: NoSuchElementException in TransactionTrackerOperations.get_CM_parcels()
2019-01-16 14:38:42,242 INFO: NoSuchElementException in TransactionTrackerOperations.get_CM_parcels()
2019-01-16 14:38:48,558 INFO: Executing TransactionTrackerOperations.search_process_for_CMPDM() for: Performance Health|McKesson NCH HEALTHCARE|810
2019-01-16 14:38:48,980 INFO: Executing TransactionTrackerOperations.select_customer()
2019-01-16 14:38:55,717 INFO: Executing TransactionTrackerOperations.select_customer()
2019-01-16 14:39:06,642 INFO: Executing TransactionTrackerOperations.get_CM_parcels()
2019-01-16 14:39:08,933 INFO: NoSuchElementException in TransactionTrackerOperations.get_CM_parcels()
2019-01-16 14:39:13,137 INFO: NoSuchElementException in TransactionTrackerOperations.get_CM_parcels()
2019-01-16 14:39:17,404 INFO: NoSuchElementException in TransactionTrackerOperations.get_CM_parcels()
2019-01-16 14:39:21,578 INFO: NoSuchElementException in TransactionTrackerOperations.get_CM_parcels()
2019-01-16 14:39:25,743 INFO: NoSuchElementException in TransactionTrackerOperations.get_CM_parcels()
2019-01-16 14:39:29,939 INFO: NoSuchElementException in TransactionTrackerOperations.get_CM_parcels()
2019-01-16 14:39:34,093 INFO: NoSuchElementException in TransactionTrackerOperations.get_CM_parcels()
2019-01-16 14:39:38,255 INFO: NoSuchElementException in TransactionTrackerOperations.get_CM_parcels()
2019-01-16 14:39:41,254 INFO: NoSuchElementException in TransactionTrackerOperations.get_CM_parcels()
2019-01-16 14:39:47,870 INFO: Executing TransactionTrackerOperations.search_process_for_CMPDM() for: Performance Health|McKesson SACRED HEART HOSPITAL|810
2019-01-16 14:39:48,301 INFO: Executing TransactionTrackerOperations.select_customer()
2019-01-16 14:39:55,028 INFO: Executing TransactionTrackerOperations.select_customer()
2019-01-16 14:40:06,159 INFO: Executing TransactionTrackerOperations.get_CM_parcels()
2019-01-16 14:40:11,704 INFO: Executing TransactionTrackerOperations.search_process_for_CMPDM() for: Performance Health|McKesson SAINT FRANCES MEDICAL CENTER|810
2019-01-16 14:40:12,334 INFO: Executing TransactionTrackerOperations.select_customer()
2019-01-16 14:40:19,130 INFO: Executing TransactionTrackerOperations.select_customer()
2019-01-16 14:40:30,667 INFO: Executing TransactionTrackerOperations.get_CM_parcels()
2019-01-16 14:40:32,957 INFO: NoSuchElementException in TransactionTrackerOperations.get_CM_parcels()
2019-01-16 14:40:37,243 INFO: NoSuchElementException in TransactionTrackerOperations.get_CM_parcels()
2019-01-16 14:40:41,379 INFO: NoSuchElementException in TransactionTrackerOperations.get_CM_parcels()
2019-01-16 14:40:45,173 INFO: NoSuchElementException in TransactionTrackerOperations.get_CM_parcels()
2019-01-16 14:40:52,463 INFO: Executing TransactionTrackerOperations.search_process_for_CMPDM() for: Performance Health|McKesson SOUTHERN NEW HAMPSHIRE MEDICAL CENTER|810
2019-01-16 14:40:52,478 INFO: Executing TransactionTrackerOperations.select_customer()
2019-01-16 14:40:59,273 INFO: Executing TransactionTrackerOperations.select_customer()
2019-01-16 14:41:10,684 INFO: Executing TransactionTrackerOperations.get_CM_parcels()
2019-01-16 14:41:12,967 INFO: NoSuchElementException in TransactionTrackerOperations.get_CM_parcels()
2019-01-16 14:41:17,152 INFO: NoSuchElementException in TransactionTrackerOperations.get_CM_parcels()
2019-01-16 14:41:21,376 INFO: NoSuchElementException in TransactionTrackerOperations.get_CM_parcels()
2019-01-16 14:41:25,536 INFO: NoSuchElementException in TransactionTrackerOperations.get_CM_parcels()
2019-01-16 14:41:28,756 INFO: NoSuchElementException in TransactionTrackerOperations.get_CM_parcels()
2019-01-16 14:41:35,116 INFO: Executing TransactionTrackerOperations.search_process_for_CMPDM() for: Performance Health|McKesson TIFT REGIONAL MEDICAL CENTER|810
2019-01-16 14:41:35,754 INFO: Executing TransactionTrackerOperations.select_customer()
2019-01-16 14:41:42,552 INFO: Executing TransactionTrackerOperations.select_customer()
2019-01-16 14:41:54,131 INFO: Executing TransactionTrackerOperations.get_CM_parcels()
2019-01-16 14:41:59,822 INFO: Executing TransactionTrackerOperations.search_process_for_CMPDM() for: Performance Health|McKesson TRINITY MOTHER FRANCES HOSPITAL|810
2019-01-16 14:42:00,368 INFO: Executing TransactionTrackerOperations.select_customer()
2019-01-16 14:42:07,152 INFO: Executing TransactionTrackerOperations.select_customer()
2019-01-16 14:42:18,479 INFO: Executing TransactionTrackerOperations.get_CM_parcels()
2019-01-16 14:42:20,771 INFO: NoSuchElementException in TransactionTrackerOperations.get_CM_parcels()
2019-01-16 14:42:25,004 INFO: NoSuchElementException in TransactionTrackerOperations.get_CM_parcels()
2019-01-16 14:42:29,113 INFO: NoSuchElementException in TransactionTrackerOperations.get_CM_parcels()
2019-01-16 14:42:33,299 INFO: NoSuchElementException in TransactionTrackerOperations.get_CM_parcels()
2019-01-16 14:42:37,423 INFO: NoSuchElementException in TransactionTrackerOperations.get_CM_parcels()
2019-01-16 14:42:41,608 INFO: NoSuchElementException in TransactionTrackerOperations.get_CM_parcels()
2019-01-16 14:42:45,732 INFO: NoSuchElementException in TransactionTrackerOperations.get_CM_parcels()
2019-01-16 14:42:49,940 INFO: NoSuchElementException in TransactionTrackerOperations.get_CM_parcels()
2019-01-16 14:42:52,499 INFO: NoSuchElementException in TransactionTrackerOperations.get_CM_parcels()
2019-01-16 14:42:58,774 INFO: Executing TransactionTrackerOperations.search_process_for_CMPDM() for: Performance Health|McKesson Truman Medical Center|810
2019-01-16 14:42:59,356 INFO: Executing TransactionTrackerOperations.select_customer()
2019-01-16 14:43:06,135 INFO: Executing TransactionTrackerOperations.select_customer()
2019-01-16 14:43:17,187 INFO: Executing TransactionTrackerOperations.get_CM_parcels()
2019-01-16 14:43:22,719 INFO: Executing TransactionTrackerOperations.search_process_for_CMPDM() for: Performance Health|McKesson UNITED HOSPITAL SYSTEM INC|810
2019-01-16 14:43:23,142 INFO: Executing TransactionTrackerOperations.select_customer()
2019-01-16 14:43:29,937 INFO: Executing TransactionTrackerOperations.select_customer()
2019-01-16 14:43:41,103 INFO: Executing TransactionTrackerOperations.get_CM_parcels()
2019-01-16 14:43:43,497 INFO: NoSuchElementException in TransactionTrackerOperations.get_CM_parcels()
2019-01-16 14:43:47,706 INFO: NoSuchElementException in TransactionTrackerOperations.get_CM_parcels()
2019-01-16 14:43:51,860 INFO: NoSuchElementException in TransactionTrackerOperations.get_CM_parcels()
2019-01-16 14:43:55,601 INFO: NoSuchElementException in TransactionTrackerOperations.get_CM_parcels()
2019-01-16 14:44:01,881 INFO: Executing TransactionTrackerOperations.search_process_for_CMPDM() for: Performance Health|McKesson VAIL VALLEY MEDICAL CENTER|810
2019-01-16 14:44:02,383 INFO: Executing TransactionTrackerOperations.select_customer()
2019-01-16 14:44:09,178 INFO: Executing TransactionTrackerOperations.select_customer()
2019-01-16 14:44:20,520 INFO: Executing TransactionTrackerOperations.get_CM_parcels()
2019-01-16 14:44:26,372 INFO: Executing TransactionTrackerOperations.search_process_for_CMPDM() for: Performance Health|McKesson WHEATON FRANCISCAN HEALTHCARE|810
2019-01-16 14:44:26,942 INFO: Executing TransactionTrackerOperations.select_customer()
2019-01-16 14:44:33,731 INFO: Executing TransactionTrackerOperations.select_customer()
2019-01-16 14:44:45,386 INFO: Executing TransactionTrackerOperations.get_CM_parcels()
2019-01-16 14:44:51,033 INFO: Executing TransactionTrackerOperations.search_process_for_CMPDM() for: Performance Health|MFA DSSI|810
2019-01-16 14:44:51,547 INFO: Executing TransactionTrackerOperations.select_customer()
2019-01-16 14:44:58,362 INFO: Executing TransactionTrackerOperations.select_customer()
2019-01-16 14:45:09,136 INFO: Executing TransactionTrackerOperations.get_CM_parcels()
2019-01-16 14:45:14,711 INFO: Executing TransactionTrackerOperations.search_process_for_CMPDM() for: Performance Health|MIDWEST GERIATRIC DSSI|810
2019-01-16 14:45:15,314 INFO: Executing TransactionTrackerOperations.select_customer()
2019-01-16 14:45:22,081 INFO: Executing TransactionTrackerOperations.select_customer()
2019-01-16 14:45:32,991 INFO: Executing TransactionTrackerOperations.get_CM_parcels()
2019-01-16 14:45:33,290 INFO: NoSuchElementException in TransactionTrackerOperations.get_CM_parcels()
2019-01-16 14:45:39,832 INFO: Executing TransactionTrackerOperations.search_process_for_CMPDM() for: Performance Health|MIDWEST HEALTH DSSI|810
2019-01-16 14:45:40,302 INFO: Executing TransactionTrackerOperations.select_customer()
2019-01-16 14:45:47,081 INFO: Executing TransactionTrackerOperations.select_customer()
2019-01-16 14:45:58,125 INFO: Executing TransactionTrackerOperations.get_CM_parcels()
2019-01-16 14:46:00,408 INFO: NoSuchElementException in TransactionTrackerOperations.get_CM_parcels()
2019-01-16 14:46:04,594 INFO: NoSuchElementException in TransactionTrackerOperations.get_CM_parcels()
2019-01-16 14:46:08,776 INFO: NoSuchElementException in TransactionTrackerOperations.get_CM_parcels()
2019-01-16 14:46:12,916 INFO: NoSuchElementException in TransactionTrackerOperations.get_CM_parcels()
2019-01-16 14:46:20,450 INFO: Executing TransactionTrackerOperations.search_process_for_CMPDM() for: Performance Health|MISSION HEALTH DSSI|810
2019-01-16 14:46:20,942 INFO: Executing TransactionTrackerOperations.select_customer()
2019-01-16 14:46:27,722 INFO: Executing TransactionTrackerOperations.select_customer()
2019-01-16 14:46:38,641 INFO: Executing TransactionTrackerOperations.get_CM_parcels()
2019-01-16 14:46:41,027 INFO: NoSuchElementException in TransactionTrackerOperations.get_CM_parcels()
2019-01-16 14:46:45,220 INFO: NoSuchElementException in TransactionTrackerOperations.get_CM_parcels()
2019-01-16 14:46:49,421 INFO: NoSuchElementException in TransactionTrackerOperations.get_CM_parcels()
2019-01-16 14:46:53,615 INFO: NoSuchElementException in TransactionTrackerOperations.get_CM_parcels()
2019-01-16 14:46:57,780 INFO: NoSuchElementException in TransactionTrackerOperations.get_CM_parcels()
2019-01-16 14:47:01,959 INFO: NoSuchElementException in TransactionTrackerOperations.get_CM_parcels()
2019-01-16 14:47:06,229 INFO: NoSuchElementException in TransactionTrackerOperations.get_CM_parcels()
2019-01-16 14:47:10,470 INFO: NoSuchElementException in TransactionTrackerOperations.get_CM_parcels()
2019-01-16 14:47:14,655 INFO: NoSuchElementException in TransactionTrackerOperations.get_CM_parcels()
2019-01-16 14:47:18,650 INFO: NoSuchElementException in TransactionTrackerOperations.get_CM_parcels()
2019-01-16 14:47:25,779 INFO: Executing TransactionTrackerOperations.search_process_for_CMPDM() for: Performance Health|NEXION DSSI|810
2019-01-16 14:47:26,192 INFO: Executing TransactionTrackerOperations.select_customer()
2019-01-16 14:47:32,959 INFO: Executing TransactionTrackerOperations.select_customer()
2019-01-16 14:47:43,894 INFO: Executing TransactionTrackerOperations.get_CM_parcels()
2019-01-16 14:47:46,213 INFO: NoSuchElementException in TransactionTrackerOperations.get_CM_parcels()
2019-01-16 14:47:50,451 INFO: NoSuchElementException in TransactionTrackerOperations.get_CM_parcels()
2019-01-16 14:47:54,612 INFO: NoSuchElementException in TransactionTrackerOperations.get_CM_parcels()
2019-01-16 14:47:58,777 INFO: NoSuchElementException in TransactionTrackerOperations.get_CM_parcels()
2019-01-16 14:48:02,933 INFO: NoSuchElementException in TransactionTrackerOperations.get_CM_parcels()
2019-01-16 14:48:07,123 INFO: NoSuchElementException in TransactionTrackerOperations.get_CM_parcels()
2019-01-16 14:48:11,355 INFO: NoSuchElementException in TransactionTrackerOperations.get_CM_parcels()
2019-01-16 14:48:15,551 INFO: NoSuchElementException in TransactionTrackerOperations.get_CM_parcels()
2019-01-16 14:48:19,792 INFO: NoSuchElementException in TransactionTrackerOperations.get_CM_parcels()
2019-01-16 14:48:24,011 INFO: NoSuchElementException in TransactionTrackerOperations.get_CM_parcels()
2019-01-16 14:48:27,968 INFO: NoSuchElementException in TransactionTrackerOperations.get_CM_parcels()
2019-01-16 14:48:36,451 INFO: Executing TransactionTrackerOperations.search_process_for_CMPDM() for: Performance Health|NOLAND HEALTH SERVICES DSSI|810
2019-01-16 14:48:36,699 INFO: Executing TransactionTrackerOperations.select_customer()
2019-01-16 14:48:43,465 INFO: Executing TransactionTrackerOperations.select_customer()
2019-01-16 14:48:54,848 INFO: Executing TransactionTrackerOperations.get_CM_parcels()
2019-01-16 14:48:57,136 INFO: NoSuchElementException in TransactionTrackerOperations.get_CM_parcels()
2019-01-16 14:49:01,365 INFO: NoSuchElementException in TransactionTrackerOperations.get_CM_parcels()
2019-01-16 14:49:05,571 INFO: NoSuchElementException in TransactionTrackerOperations.get_CM_parcels()
2019-01-16 14:49:09,763 INFO: NoSuchElementException in TransactionTrackerOperations.get_CM_parcels()
2019-01-16 14:49:13,875 INFO: NoSuchElementException in TransactionTrackerOperations.get_CM_parcels()
2019-01-16 14:49:18,128 INFO: NoSuchElementException in TransactionTrackerOperations.get_CM_parcels()
2019-01-16 14:49:21,349 INFO: NoSuchElementException in TransactionTrackerOperations.get_CM_parcels()
2019-01-16 14:49:27,649 INFO: Executing TransactionTrackerOperations.search_process_for_CMPDM() for: Performance Health|NORTHPORT DSSI|810
2019-01-16 14:49:28,457 INFO: Executing TransactionTrackerOperations.select_customer()
2019-01-16 14:49:35,261 INFO: Executing TransactionTrackerOperations.select_customer()
2019-01-16 14:49:46,266 INFO: Executing TransactionTrackerOperations.get_CM_parcels()
2019-01-16 14:49:51,862 INFO: Executing TransactionTrackerOperations.search_process_for_CMPDM() for: Performance Health|NUVISION DSSI|810
2019-01-16 14:49:52,558 INFO: Executing TransactionTrackerOperations.select_customer()
2019-01-16 14:49:59,345 INFO: Executing TransactionTrackerOperations.select_customer()
2019-01-16 14:50:10,300 INFO: Executing TransactionTrackerOperations.get_CM_parcels()
2019-01-16 14:50:12,589 INFO: NoSuchElementException in TransactionTrackerOperations.get_CM_parcels()
2019-01-16 14:50:16,847 INFO: NoSuchElementException in TransactionTrackerOperations.get_CM_parcels()
2019-01-16 14:50:21,030 INFO: NoSuchElementException in TransactionTrackerOperations.get_CM_parcels()
2019-01-16 14:50:24,660 INFO: NoSuchElementException in TransactionTrackerOperations.get_CM_parcels()
2019-01-16 14:50:30,855 INFO: Executing TransactionTrackerOperations.search_process_for_CMPDM() for: Performance Health|ONIX GROUP DSSI|810
2019-01-16 14:50:31,462 INFO: Executing TransactionTrackerOperations.select_customer()
2019-01-16 14:50:38,237 INFO: Executing TransactionTrackerOperations.select_customer()
2019-01-16 14:50:49,352 INFO: Executing TransactionTrackerOperations.get_CM_parcels()
2019-01-16 14:50:51,630 INFO: NoSuchElementException in TransactionTrackerOperations.get_CM_parcels()
2019-01-16 14:50:55,843 INFO: NoSuchElementException in TransactionTrackerOperations.get_CM_parcels()
2019-01-16 14:51:00,073 INFO: NoSuchElementException in TransactionTrackerOperations.get_CM_parcels()
2019-01-16 14:51:04,238 INFO: NoSuchElementException in TransactionTrackerOperations.get_CM_parcels()
2019-01-16 14:51:07,582 INFO: NoSuchElementException in TransactionTrackerOperations.get_CM_parcels()
2019-01-16 14:51:13,881 INFO: Executing TransactionTrackerOperations.search_process_for_CMPDM() for: Performance Health|PENNMED CONSULTANTS INC DSSI|810
2019-01-16 14:51:14,336 INFO: Executing TransactionTrackerOperations.select_customer()
2019-01-16 14:51:21,142 INFO: Executing TransactionTrackerOperations.select_customer()
2019-01-16 14:51:32,337 INFO: Executing TransactionTrackerOperations.get_CM_parcels()
2019-01-16 14:51:38,730 INFO: Executing TransactionTrackerOperations.search_process_for_CMPDM() for: Performance Health|PREFERRED CARE DSSI|810
2019-01-16 14:51:38,746 INFO: Executing TransactionTrackerOperations.select_customer()
2019-01-16 14:51:45,547 INFO: Executing TransactionTrackerOperations.select_customer()
2019-01-16 14:51:56,651 INFO: Executing TransactionTrackerOperations.get_CM_parcels()
2019-01-16 14:52:02,146 INFO: Executing TransactionTrackerOperations.search_process_for_CMPDM() for: Performance Health|PRESBYTERIAN HOMES AND SERVICES DSSI|810
2019-01-16 14:52:02,537 INFO: Executing TransactionTrackerOperations.select_customer()
2019-01-16 14:52:09,336 INFO: Executing TransactionTrackerOperations.select_customer()
2019-01-16 14:52:20,571 INFO: Executing TransactionTrackerOperations.get_CM_parcels()
2019-01-16 14:52:22,858 INFO: NoSuchElementException in TransactionTrackerOperations.get_CM_parcels()
2019-01-16 14:52:26,992 INFO: NoSuchElementException in TransactionTrackerOperations.get_CM_parcels()
2019-01-16 14:52:31,071 INFO: NoSuchElementException in TransactionTrackerOperations.get_CM_parcels()
2019-01-16 14:52:35,231 INFO: NoSuchElementException in TransactionTrackerOperations.get_CM_parcels()
2019-01-16 14:52:39,354 INFO: NoSuchElementException in TransactionTrackerOperations.get_CM_parcels()
2019-01-16 14:52:43,522 INFO: NoSuchElementException in TransactionTrackerOperations.get_CM_parcels()
2019-01-16 14:52:47,718 INFO: NoSuchElementException in TransactionTrackerOperations.get_CM_parcels()
2019-01-16 14:52:51,948 INFO: NoSuchElementException in TransactionTrackerOperations.get_CM_parcels()
2019-01-16 14:52:54,381 INFO: NoSuchElementException in TransactionTrackerOperations.get_CM_parcels()
2019-01-16 14:53:00,746 INFO: Executing TransactionTrackerOperations.search_process_for_CMPDM() for: Performance Health|PRESBYTERIAN SENIOR LIVING DSSI|810
2019-01-16 14:53:01,308 INFO: Executing TransactionTrackerOperations.select_customer()
2019-01-16 14:53:08,091 INFO: Executing TransactionTrackerOperations.select_customer()
2019-01-16 14:53:19,389 INFO: Executing TransactionTrackerOperations.get_CM_parcels()
2019-01-16 14:53:21,681 INFO: NoSuchElementException in TransactionTrackerOperations.get_CM_parcels()
2019-01-16 14:53:25,883 INFO: NoSuchElementException in TransactionTrackerOperations.get_CM_parcels()
2019-01-16 14:53:30,101 INFO: NoSuchElementException in TransactionTrackerOperations.get_CM_parcels()
2019-01-16 14:53:34,189 INFO: NoSuchElementException in TransactionTrackerOperations.get_CM_parcels()
2019-01-16 14:53:38,342 INFO: NoSuchElementException in TransactionTrackerOperations.get_CM_parcels()
2019-01-16 14:53:41,128 INFO: NoSuchElementException in TransactionTrackerOperations.get_CM_parcels()
2019-01-16 14:53:47,524 INFO: Executing TransactionTrackerOperations.search_process_for_CMPDM() for: Performance Health|QUALITY LIFE SERVICES DSSI|810
2019-01-16 14:53:47,937 INFO: Executing TransactionTrackerOperations.select_customer()
2019-01-16 14:53:54,722 INFO: Executing TransactionTrackerOperations.select_customer()
2019-01-16 14:54:05,768 INFO: Executing TransactionTrackerOperations.get_CM_parcels()
2019-01-16 14:54:08,011 INFO: NoSuchElementException in TransactionTrackerOperations.get_CM_parcels()
2019-01-16 14:54:12,221 INFO: NoSuchElementException in TransactionTrackerOperations.get_CM_parcels()
2019-01-16 14:54:16,489 INFO: NoSuchElementException in TransactionTrackerOperations.get_CM_parcels()
2019-01-16 14:54:20,675 INFO: NoSuchElementException in TransactionTrackerOperations.get_CM_parcels()
2019-01-16 14:54:24,868 INFO: NoSuchElementException in TransactionTrackerOperations.get_CM_parcels()
2019-01-16 14:54:29,062 INFO: NoSuchElementException in TransactionTrackerOperations.get_CM_parcels()
2019-01-16 14:54:33,311 INFO: NoSuchElementException in TransactionTrackerOperations.get_CM_parcels()
2019-01-16 14:54:36,930 INFO: NoSuchElementException in TransactionTrackerOperations.get_CM_parcels()
2019-01-16 14:54:43,279 INFO: Executing TransactionTrackerOperations.search_process_for_CMPDM() for: Performance Health|Quest Healthcare Development DSSI|810
2019-01-16 14:54:43,650 INFO: Executing TransactionTrackerOperations.select_customer()
2019-01-16 14:54:50,478 INFO: Executing TransactionTrackerOperations.select_customer()
2019-01-16 14:55:01,571 INFO: Executing TransactionTrackerOperations.get_CM_parcels()
2019-01-16 14:55:07,224 INFO: Executing TransactionTrackerOperations.search_process_for_CMPDM() for: Performance Health|Regency Integrated Health Services DSSI|810
2019-01-16 14:55:07,921 INFO: Executing TransactionTrackerOperations.select_customer()
2019-01-16 14:55:14,713 INFO: Executing TransactionTrackerOperations.select_customer()
2019-01-16 14:55:25,846 INFO: Executing TransactionTrackerOperations.get_CM_parcels()
2019-01-16 14:55:31,375 INFO: Executing TransactionTrackerOperations.search_process_for_CMPDM() for: Performance Health|RENNES HEALTH DSSI|810
2019-01-16 14:55:31,740 INFO: Executing TransactionTrackerOperations.select_customer()
2019-01-16 14:55:38,541 INFO: Executing TransactionTrackerOperations.select_customer()
2019-01-16 14:55:49,407 INFO: Executing TransactionTrackerOperations.get_CM_parcels()
2019-01-16 14:55:51,758 INFO: NoSuchElementException in TransactionTrackerOperations.get_CM_parcels()
2019-01-16 14:55:55,991 INFO: NoSuchElementException in TransactionTrackerOperations.get_CM_parcels()
2019-01-16 14:56:00,071 INFO: NoSuchElementException in TransactionTrackerOperations.get_CM_parcels()
2019-01-16 14:56:04,248 INFO: NoSuchElementException in TransactionTrackerOperations.get_CM_parcels()
2019-01-16 14:56:08,375 INFO: NoSuchElementException in TransactionTrackerOperations.get_CM_parcels()
2019-01-16 14:56:12,568 INFO: NoSuchElementException in TransactionTrackerOperations.get_CM_parcels()
2019-01-16 14:56:14,975 INFO: NoSuchElementException in TransactionTrackerOperations.get_CM_parcels()
2019-01-16 14:56:21,179 INFO: Executing TransactionTrackerOperations.search_process_for_CMPDM() for: Performance Health|SABER HEALTHCARE DSSI|810
2019-01-16 14:56:21,733 INFO: Executing TransactionTrackerOperations.select_customer()
2019-01-16 14:56:28,511 INFO: Executing TransactionTrackerOperations.select_customer()
2019-01-16 14:56:39,776 INFO: Executing TransactionTrackerOperations.get_CM_parcels()
2019-01-16 14:56:45,269 INFO: Executing TransactionTrackerOperations.search_process_for_CMPDM() for: Performance Health|SPRENGER HEALTHCARE DSSI|810
2019-01-16 14:56:45,893 INFO: Executing TransactionTrackerOperations.select_customer()
2019-01-16 14:56:52,670 INFO: Executing TransactionTrackerOperations.select_customer()
2019-01-16 14:57:03,868 INFO: Executing TransactionTrackerOperations.get_CM_parcels()
2019-01-16 14:57:06,426 INFO: NoSuchElementException in TransactionTrackerOperations.get_CM_parcels()
2019-01-16 14:57:10,650 INFO: NoSuchElementException in TransactionTrackerOperations.get_CM_parcels()
2019-01-16 14:57:14,798 INFO: NoSuchElementException in TransactionTrackerOperations.get_CM_parcels()
2019-01-16 14:57:19,041 INFO: NoSuchElementException in TransactionTrackerOperations.get_CM_parcels()
2019-01-16 14:57:23,204 INFO: NoSuchElementException in TransactionTrackerOperations.get_CM_parcels()
2019-01-16 14:57:27,316 INFO: NoSuchElementException in TransactionTrackerOperations.get_CM_parcels()
2019-01-16 14:57:31,461 INFO: NoSuchElementException in TransactionTrackerOperations.get_CM_parcels()
2019-01-16 14:57:35,715 INFO: NoSuchElementException in TransactionTrackerOperations.get_CM_parcels()
2019-01-16 14:57:39,823 INFO: NoSuchElementException in TransactionTrackerOperations.get_CM_parcels()
2019-01-16 14:57:44,088 INFO: NoSuchElementException in TransactionTrackerOperations.get_CM_parcels()
2019-01-16 14:57:48,326 INFO: NoSuchElementException in TransactionTrackerOperations.get_CM_parcels()
2019-01-16 14:57:52,557 INFO: NoSuchElementException in TransactionTrackerOperations.get_CM_parcels()
2019-01-16 14:57:56,896 INFO: NoSuchElementException in TransactionTrackerOperations.get_CM_parcels()
2019-01-16 14:58:01,158 INFO: NoSuchElementException in TransactionTrackerOperations.get_CM_parcels()
2019-01-16 14:58:03,722 INFO: NoSuchElementException in TransactionTrackerOperations.get_CM_parcels()
2019-01-16 14:58:11,263 INFO: Executing TransactionTrackerOperations.search_process_for_CMPDM() for: Performance Health|SPRINGPOINT DSSI|810
2019-01-16 14:58:11,419 INFO: Executing TransactionTrackerOperations.select_customer()
2019-01-16 14:58:18,183 INFO: Executing TransactionTrackerOperations.select_customer()
2019-01-16 14:58:29,285 INFO: Executing TransactionTrackerOperations.get_CM_parcels()
2019-01-16 14:58:31,547 INFO: NoSuchElementException in TransactionTrackerOperations.get_CM_parcels()
2019-01-16 14:58:35,759 INFO: NoSuchElementException in TransactionTrackerOperations.get_CM_parcels()
2019-01-16 14:58:39,954 INFO: NoSuchElementException in TransactionTrackerOperations.get_CM_parcels()
2019-01-16 14:58:44,035 INFO: NoSuchElementException in TransactionTrackerOperations.get_CM_parcels()
2019-01-16 14:58:47,561 INFO: NoSuchElementException in TransactionTrackerOperations.get_CM_parcels()
2019-01-16 14:58:54,742 INFO: Executing TransactionTrackerOperations.search_process_for_CMPDM() for: Performance Health|STONERISE MEDICAL DSSI|810
2019-01-16 14:58:54,945 INFO: Executing TransactionTrackerOperations.select_customer()
2019-01-16 14:59:01,710 INFO: Executing TransactionTrackerOperations.select_customer()
2019-01-16 14:59:12,772 INFO: Executing TransactionTrackerOperations.get_CM_parcels()
2019-01-16 14:59:18,456 INFO: Executing TransactionTrackerOperations.search_process_for_CMPDM() for: Performance Health|TAMARAC ADMINISTRACTIVE SERVICES DSSI|810
2019-01-16 14:59:19,126 INFO: Executing TransactionTrackerOperations.select_customer()
2019-01-16 14:59:25,911 INFO: Executing TransactionTrackerOperations.select_customer()
2019-01-16 14:59:37,373 INFO: Executing TransactionTrackerOperations.get_CM_parcels()
2019-01-16 14:59:43,084 INFO: Executing TransactionTrackerOperations.search_process_for_CMPDM() for: Performance Health|TANDEM HEALTHCARE DSSI|810
2019-01-16 14:59:43,869 INFO: Executing TransactionTrackerOperations.select_customer()
2019-01-16 14:59:50,665 INFO: Executing TransactionTrackerOperations.select_customer()
2019-01-16 15:00:01,842 INFO: Executing TransactionTrackerOperations.get_CM_parcels()
2019-01-16 15:00:07,372 INFO: Executing TransactionTrackerOperations.search_process_for_CMPDM() for: Performance Health|TARA CARES LLC DSSI|810
2019-01-16 15:00:07,833 INFO: Executing TransactionTrackerOperations.select_customer()
2019-01-16 15:00:14,605 INFO: Executing TransactionTrackerOperations.select_customer()
2019-01-16 15:00:25,609 INFO: Executing TransactionTrackerOperations.get_CM_parcels()
2019-01-16 15:00:31,238 INFO: Executing TransactionTrackerOperations.search_process_for_CMPDM() for: Performance Health|TEALWOOD TWN DSSI|810
2019-01-16 15:00:31,757 INFO: Executing TransactionTrackerOperations.select_customer()
2019-01-16 15:00:38,528 INFO: Executing TransactionTrackerOperations.select_customer()
2019-01-16 15:00:49,699 INFO: Executing TransactionTrackerOperations.get_CM_parcels()
2019-01-16 15:00:51,950 INFO: NoSuchElementException in TransactionTrackerOperations.get_CM_parcels()
2019-01-16 15:00:56,202 INFO: NoSuchElementException in TransactionTrackerOperations.get_CM_parcels()
2019-01-16 15:01:00,334 INFO: NoSuchElementException in TransactionTrackerOperations.get_CM_parcels()
2019-01-16 15:01:04,453 INFO: NoSuchElementException in TransactionTrackerOperations.get_CM_parcels()
2019-01-16 15:01:08,584 INFO: NoSuchElementException in TransactionTrackerOperations.get_CM_parcels()
2019-01-16 15:01:12,751 INFO: NoSuchElementException in TransactionTrackerOperations.get_CM_parcels()
2019-01-16 15:01:16,893 INFO: NoSuchElementException in TransactionTrackerOperations.get_CM_parcels()
2019-01-16 15:01:21,111 INFO: NoSuchElementException in TransactionTrackerOperations.get_CM_parcels()
2019-01-16 15:01:25,271 INFO: NoSuchElementException in TransactionTrackerOperations.get_CM_parcels()
2019-01-16 15:01:29,593 INFO: NoSuchElementException in TransactionTrackerOperations.get_CM_parcels()
2019-01-16 15:01:33,766 INFO: NoSuchElementException in TransactionTrackerOperations.get_CM_parcels()
2019-01-16 15:01:37,922 INFO: NoSuchElementException in TransactionTrackerOperations.get_CM_parcels()
2019-01-16 15:01:42,185 INFO: NoSuchElementException in TransactionTrackerOperations.get_CM_parcels()
2019-01-16 15:01:52,279 INFO: Executing TransactionTrackerOperations.search_process_for_CMPDM() for: Performance Health|TRANS HEALTH CARE DSSI|810
2019-01-16 15:01:52,326 INFO: Executing TransactionTrackerOperations.select_customer()
2019-01-16 15:01:59,104 INFO: Executing TransactionTrackerOperations.select_customer()
2019-01-16 15:02:10,310 INFO: Executing TransactionTrackerOperations.get_CM_parcels()
2019-01-16 15:02:16,037 INFO: Executing TransactionTrackerOperations.search_process_for_CMPDM() for: Performance Health|UNITED MEDICAL DSSI|810
2019-01-16 15:02:16,731 INFO: Executing TransactionTrackerOperations.select_customer()
2019-01-16 15:02:23,524 INFO: Executing TransactionTrackerOperations.select_customer()
2019-01-16 15:02:34,647 INFO: Executing TransactionTrackerOperations.get_CM_parcels()
2019-01-16 15:02:40,272 INFO: Executing TransactionTrackerOperations.search_process_for_CMPDM() for: Performance Health|WILMAC DSSI|810
2019-01-16 15:02:40,987 INFO: Executing TransactionTrackerOperations.select_customer()
2019-01-16 15:02:47,828 INFO: Executing TransactionTrackerOperations.select_customer()
2019-01-16 15:02:58,647 INFO: Executing TransactionTrackerOperations.get_CM_parcels()
2019-01-16 15:03:00,913 INFO: NoSuchElementException in TransactionTrackerOperations.get_CM_parcels()
2019-01-16 15:03:05,207 INFO: NoSuchElementException in TransactionTrackerOperations.get_CM_parcels()
2019-01-16 15:03:09,308 INFO: NoSuchElementException in TransactionTrackerOperations.get_CM_parcels()
2019-01-16 15:03:13,501 INFO: NoSuchElementException in TransactionTrackerOperations.get_CM_parcels()
2019-01-16 15:03:17,642 INFO: NoSuchElementException in TransactionTrackerOperations.get_CM_parcels()
2019-01-16 15:03:25,395 INFO: Executing TransactionTrackerOperations.search_process_for_CMPDM() for: Performance Health|Senior Care Centers LLC|810
2019-01-16 15:03:26,262 INFO: Executing TransactionTrackerOperations.select_customer()
2019-01-16 15:03:33,017 INFO: Executing TransactionTrackerOperations.select_customer()
2019-01-16 15:03:43,948 INFO: Executing TransactionTrackerOperations.get_CM_parcels()
2019-01-16 15:03:49,483 INFO: completed CMProductionDataMonitoring.execute_main()
