2018-11-27 17:25:37,926 INFO: Executing Script Credit Memo Prodution Data Monitoring
2018-11-27 17:25:38,161 INFO: Executing CMProductionDataMonitoring.execute_main()
2018-11-27 17:25:51,058 INFO: Login in to Launchpad
2018-11-27 17:26:05,678 INFO: Executing CMProductionDataMonitoring.TaskFilter()
2018-11-27 17:26:05,985 INFO: Refreshing access_token
2018-11-27 17:26:11,487 INFO: select InProgress task from input sheet from CMProductionDataMonitoring.TaskFilter()
2018-11-27 17:26:11,487 INFO: Executing TransactionTrackerOperations.search_process_for_CMPDM() for: Performance Health|McKesson BASCOM PALMER EYE INST|810
2018-11-27 17:26:11,540 INFO: Executing TransactionTrackerOperations.select_customer()
2018-11-27 17:26:18,418 INFO: Executing TransactionTrackerOperations.select_customer()
2018-11-27 17:26:30,552 INFO: Executing TransactionTrackerOperations.get_CM_parcels()
2018-11-27 17:26:37,954 INFO: Executing TransactionTrackerOperations.search_process_for_CMPDM() for: Performance Health|McKesson CABELL HUNTINGTON HOSPITAL|810
2018-11-27 17:26:37,973 INFO: Executing TransactionTrackerOperations.select_customer()
2018-11-27 17:26:44,738 INFO: Executing TransactionTrackerOperations.select_customer()
2018-11-27 17:26:55,976 INFO: Executing TransactionTrackerOperations.get_CM_parcels()
2018-11-27 17:26:58,475 INFO: NoSuchElementException in TransactionTrackerOperations.get_CM_parcels()
2018-11-27 17:27:02,415 INFO: NoSuchElementException in TransactionTrackerOperations.get_CM_parcels()
2018-11-27 17:27:09,757 INFO: Executing TransactionTrackerOperations.search_process_for_CMPDM() for: Performance Health|McKesson CHILDRENS HOSPITAL|810
2018-11-27 17:27:10,430 INFO: Executing TransactionTrackerOperations.select_customer()
2018-11-27 17:27:17,152 INFO: Executing TransactionTrackerOperations.select_customer()
2018-11-27 17:27:28,466 INFO: Executing TransactionTrackerOperations.get_CM_parcels()
2018-11-27 17:27:31,010 INFO: NoSuchElementException in TransactionTrackerOperations.get_CM_parcels()
2018-11-27 17:27:35,387 INFO: NoSuchElementException in TransactionTrackerOperations.get_CM_parcels()
2018-11-27 17:27:37,787 INFO: NoSuchElementException in TransactionTrackerOperations.get_CM_parcels()
2018-11-27 17:27:45,281 INFO: Executing TransactionTrackerOperations.search_process_for_CMPDM() for: Performance Health|McKesson CHRISTIANA CARE HEALTH|810
2018-11-27 17:27:46,127 INFO: Executing TransactionTrackerOperations.select_customer()
2018-11-27 17:27:52,969 INFO: Executing TransactionTrackerOperations.select_customer()
2018-11-27 17:28:04,250 INFO: Executing TransactionTrackerOperations.get_CM_parcels()
2018-11-27 17:28:06,892 INFO: NoSuchElementException in TransactionTrackerOperations.get_CM_parcels()
2018-11-27 17:28:11,260 INFO: NoSuchElementException in TransactionTrackerOperations.get_CM_parcels()
2018-11-27 17:28:15,674 INFO: NoSuchElementException in TransactionTrackerOperations.get_CM_parcels()
2018-11-27 17:28:19,872 INFO: NoSuchElementException in TransactionTrackerOperations.get_CM_parcels()
2018-11-27 17:28:24,219 INFO: NoSuchElementException in TransactionTrackerOperations.get_CM_parcels()
2018-11-27 17:28:28,457 INFO: NoSuchElementException in TransactionTrackerOperations.get_CM_parcels()
2018-11-27 17:28:32,723 INFO: NoSuchElementException in TransactionTrackerOperations.get_CM_parcels()
2018-11-27 17:28:36,912 INFO: NoSuchElementException in TransactionTrackerOperations.get_CM_parcels()
2018-11-27 17:28:41,171 INFO: NoSuchElementException in TransactionTrackerOperations.get_CM_parcels()
2018-11-27 17:28:45,460 INFO: NoSuchElementException in TransactionTrackerOperations.get_CM_parcels()
2018-11-27 17:28:48,445 INFO: NoSuchElementException in TransactionTrackerOperations.get_CM_parcels()
2018-11-27 17:28:56,312 INFO: Executing TransactionTrackerOperations.search_process_for_CMPDM() for: Performance Health|McKesson EMH REGIONAL HEALTHCARE SYSTEMS|810
2018-11-27 17:28:57,261 INFO: Executing TransactionTrackerOperations.select_customer()
2018-11-27 17:29:04,054 INFO: Executing TransactionTrackerOperations.select_customer()
2018-11-27 17:29:15,534 INFO: Executing TransactionTrackerOperations.get_CM_parcels()
2018-11-27 17:29:21,468 INFO: Executing TransactionTrackerOperations.search_process_for_CMPDM() for: Performance Health|McKesson EMORY HEALTHCARE|810
2018-11-27 17:29:22,184 INFO: Executing TransactionTrackerOperations.select_customer()
2018-11-27 17:29:29,047 INFO: Executing TransactionTrackerOperations.select_customer()
2018-11-27 17:29:40,544 INFO: Executing TransactionTrackerOperations.get_CM_parcels()
2018-11-27 17:29:43,067 INFO: NoSuchElementException in TransactionTrackerOperations.get_CM_parcels()
2018-11-27 17:29:47,520 INFO: NoSuchElementException in TransactionTrackerOperations.get_CM_parcels()
2018-11-27 17:29:51,857 INFO: NoSuchElementException in TransactionTrackerOperations.get_CM_parcels()
2018-11-27 17:29:56,158 INFO: NoSuchElementException in TransactionTrackerOperations.get_CM_parcels()
2018-11-27 17:30:00,537 INFO: NoSuchElementException in TransactionTrackerOperations.get_CM_parcels()
2018-11-27 17:30:05,205 INFO: NoSuchElementException in TransactionTrackerOperations.get_CM_parcels()
2018-11-27 17:30:09,526 INFO: NoSuchElementException in TransactionTrackerOperations.get_CM_parcels()
2018-11-27 17:30:13,868 INFO: NoSuchElementException in TransactionTrackerOperations.get_CM_parcels()
2018-11-27 17:30:18,233 INFO: NoSuchElementException in TransactionTrackerOperations.get_CM_parcels()
2018-11-27 17:30:22,573 INFO: NoSuchElementException in TransactionTrackerOperations.get_CM_parcels()
2018-11-27 17:30:26,817 INFO: NoSuchElementException in TransactionTrackerOperations.get_CM_parcels()
2018-11-27 17:30:31,051 INFO: NoSuchElementException in TransactionTrackerOperations.get_CM_parcels()
2018-11-27 17:30:35,499 INFO: NoSuchElementException in TransactionTrackerOperations.get_CM_parcels()
2018-11-27 17:30:39,818 INFO: NoSuchElementException in TransactionTrackerOperations.get_CM_parcels()
2018-11-27 17:30:44,268 INFO: NoSuchElementException in TransactionTrackerOperations.get_CM_parcels()
2018-11-27 17:30:48,583 INFO: NoSuchElementException in TransactionTrackerOperations.get_CM_parcels()
2018-11-27 17:30:53,036 INFO: NoSuchElementException in TransactionTrackerOperations.get_CM_parcels()
2018-11-27 17:30:57,178 INFO: NoSuchElementException in TransactionTrackerOperations.get_CM_parcels()
2018-11-27 17:31:04,679 INFO: Executing TransactionTrackerOperations.search_process_for_CMPDM() for: Performance Health|McKesson FIRELANDS REGIONAL MEDICAL CENTER|810
2018-11-27 17:31:05,476 INFO: Executing TransactionTrackerOperations.select_customer()
2018-11-27 17:31:12,439 INFO: Executing TransactionTrackerOperations.select_customer()
2018-11-27 17:31:23,955 INFO: Executing TransactionTrackerOperations.get_CM_parcels()
2018-11-27 17:31:30,609 INFO: Executing TransactionTrackerOperations.search_process_for_CMPDM() for: Performance Health|McKesson FIRSTHEALTH CAROLINAS|810
2018-11-27 17:31:31,354 INFO: Executing TransactionTrackerOperations.select_customer()
2018-11-27 17:31:38,109 INFO: Executing TransactionTrackerOperations.select_customer()
2018-11-27 17:31:50,597 INFO: Executing TransactionTrackerOperations.get_CM_parcels()
2018-11-27 17:31:56,685 INFO: Executing TransactionTrackerOperations.search_process_for_CMPDM() for: Performance Health|McKesson FRANCISCAN ALLIANCE INC|810
2018-11-27 17:31:57,701 INFO: Executing TransactionTrackerOperations.select_customer()
2018-11-27 17:32:04,621 INFO: Executing TransactionTrackerOperations.select_customer()
2018-11-27 17:32:16,175 INFO: Executing TransactionTrackerOperations.get_CM_parcels()
2018-11-27 17:32:19,302 INFO: NoSuchElementException in TransactionTrackerOperations.get_CM_parcels()
2018-11-27 17:32:23,837 INFO: NoSuchElementException in TransactionTrackerOperations.get_CM_parcels()
2018-11-27 17:32:28,474 INFO: NoSuchElementException in TransactionTrackerOperations.get_CM_parcels()
2018-11-27 17:32:32,963 INFO: NoSuchElementException in TransactionTrackerOperations.get_CM_parcels()
2018-11-27 17:32:37,463 INFO: NoSuchElementException in TransactionTrackerOperations.get_CM_parcels()
2018-11-27 17:32:42,863 INFO: NoSuchElementException in TransactionTrackerOperations.get_CM_parcels()
2018-11-27 17:32:47,289 INFO: NoSuchElementException in TransactionTrackerOperations.get_CM_parcels()
2018-11-27 17:32:52,315 INFO: NoSuchElementException in TransactionTrackerOperations.get_CM_parcels()
2018-11-27 17:32:56,817 INFO: NoSuchElementException in TransactionTrackerOperations.get_CM_parcels()
2018-11-27 17:33:01,405 INFO: NoSuchElementException in TransactionTrackerOperations.get_CM_parcels()
2018-11-27 17:33:05,977 INFO: NoSuchElementException in TransactionTrackerOperations.get_CM_parcels()
2018-11-27 17:33:09,736 INFO: NoSuchElementException in TransactionTrackerOperations.get_CM_parcels()
2018-11-27 17:33:17,520 INFO: Executing TransactionTrackerOperations.search_process_for_CMPDM() for: Performance Health|McKesson GOOD SHEPHERD REHAB NETWORK|810
2018-11-27 17:33:17,975 INFO: Executing TransactionTrackerOperations.select_customer()
2018-11-27 17:33:24,879 INFO: Executing TransactionTrackerOperations.select_customer()
2018-11-27 17:33:36,086 INFO: Executing TransactionTrackerOperations.get_CM_parcels()
2018-11-27 17:33:38,728 INFO: NoSuchElementException in TransactionTrackerOperations.get_CM_parcels()
2018-11-27 17:33:42,978 INFO: NoSuchElementException in TransactionTrackerOperations.get_CM_parcels()
2018-11-27 17:33:47,212 INFO: NoSuchElementException in TransactionTrackerOperations.get_CM_parcels()
2018-11-27 17:33:51,515 INFO: NoSuchElementException in TransactionTrackerOperations.get_CM_parcels()
2018-11-27 17:33:55,797 INFO: NoSuchElementException in TransactionTrackerOperations.get_CM_parcels()
2018-11-27 17:34:00,042 INFO: NoSuchElementException in TransactionTrackerOperations.get_CM_parcels()
2018-11-27 17:34:04,293 INFO: NoSuchElementException in TransactionTrackerOperations.get_CM_parcels()
2018-11-27 17:34:08,480 INFO: NoSuchElementException in TransactionTrackerOperations.get_CM_parcels()
2018-11-27 17:34:12,741 INFO: NoSuchElementException in TransactionTrackerOperations.get_CM_parcels()
2018-11-27 17:34:17,376 INFO: NoSuchElementException in TransactionTrackerOperations.get_CM_parcels()
2018-11-27 17:34:21,514 INFO: NoSuchElementException in TransactionTrackerOperations.get_CM_parcels()
2018-11-27 17:34:30,088 INFO: Executing TransactionTrackerOperations.search_process_for_CMPDM() for: Performance Health|McKesson HALIFAX REGIONAL HOSPITAL|810
2018-11-27 17:34:30,110 INFO: Executing TransactionTrackerOperations.select_customer()
2018-11-27 17:34:36,903 INFO: Executing TransactionTrackerOperations.select_customer()
2018-11-27 17:34:48,471 INFO: Executing TransactionTrackerOperations.get_CM_parcels()
2018-11-27 17:34:54,761 INFO: Executing TransactionTrackerOperations.search_process_for_CMPDM() for: Performance Health|McKesson HATTISBURG CLINIC|810
2018-11-27 17:34:55,465 INFO: Executing TransactionTrackerOperations.select_customer()
2018-11-27 17:35:02,593 INFO: Executing TransactionTrackerOperations.select_customer()
2018-11-27 17:35:13,731 INFO: Executing TransactionTrackerOperations.get_CM_parcels()
2018-11-27 17:35:19,968 INFO: Executing TransactionTrackerOperations.search_process_for_CMPDM() for: Performance Health|McKesson IL BONE AND JOINT|810
2018-11-27 17:35:20,801 INFO: Executing TransactionTrackerOperations.select_customer()
2018-11-27 17:35:27,701 INFO: Executing TransactionTrackerOperations.select_customer()
2018-11-27 17:35:39,038 INFO: Executing TransactionTrackerOperations.get_CM_parcels()
2018-11-27 17:35:45,989 INFO: Executing TransactionTrackerOperations.search_process_for_CMPDM() for: Performance Health|McKesson LAKE CHARLES MEMORIAL HOSPITAL|810
2018-11-27 17:35:46,009 INFO: Executing TransactionTrackerOperations.select_customer()
2018-11-27 17:35:52,874 INFO: Executing TransactionTrackerOperations.select_customer()
2018-11-27 17:36:05,647 INFO: Executing TransactionTrackerOperations.get_CM_parcels()
2018-11-27 17:36:11,576 INFO: Executing TransactionTrackerOperations.search_process_for_CMPDM() for: Performance Health|McKesson LAWRENCE MEMORIAL HOSPITAL|810
2018-11-27 17:36:12,548 INFO: Executing TransactionTrackerOperations.select_customer()
2018-11-27 17:36:19,429 INFO: Executing TransactionTrackerOperations.select_customer()
2018-11-27 17:36:31,794 INFO: Executing TransactionTrackerOperations.get_CM_parcels()
2018-11-27 17:36:34,123 INFO: NoSuchElementException in TransactionTrackerOperations.get_CM_parcels()
2018-11-27 17:36:38,546 INFO: NoSuchElementException in TransactionTrackerOperations.get_CM_parcels()
2018-11-27 17:36:42,848 INFO: NoSuchElementException in TransactionTrackerOperations.get_CM_parcels()
2018-11-27 17:36:47,092 INFO: NoSuchElementException in TransactionTrackerOperations.get_CM_parcels()
2018-11-27 17:36:49,706 INFO: NoSuchElementException in TransactionTrackerOperations.get_CM_parcels()
2018-11-27 17:36:56,536 INFO: Executing TransactionTrackerOperations.search_process_for_CMPDM() for: Performance Health|McKesson LEESBURG REGIONAL|810
2018-11-27 17:36:57,310 INFO: Executing TransactionTrackerOperations.select_customer()
2018-11-27 17:37:04,149 INFO: Executing TransactionTrackerOperations.select_customer()
2018-11-27 17:37:15,694 INFO: Executing TransactionTrackerOperations.get_CM_parcels()
2018-11-27 17:37:16,483 INFO: NoSuchElementException in TransactionTrackerOperations.get_CM_parcels()
2018-11-27 17:37:24,612 INFO: Executing TransactionTrackerOperations.search_process_for_CMPDM() for: Performance Health|McKesson LOMA LINDA UNIVERSITY MEDICAL CENTER|810
2018-11-27 17:37:24,626 INFO: Executing TransactionTrackerOperations.select_customer()
2018-11-27 17:37:31,797 INFO: Executing TransactionTrackerOperations.select_customer()
2018-11-27 17:37:43,401 INFO: Executing TransactionTrackerOperations.get_CM_parcels()
2018-11-27 17:37:43,737 INFO: NoSuchElementException in TransactionTrackerOperations.get_CM_parcels()
2018-11-27 17:37:50,446 INFO: Executing TransactionTrackerOperations.search_process_for_CMPDM() for: Performance Health|McKesson MCG HEALTH INC|810
2018-11-27 17:37:51,497 INFO: Executing TransactionTrackerOperations.select_customer()
2018-11-27 17:37:58,318 INFO: Executing TransactionTrackerOperations.select_customer()
2018-11-27 17:38:09,809 INFO: Executing TransactionTrackerOperations.get_CM_parcels()
2018-11-27 17:38:13,634 INFO: NoSuchElementException in TransactionTrackerOperations.get_CM_parcels()
2018-11-27 17:38:19,494 INFO: NoSuchElementException in TransactionTrackerOperations.get_CM_parcels()
2018-11-27 17:38:24,363 INFO: NoSuchElementException in TransactionTrackerOperations.get_CM_parcels()
2018-11-27 17:38:28,338 INFO: NoSuchElementException in TransactionTrackerOperations.get_CM_parcels()
2018-11-27 17:38:36,840 INFO: Executing TransactionTrackerOperations.search_process_for_CMPDM() for: Performance Health|McKesson NCH HEALTHCARE|810
2018-11-27 17:38:36,858 INFO: Executing TransactionTrackerOperations.select_customer()
2018-11-27 17:38:43,622 INFO: Executing TransactionTrackerOperations.select_customer()
2018-11-27 17:38:55,734 INFO: Executing TransactionTrackerOperations.get_CM_parcels()
2018-11-27 17:38:58,507 INFO: NoSuchElementException in TransactionTrackerOperations.get_CM_parcels()
2018-11-27 17:39:02,772 INFO: NoSuchElementException in TransactionTrackerOperations.get_CM_parcels()
2018-11-27 17:39:07,110 INFO: NoSuchElementException in TransactionTrackerOperations.get_CM_parcels()
2018-11-27 17:39:11,331 INFO: NoSuchElementException in TransactionTrackerOperations.get_CM_parcels()
2018-11-27 17:39:17,698 INFO: NoSuchElementException in TransactionTrackerOperations.get_CM_parcels()
2018-11-27 17:39:27,566 INFO: Executing TransactionTrackerOperations.search_process_for_CMPDM() for: Performance Health|McKesson SACRED HEART HOSPITAL|810
2018-11-27 17:39:27,585 INFO: Executing TransactionTrackerOperations.select_customer()
2018-11-27 17:39:34,442 INFO: Executing TransactionTrackerOperations.select_customer()
2018-11-27 17:39:45,836 INFO: Executing TransactionTrackerOperations.get_CM_parcels()
2018-11-27 17:39:52,391 INFO: Executing TransactionTrackerOperations.search_process_for_CMPDM() for: Performance Health|McKesson SAINT FRANCES MEDICAL CENTER|810
2018-11-27 17:39:53,164 INFO: Executing TransactionTrackerOperations.select_customer()
2018-11-27 17:39:59,408 INFO: Executing TransactionTrackerOperations.select_customer()
2018-11-27 17:40:01,471 ERROR: Error in CMProductionDataMonitoring.TaskFilter()
2018-11-27 17:40:06,223 INFO: Executing TransactionTrackerOperations.search_process_for_CMPDM() for: Performance Health|McKesson SOUTHERN NEW HAMPSHIRE MEDICAL CENTER|810
2018-11-27 17:40:06,925 INFO: Executing TransactionTrackerOperations.select_customer()
2018-11-27 17:40:13,853 INFO: Executing TransactionTrackerOperations.select_customer()
2018-11-27 17:40:25,675 INFO: Executing TransactionTrackerOperations.get_CM_parcels()
2018-11-27 17:40:32,974 INFO: Executing TransactionTrackerOperations.search_process_for_CMPDM() for: Performance Health|McKesson TIFT REGIONAL MEDICAL CENTER|810
2018-11-27 17:40:33,425 INFO: Executing TransactionTrackerOperations.select_customer()
2018-11-27 17:40:40,764 INFO: Executing TransactionTrackerOperations.select_customer()
2018-11-27 17:40:54,929 INFO: Executing TransactionTrackerOperations.get_CM_parcels()
2018-11-27 17:41:01,984 INFO: Executing TransactionTrackerOperations.search_process_for_CMPDM() for: Performance Health|McKesson TRINITY MOTHER FRANCES HOSPITAL|810
2018-11-27 17:41:02,644 INFO: Executing TransactionTrackerOperations.select_customer()
2018-11-27 17:41:09,519 INFO: Executing TransactionTrackerOperations.select_customer()
2018-11-27 17:41:21,798 INFO: Executing TransactionTrackerOperations.get_CM_parcels()
2018-11-27 17:41:25,215 INFO: NoSuchElementException in TransactionTrackerOperations.get_CM_parcels()
2018-11-27 17:41:29,768 INFO: NoSuchElementException in TransactionTrackerOperations.get_CM_parcels()
2018-11-27 17:41:34,786 INFO: NoSuchElementException in TransactionTrackerOperations.get_CM_parcels()
2018-11-27 17:41:39,406 INFO: NoSuchElementException in TransactionTrackerOperations.get_CM_parcels()
2018-11-27 17:41:44,052 INFO: NoSuchElementException in TransactionTrackerOperations.get_CM_parcels()
2018-11-27 17:41:47,185 INFO: NoSuchElementException in TransactionTrackerOperations.get_CM_parcels()
2018-11-27 17:41:54,224 INFO: Executing TransactionTrackerOperations.search_process_for_CMPDM() for: Performance Health|McKesson Truman Medical Center|810
2018-11-27 17:41:55,266 INFO: Executing TransactionTrackerOperations.select_customer()
2018-11-27 17:42:02,172 INFO: Executing TransactionTrackerOperations.select_customer()
2018-11-27 17:42:13,865 INFO: Executing TransactionTrackerOperations.get_CM_parcels()
2018-11-27 17:42:16,651 INFO: NoSuchElementException in TransactionTrackerOperations.get_CM_parcels()
2018-11-27 17:42:21,713 INFO: NoSuchElementException in TransactionTrackerOperations.get_CM_parcels()
2018-11-27 17:42:26,561 INFO: NoSuchElementException in TransactionTrackerOperations.get_CM_parcels()
2018-11-27 17:42:31,361 INFO: NoSuchElementException in TransactionTrackerOperations.get_CM_parcels()
2018-11-27 17:42:36,454 INFO: NoSuchElementException in TransactionTrackerOperations.get_CM_parcels()
2018-11-27 17:42:42,091 INFO: NoSuchElementException in TransactionTrackerOperations.get_CM_parcels()
2018-11-27 17:42:47,167 INFO: NoSuchElementException in TransactionTrackerOperations.get_CM_parcels()
2018-11-27 17:42:52,212 INFO: NoSuchElementException in TransactionTrackerOperations.get_CM_parcels()
2018-11-27 17:42:57,665 INFO: NoSuchElementException in TransactionTrackerOperations.get_CM_parcels()
2018-11-27 17:43:03,212 INFO: NoSuchElementException in TransactionTrackerOperations.get_CM_parcels()
2018-11-27 17:43:08,017 INFO: NoSuchElementException in TransactionTrackerOperations.get_CM_parcels()
2018-11-27 17:43:12,854 INFO: NoSuchElementException in TransactionTrackerOperations.get_CM_parcels()
2018-11-27 17:43:17,868 INFO: NoSuchElementException in TransactionTrackerOperations.get_CM_parcels()
2018-11-27 17:43:23,072 INFO: NoSuchElementException in TransactionTrackerOperations.get_CM_parcels()
2018-11-27 17:43:27,958 INFO: NoSuchElementException in TransactionTrackerOperations.get_CM_parcels()
2018-11-27 17:43:33,075 INFO: NoSuchElementException in TransactionTrackerOperations.get_CM_parcels()
2018-11-27 17:43:42,992 INFO: Executing TransactionTrackerOperations.search_process_for_CMPDM() for: Performance Health|McKesson UNITED HOSPITAL SYSTEM INC|810
2018-11-27 17:43:43,562 INFO: Executing TransactionTrackerOperations.select_customer()
2018-11-27 17:43:50,721 INFO: Executing TransactionTrackerOperations.select_customer()
2018-11-27 17:44:04,117 INFO: Executing TransactionTrackerOperations.get_CM_parcels()
2018-11-27 17:44:06,883 INFO: NoSuchElementException in TransactionTrackerOperations.get_CM_parcels()
2018-11-27 17:44:12,239 INFO: NoSuchElementException in TransactionTrackerOperations.get_CM_parcels()
2018-11-27 17:44:21,732 INFO: Executing TransactionTrackerOperations.search_process_for_CMPDM() for: Performance Health|McKesson VAIL VALLEY MEDICAL CENTER|810
2018-11-27 17:44:21,789 INFO: Executing TransactionTrackerOperations.select_customer()
2018-11-27 17:44:29,028 INFO: Executing TransactionTrackerOperations.select_customer()
2018-11-27 17:44:41,372 INFO: Executing TransactionTrackerOperations.get_CM_parcels()
2018-11-27 17:44:45,424 INFO: NoSuchElementException in TransactionTrackerOperations.get_CM_parcels()
2018-11-27 17:44:50,070 INFO: NoSuchElementException in TransactionTrackerOperations.get_CM_parcels()
2018-11-27 17:44:54,905 INFO: NoSuchElementException in TransactionTrackerOperations.get_CM_parcels()
2018-11-27 17:45:00,132 INFO: NoSuchElementException in TransactionTrackerOperations.get_CM_parcels()
2018-11-27 17:45:06,309 INFO: NoSuchElementException in TransactionTrackerOperations.get_CM_parcels()
2018-11-27 17:45:12,084 INFO: NoSuchElementException in TransactionTrackerOperations.get_CM_parcels()
2018-11-27 17:45:17,177 INFO: NoSuchElementException in TransactionTrackerOperations.get_CM_parcels()
2018-11-27 17:45:22,164 INFO: NoSuchElementException in TransactionTrackerOperations.get_CM_parcels()
2018-11-27 17:45:26,804 INFO: NoSuchElementException in TransactionTrackerOperations.get_CM_parcels()
2018-11-27 17:45:32,255 INFO: NoSuchElementException in TransactionTrackerOperations.get_CM_parcels()
2018-11-27 17:45:37,088 INFO: NoSuchElementException in TransactionTrackerOperations.get_CM_parcels()
2018-11-27 17:45:42,171 INFO: NoSuchElementException in TransactionTrackerOperations.get_CM_parcels()
2018-11-27 17:45:47,338 INFO: NoSuchElementException in TransactionTrackerOperations.get_CM_parcels()
2018-11-27 17:45:57,277 INFO: Executing TransactionTrackerOperations.search_process_for_CMPDM() for: Performance Health|McKesson WHEATON FRANCISCAN HEALTHCARE|810
2018-11-27 17:45:57,390 INFO: Executing TransactionTrackerOperations.select_customer()
2018-11-27 17:46:04,359 INFO: Executing TransactionTrackerOperations.select_customer()
2018-11-27 17:46:17,516 INFO: Executing TransactionTrackerOperations.get_CM_parcels()
2018-11-27 17:46:24,928 INFO: Executing TransactionTrackerOperations.search_process_for_CMPDM() for: Performance Health|MFA DSSI|810
2018-11-27 17:46:24,991 INFO: Executing TransactionTrackerOperations.select_customer()
2018-11-27 17:46:31,844 INFO: Executing TransactionTrackerOperations.select_customer()
2018-11-27 17:46:42,908 INFO: Executing TransactionTrackerOperations.get_CM_parcels()
2018-11-27 17:46:49,113 INFO: Executing TransactionTrackerOperations.search_process_for_CMPDM() for: Performance Health|MIDWEST GERIATRIC DSSI|810
2018-11-27 17:46:50,161 INFO: Executing TransactionTrackerOperations.select_customer()
2018-11-27 17:46:56,968 INFO: Executing TransactionTrackerOperations.select_customer()
2018-11-27 17:47:08,791 INFO: Executing TransactionTrackerOperations.get_CM_parcels()
2018-11-27 17:47:15,964 INFO: Executing TransactionTrackerOperations.search_process_for_CMPDM() for: Performance Health|MIDWEST HEALTH DSSI|810
2018-11-27 17:47:15,989 INFO: Executing TransactionTrackerOperations.select_customer()
2018-11-27 17:47:23,306 INFO: Executing TransactionTrackerOperations.select_customer()
2018-11-27 17:47:34,975 INFO: Executing TransactionTrackerOperations.get_CM_parcels()
2018-11-27 17:47:37,805 INFO: NoSuchElementException in TransactionTrackerOperations.get_CM_parcels()
2018-11-27 17:47:42,532 INFO: NoSuchElementException in TransactionTrackerOperations.get_CM_parcels()
2018-11-27 17:47:44,925 INFO: NoSuchElementException in TransactionTrackerOperations.get_CM_parcels()
2018-11-27 17:47:54,018 INFO: Executing TransactionTrackerOperations.search_process_for_CMPDM() for: Performance Health|MISSION HEALTH DSSI|810
2018-11-27 17:47:54,143 INFO: Executing TransactionTrackerOperations.select_customer()
2018-11-27 17:48:01,173 INFO: Executing TransactionTrackerOperations.select_customer()
2018-11-27 17:48:12,781 INFO: Executing TransactionTrackerOperations.get_CM_parcels()
2018-11-27 17:48:15,481 INFO: NoSuchElementException in TransactionTrackerOperations.get_CM_parcels()
2018-11-27 17:48:19,991 INFO: NoSuchElementException in TransactionTrackerOperations.get_CM_parcels()
2018-11-27 17:48:24,483 INFO: NoSuchElementException in TransactionTrackerOperations.get_CM_parcels()
2018-11-27 17:48:28,882 INFO: NoSuchElementException in TransactionTrackerOperations.get_CM_parcels()
2018-11-27 17:48:33,317 INFO: NoSuchElementException in TransactionTrackerOperations.get_CM_parcels()
2018-11-27 17:48:37,782 INFO: NoSuchElementException in TransactionTrackerOperations.get_CM_parcels()
2018-11-27 17:48:47,196 INFO: Executing TransactionTrackerOperations.search_process_for_CMPDM() for: Performance Health|NEXION DSSI|810
2018-11-27 17:48:47,218 INFO: Executing TransactionTrackerOperations.select_customer()
2018-11-27 17:48:54,040 INFO: Executing TransactionTrackerOperations.select_customer()
2018-11-27 17:49:05,425 INFO: Executing TransactionTrackerOperations.get_CM_parcels()
2018-11-27 17:49:08,140 INFO: NoSuchElementException in TransactionTrackerOperations.get_CM_parcels()
2018-11-27 17:49:12,667 INFO: NoSuchElementException in TransactionTrackerOperations.get_CM_parcels()
2018-11-27 17:49:17,367 INFO: NoSuchElementException in TransactionTrackerOperations.get_CM_parcels()
2018-11-27 17:49:21,920 INFO: NoSuchElementException in TransactionTrackerOperations.get_CM_parcels()
2018-11-27 17:49:26,332 INFO: NoSuchElementException in TransactionTrackerOperations.get_CM_parcels()
2018-11-27 17:49:30,799 INFO: NoSuchElementException in TransactionTrackerOperations.get_CM_parcels()
2018-11-27 17:49:35,276 INFO: NoSuchElementException in TransactionTrackerOperations.get_CM_parcels()
2018-11-27 17:49:37,664 INFO: NoSuchElementException in TransactionTrackerOperations.get_CM_parcels()
2018-11-27 17:49:45,327 INFO: Executing TransactionTrackerOperations.search_process_for_CMPDM() for: Performance Health|NOLAND HEALTH SERVICES DSSI|810
2018-11-27 17:49:45,347 INFO: Executing TransactionTrackerOperations.select_customer()
2018-11-27 17:49:52,234 INFO: Executing TransactionTrackerOperations.select_customer()
2018-11-27 17:50:03,886 INFO: Executing TransactionTrackerOperations.get_CM_parcels()
2018-11-27 17:50:06,539 INFO: NoSuchElementException in TransactionTrackerOperations.get_CM_parcels()
2018-11-27 17:50:11,020 INFO: NoSuchElementException in TransactionTrackerOperations.get_CM_parcels()
2018-11-27 17:50:15,529 INFO: NoSuchElementException in TransactionTrackerOperations.get_CM_parcels()
2018-11-27 17:50:18,124 INFO: NoSuchElementException in TransactionTrackerOperations.get_CM_parcels()
2018-11-27 17:50:24,860 INFO: Executing TransactionTrackerOperations.search_process_for_CMPDM() for: Performance Health|NORTHPORT DSSI|810
2018-11-27 17:50:25,892 INFO: Executing TransactionTrackerOperations.select_customer()
2018-11-27 17:50:32,731 INFO: Executing TransactionTrackerOperations.select_customer()
2018-11-27 17:50:44,160 INFO: Executing TransactionTrackerOperations.get_CM_parcels()
2018-11-27 17:50:47,236 INFO: NoSuchElementException in TransactionTrackerOperations.get_CM_parcels()
2018-11-27 17:50:52,349 INFO: NoSuchElementException in TransactionTrackerOperations.get_CM_parcels()
2018-11-27 17:50:56,810 INFO: NoSuchElementException in TransactionTrackerOperations.get_CM_parcels()
2018-11-27 17:51:01,711 INFO: NoSuchElementException in TransactionTrackerOperations.get_CM_parcels()
2018-11-27 17:51:06,353 INFO: NoSuchElementException in TransactionTrackerOperations.get_CM_parcels()
2018-11-27 17:51:11,683 INFO: NoSuchElementException in TransactionTrackerOperations.get_CM_parcels()
2018-11-27 17:51:17,082 INFO: NoSuchElementException in TransactionTrackerOperations.get_CM_parcels()
2018-11-27 17:51:21,858 INFO: NoSuchElementException in TransactionTrackerOperations.get_CM_parcels()
2018-11-27 17:51:26,706 INFO: NoSuchElementException in TransactionTrackerOperations.get_CM_parcels()
2018-11-27 17:51:31,642 INFO: NoSuchElementException in TransactionTrackerOperations.get_CM_parcels()
2018-11-27 17:51:37,433 INFO: NoSuchElementException in TransactionTrackerOperations.get_CM_parcels()
2018-11-27 17:51:43,523 INFO: NoSuchElementException in TransactionTrackerOperations.get_CM_parcels()
2018-11-27 17:51:49,558 INFO: NoSuchElementException in TransactionTrackerOperations.get_CM_parcels()
2018-11-27 17:51:55,347 INFO: NoSuchElementException in TransactionTrackerOperations.get_CM_parcels()
2018-11-27 17:52:00,403 INFO: NoSuchElementException in TransactionTrackerOperations.get_CM_parcels()
2018-11-27 17:52:05,052 INFO: NoSuchElementException in TransactionTrackerOperations.get_CM_parcels()
2018-11-27 17:52:09,840 INFO: NoSuchElementException in TransactionTrackerOperations.get_CM_parcels()
2018-11-27 17:52:14,993 INFO: NoSuchElementException in TransactionTrackerOperations.get_CM_parcels()
2018-11-27 17:52:20,754 INFO: NoSuchElementException in TransactionTrackerOperations.get_CM_parcels()
2018-11-27 17:52:26,696 INFO: NoSuchElementException in TransactionTrackerOperations.get_CM_parcels()
2018-11-27 17:52:32,292 INFO: NoSuchElementException in TransactionTrackerOperations.get_CM_parcels()
2018-11-27 17:52:38,066 INFO: NoSuchElementException in TransactionTrackerOperations.get_CM_parcels()
2018-11-27 17:52:43,593 INFO: NoSuchElementException in TransactionTrackerOperations.get_CM_parcels()
2018-11-27 17:52:49,485 INFO: NoSuchElementException in TransactionTrackerOperations.get_CM_parcels()
2018-11-27 17:52:55,752 INFO: NoSuchElementException in TransactionTrackerOperations.get_CM_parcels()
2018-11-27 17:53:00,974 INFO: NoSuchElementException in TransactionTrackerOperations.get_CM_parcels()
2018-11-27 17:53:04,051 INFO: NoSuchElementException in TransactionTrackerOperations.get_CM_parcels()
2018-11-27 17:53:14,452 INFO: Executing TransactionTrackerOperations.search_process_for_CMPDM() for: Performance Health|NUVISION DSSI|810
2018-11-27 17:53:15,382 INFO: Executing TransactionTrackerOperations.select_customer()
2018-11-27 17:53:22,705 INFO: Executing TransactionTrackerOperations.select_customer()
2018-11-27 17:53:34,974 INFO: Executing TransactionTrackerOperations.get_CM_parcels()
2018-11-27 17:53:39,169 INFO: NoSuchElementException in TransactionTrackerOperations.get_CM_parcels()
2018-11-27 17:53:45,209 INFO: NoSuchElementException in TransactionTrackerOperations.get_CM_parcels()
2018-11-27 17:53:49,394 INFO: NoSuchElementException in TransactionTrackerOperations.get_CM_parcels()
2018-11-27 17:53:58,327 INFO: Executing TransactionTrackerOperations.search_process_for_CMPDM() for: Performance Health|ONIX GROUP DSSI|810
2018-11-27 17:53:58,879 INFO: Executing TransactionTrackerOperations.select_customer()
2018-11-27 17:54:05,919 INFO: Executing TransactionTrackerOperations.select_customer()
2018-11-27 17:54:18,755 INFO: Executing TransactionTrackerOperations.get_CM_parcels()
2018-11-27 17:54:22,066 INFO: NoSuchElementException in TransactionTrackerOperations.get_CM_parcels()
2018-11-27 17:54:27,252 INFO: NoSuchElementException in TransactionTrackerOperations.get_CM_parcels()
2018-11-27 17:54:32,385 INFO: NoSuchElementException in TransactionTrackerOperations.get_CM_parcels()
2018-11-27 17:54:36,950 INFO: NoSuchElementException in TransactionTrackerOperations.get_CM_parcels()
2018-11-27 17:54:45,841 INFO: Executing TransactionTrackerOperations.search_process_for_CMPDM() for: Performance Health|PENNMED CONSULTANTS INC DSSI|810
2018-11-27 17:54:46,993 INFO: Executing TransactionTrackerOperations.select_customer()
2018-11-27 17:54:54,241 INFO: Executing TransactionTrackerOperations.select_customer()
2018-11-27 17:55:06,813 INFO: Executing TransactionTrackerOperations.get_CM_parcels()
2018-11-27 17:55:14,812 INFO: Executing TransactionTrackerOperations.search_process_for_CMPDM() for: Performance Health|PREFERRED CARE DSSI|810
2018-11-27 17:55:14,983 INFO: Executing TransactionTrackerOperations.select_customer()
2018-11-27 17:55:22,083 INFO: Executing TransactionTrackerOperations.select_customer()
2018-11-27 17:55:33,866 INFO: Executing TransactionTrackerOperations.get_CM_parcels()
2018-11-27 17:55:37,127 INFO: NoSuchElementException in TransactionTrackerOperations.get_CM_parcels()
2018-11-27 17:55:43,001 INFO: NoSuchElementException in TransactionTrackerOperations.get_CM_parcels()
2018-11-27 17:55:48,791 INFO: NoSuchElementException in TransactionTrackerOperations.get_CM_parcels()
2018-11-27 17:55:54,129 INFO: NoSuchElementException in TransactionTrackerOperations.get_CM_parcels()
2018-11-27 17:56:00,239 INFO: NoSuchElementException in TransactionTrackerOperations.get_CM_parcels()
2018-11-27 17:56:05,108 INFO: NoSuchElementException in TransactionTrackerOperations.get_CM_parcels()
2018-11-27 17:56:10,374 INFO: NoSuchElementException in TransactionTrackerOperations.get_CM_parcels()
2018-11-27 17:56:15,789 INFO: NoSuchElementException in TransactionTrackerOperations.get_CM_parcels()
2018-11-27 17:56:21,444 INFO: NoSuchElementException in TransactionTrackerOperations.get_CM_parcels()
2018-11-27 17:56:27,080 INFO: NoSuchElementException in TransactionTrackerOperations.get_CM_parcels()
2018-11-27 17:56:32,356 INFO: NoSuchElementException in TransactionTrackerOperations.get_CM_parcels()
2018-11-27 17:56:37,464 INFO: NoSuchElementException in TransactionTrackerOperations.get_CM_parcels()
2018-11-27 17:56:43,154 INFO: NoSuchElementException in TransactionTrackerOperations.get_CM_parcels()
2018-11-27 17:56:50,130 INFO: NoSuchElementException in TransactionTrackerOperations.get_CM_parcels()
2018-11-27 17:56:56,243 INFO: NoSuchElementException in TransactionTrackerOperations.get_CM_parcels()
2018-11-27 17:57:01,582 INFO: NoSuchElementException in TransactionTrackerOperations.get_CM_parcels()
2018-11-27 17:57:06,701 INFO: NoSuchElementException in TransactionTrackerOperations.get_CM_parcels()
2018-11-27 17:57:12,417 INFO: NoSuchElementException in TransactionTrackerOperations.get_CM_parcels()
2018-11-27 17:57:17,402 INFO: NoSuchElementException in TransactionTrackerOperations.get_CM_parcels()
2018-11-27 17:57:22,078 INFO: NoSuchElementException in TransactionTrackerOperations.get_CM_parcels()
2018-11-27 17:57:26,760 INFO: NoSuchElementException in TransactionTrackerOperations.get_CM_parcels()
2018-11-27 17:57:32,351 INFO: NoSuchElementException in TransactionTrackerOperations.get_CM_parcels()
2018-11-27 17:57:38,673 INFO: NoSuchElementException in TransactionTrackerOperations.get_CM_parcels()
2018-11-27 17:57:43,399 INFO: NoSuchElementException in TransactionTrackerOperations.get_CM_parcels()
2018-11-27 17:57:47,812 INFO: NoSuchElementException in TransactionTrackerOperations.get_CM_parcels()
2018-11-27 17:57:55,452 INFO: Executing TransactionTrackerOperations.search_process_for_CMPDM() for: Performance Health|PRESBYTERIAN HOMES AND SERVICES DSSI|810
2018-11-27 17:57:56,482 INFO: Executing TransactionTrackerOperations.select_customer()
2018-11-27 17:58:03,697 INFO: Executing TransactionTrackerOperations.select_customer()
2018-11-27 17:58:15,660 INFO: Executing TransactionTrackerOperations.get_CM_parcels()
2018-11-27 17:58:18,418 INFO: NoSuchElementException in TransactionTrackerOperations.get_CM_parcels()
2018-11-27 17:58:23,106 INFO: NoSuchElementException in TransactionTrackerOperations.get_CM_parcels()
2018-11-27 17:58:27,674 INFO: NoSuchElementException in TransactionTrackerOperations.get_CM_parcels()
2018-11-27 17:58:32,073 INFO: NoSuchElementException in TransactionTrackerOperations.get_CM_parcels()
2018-11-27 17:58:35,360 INFO: NoSuchElementException in TransactionTrackerOperations.get_CM_parcels()
2018-11-27 17:58:44,004 INFO: Executing TransactionTrackerOperations.search_process_for_CMPDM() for: Performance Health|PRESBYTERIAN SENIOR LIVING DSSI|810
2018-11-27 17:58:44,079 INFO: Executing TransactionTrackerOperations.select_customer()
2018-11-27 17:58:50,920 INFO: Executing TransactionTrackerOperations.select_customer()
2018-11-27 17:59:02,698 INFO: Executing TransactionTrackerOperations.get_CM_parcels()
2018-11-27 17:59:05,408 INFO: NoSuchElementException in TransactionTrackerOperations.get_CM_parcels()
2018-11-27 17:59:09,921 INFO: NoSuchElementException in TransactionTrackerOperations.get_CM_parcels()
2018-11-27 17:59:13,422 INFO: NoSuchElementException in TransactionTrackerOperations.get_CM_parcels()
2018-11-27 17:59:19,898 INFO: Executing TransactionTrackerOperations.search_process_for_CMPDM() for: Performance Health|QUALITY LIFE SERVICES DSSI|810
2018-11-27 17:59:21,011 INFO: Executing TransactionTrackerOperations.select_customer()
2018-11-27 17:59:27,854 INFO: Executing TransactionTrackerOperations.select_customer()
2018-11-27 17:59:39,491 INFO: Executing TransactionTrackerOperations.get_CM_parcels()
2018-11-27 17:59:43,528 INFO: NoSuchElementException in TransactionTrackerOperations.get_CM_parcels()
2018-11-27 17:59:48,791 INFO: NoSuchElementException in TransactionTrackerOperations.get_CM_parcels()
2018-11-27 17:59:54,920 INFO: NoSuchElementException in TransactionTrackerOperations.get_CM_parcels()
2018-11-27 17:59:59,764 INFO: NoSuchElementException in TransactionTrackerOperations.get_CM_parcels()
2018-11-27 18:00:05,768 INFO: NoSuchElementException in TransactionTrackerOperations.get_CM_parcels()
2018-11-27 18:00:08,820 INFO: NoSuchElementException in TransactionTrackerOperations.get_CM_parcels()
2018-11-27 18:00:17,836 INFO: Executing TransactionTrackerOperations.search_process_for_CMPDM() for: Performance Health|Quest Healthcare Development DSSI|810
2018-11-27 18:00:18,630 INFO: Executing TransactionTrackerOperations.select_customer()
2018-11-27 18:00:25,979 INFO: Executing TransactionTrackerOperations.select_customer()
2018-11-27 18:00:39,289 INFO: Executing TransactionTrackerOperations.get_CM_parcels()
2018-11-27 18:00:46,632 INFO: Executing TransactionTrackerOperations.search_process_for_CMPDM() for: Performance Health|Regency Integrated Health Services DSSI|810
2018-11-27 18:00:47,235 INFO: Executing TransactionTrackerOperations.select_customer()
2018-11-27 18:00:54,248 INFO: Executing TransactionTrackerOperations.select_customer()
2018-11-27 18:01:05,788 INFO: Executing TransactionTrackerOperations.get_CM_parcels()
2018-11-27 18:01:12,822 INFO: Executing TransactionTrackerOperations.search_process_for_CMPDM() for: Performance Health|RENNES HEALTH DSSI|810
2018-11-27 18:01:12,852 INFO: Executing TransactionTrackerOperations.select_customer()
2018-11-27 18:01:19,729 INFO: Executing TransactionTrackerOperations.select_customer()
2018-11-27 18:01:31,160 INFO: Executing TransactionTrackerOperations.get_CM_parcels()
2018-11-27 18:01:34,025 INFO: NoSuchElementException in TransactionTrackerOperations.get_CM_parcels()
2018-11-27 18:01:39,000 INFO: NoSuchElementException in TransactionTrackerOperations.get_CM_parcels()
2018-11-27 18:01:43,512 INFO: NoSuchElementException in TransactionTrackerOperations.get_CM_parcels()
2018-11-27 18:01:47,924 INFO: NoSuchElementException in TransactionTrackerOperations.get_CM_parcels()
2018-11-27 18:01:50,752 INFO: NoSuchElementException in TransactionTrackerOperations.get_CM_parcels()
2018-11-27 18:01:59,142 INFO: Executing TransactionTrackerOperations.search_process_for_CMPDM() for: Performance Health|SABER HEALTHCARE DSSI|810
2018-11-27 18:01:59,167 INFO: Executing TransactionTrackerOperations.select_customer()
2018-11-27 18:02:06,010 INFO: Executing TransactionTrackerOperations.select_customer()
2018-11-27 18:02:17,476 INFO: Executing TransactionTrackerOperations.get_CM_parcels()
2018-11-27 18:02:24,681 INFO: Executing TransactionTrackerOperations.search_process_for_CMPDM() for: Performance Health|SPRENGER HEALTHCARE DSSI|810
2018-11-27 18:02:24,705 INFO: Executing TransactionTrackerOperations.select_customer()
2018-11-27 18:02:31,576 INFO: Executing TransactionTrackerOperations.select_customer()
2018-11-27 18:02:43,332 INFO: Executing TransactionTrackerOperations.get_CM_parcels()
2018-11-27 18:02:45,995 INFO: NoSuchElementException in TransactionTrackerOperations.get_CM_parcels()
2018-11-27 18:02:50,485 INFO: NoSuchElementException in TransactionTrackerOperations.get_CM_parcels()
2018-11-27 18:02:54,961 INFO: NoSuchElementException in TransactionTrackerOperations.get_CM_parcels()
2018-11-27 18:02:59,436 INFO: NoSuchElementException in TransactionTrackerOperations.get_CM_parcels()
2018-11-27 18:03:04,116 INFO: NoSuchElementException in TransactionTrackerOperations.get_CM_parcels()
2018-11-27 18:03:08,780 INFO: NoSuchElementException in TransactionTrackerOperations.get_CM_parcels()
2018-11-27 18:03:13,449 INFO: NoSuchElementException in TransactionTrackerOperations.get_CM_parcels()
2018-11-27 18:03:18,585 INFO: NoSuchElementException in TransactionTrackerOperations.get_CM_parcels()
2018-11-27 18:03:21,324 INFO: NoSuchElementException in TransactionTrackerOperations.get_CM_parcels()
2018-11-27 18:03:29,083 INFO: Executing TransactionTrackerOperations.search_process_for_CMPDM() for: Performance Health|SPRINGPOINT DSSI|810
2018-11-27 18:03:30,317 INFO: Executing TransactionTrackerOperations.select_customer()
2018-11-27 18:03:37,309 INFO: Executing TransactionTrackerOperations.select_customer()
2018-11-27 18:03:49,435 INFO: Executing TransactionTrackerOperations.get_CM_parcels()
2018-11-27 18:03:52,598 INFO: NoSuchElementException in TransactionTrackerOperations.get_CM_parcels()
2018-11-27 18:03:57,624 INFO: NoSuchElementException in TransactionTrackerOperations.get_CM_parcels()
2018-11-27 18:04:02,622 INFO: NoSuchElementException in TransactionTrackerOperations.get_CM_parcels()
2018-11-27 18:04:06,148 INFO: NoSuchElementException in TransactionTrackerOperations.get_CM_parcels()
2018-11-27 18:04:13,000 INFO: Executing TransactionTrackerOperations.search_process_for_CMPDM() for: Performance Health|STONERISE MEDICAL DSSI|810
2018-11-27 18:04:14,325 INFO: Executing TransactionTrackerOperations.select_customer()
2018-11-27 18:04:22,111 INFO: Executing TransactionTrackerOperations.select_customer()
2018-11-27 18:04:35,847 INFO: Executing TransactionTrackerOperations.get_CM_parcels()
2018-11-27 18:04:41,244 INFO: NoSuchElementException in TransactionTrackerOperations.get_CM_parcels()
2018-11-27 18:04:46,382 INFO: NoSuchElementException in TransactionTrackerOperations.get_CM_parcels()
2018-11-27 18:04:50,947 INFO: NoSuchElementException in TransactionTrackerOperations.get_CM_parcels()
2018-11-27 18:04:55,619 INFO: NoSuchElementException in TransactionTrackerOperations.get_CM_parcels()
2018-11-27 18:05:00,377 INFO: NoSuchElementException in TransactionTrackerOperations.get_CM_parcels()
2018-11-27 18:05:05,751 INFO: NoSuchElementException in TransactionTrackerOperations.get_CM_parcels()
2018-11-27 18:05:10,501 INFO: NoSuchElementException in TransactionTrackerOperations.get_CM_parcels()
2018-11-27 18:05:15,463 INFO: NoSuchElementException in TransactionTrackerOperations.get_CM_parcels()
2018-11-27 18:05:21,415 INFO: NoSuchElementException in TransactionTrackerOperations.get_CM_parcels()
2018-11-27 18:05:26,004 INFO: NoSuchElementException in TransactionTrackerOperations.get_CM_parcels()
2018-11-27 18:05:30,996 INFO: NoSuchElementException in TransactionTrackerOperations.get_CM_parcels()
2018-11-27 18:05:36,761 INFO: NoSuchElementException in TransactionTrackerOperations.get_CM_parcels()
2018-11-27 18:05:42,686 INFO: NoSuchElementException in TransactionTrackerOperations.get_CM_parcels()
2018-11-27 18:05:48,981 INFO: NoSuchElementException in TransactionTrackerOperations.get_CM_parcels()
2018-11-27 18:05:55,143 INFO: NoSuchElementException in TransactionTrackerOperations.get_CM_parcels()
2018-11-27 18:06:01,185 INFO: NoSuchElementException in TransactionTrackerOperations.get_CM_parcels()
2018-11-27 18:06:04,020 INFO: NoSuchElementException in TransactionTrackerOperations.get_CM_parcels()
2018-11-27 18:06:12,146 INFO: Executing TransactionTrackerOperations.search_process_for_CMPDM() for: Performance Health|TAMARAC ADMINISTRACTIVE SERVICES DSSI|810
2018-11-27 18:06:12,861 INFO: Executing TransactionTrackerOperations.select_customer()
2018-11-27 18:06:19,682 INFO: Executing TransactionTrackerOperations.select_customer()
2018-11-27 18:06:31,497 INFO: Executing TransactionTrackerOperations.get_CM_parcels()
2018-11-27 18:06:37,450 INFO: Executing TransactionTrackerOperations.search_process_for_CMPDM() for: Performance Health|TANDEM HEALTHCARE DSSI|810
2018-11-27 18:06:37,980 INFO: Executing TransactionTrackerOperations.select_customer()
2018-11-27 18:06:44,999 INFO: Executing TransactionTrackerOperations.select_customer()
2018-11-27 18:06:57,936 INFO: Executing TransactionTrackerOperations.get_CM_parcels()
2018-11-27 18:07:05,115 INFO: Executing TransactionTrackerOperations.search_process_for_CMPDM() for: Performance Health|TARA CARES LLC DSSI|810
2018-11-27 18:07:05,643 INFO: Executing TransactionTrackerOperations.select_customer()
2018-11-27 18:07:12,933 INFO: Executing TransactionTrackerOperations.select_customer()
2018-11-27 18:07:25,238 INFO: Executing TransactionTrackerOperations.get_CM_parcels()
2018-11-27 18:07:28,249 INFO: NoSuchElementException in TransactionTrackerOperations.get_CM_parcels()
2018-11-27 18:07:32,913 INFO: NoSuchElementException in TransactionTrackerOperations.get_CM_parcels()
2018-11-27 18:07:37,539 INFO: NoSuchElementException in TransactionTrackerOperations.get_CM_parcels()
2018-11-27 18:07:42,417 INFO: NoSuchElementException in TransactionTrackerOperations.get_CM_parcels()
2018-11-27 18:07:47,150 INFO: NoSuchElementException in TransactionTrackerOperations.get_CM_parcels()
2018-11-27 18:07:51,792 INFO: NoSuchElementException in TransactionTrackerOperations.get_CM_parcels()
2018-11-27 18:07:57,270 INFO: NoSuchElementException in TransactionTrackerOperations.get_CM_parcels()
2018-11-27 18:08:02,049 INFO: NoSuchElementException in TransactionTrackerOperations.get_CM_parcels()
2018-11-27 18:08:06,612 INFO: NoSuchElementException in TransactionTrackerOperations.get_CM_parcels()
2018-11-27 18:08:11,258 INFO: NoSuchElementException in TransactionTrackerOperations.get_CM_parcels()
2018-11-27 18:08:16,312 INFO: NoSuchElementException in TransactionTrackerOperations.get_CM_parcels()
2018-11-27 18:08:21,421 INFO: NoSuchElementException in TransactionTrackerOperations.get_CM_parcels()
2018-11-27 18:08:27,050 INFO: NoSuchElementException in TransactionTrackerOperations.get_CM_parcels()
2018-11-27 18:08:32,812 INFO: NoSuchElementException in TransactionTrackerOperations.get_CM_parcels()
2018-11-27 18:08:37,727 INFO: NoSuchElementException in TransactionTrackerOperations.get_CM_parcels()
2018-11-27 18:08:43,317 INFO: NoSuchElementException in TransactionTrackerOperations.get_CM_parcels()
2018-11-27 18:08:48,079 INFO: NoSuchElementException in TransactionTrackerOperations.get_CM_parcels()
2018-11-27 18:08:52,787 INFO: NoSuchElementException in TransactionTrackerOperations.get_CM_parcels()
2018-11-27 18:08:57,563 INFO: NoSuchElementException in TransactionTrackerOperations.get_CM_parcels()
2018-11-27 18:08:59,987 INFO: NoSuchElementException in TransactionTrackerOperations.get_CM_parcels()
2018-11-27 18:09:07,807 INFO: Executing TransactionTrackerOperations.search_process_for_CMPDM() for: Performance Health|TEALWOOD TWN DSSI|810
2018-11-27 18:09:08,371 INFO: Executing TransactionTrackerOperations.select_customer()
2018-11-27 18:09:15,258 INFO: Executing TransactionTrackerOperations.select_customer()
2018-11-27 18:09:26,642 INFO: Executing TransactionTrackerOperations.get_CM_parcels()
2018-11-27 18:09:29,298 INFO: NoSuchElementException in TransactionTrackerOperations.get_CM_parcels()
2018-11-27 18:09:34,028 INFO: NoSuchElementException in TransactionTrackerOperations.get_CM_parcels()
2018-11-27 18:09:38,752 INFO: NoSuchElementException in TransactionTrackerOperations.get_CM_parcels()
2018-11-27 18:09:43,874 INFO: NoSuchElementException in TransactionTrackerOperations.get_CM_parcels()
2018-11-27 18:09:49,528 INFO: NoSuchElementException in TransactionTrackerOperations.get_CM_parcels()
2018-11-27 18:09:54,880 INFO: NoSuchElementException in TransactionTrackerOperations.get_CM_parcels()
2018-11-27 18:09:59,846 INFO: NoSuchElementException in TransactionTrackerOperations.get_CM_parcels()
2018-11-27 18:10:05,078 INFO: NoSuchElementException in TransactionTrackerOperations.get_CM_parcels()
2018-11-27 18:10:10,280 INFO: NoSuchElementException in TransactionTrackerOperations.get_CM_parcels()
2018-11-27 18:10:12,727 INFO: NoSuchElementException in TransactionTrackerOperations.get_CM_parcels()
2018-11-27 18:10:20,895 INFO: Executing TransactionTrackerOperations.search_process_for_CMPDM() for: Performance Health|TRANS HEALTH CARE DSSI|810
2018-11-27 18:10:20,997 INFO: Executing TransactionTrackerOperations.select_customer()
2018-11-27 18:10:27,839 INFO: Executing TransactionTrackerOperations.select_customer()
2018-11-27 18:10:39,326 INFO: Executing TransactionTrackerOperations.get_CM_parcels()
2018-11-27 18:10:45,233 INFO: Executing TransactionTrackerOperations.search_process_for_CMPDM() for: Performance Health|UNITED MEDICAL DSSI|810
2018-11-27 18:10:46,308 INFO: Executing TransactionTrackerOperations.select_customer()
2018-11-27 18:10:53,281 INFO: Executing TransactionTrackerOperations.select_customer()
2018-11-27 18:11:05,241 INFO: Executing TransactionTrackerOperations.get_CM_parcels()
2018-11-27 18:11:11,167 INFO: Executing TransactionTrackerOperations.search_process_for_CMPDM() for: Performance Health|WILMAC DSSI|810
2018-11-27 18:11:12,300 INFO: Executing TransactionTrackerOperations.select_customer()
2018-11-27 18:11:19,445 INFO: Executing TransactionTrackerOperations.select_customer()
2018-11-27 18:11:30,957 INFO: Executing TransactionTrackerOperations.get_CM_parcels()
2018-11-27 18:11:33,753 INFO: NoSuchElementException in TransactionTrackerOperations.get_CM_parcels()
2018-11-27 18:11:38,313 INFO: NoSuchElementException in TransactionTrackerOperations.get_CM_parcels()
2018-11-27 18:11:42,442 INFO: NoSuchElementException in TransactionTrackerOperations.get_CM_parcels()
2018-11-27 18:11:49,756 INFO: Executing TransactionTrackerOperations.search_process_for_CMPDM() for: Performance Health|Senior Care Centers LLC|810
2018-11-27 18:11:50,953 INFO: Executing TransactionTrackerOperations.select_customer()
2018-11-27 18:11:57,901 INFO: Executing TransactionTrackerOperations.select_customer()
2018-11-27 18:12:09,291 INFO: Executing TransactionTrackerOperations.get_CM_parcels()
2018-11-27 18:12:15,338 INFO: Executing TransactionTrackerOperations.search_process_for_CMPDM() for: Performance Health|AMERICAN SENIOR COMMUNITIES DSSI|810
2018-11-27 18:12:16,346 INFO: Executing TransactionTrackerOperations.select_customer()
2018-11-27 18:12:23,260 INFO: Executing TransactionTrackerOperations.select_customer()
2018-11-27 18:12:35,314 INFO: Executing TransactionTrackerOperations.get_CM_parcels()
2018-11-27 18:12:42,344 INFO: Executing TransactionTrackerOperations.search_process_for_CMPDM() for: Performance Health|BaneCare Management DSSI|810
2018-11-27 18:12:42,446 INFO: Executing TransactionTrackerOperations.select_customer()
2018-11-27 18:12:49,405 INFO: Executing TransactionTrackerOperations.select_customer()
2018-11-27 18:13:01,234 INFO: Executing TransactionTrackerOperations.get_CM_parcels()
2018-11-27 18:13:07,184 INFO: Executing TransactionTrackerOperations.search_process_for_CMPDM() for: Performance Health|DSSI Southern Healthcare|810
2018-11-27 18:13:07,689 INFO: Executing TransactionTrackerOperations.select_customer()
2018-11-27 18:13:14,576 INFO: Executing TransactionTrackerOperations.select_customer()
2018-11-27 18:13:26,639 INFO: Executing TransactionTrackerOperations.get_CM_parcels()
2018-11-27 18:13:29,875 INFO: NoSuchElementException in TransactionTrackerOperations.get_CM_parcels()
2018-11-27 18:13:34,560 INFO: NoSuchElementException in TransactionTrackerOperations.get_CM_parcels()
2018-11-27 18:13:39,355 INFO: NoSuchElementException in TransactionTrackerOperations.get_CM_parcels()
2018-11-27 18:13:44,183 INFO: NoSuchElementException in TransactionTrackerOperations.get_CM_parcels()
2018-11-27 18:13:48,923 INFO: NoSuchElementException in TransactionTrackerOperations.get_CM_parcels()
2018-11-27 18:13:53,851 INFO: NoSuchElementException in TransactionTrackerOperations.get_CM_parcels()
2018-11-27 18:13:58,571 INFO: NoSuchElementException in TransactionTrackerOperations.get_CM_parcels()
2018-11-27 18:14:03,348 INFO: NoSuchElementException in TransactionTrackerOperations.get_CM_parcels()
2018-11-27 18:14:08,139 INFO: NoSuchElementException in TransactionTrackerOperations.get_CM_parcels()
2018-11-27 18:14:12,934 INFO: NoSuchElementException in TransactionTrackerOperations.get_CM_parcels()
2018-11-27 18:14:17,719 INFO: NoSuchElementException in TransactionTrackerOperations.get_CM_parcels()
2018-11-27 18:14:22,465 INFO: NoSuchElementException in TransactionTrackerOperations.get_CM_parcels()
2018-11-27 18:14:27,733 INFO: NoSuchElementException in TransactionTrackerOperations.get_CM_parcels()
2018-11-27 18:14:32,435 INFO: NoSuchElementException in TransactionTrackerOperations.get_CM_parcels()
2018-11-27 18:14:36,954 INFO: NoSuchElementException in TransactionTrackerOperations.get_CM_parcels()
2018-11-27 18:14:41,491 INFO: NoSuchElementException in TransactionTrackerOperations.get_CM_parcels()
2018-11-27 18:14:46,073 INFO: NoSuchElementException in TransactionTrackerOperations.get_CM_parcels()
2018-11-27 18:14:50,866 INFO: NoSuchElementException in TransactionTrackerOperations.get_CM_parcels()
2018-11-27 18:14:55,377 INFO: NoSuchElementException in TransactionTrackerOperations.get_CM_parcels()
2018-11-27 18:14:59,905 INFO: NoSuchElementException in TransactionTrackerOperations.get_CM_parcels()
2018-11-27 18:15:04,476 INFO: NoSuchElementException in TransactionTrackerOperations.get_CM_parcels()
2018-11-27 18:15:09,063 INFO: NoSuchElementException in TransactionTrackerOperations.get_CM_parcels()
2018-11-27 18:15:13,796 INFO: NoSuchElementException in TransactionTrackerOperations.get_CM_parcels()
2018-11-27 18:15:18,293 INFO: NoSuchElementException in TransactionTrackerOperations.get_CM_parcels()
2018-11-27 18:15:22,748 INFO: NoSuchElementException in TransactionTrackerOperations.get_CM_parcels()
2018-11-27 18:15:27,143 INFO: NoSuchElementException in TransactionTrackerOperations.get_CM_parcels()
2018-11-27 18:15:31,469 INFO: NoSuchElementException in TransactionTrackerOperations.get_CM_parcels()
2018-11-27 18:15:35,880 INFO: NoSuchElementException in TransactionTrackerOperations.get_CM_parcels()
2018-11-27 18:15:38,255 INFO: NoSuchElementException in TransactionTrackerOperations.get_CM_parcels()
2018-11-27 18:15:46,856 INFO: Executing TransactionTrackerOperations.search_process_for_CMPDM() for: Performance Health|DSSI Next Step Healthcare|810
2018-11-27 18:15:46,970 INFO: Executing TransactionTrackerOperations.select_customer()
2018-11-27 18:15:53,792 INFO: Executing TransactionTrackerOperations.select_customer()
2018-11-27 18:16:05,439 INFO: Executing TransactionTrackerOperations.get_CM_parcels()
2018-11-27 18:16:08,334 INFO: NoSuchElementException in TransactionTrackerOperations.get_CM_parcels()
2018-11-27 18:16:13,068 INFO: NoSuchElementException in TransactionTrackerOperations.get_CM_parcels()
2018-11-27 18:16:17,885 INFO: NoSuchElementException in TransactionTrackerOperations.get_CM_parcels()
2018-11-27 18:16:23,346 INFO: NoSuchElementException in TransactionTrackerOperations.get_CM_parcels()
2018-11-27 18:16:28,424 INFO: NoSuchElementException in TransactionTrackerOperations.get_CM_parcels()
2018-11-27 18:16:33,639 INFO: NoSuchElementException in TransactionTrackerOperations.get_CM_parcels()
2018-11-27 18:16:38,715 INFO: NoSuchElementException in TransactionTrackerOperations.get_CM_parcels()
2018-11-27 18:16:43,923 INFO: NoSuchElementException in TransactionTrackerOperations.get_CM_parcels()
2018-11-27 18:16:48,976 INFO: NoSuchElementException in TransactionTrackerOperations.get_CM_parcels()
2018-11-27 18:16:53,471 INFO: NoSuchElementException in TransactionTrackerOperations.get_CM_parcels()
2018-11-27 18:16:58,131 INFO: NoSuchElementException in TransactionTrackerOperations.get_CM_parcels()
2018-11-27 18:17:02,910 INFO: NoSuchElementException in TransactionTrackerOperations.get_CM_parcels()
2018-11-27 18:17:08,233 INFO: NoSuchElementException in TransactionTrackerOperations.get_CM_parcels()
2018-11-27 18:17:13,285 INFO: NoSuchElementException in TransactionTrackerOperations.get_CM_parcels()
2018-11-27 18:17:18,541 INFO: NoSuchElementException in TransactionTrackerOperations.get_CM_parcels()
