2019-01-14 14:42:05,372 INFO: Executing Script Credit Memo Prodution Data Monitoring
2019-01-14 14:42:05,622 INFO: Executing CMProductionDataMonitoring.execute_main()
2019-01-14 14:42:27,832 INFO: Login in to Launchpad
2019-01-14 14:42:48,082 INFO: Executing CMProductionDataMonitoring.TaskFilter()
2019-01-14 14:42:48,560 INFO: Refreshing access_token
2019-01-14 14:42:59,943 INFO: select InProgress task from input sheet from CMProductionDataMonitoring.TaskFilter()
2019-01-14 14:42:59,945 INFO: Executing TransactionTrackerOperations.search_process_for_CMPDM() for: Performance Health|McKesson BASCOM PALMER EYE INST|810
2019-01-14 14:43:00,161 INFO: Executing TransactionTrackerOperations.select_customer()
2019-01-14 14:43:08,014 INFO: Executing TransactionTrackerOperations.select_customer()
2019-01-14 14:43:20,117 INFO: Executing TransactionTrackerOperations.get_CM_parcels()
2019-01-14 14:43:27,032 INFO: Executing TransactionTrackerOperations.search_process_for_CMPDM() for: Performance Health|McKesson CABELL HUNTINGTON HOSPITAL|810
2019-01-14 14:43:27,823 INFO: Executing TransactionTrackerOperations.select_customer()
2019-01-14 14:43:34,761 INFO: Executing TransactionTrackerOperations.select_customer()
2019-01-14 14:43:46,451 INFO: Executing TransactionTrackerOperations.get_CM_parcels()
2019-01-14 14:43:48,835 INFO: NoSuchElementException in TransactionTrackerOperations.get_CM_parcels()
2019-01-14 14:43:53,184 INFO: NoSuchElementException in TransactionTrackerOperations.get_CM_parcels()
2019-01-14 14:43:56,855 INFO: NoSuchElementException in TransactionTrackerOperations.get_CM_parcels()
2019-01-14 14:44:04,589 INFO: Executing TransactionTrackerOperations.search_process_for_CMPDM() for: Performance Health|McKesson CHILDRENS HOSPITAL|810
2019-01-14 14:44:04,612 INFO: Executing TransactionTrackerOperations.select_customer()
2019-01-14 14:44:11,409 INFO: Executing TransactionTrackerOperations.select_customer()
2019-01-14 14:44:22,740 INFO: Executing TransactionTrackerOperations.get_CM_parcels()
2019-01-14 14:44:25,135 INFO: NoSuchElementException in TransactionTrackerOperations.get_CM_parcels()
2019-01-14 14:44:29,596 INFO: NoSuchElementException in TransactionTrackerOperations.get_CM_parcels()
2019-01-14 14:44:32,571 INFO: NoSuchElementException in TransactionTrackerOperations.get_CM_parcels()
2019-01-14 14:44:39,912 INFO: Executing TransactionTrackerOperations.search_process_for_CMPDM() for: Performance Health|McKesson CHRISTIANA CARE HEALTH|810
2019-01-14 14:44:39,929 INFO: Executing TransactionTrackerOperations.select_customer()
2019-01-14 14:44:46,741 INFO: Executing TransactionTrackerOperations.select_customer()
2019-01-14 14:44:58,262 INFO: Executing TransactionTrackerOperations.get_CM_parcels()
2019-01-14 14:45:00,813 INFO: NoSuchElementException in TransactionTrackerOperations.get_CM_parcels()
2019-01-14 14:45:05,329 INFO: NoSuchElementException in TransactionTrackerOperations.get_CM_parcels()
2019-01-14 14:45:09,730 INFO: NoSuchElementException in TransactionTrackerOperations.get_CM_parcels()
2019-01-14 14:45:13,985 INFO: NoSuchElementException in TransactionTrackerOperations.get_CM_parcels()
2019-01-14 14:45:18,282 INFO: NoSuchElementException in TransactionTrackerOperations.get_CM_parcels()
2019-01-14 14:45:22,526 INFO: NoSuchElementException in TransactionTrackerOperations.get_CM_parcels()
2019-01-14 14:45:26,713 INFO: NoSuchElementException in TransactionTrackerOperations.get_CM_parcels()
2019-01-14 14:45:30,963 INFO: NoSuchElementException in TransactionTrackerOperations.get_CM_parcels()
2019-01-14 14:45:35,183 INFO: NoSuchElementException in TransactionTrackerOperations.get_CM_parcels()
2019-01-14 14:45:39,618 INFO: NoSuchElementException in TransactionTrackerOperations.get_CM_parcels()
2019-01-14 14:45:43,837 INFO: NoSuchElementException in TransactionTrackerOperations.get_CM_parcels()
2019-01-14 14:45:48,114 INFO: NoSuchElementException in TransactionTrackerOperations.get_CM_parcels()
2019-01-14 14:45:52,489 INFO: NoSuchElementException in TransactionTrackerOperations.get_CM_parcels()
2019-01-14 14:45:56,804 INFO: NoSuchElementException in TransactionTrackerOperations.get_CM_parcels()
2019-01-14 14:46:01,195 INFO: NoSuchElementException in TransactionTrackerOperations.get_CM_parcels()
2019-01-14 14:46:05,527 INFO: NoSuchElementException in TransactionTrackerOperations.get_CM_parcels()
2019-01-14 14:46:09,780 INFO: NoSuchElementException in TransactionTrackerOperations.get_CM_parcels()
2019-01-14 14:46:12,813 INFO: NoSuchElementException in TransactionTrackerOperations.get_CM_parcels()
2019-01-14 14:46:19,925 INFO: Executing TransactionTrackerOperations.search_process_for_CMPDM() for: Performance Health|McKesson EMH REGIONAL HEALTHCARE SYSTEMS|810
2019-01-14 14:46:20,418 INFO: Executing TransactionTrackerOperations.select_customer()
2019-01-14 14:46:27,241 INFO: Executing TransactionTrackerOperations.select_customer()
2019-01-14 14:46:38,750 INFO: Executing TransactionTrackerOperations.get_CM_parcels()
2019-01-14 14:46:44,696 INFO: Executing TransactionTrackerOperations.search_process_for_CMPDM() for: Performance Health|McKesson EMORY HEALTHCARE|810
2019-01-14 14:46:45,117 INFO: Executing TransactionTrackerOperations.select_customer()
2019-01-14 14:46:51,974 INFO: Executing TransactionTrackerOperations.select_customer()
2019-01-14 14:47:03,154 INFO: Executing TransactionTrackerOperations.get_CM_parcels()
2019-01-14 14:47:09,210 INFO: Executing TransactionTrackerOperations.search_process_for_CMPDM() for: Performance Health|McKesson FIRELANDS REGIONAL MEDICAL CENTER|810
2019-01-14 14:47:09,714 INFO: Executing TransactionTrackerOperations.select_customer()
2019-01-14 14:47:16,529 INFO: Executing TransactionTrackerOperations.select_customer()
2019-01-14 14:47:28,059 INFO: Executing TransactionTrackerOperations.get_CM_parcels()
2019-01-14 14:47:33,999 INFO: Executing TransactionTrackerOperations.search_process_for_CMPDM() for: Performance Health|McKesson FIRSTHEALTH CAROLINAS|810
2019-01-14 14:47:34,442 INFO: Executing TransactionTrackerOperations.select_customer()
2019-01-14 14:47:41,254 INFO: Executing TransactionTrackerOperations.select_customer()
2019-01-14 14:47:52,771 INFO: Executing TransactionTrackerOperations.get_CM_parcels()
2019-01-14 14:47:59,427 INFO: Executing TransactionTrackerOperations.search_process_for_CMPDM() for: Performance Health|McKesson FRANCISCAN ALLIANCE INC|810
2019-01-14 14:47:59,446 INFO: Executing TransactionTrackerOperations.select_customer()
2019-01-14 14:48:06,305 INFO: Executing TransactionTrackerOperations.select_customer()
2019-01-14 14:48:17,619 INFO: Executing TransactionTrackerOperations.get_CM_parcels()
2019-01-14 14:48:23,168 INFO: Executing TransactionTrackerOperations.search_process_for_CMPDM() for: Performance Health|McKesson GOOD SHEPHERD REHAB NETWORK|810
2019-01-14 14:48:23,669 INFO: Executing TransactionTrackerOperations.select_customer()
2019-01-14 14:48:30,849 INFO: Executing TransactionTrackerOperations.select_customer()
2019-01-14 14:48:42,396 INFO: Executing TransactionTrackerOperations.get_CM_parcels()
2019-01-14 14:48:44,695 INFO: NoSuchElementException in TransactionTrackerOperations.get_CM_parcels()
2019-01-14 14:48:49,014 INFO: NoSuchElementException in TransactionTrackerOperations.get_CM_parcels()
2019-01-14 14:48:53,262 INFO: NoSuchElementException in TransactionTrackerOperations.get_CM_parcels()
2019-01-14 14:48:57,462 INFO: NoSuchElementException in TransactionTrackerOperations.get_CM_parcels()
2019-01-14 14:49:01,690 INFO: NoSuchElementException in TransactionTrackerOperations.get_CM_parcels()
2019-01-14 14:49:05,960 INFO: NoSuchElementException in TransactionTrackerOperations.get_CM_parcels()
2019-01-14 14:49:10,256 INFO: NoSuchElementException in TransactionTrackerOperations.get_CM_parcels()
2019-01-14 14:49:14,604 INFO: NoSuchElementException in TransactionTrackerOperations.get_CM_parcels()
2019-01-14 14:49:18,998 INFO: NoSuchElementException in TransactionTrackerOperations.get_CM_parcels()
2019-01-14 14:49:23,331 INFO: NoSuchElementException in TransactionTrackerOperations.get_CM_parcels()
2019-01-14 14:49:27,629 INFO: NoSuchElementException in TransactionTrackerOperations.get_CM_parcels()
2019-01-14 14:49:31,926 INFO: NoSuchElementException in TransactionTrackerOperations.get_CM_parcels()
2019-01-14 14:49:36,331 INFO: NoSuchElementException in TransactionTrackerOperations.get_CM_parcels()
2019-01-14 14:49:40,688 INFO: NoSuchElementException in TransactionTrackerOperations.get_CM_parcels()
2019-01-14 14:49:44,978 INFO: NoSuchElementException in TransactionTrackerOperations.get_CM_parcels()
2019-01-14 14:49:49,263 INFO: NoSuchElementException in TransactionTrackerOperations.get_CM_parcels()
2019-01-14 14:49:53,595 INFO: NoSuchElementException in TransactionTrackerOperations.get_CM_parcels()
2019-01-14 14:49:57,929 INFO: NoSuchElementException in TransactionTrackerOperations.get_CM_parcels()
2019-01-14 14:50:01,149 INFO: NoSuchElementException in TransactionTrackerOperations.get_CM_parcels()
2019-01-14 14:50:08,633 INFO: Executing TransactionTrackerOperations.search_process_for_CMPDM() for: Performance Health|McKesson HALIFAX REGIONAL HOSPITAL|810
2019-01-14 14:50:09,232 INFO: Executing TransactionTrackerOperations.select_customer()
2019-01-14 14:50:16,087 INFO: Executing TransactionTrackerOperations.select_customer()
2019-01-14 14:50:27,671 INFO: Executing TransactionTrackerOperations.get_CM_parcels()
2019-01-14 14:50:34,478 INFO: Executing TransactionTrackerOperations.search_process_for_CMPDM() for: Performance Health|McKesson HATTISBURG CLINIC|810
2019-01-14 14:50:34,494 INFO: Executing TransactionTrackerOperations.select_customer()
2019-01-14 14:50:41,303 INFO: Executing TransactionTrackerOperations.select_customer()
2019-01-14 14:50:52,376 INFO: Executing TransactionTrackerOperations.get_CM_parcels()
2019-01-14 14:50:58,219 INFO: Executing TransactionTrackerOperations.search_process_for_CMPDM() for: Performance Health|McKesson IL BONE AND JOINT|810
2019-01-14 14:50:58,756 INFO: Executing TransactionTrackerOperations.select_customer()
2019-01-14 14:51:05,542 INFO: Executing TransactionTrackerOperations.select_customer()
2019-01-14 14:51:16,731 INFO: Executing TransactionTrackerOperations.get_CM_parcels()
2019-01-14 14:51:22,606 INFO: Executing TransactionTrackerOperations.search_process_for_CMPDM() for: Performance Health|McKesson LAKE CHARLES MEMORIAL HOSPITAL|810
2019-01-14 14:51:23,183 INFO: Executing TransactionTrackerOperations.select_customer()
2019-01-14 14:51:30,042 INFO: Executing TransactionTrackerOperations.select_customer()
2019-01-14 14:51:41,776 INFO: Executing TransactionTrackerOperations.get_CM_parcels()
2019-01-14 14:51:47,681 INFO: Executing TransactionTrackerOperations.search_process_for_CMPDM() for: Performance Health|McKesson LAWRENCE MEMORIAL HOSPITAL|810
2019-01-14 14:51:48,087 INFO: Executing TransactionTrackerOperations.select_customer()
2019-01-14 14:51:54,887 INFO: Executing TransactionTrackerOperations.select_customer()
2019-01-14 14:52:06,560 INFO: Executing TransactionTrackerOperations.get_CM_parcels()
2019-01-14 14:52:08,836 INFO: NoSuchElementException in TransactionTrackerOperations.get_CM_parcels()
2019-01-14 14:52:13,138 INFO: NoSuchElementException in TransactionTrackerOperations.get_CM_parcels()
2019-01-14 14:52:17,388 INFO: NoSuchElementException in TransactionTrackerOperations.get_CM_parcels()
2019-01-14 14:52:21,593 INFO: NoSuchElementException in TransactionTrackerOperations.get_CM_parcels()
2019-01-14 14:52:25,750 INFO: NoSuchElementException in TransactionTrackerOperations.get_CM_parcels()
2019-01-14 14:52:29,951 INFO: NoSuchElementException in TransactionTrackerOperations.get_CM_parcels()
2019-01-14 14:52:38,094 INFO: Executing TransactionTrackerOperations.search_process_for_CMPDM() for: Performance Health|McKesson LEESBURG REGIONAL|810
2019-01-14 14:52:38,384 INFO: Executing TransactionTrackerOperations.select_customer()
2019-01-14 14:52:45,253 INFO: Executing TransactionTrackerOperations.select_customer()
2019-01-14 14:52:56,266 INFO: Executing TransactionTrackerOperations.get_CM_parcels()
2019-01-14 14:52:57,153 INFO: NoSuchElementException in TransactionTrackerOperations.get_CM_parcels()
2019-01-14 14:53:03,596 INFO: Executing TransactionTrackerOperations.search_process_for_CMPDM() for: Performance Health|McKesson LOMA LINDA UNIVERSITY MEDICAL CENTER|810
2019-01-14 14:53:04,111 INFO: Executing TransactionTrackerOperations.select_customer()
2019-01-14 14:53:10,898 INFO: Executing TransactionTrackerOperations.select_customer()
2019-01-14 14:53:22,612 INFO: Executing TransactionTrackerOperations.get_CM_parcels()
2019-01-14 14:53:22,876 INFO: NoSuchElementException in TransactionTrackerOperations.get_CM_parcels()
2019-01-14 14:53:29,807 INFO: Executing TransactionTrackerOperations.search_process_for_CMPDM() for: Performance Health|McKesson MCG HEALTH INC|810
2019-01-14 14:53:29,823 INFO: Executing TransactionTrackerOperations.select_customer()
2019-01-14 14:53:36,549 INFO: Executing TransactionTrackerOperations.select_customer()
2019-01-14 14:53:47,842 INFO: Executing TransactionTrackerOperations.get_CM_parcels()
2019-01-14 14:53:50,204 INFO: NoSuchElementException in TransactionTrackerOperations.get_CM_parcels()
2019-01-14 14:53:54,520 INFO: NoSuchElementException in TransactionTrackerOperations.get_CM_parcels()
2019-01-14 14:53:58,749 INFO: NoSuchElementException in TransactionTrackerOperations.get_CM_parcels()
2019-01-14 14:54:02,997 INFO: NoSuchElementException in TransactionTrackerOperations.get_CM_parcels()
2019-01-14 14:54:07,202 INFO: NoSuchElementException in TransactionTrackerOperations.get_CM_parcels()
2019-01-14 14:54:10,845 INFO: NoSuchElementException in TransactionTrackerOperations.get_CM_parcels()
2019-01-14 14:54:18,337 INFO: Executing TransactionTrackerOperations.search_process_for_CMPDM() for: Performance Health|McKesson NCH HEALTHCARE|810
2019-01-14 14:54:18,355 INFO: Executing TransactionTrackerOperations.select_customer()
2019-01-14 14:54:25,242 INFO: Executing TransactionTrackerOperations.select_customer()
2019-01-14 14:54:36,190 INFO: Executing TransactionTrackerOperations.get_CM_parcels()
2019-01-14 14:54:38,503 INFO: NoSuchElementException in TransactionTrackerOperations.get_CM_parcels()
2019-01-14 14:54:42,821 INFO: NoSuchElementException in TransactionTrackerOperations.get_CM_parcels()
2019-01-14 14:54:46,961 INFO: NoSuchElementException in TransactionTrackerOperations.get_CM_parcels()
2019-01-14 14:54:51,119 INFO: NoSuchElementException in TransactionTrackerOperations.get_CM_parcels()
2019-01-14 14:54:55,201 INFO: NoSuchElementException in TransactionTrackerOperations.get_CM_parcels()
2019-01-14 14:54:59,491 INFO: NoSuchElementException in TransactionTrackerOperations.get_CM_parcels()
2019-01-14 14:55:03,828 INFO: NoSuchElementException in TransactionTrackerOperations.get_CM_parcels()
2019-01-14 14:55:08,215 INFO: NoSuchElementException in TransactionTrackerOperations.get_CM_parcels()
2019-01-14 14:55:11,041 INFO: NoSuchElementException in TransactionTrackerOperations.get_CM_parcels()
2019-01-14 14:55:18,117 INFO: Executing TransactionTrackerOperations.search_process_for_CMPDM() for: Performance Health|McKesson SACRED HEART HOSPITAL|810
2019-01-14 14:55:19,090 INFO: Executing TransactionTrackerOperations.select_customer()
2019-01-14 14:55:25,947 INFO: Executing TransactionTrackerOperations.select_customer()
2019-01-14 14:55:37,153 INFO: Executing TransactionTrackerOperations.get_CM_parcels()
2019-01-14 14:55:43,379 INFO: Executing TransactionTrackerOperations.search_process_for_CMPDM() for: Performance Health|McKesson SAINT FRANCES MEDICAL CENTER|810
2019-01-14 14:55:43,587 INFO: Executing TransactionTrackerOperations.select_customer()
2019-01-14 14:55:50,376 INFO: Executing TransactionTrackerOperations.select_customer()
2019-01-14 14:56:01,741 INFO: Executing TransactionTrackerOperations.get_CM_parcels()
2019-01-14 14:56:04,169 INFO: NoSuchElementException in TransactionTrackerOperations.get_CM_parcels()
2019-01-14 14:56:08,476 INFO: NoSuchElementException in TransactionTrackerOperations.get_CM_parcels()
2019-01-14 14:56:12,696 INFO: NoSuchElementException in TransactionTrackerOperations.get_CM_parcels()
2019-01-14 14:56:16,299 INFO: NoSuchElementException in TransactionTrackerOperations.get_CM_parcels()
2019-01-14 14:56:22,703 INFO: Executing TransactionTrackerOperations.search_process_for_CMPDM() for: Performance Health|McKesson SOUTHERN NEW HAMPSHIRE MEDICAL CENTER|810
2019-01-14 14:56:23,370 INFO: Executing TransactionTrackerOperations.select_customer()
2019-01-14 14:56:30,163 INFO: Executing TransactionTrackerOperations.select_customer()
2019-01-14 14:56:41,617 INFO: Executing TransactionTrackerOperations.get_CM_parcels()
2019-01-14 14:56:43,908 INFO: NoSuchElementException in TransactionTrackerOperations.get_CM_parcels()
2019-01-14 14:56:48,206 INFO: NoSuchElementException in TransactionTrackerOperations.get_CM_parcels()
2019-01-14 14:56:52,458 INFO: NoSuchElementException in TransactionTrackerOperations.get_CM_parcels()
2019-01-14 14:56:56,628 INFO: NoSuchElementException in TransactionTrackerOperations.get_CM_parcels()
2019-01-14 14:56:59,612 INFO: NoSuchElementException in TransactionTrackerOperations.get_CM_parcels()
2019-01-14 14:57:06,709 INFO: Executing TransactionTrackerOperations.search_process_for_CMPDM() for: Performance Health|McKesson TIFT REGIONAL MEDICAL CENTER|810
2019-01-14 14:57:06,724 INFO: Executing TransactionTrackerOperations.select_customer()
2019-01-14 14:57:13,519 INFO: Executing TransactionTrackerOperations.select_customer()
2019-01-14 14:57:24,787 INFO: Executing TransactionTrackerOperations.get_CM_parcels()
2019-01-14 14:57:30,696 INFO: Executing TransactionTrackerOperations.search_process_for_CMPDM() for: Performance Health|McKesson TRINITY MOTHER FRANCES HOSPITAL|810
2019-01-14 14:57:31,106 INFO: Executing TransactionTrackerOperations.select_customer()
2019-01-14 14:57:37,937 INFO: Executing TransactionTrackerOperations.select_customer()
2019-01-14 14:57:49,243 INFO: Executing TransactionTrackerOperations.get_CM_parcels()
2019-01-14 14:57:51,500 INFO: NoSuchElementException in TransactionTrackerOperations.get_CM_parcels()
2019-01-14 14:57:55,698 INFO: NoSuchElementException in TransactionTrackerOperations.get_CM_parcels()
2019-01-14 14:57:59,994 INFO: NoSuchElementException in TransactionTrackerOperations.get_CM_parcels()
2019-01-14 14:58:04,253 INFO: NoSuchElementException in TransactionTrackerOperations.get_CM_parcels()
2019-01-14 14:58:08,428 INFO: NoSuchElementException in TransactionTrackerOperations.get_CM_parcels()
2019-01-14 14:58:12,661 INFO: NoSuchElementException in TransactionTrackerOperations.get_CM_parcels()
2019-01-14 14:58:16,819 INFO: NoSuchElementException in TransactionTrackerOperations.get_CM_parcels()
2019-01-14 14:58:21,053 INFO: NoSuchElementException in TransactionTrackerOperations.get_CM_parcels()
2019-01-14 14:58:23,451 INFO: NoSuchElementException in TransactionTrackerOperations.get_CM_parcels()
2019-01-14 14:58:30,032 INFO: Executing TransactionTrackerOperations.search_process_for_CMPDM() for: Performance Health|McKesson Truman Medical Center|810
2019-01-14 14:58:30,489 INFO: Executing TransactionTrackerOperations.select_customer()
2019-01-14 14:58:37,318 INFO: Executing TransactionTrackerOperations.select_customer()
2019-01-14 14:58:48,392 INFO: Executing TransactionTrackerOperations.get_CM_parcels()
2019-01-14 14:58:54,366 INFO: Executing TransactionTrackerOperations.search_process_for_CMPDM() for: Performance Health|McKesson UNITED HOSPITAL SYSTEM INC|810
2019-01-14 14:58:55,029 INFO: Executing TransactionTrackerOperations.select_customer()
2019-01-14 14:59:01,779 INFO: Executing TransactionTrackerOperations.select_customer()
2019-01-14 14:59:13,024 INFO: Executing TransactionTrackerOperations.get_CM_parcels()
2019-01-14 14:59:15,389 INFO: NoSuchElementException in TransactionTrackerOperations.get_CM_parcels()
2019-01-14 14:59:19,802 INFO: NoSuchElementException in TransactionTrackerOperations.get_CM_parcels()
2019-01-14 14:59:23,982 INFO: NoSuchElementException in TransactionTrackerOperations.get_CM_parcels()
2019-01-14 14:59:27,815 INFO: NoSuchElementException in TransactionTrackerOperations.get_CM_parcels()
2019-01-14 14:59:35,009 INFO: Executing TransactionTrackerOperations.search_process_for_CMPDM() for: Performance Health|McKesson VAIL VALLEY MEDICAL CENTER|810
2019-01-14 14:59:35,024 INFO: Executing TransactionTrackerOperations.select_customer()
2019-01-14 14:59:41,898 INFO: Executing TransactionTrackerOperations.select_customer()
2019-01-14 14:59:53,193 INFO: Executing TransactionTrackerOperations.get_CM_parcels()
2019-01-14 14:59:56,336 INFO: Executing TransactionTrackerOperations.search_process_for_CMPDM() for: Performance Health|McKesson WHEATON FRANCISCAN HEALTHCARE|810
2019-01-14 14:59:56,713 INFO: Executing TransactionTrackerOperations.select_customer()
2019-01-14 15:00:03,504 INFO: Executing TransactionTrackerOperations.select_customer()
2019-01-14 15:00:14,843 INFO: Executing TransactionTrackerOperations.get_CM_parcels()
2019-01-14 15:00:20,419 INFO: Executing TransactionTrackerOperations.search_process_for_CMPDM() for: Performance Health|MFA DSSI|810
2019-01-14 15:00:20,884 INFO: Executing TransactionTrackerOperations.select_customer()
2019-01-14 15:00:27,707 INFO: Executing TransactionTrackerOperations.select_customer()
2019-01-14 15:00:38,526 INFO: Executing TransactionTrackerOperations.get_CM_parcels()
2019-01-14 15:00:43,943 INFO: Executing TransactionTrackerOperations.search_process_for_CMPDM() for: Performance Health|MIDWEST GERIATRIC DSSI|810
2019-01-14 15:00:44,360 INFO: Executing TransactionTrackerOperations.select_customer()
2019-01-14 15:00:51,132 INFO: Executing TransactionTrackerOperations.select_customer()
2019-01-14 15:01:02,279 INFO: Executing TransactionTrackerOperations.get_CM_parcels()
2019-01-14 15:01:02,539 INFO: NoSuchElementException in TransactionTrackerOperations.get_CM_parcels()
2019-01-14 15:01:08,651 INFO: Executing TransactionTrackerOperations.search_process_for_CMPDM() for: Performance Health|MIDWEST HEALTH DSSI|810
2019-01-14 15:01:09,120 INFO: Executing TransactionTrackerOperations.select_customer()
2019-01-14 15:01:15,978 INFO: Executing TransactionTrackerOperations.select_customer()
2019-01-14 15:01:27,014 INFO: Executing TransactionTrackerOperations.get_CM_parcels()
2019-01-14 15:01:29,397 INFO: NoSuchElementException in TransactionTrackerOperations.get_CM_parcels()
2019-01-14 15:01:33,735 INFO: NoSuchElementException in TransactionTrackerOperations.get_CM_parcels()
2019-01-14 15:01:37,910 INFO: NoSuchElementException in TransactionTrackerOperations.get_CM_parcels()
2019-01-14 15:01:41,703 INFO: NoSuchElementException in TransactionTrackerOperations.get_CM_parcels()
2019-01-14 15:01:48,221 INFO: Executing TransactionTrackerOperations.search_process_for_CMPDM() for: Performance Health|MISSION HEALTH DSSI|810
2019-01-14 15:01:48,576 INFO: Executing TransactionTrackerOperations.select_customer()
2019-01-14 15:01:55,382 INFO: Executing TransactionTrackerOperations.select_customer()
2019-01-14 15:02:06,569 INFO: Executing TransactionTrackerOperations.get_CM_parcels()
2019-01-14 15:02:08,900 INFO: NoSuchElementException in TransactionTrackerOperations.get_CM_parcels()
2019-01-14 15:02:13,176 INFO: NoSuchElementException in TransactionTrackerOperations.get_CM_parcels()
2019-01-14 15:02:17,359 INFO: NoSuchElementException in TransactionTrackerOperations.get_CM_parcels()
2019-01-14 15:02:21,623 INFO: NoSuchElementException in TransactionTrackerOperations.get_CM_parcels()
2019-01-14 15:02:25,825 INFO: NoSuchElementException in TransactionTrackerOperations.get_CM_parcels()
2019-01-14 15:02:30,036 INFO: NoSuchElementException in TransactionTrackerOperations.get_CM_parcels()
2019-01-14 15:02:34,243 INFO: NoSuchElementException in TransactionTrackerOperations.get_CM_parcels()
2019-01-14 15:02:38,509 INFO: NoSuchElementException in TransactionTrackerOperations.get_CM_parcels()
2019-01-14 15:02:42,895 INFO: NoSuchElementException in TransactionTrackerOperations.get_CM_parcels()
2019-01-14 15:02:46,610 INFO: NoSuchElementException in TransactionTrackerOperations.get_CM_parcels()
2019-01-14 15:02:54,825 INFO: Executing TransactionTrackerOperations.search_process_for_CMPDM() for: Performance Health|NEXION DSSI|810
2019-01-14 15:02:54,842 INFO: Executing TransactionTrackerOperations.select_customer()
2019-01-14 15:03:01,651 INFO: Executing TransactionTrackerOperations.select_customer()
2019-01-14 15:03:12,600 INFO: Executing TransactionTrackerOperations.get_CM_parcels()
2019-01-14 15:03:14,963 INFO: NoSuchElementException in TransactionTrackerOperations.get_CM_parcels()
2019-01-14 15:03:19,216 INFO: NoSuchElementException in TransactionTrackerOperations.get_CM_parcels()
2019-01-14 15:03:23,381 INFO: NoSuchElementException in TransactionTrackerOperations.get_CM_parcels()
2019-01-14 15:03:27,593 INFO: NoSuchElementException in TransactionTrackerOperations.get_CM_parcels()
2019-01-14 15:03:31,790 INFO: NoSuchElementException in TransactionTrackerOperations.get_CM_parcels()
2019-01-14 15:03:36,049 INFO: NoSuchElementException in TransactionTrackerOperations.get_CM_parcels()
2019-01-14 15:03:40,226 INFO: NoSuchElementException in TransactionTrackerOperations.get_CM_parcels()
2019-01-14 15:03:44,515 INFO: NoSuchElementException in TransactionTrackerOperations.get_CM_parcels()
2019-01-14 15:03:48,713 INFO: NoSuchElementException in TransactionTrackerOperations.get_CM_parcels()
2019-01-14 15:03:52,953 INFO: NoSuchElementException in TransactionTrackerOperations.get_CM_parcels()
2019-01-14 15:03:56,804 INFO: NoSuchElementException in TransactionTrackerOperations.get_CM_parcels()
2019-01-14 15:04:04,459 INFO: Executing TransactionTrackerOperations.search_process_for_CMPDM() for: Performance Health|NOLAND HEALTH SERVICES DSSI|810
2019-01-14 15:04:05,239 INFO: Executing TransactionTrackerOperations.select_customer()
2019-01-14 15:04:12,035 INFO: Executing TransactionTrackerOperations.select_customer()
2019-01-14 15:04:23,311 INFO: Executing TransactionTrackerOperations.get_CM_parcels()
2019-01-14 15:04:25,727 INFO: NoSuchElementException in TransactionTrackerOperations.get_CM_parcels()
2019-01-14 15:04:30,021 INFO: NoSuchElementException in TransactionTrackerOperations.get_CM_parcels()
2019-01-14 15:04:34,265 INFO: NoSuchElementException in TransactionTrackerOperations.get_CM_parcels()
2019-01-14 15:04:38,473 INFO: NoSuchElementException in TransactionTrackerOperations.get_CM_parcels()
2019-01-14 15:04:42,665 INFO: NoSuchElementException in TransactionTrackerOperations.get_CM_parcels()
2019-01-14 15:04:47,012 INFO: NoSuchElementException in TransactionTrackerOperations.get_CM_parcels()
2019-01-14 15:04:49,641 INFO: NoSuchElementException in TransactionTrackerOperations.get_CM_parcels()
2019-01-14 15:04:56,005 INFO: Executing TransactionTrackerOperations.search_process_for_CMPDM() for: Performance Health|NORTHPORT DSSI|810
2019-01-14 15:04:56,938 INFO: Executing TransactionTrackerOperations.select_customer()
2019-01-14 15:05:03,779 INFO: Executing TransactionTrackerOperations.select_customer()
2019-01-14 15:05:14,841 INFO: Executing TransactionTrackerOperations.get_CM_parcels()
2019-01-14 15:05:20,699 INFO: Executing TransactionTrackerOperations.search_process_for_CMPDM() for: Performance Health|NUVISION DSSI|810
2019-01-14 15:05:21,418 INFO: Executing TransactionTrackerOperations.select_customer()
2019-01-14 15:05:28,214 INFO: Executing TransactionTrackerOperations.select_customer()
2019-01-14 15:05:39,192 INFO: Executing TransactionTrackerOperations.get_CM_parcels()
2019-01-14 15:05:41,495 INFO: NoSuchElementException in TransactionTrackerOperations.get_CM_parcels()
2019-01-14 15:05:45,735 INFO: NoSuchElementException in TransactionTrackerOperations.get_CM_parcels()
2019-01-14 15:05:49,880 INFO: NoSuchElementException in TransactionTrackerOperations.get_CM_parcels()
2019-01-14 15:05:53,037 INFO: NoSuchElementException in TransactionTrackerOperations.get_CM_parcels()
2019-01-14 15:05:59,333 INFO: Executing TransactionTrackerOperations.search_process_for_CMPDM() for: Performance Health|ONIX GROUP DSSI|810
2019-01-14 15:05:59,845 INFO: Executing TransactionTrackerOperations.select_customer()
2019-01-14 15:06:06,642 INFO: Executing TransactionTrackerOperations.select_customer()
2019-01-14 15:06:17,709 INFO: Executing TransactionTrackerOperations.get_CM_parcels()
2019-01-14 15:06:20,046 INFO: NoSuchElementException in TransactionTrackerOperations.get_CM_parcels()
2019-01-14 15:06:24,285 INFO: NoSuchElementException in TransactionTrackerOperations.get_CM_parcels()
2019-01-14 15:06:28,436 INFO: NoSuchElementException in TransactionTrackerOperations.get_CM_parcels()
2019-01-14 15:06:32,638 INFO: NoSuchElementException in TransactionTrackerOperations.get_CM_parcels()
2019-01-14 15:06:36,061 INFO: NoSuchElementException in TransactionTrackerOperations.get_CM_parcels()
2019-01-14 15:06:43,388 INFO: Executing TransactionTrackerOperations.search_process_for_CMPDM() for: Performance Health|PENNMED CONSULTANTS INC DSSI|810
2019-01-14 15:06:43,410 INFO: Executing TransactionTrackerOperations.select_customer()
2019-01-14 15:06:50,283 INFO: Executing TransactionTrackerOperations.select_customer()
2019-01-14 15:07:01,643 INFO: Executing TransactionTrackerOperations.get_CM_parcels()
2019-01-14 15:07:07,219 INFO: Executing TransactionTrackerOperations.search_process_for_CMPDM() for: Performance Health|PREFERRED CARE DSSI|810
2019-01-14 15:07:07,611 INFO: Executing TransactionTrackerOperations.select_customer()
2019-01-14 15:07:14,455 INFO: Executing TransactionTrackerOperations.select_customer()
2019-01-14 15:07:25,543 INFO: Executing TransactionTrackerOperations.get_CM_parcels()
2019-01-14 15:07:31,538 INFO: Executing TransactionTrackerOperations.search_process_for_CMPDM() for: Performance Health|PRESBYTERIAN HOMES AND SERVICES DSSI|810
2019-01-14 15:07:31,943 INFO: Executing TransactionTrackerOperations.select_customer()
2019-01-14 15:07:38,726 INFO: Executing TransactionTrackerOperations.select_customer()
2019-01-14 15:07:50,211 INFO: Executing TransactionTrackerOperations.get_CM_parcels()
2019-01-14 15:07:52,509 INFO: NoSuchElementException in TransactionTrackerOperations.get_CM_parcels()
2019-01-14 15:07:56,802 INFO: NoSuchElementException in TransactionTrackerOperations.get_CM_parcels()
2019-01-14 15:08:00,958 INFO: NoSuchElementException in TransactionTrackerOperations.get_CM_parcels()
2019-01-14 15:08:05,137 INFO: NoSuchElementException in TransactionTrackerOperations.get_CM_parcels()
2019-01-14 15:08:09,315 INFO: NoSuchElementException in TransactionTrackerOperations.get_CM_parcels()
2019-01-14 15:08:13,445 INFO: NoSuchElementException in TransactionTrackerOperations.get_CM_parcels()
2019-01-14 15:08:17,615 INFO: NoSuchElementException in TransactionTrackerOperations.get_CM_parcels()
2019-01-14 15:08:21,873 INFO: NoSuchElementException in TransactionTrackerOperations.get_CM_parcels()
2019-01-14 15:08:29,876 INFO: Executing TransactionTrackerOperations.search_process_for_CMPDM() for: Performance Health|PRESBYTERIAN SENIOR LIVING DSSI|810
2019-01-14 15:08:30,304 INFO: Executing TransactionTrackerOperations.select_customer()
2019-01-14 15:08:37,084 INFO: Executing TransactionTrackerOperations.select_customer()
2019-01-14 15:08:48,461 INFO: Executing TransactionTrackerOperations.get_CM_parcels()
2019-01-14 15:08:50,785 INFO: NoSuchElementException in TransactionTrackerOperations.get_CM_parcels()
2019-01-14 15:08:55,011 INFO: NoSuchElementException in TransactionTrackerOperations.get_CM_parcels()
2019-01-14 15:08:59,212 INFO: NoSuchElementException in TransactionTrackerOperations.get_CM_parcels()
2019-01-14 15:09:03,470 INFO: NoSuchElementException in TransactionTrackerOperations.get_CM_parcels()
2019-01-14 15:09:07,671 INFO: NoSuchElementException in TransactionTrackerOperations.get_CM_parcels()
2019-01-14 15:09:10,172 INFO: NoSuchElementException in TransactionTrackerOperations.get_CM_parcels()
2019-01-14 15:09:17,477 INFO: Executing TransactionTrackerOperations.search_process_for_CMPDM() for: Performance Health|QUALITY LIFE SERVICES DSSI|810
2019-01-14 15:09:17,492 INFO: Executing TransactionTrackerOperations.select_customer()
2019-01-14 15:09:24,314 INFO: Executing TransactionTrackerOperations.select_customer()
2019-01-14 15:09:35,564 INFO: Executing TransactionTrackerOperations.get_CM_parcels()
2019-01-14 15:09:37,922 INFO: NoSuchElementException in TransactionTrackerOperations.get_CM_parcels()
2019-01-14 15:09:42,201 INFO: NoSuchElementException in TransactionTrackerOperations.get_CM_parcels()
2019-01-14 15:09:46,481 INFO: NoSuchElementException in TransactionTrackerOperations.get_CM_parcels()
2019-01-14 15:09:50,691 INFO: NoSuchElementException in TransactionTrackerOperations.get_CM_parcels()
2019-01-14 15:09:54,887 INFO: NoSuchElementException in TransactionTrackerOperations.get_CM_parcels()
2019-01-14 15:09:59,114 INFO: NoSuchElementException in TransactionTrackerOperations.get_CM_parcels()
2019-01-14 15:10:03,441 INFO: NoSuchElementException in TransactionTrackerOperations.get_CM_parcels()
2019-01-14 15:10:07,104 INFO: NoSuchElementException in TransactionTrackerOperations.get_CM_parcels()
2019-01-14 15:10:13,469 INFO: Executing TransactionTrackerOperations.search_process_for_CMPDM() for: Performance Health|Quest Healthcare Development DSSI|810
2019-01-14 15:10:13,984 INFO: Executing TransactionTrackerOperations.select_customer()
2019-01-14 15:10:20,778 INFO: Executing TransactionTrackerOperations.select_customer()
2019-01-14 15:10:32,179 INFO: Executing TransactionTrackerOperations.get_CM_parcels()
2019-01-14 15:10:38,228 INFO: Executing TransactionTrackerOperations.search_process_for_CMPDM() for: Performance Health|Regency Integrated Health Services DSSI|810
2019-01-14 15:10:38,674 INFO: Executing TransactionTrackerOperations.select_customer()
2019-01-14 15:10:45,564 INFO: Executing TransactionTrackerOperations.select_customer()
2019-01-14 15:10:57,188 INFO: Executing TransactionTrackerOperations.get_CM_parcels()
2019-01-14 15:11:04,106 INFO: Executing TransactionTrackerOperations.search_process_for_CMPDM() for: Performance Health|RENNES HEALTH DSSI|810
2019-01-14 15:11:04,124 INFO: Executing TransactionTrackerOperations.select_customer()
2019-01-14 15:11:11,051 INFO: Executing TransactionTrackerOperations.select_customer()
2019-01-14 15:11:22,651 INFO: Executing TransactionTrackerOperations.get_CM_parcels()
2019-01-14 15:11:25,254 INFO: NoSuchElementException in TransactionTrackerOperations.get_CM_parcels()
2019-01-14 15:11:29,771 INFO: NoSuchElementException in TransactionTrackerOperations.get_CM_parcels()
2019-01-14 15:11:34,087 INFO: NoSuchElementException in TransactionTrackerOperations.get_CM_parcels()
2019-01-14 15:11:38,242 INFO: NoSuchElementException in TransactionTrackerOperations.get_CM_parcels()
2019-01-14 15:11:42,422 INFO: NoSuchElementException in TransactionTrackerOperations.get_CM_parcels()
2019-01-14 15:11:46,669 INFO: NoSuchElementException in TransactionTrackerOperations.get_CM_parcels()
2019-01-14 15:11:49,053 INFO: NoSuchElementException in TransactionTrackerOperations.get_CM_parcels()
2019-01-14 15:11:55,270 INFO: Executing TransactionTrackerOperations.search_process_for_CMPDM() for: Performance Health|SABER HEALTHCARE DSSI|810
2019-01-14 15:11:55,679 INFO: Executing TransactionTrackerOperations.select_customer()
2019-01-14 15:12:02,482 INFO: Executing TransactionTrackerOperations.select_customer()
2019-01-14 15:12:13,658 INFO: Executing TransactionTrackerOperations.get_CM_parcels()
2019-01-14 15:12:20,327 INFO: Executing TransactionTrackerOperations.search_process_for_CMPDM() for: Performance Health|SPRENGER HEALTHCARE DSSI|810
2019-01-14 15:12:20,341 INFO: Executing TransactionTrackerOperations.select_customer()
2019-01-14 15:12:27,102 INFO: Executing TransactionTrackerOperations.select_customer()
2019-01-14 15:12:38,385 INFO: Executing TransactionTrackerOperations.get_CM_parcels()
2019-01-14 15:12:40,726 INFO: NoSuchElementException in TransactionTrackerOperations.get_CM_parcels()
2019-01-14 15:12:44,969 INFO: NoSuchElementException in TransactionTrackerOperations.get_CM_parcels()
2019-01-14 15:12:49,229 INFO: NoSuchElementException in TransactionTrackerOperations.get_CM_parcels()
2019-01-14 15:12:53,431 INFO: NoSuchElementException in TransactionTrackerOperations.get_CM_parcels()
2019-01-14 15:12:57,855 INFO: NoSuchElementException in TransactionTrackerOperations.get_CM_parcels()
2019-01-14 15:13:02,020 INFO: NoSuchElementException in TransactionTrackerOperations.get_CM_parcels()
2019-01-14 15:13:06,229 INFO: NoSuchElementException in TransactionTrackerOperations.get_CM_parcels()
2019-01-14 15:13:10,411 INFO: NoSuchElementException in TransactionTrackerOperations.get_CM_parcels()
2019-01-14 15:13:14,615 INFO: NoSuchElementException in TransactionTrackerOperations.get_CM_parcels()
2019-01-14 15:13:18,880 INFO: NoSuchElementException in TransactionTrackerOperations.get_CM_parcels()
2019-01-14 15:13:23,102 INFO: NoSuchElementException in TransactionTrackerOperations.get_CM_parcels()
2019-01-14 15:13:27,293 INFO: NoSuchElementException in TransactionTrackerOperations.get_CM_parcels()
2019-01-14 15:13:31,585 INFO: NoSuchElementException in TransactionTrackerOperations.get_CM_parcels()
2019-01-14 15:13:36,080 INFO: NoSuchElementException in TransactionTrackerOperations.get_CM_parcels()
2019-01-14 15:13:44,899 INFO: Executing TransactionTrackerOperations.search_process_for_CMPDM() for: Performance Health|SPRINGPOINT DSSI|810
2019-01-14 15:13:45,379 INFO: Executing TransactionTrackerOperations.select_customer()
2019-01-14 15:13:52,170 INFO: Executing TransactionTrackerOperations.select_customer()
2019-01-14 15:14:03,425 INFO: Executing TransactionTrackerOperations.get_CM_parcels()
2019-01-14 15:14:05,914 INFO: NoSuchElementException in TransactionTrackerOperations.get_CM_parcels()
2019-01-14 15:14:10,294 INFO: NoSuchElementException in TransactionTrackerOperations.get_CM_parcels()
2019-01-14 15:14:14,655 INFO: NoSuchElementException in TransactionTrackerOperations.get_CM_parcels()
2019-01-14 15:14:18,856 INFO: NoSuchElementException in TransactionTrackerOperations.get_CM_parcels()
2019-01-14 15:14:22,504 INFO: NoSuchElementException in TransactionTrackerOperations.get_CM_parcels()
2019-01-14 15:14:29,314 INFO: Executing TransactionTrackerOperations.search_process_for_CMPDM() for: Performance Health|STONERISE MEDICAL DSSI|810
2019-01-14 15:14:29,710 INFO: Executing TransactionTrackerOperations.select_customer()
2019-01-14 15:14:36,508 INFO: Executing TransactionTrackerOperations.select_customer()
2019-01-14 15:14:47,979 INFO: Executing TransactionTrackerOperations.get_CM_parcels()
2019-01-14 15:14:53,633 INFO: Executing TransactionTrackerOperations.search_process_for_CMPDM() for: Performance Health|TAMARAC ADMINISTRACTIVE SERVICES DSSI|810
2019-01-14 15:14:54,044 INFO: Executing TransactionTrackerOperations.select_customer()
2019-01-14 15:15:00,849 INFO: Executing TransactionTrackerOperations.select_customer()
2019-01-14 15:15:12,625 INFO: Executing TransactionTrackerOperations.get_CM_parcels()
2019-01-14 15:15:18,820 INFO: Executing TransactionTrackerOperations.search_process_for_CMPDM() for: Performance Health|TANDEM HEALTHCARE DSSI|810
2019-01-14 15:15:18,835 INFO: Executing TransactionTrackerOperations.select_customer()
2019-01-14 15:15:25,696 INFO: Executing TransactionTrackerOperations.select_customer()
2019-01-14 15:15:37,332 INFO: Executing TransactionTrackerOperations.get_CM_parcels()
2019-01-14 15:15:44,023 INFO: Executing TransactionTrackerOperations.search_process_for_CMPDM() for: Performance Health|TARA CARES LLC DSSI|810
2019-01-14 15:15:44,597 INFO: Executing TransactionTrackerOperations.select_customer()
2019-01-14 15:15:51,425 INFO: Executing TransactionTrackerOperations.select_customer()
2019-01-14 15:16:02,709 INFO: Executing TransactionTrackerOperations.get_CM_parcels()
2019-01-14 15:16:08,579 INFO: Executing TransactionTrackerOperations.search_process_for_CMPDM() for: Performance Health|TEALWOOD TWN DSSI|810
2019-01-14 15:16:08,957 INFO: Executing TransactionTrackerOperations.select_customer()
2019-01-14 15:16:15,810 INFO: Executing TransactionTrackerOperations.select_customer()
2019-01-14 15:16:27,252 INFO: Executing TransactionTrackerOperations.get_CM_parcels()
2019-01-14 15:16:29,692 INFO: NoSuchElementException in TransactionTrackerOperations.get_CM_parcels()
2019-01-14 15:16:34,047 INFO: NoSuchElementException in TransactionTrackerOperations.get_CM_parcels()
2019-01-14 15:16:38,391 INFO: NoSuchElementException in TransactionTrackerOperations.get_CM_parcels()
2019-01-14 15:16:42,576 INFO: NoSuchElementException in TransactionTrackerOperations.get_CM_parcels()
2019-01-14 15:16:46,863 INFO: NoSuchElementException in TransactionTrackerOperations.get_CM_parcels()
2019-01-14 15:16:51,310 INFO: NoSuchElementException in TransactionTrackerOperations.get_CM_parcels()
2019-01-14 15:16:55,686 INFO: NoSuchElementException in TransactionTrackerOperations.get_CM_parcels()
2019-01-14 15:16:59,952 INFO: NoSuchElementException in TransactionTrackerOperations.get_CM_parcels()
2019-01-14 15:17:04,464 INFO: NoSuchElementException in TransactionTrackerOperations.get_CM_parcels()
2019-01-14 15:17:08,772 INFO: NoSuchElementException in TransactionTrackerOperations.get_CM_parcels()
2019-01-14 15:17:13,530 INFO: NoSuchElementException in TransactionTrackerOperations.get_CM_parcels()
2019-01-14 15:17:17,880 INFO: NoSuchElementException in TransactionTrackerOperations.get_CM_parcels()
2019-01-14 15:17:21,982 INFO: NoSuchElementException in TransactionTrackerOperations.get_CM_parcels()
2019-01-14 15:17:30,162 INFO: Executing TransactionTrackerOperations.search_process_for_CMPDM() for: Performance Health|TRANS HEALTH CARE DSSI|810
2019-01-14 15:17:30,561 INFO: Executing TransactionTrackerOperations.select_customer()
2019-01-14 15:17:37,324 INFO: Executing TransactionTrackerOperations.select_customer()
2019-01-14 15:17:48,496 INFO: Executing TransactionTrackerOperations.get_CM_parcels()
2019-01-14 15:17:54,327 INFO: Executing TransactionTrackerOperations.search_process_for_CMPDM() for: Performance Health|UNITED MEDICAL DSSI|810
2019-01-14 15:17:54,930 INFO: Executing TransactionTrackerOperations.select_customer()
2019-01-14 15:18:01,687 INFO: Executing TransactionTrackerOperations.select_customer()
2019-01-14 15:18:12,849 INFO: Executing TransactionTrackerOperations.get_CM_parcels()
2019-01-14 15:18:19,490 INFO: Executing TransactionTrackerOperations.search_process_for_CMPDM() for: Performance Health|WILMAC DSSI|810
2019-01-14 15:18:19,505 INFO: Executing TransactionTrackerOperations.select_customer()
2019-01-14 15:18:26,275 INFO: Executing TransactionTrackerOperations.select_customer()
2019-01-14 15:18:37,065 INFO: Executing TransactionTrackerOperations.get_CM_parcels()
2019-01-14 15:18:39,333 INFO: NoSuchElementException in TransactionTrackerOperations.get_CM_parcels()
2019-01-14 15:18:43,499 INFO: NoSuchElementException in TransactionTrackerOperations.get_CM_parcels()
2019-01-14 15:18:47,702 INFO: NoSuchElementException in TransactionTrackerOperations.get_CM_parcels()
2019-01-14 15:18:51,873 INFO: NoSuchElementException in TransactionTrackerOperations.get_CM_parcels()
2019-01-14 15:18:55,722 INFO: NoSuchElementException in TransactionTrackerOperations.get_CM_parcels()
2019-01-14 15:19:02,251 INFO: Executing TransactionTrackerOperations.search_process_for_CMPDM() for: Performance Health|Senior Care Centers LLC|810
2019-01-14 15:19:02,630 INFO: Executing TransactionTrackerOperations.select_customer()
2019-01-14 15:19:09,422 INFO: Executing TransactionTrackerOperations.select_customer()
2019-01-14 15:19:20,518 INFO: Executing TransactionTrackerOperations.get_CM_parcels()
2019-01-14 15:19:26,306 INFO: completed CMProductionDataMonitoring.execute_main()
2019-01-14 17:31:08,976 INFO: Executing Script Credit Memo Prodution Data Monitoring
2019-01-14 17:31:09,113 INFO: Executing CMProductionDataMonitoring.execute_main()
2019-01-14 17:31:13,959 INFO: Login in to Launchpad
2019-01-14 17:31:32,817 INFO: Executing CMProductionDataMonitoring.TaskFilter()
2019-01-14 17:31:33,054 INFO: Refreshing access_token
2019-01-14 17:31:40,867 INFO: select InProgress task from input sheet from CMProductionDataMonitoring.TaskFilter()
2019-01-14 17:31:40,868 INFO: Executing TransactionTrackerOperations.search_process_for_CMPDM() for: Performance Health|BaneCare Management DSSI|810
2019-01-14 17:31:40,967 INFO: Executing TransactionTrackerOperations.select_customer()
2019-01-14 17:31:47,885 INFO: Executing TransactionTrackerOperations.select_customer()
2019-01-14 17:31:59,144 INFO: Executing TransactionTrackerOperations.get_CM_parcels()
2019-01-14 17:32:05,661 INFO: Executing TransactionTrackerOperations.search_process_for_CMPDM() for: Performance Health|DSSI Next Step Healthcare|810
2019-01-14 17:32:06,401 INFO: Executing TransactionTrackerOperations.select_customer()
2019-01-14 17:32:13,269 INFO: Executing TransactionTrackerOperations.select_customer()
2019-01-14 17:32:24,629 INFO: Executing TransactionTrackerOperations.get_CM_parcels()
2019-01-14 17:32:32,452 INFO: Executing TransactionTrackerOperations.search_process_for_CMPDM() for: Performance Health|Regency Pacific DSSI|810
2019-01-14 17:32:32,464 INFO: Executing TransactionTrackerOperations.select_customer()
2019-01-14 17:32:39,233 INFO: Executing TransactionTrackerOperations.select_customer()
2019-01-14 17:32:50,268 INFO: Executing TransactionTrackerOperations.get_CM_parcels()
2019-01-14 17:32:50,524 INFO: NoSuchElementException in TransactionTrackerOperations.get_CM_parcels()
2019-01-14 17:32:58,425 INFO: Executing TransactionTrackerOperations.search_process_for_CMPDM() for: Performance Health|ADVANTAGE HPSI DSSI|810
2019-01-14 17:32:59,044 INFO: Executing TransactionTrackerOperations.select_customer()
2019-01-14 17:33:06,192 INFO: Executing TransactionTrackerOperations.select_customer()
2019-01-14 17:33:17,313 INFO: Executing TransactionTrackerOperations.get_CM_parcels()
2019-01-14 17:33:19,586 INFO: NoSuchElementException in TransactionTrackerOperations.get_CM_parcels()
2019-01-14 17:33:23,807 INFO: NoSuchElementException in TransactionTrackerOperations.get_CM_parcels()
2019-01-14 17:33:28,005 INFO: NoSuchElementException in TransactionTrackerOperations.get_CM_parcels()
2019-01-14 17:33:32,201 INFO: NoSuchElementException in TransactionTrackerOperations.get_CM_parcels()
2019-01-14 17:33:35,196 INFO: NoSuchElementException in TransactionTrackerOperations.get_CM_parcels()
2019-01-14 17:33:42,833 INFO: Executing TransactionTrackerOperations.search_process_for_CMPDM() for: Performance Health|ADVANTAGE NAVIGATOR DSSI|810
2019-01-14 17:33:43,216 INFO: Executing TransactionTrackerOperations.select_customer()
2019-01-14 17:33:49,988 INFO: Executing TransactionTrackerOperations.select_customer()
2019-01-14 17:34:01,353 INFO: Executing TransactionTrackerOperations.get_CM_parcels()
2019-01-14 17:34:07,685 INFO: Executing TransactionTrackerOperations.search_process_for_CMPDM() for: Performance Health|American Health Companies|810
2019-01-14 17:34:07,710 INFO: Executing TransactionTrackerOperations.select_customer()
2019-01-14 17:35:49,743 ERROR: Error in CMProductionDataMonitoring.TaskFilter()
2019-01-14 17:35:54,396 INFO: Executing TransactionTrackerOperations.search_process_for_CMPDM() for: Performance Health|APEX|810
2019-01-14 17:35:54,847 INFO: Executing TransactionTrackerOperations.select_customer()
2019-01-14 17:36:01,694 INFO: Executing TransactionTrackerOperations.select_customer()
2019-01-14 17:36:12,720 INFO: Executing TransactionTrackerOperations.get_CM_parcels()
2019-01-14 17:36:19,961 INFO: Executing TransactionTrackerOperations.search_process_for_CMPDM() for: Performance Health|APEX HEALTHCARE FLORIDA DSSI|810
2019-01-14 17:36:19,980 INFO: Executing TransactionTrackerOperations.select_customer()
2019-01-14 17:36:26,747 INFO: Executing TransactionTrackerOperations.select_customer()
2019-01-14 17:36:38,114 INFO: Executing TransactionTrackerOperations.get_CM_parcels()
2019-01-14 17:36:44,989 INFO: Executing TransactionTrackerOperations.search_process_for_CMPDM() for: Performance Health|ATRIUM LIVING CENTERS DSSI|810
2019-01-14 17:36:45,003 INFO: Executing TransactionTrackerOperations.select_customer()
2019-01-14 17:36:51,977 INFO: Executing TransactionTrackerOperations.select_customer()
2019-01-14 17:37:03,319 INFO: Executing TransactionTrackerOperations.get_CM_parcels()
2019-01-14 17:37:11,026 INFO: Executing TransactionTrackerOperations.search_process_for_CMPDM() for: Performance Health|AXIOM DSSI|810
2019-01-14 17:37:11,621 INFO: Executing TransactionTrackerOperations.select_customer()
2019-01-14 17:37:18,425 INFO: Executing TransactionTrackerOperations.select_customer()
2019-01-14 17:37:29,302 INFO: Executing TransactionTrackerOperations.get_CM_parcels()
2019-01-14 17:37:31,610 INFO: NoSuchElementException in TransactionTrackerOperations.get_CM_parcels()
2019-01-14 17:37:35,783 INFO: NoSuchElementException in TransactionTrackerOperations.get_CM_parcels()
2019-01-14 17:37:45,360 INFO: Executing TransactionTrackerOperations.search_process_for_CMPDM() for: Performance Health|BE GROUP DSSI|810
2019-01-14 17:37:45,375 INFO: Executing TransactionTrackerOperations.select_customer()
2019-01-14 17:37:52,181 INFO: Executing TransactionTrackerOperations.select_customer()
2019-01-14 17:38:03,183 INFO: Executing TransactionTrackerOperations.get_CM_parcels()
2019-01-14 17:38:11,409 INFO: Executing TransactionTrackerOperations.search_process_for_CMPDM() for: Performance Health|BEACON HEALTH DSSI|810
2019-01-14 17:38:11,431 INFO: Executing TransactionTrackerOperations.select_customer()
2019-01-14 17:38:18,200 INFO: Executing TransactionTrackerOperations.select_customer()
2019-01-14 17:38:29,299 INFO: Executing TransactionTrackerOperations.get_CM_parcels()
2019-01-14 17:38:31,575 INFO: NoSuchElementException in TransactionTrackerOperations.get_CM_parcels()
2019-01-14 17:38:35,852 INFO: NoSuchElementException in TransactionTrackerOperations.get_CM_parcels()
2019-01-14 17:38:39,951 INFO: NoSuchElementException in TransactionTrackerOperations.get_CM_parcels()
2019-01-14 17:38:44,076 INFO: NoSuchElementException in TransactionTrackerOperations.get_CM_parcels()
2019-01-14 17:38:48,209 INFO: NoSuchElementException in TransactionTrackerOperations.get_CM_parcels()
2019-01-14 17:38:52,455 INFO: NoSuchElementException in TransactionTrackerOperations.get_CM_parcels()
2019-01-14 17:38:56,061 INFO: NoSuchElementException in TransactionTrackerOperations.get_CM_parcels()
2019-01-14 17:39:02,747 INFO: Executing TransactionTrackerOperations.search_process_for_CMPDM() for: Performance Health|BENEDICTINE DSSI|810
2019-01-14 17:39:03,290 INFO: Executing TransactionTrackerOperations.select_customer()
2019-01-14 17:39:10,453 INFO: Executing TransactionTrackerOperations.select_customer()
2019-01-14 17:39:21,519 INFO: Executing TransactionTrackerOperations.get_CM_parcels()
2019-01-14 17:39:28,753 INFO: Executing TransactionTrackerOperations.search_process_for_CMPDM() for: Performance Health|Bethlen Communities Home Health and Hospice|810
2019-01-14 17:39:28,769 INFO: Executing TransactionTrackerOperations.select_customer()
2019-01-14 17:39:35,521 INFO: Executing TransactionTrackerOperations.select_customer()
2019-01-14 17:39:46,715 INFO: Executing TransactionTrackerOperations.get_CM_parcels()
2019-01-14 17:39:48,990 INFO: NoSuchElementException in TransactionTrackerOperations.get_CM_parcels()
2019-01-14 17:39:52,829 INFO: NoSuchElementException in TransactionTrackerOperations.get_CM_parcels()
2019-01-14 17:39:59,623 INFO: Executing TransactionTrackerOperations.search_process_for_CMPDM() for: Performance Health|BOMBAY LANE DSSI|810
2019-01-14 17:40:00,177 INFO: Executing TransactionTrackerOperations.select_customer()
2019-01-14 17:40:06,982 INFO: Executing TransactionTrackerOperations.select_customer()
2019-01-14 17:40:17,922 INFO: Executing TransactionTrackerOperations.get_CM_parcels()
2019-01-14 17:40:20,256 INFO: NoSuchElementException in TransactionTrackerOperations.get_CM_parcels()
2019-01-14 17:40:24,494 INFO: NoSuchElementException in TransactionTrackerOperations.get_CM_parcels()
2019-01-14 17:40:28,652 INFO: NoSuchElementException in TransactionTrackerOperations.get_CM_parcels()
2019-01-14 17:40:32,899 INFO: NoSuchElementException in TransactionTrackerOperations.get_CM_parcels()
2019-01-14 17:40:37,091 INFO: NoSuchElementException in TransactionTrackerOperations.get_CM_parcels()
2019-01-14 17:40:41,231 INFO: NoSuchElementException in TransactionTrackerOperations.get_CM_parcels()
2019-01-14 17:40:45,414 INFO: NoSuchElementException in TransactionTrackerOperations.get_CM_parcels()
2019-01-14 17:40:49,691 INFO: NoSuchElementException in TransactionTrackerOperations.get_CM_parcels()
2019-01-14 17:40:52,475 INFO: NoSuchElementException in TransactionTrackerOperations.get_CM_parcels()
2019-01-14 17:40:59,501 INFO: Executing TransactionTrackerOperations.search_process_for_CMPDM() for: Performance Health|CARDON AND ASSOCIATES DSSI|810
2019-01-14 17:41:00,127 INFO: Executing TransactionTrackerOperations.select_customer()
2019-01-14 17:41:06,903 INFO: Executing TransactionTrackerOperations.select_customer()
2019-01-14 17:41:18,259 INFO: Executing TransactionTrackerOperations.get_CM_parcels()
2019-01-14 17:41:25,193 INFO: Executing TransactionTrackerOperations.search_process_for_CMPDM() for: Performance Health|CERES PURCHASING SOLUTIONS DSSI|810
2019-01-14 17:41:25,209 INFO: Executing TransactionTrackerOperations.select_customer()
2019-01-14 17:41:31,997 INFO: Executing TransactionTrackerOperations.select_customer()
2019-01-14 17:41:43,434 INFO: Executing TransactionTrackerOperations.get_CM_parcels()
2019-01-14 17:41:51,234 INFO: Executing TransactionTrackerOperations.search_process_for_CMPDM() for: Performance Health|Chosen Healthcare DSSI|810
2019-01-14 17:41:51,435 INFO: Executing TransactionTrackerOperations.select_customer()
2019-01-14 17:41:58,217 INFO: Executing TransactionTrackerOperations.select_customer()
2019-01-14 17:42:09,234 INFO: Executing TransactionTrackerOperations.get_CM_parcels()
2019-01-14 17:42:15,767 INFO: Executing TransactionTrackerOperations.search_process_for_CMPDM() for: Performance Health|CLEAR CHOICE DSSI|810
2019-01-14 17:42:16,160 INFO: Executing TransactionTrackerOperations.select_customer()
2019-01-14 17:42:22,945 INFO: Executing TransactionTrackerOperations.select_customer()
2019-01-14 17:42:34,019 INFO: Executing TransactionTrackerOperations.get_CM_parcels()
2019-01-14 17:42:36,353 INFO: NoSuchElementException in TransactionTrackerOperations.get_CM_parcels()
2019-01-14 17:42:40,570 INFO: NoSuchElementException in TransactionTrackerOperations.get_CM_parcels()
2019-01-14 17:42:44,722 INFO: NoSuchElementException in TransactionTrackerOperations.get_CM_parcels()
2019-01-14 17:42:48,931 INFO: NoSuchElementException in TransactionTrackerOperations.get_CM_parcels()
2019-01-14 17:42:53,056 INFO: NoSuchElementException in TransactionTrackerOperations.get_CM_parcels()
2019-01-14 17:42:57,456 INFO: NoSuchElementException in TransactionTrackerOperations.get_CM_parcels()
2019-01-14 17:43:01,677 INFO: NoSuchElementException in TransactionTrackerOperations.get_CM_parcels()
2019-01-14 17:43:06,038 INFO: NoSuchElementException in TransactionTrackerOperations.get_CM_parcels()
2019-01-14 17:43:10,244 INFO: NoSuchElementException in TransactionTrackerOperations.get_CM_parcels()
2019-01-14 17:43:14,470 INFO: NoSuchElementException in TransactionTrackerOperations.get_CM_parcels()
2019-01-14 17:43:18,703 INFO: NoSuchElementException in TransactionTrackerOperations.get_CM_parcels()
2019-01-14 17:43:21,948 INFO: NoSuchElementException in TransactionTrackerOperations.get_CM_parcels()
2019-01-14 17:43:29,764 INFO: Executing TransactionTrackerOperations.search_process_for_CMPDM() for: Performance Health|COMMUNICARE DSSI|810
2019-01-14 17:43:29,780 INFO: Executing TransactionTrackerOperations.select_customer()
2019-01-14 17:43:36,532 INFO: Executing TransactionTrackerOperations.select_customer()
2019-01-14 17:43:47,587 INFO: Executing TransactionTrackerOperations.get_CM_parcels()
2019-01-14 17:43:54,303 INFO: Executing TransactionTrackerOperations.search_process_for_CMPDM() for: Performance Health|COMPLETE HEALTHCARE DSSI|810
2019-01-14 17:43:54,323 INFO: Executing TransactionTrackerOperations.select_customer()
2019-01-14 17:44:01,084 INFO: Executing TransactionTrackerOperations.select_customer()
2019-01-14 17:44:12,487 INFO: Executing TransactionTrackerOperations.get_CM_parcels()
2019-01-14 17:44:14,961 INFO: NoSuchElementException in TransactionTrackerOperations.get_CM_parcels()
2019-01-14 17:44:19,164 INFO: NoSuchElementException in TransactionTrackerOperations.get_CM_parcels()
2019-01-14 17:44:23,266 INFO: NoSuchElementException in TransactionTrackerOperations.get_CM_parcels()
2019-01-14 17:44:27,451 INFO: NoSuchElementException in TransactionTrackerOperations.get_CM_parcels()
2019-01-14 17:44:31,627 INFO: NoSuchElementException in TransactionTrackerOperations.get_CM_parcels()
2019-01-14 17:44:35,760 INFO: NoSuchElementException in TransactionTrackerOperations.get_CM_parcels()
2019-01-14 17:44:38,021 ERROR: Error in CMProductionDataMonitoring.TaskFilter()
2019-01-14 17:44:42,502 INFO: Executing TransactionTrackerOperations.search_process_for_CMPDM() for: Performance Health|COVENANT DOVE DSSI|810
2019-01-14 17:44:43,124 INFO: Executing TransactionTrackerOperations.select_customer()
2019-01-14 17:44:49,906 INFO: Executing TransactionTrackerOperations.select_customer()
2019-01-14 17:45:00,842 INFO: Executing TransactionTrackerOperations.get_CM_parcels()
2019-01-14 17:45:07,510 INFO: Executing TransactionTrackerOperations.search_process_for_CMPDM() for: Performance Health|DIAKON LUTHERAN DSSI|810
2019-01-14 17:45:07,528 INFO: Executing TransactionTrackerOperations.select_customer()
2019-01-14 17:45:14,321 INFO: Executing TransactionTrackerOperations.select_customer()
2019-01-14 17:45:25,424 INFO: Executing TransactionTrackerOperations.get_CM_parcels()
2019-01-14 17:45:27,753 INFO: NoSuchElementException in TransactionTrackerOperations.get_CM_parcels()
2019-01-14 17:45:32,000 INFO: NoSuchElementException in TransactionTrackerOperations.get_CM_parcels()
2019-01-14 17:45:36,288 INFO: NoSuchElementException in TransactionTrackerOperations.get_CM_parcels()
2019-01-14 17:45:40,457 INFO: NoSuchElementException in TransactionTrackerOperations.get_CM_parcels()
2019-01-14 17:45:44,657 INFO: NoSuchElementException in TransactionTrackerOperations.get_CM_parcels()
2019-01-14 17:45:48,878 INFO: NoSuchElementException in TransactionTrackerOperations.get_CM_parcels()
2019-01-14 17:45:53,054 INFO: NoSuchElementException in TransactionTrackerOperations.get_CM_parcels()
2019-01-14 17:45:57,248 INFO: NoSuchElementException in TransactionTrackerOperations.get_CM_parcels()
2019-01-14 17:46:00,392 INFO: NoSuchElementException in TransactionTrackerOperations.get_CM_parcels()
2019-01-14 17:46:07,465 INFO: Executing TransactionTrackerOperations.search_process_for_CMPDM() for: Performance Health|DIVERSICARE DSSI|810
2019-01-14 17:46:07,960 INFO: Executing TransactionTrackerOperations.select_customer()
2019-01-14 17:46:14,733 INFO: Executing TransactionTrackerOperations.select_customer()
2019-01-14 17:46:25,871 INFO: Executing TransactionTrackerOperations.get_CM_parcels()
2019-01-14 17:46:31,364 INFO: Executing TransactionTrackerOperations.search_process_for_CMPDM() for: Performance Health|Dycora Transitional Health DSSI|810
2019-01-14 17:46:31,709 INFO: Executing TransactionTrackerOperations.select_customer()
2019-01-14 17:46:38,480 INFO: Executing TransactionTrackerOperations.select_customer()
2019-01-14 17:46:49,550 INFO: Executing TransactionTrackerOperations.get_CM_parcels()
2019-01-14 17:46:51,862 INFO: NoSuchElementException in TransactionTrackerOperations.get_CM_parcels()
2019-01-14 17:46:56,145 INFO: NoSuchElementException in TransactionTrackerOperations.get_CM_parcels()
2019-01-14 17:47:00,261 INFO: NoSuchElementException in TransactionTrackerOperations.get_CM_parcels()
2019-01-14 17:47:04,560 INFO: NoSuchElementException in TransactionTrackerOperations.get_CM_parcels()
2019-01-14 17:47:08,957 INFO: NoSuchElementException in TransactionTrackerOperations.get_CM_parcels()
2019-01-14 17:47:13,330 INFO: NoSuchElementException in TransactionTrackerOperations.get_CM_parcels()
2019-01-14 17:47:17,578 INFO: NoSuchElementException in TransactionTrackerOperations.get_CM_parcels()
2019-01-14 17:47:21,801 INFO: NoSuchElementException in TransactionTrackerOperations.get_CM_parcels()
2019-01-14 17:47:26,020 INFO: NoSuchElementException in TransactionTrackerOperations.get_CM_parcels()
2019-01-14 17:47:30,190 INFO: NoSuchElementException in TransactionTrackerOperations.get_CM_parcels()
2019-01-14 17:47:34,399 INFO: NoSuchElementException in TransactionTrackerOperations.get_CM_parcels()
2019-01-14 17:47:36,725 ERROR: Error in CMProductionDataMonitoring.TaskFilter()
2019-01-14 17:47:41,222 INFO: Executing TransactionTrackerOperations.search_process_for_CMPDM() for: Performance Health|ERICKSON RETIREMENT COMMUNITIES DSSI|810
2019-01-14 17:47:41,665 INFO: Executing TransactionTrackerOperations.select_customer()
2019-01-14 17:47:48,562 INFO: Executing TransactionTrackerOperations.select_customer()
2019-01-14 17:48:00,257 INFO: Executing TransactionTrackerOperations.get_CM_parcels()
2019-01-14 17:48:02,672 INFO: NoSuchElementException in TransactionTrackerOperations.get_CM_parcels()
2019-01-14 17:48:06,938 INFO: NoSuchElementException in TransactionTrackerOperations.get_CM_parcels()
2019-01-14 17:48:11,154 INFO: NoSuchElementException in TransactionTrackerOperations.get_CM_parcels()
2019-01-14 17:48:15,293 INFO: NoSuchElementException in TransactionTrackerOperations.get_CM_parcels()
2019-01-14 17:48:17,576 ERROR: Error in CMProductionDataMonitoring.TaskFilter()
2019-01-14 17:48:22,193 INFO: Executing TransactionTrackerOperations.search_process_for_CMPDM() for: Performance Health|FORTIS MANAGEMENT GROUP DSSI|810
2019-01-14 17:48:22,447 INFO: Executing TransactionTrackerOperations.select_customer()
2019-01-14 17:48:29,332 INFO: Executing TransactionTrackerOperations.select_customer()
2019-01-14 17:48:40,324 INFO: Executing TransactionTrackerOperations.get_CM_parcels()
2019-01-14 17:48:40,585 INFO: NoSuchElementException in TransactionTrackerOperations.get_CM_parcels()
2019-01-14 17:48:46,998 INFO: Executing TransactionTrackerOperations.search_process_for_CMPDM() for: Performance Health|GOOD SAMARITAN SOCIETY DSSI|810
2019-01-14 17:48:47,580 INFO: Executing TransactionTrackerOperations.select_customer()
2019-01-14 17:48:54,413 INFO: Executing TransactionTrackerOperations.select_customer()
2019-01-14 17:49:05,560 INFO: Executing TransactionTrackerOperations.get_CM_parcels()
2019-01-14 17:49:11,168 INFO: Executing TransactionTrackerOperations.search_process_for_CMPDM() for: Performance Health|GULF COAST HEALTHCARE DSSI|810
2019-01-14 17:49:11,553 INFO: Executing TransactionTrackerOperations.select_customer()
2019-01-14 17:49:18,342 INFO: Executing TransactionTrackerOperations.select_customer()
2019-01-14 17:49:29,340 INFO: Executing TransactionTrackerOperations.get_CM_parcels()
2019-01-14 17:49:35,760 INFO: Executing TransactionTrackerOperations.search_process_for_CMPDM() for: Performance Health|ICARE MANAGEMENT DSSI|810
2019-01-14 17:49:35,775 INFO: Executing TransactionTrackerOperations.select_customer()
2019-01-14 17:49:42,526 INFO: Executing TransactionTrackerOperations.select_customer()
2019-01-14 17:49:53,726 INFO: Executing TransactionTrackerOperations.get_CM_parcels()
2019-01-14 17:49:56,051 INFO: NoSuchElementException in TransactionTrackerOperations.get_CM_parcels()
2019-01-14 17:50:00,233 INFO: NoSuchElementException in TransactionTrackerOperations.get_CM_parcels()
2019-01-14 17:50:04,524 INFO: NoSuchElementException in TransactionTrackerOperations.get_CM_parcels()
2019-01-14 17:50:08,658 INFO: NoSuchElementException in TransactionTrackerOperations.get_CM_parcels()
2019-01-14 17:50:12,847 INFO: NoSuchElementException in TransactionTrackerOperations.get_CM_parcels()
2019-01-14 17:50:17,179 INFO: NoSuchElementException in TransactionTrackerOperations.get_CM_parcels()
2019-01-14 17:50:19,756 INFO: NoSuchElementException in TransactionTrackerOperations.get_CM_parcels()
2019-01-14 17:50:26,931 INFO: Executing TransactionTrackerOperations.search_process_for_CMPDM() for: Performance Health|Kindred Healthcare via IntelliOrder|810
2019-01-14 17:50:27,453 INFO: Executing TransactionTrackerOperations.select_customer()
2019-01-14 17:50:34,224 INFO: Executing TransactionTrackerOperations.select_customer()
2019-01-14 17:50:45,286 INFO: Executing TransactionTrackerOperations.get_CM_parcels()
2019-01-14 17:50:51,383 INFO: Executing TransactionTrackerOperations.search_process_for_CMPDM() for: Performance Health|LAVIE ADMINISTRATIVE SERVICES DSSI|810
2019-01-14 17:50:52,065 INFO: Executing TransactionTrackerOperations.select_customer()
2019-01-14 17:50:58,832 INFO: Executing TransactionTrackerOperations.select_customer()
2019-01-14 17:51:10,285 INFO: Executing TransactionTrackerOperations.get_CM_parcels()
2019-01-14 17:51:17,289 INFO: Executing TransactionTrackerOperations.search_process_for_CMPDM() for: Performance Health|LEGACY SENIOR DSSI|810
2019-01-14 17:51:17,328 INFO: Executing TransactionTrackerOperations.select_customer()
2019-01-14 17:51:24,081 INFO: Executing TransactionTrackerOperations.select_customer()
2019-01-14 17:51:35,228 INFO: Executing TransactionTrackerOperations.get_CM_parcels()
2019-01-14 17:51:42,502 INFO: Executing TransactionTrackerOperations.search_process_for_CMPDM() for: Performance Health|MARINER DSSI|810
2019-01-14 17:51:42,517 INFO: Executing TransactionTrackerOperations.select_customer()
2019-01-14 17:51:49,301 INFO: Executing TransactionTrackerOperations.select_customer()
2019-01-14 17:52:00,247 INFO: Executing TransactionTrackerOperations.get_CM_parcels()
2019-01-14 17:52:06,983 INFO: Executing TransactionTrackerOperations.search_process_for_CMPDM() for: Performance Health|MARINER HEALTH DSSI|810
2019-01-14 17:52:07,490 INFO: Executing TransactionTrackerOperations.select_customer()
2019-01-14 17:52:14,261 INFO: Executing TransactionTrackerOperations.select_customer()
2019-01-14 17:52:25,251 INFO: Executing TransactionTrackerOperations.get_CM_parcels()
2019-01-14 17:52:31,293 INFO: Executing TransactionTrackerOperations.search_process_for_CMPDM() for: Performance Health|MEDCENTERDIRECT DOT COM|810
2019-01-14 17:52:31,659 INFO: Executing TransactionTrackerOperations.select_customer()
2019-01-14 17:52:38,561 INFO: Executing TransactionTrackerOperations.select_customer()
2019-01-14 17:52:49,848 INFO: Executing TransactionTrackerOperations.get_CM_parcels()
2019-01-14 17:52:57,278 INFO: Executing TransactionTrackerOperations.search_process_for_CMPDM() for: Performance Health|DSSI Kindred at Home|810
2019-01-14 17:52:57,297 INFO: Executing TransactionTrackerOperations.select_customer()
2019-01-14 17:53:04,027 INFO: Executing TransactionTrackerOperations.select_customer()
2019-01-14 17:53:15,014 INFO: Executing TransactionTrackerOperations.get_CM_parcels()
2019-01-14 17:53:21,699 INFO: Executing TransactionTrackerOperations.search_process_for_CMPDM() for: Performance Health|McKesson Medical Systems Columbus Community Hospital|810
2019-01-14 17:53:21,710 INFO: Executing TransactionTrackerOperations.select_customer()
2019-01-14 17:53:28,476 INFO: Executing TransactionTrackerOperations.select_customer()
2019-01-14 17:53:39,887 INFO: Executing TransactionTrackerOperations.get_CM_parcels()
2019-01-14 17:53:46,737 INFO: Executing TransactionTrackerOperations.search_process_for_CMPDM() for: Performance Health|McKesson Material Systems UT Health East Texas|810
2019-01-14 17:53:46,752 INFO: Executing TransactionTrackerOperations.select_customer()
2019-01-14 17:53:53,536 INFO: Executing TransactionTrackerOperations.select_customer()
2019-01-14 17:54:04,899 INFO: Executing TransactionTrackerOperations.get_CM_parcels()
2019-01-14 17:54:05,665 INFO: NoSuchElementException in TransactionTrackerOperations.get_CM_parcels()
2019-01-14 17:54:13,163 INFO: completed CMProductionDataMonitoring.execute_main()
