2018-11-29 12:19:38,387 INFO: Executing Script Credit Memo Prodution Data Monitoring
2018-11-29 12:19:38,568 INFO: Executing CMProductionDataMonitoring.execute_main()
2018-11-29 12:19:46,659 INFO: Login in to Launchpad
2018-11-29 12:20:05,380 INFO: Executing CMProductionDataMonitoring.TaskFilter()
2018-11-29 12:20:06,027 INFO: Refreshing access_token
2018-11-29 12:20:10,327 INFO: select InProgress task from input sheet from CMProductionDataMonitoring.TaskFilter()
2018-11-29 12:20:10,328 INFO: Executing TransactionTrackerOperations.search_process_for_CMPDM() for: Performance Health|McKesson BASCOM PALMER EYE INST|810
2018-11-29 12:20:10,355 INFO: Executing TransactionTrackerOperations.select_customer()
2018-11-29 12:20:17,333 INFO: Executing TransactionTrackerOperations.select_customer()
2018-11-29 12:20:29,611 INFO: Executing TransactionTrackerOperations.get_CM_parcels()
2018-11-29 12:20:36,411 INFO: Executing TransactionTrackerOperations.search_process_for_CMPDM() for: Performance Health|McKesson CABELL HUNTINGTON HOSPITAL|810
2018-11-29 12:20:36,766 INFO: Executing TransactionTrackerOperations.select_customer()
2018-11-29 12:20:43,896 INFO: Executing TransactionTrackerOperations.select_customer()
2018-11-29 12:20:55,365 INFO: Executing TransactionTrackerOperations.get_CM_parcels()
2018-11-29 12:20:58,194 INFO: NoSuchElementException in TransactionTrackerOperations.get_CM_parcels()
2018-11-29 12:21:02,490 INFO: NoSuchElementException in TransactionTrackerOperations.get_CM_parcels()
2018-11-29 12:21:10,903 INFO: Executing TransactionTrackerOperations.search_process_for_CMPDM() for: Performance Health|McKesson CHILDRENS HOSPITAL|810
2018-11-29 12:21:10,928 INFO: Executing TransactionTrackerOperations.select_customer()
2018-11-29 12:21:17,750 INFO: Executing TransactionTrackerOperations.select_customer()
2018-11-29 12:21:29,433 INFO: Executing TransactionTrackerOperations.get_CM_parcels()
2018-11-29 12:21:32,205 INFO: NoSuchElementException in TransactionTrackerOperations.get_CM_parcels()
2018-11-29 12:21:36,806 INFO: NoSuchElementException in TransactionTrackerOperations.get_CM_parcels()
2018-11-29 12:21:39,421 INFO: NoSuchElementException in TransactionTrackerOperations.get_CM_parcels()
2018-11-29 12:21:47,544 INFO: Executing TransactionTrackerOperations.search_process_for_CMPDM() for: Performance Health|McKesson CHRISTIANA CARE HEALTH|810
2018-11-29 12:21:47,572 INFO: Executing TransactionTrackerOperations.select_customer()
2018-11-29 12:21:54,412 INFO: Executing TransactionTrackerOperations.select_customer()
2018-11-29 12:22:06,436 INFO: Executing TransactionTrackerOperations.get_CM_parcels()
2018-11-29 12:22:09,779 INFO: NoSuchElementException in TransactionTrackerOperations.get_CM_parcels()
2018-11-29 12:22:16,127 INFO: NoSuchElementException in TransactionTrackerOperations.get_CM_parcels()
2018-11-29 12:22:21,406 INFO: NoSuchElementException in TransactionTrackerOperations.get_CM_parcels()
2018-11-29 12:22:25,965 INFO: NoSuchElementException in TransactionTrackerOperations.get_CM_parcels()
2018-11-29 12:22:30,809 INFO: NoSuchElementException in TransactionTrackerOperations.get_CM_parcels()
2018-11-29 12:22:35,514 INFO: NoSuchElementException in TransactionTrackerOperations.get_CM_parcels()
2018-11-29 12:22:40,147 INFO: NoSuchElementException in TransactionTrackerOperations.get_CM_parcels()
2018-11-29 12:22:44,666 INFO: NoSuchElementException in TransactionTrackerOperations.get_CM_parcels()
2018-11-29 12:22:49,328 INFO: NoSuchElementException in TransactionTrackerOperations.get_CM_parcels()
2018-11-29 12:22:53,891 INFO: NoSuchElementException in TransactionTrackerOperations.get_CM_parcels()
2018-11-29 12:22:58,005 INFO: NoSuchElementException in TransactionTrackerOperations.get_CM_parcels()
2018-11-29 12:23:06,256 INFO: Executing TransactionTrackerOperations.search_process_for_CMPDM() for: Performance Health|McKesson EMH REGIONAL HEALTHCARE SYSTEMS|810
2018-11-29 12:23:06,614 INFO: Executing TransactionTrackerOperations.select_customer()
2018-11-29 12:23:13,497 INFO: Executing TransactionTrackerOperations.select_customer()
2018-11-29 12:23:25,426 INFO: Executing TransactionTrackerOperations.get_CM_parcels()
2018-11-29 12:23:32,521 INFO: Executing TransactionTrackerOperations.search_process_for_CMPDM() for: Performance Health|McKesson EMORY HEALTHCARE|810
2018-11-29 12:23:33,564 INFO: Executing TransactionTrackerOperations.select_customer()
2018-11-29 12:23:40,613 INFO: Executing TransactionTrackerOperations.select_customer()
2018-11-29 12:23:52,841 INFO: Executing TransactionTrackerOperations.get_CM_parcels()
2018-11-29 12:23:55,759 INFO: NoSuchElementException in TransactionTrackerOperations.get_CM_parcels()
2018-11-29 12:24:00,497 INFO: NoSuchElementException in TransactionTrackerOperations.get_CM_parcels()
2018-11-29 12:24:05,026 INFO: NoSuchElementException in TransactionTrackerOperations.get_CM_parcels()
2018-11-29 12:24:09,591 INFO: NoSuchElementException in TransactionTrackerOperations.get_CM_parcels()
2018-11-29 12:24:14,106 INFO: NoSuchElementException in TransactionTrackerOperations.get_CM_parcels()
2018-11-29 12:24:18,630 INFO: NoSuchElementException in TransactionTrackerOperations.get_CM_parcels()
2018-11-29 12:24:23,085 INFO: NoSuchElementException in TransactionTrackerOperations.get_CM_parcels()
2018-11-29 12:24:27,576 INFO: NoSuchElementException in TransactionTrackerOperations.get_CM_parcels()
2018-11-29 12:24:32,104 INFO: NoSuchElementException in TransactionTrackerOperations.get_CM_parcels()
2018-11-29 12:24:36,725 INFO: NoSuchElementException in TransactionTrackerOperations.get_CM_parcels()
2018-11-29 12:24:41,223 INFO: NoSuchElementException in TransactionTrackerOperations.get_CM_parcels()
2018-11-29 12:24:45,764 INFO: NoSuchElementException in TransactionTrackerOperations.get_CM_parcels()
2018-11-29 12:24:50,402 INFO: NoSuchElementException in TransactionTrackerOperations.get_CM_parcels()
2018-11-29 12:24:54,933 INFO: NoSuchElementException in TransactionTrackerOperations.get_CM_parcels()
2018-11-29 12:24:59,539 INFO: NoSuchElementException in TransactionTrackerOperations.get_CM_parcels()
2018-11-29 12:25:04,313 INFO: NoSuchElementException in TransactionTrackerOperations.get_CM_parcels()
2018-11-29 12:25:08,853 INFO: NoSuchElementException in TransactionTrackerOperations.get_CM_parcels()
2018-11-29 12:25:13,423 INFO: NoSuchElementException in TransactionTrackerOperations.get_CM_parcels()
2018-11-29 12:25:16,288 INFO: NoSuchElementException in TransactionTrackerOperations.get_CM_parcels()
2018-11-29 12:25:25,288 INFO: Executing TransactionTrackerOperations.search_process_for_CMPDM() for: Performance Health|McKesson FIRELANDS REGIONAL MEDICAL CENTER|810
2018-11-29 12:25:25,366 INFO: Executing TransactionTrackerOperations.select_customer()
2018-11-29 12:25:32,154 INFO: Executing TransactionTrackerOperations.select_customer()
2018-11-29 12:25:43,715 INFO: Executing TransactionTrackerOperations.get_CM_parcels()
2018-11-29 12:25:50,663 INFO: Executing TransactionTrackerOperations.search_process_for_CMPDM() for: Performance Health|McKesson FIRSTHEALTH CAROLINAS|810
2018-11-29 12:25:50,681 INFO: Executing TransactionTrackerOperations.select_customer()
2018-11-29 12:25:57,632 INFO: Executing TransactionTrackerOperations.select_customer()
2018-11-29 12:26:09,373 INFO: Executing TransactionTrackerOperations.get_CM_parcels()
2018-11-29 12:26:16,922 INFO: Executing TransactionTrackerOperations.search_process_for_CMPDM() for: Performance Health|McKesson FRANCISCAN ALLIANCE INC|810
2018-11-29 12:26:16,941 INFO: Executing TransactionTrackerOperations.select_customer()
2018-11-29 12:26:23,735 INFO: Executing TransactionTrackerOperations.select_customer()
2018-11-29 12:26:35,066 INFO: Executing TransactionTrackerOperations.get_CM_parcels()
2018-11-29 12:26:37,765 INFO: NoSuchElementException in TransactionTrackerOperations.get_CM_parcels()
2018-11-29 12:26:42,250 INFO: NoSuchElementException in TransactionTrackerOperations.get_CM_parcels()
2018-11-29 12:26:46,680 INFO: NoSuchElementException in TransactionTrackerOperations.get_CM_parcels()
2018-11-29 12:26:51,336 INFO: NoSuchElementException in TransactionTrackerOperations.get_CM_parcels()
2018-11-29 12:26:56,312 INFO: NoSuchElementException in TransactionTrackerOperations.get_CM_parcels()
2018-11-29 12:27:01,573 INFO: NoSuchElementException in TransactionTrackerOperations.get_CM_parcels()
2018-11-29 12:27:06,196 INFO: NoSuchElementException in TransactionTrackerOperations.get_CM_parcels()
2018-11-29 12:27:10,738 INFO: NoSuchElementException in TransactionTrackerOperations.get_CM_parcels()
2018-11-29 12:27:16,365 INFO: NoSuchElementException in TransactionTrackerOperations.get_CM_parcels()
2018-11-29 12:27:20,940 INFO: NoSuchElementException in TransactionTrackerOperations.get_CM_parcels()
2018-11-29 12:27:25,499 INFO: NoSuchElementException in TransactionTrackerOperations.get_CM_parcels()
2018-11-29 12:27:30,071 INFO: NoSuchElementException in TransactionTrackerOperations.get_CM_parcels()
2018-11-29 12:27:32,482 INFO: NoSuchElementException in TransactionTrackerOperations.get_CM_parcels()
2018-11-29 12:27:41,009 INFO: Executing TransactionTrackerOperations.search_process_for_CMPDM() for: Performance Health|McKesson GOOD SHEPHERD REHAB NETWORK|810
2018-11-29 12:27:41,054 INFO: Executing TransactionTrackerOperations.select_customer()
2018-11-29 12:27:47,869 INFO: Executing TransactionTrackerOperations.select_customer()
2018-11-29 12:27:59,649 INFO: Executing TransactionTrackerOperations.get_CM_parcels()
2018-11-29 12:28:02,350 INFO: NoSuchElementException in TransactionTrackerOperations.get_CM_parcels()
2018-11-29 12:28:07,021 INFO: NoSuchElementException in TransactionTrackerOperations.get_CM_parcels()
2018-11-29 12:28:11,450 INFO: NoSuchElementException in TransactionTrackerOperations.get_CM_parcels()
2018-11-29 12:28:16,100 INFO: NoSuchElementException in TransactionTrackerOperations.get_CM_parcels()
2018-11-29 12:28:20,759 INFO: NoSuchElementException in TransactionTrackerOperations.get_CM_parcels()
2018-11-29 12:28:25,213 INFO: NoSuchElementException in TransactionTrackerOperations.get_CM_parcels()
2018-11-29 12:28:29,673 INFO: NoSuchElementException in TransactionTrackerOperations.get_CM_parcels()
2018-11-29 12:28:34,153 INFO: NoSuchElementException in TransactionTrackerOperations.get_CM_parcels()
2018-11-29 12:28:38,700 INFO: NoSuchElementException in TransactionTrackerOperations.get_CM_parcels()
2018-11-29 12:28:43,413 INFO: NoSuchElementException in TransactionTrackerOperations.get_CM_parcels()
2018-11-29 12:28:47,966 INFO: NoSuchElementException in TransactionTrackerOperations.get_CM_parcels()
2018-11-29 12:28:50,374 INFO: NoSuchElementException in TransactionTrackerOperations.get_CM_parcels()
2018-11-29 12:28:59,296 INFO: Executing TransactionTrackerOperations.search_process_for_CMPDM() for: Performance Health|McKesson HALIFAX REGIONAL HOSPITAL|810
2018-11-29 12:28:59,321 INFO: Executing TransactionTrackerOperations.select_customer()
2018-11-29 12:29:06,122 INFO: Executing TransactionTrackerOperations.select_customer()
2018-11-29 12:29:17,570 INFO: Executing TransactionTrackerOperations.get_CM_parcels()
2018-11-29 12:29:24,291 INFO: Executing TransactionTrackerOperations.search_process_for_CMPDM() for: Performance Health|McKesson HATTISBURG CLINIC|810
2018-11-29 12:29:25,262 INFO: Executing TransactionTrackerOperations.select_customer()
2018-11-29 12:29:32,095 INFO: Executing TransactionTrackerOperations.select_customer()
2018-11-29 12:29:43,599 INFO: Executing TransactionTrackerOperations.get_CM_parcels()
2018-11-29 12:29:50,038 INFO: Executing TransactionTrackerOperations.search_process_for_CMPDM() for: Performance Health|McKesson IL BONE AND JOINT|810
2018-11-29 12:29:50,954 INFO: Executing TransactionTrackerOperations.select_customer()
2018-11-29 12:29:57,788 INFO: Executing TransactionTrackerOperations.select_customer()
2018-11-29 12:30:09,006 INFO: Executing TransactionTrackerOperations.get_CM_parcels()
2018-11-29 12:30:15,987 INFO: Executing TransactionTrackerOperations.search_process_for_CMPDM() for: Performance Health|McKesson LAKE CHARLES MEMORIAL HOSPITAL|810
2018-11-29 12:30:16,029 INFO: Executing TransactionTrackerOperations.select_customer()
2018-11-29 12:30:22,860 INFO: Executing TransactionTrackerOperations.select_customer()
2018-11-29 12:30:34,342 INFO: Executing TransactionTrackerOperations.get_CM_parcels()
2018-11-29 12:30:41,946 INFO: Executing TransactionTrackerOperations.search_process_for_CMPDM() for: Performance Health|McKesson LAWRENCE MEMORIAL HOSPITAL|810
2018-11-29 12:30:41,964 INFO: Executing TransactionTrackerOperations.select_customer()
2018-11-29 12:30:49,211 INFO: Executing TransactionTrackerOperations.select_customer()
2018-11-29 12:31:00,691 INFO: Executing TransactionTrackerOperations.get_CM_parcels()
2018-11-29 12:31:03,438 INFO: NoSuchElementException in TransactionTrackerOperations.get_CM_parcels()
2018-11-29 12:31:07,985 INFO: NoSuchElementException in TransactionTrackerOperations.get_CM_parcels()
2018-11-29 12:31:12,402 INFO: NoSuchElementException in TransactionTrackerOperations.get_CM_parcels()
2018-11-29 12:31:17,169 INFO: NoSuchElementException in TransactionTrackerOperations.get_CM_parcels()
2018-11-29 12:31:20,109 INFO: NoSuchElementException in TransactionTrackerOperations.get_CM_parcels()
2018-11-29 12:31:27,541 INFO: Executing TransactionTrackerOperations.search_process_for_CMPDM() for: Performance Health|McKesson LEESBURG REGIONAL|810
2018-11-29 12:31:27,560 INFO: Executing TransactionTrackerOperations.select_customer()
2018-11-29 12:31:34,601 INFO: Executing TransactionTrackerOperations.select_customer()
2018-11-29 12:31:46,151 INFO: Executing TransactionTrackerOperations.get_CM_parcels()
2018-11-29 12:31:47,056 INFO: NoSuchElementException in TransactionTrackerOperations.get_CM_parcels()
2018-11-29 12:31:55,033 INFO: Executing TransactionTrackerOperations.search_process_for_CMPDM() for: Performance Health|McKesson LOMA LINDA UNIVERSITY MEDICAL CENTER|810
2018-11-29 12:31:55,347 INFO: Executing TransactionTrackerOperations.select_customer()
2018-11-29 12:32:02,189 INFO: Executing TransactionTrackerOperations.select_customer()
2018-11-29 12:32:15,184 INFO: Executing TransactionTrackerOperations.get_CM_parcels()
2018-11-29 12:32:15,515 INFO: NoSuchElementException in TransactionTrackerOperations.get_CM_parcels()
2018-11-29 12:32:22,695 INFO: Executing TransactionTrackerOperations.search_process_for_CMPDM() for: Performance Health|McKesson MCG HEALTH INC|810
2018-11-29 12:32:23,648 INFO: Executing TransactionTrackerOperations.select_customer()
2018-11-29 12:32:30,674 INFO: Executing TransactionTrackerOperations.select_customer()
2018-11-29 12:32:41,907 INFO: Executing TransactionTrackerOperations.get_CM_parcels()
2018-11-29 12:32:45,090 INFO: NoSuchElementException in TransactionTrackerOperations.get_CM_parcels()
2018-11-29 12:32:49,683 INFO: NoSuchElementException in TransactionTrackerOperations.get_CM_parcels()
2018-11-29 12:32:54,118 INFO: NoSuchElementException in TransactionTrackerOperations.get_CM_parcels()
2018-11-29 12:32:57,959 INFO: NoSuchElementException in TransactionTrackerOperations.get_CM_parcels()
2018-11-29 12:33:05,745 INFO: Executing TransactionTrackerOperations.search_process_for_CMPDM() for: Performance Health|McKesson NCH HEALTHCARE|810
2018-11-29 12:33:05,766 INFO: Executing TransactionTrackerOperations.select_customer()
2018-11-29 12:33:12,564 INFO: Executing TransactionTrackerOperations.select_customer()
2018-11-29 12:33:23,788 INFO: Executing TransactionTrackerOperations.get_CM_parcels()
2018-11-29 12:33:26,510 INFO: NoSuchElementException in TransactionTrackerOperations.get_CM_parcels()
2018-11-29 12:33:31,038 INFO: NoSuchElementException in TransactionTrackerOperations.get_CM_parcels()
2018-11-29 12:33:35,476 INFO: NoSuchElementException in TransactionTrackerOperations.get_CM_parcels()
2018-11-29 12:33:39,990 INFO: NoSuchElementException in TransactionTrackerOperations.get_CM_parcels()
2018-11-29 12:33:44,416 INFO: NoSuchElementException in TransactionTrackerOperations.get_CM_parcels()
2018-11-29 12:33:47,023 INFO: NoSuchElementException in TransactionTrackerOperations.get_CM_parcels()
2018-11-29 12:33:54,726 INFO: Executing TransactionTrackerOperations.search_process_for_CMPDM() for: Performance Health|McKesson SACRED HEART HOSPITAL|810
2018-11-29 12:33:55,655 INFO: Executing TransactionTrackerOperations.select_customer()
2018-11-29 12:34:02,450 INFO: Executing TransactionTrackerOperations.select_customer()
2018-11-29 12:34:13,773 INFO: Executing TransactionTrackerOperations.get_CM_parcels()
2018-11-29 12:34:20,927 INFO: Executing TransactionTrackerOperations.search_process_for_CMPDM() for: Performance Health|McKesson SAINT FRANCES MEDICAL CENTER|810
2018-11-29 12:34:20,944 INFO: Executing TransactionTrackerOperations.select_customer()
2018-11-29 12:34:27,763 INFO: Executing TransactionTrackerOperations.select_customer()
2018-11-29 12:34:39,324 INFO: Executing TransactionTrackerOperations.get_CM_parcels()
2018-11-29 12:34:42,111 INFO: NoSuchElementException in TransactionTrackerOperations.get_CM_parcels()
2018-11-29 12:34:46,691 INFO: NoSuchElementException in TransactionTrackerOperations.get_CM_parcels()
2018-11-29 12:34:50,464 INFO: NoSuchElementException in TransactionTrackerOperations.get_CM_parcels()
2018-11-29 12:34:59,524 INFO: Executing TransactionTrackerOperations.search_process_for_CMPDM() for: Performance Health|McKesson SOUTHERN NEW HAMPSHIRE MEDICAL CENTER|810
2018-11-29 12:34:59,716 INFO: Executing TransactionTrackerOperations.select_customer()
2018-11-29 12:35:06,585 INFO: Executing TransactionTrackerOperations.select_customer()
2018-11-29 12:35:18,977 INFO: Executing TransactionTrackerOperations.get_CM_parcels()
2018-11-29 12:35:21,986 INFO: NoSuchElementException in TransactionTrackerOperations.get_CM_parcels()
2018-11-29 12:35:26,587 INFO: NoSuchElementException in TransactionTrackerOperations.get_CM_parcels()
2018-11-29 12:35:31,135 INFO: NoSuchElementException in TransactionTrackerOperations.get_CM_parcels()
2018-11-29 12:35:38,780 INFO: Executing TransactionTrackerOperations.search_process_for_CMPDM() for: Performance Health|McKesson TIFT REGIONAL MEDICAL CENTER|810
2018-11-29 12:35:38,959 INFO: Executing TransactionTrackerOperations.select_customer()
2018-11-29 12:35:45,780 INFO: Executing TransactionTrackerOperations.select_customer()
2018-11-29 12:35:57,626 INFO: Executing TransactionTrackerOperations.get_CM_parcels()
2018-11-29 12:36:04,308 INFO: Executing TransactionTrackerOperations.search_process_for_CMPDM() for: Performance Health|McKesson TRINITY MOTHER FRANCES HOSPITAL|810
2018-11-29 12:36:05,268 INFO: Executing TransactionTrackerOperations.select_customer()
2018-11-29 12:36:12,094 INFO: Executing TransactionTrackerOperations.select_customer()
2018-11-29 12:36:23,811 INFO: Executing TransactionTrackerOperations.get_CM_parcels()
2018-11-29 12:36:26,574 INFO: NoSuchElementException in TransactionTrackerOperations.get_CM_parcels()
2018-11-29 12:36:31,160 INFO: NoSuchElementException in TransactionTrackerOperations.get_CM_parcels()
2018-11-29 12:36:35,722 INFO: NoSuchElementException in TransactionTrackerOperations.get_CM_parcels()
2018-11-29 12:36:40,468 INFO: NoSuchElementException in TransactionTrackerOperations.get_CM_parcels()
2018-11-29 12:36:45,147 INFO: NoSuchElementException in TransactionTrackerOperations.get_CM_parcels()
2018-11-29 12:36:49,028 INFO: NoSuchElementException in TransactionTrackerOperations.get_CM_parcels()
2018-11-29 12:36:57,042 INFO: Executing TransactionTrackerOperations.search_process_for_CMPDM() for: Performance Health|McKesson Truman Medical Center|810
2018-11-29 12:36:57,196 INFO: Executing TransactionTrackerOperations.select_customer()
2018-11-29 12:37:04,118 INFO: Executing TransactionTrackerOperations.select_customer()
2018-11-29 12:37:16,060 INFO: Executing TransactionTrackerOperations.get_CM_parcels()
2018-11-29 12:37:19,234 INFO: NoSuchElementException in TransactionTrackerOperations.get_CM_parcels()
2018-11-29 12:37:23,897 INFO: NoSuchElementException in TransactionTrackerOperations.get_CM_parcels()
2018-11-29 12:37:28,378 INFO: NoSuchElementException in TransactionTrackerOperations.get_CM_parcels()
2018-11-29 12:37:32,876 INFO: NoSuchElementException in TransactionTrackerOperations.get_CM_parcels()
2018-11-29 12:37:37,361 INFO: NoSuchElementException in TransactionTrackerOperations.get_CM_parcels()
2018-11-29 12:37:41,796 INFO: NoSuchElementException in TransactionTrackerOperations.get_CM_parcels()
2018-11-29 12:37:46,332 INFO: NoSuchElementException in TransactionTrackerOperations.get_CM_parcels()
2018-11-29 12:37:50,805 INFO: NoSuchElementException in TransactionTrackerOperations.get_CM_parcels()
2018-11-29 12:37:55,419 INFO: NoSuchElementException in TransactionTrackerOperations.get_CM_parcels()
2018-11-29 12:37:59,922 INFO: NoSuchElementException in TransactionTrackerOperations.get_CM_parcels()
2018-11-29 12:38:04,419 INFO: NoSuchElementException in TransactionTrackerOperations.get_CM_parcels()
2018-11-29 12:38:09,030 INFO: NoSuchElementException in TransactionTrackerOperations.get_CM_parcels()
2018-11-29 12:38:13,566 INFO: NoSuchElementException in TransactionTrackerOperations.get_CM_parcels()
2018-11-29 12:38:18,281 INFO: NoSuchElementException in TransactionTrackerOperations.get_CM_parcels()
2018-11-29 12:38:22,819 INFO: NoSuchElementException in TransactionTrackerOperations.get_CM_parcels()
2018-11-29 12:38:27,425 INFO: NoSuchElementException in TransactionTrackerOperations.get_CM_parcels()
2018-11-29 12:38:29,835 INFO: NoSuchElementException in TransactionTrackerOperations.get_CM_parcels()
2018-11-29 12:38:38,412 INFO: Executing TransactionTrackerOperations.search_process_for_CMPDM() for: Performance Health|McKesson UNITED HOSPITAL SYSTEM INC|810
2018-11-29 12:38:38,433 INFO: Executing TransactionTrackerOperations.select_customer()
2018-11-29 12:38:45,238 INFO: Executing TransactionTrackerOperations.select_customer()
2018-11-29 12:38:56,705 INFO: Executing TransactionTrackerOperations.get_CM_parcels()
2018-11-29 12:38:59,517 INFO: NoSuchElementException in TransactionTrackerOperations.get_CM_parcels()
2018-11-29 12:39:04,021 INFO: NoSuchElementException in TransactionTrackerOperations.get_CM_parcels()
2018-11-29 12:39:06,612 INFO: NoSuchElementException in TransactionTrackerOperations.get_CM_parcels()
2018-11-29 12:39:15,064 INFO: Executing TransactionTrackerOperations.search_process_for_CMPDM() for: Performance Health|McKesson VAIL VALLEY MEDICAL CENTER|810
2018-11-29 12:39:15,082 INFO: Executing TransactionTrackerOperations.select_customer()
2018-11-29 12:39:21,914 INFO: Executing TransactionTrackerOperations.select_customer()
2018-11-29 12:39:33,292 INFO: Executing TransactionTrackerOperations.get_CM_parcels()
2018-11-29 12:39:36,003 INFO: NoSuchElementException in TransactionTrackerOperations.get_CM_parcels()
2018-11-29 12:39:40,484 INFO: NoSuchElementException in TransactionTrackerOperations.get_CM_parcels()
2018-11-29 12:39:44,963 INFO: NoSuchElementException in TransactionTrackerOperations.get_CM_parcels()
2018-11-29 12:39:49,472 INFO: NoSuchElementException in TransactionTrackerOperations.get_CM_parcels()
2018-11-29 12:39:53,959 INFO: NoSuchElementException in TransactionTrackerOperations.get_CM_parcels()
2018-11-29 12:39:58,425 INFO: NoSuchElementException in TransactionTrackerOperations.get_CM_parcels()
2018-11-29 12:40:02,928 INFO: NoSuchElementException in TransactionTrackerOperations.get_CM_parcels()
2018-11-29 12:40:07,481 INFO: NoSuchElementException in TransactionTrackerOperations.get_CM_parcels()
2018-11-29 12:40:12,127 INFO: NoSuchElementException in TransactionTrackerOperations.get_CM_parcels()
2018-11-29 12:40:16,651 INFO: NoSuchElementException in TransactionTrackerOperations.get_CM_parcels()
2018-11-29 12:40:21,150 INFO: NoSuchElementException in TransactionTrackerOperations.get_CM_parcels()
2018-11-29 12:40:25,634 INFO: NoSuchElementException in TransactionTrackerOperations.get_CM_parcels()
2018-11-29 12:40:30,271 INFO: NoSuchElementException in TransactionTrackerOperations.get_CM_parcels()
2018-11-29 12:40:33,611 INFO: NoSuchElementException in TransactionTrackerOperations.get_CM_parcels()
2018-11-29 12:40:42,023 INFO: Executing TransactionTrackerOperations.search_process_for_CMPDM() for: Performance Health|McKesson WHEATON FRANCISCAN HEALTHCARE|810
2018-11-29 12:40:42,057 INFO: Executing TransactionTrackerOperations.select_customer()
2018-11-29 12:40:48,873 INFO: Executing TransactionTrackerOperations.select_customer()
2018-11-29 12:41:00,720 INFO: Executing TransactionTrackerOperations.get_CM_parcels()
2018-11-29 12:41:08,291 INFO: Executing TransactionTrackerOperations.search_process_for_CMPDM() for: Performance Health|MFA DSSI|810
2018-11-29 12:41:08,318 INFO: Executing TransactionTrackerOperations.select_customer()
2018-11-29 12:41:15,143 INFO: Executing TransactionTrackerOperations.select_customer()
2018-11-29 12:41:26,030 INFO: Executing TransactionTrackerOperations.get_CM_parcels()
2018-11-29 12:41:33,403 INFO: Executing TransactionTrackerOperations.search_process_for_CMPDM() for: Performance Health|MIDWEST GERIATRIC DSSI|810
2018-11-29 12:41:33,421 INFO: Executing TransactionTrackerOperations.select_customer()
2018-11-29 12:41:40,225 INFO: Executing TransactionTrackerOperations.select_customer()
2018-11-29 12:41:51,548 INFO: Executing TransactionTrackerOperations.get_CM_parcels()
2018-11-29 12:41:58,019 INFO: Executing TransactionTrackerOperations.search_process_for_CMPDM() for: Performance Health|MIDWEST HEALTH DSSI|810
2018-11-29 12:41:58,494 INFO: Executing TransactionTrackerOperations.select_customer()
2018-11-29 12:42:05,312 INFO: Executing TransactionTrackerOperations.select_customer()
2018-11-29 12:42:16,685 INFO: Executing TransactionTrackerOperations.get_CM_parcels()
2018-11-29 12:42:21,399 INFO: NoSuchElementException in TransactionTrackerOperations.get_CM_parcels()
2018-11-29 12:42:26,447 INFO: NoSuchElementException in TransactionTrackerOperations.get_CM_parcels()
2018-11-29 12:42:29,383 INFO: NoSuchElementException in TransactionTrackerOperations.get_CM_parcels()
2018-11-29 12:42:38,655 INFO: Executing TransactionTrackerOperations.search_process_for_CMPDM() for: Performance Health|MISSION HEALTH DSSI|810
2018-11-29 12:42:39,213 INFO: Executing TransactionTrackerOperations.select_customer()
2018-11-29 12:42:46,086 INFO: Executing TransactionTrackerOperations.select_customer()
2018-11-29 12:42:57,473 INFO: Executing TransactionTrackerOperations.get_CM_parcels()
2018-11-29 12:43:00,632 INFO: NoSuchElementException in TransactionTrackerOperations.get_CM_parcels()
2018-11-29 12:43:05,356 INFO: NoSuchElementException in TransactionTrackerOperations.get_CM_parcels()
2018-11-29 12:43:09,995 INFO: NoSuchElementException in TransactionTrackerOperations.get_CM_parcels()
2018-11-29 12:43:14,551 INFO: NoSuchElementException in TransactionTrackerOperations.get_CM_parcels()
2018-11-29 12:43:19,443 INFO: NoSuchElementException in TransactionTrackerOperations.get_CM_parcels()
2018-11-29 12:43:24,279 INFO: NoSuchElementException in TransactionTrackerOperations.get_CM_parcels()
2018-11-29 12:43:27,262 INFO: NoSuchElementException in TransactionTrackerOperations.get_CM_parcels()
2018-11-29 12:43:35,436 INFO: Executing TransactionTrackerOperations.search_process_for_CMPDM() for: Performance Health|NEXION DSSI|810
2018-11-29 12:43:35,574 INFO: Executing TransactionTrackerOperations.select_customer()
2018-11-29 12:43:42,429 INFO: Executing TransactionTrackerOperations.select_customer()
2018-11-29 12:43:54,503 INFO: Executing TransactionTrackerOperations.get_CM_parcels()
2018-11-29 12:43:58,854 INFO: NoSuchElementException in TransactionTrackerOperations.get_CM_parcels()
2018-11-29 12:44:04,777 INFO: NoSuchElementException in TransactionTrackerOperations.get_CM_parcels()
2018-11-29 12:44:09,854 INFO: NoSuchElementException in TransactionTrackerOperations.get_CM_parcels()
2018-11-29 12:44:14,694 INFO: NoSuchElementException in TransactionTrackerOperations.get_CM_parcels()
2018-11-29 12:44:19,528 INFO: NoSuchElementException in TransactionTrackerOperations.get_CM_parcels()
2018-11-29 12:44:24,248 INFO: NoSuchElementException in TransactionTrackerOperations.get_CM_parcels()
2018-11-29 12:44:29,348 INFO: NoSuchElementException in TransactionTrackerOperations.get_CM_parcels()
2018-11-29 12:44:31,789 INFO: NoSuchElementException in TransactionTrackerOperations.get_CM_parcels()
2018-11-29 12:44:39,943 INFO: Executing TransactionTrackerOperations.search_process_for_CMPDM() for: Performance Health|NOLAND HEALTH SERVICES DSSI|810
2018-11-29 12:44:39,961 INFO: Executing TransactionTrackerOperations.select_customer()
2018-11-29 12:44:46,777 INFO: Executing TransactionTrackerOperations.select_customer()
2018-11-29 12:44:58,280 INFO: Executing TransactionTrackerOperations.get_CM_parcels()
2018-11-29 12:45:01,063 INFO: NoSuchElementException in TransactionTrackerOperations.get_CM_parcels()
2018-11-29 12:45:05,594 INFO: NoSuchElementException in TransactionTrackerOperations.get_CM_parcels()
2018-11-29 12:45:10,025 INFO: NoSuchElementException in TransactionTrackerOperations.get_CM_parcels()
2018-11-29 12:45:13,304 INFO: NoSuchElementException in TransactionTrackerOperations.get_CM_parcels()
2018-11-29 12:45:21,987 INFO: Executing TransactionTrackerOperations.search_process_for_CMPDM() for: Performance Health|NORTHPORT DSSI|810
2018-11-29 12:45:22,007 INFO: Executing TransactionTrackerOperations.select_customer()
2018-11-29 12:45:28,791 INFO: Executing TransactionTrackerOperations.select_customer()
2018-11-29 12:45:39,982 INFO: Executing TransactionTrackerOperations.get_CM_parcels()
2018-11-29 12:45:46,382 INFO: Executing TransactionTrackerOperations.search_process_for_CMPDM() for: Performance Health|NUVISION DSSI|810
2018-11-29 12:45:46,473 INFO: Executing TransactionTrackerOperations.select_customer()
2018-11-29 12:45:53,287 INFO: Executing TransactionTrackerOperations.select_customer()
2018-11-29 12:46:04,413 INFO: Executing TransactionTrackerOperations.get_CM_parcels()
2018-11-29 12:46:07,153 INFO: NoSuchElementException in TransactionTrackerOperations.get_CM_parcels()
2018-11-29 12:46:11,786 INFO: NoSuchElementException in TransactionTrackerOperations.get_CM_parcels()
2018-11-29 12:46:15,064 INFO: NoSuchElementException in TransactionTrackerOperations.get_CM_parcels()
2018-11-29 12:46:22,280 INFO: Executing TransactionTrackerOperations.search_process_for_CMPDM() for: Performance Health|ONIX GROUP DSSI|810
2018-11-29 12:46:22,633 INFO: Executing TransactionTrackerOperations.select_customer()
2018-11-29 12:46:29,601 INFO: Executing TransactionTrackerOperations.select_customer()
2018-11-29 12:46:40,952 INFO: Executing TransactionTrackerOperations.get_CM_parcels()
2018-11-29 12:46:43,826 INFO: NoSuchElementException in TransactionTrackerOperations.get_CM_parcels()
2018-11-29 12:46:48,469 INFO: NoSuchElementException in TransactionTrackerOperations.get_CM_parcels()
2018-11-29 12:46:53,136 INFO: NoSuchElementException in TransactionTrackerOperations.get_CM_parcels()
2018-11-29 12:46:56,974 INFO: NoSuchElementException in TransactionTrackerOperations.get_CM_parcels()
2018-11-29 12:47:05,250 INFO: Executing TransactionTrackerOperations.search_process_for_CMPDM() for: Performance Health|PENNMED CONSULTANTS INC DSSI|810
2018-11-29 12:47:05,271 INFO: Executing TransactionTrackerOperations.select_customer()
2018-11-29 12:47:12,195 INFO: Executing TransactionTrackerOperations.select_customer()
2018-11-29 12:47:23,745 INFO: Executing TransactionTrackerOperations.get_CM_parcels()
2018-11-29 12:47:30,894 INFO: Executing TransactionTrackerOperations.search_process_for_CMPDM() for: Performance Health|PREFERRED CARE DSSI|810
2018-11-29 12:47:30,921 INFO: Executing TransactionTrackerOperations.select_customer()
2018-11-29 12:47:37,831 INFO: Executing TransactionTrackerOperations.select_customer()
2018-11-29 12:47:49,243 INFO: Executing TransactionTrackerOperations.get_CM_parcels()
2018-11-29 12:47:56,263 INFO: Executing TransactionTrackerOperations.search_process_for_CMPDM() for: Performance Health|PRESBYTERIAN HOMES AND SERVICES DSSI|810
2018-11-29 12:47:56,368 INFO: Executing TransactionTrackerOperations.select_customer()
2018-11-29 12:48:03,190 INFO: Executing TransactionTrackerOperations.select_customer()
2018-11-29 12:48:14,923 INFO: Executing TransactionTrackerOperations.get_CM_parcels()
2018-11-29 12:48:17,600 INFO: NoSuchElementException in TransactionTrackerOperations.get_CM_parcels()
2018-11-29 12:48:22,600 INFO: NoSuchElementException in TransactionTrackerOperations.get_CM_parcels()
2018-11-29 12:48:27,006 INFO: NoSuchElementException in TransactionTrackerOperations.get_CM_parcels()
2018-11-29 12:48:31,404 INFO: NoSuchElementException in TransactionTrackerOperations.get_CM_parcels()
2018-11-29 12:48:35,013 INFO: NoSuchElementException in TransactionTrackerOperations.get_CM_parcels()
2018-11-29 12:48:42,051 INFO: Executing TransactionTrackerOperations.search_process_for_CMPDM() for: Performance Health|PRESBYTERIAN SENIOR LIVING DSSI|810
2018-11-29 12:48:43,015 INFO: Executing TransactionTrackerOperations.select_customer()
2018-11-29 12:48:49,830 INFO: Executing TransactionTrackerOperations.select_customer()
2018-11-29 12:49:01,369 INFO: Executing TransactionTrackerOperations.get_CM_parcels()
2018-11-29 12:49:04,069 INFO: NoSuchElementException in TransactionTrackerOperations.get_CM_parcels()
2018-11-29 12:49:08,557 INFO: NoSuchElementException in TransactionTrackerOperations.get_CM_parcels()
2018-11-29 12:49:12,767 INFO: NoSuchElementException in TransactionTrackerOperations.get_CM_parcels()
2018-11-29 12:49:20,207 INFO: Executing TransactionTrackerOperations.search_process_for_CMPDM() for: Performance Health|QUALITY LIFE SERVICES DSSI|810
2018-11-29 12:49:20,226 INFO: Executing TransactionTrackerOperations.select_customer()
2018-11-29 12:49:27,186 INFO: Executing TransactionTrackerOperations.select_customer()
2018-11-29 12:49:38,633 INFO: Executing TransactionTrackerOperations.get_CM_parcels()
2018-11-29 12:49:41,378 INFO: NoSuchElementException in TransactionTrackerOperations.get_CM_parcels()
2018-11-29 12:49:45,955 INFO: NoSuchElementException in TransactionTrackerOperations.get_CM_parcels()
2018-11-29 12:49:50,449 INFO: NoSuchElementException in TransactionTrackerOperations.get_CM_parcels()
2018-11-29 12:49:55,016 INFO: NoSuchElementException in TransactionTrackerOperations.get_CM_parcels()
2018-11-29 12:49:59,489 INFO: NoSuchElementException in TransactionTrackerOperations.get_CM_parcels()
2018-11-29 12:50:02,110 INFO: NoSuchElementException in TransactionTrackerOperations.get_CM_parcels()
2018-11-29 12:50:10,278 INFO: Executing TransactionTrackerOperations.search_process_for_CMPDM() for: Performance Health|Quest Healthcare Development DSSI|810
2018-11-29 12:50:10,300 INFO: Executing TransactionTrackerOperations.select_customer()
2018-11-29 12:50:17,110 INFO: Executing TransactionTrackerOperations.select_customer()
2018-11-29 12:50:28,296 INFO: Executing TransactionTrackerOperations.get_CM_parcels()
2018-11-29 12:50:36,041 INFO: Executing TransactionTrackerOperations.search_process_for_CMPDM() for: Performance Health|Regency Integrated Health Services DSSI|810
2018-11-29 12:50:36,063 INFO: Executing TransactionTrackerOperations.select_customer()
2018-11-29 12:50:42,866 INFO: Executing TransactionTrackerOperations.select_customer()
2018-11-29 12:50:54,527 INFO: Executing TransactionTrackerOperations.get_CM_parcels()
2018-11-29 12:51:00,583 INFO: Executing TransactionTrackerOperations.search_process_for_CMPDM() for: Performance Health|RENNES HEALTH DSSI|810
2018-11-29 12:51:01,093 INFO: Executing TransactionTrackerOperations.select_customer()
2018-11-29 12:51:07,918 INFO: Executing TransactionTrackerOperations.select_customer()
2018-11-29 12:51:19,332 INFO: Executing TransactionTrackerOperations.get_CM_parcels()
2018-11-29 12:51:22,036 INFO: NoSuchElementException in TransactionTrackerOperations.get_CM_parcels()
2018-11-29 12:51:26,577 INFO: NoSuchElementException in TransactionTrackerOperations.get_CM_parcels()
2018-11-29 12:51:31,050 INFO: NoSuchElementException in TransactionTrackerOperations.get_CM_parcels()
2018-11-29 12:51:35,547 INFO: NoSuchElementException in TransactionTrackerOperations.get_CM_parcels()
2018-11-29 12:51:38,601 INFO: NoSuchElementException in TransactionTrackerOperations.get_CM_parcels()
2018-11-29 12:51:47,254 INFO: Executing TransactionTrackerOperations.search_process_for_CMPDM() for: Performance Health|SABER HEALTHCARE DSSI|810
2018-11-29 12:51:47,270 INFO: Executing TransactionTrackerOperations.select_customer()
2018-11-29 12:51:54,078 INFO: Executing TransactionTrackerOperations.select_customer()
2018-11-29 12:52:05,409 INFO: Executing TransactionTrackerOperations.get_CM_parcels()
2018-11-29 12:52:11,807 INFO: Executing TransactionTrackerOperations.search_process_for_CMPDM() for: Performance Health|SPRENGER HEALTHCARE DSSI|810
2018-11-29 12:52:12,763 INFO: Executing TransactionTrackerOperations.select_customer()
2018-11-29 12:52:19,563 INFO: Executing TransactionTrackerOperations.select_customer()
2018-11-29 12:52:31,167 INFO: Executing TransactionTrackerOperations.get_CM_parcels()
2018-11-29 12:52:34,171 INFO: NoSuchElementException in TransactionTrackerOperations.get_CM_parcels()
2018-11-29 12:52:38,688 INFO: NoSuchElementException in TransactionTrackerOperations.get_CM_parcels()
2018-11-29 12:52:43,127 INFO: NoSuchElementException in TransactionTrackerOperations.get_CM_parcels()
2018-11-29 12:52:47,565 INFO: NoSuchElementException in TransactionTrackerOperations.get_CM_parcels()
2018-11-29 12:52:51,984 INFO: NoSuchElementException in TransactionTrackerOperations.get_CM_parcels()
2018-11-29 12:52:56,517 INFO: NoSuchElementException in TransactionTrackerOperations.get_CM_parcels()
2018-11-29 12:53:01,002 INFO: NoSuchElementException in TransactionTrackerOperations.get_CM_parcels()
2018-11-29 12:53:05,543 INFO: NoSuchElementException in TransactionTrackerOperations.get_CM_parcels()
2018-11-29 12:53:09,121 INFO: NoSuchElementException in TransactionTrackerOperations.get_CM_parcels()
2018-11-29 12:53:17,130 INFO: Executing TransactionTrackerOperations.search_process_for_CMPDM() for: Performance Health|SPRINGPOINT DSSI|810
2018-11-29 12:53:17,150 INFO: Executing TransactionTrackerOperations.select_customer()
2018-11-29 12:53:24,197 INFO: Executing TransactionTrackerOperations.select_customer()
2018-11-29 12:53:35,446 INFO: Executing TransactionTrackerOperations.get_CM_parcels()
2018-11-29 12:53:38,163 INFO: NoSuchElementException in TransactionTrackerOperations.get_CM_parcels()
2018-11-29 12:53:42,713 INFO: NoSuchElementException in TransactionTrackerOperations.get_CM_parcels()
2018-11-29 12:53:47,314 INFO: NoSuchElementException in TransactionTrackerOperations.get_CM_parcels()
2018-11-29 12:53:50,971 INFO: NoSuchElementException in TransactionTrackerOperations.get_CM_parcels()
2018-11-29 12:53:59,148 INFO: Executing TransactionTrackerOperations.search_process_for_CMPDM() for: Performance Health|STONERISE MEDICAL DSSI|810
2018-11-29 12:53:59,166 INFO: Executing TransactionTrackerOperations.select_customer()
2018-11-29 12:54:05,969 INFO: Executing TransactionTrackerOperations.select_customer()
2018-11-29 12:54:17,402 INFO: Executing TransactionTrackerOperations.get_CM_parcels()
2018-11-29 12:54:20,148 INFO: NoSuchElementException in TransactionTrackerOperations.get_CM_parcels()
2018-11-29 12:54:24,639 INFO: NoSuchElementException in TransactionTrackerOperations.get_CM_parcels()
2018-11-29 12:54:29,047 INFO: NoSuchElementException in TransactionTrackerOperations.get_CM_parcels()
2018-11-29 12:54:33,548 INFO: NoSuchElementException in TransactionTrackerOperations.get_CM_parcels()
2018-11-29 12:54:37,973 INFO: NoSuchElementException in TransactionTrackerOperations.get_CM_parcels()
2018-11-29 12:54:42,479 INFO: NoSuchElementException in TransactionTrackerOperations.get_CM_parcels()
2018-11-29 12:54:46,964 INFO: NoSuchElementException in TransactionTrackerOperations.get_CM_parcels()
2018-11-29 12:54:51,473 INFO: NoSuchElementException in TransactionTrackerOperations.get_CM_parcels()
2018-11-29 12:54:55,957 INFO: NoSuchElementException in TransactionTrackerOperations.get_CM_parcels()
2018-11-29 12:55:00,472 INFO: NoSuchElementException in TransactionTrackerOperations.get_CM_parcels()
2018-11-29 12:55:05,130 INFO: NoSuchElementException in TransactionTrackerOperations.get_CM_parcels()
2018-11-29 12:55:09,635 INFO: NoSuchElementException in TransactionTrackerOperations.get_CM_parcels()
2018-11-29 12:55:14,279 INFO: NoSuchElementException in TransactionTrackerOperations.get_CM_parcels()
2018-11-29 12:55:18,815 INFO: NoSuchElementException in TransactionTrackerOperations.get_CM_parcels()
2018-11-29 12:55:23,591 INFO: NoSuchElementException in TransactionTrackerOperations.get_CM_parcels()
2018-11-29 12:55:28,173 INFO: NoSuchElementException in TransactionTrackerOperations.get_CM_parcels()
2018-11-29 12:55:32,856 INFO: NoSuchElementException in TransactionTrackerOperations.get_CM_parcels()
2018-11-29 12:55:35,243 INFO: NoSuchElementException in TransactionTrackerOperations.get_CM_parcels()
2018-11-29 12:55:43,415 INFO: Executing TransactionTrackerOperations.search_process_for_CMPDM() for: Performance Health|TAMARAC ADMINISTRACTIVE SERVICES DSSI|810
2018-11-29 12:55:43,830 INFO: Executing TransactionTrackerOperations.select_customer()
2018-11-29 12:55:50,658 INFO: Executing TransactionTrackerOperations.select_customer()
2018-11-29 12:56:02,403 INFO: Executing TransactionTrackerOperations.get_CM_parcels()
2018-11-29 12:56:09,536 INFO: Executing TransactionTrackerOperations.search_process_for_CMPDM() for: Performance Health|TANDEM HEALTHCARE DSSI|810
2018-11-29 12:56:10,046 INFO: Executing TransactionTrackerOperations.select_customer()
2018-11-29 12:56:16,855 INFO: Executing TransactionTrackerOperations.select_customer()
2018-11-29 12:56:28,249 INFO: Executing TransactionTrackerOperations.get_CM_parcels()
2018-11-29 12:56:35,287 INFO: Executing TransactionTrackerOperations.search_process_for_CMPDM() for: Performance Health|TARA CARES LLC DSSI|810
2018-11-29 12:56:35,424 INFO: Executing TransactionTrackerOperations.select_customer()
2018-11-29 12:56:42,243 INFO: Executing TransactionTrackerOperations.select_customer()
2018-11-29 12:56:53,532 INFO: Executing TransactionTrackerOperations.get_CM_parcels()
2018-11-29 12:57:00,692 INFO: Executing TransactionTrackerOperations.search_process_for_CMPDM() for: Performance Health|TEALWOOD TWN DSSI|810
2018-11-29 12:57:00,798 INFO: Executing TransactionTrackerOperations.select_customer()
2018-11-29 12:57:07,618 INFO: Executing TransactionTrackerOperations.select_customer()
2018-11-29 12:57:18,935 INFO: Executing TransactionTrackerOperations.get_CM_parcels()
2018-11-29 12:57:21,637 INFO: NoSuchElementException in TransactionTrackerOperations.get_CM_parcels()
2018-11-29 12:57:26,175 INFO: NoSuchElementException in TransactionTrackerOperations.get_CM_parcels()
2018-11-29 12:57:30,623 INFO: NoSuchElementException in TransactionTrackerOperations.get_CM_parcels()
2018-11-29 12:57:35,134 INFO: NoSuchElementException in TransactionTrackerOperations.get_CM_parcels()
2018-11-29 12:57:39,556 INFO: NoSuchElementException in TransactionTrackerOperations.get_CM_parcels()
2018-11-29 12:57:44,031 INFO: NoSuchElementException in TransactionTrackerOperations.get_CM_parcels()
2018-11-29 12:57:48,506 INFO: NoSuchElementException in TransactionTrackerOperations.get_CM_parcels()
2018-11-29 12:57:52,962 INFO: NoSuchElementException in TransactionTrackerOperations.get_CM_parcels()
2018-11-29 12:57:57,494 INFO: NoSuchElementException in TransactionTrackerOperations.get_CM_parcels()
2018-11-29 12:58:00,997 INFO: NoSuchElementException in TransactionTrackerOperations.get_CM_parcels()
2018-11-29 12:58:10,408 INFO: Executing TransactionTrackerOperations.search_process_for_CMPDM() for: Performance Health|TRANS HEALTH CARE DSSI|810
2018-11-29 12:58:10,496 INFO: Executing TransactionTrackerOperations.select_customer()
2018-11-29 12:58:17,294 INFO: Executing TransactionTrackerOperations.select_customer()
2018-11-29 12:58:28,883 INFO: Executing TransactionTrackerOperations.get_CM_parcels()
2018-11-29 12:58:36,440 INFO: Executing TransactionTrackerOperations.search_process_for_CMPDM() for: Performance Health|UNITED MEDICAL DSSI|810
2018-11-29 12:58:36,458 INFO: Executing TransactionTrackerOperations.select_customer()
2018-11-29 12:58:43,263 INFO: Executing TransactionTrackerOperations.select_customer()
2018-11-29 12:58:54,472 INFO: Executing TransactionTrackerOperations.get_CM_parcels()
2018-11-29 12:59:00,409 INFO: Executing TransactionTrackerOperations.search_process_for_CMPDM() for: Performance Health|WILMAC DSSI|810
2018-11-29 12:59:01,306 INFO: Executing TransactionTrackerOperations.select_customer()
2018-11-29 12:59:08,125 INFO: Executing TransactionTrackerOperations.select_customer()
2018-11-29 12:59:19,300 INFO: Executing TransactionTrackerOperations.get_CM_parcels()
2018-11-29 12:59:22,010 INFO: NoSuchElementException in TransactionTrackerOperations.get_CM_parcels()
2018-11-29 12:59:26,513 INFO: NoSuchElementException in TransactionTrackerOperations.get_CM_parcels()
2018-11-29 12:59:30,923 INFO: NoSuchElementException in TransactionTrackerOperations.get_CM_parcels()
2018-11-29 12:59:33,396 INFO: NoSuchElementException in TransactionTrackerOperations.get_CM_parcels()
2018-11-29 12:59:40,865 INFO: Executing TransactionTrackerOperations.search_process_for_CMPDM() for: Performance Health|Senior Care Centers LLC|810
2018-11-29 12:59:40,883 INFO: Executing TransactionTrackerOperations.select_customer()
2018-11-29 12:59:47,678 INFO: Executing TransactionTrackerOperations.select_customer()
2018-11-29 12:59:58,762 INFO: Executing TransactionTrackerOperations.get_CM_parcels()
2018-11-29 13:00:05,239 INFO: Executing TransactionTrackerOperations.search_process_for_CMPDM() for: Performance Health|AMERICAN SENIOR COMMUNITIES DSSI|810
2018-11-29 13:00:06,212 INFO: Executing TransactionTrackerOperations.select_customer()
2018-11-29 13:00:13,087 INFO: Executing TransactionTrackerOperations.select_customer()
2018-11-29 13:00:24,758 INFO: Executing TransactionTrackerOperations.get_CM_parcels()
2018-11-29 13:00:31,081 INFO: Executing TransactionTrackerOperations.search_process_for_CMPDM() for: Performance Health|BaneCare Management DSSI|810
2018-11-29 13:00:31,100 INFO: Executing TransactionTrackerOperations.select_customer()
2018-11-29 13:00:37,891 INFO: Executing TransactionTrackerOperations.select_customer()
2018-11-29 13:00:48,927 INFO: Executing TransactionTrackerOperations.get_CM_parcels()
2018-11-29 13:00:55,816 INFO: Executing TransactionTrackerOperations.search_process_for_CMPDM() for: Performance Health|DSSI Next Step Healthcare|810
2018-11-29 13:00:55,835 INFO: Executing TransactionTrackerOperations.select_customer()
2018-11-29 13:01:02,643 INFO: Executing TransactionTrackerOperations.select_customer()
2018-11-29 13:01:14,106 INFO: Executing TransactionTrackerOperations.get_CM_parcels()
2018-11-29 13:01:16,910 INFO: NoSuchElementException in TransactionTrackerOperations.get_CM_parcels()
2018-11-29 13:01:21,444 INFO: NoSuchElementException in TransactionTrackerOperations.get_CM_parcels()
2018-11-29 13:01:25,884 INFO: NoSuchElementException in TransactionTrackerOperations.get_CM_parcels()
2018-11-29 13:01:30,437 INFO: NoSuchElementException in TransactionTrackerOperations.get_CM_parcels()
2018-11-29 13:01:35,159 INFO: NoSuchElementException in TransactionTrackerOperations.get_CM_parcels()
2018-11-29 13:01:39,753 INFO: NoSuchElementException in TransactionTrackerOperations.get_CM_parcels()
2018-11-29 13:01:44,392 INFO: NoSuchElementException in TransactionTrackerOperations.get_CM_parcels()
2018-11-29 13:01:48,974 INFO: NoSuchElementException in TransactionTrackerOperations.get_CM_parcels()
2018-11-29 13:01:53,496 INFO: NoSuchElementException in TransactionTrackerOperations.get_CM_parcels()
2018-11-29 13:01:58,152 INFO: NoSuchElementException in TransactionTrackerOperations.get_CM_parcels()
2018-11-29 13:02:02,682 INFO: NoSuchElementException in TransactionTrackerOperations.get_CM_parcels()
2018-11-29 13:02:07,211 INFO: NoSuchElementException in TransactionTrackerOperations.get_CM_parcels()
2018-11-29 13:02:11,778 INFO: NoSuchElementException in TransactionTrackerOperations.get_CM_parcels()
2018-11-29 13:02:16,850 INFO: NoSuchElementException in TransactionTrackerOperations.get_CM_parcels()
2018-11-29 13:02:22,228 INFO: NoSuchElementException in TransactionTrackerOperations.get_CM_parcels()
2018-11-29 13:02:27,225 INFO: NoSuchElementException in TransactionTrackerOperations.get_CM_parcels()
2018-11-29 13:02:31,566 INFO: NoSuchElementException in TransactionTrackerOperations.get_CM_parcels()
2018-11-29 13:02:40,504 INFO: Executing TransactionTrackerOperations.search_process_for_CMPDM() for: Performance Health|Regency Pacific DSSI|810
2018-11-29 13:02:40,836 INFO: Executing TransactionTrackerOperations.select_customer()
2018-11-29 13:02:47,797 INFO: Executing TransactionTrackerOperations.select_customer()
2018-11-29 13:02:59,241 INFO: Executing TransactionTrackerOperations.get_CM_parcels()
2018-11-29 13:03:05,606 INFO: Executing TransactionTrackerOperations.search_process_for_CMPDM() for: Performance Health|ADVANTAGE HPSI DSSI|810
2018-11-29 13:03:06,251 INFO: Executing TransactionTrackerOperations.select_customer()
2018-11-29 13:03:13,160 INFO: Executing TransactionTrackerOperations.select_customer()
2018-11-29 13:03:24,797 INFO: Executing TransactionTrackerOperations.get_CM_parcels()
2018-11-29 13:03:29,547 INFO: NoSuchElementException in TransactionTrackerOperations.get_CM_parcels()
2018-11-29 13:03:34,328 INFO: NoSuchElementException in TransactionTrackerOperations.get_CM_parcels()
2018-11-29 13:03:38,008 INFO: NoSuchElementException in TransactionTrackerOperations.get_CM_parcels()
2018-11-29 13:03:45,794 INFO: Executing TransactionTrackerOperations.search_process_for_CMPDM() for: Performance Health|ADVANTAGE NAVIGATOR DSSI|810
2018-11-29 13:03:46,350 INFO: Executing TransactionTrackerOperations.select_customer()
2018-11-29 13:03:53,206 INFO: Executing TransactionTrackerOperations.select_customer()
2018-11-29 13:04:04,678 INFO: Executing TransactionTrackerOperations.get_CM_parcels()
2018-11-29 13:04:11,545 INFO: Executing TransactionTrackerOperations.search_process_for_CMPDM() for: Performance Health|American Health Companies|810
2018-11-29 13:04:11,563 INFO: Executing TransactionTrackerOperations.select_customer()
2018-11-29 13:04:18,350 INFO: Executing TransactionTrackerOperations.select_customer()
2018-11-29 13:04:29,424 INFO: Executing TransactionTrackerOperations.get_CM_parcels()
2018-11-29 13:04:35,820 INFO: Executing TransactionTrackerOperations.search_process_for_CMPDM() for: Performance Health|APEX|810
2018-11-29 13:04:35,866 INFO: Executing TransactionTrackerOperations.select_customer()
2018-11-29 13:04:42,800 INFO: Executing TransactionTrackerOperations.select_customer()
2018-11-29 13:04:53,891 INFO: Executing TransactionTrackerOperations.get_CM_parcels()
2018-11-29 13:05:00,346 INFO: Executing TransactionTrackerOperations.search_process_for_CMPDM() for: Performance Health|APEX HEALTHCARE FLORIDA DSSI|810
2018-11-29 13:05:01,347 INFO: Executing TransactionTrackerOperations.select_customer()
2018-11-29 13:05:08,233 INFO: Executing TransactionTrackerOperations.select_customer()
2018-11-29 13:05:20,249 INFO: Executing TransactionTrackerOperations.get_CM_parcels()
2018-11-29 13:05:22,965 INFO: NoSuchElementException in TransactionTrackerOperations.get_CM_parcels()
2018-11-29 13:05:28,287 INFO: NoSuchElementException in TransactionTrackerOperations.get_CM_parcels()
2018-11-29 13:05:32,790 INFO: NoSuchElementException in TransactionTrackerOperations.get_CM_parcels()
2018-11-29 13:05:37,293 INFO: NoSuchElementException in TransactionTrackerOperations.get_CM_parcels()
2018-11-29 13:05:41,735 INFO: NoSuchElementException in TransactionTrackerOperations.get_CM_parcels()
2018-11-29 13:05:46,273 INFO: NoSuchElementException in TransactionTrackerOperations.get_CM_parcels()
2018-11-29 13:05:50,802 INFO: NoSuchElementException in TransactionTrackerOperations.get_CM_parcels()
2018-11-29 13:05:55,306 INFO: NoSuchElementException in TransactionTrackerOperations.get_CM_parcels()
2018-11-29 13:05:59,940 INFO: NoSuchElementException in TransactionTrackerOperations.get_CM_parcels()
2018-11-29 13:06:04,607 INFO: NoSuchElementException in TransactionTrackerOperations.get_CM_parcels()
2018-11-29 13:06:09,295 INFO: NoSuchElementException in TransactionTrackerOperations.get_CM_parcels()
2018-11-29 13:06:13,102 INFO: NoSuchElementException in TransactionTrackerOperations.get_CM_parcels()
2018-11-29 13:06:21,036 INFO: Executing TransactionTrackerOperations.search_process_for_CMPDM() for: Performance Health|ATRIUM LIVING CENTERS DSSI|810
2018-11-29 13:06:21,062 INFO: Executing TransactionTrackerOperations.select_customer()
2018-11-29 13:06:27,875 INFO: Executing TransactionTrackerOperations.select_customer()
2018-11-29 13:06:39,396 INFO: Executing TransactionTrackerOperations.get_CM_parcels()
2018-11-29 13:06:42,757 INFO: NoSuchElementException in TransactionTrackerOperations.get_CM_parcels()
2018-11-29 13:06:47,296 INFO: NoSuchElementException in TransactionTrackerOperations.get_CM_parcels()
2018-11-29 13:06:51,988 INFO: NoSuchElementException in TransactionTrackerOperations.get_CM_parcels()
2018-11-29 13:06:56,780 INFO: NoSuchElementException in TransactionTrackerOperations.get_CM_parcels()
2018-11-29 13:07:01,276 INFO: NoSuchElementException in TransactionTrackerOperations.get_CM_parcels()
2018-11-29 13:07:05,884 INFO: NoSuchElementException in TransactionTrackerOperations.get_CM_parcels()
2018-11-29 13:07:10,340 INFO: NoSuchElementException in TransactionTrackerOperations.get_CM_parcels()
2018-11-29 13:07:14,930 INFO: NoSuchElementException in TransactionTrackerOperations.get_CM_parcels()
2018-11-29 13:07:19,422 INFO: NoSuchElementException in TransactionTrackerOperations.get_CM_parcels()
2018-11-29 13:07:23,971 INFO: NoSuchElementException in TransactionTrackerOperations.get_CM_parcels()
2018-11-29 13:07:27,881 INFO: NoSuchElementException in TransactionTrackerOperations.get_CM_parcels()
2018-11-29 13:07:35,934 INFO: Executing TransactionTrackerOperations.search_process_for_CMPDM() for: Performance Health|AXIOM DSSI|810
2018-11-29 13:07:36,420 INFO: Executing TransactionTrackerOperations.select_customer()
2018-11-29 13:07:43,231 INFO: Executing TransactionTrackerOperations.select_customer()
2018-11-29 13:07:54,294 INFO: Executing TransactionTrackerOperations.get_CM_parcels()
2018-11-29 13:07:56,729 INFO: NoSuchElementException in TransactionTrackerOperations.get_CM_parcels()
2018-11-29 13:08:03,728 INFO: Executing TransactionTrackerOperations.search_process_for_CMPDM() for: Performance Health|BE GROUP DSSI|810
2018-11-29 13:08:04,011 INFO: Executing TransactionTrackerOperations.select_customer()
2018-11-29 13:08:10,812 INFO: Executing TransactionTrackerOperations.select_customer()
2018-11-29 13:08:21,809 INFO: Executing TransactionTrackerOperations.get_CM_parcels()
2018-11-29 13:08:28,727 INFO: Executing TransactionTrackerOperations.search_process_for_CMPDM() for: Performance Health|BEACON HEALTH DSSI|810
2018-11-29 13:08:28,914 INFO: Executing TransactionTrackerOperations.select_customer()
2018-11-29 13:08:35,704 INFO: Executing TransactionTrackerOperations.select_customer()
2018-11-29 13:08:46,837 INFO: Executing TransactionTrackerOperations.get_CM_parcels()
2018-11-29 13:08:49,568 INFO: NoSuchElementException in TransactionTrackerOperations.get_CM_parcels()
2018-11-29 13:08:54,097 INFO: NoSuchElementException in TransactionTrackerOperations.get_CM_parcels()
2018-11-29 13:08:58,528 INFO: NoSuchElementException in TransactionTrackerOperations.get_CM_parcels()
2018-11-29 13:09:03,012 INFO: NoSuchElementException in TransactionTrackerOperations.get_CM_parcels()
2018-11-29 13:09:07,217 INFO: NoSuchElementException in TransactionTrackerOperations.get_CM_parcels()
2018-11-29 13:09:15,366 INFO: Executing TransactionTrackerOperations.search_process_for_CMPDM() for: Performance Health|BENEDICTINE DSSI|810
2018-11-29 13:09:15,491 INFO: Executing TransactionTrackerOperations.select_customer()
2018-11-29 13:09:22,298 INFO: Executing TransactionTrackerOperations.select_customer()
2018-11-29 13:09:33,556 INFO: Executing TransactionTrackerOperations.get_CM_parcels()
2018-11-29 13:09:41,049 INFO: Executing TransactionTrackerOperations.search_process_for_CMPDM() for: Performance Health|Bethlen Communities Home Health and Hospice|810
2018-11-29 13:09:41,077 INFO: Executing TransactionTrackerOperations.select_customer()
2018-11-29 13:09:47,899 INFO: Executing TransactionTrackerOperations.select_customer()
2018-11-29 13:09:59,268 INFO: Executing TransactionTrackerOperations.get_CM_parcels()
2018-11-29 13:10:02,077 INFO: NoSuchElementException in TransactionTrackerOperations.get_CM_parcels()
2018-11-29 13:10:02,173 ERROR: Error in CMProductionDataMonitoring.TaskFilter()
2018-11-29 13:10:07,895 INFO: Executing TransactionTrackerOperations.search_process_for_CMPDM() for: Performance Health|BOMBAY LANE DSSI|810
2018-11-29 13:10:07,910 INFO: Executing TransactionTrackerOperations.select_customer()
2018-11-29 13:10:14,726 INFO: Executing TransactionTrackerOperations.select_customer()
2018-11-29 13:10:25,804 INFO: Executing TransactionTrackerOperations.get_CM_parcels()
2018-11-29 13:10:28,976 INFO: NoSuchElementException in TransactionTrackerOperations.get_CM_parcels()
2018-11-29 13:10:33,544 INFO: NoSuchElementException in TransactionTrackerOperations.get_CM_parcels()
2018-11-29 13:10:38,015 INFO: NoSuchElementException in TransactionTrackerOperations.get_CM_parcels()
2018-11-29 13:10:42,492 INFO: NoSuchElementException in TransactionTrackerOperations.get_CM_parcels()
2018-11-29 13:10:45,549 INFO: NoSuchElementException in TransactionTrackerOperations.get_CM_parcels()
2018-11-29 13:10:53,549 INFO: Executing TransactionTrackerOperations.search_process_for_CMPDM() for: Performance Health|CARDON AND ASSOCIATES DSSI|810
2018-11-29 13:10:53,568 INFO: Executing TransactionTrackerOperations.select_customer()
2018-11-29 13:11:00,368 INFO: Executing TransactionTrackerOperations.select_customer()
2018-11-29 13:11:11,872 INFO: Executing TransactionTrackerOperations.get_CM_parcels()
2018-11-29 13:11:14,565 INFO: NoSuchElementException in TransactionTrackerOperations.get_CM_parcels()
2018-11-29 13:11:19,105 INFO: NoSuchElementException in TransactionTrackerOperations.get_CM_parcels()
2018-11-29 13:11:23,552 INFO: NoSuchElementException in TransactionTrackerOperations.get_CM_parcels()
2018-11-29 13:11:28,141 INFO: NoSuchElementException in TransactionTrackerOperations.get_CM_parcels()
2018-11-29 13:11:32,601 INFO: NoSuchElementException in TransactionTrackerOperations.get_CM_parcels()
2018-11-29 13:11:37,231 INFO: NoSuchElementException in TransactionTrackerOperations.get_CM_parcels()
2018-11-29 13:11:41,758 INFO: NoSuchElementException in TransactionTrackerOperations.get_CM_parcels()
2018-11-29 13:11:46,314 INFO: NoSuchElementException in TransactionTrackerOperations.get_CM_parcels()
2018-11-29 13:11:50,844 INFO: NoSuchElementException in TransactionTrackerOperations.get_CM_parcels()
2018-11-29 13:11:55,535 INFO: NoSuchElementException in TransactionTrackerOperations.get_CM_parcels()
2018-11-29 13:12:00,056 INFO: NoSuchElementException in TransactionTrackerOperations.get_CM_parcels()
2018-11-29 13:12:04,579 INFO: NoSuchElementException in TransactionTrackerOperations.get_CM_parcels()
2018-11-29 13:12:07,901 INFO: NoSuchElementException in TransactionTrackerOperations.get_CM_parcels()
2018-11-29 13:12:16,160 INFO: Executing TransactionTrackerOperations.search_process_for_CMPDM() for: Performance Health|CERES PURCHASING SOLUTIONS DSSI|810
2018-11-29 13:12:16,612 INFO: Executing TransactionTrackerOperations.select_customer()
2018-11-29 13:12:23,432 INFO: Executing TransactionTrackerOperations.select_customer()
2018-11-29 13:12:35,062 INFO: Executing TransactionTrackerOperations.get_CM_parcels()
2018-11-29 13:12:42,298 INFO: Executing TransactionTrackerOperations.search_process_for_CMPDM() for: Performance Health|Chosen Healthcare DSSI|810
2018-11-29 13:12:42,633 INFO: Executing TransactionTrackerOperations.select_customer()
2018-11-29 13:12:49,431 INFO: Executing TransactionTrackerOperations.select_customer()
2018-11-29 13:13:00,508 INFO: Executing TransactionTrackerOperations.get_CM_parcels()
2018-11-29 13:13:06,966 INFO: Executing TransactionTrackerOperations.search_process_for_CMPDM() for: Performance Health|CLEAR CHOICE DSSI|810
2018-11-29 13:13:07,108 INFO: Executing TransactionTrackerOperations.select_customer()
2018-11-29 13:13:13,937 INFO: Executing TransactionTrackerOperations.select_customer()
2018-11-29 13:13:25,131 INFO: Executing TransactionTrackerOperations.get_CM_parcels()
2018-11-29 13:13:28,264 INFO: NoSuchElementException in TransactionTrackerOperations.get_CM_parcels()
2018-11-29 13:13:32,814 INFO: NoSuchElementException in TransactionTrackerOperations.get_CM_parcels()
2018-11-29 13:13:37,227 INFO: NoSuchElementException in TransactionTrackerOperations.get_CM_parcels()
2018-11-29 13:13:41,786 INFO: NoSuchElementException in TransactionTrackerOperations.get_CM_parcels()
2018-11-29 13:13:46,281 INFO: NoSuchElementException in TransactionTrackerOperations.get_CM_parcels()
2018-11-29 13:13:50,740 INFO: NoSuchElementException in TransactionTrackerOperations.get_CM_parcels()
2018-11-29 13:13:55,208 INFO: NoSuchElementException in TransactionTrackerOperations.get_CM_parcels()
2018-11-29 13:13:59,710 INFO: NoSuchElementException in TransactionTrackerOperations.get_CM_parcels()
2018-11-29 13:14:07,802 INFO: Executing TransactionTrackerOperations.search_process_for_CMPDM() for: Performance Health|COMMUNICARE DSSI|810
2018-11-29 13:14:08,810 INFO: Executing TransactionTrackerOperations.select_customer()
2018-11-29 13:14:15,627 INFO: Executing TransactionTrackerOperations.select_customer()
2018-11-29 13:14:26,870 INFO: Executing TransactionTrackerOperations.get_CM_parcels()
2018-11-29 13:14:32,734 INFO: Executing TransactionTrackerOperations.search_process_for_CMPDM() for: Performance Health|COMPLETE HEALTHCARE DSSI|810
2018-11-29 13:14:32,868 INFO: Executing TransactionTrackerOperations.select_customer()
2018-11-29 13:14:39,817 INFO: Executing TransactionTrackerOperations.select_customer()
2018-11-29 13:14:51,292 INFO: Executing TransactionTrackerOperations.get_CM_parcels()
2018-11-29 13:14:53,999 INFO: NoSuchElementException in TransactionTrackerOperations.get_CM_parcels()
2018-11-29 13:14:58,489 INFO: NoSuchElementException in TransactionTrackerOperations.get_CM_parcels()
2018-11-29 13:15:02,975 INFO: NoSuchElementException in TransactionTrackerOperations.get_CM_parcels()
2018-11-29 13:15:07,514 INFO: NoSuchElementException in TransactionTrackerOperations.get_CM_parcels()
2018-11-29 13:15:11,981 INFO: NoSuchElementException in TransactionTrackerOperations.get_CM_parcels()
2018-11-29 13:15:16,692 INFO: NoSuchElementException in TransactionTrackerOperations.get_CM_parcels()
2018-11-29 13:15:20,882 INFO: NoSuchElementException in TransactionTrackerOperations.get_CM_parcels()
2018-11-29 13:15:25,533 INFO: NoSuchElementException in TransactionTrackerOperations.get_CM_parcels()
2018-11-29 13:15:30,412 INFO: NoSuchElementException in TransactionTrackerOperations.get_CM_parcels()
2018-11-29 13:15:34,944 INFO: NoSuchElementException in TransactionTrackerOperations.get_CM_parcels()
2018-11-29 13:15:39,616 INFO: NoSuchElementException in TransactionTrackerOperations.get_CM_parcels()
2018-11-29 13:15:43,174 INFO: NoSuchElementException in TransactionTrackerOperations.get_CM_parcels()
2018-11-29 13:15:50,749 INFO: Executing TransactionTrackerOperations.search_process_for_CMPDM() for: Performance Health|COVENANT DOVE DSSI|810
2018-11-29 13:15:51,564 INFO: Executing TransactionTrackerOperations.select_customer()
2018-11-29 13:15:58,390 INFO: Executing TransactionTrackerOperations.select_customer()
2018-11-29 13:16:09,617 INFO: Executing TransactionTrackerOperations.get_CM_parcels()
2018-11-29 13:16:12,352 INFO: NoSuchElementException in TransactionTrackerOperations.get_CM_parcels()
2018-11-29 13:16:16,861 INFO: NoSuchElementException in TransactionTrackerOperations.get_CM_parcels()
2018-11-29 13:16:21,266 INFO: NoSuchElementException in TransactionTrackerOperations.get_CM_parcels()
2018-11-29 13:16:25,770 INFO: NoSuchElementException in TransactionTrackerOperations.get_CM_parcels()
2018-11-29 13:16:30,186 INFO: NoSuchElementException in TransactionTrackerOperations.get_CM_parcels()
2018-11-29 13:16:34,725 INFO: NoSuchElementException in TransactionTrackerOperations.get_CM_parcels()
2018-11-29 13:16:39,163 INFO: NoSuchElementException in TransactionTrackerOperations.get_CM_parcels()
2018-11-29 13:16:43,657 INFO: NoSuchElementException in TransactionTrackerOperations.get_CM_parcels()
2018-11-29 13:16:48,172 INFO: NoSuchElementException in TransactionTrackerOperations.get_CM_parcels()
2018-11-29 13:16:52,766 INFO: NoSuchElementException in TransactionTrackerOperations.get_CM_parcels()
2018-11-29 13:16:57,250 INFO: NoSuchElementException in TransactionTrackerOperations.get_CM_parcels()
2018-11-29 13:17:01,763 INFO: NoSuchElementException in TransactionTrackerOperations.get_CM_parcels()
2018-11-29 13:17:06,294 INFO: NoSuchElementException in TransactionTrackerOperations.get_CM_parcels()
2018-11-29 13:17:11,099 INFO: NoSuchElementException in TransactionTrackerOperations.get_CM_parcels()
2018-11-29 13:17:15,647 INFO: NoSuchElementException in TransactionTrackerOperations.get_CM_parcels()
2018-11-29 13:17:20,196 INFO: NoSuchElementException in TransactionTrackerOperations.get_CM_parcels()
2018-11-29 13:17:23,757 INFO: NoSuchElementException in TransactionTrackerOperations.get_CM_parcels()
2018-11-29 13:17:30,973 INFO: Executing TransactionTrackerOperations.search_process_for_CMPDM() for: Performance Health|DIAKON LUTHERAN DSSI|810
2018-11-29 13:17:30,989 INFO: Executing TransactionTrackerOperations.select_customer()
2018-11-29 13:19:13,331 ERROR: Error in CMProductionDataMonitoring.TaskFilter()
2018-11-29 13:19:19,219 INFO: Executing TransactionTrackerOperations.search_process_for_CMPDM() for: Performance Health|DIVERSICARE DSSI|810
2018-11-29 13:19:19,323 INFO: Executing TransactionTrackerOperations.select_customer()
2018-11-29 13:19:26,249 INFO: Executing TransactionTrackerOperations.select_customer()
2018-11-29 13:19:37,489 INFO: Executing TransactionTrackerOperations.get_CM_parcels()
2018-11-29 13:19:45,598 INFO: Executing TransactionTrackerOperations.search_process_for_CMPDM() for: Performance Health|Dycora Transitional Health DSSI|810
2018-11-29 13:19:45,617 INFO: Executing TransactionTrackerOperations.select_customer()
2018-11-29 13:19:52,417 INFO: Executing TransactionTrackerOperations.select_customer()
2018-11-29 13:20:03,698 INFO: Executing TransactionTrackerOperations.get_CM_parcels()
2018-11-29 13:20:06,401 INFO: NoSuchElementException in TransactionTrackerOperations.get_CM_parcels()
2018-11-29 13:20:10,920 INFO: NoSuchElementException in TransactionTrackerOperations.get_CM_parcels()
2018-11-29 13:20:15,324 INFO: NoSuchElementException in TransactionTrackerOperations.get_CM_parcels()
2018-11-29 13:20:19,828 INFO: NoSuchElementException in TransactionTrackerOperations.get_CM_parcels()
2018-11-29 13:20:24,507 INFO: NoSuchElementException in TransactionTrackerOperations.get_CM_parcels()
2018-11-29 13:20:29,349 INFO: NoSuchElementException in TransactionTrackerOperations.get_CM_parcels()
2018-11-29 13:20:33,867 INFO: NoSuchElementException in TransactionTrackerOperations.get_CM_parcels()
2018-11-29 13:20:38,311 INFO: NoSuchElementException in TransactionTrackerOperations.get_CM_parcels()
2018-11-29 13:20:42,898 INFO: NoSuchElementException in TransactionTrackerOperations.get_CM_parcels()
2018-11-29 13:20:47,403 INFO: NoSuchElementException in TransactionTrackerOperations.get_CM_parcels()
2018-11-29 13:20:50,257 INFO: NoSuchElementException in TransactionTrackerOperations.get_CM_parcels()
2018-11-29 13:20:55,517 ERROR: Error in CMProductionDataMonitoring.TaskFilter()
2018-11-29 18:23:08,272 INFO: Executing Script Credit Memo Prodution Data Monitoring
2018-11-29 18:23:08,390 INFO: Executing CMProductionDataMonitoring.execute_main()
2018-11-29 18:25:51,556 INFO: Executing Script Credit Memo Prodution Data Monitoring
2018-11-29 18:25:51,675 INFO: Executing CMProductionDataMonitoring.execute_main()
2018-11-29 18:26:36,092 INFO: Executing Script Credit Memo Prodution Data Monitoring
2018-11-29 18:26:36,206 INFO: Executing CMProductionDataMonitoring.execute_main()
2018-11-29 18:26:41,484 INFO: Login in to Launchpad
2018-11-29 18:33:14,710 INFO: Executing Script Credit Memo Prodution Data Monitoring
2018-11-29 18:33:14,841 INFO: Executing CMProductionDataMonitoring.execute_main()
2018-11-29 18:33:20,135 INFO: Login in to Launchpad
2018-11-29 18:33:36,302 INFO: Executing CMProductionDataMonitoring.TaskFilter()
2018-11-29 18:33:36,751 INFO: Refreshing access_token
2018-11-29 18:33:41,037 INFO: select InProgress task from input sheet from CMProductionDataMonitoring.TaskFilter()
2018-11-29 18:33:41,038 INFO: Executing TransactionTrackerOperations.search_process_for_CMPDM() for: Performance Health|McKesson BASCOM PALMER EYE INST|810
2018-11-29 18:33:41,655 INFO: Executing TransactionTrackerOperations.select_customer()
2018-11-29 18:33:49,199 INFO: Executing TransactionTrackerOperations.select_customer()
2018-11-29 18:34:05,156 INFO: Executing TransactionTrackerOperations.get_CM_parcels()
2018-11-29 18:34:17,431 INFO: Executing TransactionTrackerOperations.search_process_for_CMPDM() for: Performance Health|McKesson CABELL HUNTINGTON HOSPITAL|810
2018-11-29 18:34:18,276 INFO: Executing TransactionTrackerOperations.select_customer()
