2018-11-13 16:56:43,445 INFO: Executing Script Credit Memo Prodution Data Monitoring
2018-11-13 16:56:53,366 INFO: Login in to Launchpad
2018-11-13 16:57:07,856 INFO: Refreshing access_token
2018-11-13 16:57:12,491 INFO: Executing method 'search_process' from TransactionTrackerOperations
2018-11-13 16:57:14,509 INFO: Executing method 'select_customer' from TransactionTrackerOperations
2018-11-13 16:57:23,251 INFO: Executing method 'select_customer' from TransactionTrackerOperations
2018-11-13 16:57:42,874 INFO: Executing method 'search_process' from TransactionTrackerOperations
2018-11-13 16:57:44,935 INFO: Executing method 'select_customer' from TransactionTrackerOperations
2018-11-13 16:57:53,635 INFO: Executing method 'select_customer' from TransactionTrackerOperations
2018-11-13 16:58:20,248 INFO: Executing method 'search_process' from TransactionTrackerOperations
2018-11-13 16:58:23,629 INFO: Executing method 'select_customer' from TransactionTrackerOperations
2018-11-13 16:58:32,357 INFO: Executing method 'select_customer' from TransactionTrackerOperations
2018-11-13 16:58:59,415 INFO: Executing method 'search_process' from TransactionTrackerOperations
2018-11-13 16:59:01,600 INFO: Executing method 'select_customer' from TransactionTrackerOperations
2018-11-13 16:59:10,295 INFO: Executing method 'select_customer' from TransactionTrackerOperations
2018-11-13 17:00:06,186 INFO: Executing method 'search_process' from TransactionTrackerOperations
2018-11-13 17:00:08,344 INFO: Executing method 'select_customer' from TransactionTrackerOperations
2018-11-13 17:00:16,996 INFO: Executing method 'select_customer' from TransactionTrackerOperations
2018-11-13 17:00:36,634 INFO: Executing method 'search_process' from TransactionTrackerOperations
2018-11-13 17:00:38,669 INFO: Executing method 'select_customer' from TransactionTrackerOperations
2018-11-13 17:00:47,535 INFO: Executing method 'select_customer' from TransactionTrackerOperations
2018-11-13 17:02:06,741 INFO: Executing method 'search_process' from TransactionTrackerOperations
2018-11-13 17:02:08,757 INFO: Executing method 'select_customer' from TransactionTrackerOperations
2018-11-13 17:02:17,481 INFO: Executing method 'select_customer' from TransactionTrackerOperations
2018-11-13 17:02:36,760 INFO: Executing method 'search_process' from TransactionTrackerOperations
2018-11-13 17:02:38,781 INFO: Executing method 'select_customer' from TransactionTrackerOperations
2018-11-13 17:02:47,521 INFO: Executing method 'select_customer' from TransactionTrackerOperations
2018-11-13 17:03:06,421 INFO: Executing method 'search_process' from TransactionTrackerOperations
2018-11-13 17:03:08,452 INFO: Executing method 'select_customer' from TransactionTrackerOperations
2018-11-13 17:03:17,064 INFO: Executing method 'select_customer' from TransactionTrackerOperations
2018-11-13 17:04:14,140 INFO: Executing method 'search_process' from TransactionTrackerOperations
2018-11-13 17:04:16,192 INFO: Executing method 'select_customer' from TransactionTrackerOperations
2018-11-13 17:04:24,899 INFO: Executing method 'select_customer' from TransactionTrackerOperations
2018-11-13 17:05:23,359 INFO: Executing method 'search_process' from TransactionTrackerOperations
2018-11-13 17:05:25,581 INFO: Executing method 'select_customer' from TransactionTrackerOperations
2018-11-13 17:05:34,309 INFO: Executing method 'select_customer' from TransactionTrackerOperations
2018-11-13 17:05:53,614 INFO: Executing method 'search_process' from TransactionTrackerOperations
2018-11-13 17:05:55,632 INFO: Executing method 'select_customer' from TransactionTrackerOperations
2018-11-13 17:06:04,293 INFO: Executing method 'select_customer' from TransactionTrackerOperations
2018-11-13 17:06:23,533 INFO: Executing method 'search_process' from TransactionTrackerOperations
2018-11-13 17:06:25,553 INFO: Executing method 'select_customer' from TransactionTrackerOperations
2018-11-13 17:06:34,301 INFO: Executing method 'select_customer' from TransactionTrackerOperations
2018-11-13 17:08:31,711 INFO: Executing method 'search_process' from TransactionTrackerOperations
2018-11-13 17:08:33,891 INFO: Executing method 'select_customer' from TransactionTrackerOperations
2018-11-13 17:08:42,606 INFO: Executing method 'select_customer' from TransactionTrackerOperations
2018-11-13 17:09:02,274 INFO: Executing method 'search_process' from TransactionTrackerOperations
2018-11-13 17:09:04,292 INFO: Executing method 'select_customer' from TransactionTrackerOperations
2018-11-13 17:09:13,144 INFO: Executing method 'select_customer' from TransactionTrackerOperations
2018-11-13 17:09:47,356 INFO: Executing method 'search_process' from TransactionTrackerOperations
2018-11-13 17:09:49,405 INFO: Executing method 'select_customer' from TransactionTrackerOperations
2018-11-13 17:09:58,152 INFO: Executing method 'select_customer' from TransactionTrackerOperations
2018-11-13 17:10:18,401 INFO: Executing method 'search_process' from TransactionTrackerOperations
2018-11-13 17:10:20,575 INFO: Executing method 'select_customer' from TransactionTrackerOperations
2018-11-13 17:10:29,295 INFO: Executing method 'select_customer' from TransactionTrackerOperations
2018-11-13 17:10:49,533 INFO: Executing method 'search_process' from TransactionTrackerOperations
2018-11-13 17:10:51,815 INFO: Executing method 'select_customer' from TransactionTrackerOperations
2018-11-13 17:11:00,495 INFO: Executing method 'select_customer' from TransactionTrackerOperations
2018-11-13 17:11:34,466 INFO: Executing method 'search_process' from TransactionTrackerOperations
2018-11-13 17:11:36,482 INFO: Executing method 'select_customer' from TransactionTrackerOperations
2018-11-13 17:11:45,210 INFO: Executing method 'select_customer' from TransactionTrackerOperations
2018-11-13 17:12:22,238 INFO: Executing method 'search_process' from TransactionTrackerOperations
2018-11-13 17:12:24,262 INFO: Executing method 'select_customer' from TransactionTrackerOperations
2018-11-13 17:12:32,937 INFO: Executing method 'select_customer' from TransactionTrackerOperations
2018-11-13 17:12:52,218 INFO: Executing method 'search_process' from TransactionTrackerOperations
2018-11-13 17:12:54,231 INFO: Executing method 'select_customer' from TransactionTrackerOperations
2018-11-13 17:13:03,082 INFO: Executing method 'select_customer' from TransactionTrackerOperations
2018-11-13 17:13:32,464 INFO: Executing method 'search_process' from TransactionTrackerOperations
2018-11-13 17:13:34,552 INFO: Executing method 'select_customer' from TransactionTrackerOperations
2018-11-13 17:13:43,276 INFO: Executing method 'select_customer' from TransactionTrackerOperations
2018-11-13 17:14:13,341 INFO: Executing method 'search_process' from TransactionTrackerOperations
2018-11-13 17:14:15,360 INFO: Executing method 'select_customer' from TransactionTrackerOperations
2018-11-13 17:14:24,094 INFO: Executing method 'select_customer' from TransactionTrackerOperations
2018-11-13 17:14:43,603 INFO: Executing method 'search_process' from TransactionTrackerOperations
2018-11-13 17:14:45,672 INFO: Executing method 'select_customer' from TransactionTrackerOperations
2018-11-13 17:14:54,375 INFO: Executing method 'select_customer' from TransactionTrackerOperations
2018-11-13 17:15:31,336 INFO: Executing method 'search_process' from TransactionTrackerOperations
2018-11-13 17:15:33,354 INFO: Executing method 'select_customer' from TransactionTrackerOperations
2018-11-13 17:15:42,055 INFO: Executing method 'select_customer' from TransactionTrackerOperations
2018-11-13 17:16:58,788 INFO: Executing method 'search_process' from TransactionTrackerOperations
2018-11-13 17:17:01,399 INFO: Executing method 'select_customer' from TransactionTrackerOperations
2018-11-13 17:17:10,169 INFO: Executing method 'select_customer' from TransactionTrackerOperations
2018-11-13 17:17:37,462 INFO: Executing method 'search_process' from TransactionTrackerOperations
2018-11-13 17:17:39,507 INFO: Executing method 'select_customer' from TransactionTrackerOperations
2018-11-13 17:17:48,426 INFO: Executing method 'select_customer' from TransactionTrackerOperations
2018-11-13 17:18:59,724 INFO: Executing method 'search_process' from TransactionTrackerOperations
2018-11-13 17:19:02,144 INFO: Executing method 'select_customer' from TransactionTrackerOperations
2018-11-13 17:19:11,097 INFO: Executing method 'select_customer' from TransactionTrackerOperations
2018-11-13 17:19:31,182 INFO: Executing method 'search_process' from TransactionTrackerOperations
2018-11-13 17:19:33,866 INFO: Executing method 'select_customer' from TransactionTrackerOperations
2018-11-13 17:19:42,570 INFO: Executing method 'select_customer' from TransactionTrackerOperations
2018-11-13 17:19:58,293 INFO: Executing method 'search_process' from TransactionTrackerOperations
2018-11-13 17:20:00,309 INFO: Executing method 'select_customer' from TransactionTrackerOperations
2018-11-13 17:20:03,984 INFO: Executing method 'search_process' from TransactionTrackerOperations
