2018-12-31 11:30:54,073 INFO: Executing Script Credit Memo Prodution Data Monitoring
2018-12-31 11:30:54,246 INFO: Executing CMProductionDataMonitoring.execute_main()
2018-12-31 11:31:03,975 INFO: Login in to Launchpad
2018-12-31 11:31:17,509 INFO: Executing CMProductionDataMonitoring.TaskFilter()
2018-12-31 11:31:17,904 INFO: Refreshing access_token
2018-12-31 11:31:22,100 INFO: select InProgress task from input sheet from CMProductionDataMonitoring.TaskFilter()
2018-12-31 11:31:22,101 INFO: Executing TransactionTrackerOperations.search_process_for_CMPDM() for: Performance Health|McKesson BASCOM PALMER EYE INST|810
2018-12-31 11:31:22,533 INFO: Executing TransactionTrackerOperations.select_customer()
2018-12-31 11:31:29,560 INFO: Executing TransactionTrackerOperations.select_customer()
2018-12-31 11:31:41,982 INFO: Executing TransactionTrackerOperations.get_CM_parcels()
2018-12-31 11:31:50,971 INFO: Executing TransactionTrackerOperations.search_process_for_CMPDM() for: Performance Health|McKesson CABELL HUNTINGTON HOSPITAL|810
2018-12-31 11:31:53,333 INFO: Executing TransactionTrackerOperations.select_customer()
2018-12-31 11:31:59,783 INFO: Executing TransactionTrackerOperations.select_customer()
2018-12-31 11:32:01,868 ERROR: Error in CMProductionDataMonitoring.TaskFilter()
2018-12-31 11:32:07,620 INFO: Executing TransactionTrackerOperations.search_process_for_CMPDM() for: Performance Health|McKesson CHILDRENS HOSPITAL|810
2018-12-31 11:32:08,053 INFO: Executing TransactionTrackerOperations.select_customer()
2018-12-31 11:32:15,068 INFO: Executing TransactionTrackerOperations.select_customer()
2018-12-31 11:32:27,334 INFO: Executing TransactionTrackerOperations.get_CM_parcels()
2018-12-31 11:32:30,750 INFO: NoSuchElementException in TransactionTrackerOperations.get_CM_parcels()
2018-12-31 11:32:35,754 INFO: NoSuchElementException in TransactionTrackerOperations.get_CM_parcels()
2018-12-31 11:32:39,047 INFO: NoSuchElementException in TransactionTrackerOperations.get_CM_parcels()
2018-12-31 11:32:47,002 INFO: Executing TransactionTrackerOperations.search_process_for_CMPDM() for: Performance Health|McKesson CHRISTIANA CARE HEALTH|810
2018-12-31 11:32:47,057 INFO: Executing TransactionTrackerOperations.select_customer()
2018-12-31 11:32:54,079 INFO: Executing TransactionTrackerOperations.select_customer()
2018-12-31 11:33:06,363 INFO: Executing TransactionTrackerOperations.get_CM_parcels()
2018-12-31 11:33:09,515 INFO: NoSuchElementException in TransactionTrackerOperations.get_CM_parcels()
2018-12-31 11:33:14,658 INFO: NoSuchElementException in TransactionTrackerOperations.get_CM_parcels()
2018-12-31 11:33:19,561 INFO: NoSuchElementException in TransactionTrackerOperations.get_CM_parcels()
2018-12-31 11:33:24,463 INFO: NoSuchElementException in TransactionTrackerOperations.get_CM_parcels()
2018-12-31 11:33:29,505 INFO: NoSuchElementException in TransactionTrackerOperations.get_CM_parcels()
2018-12-31 11:33:34,512 INFO: NoSuchElementException in TransactionTrackerOperations.get_CM_parcels()
2018-12-31 11:33:39,489 INFO: NoSuchElementException in TransactionTrackerOperations.get_CM_parcels()
2018-12-31 11:33:44,501 INFO: NoSuchElementException in TransactionTrackerOperations.get_CM_parcels()
2018-12-31 11:33:49,558 INFO: NoSuchElementException in TransactionTrackerOperations.get_CM_parcels()
2018-12-31 11:33:55,159 INFO: NoSuchElementException in TransactionTrackerOperations.get_CM_parcels()
2018-12-31 11:34:37,320 INFO: NoSuchElementException in TransactionTrackerOperations.get_CM_parcels()
2018-12-31 11:35:03,543 INFO: NoSuchElementException in TransactionTrackerOperations.get_CM_parcels()
2018-12-31 11:35:13,580 INFO: Executing TransactionTrackerOperations.search_process_for_CMPDM() for: Performance Health|McKesson EMH REGIONAL HEALTHCARE SYSTEMS|810
2018-12-31 11:35:14,011 INFO: Executing TransactionTrackerOperations.select_customer()
2018-12-31 11:35:20,661 INFO: Executing TransactionTrackerOperations.select_customer()
2018-12-31 11:35:22,763 ERROR: Error in CMProductionDataMonitoring.TaskFilter()
2018-12-31 11:35:28,525 INFO: Executing TransactionTrackerOperations.search_process_for_CMPDM() for: Performance Health|McKesson EMORY HEALTHCARE|810
2018-12-31 11:35:29,577 INFO: Executing TransactionTrackerOperations.select_customer()
2018-12-31 11:35:38,669 INFO: Executing TransactionTrackerOperations.select_customer()
2018-12-31 11:35:52,342 INFO: Executing TransactionTrackerOperations.get_CM_parcels()
2018-12-31 11:35:59,659 INFO: Executing TransactionTrackerOperations.search_process_for_CMPDM() for: Performance Health|McKesson FIRELANDS REGIONAL MEDICAL CENTER|810
2018-12-31 11:36:00,468 INFO: Executing TransactionTrackerOperations.select_customer()
2018-12-31 11:36:07,768 INFO: Executing TransactionTrackerOperations.select_customer()
2018-12-31 11:36:21,629 INFO: Executing TransactionTrackerOperations.get_CM_parcels()
2018-12-31 11:36:28,382 INFO: Executing TransactionTrackerOperations.search_process_for_CMPDM() for: Performance Health|McKesson FIRSTHEALTH CAROLINAS|810
2018-12-31 11:36:28,828 INFO: Executing TransactionTrackerOperations.select_customer()
2018-12-31 11:36:35,944 INFO: Executing TransactionTrackerOperations.select_customer()
2018-12-31 11:36:48,764 INFO: Executing TransactionTrackerOperations.get_CM_parcels()
2018-12-31 11:36:56,009 INFO: Executing TransactionTrackerOperations.search_process_for_CMPDM() for: Performance Health|McKesson FRANCISCAN ALLIANCE INC|810
2018-12-31 11:36:56,496 INFO: Executing TransactionTrackerOperations.select_customer()
2018-12-31 11:37:03,665 INFO: Executing TransactionTrackerOperations.select_customer()
2018-12-31 11:37:16,694 INFO: Executing TransactionTrackerOperations.get_CM_parcels()
2018-12-31 11:37:23,028 INFO: Executing TransactionTrackerOperations.search_process_for_CMPDM() for: Performance Health|McKesson GOOD SHEPHERD REHAB NETWORK|810
2018-12-31 11:37:24,079 INFO: Executing TransactionTrackerOperations.select_customer()
2018-12-31 11:37:31,163 INFO: Executing TransactionTrackerOperations.select_customer()
2018-12-31 11:37:44,164 INFO: Executing TransactionTrackerOperations.get_CM_parcels()
2018-12-31 11:37:51,566 INFO: Executing TransactionTrackerOperations.search_process_for_CMPDM() for: Performance Health|McKesson HALIFAX REGIONAL HOSPITAL|810
2018-12-31 11:37:51,962 INFO: Executing TransactionTrackerOperations.select_customer()
2018-12-31 11:37:59,029 INFO: Executing TransactionTrackerOperations.select_customer()
2018-12-31 11:38:12,133 INFO: Executing TransactionTrackerOperations.get_CM_parcels()
2018-12-31 11:38:18,804 INFO: Executing TransactionTrackerOperations.search_process_for_CMPDM() for: Performance Health|McKesson HATTISBURG CLINIC|810
2018-12-31 11:38:19,358 INFO: Executing TransactionTrackerOperations.select_customer()
2018-12-31 11:38:26,661 INFO: Executing TransactionTrackerOperations.select_customer()
2018-12-31 11:38:39,459 INFO: Executing TransactionTrackerOperations.get_CM_parcels()
2018-12-31 11:38:46,739 INFO: Executing TransactionTrackerOperations.search_process_for_CMPDM() for: Performance Health|McKesson IL BONE AND JOINT|810
2018-12-31 11:38:47,120 INFO: Executing TransactionTrackerOperations.select_customer()
2018-12-31 11:38:54,235 INFO: Executing TransactionTrackerOperations.select_customer()
2018-12-31 11:39:06,767 INFO: Executing TransactionTrackerOperations.get_CM_parcels()
2018-12-31 11:39:13,732 INFO: Executing TransactionTrackerOperations.search_process_for_CMPDM() for: Performance Health|McKesson LAKE CHARLES MEMORIAL HOSPITAL|810
2018-12-31 11:39:27,933 INFO: Executing Script Credit Memo Prodution Data Monitoring
2018-12-31 11:39:28,042 INFO: Executing CMProductionDataMonitoring.execute_main()
2018-12-31 11:39:33,636 INFO: Login in to Launchpad
2018-12-31 11:39:48,618 INFO: Executing CMProductionDataMonitoring.TaskFilter()
2018-12-31 11:39:48,969 INFO: Refreshing access_token
2018-12-31 11:39:52,780 INFO: select InProgress task from input sheet from CMProductionDataMonitoring.TaskFilter()
2018-12-31 11:39:52,781 INFO: Executing TransactionTrackerOperations.search_process_for_CMPDM() for: Performance Health|McKesson BASCOM PALMER EYE INST|810
2018-12-31 11:39:53,076 INFO: Executing TransactionTrackerOperations.select_customer()
2018-12-31 11:40:01,222 INFO: Executing TransactionTrackerOperations.select_customer()
2018-12-31 11:40:14,719 INFO: Executing TransactionTrackerOperations.get_CM_parcels()
2018-12-31 11:40:22,730 INFO: Executing TransactionTrackerOperations.search_process_for_CMPDM() for: Performance Health|McKesson CABELL HUNTINGTON HOSPITAL|810
2018-12-31 11:40:23,115 INFO: Executing TransactionTrackerOperations.select_customer()
2018-12-31 11:40:30,233 INFO: Executing TransactionTrackerOperations.select_customer()
2018-12-31 11:40:42,932 INFO: Executing TransactionTrackerOperations.get_CM_parcels()
2018-12-31 11:40:46,288 INFO: NoSuchElementException in TransactionTrackerOperations.get_CM_parcels()
2018-12-31 11:40:51,302 INFO: NoSuchElementException in TransactionTrackerOperations.get_CM_parcels()
2018-12-31 11:40:56,019 INFO: NoSuchElementException in TransactionTrackerOperations.get_CM_parcels()
2018-12-31 11:41:02,593 INFO: Executing TransactionTrackerOperations.search_process_for_CMPDM() for: Performance Health|McKesson CHILDRENS HOSPITAL|810
2018-12-31 11:41:03,383 INFO: Executing TransactionTrackerOperations.select_customer()
2018-12-31 11:41:11,141 INFO: Executing TransactionTrackerOperations.select_customer()
2018-12-31 11:41:24,891 INFO: Executing TransactionTrackerOperations.get_CM_parcels()
2018-12-31 11:41:29,673 INFO: NoSuchElementException in TransactionTrackerOperations.get_CM_parcels()
2018-12-31 11:41:37,097 INFO: NoSuchElementException in TransactionTrackerOperations.get_CM_parcels()
2018-12-31 11:41:41,187 INFO: NoSuchElementException in TransactionTrackerOperations.get_CM_parcels()
2018-12-31 11:41:52,050 INFO: Executing TransactionTrackerOperations.search_process_for_CMPDM() for: Performance Health|McKesson CHRISTIANA CARE HEALTH|810
2018-12-31 11:41:52,082 INFO: Executing TransactionTrackerOperations.select_customer()
2018-12-31 11:42:01,331 INFO: Executing TransactionTrackerOperations.select_customer()
2018-12-31 11:42:15,792 INFO: Executing TransactionTrackerOperations.get_CM_parcels()
2018-12-31 11:42:24,635 INFO: NoSuchElementException in TransactionTrackerOperations.get_CM_parcels()
2018-12-31 11:42:33,026 INFO: NoSuchElementException in TransactionTrackerOperations.get_CM_parcels()
2018-12-31 11:42:40,120 INFO: NoSuchElementException in TransactionTrackerOperations.get_CM_parcels()
2018-12-31 11:42:47,135 INFO: NoSuchElementException in TransactionTrackerOperations.get_CM_parcels()
2018-12-31 11:42:53,591 INFO: NoSuchElementException in TransactionTrackerOperations.get_CM_parcels()
2018-12-31 11:42:59,259 INFO: NoSuchElementException in TransactionTrackerOperations.get_CM_parcels()
2018-12-31 11:43:04,720 INFO: NoSuchElementException in TransactionTrackerOperations.get_CM_parcels()
2018-12-31 11:43:10,628 INFO: NoSuchElementException in TransactionTrackerOperations.get_CM_parcels()
2018-12-31 11:43:16,364 INFO: NoSuchElementException in TransactionTrackerOperations.get_CM_parcels()
2018-12-31 11:43:22,391 INFO: NoSuchElementException in TransactionTrackerOperations.get_CM_parcels()
2018-12-31 11:43:27,982 INFO: NoSuchElementException in TransactionTrackerOperations.get_CM_parcels()
2018-12-31 11:43:33,287 INFO: NoSuchElementException in TransactionTrackerOperations.get_CM_parcels()
2018-12-31 11:43:38,588 INFO: NoSuchElementException in TransactionTrackerOperations.get_CM_parcels()
2018-12-31 11:43:44,186 INFO: NoSuchElementException in TransactionTrackerOperations.get_CM_parcels()
2018-12-31 11:43:50,723 INFO: NoSuchElementException in TransactionTrackerOperations.get_CM_parcels()
2018-12-31 11:43:54,689 INFO: NoSuchElementException in TransactionTrackerOperations.get_CM_parcels()
2018-12-31 11:44:02,801 INFO: Executing TransactionTrackerOperations.search_process_for_CMPDM() for: Performance Health|McKesson EMH REGIONAL HEALTHCARE SYSTEMS|810
2018-12-31 11:44:03,351 INFO: Executing TransactionTrackerOperations.select_customer()
2018-12-31 11:44:10,801 INFO: Executing TransactionTrackerOperations.select_customer()
2018-12-31 11:44:23,512 INFO: Executing TransactionTrackerOperations.get_CM_parcels()
2018-12-31 11:44:29,626 INFO: Executing TransactionTrackerOperations.search_process_for_CMPDM() for: Performance Health|McKesson EMORY HEALTHCARE|810
2018-12-31 11:44:30,876 INFO: Executing TransactionTrackerOperations.select_customer()
2018-12-31 11:44:37,860 INFO: Executing TransactionTrackerOperations.select_customer()
2018-12-31 11:44:50,047 INFO: Executing TransactionTrackerOperations.get_CM_parcels()
2018-12-31 11:44:53,265 INFO: NoSuchElementException in TransactionTrackerOperations.get_CM_parcels()
2018-12-31 11:44:58,314 INFO: NoSuchElementException in TransactionTrackerOperations.get_CM_parcels()
2018-12-31 11:45:03,320 INFO: NoSuchElementException in TransactionTrackerOperations.get_CM_parcels()
2018-12-31 11:45:08,233 INFO: NoSuchElementException in TransactionTrackerOperations.get_CM_parcels()
2018-12-31 11:45:13,188 INFO: NoSuchElementException in TransactionTrackerOperations.get_CM_parcels()
2018-12-31 11:45:18,171 INFO: NoSuchElementException in TransactionTrackerOperations.get_CM_parcels()
2018-12-31 11:45:23,197 INFO: NoSuchElementException in TransactionTrackerOperations.get_CM_parcels()
2018-12-31 11:45:28,203 INFO: NoSuchElementException in TransactionTrackerOperations.get_CM_parcels()
2018-12-31 11:45:33,292 INFO: NoSuchElementException in TransactionTrackerOperations.get_CM_parcels()
2018-12-31 11:45:38,989 INFO: NoSuchElementException in TransactionTrackerOperations.get_CM_parcels()
2018-12-31 11:45:44,313 INFO: NoSuchElementException in TransactionTrackerOperations.get_CM_parcels()
2018-12-31 11:45:49,317 INFO: NoSuchElementException in TransactionTrackerOperations.get_CM_parcels()
2018-12-31 11:45:54,463 INFO: NoSuchElementException in TransactionTrackerOperations.get_CM_parcels()
2018-12-31 11:45:59,719 INFO: NoSuchElementException in TransactionTrackerOperations.get_CM_parcels()
2018-12-31 11:46:04,991 INFO: NoSuchElementException in TransactionTrackerOperations.get_CM_parcels()
2018-12-31 11:46:12,116 INFO: NoSuchElementException in TransactionTrackerOperations.get_CM_parcels()
2018-12-31 11:46:18,443 INFO: NoSuchElementException in TransactionTrackerOperations.get_CM_parcels()
2018-12-31 11:46:25,510 INFO: NoSuchElementException in TransactionTrackerOperations.get_CM_parcels()
2018-12-31 11:46:31,560 INFO: NoSuchElementException in TransactionTrackerOperations.get_CM_parcels()
2018-12-31 11:46:37,035 INFO: NoSuchElementException in TransactionTrackerOperations.get_CM_parcels()
2018-12-31 11:46:42,259 INFO: NoSuchElementException in TransactionTrackerOperations.get_CM_parcels()
2018-12-31 11:46:47,628 INFO: NoSuchElementException in TransactionTrackerOperations.get_CM_parcels()
2018-12-31 11:46:53,864 INFO: NoSuchElementException in TransactionTrackerOperations.get_CM_parcels()
2018-12-31 11:47:01,352 INFO: NoSuchElementException in TransactionTrackerOperations.get_CM_parcels()
2018-12-31 11:47:06,862 INFO: NoSuchElementException in TransactionTrackerOperations.get_CM_parcels()
2018-12-31 11:47:10,762 INFO: NoSuchElementException in TransactionTrackerOperations.get_CM_parcels()
2018-12-31 11:47:19,056 INFO: Executing TransactionTrackerOperations.search_process_for_CMPDM() for: Performance Health|McKesson FIRELANDS REGIONAL MEDICAL CENTER|810
2018-12-31 11:47:20,187 INFO: Executing TransactionTrackerOperations.select_customer()
2018-12-31 11:47:27,421 INFO: Executing TransactionTrackerOperations.select_customer()
2018-12-31 11:47:40,252 INFO: Executing TransactionTrackerOperations.get_CM_parcels()
2018-12-31 11:47:46,512 INFO: Executing TransactionTrackerOperations.search_process_for_CMPDM() for: Performance Health|McKesson FIRSTHEALTH CAROLINAS|810
2018-12-31 11:47:47,849 INFO: Executing TransactionTrackerOperations.select_customer()
2018-12-31 11:47:54,930 INFO: Executing TransactionTrackerOperations.select_customer()
2018-12-31 11:48:07,402 INFO: Executing TransactionTrackerOperations.get_CM_parcels()
2018-12-31 11:48:14,645 INFO: Executing TransactionTrackerOperations.search_process_for_CMPDM() for: Performance Health|McKesson FRANCISCAN ALLIANCE INC|810
2018-12-31 11:48:14,835 INFO: Executing TransactionTrackerOperations.select_customer()
2018-12-31 11:48:21,831 INFO: Executing TransactionTrackerOperations.select_customer()
2018-12-31 11:48:34,704 INFO: Executing TransactionTrackerOperations.get_CM_parcels()
2018-12-31 11:48:38,101 INFO: NoSuchElementException in TransactionTrackerOperations.get_CM_parcels()
2018-12-31 11:48:43,916 INFO: NoSuchElementException in TransactionTrackerOperations.get_CM_parcels()
2018-12-31 11:48:49,248 INFO: NoSuchElementException in TransactionTrackerOperations.get_CM_parcels()
2018-12-31 11:48:55,009 INFO: NoSuchElementException in TransactionTrackerOperations.get_CM_parcels()
2018-12-31 11:49:01,107 INFO: NoSuchElementException in TransactionTrackerOperations.get_CM_parcels()
2018-12-31 11:49:08,595 INFO: NoSuchElementException in TransactionTrackerOperations.get_CM_parcels()
2018-12-31 11:49:15,287 INFO: NoSuchElementException in TransactionTrackerOperations.get_CM_parcels()
2018-12-31 11:49:21,022 INFO: NoSuchElementException in TransactionTrackerOperations.get_CM_parcels()
2018-12-31 11:49:27,201 INFO: NoSuchElementException in TransactionTrackerOperations.get_CM_parcels()
2018-12-31 11:49:32,856 INFO: NoSuchElementException in TransactionTrackerOperations.get_CM_parcels()
2018-12-31 11:49:39,015 INFO: NoSuchElementException in TransactionTrackerOperations.get_CM_parcels()
2018-12-31 11:49:44,318 INFO: NoSuchElementException in TransactionTrackerOperations.get_CM_parcels()
2018-12-31 11:49:49,417 INFO: NoSuchElementException in TransactionTrackerOperations.get_CM_parcels()
2018-12-31 11:49:55,352 INFO: NoSuchElementException in TransactionTrackerOperations.get_CM_parcels()
2018-12-31 11:50:00,633 INFO: NoSuchElementException in TransactionTrackerOperations.get_CM_parcels()
2018-12-31 11:50:06,218 INFO: NoSuchElementException in TransactionTrackerOperations.get_CM_parcels()
2018-12-31 11:50:15,545 INFO: NoSuchElementException in TransactionTrackerOperations.get_CM_parcels()
2018-12-31 11:50:21,578 INFO: NoSuchElementException in TransactionTrackerOperations.get_CM_parcels()
2018-12-31 11:50:33,282 INFO: Executing TransactionTrackerOperations.search_process_for_CMPDM() for: Performance Health|McKesson GOOD SHEPHERD REHAB NETWORK|810
2018-12-31 11:50:33,995 INFO: Executing TransactionTrackerOperations.select_customer()
2018-12-31 11:50:40,307 INFO: Executing TransactionTrackerOperations.select_customer()
2018-12-31 11:50:42,393 ERROR: Error in CMProductionDataMonitoring.TaskFilter()
2018-12-31 11:50:48,590 INFO: Executing TransactionTrackerOperations.search_process_for_CMPDM() for: Performance Health|McKesson HALIFAX REGIONAL HOSPITAL|810
2018-12-31 11:50:48,776 INFO: Executing TransactionTrackerOperations.select_customer()
2018-12-31 11:50:55,887 INFO: Executing TransactionTrackerOperations.select_customer()
2018-12-31 11:51:08,710 INFO: Executing TransactionTrackerOperations.get_CM_parcels()
2018-12-31 11:51:15,880 INFO: Executing TransactionTrackerOperations.search_process_for_CMPDM() for: Performance Health|McKesson HATTISBURG CLINIC|810
2018-12-31 11:51:17,029 INFO: Executing TransactionTrackerOperations.select_customer()
2018-12-31 11:51:25,072 INFO: Executing TransactionTrackerOperations.select_customer()
2018-12-31 11:51:39,208 INFO: Executing TransactionTrackerOperations.get_CM_parcels()
2018-12-31 11:51:47,012 INFO: Executing TransactionTrackerOperations.search_process_for_CMPDM() for: Performance Health|McKesson IL BONE AND JOINT|810
2018-12-31 11:51:47,416 INFO: Executing TransactionTrackerOperations.select_customer()
2018-12-31 11:51:54,429 INFO: Executing TransactionTrackerOperations.select_customer()
2018-12-31 11:52:06,976 INFO: Executing TransactionTrackerOperations.get_CM_parcels()
2018-12-31 11:52:10,119 INFO: NoSuchElementException in TransactionTrackerOperations.get_CM_parcels()
2018-12-31 11:52:15,390 INFO: NoSuchElementException in TransactionTrackerOperations.get_CM_parcels()
2018-12-31 11:52:20,651 INFO: NoSuchElementException in TransactionTrackerOperations.get_CM_parcels()
2018-12-31 11:52:25,597 INFO: NoSuchElementException in TransactionTrackerOperations.get_CM_parcels()
2018-12-31 11:52:30,453 INFO: NoSuchElementException in TransactionTrackerOperations.get_CM_parcels()
2018-12-31 11:52:35,505 INFO: NoSuchElementException in TransactionTrackerOperations.get_CM_parcels()
2018-12-31 11:52:40,474 INFO: NoSuchElementException in TransactionTrackerOperations.get_CM_parcels()
2018-12-31 11:52:45,424 INFO: NoSuchElementException in TransactionTrackerOperations.get_CM_parcels()
2018-12-31 11:52:50,768 INFO: NoSuchElementException in TransactionTrackerOperations.get_CM_parcels()
2018-12-31 11:52:55,706 INFO: NoSuchElementException in TransactionTrackerOperations.get_CM_parcels()
2018-12-31 11:53:00,700 INFO: NoSuchElementException in TransactionTrackerOperations.get_CM_parcels()
2018-12-31 11:53:05,695 INFO: NoSuchElementException in TransactionTrackerOperations.get_CM_parcels()
2018-12-31 11:53:10,994 INFO: NoSuchElementException in TransactionTrackerOperations.get_CM_parcels()
2018-12-31 11:53:16,071 INFO: NoSuchElementException in TransactionTrackerOperations.get_CM_parcels()
2018-12-31 11:53:21,046 INFO: NoSuchElementException in TransactionTrackerOperations.get_CM_parcels()
2018-12-31 11:53:26,091 INFO: NoSuchElementException in TransactionTrackerOperations.get_CM_parcels()
2018-12-31 11:53:30,959 INFO: NoSuchElementException in TransactionTrackerOperations.get_CM_parcels()
2018-12-31 11:53:35,976 INFO: NoSuchElementException in TransactionTrackerOperations.get_CM_parcels()
2018-12-31 11:53:41,104 INFO: NoSuchElementException in TransactionTrackerOperations.get_CM_parcels()
2018-12-31 11:53:46,075 INFO: NoSuchElementException in TransactionTrackerOperations.get_CM_parcels()
2018-12-31 11:53:51,124 INFO: NoSuchElementException in TransactionTrackerOperations.get_CM_parcels()
2018-12-31 11:53:56,009 INFO: NoSuchElementException in TransactionTrackerOperations.get_CM_parcels()
2018-12-31 11:54:01,020 INFO: NoSuchElementException in TransactionTrackerOperations.get_CM_parcels()
2018-12-31 11:54:06,438 INFO: NoSuchElementException in TransactionTrackerOperations.get_CM_parcels()
2018-12-31 11:54:11,412 INFO: NoSuchElementException in TransactionTrackerOperations.get_CM_parcels()
2018-12-31 11:54:16,741 INFO: NoSuchElementException in TransactionTrackerOperations.get_CM_parcels()
2018-12-31 11:54:21,776 INFO: NoSuchElementException in TransactionTrackerOperations.get_CM_parcels()
2018-12-31 11:54:26,886 INFO: NoSuchElementException in TransactionTrackerOperations.get_CM_parcels()
2018-12-31 11:54:31,779 INFO: NoSuchElementException in TransactionTrackerOperations.get_CM_parcels()
2018-12-31 11:54:36,720 INFO: NoSuchElementException in TransactionTrackerOperations.get_CM_parcels()
2018-12-31 11:54:41,723 INFO: NoSuchElementException in TransactionTrackerOperations.get_CM_parcels()
2018-12-31 11:54:46,709 INFO: NoSuchElementException in TransactionTrackerOperations.get_CM_parcels()
2018-12-31 11:54:51,759 INFO: NoSuchElementException in TransactionTrackerOperations.get_CM_parcels()
2018-12-31 11:54:56,797 INFO: NoSuchElementException in TransactionTrackerOperations.get_CM_parcels()
2018-12-31 11:55:01,892 INFO: NoSuchElementException in TransactionTrackerOperations.get_CM_parcels()
2018-12-31 11:55:06,878 INFO: NoSuchElementException in TransactionTrackerOperations.get_CM_parcels()
2018-12-31 11:55:11,862 INFO: NoSuchElementException in TransactionTrackerOperations.get_CM_parcels()
2018-12-31 11:55:17,175 INFO: NoSuchElementException in TransactionTrackerOperations.get_CM_parcels()
2018-12-31 11:55:22,458 INFO: NoSuchElementException in TransactionTrackerOperations.get_CM_parcels()
2018-12-31 11:55:27,510 INFO: NoSuchElementException in TransactionTrackerOperations.get_CM_parcels()
2018-12-31 11:55:32,930 INFO: NoSuchElementException in TransactionTrackerOperations.get_CM_parcels()
2018-12-31 11:55:37,980 INFO: NoSuchElementException in TransactionTrackerOperations.get_CM_parcels()
2018-12-31 11:55:43,170 INFO: NoSuchElementException in TransactionTrackerOperations.get_CM_parcels()
2018-12-31 11:55:48,564 INFO: NoSuchElementException in TransactionTrackerOperations.get_CM_parcels()
2018-12-31 11:55:52,182 INFO: NoSuchElementException in TransactionTrackerOperations.get_CM_parcels()
2018-12-31 11:56:01,506 INFO: Executing TransactionTrackerOperations.search_process_for_CMPDM() for: Performance Health|McKesson LAKE CHARLES MEMORIAL HOSPITAL|810
2018-12-31 11:56:01,866 INFO: Executing TransactionTrackerOperations.select_customer()
2018-12-31 11:56:08,921 INFO: Executing TransactionTrackerOperations.select_customer()
2018-12-31 11:56:21,806 INFO: Executing TransactionTrackerOperations.get_CM_parcels()
2018-12-31 11:56:28,966 INFO: Executing TransactionTrackerOperations.search_process_for_CMPDM() for: Performance Health|McKesson LAWRENCE MEMORIAL HOSPITAL|810
2018-12-31 11:56:29,237 INFO: Executing TransactionTrackerOperations.select_customer()
2018-12-31 11:56:37,045 INFO: Executing TransactionTrackerOperations.select_customer()
2018-12-31 11:56:49,428 INFO: Executing TransactionTrackerOperations.get_CM_parcels()
2018-12-31 11:56:52,548 INFO: NoSuchElementException in TransactionTrackerOperations.get_CM_parcels()
2018-12-31 11:56:57,629 INFO: NoSuchElementException in TransactionTrackerOperations.get_CM_parcels()
2018-12-31 11:57:02,766 INFO: NoSuchElementException in TransactionTrackerOperations.get_CM_parcels()
2018-12-31 11:57:07,855 INFO: NoSuchElementException in TransactionTrackerOperations.get_CM_parcels()
2018-12-31 11:57:12,862 INFO: NoSuchElementException in TransactionTrackerOperations.get_CM_parcels()
2018-12-31 11:57:15,370 INFO: NoSuchElementException in TransactionTrackerOperations.get_CM_parcels()
2018-12-31 11:57:23,840 INFO: Executing TransactionTrackerOperations.search_process_for_CMPDM() for: Performance Health|McKesson LEESBURG REGIONAL|810
2018-12-31 11:57:24,124 INFO: Executing TransactionTrackerOperations.select_customer()
2018-12-31 11:57:31,181 INFO: Executing TransactionTrackerOperations.select_customer()
2018-12-31 11:57:43,485 INFO: Executing TransactionTrackerOperations.get_CM_parcels()
2018-12-31 11:57:44,422 INFO: NoSuchElementException in TransactionTrackerOperations.get_CM_parcels()
2018-12-31 11:57:52,624 INFO: Executing TransactionTrackerOperations.search_process_for_CMPDM() for: Performance Health|McKesson LOMA LINDA UNIVERSITY MEDICAL CENTER|810
2018-12-31 11:57:52,817 INFO: Executing TransactionTrackerOperations.select_customer()
2018-12-31 11:57:59,842 INFO: Executing TransactionTrackerOperations.select_customer()
2018-12-31 11:58:12,801 INFO: Executing TransactionTrackerOperations.get_CM_parcels()
2018-12-31 11:58:13,102 INFO: NoSuchElementException in TransactionTrackerOperations.get_CM_parcels()
2018-12-31 11:58:20,980 INFO: Executing TransactionTrackerOperations.search_process_for_CMPDM() for: Performance Health|McKesson MCG HEALTH INC|810
2018-12-31 11:58:21,286 INFO: Executing TransactionTrackerOperations.select_customer()
2018-12-31 11:58:28,400 INFO: Executing TransactionTrackerOperations.select_customer()
2018-12-31 11:58:30,485 ERROR: Error in CMProductionDataMonitoring.TaskFilter()
2018-12-31 11:58:36,239 INFO: Executing TransactionTrackerOperations.search_process_for_CMPDM() for: Performance Health|McKesson NCH HEALTHCARE|810
2018-12-31 11:58:36,373 INFO: Executing TransactionTrackerOperations.select_customer()
2018-12-31 11:58:43,418 INFO: Executing TransactionTrackerOperations.select_customer()
2018-12-31 11:58:55,551 INFO: Executing TransactionTrackerOperations.get_CM_parcels()
2018-12-31 11:58:58,663 INFO: NoSuchElementException in TransactionTrackerOperations.get_CM_parcels()
2018-12-31 11:59:03,759 INFO: NoSuchElementException in TransactionTrackerOperations.get_CM_parcels()
2018-12-31 11:59:08,610 INFO: NoSuchElementException in TransactionTrackerOperations.get_CM_parcels()
2018-12-31 11:59:13,505 INFO: NoSuchElementException in TransactionTrackerOperations.get_CM_parcels()
2018-12-31 11:59:18,573 INFO: NoSuchElementException in TransactionTrackerOperations.get_CM_parcels()
2018-12-31 11:59:23,517 INFO: NoSuchElementException in TransactionTrackerOperations.get_CM_parcels()
2018-12-31 11:59:28,586 INFO: NoSuchElementException in TransactionTrackerOperations.get_CM_parcels()
2018-12-31 11:59:37,886 INFO: Executing TransactionTrackerOperations.search_process_for_CMPDM() for: Performance Health|McKesson SACRED HEART HOSPITAL|810
2018-12-31 11:59:38,109 INFO: Executing TransactionTrackerOperations.select_customer()
2018-12-31 11:59:45,105 INFO: Executing TransactionTrackerOperations.select_customer()
2018-12-31 11:59:57,618 INFO: Executing TransactionTrackerOperations.get_CM_parcels()
2018-12-31 12:00:04,802 INFO: Executing TransactionTrackerOperations.search_process_for_CMPDM() for: Performance Health|McKesson SAINT FRANCES MEDICAL CENTER|810
2018-12-31 12:00:05,160 INFO: Executing TransactionTrackerOperations.select_customer()
2018-12-31 12:00:12,193 INFO: Executing TransactionTrackerOperations.select_customer()
2018-12-31 12:00:24,975 INFO: Executing TransactionTrackerOperations.get_CM_parcels()
2018-12-31 12:00:28,121 INFO: NoSuchElementException in TransactionTrackerOperations.get_CM_parcels()
2018-12-31 12:00:33,186 INFO: NoSuchElementException in TransactionTrackerOperations.get_CM_parcels()
2018-12-31 12:00:38,162 INFO: NoSuchElementException in TransactionTrackerOperations.get_CM_parcels()
2018-12-31 12:00:41,752 INFO: NoSuchElementException in TransactionTrackerOperations.get_CM_parcels()
2018-12-31 12:00:49,930 INFO: Executing TransactionTrackerOperations.search_process_for_CMPDM() for: Performance Health|McKesson SOUTHERN NEW HAMPSHIRE MEDICAL CENTER|810
2018-12-31 12:00:50,266 INFO: Executing TransactionTrackerOperations.select_customer()
2018-12-31 12:00:57,255 INFO: Executing TransactionTrackerOperations.select_customer()
2018-12-31 12:01:10,358 INFO: Executing TransactionTrackerOperations.get_CM_parcels()
2018-12-31 12:01:13,496 INFO: NoSuchElementException in TransactionTrackerOperations.get_CM_parcels()
2018-12-31 12:01:18,679 INFO: NoSuchElementException in TransactionTrackerOperations.get_CM_parcels()
2018-12-31 12:01:23,724 INFO: NoSuchElementException in TransactionTrackerOperations.get_CM_parcels()
2018-12-31 12:01:28,550 INFO: NoSuchElementException in TransactionTrackerOperations.get_CM_parcels()
2018-12-31 12:01:37,862 INFO: Executing TransactionTrackerOperations.search_process_for_CMPDM() for: Performance Health|McKesson TIFT REGIONAL MEDICAL CENTER|810
2018-12-31 12:01:38,165 INFO: Executing TransactionTrackerOperations.select_customer()
2018-12-31 12:01:45,179 INFO: Executing TransactionTrackerOperations.select_customer()
2018-12-31 12:01:57,845 INFO: Executing TransactionTrackerOperations.get_CM_parcels()
2018-12-31 12:02:05,371 INFO: Executing TransactionTrackerOperations.search_process_for_CMPDM() for: Performance Health|McKesson TRINITY MOTHER FRANCES HOSPITAL|810
2018-12-31 12:02:05,466 INFO: Executing TransactionTrackerOperations.select_customer()
2018-12-31 12:02:12,456 INFO: Executing TransactionTrackerOperations.select_customer()
2018-12-31 12:02:25,302 INFO: Executing TransactionTrackerOperations.get_CM_parcels()
2018-12-31 12:02:28,553 INFO: NoSuchElementException in TransactionTrackerOperations.get_CM_parcels()
2018-12-31 12:02:33,531 INFO: NoSuchElementException in TransactionTrackerOperations.get_CM_parcels()
2018-12-31 12:02:38,392 INFO: NoSuchElementException in TransactionTrackerOperations.get_CM_parcels()
2018-12-31 12:02:43,243 INFO: NoSuchElementException in TransactionTrackerOperations.get_CM_parcels()
2018-12-31 12:02:48,155 INFO: NoSuchElementException in TransactionTrackerOperations.get_CM_parcels()
2018-12-31 12:02:53,080 INFO: NoSuchElementException in TransactionTrackerOperations.get_CM_parcels()
2018-12-31 12:02:57,954 INFO: NoSuchElementException in TransactionTrackerOperations.get_CM_parcels()
2018-12-31 12:03:00,416 INFO: NoSuchElementException in TransactionTrackerOperations.get_CM_parcels()
2018-12-31 12:03:07,475 INFO: Executing TransactionTrackerOperations.search_process_for_CMPDM() for: Performance Health|McKesson Truman Medical Center|810
2018-12-31 12:03:07,747 INFO: Executing TransactionTrackerOperations.select_customer()
2018-12-31 12:03:15,180 INFO: Executing TransactionTrackerOperations.select_customer()
2018-12-31 12:03:27,264 INFO: Executing TransactionTrackerOperations.get_CM_parcels()
2018-12-31 12:03:34,249 INFO: Executing TransactionTrackerOperations.search_process_for_CMPDM() for: Performance Health|McKesson UNITED HOSPITAL SYSTEM INC|810
2018-12-31 12:03:34,646 INFO: Executing TransactionTrackerOperations.select_customer()
2018-12-31 12:03:41,608 INFO: Executing TransactionTrackerOperations.select_customer()
2018-12-31 12:03:54,069 INFO: Executing TransactionTrackerOperations.get_CM_parcels()
2018-12-31 12:03:57,300 INFO: NoSuchElementException in TransactionTrackerOperations.get_CM_parcels()
2018-12-31 12:04:02,379 INFO: NoSuchElementException in TransactionTrackerOperations.get_CM_parcels()
2018-12-31 12:04:07,365 INFO: NoSuchElementException in TransactionTrackerOperations.get_CM_parcels()
2018-12-31 12:04:10,622 INFO: NoSuchElementException in TransactionTrackerOperations.get_CM_parcels()
2018-12-31 12:04:19,107 INFO: Executing TransactionTrackerOperations.search_process_for_CMPDM() for: Performance Health|McKesson VAIL VALLEY MEDICAL CENTER|810
2018-12-31 12:04:19,283 INFO: Executing TransactionTrackerOperations.select_customer()
2018-12-31 12:04:26,236 INFO: Executing TransactionTrackerOperations.select_customer()
2018-12-31 12:04:39,051 INFO: Executing TransactionTrackerOperations.get_CM_parcels()
2018-12-31 12:04:42,457 INFO: NoSuchElementException in TransactionTrackerOperations.get_CM_parcels()
2018-12-31 12:04:47,848 INFO: NoSuchElementException in TransactionTrackerOperations.get_CM_parcels()
2018-12-31 12:04:52,868 INFO: NoSuchElementException in TransactionTrackerOperations.get_CM_parcels()
2018-12-31 12:04:57,778 INFO: NoSuchElementException in TransactionTrackerOperations.get_CM_parcels()
2018-12-31 12:05:02,762 INFO: NoSuchElementException in TransactionTrackerOperations.get_CM_parcels()
2018-12-31 12:05:07,670 INFO: NoSuchElementException in TransactionTrackerOperations.get_CM_parcels()
2018-12-31 12:05:12,581 INFO: NoSuchElementException in TransactionTrackerOperations.get_CM_parcels()
2018-12-31 12:05:17,465 INFO: NoSuchElementException in TransactionTrackerOperations.get_CM_parcels()
2018-12-31 12:05:24,134 INFO: NoSuchElementException in TransactionTrackerOperations.get_CM_parcels()
2018-12-31 12:05:30,027 INFO: NoSuchElementException in TransactionTrackerOperations.get_CM_parcels()
2018-12-31 12:05:35,493 INFO: NoSuchElementException in TransactionTrackerOperations.get_CM_parcels()
2018-12-31 12:05:41,356 INFO: NoSuchElementException in TransactionTrackerOperations.get_CM_parcels()
2018-12-31 12:05:46,747 INFO: NoSuchElementException in TransactionTrackerOperations.get_CM_parcels()
2018-12-31 12:05:51,810 INFO: NoSuchElementException in TransactionTrackerOperations.get_CM_parcels()
2018-12-31 12:05:56,863 INFO: NoSuchElementException in TransactionTrackerOperations.get_CM_parcels()
2018-12-31 12:06:01,970 INFO: NoSuchElementException in TransactionTrackerOperations.get_CM_parcels()
2018-12-31 12:06:07,148 INFO: NoSuchElementException in TransactionTrackerOperations.get_CM_parcels()
2018-12-31 12:06:12,253 INFO: NoSuchElementException in TransactionTrackerOperations.get_CM_parcels()
2018-12-31 12:06:17,217 INFO: NoSuchElementException in TransactionTrackerOperations.get_CM_parcels()
2018-12-31 12:06:19,717 INFO: NoSuchElementException in TransactionTrackerOperations.get_CM_parcels()
2018-12-31 12:06:28,202 INFO: Executing TransactionTrackerOperations.search_process_for_CMPDM() for: Performance Health|McKesson WHEATON FRANCISCAN HEALTHCARE|810
2018-12-31 12:06:28,589 INFO: Executing TransactionTrackerOperations.select_customer()
2018-12-31 12:06:35,595 INFO: Executing TransactionTrackerOperations.select_customer()
2018-12-31 12:06:48,330 INFO: Executing TransactionTrackerOperations.get_CM_parcels()
2018-12-31 12:06:54,562 INFO: Executing TransactionTrackerOperations.search_process_for_CMPDM() for: Performance Health|MFA DSSI|810
2018-12-31 12:06:55,258 INFO: Executing TransactionTrackerOperations.select_customer()
2018-12-31 12:07:03,598 INFO: Executing TransactionTrackerOperations.select_customer()
2018-12-31 12:07:15,701 INFO: Executing TransactionTrackerOperations.get_CM_parcels()
2018-12-31 12:07:23,550 INFO: Executing TransactionTrackerOperations.search_process_for_CMPDM() for: Performance Health|MIDWEST GERIATRIC DSSI|810
2018-12-31 12:07:24,777 INFO: Executing TransactionTrackerOperations.select_customer()
2018-12-31 12:07:32,415 INFO: Executing TransactionTrackerOperations.select_customer()
2018-12-31 12:07:45,083 INFO: Executing TransactionTrackerOperations.get_CM_parcels()
2018-12-31 12:07:45,595 INFO: NoSuchElementException in TransactionTrackerOperations.get_CM_parcels()
2018-12-31 12:07:54,431 INFO: Executing TransactionTrackerOperations.search_process_for_CMPDM() for: Performance Health|MIDWEST HEALTH DSSI|810
2018-12-31 12:07:54,977 INFO: Executing TransactionTrackerOperations.select_customer()
2018-12-31 12:08:02,064 INFO: Executing TransactionTrackerOperations.select_customer()
2018-12-31 12:08:14,112 INFO: Executing TransactionTrackerOperations.get_CM_parcels()
2018-12-31 12:08:17,411 INFO: NoSuchElementException in TransactionTrackerOperations.get_CM_parcels()
2018-12-31 12:08:22,502 INFO: NoSuchElementException in TransactionTrackerOperations.get_CM_parcels()
2018-12-31 12:08:27,453 INFO: NoSuchElementException in TransactionTrackerOperations.get_CM_parcels()
2018-12-31 12:08:31,057 INFO: NoSuchElementException in TransactionTrackerOperations.get_CM_parcels()
2018-12-31 12:08:40,312 INFO: Executing TransactionTrackerOperations.search_process_for_CMPDM() for: Performance Health|MISSION HEALTH DSSI|810
2018-12-31 12:08:40,611 INFO: Executing TransactionTrackerOperations.select_customer()
2018-12-31 12:08:47,640 INFO: Executing TransactionTrackerOperations.select_customer()
2018-12-31 12:08:59,710 INFO: Executing TransactionTrackerOperations.get_CM_parcels()
2018-12-31 12:09:03,028 INFO: NoSuchElementException in TransactionTrackerOperations.get_CM_parcels()
2018-12-31 12:09:08,121 INFO: NoSuchElementException in TransactionTrackerOperations.get_CM_parcels()
2018-12-31 12:09:14,183 INFO: NoSuchElementException in TransactionTrackerOperations.get_CM_parcels()
2018-12-31 12:09:19,385 INFO: NoSuchElementException in TransactionTrackerOperations.get_CM_parcels()
2018-12-31 12:09:24,793 INFO: NoSuchElementException in TransactionTrackerOperations.get_CM_parcels()
2018-12-31 12:09:30,169 INFO: NoSuchElementException in TransactionTrackerOperations.get_CM_parcels()
2018-12-31 12:09:35,577 INFO: NoSuchElementException in TransactionTrackerOperations.get_CM_parcels()
2018-12-31 12:09:40,964 INFO: NoSuchElementException in TransactionTrackerOperations.get_CM_parcels()
2018-12-31 12:09:43,467 INFO: NoSuchElementException in TransactionTrackerOperations.get_CM_parcels()
2018-12-31 12:09:52,510 INFO: Executing TransactionTrackerOperations.search_process_for_CMPDM() for: Performance Health|NEXION DSSI|810
2018-12-31 12:09:53,469 INFO: Executing TransactionTrackerOperations.select_customer()
2018-12-31 12:10:00,625 INFO: Executing TransactionTrackerOperations.select_customer()
2018-12-31 12:10:12,638 INFO: Executing TransactionTrackerOperations.get_CM_parcels()
2018-12-31 12:10:16,100 INFO: NoSuchElementException in TransactionTrackerOperations.get_CM_parcels()
2018-12-31 12:10:21,366 INFO: NoSuchElementException in TransactionTrackerOperations.get_CM_parcels()
2018-12-31 12:10:26,598 INFO: NoSuchElementException in TransactionTrackerOperations.get_CM_parcels()
2018-12-31 12:10:31,958 INFO: NoSuchElementException in TransactionTrackerOperations.get_CM_parcels()
2018-12-31 12:10:37,516 INFO: NoSuchElementException in TransactionTrackerOperations.get_CM_parcels()
2018-12-31 12:10:43,035 INFO: NoSuchElementException in TransactionTrackerOperations.get_CM_parcels()
2018-12-31 12:10:48,328 INFO: NoSuchElementException in TransactionTrackerOperations.get_CM_parcels()
2018-12-31 12:10:53,607 INFO: NoSuchElementException in TransactionTrackerOperations.get_CM_parcels()
2018-12-31 12:10:58,793 INFO: NoSuchElementException in TransactionTrackerOperations.get_CM_parcels()
2018-12-31 12:11:01,882 INFO: NoSuchElementException in TransactionTrackerOperations.get_CM_parcels()
2018-12-31 12:11:11,144 INFO: Executing TransactionTrackerOperations.search_process_for_CMPDM() for: Performance Health|NOLAND HEALTH SERVICES DSSI|810
2018-12-31 12:11:11,739 INFO: Executing TransactionTrackerOperations.select_customer()
2018-12-31 12:11:18,835 INFO: Executing TransactionTrackerOperations.select_customer()
2018-12-31 12:11:31,430 INFO: Executing TransactionTrackerOperations.get_CM_parcels()
2018-12-31 12:11:35,090 INFO: NoSuchElementException in TransactionTrackerOperations.get_CM_parcels()
2018-12-31 12:11:40,606 INFO: NoSuchElementException in TransactionTrackerOperations.get_CM_parcels()
2018-12-31 12:11:45,910 INFO: NoSuchElementException in TransactionTrackerOperations.get_CM_parcels()
2018-12-31 12:11:51,112 INFO: NoSuchElementException in TransactionTrackerOperations.get_CM_parcels()
2018-12-31 12:11:56,643 INFO: NoSuchElementException in TransactionTrackerOperations.get_CM_parcels()
2018-12-31 12:12:00,584 INFO: NoSuchElementException in TransactionTrackerOperations.get_CM_parcels()
2018-12-31 12:12:08,940 INFO: Executing TransactionTrackerOperations.search_process_for_CMPDM() for: Performance Health|NORTHPORT DSSI|810
2018-12-31 12:12:09,518 INFO: Executing TransactionTrackerOperations.select_customer()
2018-12-31 12:12:16,662 INFO: Executing TransactionTrackerOperations.select_customer()
2018-12-31 12:12:29,095 INFO: Executing TransactionTrackerOperations.get_CM_parcels()
2018-12-31 12:12:35,012 INFO: Executing TransactionTrackerOperations.search_process_for_CMPDM() for: Performance Health|NUVISION DSSI|810
2018-12-31 12:12:36,454 INFO: Executing TransactionTrackerOperations.select_customer()
2018-12-31 12:12:43,509 INFO: Executing TransactionTrackerOperations.select_customer()
2018-12-31 12:12:56,435 INFO: Executing TransactionTrackerOperations.get_CM_parcels()
2018-12-31 12:13:07,615 INFO: NoSuchElementException in TransactionTrackerOperations.get_CM_parcels()
2018-12-31 12:13:16,341 INFO: NoSuchElementException in TransactionTrackerOperations.get_CM_parcels()
2018-12-31 12:13:24,119 INFO: NoSuchElementException in TransactionTrackerOperations.get_CM_parcels()
2018-12-31 12:13:34,600 INFO: Executing TransactionTrackerOperations.search_process_for_CMPDM() for: Performance Health|ONIX GROUP DSSI|810
2018-12-31 12:13:36,031 INFO: Executing TransactionTrackerOperations.select_customer()
2018-12-31 12:13:44,842 INFO: Executing TransactionTrackerOperations.select_customer()
2018-12-31 12:13:58,279 INFO: Executing TransactionTrackerOperations.get_CM_parcels()
2018-12-31 12:14:03,242 INFO: NoSuchElementException in TransactionTrackerOperations.get_CM_parcels()
2018-12-31 12:14:09,398 INFO: NoSuchElementException in TransactionTrackerOperations.get_CM_parcels()
2018-12-31 12:14:15,030 INFO: NoSuchElementException in TransactionTrackerOperations.get_CM_parcels()
2018-12-31 12:14:20,808 INFO: NoSuchElementException in TransactionTrackerOperations.get_CM_parcels()
2018-12-31 12:14:25,868 INFO: NoSuchElementException in TransactionTrackerOperations.get_CM_parcels()
2018-12-31 12:14:34,632 INFO: Executing TransactionTrackerOperations.search_process_for_CMPDM() for: Performance Health|PENNMED CONSULTANTS INC DSSI|810
2018-12-31 12:14:37,215 INFO: Executing TransactionTrackerOperations.select_customer()
2018-12-31 12:14:44,639 INFO: Executing TransactionTrackerOperations.select_customer()
2018-12-31 12:14:58,271 INFO: Executing TransactionTrackerOperations.get_CM_parcels()
2018-12-31 12:15:06,047 INFO: Executing TransactionTrackerOperations.search_process_for_CMPDM() for: Performance Health|PREFERRED CARE DSSI|810
2018-12-31 12:15:07,237 INFO: Executing TransactionTrackerOperations.select_customer()
2018-12-31 12:15:14,687 INFO: Executing TransactionTrackerOperations.select_customer()
2018-12-31 12:15:27,314 INFO: Executing TransactionTrackerOperations.get_CM_parcels()
2018-12-31 12:15:35,586 INFO: Executing TransactionTrackerOperations.search_process_for_CMPDM() for: Performance Health|PRESBYTERIAN HOMES AND SERVICES DSSI|810
2018-12-31 12:15:37,241 INFO: Executing TransactionTrackerOperations.select_customer()
2018-12-31 12:15:45,339 INFO: Executing TransactionTrackerOperations.select_customer()
2018-12-31 12:16:00,118 INFO: Executing TransactionTrackerOperations.get_CM_parcels()
2018-12-31 12:16:05,473 INFO: NoSuchElementException in TransactionTrackerOperations.get_CM_parcels()
2018-12-31 12:16:11,363 INFO: NoSuchElementException in TransactionTrackerOperations.get_CM_parcels()
2018-12-31 12:16:18,635 INFO: NoSuchElementException in TransactionTrackerOperations.get_CM_parcels()
2018-12-31 12:16:24,494 INFO: NoSuchElementException in TransactionTrackerOperations.get_CM_parcels()
2018-12-31 12:16:31,031 INFO: NoSuchElementException in TransactionTrackerOperations.get_CM_parcels()
2018-12-31 12:16:36,157 INFO: NoSuchElementException in TransactionTrackerOperations.get_CM_parcels()
2018-12-31 12:16:40,850 INFO: NoSuchElementException in TransactionTrackerOperations.get_CM_parcels()
2018-12-31 12:16:50,011 INFO: Executing TransactionTrackerOperations.search_process_for_CMPDM() for: Performance Health|PRESBYTERIAN SENIOR LIVING DSSI|810
2018-12-31 12:16:50,388 INFO: Executing TransactionTrackerOperations.select_customer()
2018-12-31 12:16:57,400 INFO: Executing TransactionTrackerOperations.select_customer()
2018-12-31 12:17:09,820 INFO: Executing TransactionTrackerOperations.get_CM_parcels()
2018-12-31 12:17:13,131 INFO: NoSuchElementException in TransactionTrackerOperations.get_CM_parcels()
2018-12-31 12:17:18,142 INFO: NoSuchElementException in TransactionTrackerOperations.get_CM_parcels()
2018-12-31 12:17:22,992 INFO: NoSuchElementException in TransactionTrackerOperations.get_CM_parcels()
2018-12-31 12:17:27,890 INFO: NoSuchElementException in TransactionTrackerOperations.get_CM_parcels()
2018-12-31 12:17:31,831 INFO: NoSuchElementException in TransactionTrackerOperations.get_CM_parcels()
2018-12-31 12:17:39,029 INFO: Executing TransactionTrackerOperations.search_process_for_CMPDM() for: Performance Health|QUALITY LIFE SERVICES DSSI|810
2018-12-31 12:17:40,308 INFO: Executing TransactionTrackerOperations.select_customer()
2018-12-31 12:17:47,324 INFO: Executing TransactionTrackerOperations.select_customer()
2018-12-31 12:17:59,387 INFO: Executing TransactionTrackerOperations.get_CM_parcels()
2018-12-31 12:18:02,603 INFO: NoSuchElementException in TransactionTrackerOperations.get_CM_parcels()
2018-12-31 12:18:07,723 INFO: NoSuchElementException in TransactionTrackerOperations.get_CM_parcels()
2018-12-31 12:18:12,640 INFO: NoSuchElementException in TransactionTrackerOperations.get_CM_parcels()
2018-12-31 12:18:17,581 INFO: NoSuchElementException in TransactionTrackerOperations.get_CM_parcels()
2018-12-31 12:18:22,385 INFO: NoSuchElementException in TransactionTrackerOperations.get_CM_parcels()
2018-12-31 12:18:27,394 INFO: NoSuchElementException in TransactionTrackerOperations.get_CM_parcels()
2018-12-31 12:18:31,445 INFO: NoSuchElementException in TransactionTrackerOperations.get_CM_parcels()
2018-12-31 12:18:40,415 INFO: Executing TransactionTrackerOperations.search_process_for_CMPDM() for: Performance Health|Quest Healthcare Development DSSI|810
2018-12-31 12:18:40,663 INFO: Executing TransactionTrackerOperations.select_customer()
2018-12-31 12:18:47,663 INFO: Executing TransactionTrackerOperations.select_customer()
2018-12-31 12:19:00,256 INFO: Executing TransactionTrackerOperations.get_CM_parcels()
2018-12-31 12:19:06,249 INFO: Executing TransactionTrackerOperations.search_process_for_CMPDM() for: Performance Health|Regency Integrated Health Services DSSI|810
2018-12-31 12:19:07,665 INFO: Executing TransactionTrackerOperations.select_customer()
2018-12-31 12:19:15,719 INFO: Executing TransactionTrackerOperations.select_customer()
2018-12-31 12:19:30,994 INFO: Executing TransactionTrackerOperations.get_CM_parcels()
2018-12-31 12:19:37,517 INFO: Executing TransactionTrackerOperations.search_process_for_CMPDM() for: Performance Health|RENNES HEALTH DSSI|810
2018-12-31 12:19:38,098 INFO: Executing TransactionTrackerOperations.select_customer()
2018-12-31 12:19:45,196 INFO: Executing TransactionTrackerOperations.select_customer()
2018-12-31 12:19:57,291 INFO: Executing TransactionTrackerOperations.get_CM_parcels()
2018-12-31 12:20:00,517 INFO: NoSuchElementException in TransactionTrackerOperations.get_CM_parcels()
2018-12-31 12:20:05,519 INFO: NoSuchElementException in TransactionTrackerOperations.get_CM_parcels()
2018-12-31 12:20:10,506 INFO: NoSuchElementException in TransactionTrackerOperations.get_CM_parcels()
2018-12-31 12:20:15,364 INFO: NoSuchElementException in TransactionTrackerOperations.get_CM_parcels()
2018-12-31 12:20:20,292 INFO: NoSuchElementException in TransactionTrackerOperations.get_CM_parcels()
2018-12-31 12:20:24,191 INFO: NoSuchElementException in TransactionTrackerOperations.get_CM_parcels()
2018-12-31 12:20:32,768 INFO: Executing TransactionTrackerOperations.search_process_for_CMPDM() for: Performance Health|SABER HEALTHCARE DSSI|810
2018-12-31 12:20:33,213 INFO: Executing TransactionTrackerOperations.select_customer()
2018-12-31 12:20:40,361 INFO: Executing TransactionTrackerOperations.select_customer()
2018-12-31 12:20:53,028 INFO: Executing TransactionTrackerOperations.get_CM_parcels()
2018-12-31 12:20:58,998 INFO: Executing TransactionTrackerOperations.search_process_for_CMPDM() for: Performance Health|SPRENGER HEALTHCARE DSSI|810
2018-12-31 12:20:59,415 INFO: Executing TransactionTrackerOperations.select_customer()
2018-12-31 12:21:06,924 INFO: Executing TransactionTrackerOperations.select_customer()
2018-12-31 12:21:19,109 INFO: Executing TransactionTrackerOperations.get_CM_parcels()
2018-12-31 12:21:22,802 INFO: NoSuchElementException in TransactionTrackerOperations.get_CM_parcels()
2018-12-31 12:21:28,311 INFO: NoSuchElementException in TransactionTrackerOperations.get_CM_parcels()
2018-12-31 12:21:33,605 INFO: NoSuchElementException in TransactionTrackerOperations.get_CM_parcels()
2018-12-31 12:21:39,184 INFO: NoSuchElementException in TransactionTrackerOperations.get_CM_parcels()
2018-12-31 12:21:44,989 INFO: NoSuchElementException in TransactionTrackerOperations.get_CM_parcels()
2018-12-31 12:21:51,054 INFO: NoSuchElementException in TransactionTrackerOperations.get_CM_parcels()
2018-12-31 12:21:56,533 INFO: NoSuchElementException in TransactionTrackerOperations.get_CM_parcels()
2018-12-31 12:22:01,712 INFO: NoSuchElementException in TransactionTrackerOperations.get_CM_parcels()
2018-12-31 12:22:06,941 INFO: NoSuchElementException in TransactionTrackerOperations.get_CM_parcels()
2018-12-31 12:22:12,090 INFO: NoSuchElementException in TransactionTrackerOperations.get_CM_parcels()
2018-12-31 12:22:17,103 INFO: NoSuchElementException in TransactionTrackerOperations.get_CM_parcels()
2018-12-31 12:22:22,255 INFO: NoSuchElementException in TransactionTrackerOperations.get_CM_parcels()
2018-12-31 12:22:25,756 INFO: NoSuchElementException in TransactionTrackerOperations.get_CM_parcels()
2018-12-31 12:22:35,243 INFO: Executing TransactionTrackerOperations.search_process_for_CMPDM() for: Performance Health|SPRINGPOINT DSSI|810
2018-12-31 12:22:36,279 INFO: Executing TransactionTrackerOperations.select_customer()
2018-12-31 12:22:43,569 INFO: Executing TransactionTrackerOperations.select_customer()
2018-12-31 12:22:56,283 INFO: Executing TransactionTrackerOperations.get_CM_parcels()
2018-12-31 12:23:02,080 INFO: NoSuchElementException in TransactionTrackerOperations.get_CM_parcels()
2018-12-31 12:23:08,954 INFO: NoSuchElementException in TransactionTrackerOperations.get_CM_parcels()
2018-12-31 12:23:14,080 INFO: NoSuchElementException in TransactionTrackerOperations.get_CM_parcels()
2018-12-31 12:23:20,954 INFO: NoSuchElementException in TransactionTrackerOperations.get_CM_parcels()
2018-12-31 12:23:25,319 INFO: NoSuchElementException in TransactionTrackerOperations.get_CM_parcels()
2018-12-31 12:23:33,380 INFO: Executing TransactionTrackerOperations.search_process_for_CMPDM() for: Performance Health|STONERISE MEDICAL DSSI|810
2018-12-31 12:23:34,116 INFO: Executing TransactionTrackerOperations.select_customer()
2018-12-31 12:23:41,075 INFO: Executing TransactionTrackerOperations.select_customer()
2018-12-31 12:23:53,094 INFO: Executing TransactionTrackerOperations.get_CM_parcels()
2018-12-31 12:23:59,323 INFO: Executing TransactionTrackerOperations.search_process_for_CMPDM() for: Performance Health|TAMARAC ADMINISTRACTIVE SERVICES DSSI|810
2018-12-31 12:23:59,599 INFO: Executing TransactionTrackerOperations.select_customer()
2018-12-31 12:24:07,044 INFO: Executing TransactionTrackerOperations.select_customer()
2018-12-31 12:24:19,448 INFO: Executing TransactionTrackerOperations.get_CM_parcels()
2018-12-31 12:24:25,813 INFO: Executing TransactionTrackerOperations.search_process_for_CMPDM() for: Performance Health|TANDEM HEALTHCARE DSSI|810
2018-12-31 12:24:26,243 INFO: Executing TransactionTrackerOperations.select_customer()
2018-12-31 12:24:33,253 INFO: Executing TransactionTrackerOperations.select_customer()
2018-12-31 12:24:45,220 INFO: Executing TransactionTrackerOperations.get_CM_parcels()
2018-12-31 12:24:51,359 INFO: Executing TransactionTrackerOperations.search_process_for_CMPDM() for: Performance Health|TARA CARES LLC DSSI|810
2018-12-31 12:24:51,513 INFO: Executing TransactionTrackerOperations.select_customer()
2018-12-31 12:24:58,777 INFO: Executing TransactionTrackerOperations.select_customer()
2018-12-31 12:25:10,550 INFO: Executing TransactionTrackerOperations.get_CM_parcels()
2018-12-31 12:25:16,526 INFO: Executing TransactionTrackerOperations.search_process_for_CMPDM() for: Performance Health|TEALWOOD TWN DSSI|810
2018-12-31 12:25:16,899 INFO: Executing TransactionTrackerOperations.select_customer()
2018-12-31 12:25:24,297 INFO: Executing TransactionTrackerOperations.select_customer()
2018-12-31 12:25:36,253 INFO: Executing TransactionTrackerOperations.get_CM_parcels()
2018-12-31 12:25:39,471 INFO: NoSuchElementException in TransactionTrackerOperations.get_CM_parcels()
2018-12-31 12:25:44,492 INFO: NoSuchElementException in TransactionTrackerOperations.get_CM_parcels()
2018-12-31 12:25:49,429 INFO: NoSuchElementException in TransactionTrackerOperations.get_CM_parcels()
2018-12-31 12:25:54,295 INFO: NoSuchElementException in TransactionTrackerOperations.get_CM_parcels()
2018-12-31 12:25:59,198 INFO: NoSuchElementException in TransactionTrackerOperations.get_CM_parcels()
2018-12-31 12:26:04,207 INFO: NoSuchElementException in TransactionTrackerOperations.get_CM_parcels()
2018-12-31 12:26:09,084 INFO: NoSuchElementException in TransactionTrackerOperations.get_CM_parcels()
2018-12-31 12:26:14,127 INFO: NoSuchElementException in TransactionTrackerOperations.get_CM_parcels()
2018-12-31 12:26:19,028 INFO: NoSuchElementException in TransactionTrackerOperations.get_CM_parcels()
2018-12-31 12:26:24,069 INFO: NoSuchElementException in TransactionTrackerOperations.get_CM_parcels()
2018-12-31 12:26:28,980 INFO: NoSuchElementException in TransactionTrackerOperations.get_CM_parcels()
2018-12-31 12:26:31,991 INFO: NoSuchElementException in TransactionTrackerOperations.get_CM_parcels()
2018-12-31 12:26:39,904 INFO: Executing TransactionTrackerOperations.search_process_for_CMPDM() for: Performance Health|TRANS HEALTH CARE DSSI|810
2018-12-31 12:26:40,668 INFO: Executing TransactionTrackerOperations.select_customer()
2018-12-31 12:26:47,631 INFO: Executing TransactionTrackerOperations.select_customer()
2018-12-31 12:26:59,836 INFO: Executing TransactionTrackerOperations.get_CM_parcels()
2018-12-31 12:27:06,444 INFO: Executing TransactionTrackerOperations.search_process_for_CMPDM() for: Performance Health|UNITED MEDICAL DSSI|810
2018-12-31 12:27:06,734 INFO: Executing TransactionTrackerOperations.select_customer()
2018-12-31 12:27:13,720 INFO: Executing TransactionTrackerOperations.select_customer()
2018-12-31 12:27:25,651 INFO: Executing TransactionTrackerOperations.get_CM_parcels()
2018-12-31 12:27:32,524 INFO: Executing TransactionTrackerOperations.search_process_for_CMPDM() for: Performance Health|WILMAC DSSI|810
2018-12-31 12:27:32,959 INFO: Executing TransactionTrackerOperations.select_customer()
2018-12-31 12:27:40,063 INFO: Executing TransactionTrackerOperations.select_customer()
2018-12-31 12:27:51,428 INFO: Executing TransactionTrackerOperations.get_CM_parcels()
2018-12-31 12:27:54,544 INFO: NoSuchElementException in TransactionTrackerOperations.get_CM_parcels()
2018-12-31 12:27:59,547 INFO: NoSuchElementException in TransactionTrackerOperations.get_CM_parcels()
2018-12-31 12:28:04,591 INFO: NoSuchElementException in TransactionTrackerOperations.get_CM_parcels()
2018-12-31 12:28:09,489 INFO: NoSuchElementException in TransactionTrackerOperations.get_CM_parcels()
2018-12-31 12:28:12,876 INFO: NoSuchElementException in TransactionTrackerOperations.get_CM_parcels()
2018-12-31 12:28:20,346 INFO: Executing TransactionTrackerOperations.search_process_for_CMPDM() for: Performance Health|Senior Care Centers LLC|810
2018-12-31 12:28:20,702 INFO: Executing TransactionTrackerOperations.select_customer()
2018-12-31 12:28:27,667 INFO: Executing TransactionTrackerOperations.select_customer()
2018-12-31 12:28:39,543 INFO: Executing TransactionTrackerOperations.get_CM_parcels()
2018-12-31 12:28:45,680 INFO: Executing TransactionTrackerOperations.search_process_for_CMPDM() for: Performance Health|AMERICAN SENIOR COMMUNITIES DSSI|810
2018-12-31 12:28:46,931 INFO: Executing TransactionTrackerOperations.select_customer()
2018-12-31 12:28:53,913 INFO: Executing TransactionTrackerOperations.select_customer()
2018-12-31 12:29:06,244 INFO: Executing TransactionTrackerOperations.get_CM_parcels()
2018-12-31 12:29:14,002 INFO: Executing TransactionTrackerOperations.search_process_for_CMPDM() for: Performance Health|BaneCare Management DSSI|810
2018-12-31 12:29:14,261 INFO: Executing TransactionTrackerOperations.select_customer()
2018-12-31 12:29:21,302 INFO: Executing TransactionTrackerOperations.select_customer()
2018-12-31 12:29:33,011 INFO: Executing TransactionTrackerOperations.get_CM_parcels()
2018-12-31 12:29:38,920 INFO: Executing TransactionTrackerOperations.search_process_for_CMPDM() for: Performance Health|DSSI Next Step Healthcare|810
2018-12-31 12:29:40,233 INFO: Executing TransactionTrackerOperations.select_customer()
2018-12-31 12:29:47,283 INFO: Executing TransactionTrackerOperations.select_customer()
2018-12-31 12:29:59,335 INFO: Executing TransactionTrackerOperations.get_CM_parcels()
2018-12-31 12:30:06,359 INFO: Executing TransactionTrackerOperations.search_process_for_CMPDM() for: Performance Health|Regency Pacific DSSI|810
2018-12-31 12:30:06,605 INFO: Executing TransactionTrackerOperations.select_customer()
2018-12-31 12:30:13,584 INFO: Executing TransactionTrackerOperations.select_customer()
2018-12-31 12:30:25,386 INFO: Executing TransactionTrackerOperations.get_CM_parcels()
2018-12-31 12:30:25,724 INFO: NoSuchElementException in TransactionTrackerOperations.get_CM_parcels()
2018-12-31 12:30:34,222 INFO: Executing TransactionTrackerOperations.search_process_for_CMPDM() for: Performance Health|ADVANTAGE HPSI DSSI|810
2018-12-31 12:30:34,405 INFO: Executing TransactionTrackerOperations.select_customer()
2018-12-31 12:30:41,408 INFO: Executing TransactionTrackerOperations.select_customer()
2018-12-31 12:30:53,210 INFO: Executing TransactionTrackerOperations.get_CM_parcels()
2018-12-31 12:30:56,490 INFO: NoSuchElementException in TransactionTrackerOperations.get_CM_parcels()
2018-12-31 12:31:01,476 INFO: NoSuchElementException in TransactionTrackerOperations.get_CM_parcels()
2018-12-31 12:31:06,544 INFO: NoSuchElementException in TransactionTrackerOperations.get_CM_parcels()
2018-12-31 12:31:11,084 INFO: NoSuchElementException in TransactionTrackerOperations.get_CM_parcels()
2018-12-31 12:31:20,238 INFO: Executing TransactionTrackerOperations.search_process_for_CMPDM() for: Performance Health|ADVANTAGE NAVIGATOR DSSI|810
2018-12-31 12:31:20,363 INFO: Executing TransactionTrackerOperations.select_customer()
2018-12-31 12:31:27,317 INFO: Executing TransactionTrackerOperations.select_customer()
2018-12-31 12:31:39,259 INFO: Executing TransactionTrackerOperations.get_CM_parcels()
2018-12-31 12:31:46,992 INFO: Executing TransactionTrackerOperations.search_process_for_CMPDM() for: Performance Health|American Health Companies|810
2018-12-31 12:31:47,147 INFO: Executing TransactionTrackerOperations.select_customer()
2018-12-31 12:31:54,103 INFO: Executing TransactionTrackerOperations.select_customer()
2018-12-31 12:32:05,826 INFO: Executing TransactionTrackerOperations.get_CM_parcels()
2018-12-31 12:32:12,815 INFO: Executing TransactionTrackerOperations.search_process_for_CMPDM() for: Performance Health|APEX|810
2018-12-31 12:32:12,949 INFO: Executing TransactionTrackerOperations.select_customer()
2018-12-31 12:32:19,909 INFO: Executing TransactionTrackerOperations.select_customer()
2018-12-31 12:32:31,330 INFO: Executing TransactionTrackerOperations.get_CM_parcels()
2018-12-31 12:32:37,469 INFO: Executing TransactionTrackerOperations.search_process_for_CMPDM() for: Performance Health|APEX HEALTHCARE FLORIDA DSSI|810
2018-12-31 12:32:38,685 INFO: Executing TransactionTrackerOperations.select_customer()
2018-12-31 12:32:45,654 INFO: Executing TransactionTrackerOperations.select_customer()
2018-12-31 12:32:57,810 INFO: Executing TransactionTrackerOperations.get_CM_parcels()
2018-12-31 12:33:01,096 INFO: NoSuchElementException in TransactionTrackerOperations.get_CM_parcels()
2018-12-31 12:33:06,170 INFO: NoSuchElementException in TransactionTrackerOperations.get_CM_parcels()
2018-12-31 12:33:11,384 INFO: NoSuchElementException in TransactionTrackerOperations.get_CM_parcels()
2018-12-31 12:33:16,257 INFO: NoSuchElementException in TransactionTrackerOperations.get_CM_parcels()
2018-12-31 12:33:21,165 INFO: NoSuchElementException in TransactionTrackerOperations.get_CM_parcels()
2018-12-31 12:33:26,193 INFO: NoSuchElementException in TransactionTrackerOperations.get_CM_parcels()
2018-12-31 12:33:31,104 INFO: NoSuchElementException in TransactionTrackerOperations.get_CM_parcels()
2018-12-31 12:33:36,039 INFO: NoSuchElementException in TransactionTrackerOperations.get_CM_parcels()
2018-12-31 12:33:40,968 INFO: NoSuchElementException in TransactionTrackerOperations.get_CM_parcels()
2018-12-31 12:33:45,916 INFO: NoSuchElementException in TransactionTrackerOperations.get_CM_parcels()
2018-12-31 12:33:50,861 INFO: NoSuchElementException in TransactionTrackerOperations.get_CM_parcels()
2018-12-31 12:33:55,794 INFO: NoSuchElementException in TransactionTrackerOperations.get_CM_parcels()
2018-12-31 12:34:00,810 INFO: NoSuchElementException in TransactionTrackerOperations.get_CM_parcels()
2018-12-31 12:34:05,845 INFO: NoSuchElementException in TransactionTrackerOperations.get_CM_parcels()
2018-12-31 12:34:10,973 INFO: NoSuchElementException in TransactionTrackerOperations.get_CM_parcels()
2018-12-31 12:34:15,733 INFO: NoSuchElementException in TransactionTrackerOperations.get_CM_parcels()
2018-12-31 12:34:23,821 INFO: Executing TransactionTrackerOperations.search_process_for_CMPDM() for: Performance Health|ATRIUM LIVING CENTERS DSSI|810
2018-12-31 12:34:24,098 INFO: Executing TransactionTrackerOperations.select_customer()
2018-12-31 12:34:31,076 INFO: Executing TransactionTrackerOperations.select_customer()
2018-12-31 12:34:43,221 INFO: Executing TransactionTrackerOperations.get_CM_parcels()
2018-12-31 12:34:46,370 INFO: NoSuchElementException in TransactionTrackerOperations.get_CM_parcels()
2018-12-31 12:34:51,338 INFO: NoSuchElementException in TransactionTrackerOperations.get_CM_parcels()
2018-12-31 12:34:56,263 INFO: NoSuchElementException in TransactionTrackerOperations.get_CM_parcels()
2018-12-31 12:35:01,153 INFO: NoSuchElementException in TransactionTrackerOperations.get_CM_parcels()
2018-12-31 12:35:06,077 INFO: NoSuchElementException in TransactionTrackerOperations.get_CM_parcels()
2018-12-31 12:35:11,071 INFO: NoSuchElementException in TransactionTrackerOperations.get_CM_parcels()
2018-12-31 12:35:15,950 INFO: NoSuchElementException in TransactionTrackerOperations.get_CM_parcels()
2018-12-31 12:35:20,878 INFO: NoSuchElementException in TransactionTrackerOperations.get_CM_parcels()
2018-12-31 12:35:25,892 INFO: NoSuchElementException in TransactionTrackerOperations.get_CM_parcels()
2018-12-31 12:35:30,846 INFO: NoSuchElementException in TransactionTrackerOperations.get_CM_parcels()
2018-12-31 12:35:35,805 INFO: NoSuchElementException in TransactionTrackerOperations.get_CM_parcels()
2018-12-31 12:35:40,752 INFO: NoSuchElementException in TransactionTrackerOperations.get_CM_parcels()
2018-12-31 12:35:45,772 INFO: NoSuchElementException in TransactionTrackerOperations.get_CM_parcels()
2018-12-31 12:35:50,721 INFO: NoSuchElementException in TransactionTrackerOperations.get_CM_parcels()
2018-12-31 12:36:01,050 INFO: Executing TransactionTrackerOperations.search_process_for_CMPDM() for: Performance Health|AXIOM DSSI|810
2018-12-31 12:36:01,690 INFO: Executing TransactionTrackerOperations.select_customer()
2018-12-31 12:36:08,817 INFO: Executing TransactionTrackerOperations.select_customer()
2018-12-31 12:36:20,522 INFO: Executing TransactionTrackerOperations.get_CM_parcels()
2018-12-31 12:36:23,627 INFO: NoSuchElementException in TransactionTrackerOperations.get_CM_parcels()
2018-12-31 12:36:27,689 INFO: NoSuchElementException in TransactionTrackerOperations.get_CM_parcels()
2018-12-31 12:36:36,216 INFO: Executing TransactionTrackerOperations.search_process_for_CMPDM() for: Performance Health|BE GROUP DSSI|810
2018-12-31 12:36:37,231 INFO: Executing TransactionTrackerOperations.select_customer()
2018-12-31 12:36:44,505 INFO: Executing TransactionTrackerOperations.select_customer()
2018-12-31 12:36:56,725 INFO: Executing TransactionTrackerOperations.get_CM_parcels()
2018-12-31 12:37:03,790 INFO: Executing TransactionTrackerOperations.search_process_for_CMPDM() for: Performance Health|BEACON HEALTH DSSI|810
2018-12-31 12:37:04,174 INFO: Executing TransactionTrackerOperations.select_customer()
2018-12-31 12:37:11,230 INFO: Executing TransactionTrackerOperations.select_customer()
2018-12-31 12:37:23,223 INFO: Executing TransactionTrackerOperations.get_CM_parcels()
2018-12-31 12:37:26,404 INFO: NoSuchElementException in TransactionTrackerOperations.get_CM_parcels()
2018-12-31 12:37:31,521 INFO: NoSuchElementException in TransactionTrackerOperations.get_CM_parcels()
2018-12-31 12:37:36,649 INFO: NoSuchElementException in TransactionTrackerOperations.get_CM_parcels()
2018-12-31 12:37:41,604 INFO: NoSuchElementException in TransactionTrackerOperations.get_CM_parcels()
2018-12-31 12:37:46,917 INFO: NoSuchElementException in TransactionTrackerOperations.get_CM_parcels()
2018-12-31 12:37:52,042 INFO: NoSuchElementException in TransactionTrackerOperations.get_CM_parcels()
2018-12-31 12:37:54,803 INFO: NoSuchElementException in TransactionTrackerOperations.get_CM_parcels()
2018-12-31 12:38:03,194 INFO: Executing TransactionTrackerOperations.search_process_for_CMPDM() for: Performance Health|BENEDICTINE DSSI|810
2018-12-31 12:38:03,841 INFO: Executing TransactionTrackerOperations.select_customer()
2018-12-31 12:38:11,446 INFO: Executing TransactionTrackerOperations.select_customer()
2018-12-31 12:38:23,283 INFO: Executing TransactionTrackerOperations.get_CM_parcels()
2018-12-31 12:38:30,008 INFO: Executing TransactionTrackerOperations.search_process_for_CMPDM() for: Performance Health|Bethlen Communities Home Health and Hospice|810
2018-12-31 12:38:31,235 INFO: Executing TransactionTrackerOperations.select_customer()
2018-12-31 12:38:39,091 INFO: Executing TransactionTrackerOperations.select_customer()
2018-12-31 12:38:53,682 INFO: Executing TransactionTrackerOperations.get_CM_parcels()
2018-12-31 12:38:58,427 INFO: NoSuchElementException in TransactionTrackerOperations.get_CM_parcels()
2018-12-31 12:39:03,112 INFO: NoSuchElementException in TransactionTrackerOperations.get_CM_parcels()
2018-12-31 12:39:11,514 INFO: Executing TransactionTrackerOperations.search_process_for_CMPDM() for: Performance Health|BOMBAY LANE DSSI|810
2018-12-31 12:39:12,319 INFO: Executing TransactionTrackerOperations.select_customer()
2018-12-31 12:39:19,439 INFO: Executing TransactionTrackerOperations.select_customer()
2018-12-31 12:39:31,230 INFO: Executing TransactionTrackerOperations.get_CM_parcels()
2018-12-31 12:39:36,059 INFO: NoSuchElementException in TransactionTrackerOperations.get_CM_parcels()
2018-12-31 12:39:42,846 INFO: NoSuchElementException in TransactionTrackerOperations.get_CM_parcels()
2018-12-31 12:39:48,171 INFO: NoSuchElementException in TransactionTrackerOperations.get_CM_parcels()
2018-12-31 12:39:53,621 INFO: NoSuchElementException in TransactionTrackerOperations.get_CM_parcels()
2018-12-31 12:39:59,397 INFO: NoSuchElementException in TransactionTrackerOperations.get_CM_parcels()
2018-12-31 12:40:04,723 INFO: NoSuchElementException in TransactionTrackerOperations.get_CM_parcels()
2018-12-31 12:40:10,171 INFO: NoSuchElementException in TransactionTrackerOperations.get_CM_parcels()
2018-12-31 12:40:16,436 ERROR: Error in CMProductionDataMonitoring.TaskFilter()
