2018-10-09 12:19:29,460 INFO: Executing Script Credit Memo Prodution Data Monitoring
2018-10-09 12:19:38,236 INFO: Login in to Launchpad
2018-10-09 12:19:55,396 INFO: Refreshing access_token
2018-10-09 12:19:59,790 INFO: Executing method 'search_process' from TransactionTrackerOperations
2018-10-09 12:19:59,805 INFO: Executing method 'select_customer' from TransactionTrackerOperations
2018-10-09 12:20:06,821 INFO: Executing method 'select_customer' from TransactionTrackerOperations
2018-10-09 12:20:32,927 INFO: Executing method 'get_parcel' from TransactionTrackerOperations
2018-10-09 12:20:41,809 INFO: Executing method 'search_process' from TransactionTrackerOperations
2018-10-09 12:20:41,822 INFO: Executing method 'select_customer' from TransactionTrackerOperations
2018-10-09 12:20:48,594 INFO: Executing method 'select_customer' from TransactionTrackerOperations
2018-10-09 12:21:10,029 INFO: Executing method 'get_parcel' from TransactionTrackerOperations
2018-10-09 12:21:17,129 INFO: Executing method 'search_process' from TransactionTrackerOperations
2018-10-09 12:21:17,143 INFO: Executing method 'select_customer' from TransactionTrackerOperations
2018-10-09 12:21:23,910 INFO: Executing method 'select_customer' from TransactionTrackerOperations
2018-10-09 12:21:45,453 INFO: Executing method 'get_parcel' from TransactionTrackerOperations
2018-10-09 12:21:53,803 INFO: Executing method 'search_process' from TransactionTrackerOperations
2018-10-09 12:21:53,819 INFO: Executing method 'select_customer' from TransactionTrackerOperations
2018-10-09 12:22:00,584 INFO: Executing method 'select_customer' from TransactionTrackerOperations
2018-10-09 12:22:22,376 INFO: Executing method 'get_parcel' from TransactionTrackerOperations
2018-10-09 12:22:30,577 INFO: Executing method 'search_process' from TransactionTrackerOperations
2018-10-09 12:22:30,592 INFO: Executing method 'select_customer' from TransactionTrackerOperations
2018-10-09 12:22:37,394 INFO: Executing method 'select_customer' from TransactionTrackerOperations
2018-10-09 12:22:58,988 INFO: Executing method 'get_parcel' from TransactionTrackerOperations
2018-10-09 12:23:11,977 INFO: Executing method 'search_process' from TransactionTrackerOperations
2018-10-09 12:23:11,994 INFO: Executing method 'select_customer' from TransactionTrackerOperations
2018-10-09 12:23:18,732 INFO: Executing method 'select_customer' from TransactionTrackerOperations
2018-10-09 12:23:40,454 INFO: Executing method 'get_parcel' from TransactionTrackerOperations
2018-10-09 12:23:47,456 INFO: Executing method 'search_process' from TransactionTrackerOperations
2018-10-09 12:23:47,473 INFO: Executing method 'select_customer' from TransactionTrackerOperations
2018-10-09 12:23:54,234 INFO: Executing method 'select_customer' from TransactionTrackerOperations
2018-10-09 12:24:15,838 INFO: Executing method 'get_parcel' from TransactionTrackerOperations
2018-10-09 12:24:30,693 INFO: Executing method 'search_process' from TransactionTrackerOperations
2018-10-09 12:24:30,710 INFO: Executing method 'select_customer' from TransactionTrackerOperations
2018-10-09 12:24:37,488 INFO: Executing method 'select_customer' from TransactionTrackerOperations
2018-10-09 12:24:59,217 INFO: Executing method 'get_parcel' from TransactionTrackerOperations
2018-10-09 12:25:06,478 INFO: Executing method 'search_process' from TransactionTrackerOperations
2018-10-09 12:25:06,493 INFO: Executing method 'select_customer' from TransactionTrackerOperations
2018-10-09 12:25:13,249 INFO: Executing method 'select_customer' from TransactionTrackerOperations
2018-10-09 12:25:35,274 INFO: Executing method 'get_parcel' from TransactionTrackerOperations
2018-10-09 12:25:42,550 INFO: Executing method 'search_process' from TransactionTrackerOperations
2018-10-09 12:25:42,566 INFO: Executing method 'select_customer' from TransactionTrackerOperations
2018-10-09 12:25:49,366 INFO: Executing method 'select_customer' from TransactionTrackerOperations
2018-10-09 12:26:10,829 INFO: Executing method 'get_parcel' from TransactionTrackerOperations
2018-10-09 12:26:21,905 INFO: Executing method 'search_process' from TransactionTrackerOperations
2018-10-09 12:26:21,920 INFO: Executing method 'select_customer' from TransactionTrackerOperations
2018-10-09 12:26:28,667 INFO: Executing method 'select_customer' from TransactionTrackerOperations
2018-10-09 12:26:50,328 INFO: Executing method 'get_parcel' from TransactionTrackerOperations
2018-10-09 12:27:02,729 INFO: Executing method 'search_process' from TransactionTrackerOperations
2018-10-09 12:27:02,744 INFO: Executing method 'select_customer' from TransactionTrackerOperations
2018-10-09 12:27:09,499 INFO: Executing method 'select_customer' from TransactionTrackerOperations
2018-10-09 12:27:31,060 INFO: Executing method 'get_parcel' from TransactionTrackerOperations
2018-10-09 12:27:38,131 INFO: Executing method 'search_process' from TransactionTrackerOperations
2018-10-09 12:27:38,146 INFO: Executing method 'select_customer' from TransactionTrackerOperations
2018-10-09 12:27:44,918 INFO: Executing method 'select_customer' from TransactionTrackerOperations
2018-10-09 12:28:06,330 INFO: Executing method 'get_parcel' from TransactionTrackerOperations
2018-10-09 12:28:13,464 INFO: Executing method 'search_process' from TransactionTrackerOperations
2018-10-09 12:28:13,479 INFO: Executing method 'select_customer' from TransactionTrackerOperations
2018-10-09 12:28:20,260 INFO: Executing method 'select_customer' from TransactionTrackerOperations
2018-10-09 12:28:41,765 INFO: Executing method 'get_parcel' from TransactionTrackerOperations
2018-10-09 12:29:03,177 INFO: Executing method 'search_process' from TransactionTrackerOperations
2018-10-09 12:29:03,191 INFO: Executing method 'select_customer' from TransactionTrackerOperations
2018-10-09 12:29:09,946 INFO: Executing method 'select_customer' from TransactionTrackerOperations
2018-10-09 12:29:32,119 INFO: Executing method 'get_parcel' from TransactionTrackerOperations
2018-10-09 12:29:39,235 INFO: Executing method 'search_process' from TransactionTrackerOperations
2018-10-09 12:29:39,250 INFO: Executing method 'select_customer' from TransactionTrackerOperations
2018-10-09 12:29:46,016 INFO: Executing method 'select_customer' from TransactionTrackerOperations
2018-10-09 12:30:07,620 INFO: Executing method 'get_parcel' from TransactionTrackerOperations
2018-10-09 12:30:16,329 INFO: Executing method 'search_process' from TransactionTrackerOperations
2018-10-09 12:30:16,345 INFO: Executing method 'select_customer' from TransactionTrackerOperations
2018-10-09 12:30:23,108 INFO: Executing method 'select_customer' from TransactionTrackerOperations
2018-10-09 12:30:44,530 INFO: Executing method 'get_parcel' from TransactionTrackerOperations
2018-10-09 12:30:50,969 INFO: Executing method 'search_process' from TransactionTrackerOperations
2018-10-09 12:30:50,985 INFO: Executing method 'select_customer' from TransactionTrackerOperations
2018-10-09 12:30:57,760 INFO: Executing method 'select_customer' from TransactionTrackerOperations
2018-10-09 12:31:20,034 INFO: Executing method 'get_parcel' from TransactionTrackerOperations
2018-10-09 12:31:27,244 INFO: Executing method 'search_process' from TransactionTrackerOperations
2018-10-09 12:31:27,258 INFO: Executing method 'select_customer' from TransactionTrackerOperations
2018-10-09 12:31:34,101 INFO: Executing method 'select_customer' from TransactionTrackerOperations
2018-10-09 12:31:56,561 INFO: Executing method 'get_parcel' from TransactionTrackerOperations
2018-10-09 12:32:06,142 INFO: Executing method 'search_process' from TransactionTrackerOperations
2018-10-09 12:32:06,202 INFO: Executing method 'select_customer' from TransactionTrackerOperations
2018-10-09 12:32:13,033 INFO: Executing method 'select_customer' from TransactionTrackerOperations
2018-10-09 12:32:34,990 INFO: Executing method 'get_parcel' from TransactionTrackerOperations
2018-10-09 12:32:43,578 INFO: Executing method 'search_process' from TransactionTrackerOperations
2018-10-09 12:32:43,591 INFO: Executing method 'select_customer' from TransactionTrackerOperations
2018-10-09 12:32:52,030 INFO: Executing method 'select_customer' from TransactionTrackerOperations
2018-10-09 12:33:14,180 INFO: Executing method 'get_parcel' from TransactionTrackerOperations
2018-10-09 12:33:21,332 INFO: Executing method 'search_process' from TransactionTrackerOperations
2018-10-09 12:33:21,347 INFO: Executing method 'select_customer' from TransactionTrackerOperations
2018-10-09 12:33:28,387 INFO: Executing method 'select_customer' from TransactionTrackerOperations
2018-10-09 12:33:50,411 INFO: Executing method 'get_parcel' from TransactionTrackerOperations
2018-10-09 12:33:59,425 INFO: Executing method 'search_process' from TransactionTrackerOperations
2018-10-09 12:33:59,441 INFO: Executing method 'select_customer' from TransactionTrackerOperations
2018-10-09 12:34:06,380 INFO: Executing method 'select_customer' from TransactionTrackerOperations
2018-10-09 12:34:28,233 INFO: Executing method 'get_parcel' from TransactionTrackerOperations
2018-10-09 12:34:36,848 INFO: Executing method 'search_process' from TransactionTrackerOperations
2018-10-09 12:34:36,863 INFO: Executing method 'select_customer' from TransactionTrackerOperations
2018-10-09 12:34:43,615 INFO: Executing method 'select_customer' from TransactionTrackerOperations
2018-10-09 12:35:06,181 INFO: Executing method 'get_parcel' from TransactionTrackerOperations
2018-10-09 12:35:13,082 INFO: Executing method 'search_process' from TransactionTrackerOperations
2018-10-09 12:35:13,102 INFO: Executing method 'select_customer' from TransactionTrackerOperations
2018-10-09 12:35:20,091 INFO: Executing method 'select_customer' from TransactionTrackerOperations
2018-10-09 12:35:43,007 INFO: Executing method 'get_parcel' from TransactionTrackerOperations
2018-10-09 12:35:53,788 INFO: Executing method 'search_process' from TransactionTrackerOperations
2018-10-09 12:35:53,806 INFO: Executing method 'select_customer' from TransactionTrackerOperations
2018-10-09 12:36:00,686 INFO: Executing method 'select_customer' from TransactionTrackerOperations
2018-10-09 12:36:22,123 INFO: Executing method 'get_parcel' from TransactionTrackerOperations
2018-10-09 12:36:40,910 INFO: Executing method 'search_process' from TransactionTrackerOperations
2018-10-09 12:36:40,925 INFO: Executing method 'select_customer' from TransactionTrackerOperations
2018-10-09 12:36:47,808 INFO: Executing method 'select_customer' from TransactionTrackerOperations
2018-10-09 12:37:13,102 INFO: Executing method 'get_parcel' from TransactionTrackerOperations
2018-10-09 12:37:21,780 INFO: Executing method 'search_process' from TransactionTrackerOperations
2018-10-09 12:37:21,793 INFO: Executing method 'select_customer' from TransactionTrackerOperations
2018-10-09 12:37:28,641 INFO: Executing method 'select_customer' from TransactionTrackerOperations
2018-10-09 12:37:50,601 INFO: Executing method 'get_parcel' from TransactionTrackerOperations
2018-10-09 12:38:06,467 INFO: Executing method 'search_process' from TransactionTrackerOperations
2018-10-09 12:38:06,481 INFO: Executing method 'select_customer' from TransactionTrackerOperations
2018-10-09 12:38:13,316 INFO: Executing method 'select_customer' from TransactionTrackerOperations
2018-10-09 12:38:35,005 INFO: Executing method 'get_parcel' from TransactionTrackerOperations
2018-10-09 12:38:42,931 INFO: Executing method 'search_process' from TransactionTrackerOperations
2018-10-09 12:38:42,944 INFO: Executing method 'select_customer' from TransactionTrackerOperations
2018-10-09 12:38:49,783 INFO: Executing method 'select_customer' from TransactionTrackerOperations
2018-10-09 12:39:11,232 INFO: Executing method 'get_parcel' from TransactionTrackerOperations
2018-10-09 12:39:34,793 INFO: Executing method 'search_process' from TransactionTrackerOperations
2018-10-09 12:39:34,807 INFO: Executing method 'select_customer' from TransactionTrackerOperations
2018-10-09 12:39:41,559 INFO: Executing method 'select_customer' from TransactionTrackerOperations
2018-10-09 12:40:03,137 INFO: Executing method 'get_parcel' from TransactionTrackerOperations
2018-10-09 12:40:10,831 INFO: Executing method 'search_process' from TransactionTrackerOperations
2018-10-09 12:40:10,844 INFO: Executing method 'select_customer' from TransactionTrackerOperations
2018-10-09 12:40:17,627 INFO: Executing method 'select_customer' from TransactionTrackerOperations
2018-10-09 12:40:39,122 INFO: Executing method 'get_parcel' from TransactionTrackerOperations
2018-10-09 12:40:47,281 INFO: Executing method 'search_process' from TransactionTrackerOperations
2018-10-09 12:40:47,296 INFO: Executing method 'select_customer' from TransactionTrackerOperations
2018-10-09 12:40:54,076 INFO: Executing method 'select_customer' from TransactionTrackerOperations
2018-10-09 12:41:15,450 INFO: Executing method 'get_parcel' from TransactionTrackerOperations
2018-10-09 12:41:26,284 INFO: Executing method 'search_process' from TransactionTrackerOperations
2018-10-09 12:41:26,297 INFO: Executing method 'select_customer' from TransactionTrackerOperations
2018-10-09 12:41:33,049 INFO: Executing method 'select_customer' from TransactionTrackerOperations
2018-10-09 12:41:54,363 INFO: Executing method 'get_parcel' from TransactionTrackerOperations
2018-10-09 12:42:05,131 INFO: Executing method 'search_process' from TransactionTrackerOperations
2018-10-09 12:42:05,144 INFO: Executing method 'select_customer' from TransactionTrackerOperations
2018-10-09 12:42:11,876 INFO: Executing method 'select_customer' from TransactionTrackerOperations
2018-10-09 12:42:33,384 INFO: Executing method 'get_parcel' from TransactionTrackerOperations
2018-10-09 12:42:42,547 INFO: Executing method 'search_process' from TransactionTrackerOperations
2018-10-09 12:42:42,563 INFO: Executing method 'select_customer' from TransactionTrackerOperations
2018-10-09 12:42:49,344 INFO: Executing method 'select_customer' from TransactionTrackerOperations
2018-10-09 12:43:10,920 INFO: Executing method 'get_parcel' from TransactionTrackerOperations
2018-10-09 12:43:23,743 INFO: Executing method 'search_process' from TransactionTrackerOperations
2018-10-09 12:43:23,757 INFO: Executing method 'select_customer' from TransactionTrackerOperations
2018-10-09 12:43:30,536 INFO: Executing method 'select_customer' from TransactionTrackerOperations
2018-10-09 12:43:51,707 INFO: Executing method 'get_parcel' from TransactionTrackerOperations
2018-10-09 12:44:13,654 INFO: Executing method 'search_process' from TransactionTrackerOperations
2018-10-09 12:44:13,669 INFO: Executing method 'select_customer' from TransactionTrackerOperations
2018-10-09 12:44:20,449 INFO: Executing method 'select_customer' from TransactionTrackerOperations
2018-10-09 12:44:41,800 INFO: Executing method 'get_parcel' from TransactionTrackerOperations
2018-10-09 12:44:50,437 INFO: Executing method 'search_process' from TransactionTrackerOperations
2018-10-09 12:44:50,452 INFO: Executing method 'select_customer' from TransactionTrackerOperations
2018-10-09 12:44:57,261 INFO: Executing method 'select_customer' from TransactionTrackerOperations
2018-10-09 12:45:18,673 INFO: Executing method 'get_parcel' from TransactionTrackerOperations
2018-10-09 12:45:27,146 INFO: Executing method 'search_process' from TransactionTrackerOperations
2018-10-09 12:45:27,162 INFO: Executing method 'select_customer' from TransactionTrackerOperations
2018-10-09 12:45:34,089 INFO: Executing method 'select_customer' from TransactionTrackerOperations
2018-10-09 12:45:56,365 INFO: Executing method 'get_parcel' from TransactionTrackerOperations
2018-10-09 12:46:03,382 INFO: Executing method 'search_process' from TransactionTrackerOperations
2018-10-09 12:46:03,397 INFO: Executing method 'select_customer' from TransactionTrackerOperations
2018-10-09 12:46:10,197 INFO: Executing method 'select_customer' from TransactionTrackerOperations
2018-10-09 12:46:32,075 INFO: Executing method 'get_parcel' from TransactionTrackerOperations
2018-10-09 12:46:52,063 INFO: Executing method 'search_process' from TransactionTrackerOperations
2018-10-09 12:46:52,079 INFO: Executing method 'select_customer' from TransactionTrackerOperations
2018-10-09 12:46:59,252 INFO: Executing method 'select_customer' from TransactionTrackerOperations
2018-10-09 12:47:21,625 INFO: Executing method 'get_parcel' from TransactionTrackerOperations
2018-10-09 12:47:32,327 INFO: Executing method 'search_process' from TransactionTrackerOperations
2018-10-09 12:47:32,341 INFO: Executing method 'select_customer' from TransactionTrackerOperations
2018-10-09 12:47:39,144 INFO: Executing method 'select_customer' from TransactionTrackerOperations
2018-10-09 12:48:00,826 INFO: Executing method 'get_parcel' from TransactionTrackerOperations
2018-10-09 12:48:09,383 INFO: Executing method 'search_process' from TransactionTrackerOperations
2018-10-09 12:48:09,396 INFO: Executing method 'select_customer' from TransactionTrackerOperations
2018-10-09 12:48:16,106 INFO: Executing method 'select_customer' from TransactionTrackerOperations
2018-10-09 12:48:37,508 INFO: Executing method 'get_parcel' from TransactionTrackerOperations
2018-10-09 12:48:47,438 INFO: Executing method 'search_process' from TransactionTrackerOperations
2018-10-09 12:48:47,455 INFO: Executing method 'select_customer' from TransactionTrackerOperations
2018-10-09 12:48:54,214 INFO: Executing method 'select_customer' from TransactionTrackerOperations
2018-10-09 12:49:15,657 INFO: Executing method 'get_parcel' from TransactionTrackerOperations
2018-10-09 12:49:22,730 INFO: Executing method 'search_process' from TransactionTrackerOperations
2018-10-09 12:49:22,745 INFO: Executing method 'select_customer' from TransactionTrackerOperations
2018-10-09 12:49:29,563 INFO: Executing method 'select_customer' from TransactionTrackerOperations
2018-10-09 12:49:51,221 INFO: Executing method 'get_parcel' from TransactionTrackerOperations
2018-10-09 12:50:03,471 INFO: Executing method 'search_process' from TransactionTrackerOperations
2018-10-09 12:50:03,486 INFO: Executing method 'select_customer' from TransactionTrackerOperations
2018-10-09 12:50:10,239 INFO: Executing method 'select_customer' from TransactionTrackerOperations
2018-10-09 12:50:31,835 INFO: Executing method 'get_parcel' from TransactionTrackerOperations
2018-10-09 12:50:40,751 INFO: Executing method 'search_process' from TransactionTrackerOperations
2018-10-09 12:50:40,766 INFO: Executing method 'select_customer' from TransactionTrackerOperations
2018-10-09 12:50:47,542 INFO: Executing method 'select_customer' from TransactionTrackerOperations
2018-10-09 12:51:09,021 INFO: Executing method 'get_parcel' from TransactionTrackerOperations
2018-10-09 12:51:31,354 INFO: Executing method 'search_process' from TransactionTrackerOperations
2018-10-09 12:51:31,369 INFO: Executing method 'select_customer' from TransactionTrackerOperations
2018-10-09 12:51:38,160 INFO: Executing method 'select_customer' from TransactionTrackerOperations
2018-10-09 12:51:59,973 INFO: Executing method 'get_parcel' from TransactionTrackerOperations
2018-10-09 12:52:11,041 INFO: Executing method 'search_process' from TransactionTrackerOperations
2018-10-09 12:52:11,057 INFO: Executing method 'select_customer' from TransactionTrackerOperations
2018-10-09 12:52:17,830 INFO: Executing method 'select_customer' from TransactionTrackerOperations
2018-10-09 12:52:39,401 INFO: Executing method 'get_parcel' from TransactionTrackerOperations
2018-10-09 12:52:48,536 INFO: Executing method 'search_process' from TransactionTrackerOperations
2018-10-09 12:52:48,552 INFO: Executing method 'select_customer' from TransactionTrackerOperations
2018-10-09 12:52:55,330 INFO: Executing method 'select_customer' from TransactionTrackerOperations
2018-10-09 12:53:17,157 INFO: Executing method 'get_parcel' from TransactionTrackerOperations
2018-10-09 12:53:32,027 INFO: Executing method 'search_process' from TransactionTrackerOperations
2018-10-09 12:53:32,043 INFO: Executing method 'select_customer' from TransactionTrackerOperations
2018-10-09 12:53:38,872 INFO: Executing method 'select_customer' from TransactionTrackerOperations
2018-10-09 12:54:00,911 INFO: Executing method 'get_parcel' from TransactionTrackerOperations
2018-10-09 12:54:07,833 INFO: Executing method 'search_process' from TransactionTrackerOperations
2018-10-09 12:54:07,846 INFO: Executing method 'select_customer' from TransactionTrackerOperations
2018-10-09 12:54:14,583 INFO: Executing method 'select_customer' from TransactionTrackerOperations
2018-10-09 12:54:36,132 INFO: Executing method 'get_parcel' from TransactionTrackerOperations
2018-10-09 12:54:43,087 INFO: Executing method 'search_process' from TransactionTrackerOperations
2018-10-09 12:54:43,102 INFO: Executing method 'select_customer' from TransactionTrackerOperations
2018-10-09 12:54:49,898 INFO: Executing method 'select_customer' from TransactionTrackerOperations
2018-10-09 12:55:11,834 INFO: Executing method 'get_parcel' from TransactionTrackerOperations
2018-10-09 12:55:28,912 INFO: Executing method 'search_process' from TransactionTrackerOperations
2018-10-09 12:55:28,928 INFO: Executing method 'select_customer' from TransactionTrackerOperations
2018-10-09 12:55:35,741 INFO: Executing method 'select_customer' from TransactionTrackerOperations
2018-10-09 12:55:57,403 INFO: Executing method 'get_parcel' from TransactionTrackerOperations
2018-10-09 12:56:08,703 INFO: Executing method 'search_process' from TransactionTrackerOperations
2018-10-09 12:56:08,720 INFO: Executing method 'select_customer' from TransactionTrackerOperations
2018-10-09 12:56:15,589 INFO: Executing method 'select_customer' from TransactionTrackerOperations
2018-10-09 12:56:37,635 INFO: Executing method 'get_parcel' from TransactionTrackerOperations
2018-10-09 12:56:59,719 INFO: Executing method 'search_process' from TransactionTrackerOperations
2018-10-09 12:56:59,733 INFO: Executing method 'select_customer' from TransactionTrackerOperations
2018-10-09 12:57:06,531 INFO: Executing method 'select_customer' from TransactionTrackerOperations
2018-10-09 12:57:28,170 INFO: Executing method 'get_parcel' from TransactionTrackerOperations
2018-10-09 12:57:52,749 INFO: Executing method 'search_process' from TransactionTrackerOperations
2018-10-09 12:57:52,764 INFO: Executing method 'select_customer' from TransactionTrackerOperations
2018-10-09 12:57:59,669 INFO: Executing method 'select_customer' from TransactionTrackerOperations
2018-10-09 12:58:20,879 INFO: Executing method 'get_parcel' from TransactionTrackerOperations
2018-10-09 12:58:29,435 INFO: Executing method 'search_process' from TransactionTrackerOperations
2018-10-09 12:58:29,448 INFO: Executing method 'select_customer' from TransactionTrackerOperations
2018-10-09 12:58:36,180 INFO: Executing method 'select_customer' from TransactionTrackerOperations
2018-10-09 12:58:57,391 INFO: Executing method 'get_parcel' from TransactionTrackerOperations
2018-10-09 12:59:19,183 INFO: Executing method 'search_process' from TransactionTrackerOperations
2018-10-09 12:59:19,197 INFO: Executing method 'select_customer' from TransactionTrackerOperations
2018-10-09 12:59:25,976 INFO: Executing method 'select_customer' from TransactionTrackerOperations
2018-10-09 12:59:47,797 INFO: Executing method 'get_parcel' from TransactionTrackerOperations
2018-10-09 13:00:10,691 INFO: Executing method 'search_process' from TransactionTrackerOperations
2018-10-09 13:00:10,707 INFO: Executing method 'select_customer' from TransactionTrackerOperations
2018-10-09 13:00:17,483 INFO: Executing method 'select_customer' from TransactionTrackerOperations
2018-10-09 13:00:44,189 INFO: Executing method 'get_parcel' from TransactionTrackerOperations
2018-10-09 13:00:50,750 INFO: Executing method 'search_process' from TransactionTrackerOperations
2018-10-09 13:00:50,766 INFO: Executing method 'select_customer' from TransactionTrackerOperations
2018-10-09 13:01:02,720 INFO: Executing method 'select_customer' from TransactionTrackerOperations
2018-10-09 13:01:34,380 INFO: Executing method 'get_parcel' from TransactionTrackerOperations
2018-10-09 13:01:55,216 INFO: Executing method 'search_process' from TransactionTrackerOperations
2018-10-09 13:01:55,232 INFO: Executing method 'select_customer' from TransactionTrackerOperations
2018-10-09 13:02:07,043 INFO: Executing method 'select_customer' from TransactionTrackerOperations
2018-10-09 13:02:38,576 INFO: Executing method 'get_parcel' from TransactionTrackerOperations
2018-10-09 13:02:54,960 INFO: Executing method 'search_process' from TransactionTrackerOperations
2018-10-09 13:02:54,976 INFO: Executing method 'select_customer' from TransactionTrackerOperations
2018-10-09 13:03:06,876 INFO: Executing method 'select_customer' from TransactionTrackerOperations
2018-10-09 13:03:38,381 INFO: Executing method 'get_parcel' from TransactionTrackerOperations
