2018-12-05 14:41:58,626 INFO: Executing Script Credit Memo Prodution Data Monitoring
2018-12-05 14:41:59,183 INFO: Executing CMProductionDataMonitoring.execute_main()
2018-12-05 14:42:33,620 INFO: Login in to Launchpad
2018-12-05 14:42:56,421 INFO: Executing CMProductionDataMonitoring.TaskFilter()
2018-12-05 14:42:56,850 INFO: Refreshing access_token
2018-12-05 14:43:07,534 INFO: select InProgress task from input sheet from CMProductionDataMonitoring.TaskFilter()
2018-12-05 14:43:07,535 INFO: Executing TransactionTrackerOperations.search_process_for_CMPDM() for: Performance Health|McKesson BASCOM PALMER EYE INST|810
2018-12-05 14:43:07,695 INFO: Executing TransactionTrackerOperations.select_customer()
2018-12-05 14:43:15,033 INFO: Executing TransactionTrackerOperations.select_customer()
2018-12-05 14:43:27,721 INFO: Executing TransactionTrackerOperations.get_CM_parcels()
2018-12-05 14:43:34,925 INFO: Executing TransactionTrackerOperations.search_process_for_CMPDM() for: Performance Health|McKesson CABELL HUNTINGTON HOSPITAL|810
2018-12-05 14:43:35,223 INFO: Executing TransactionTrackerOperations.select_customer()
2018-12-05 14:43:42,257 INFO: Executing TransactionTrackerOperations.select_customer()
2018-12-05 14:43:54,003 INFO: Executing TransactionTrackerOperations.get_CM_parcels()
2018-12-05 14:43:56,992 INFO: NoSuchElementException in TransactionTrackerOperations.get_CM_parcels()
2018-12-05 14:44:02,066 INFO: NoSuchElementException in TransactionTrackerOperations.get_CM_parcels()
2018-12-05 14:44:09,956 INFO: Executing TransactionTrackerOperations.search_process_for_CMPDM() for: Performance Health|McKesson CHILDRENS HOSPITAL|810
2018-12-05 14:44:10,634 INFO: Executing TransactionTrackerOperations.select_customer()
2018-12-05 14:44:17,496 INFO: Executing TransactionTrackerOperations.select_customer()
2018-12-05 14:44:28,789 INFO: Executing TransactionTrackerOperations.get_CM_parcels()
2018-12-05 14:44:31,607 INFO: NoSuchElementException in TransactionTrackerOperations.get_CM_parcels()
2018-12-05 14:44:36,119 INFO: NoSuchElementException in TransactionTrackerOperations.get_CM_parcels()
2018-12-05 14:44:38,932 INFO: NoSuchElementException in TransactionTrackerOperations.get_CM_parcels()
2018-12-05 14:44:45,838 INFO: Executing TransactionTrackerOperations.search_process_for_CMPDM() for: Performance Health|McKesson CHRISTIANA CARE HEALTH|810
2018-12-05 14:44:46,157 INFO: Executing TransactionTrackerOperations.select_customer()
2018-12-05 14:44:53,090 INFO: Executing TransactionTrackerOperations.select_customer()
2018-12-05 14:45:04,541 INFO: Executing TransactionTrackerOperations.get_CM_parcels()
2018-12-05 14:45:07,187 INFO: NoSuchElementException in TransactionTrackerOperations.get_CM_parcels()
2018-12-05 14:45:11,709 INFO: NoSuchElementException in TransactionTrackerOperations.get_CM_parcels()
2018-12-05 14:45:16,111 INFO: NoSuchElementException in TransactionTrackerOperations.get_CM_parcels()
2018-12-05 14:45:20,561 INFO: NoSuchElementException in TransactionTrackerOperations.get_CM_parcels()
2018-12-05 14:45:24,977 INFO: NoSuchElementException in TransactionTrackerOperations.get_CM_parcels()
2018-12-05 14:45:29,428 INFO: NoSuchElementException in TransactionTrackerOperations.get_CM_parcels()
2018-12-05 14:45:33,943 INFO: NoSuchElementException in TransactionTrackerOperations.get_CM_parcels()
2018-12-05 14:45:38,397 INFO: NoSuchElementException in TransactionTrackerOperations.get_CM_parcels()
2018-12-05 14:45:42,985 INFO: NoSuchElementException in TransactionTrackerOperations.get_CM_parcels()
2018-12-05 14:45:47,466 INFO: NoSuchElementException in TransactionTrackerOperations.get_CM_parcels()
2018-12-05 14:45:52,022 INFO: NoSuchElementException in TransactionTrackerOperations.get_CM_parcels()
2018-12-05 14:45:54,651 INFO: NoSuchElementException in TransactionTrackerOperations.get_CM_parcels()
2018-12-05 14:46:02,289 INFO: Executing TransactionTrackerOperations.search_process_for_CMPDM() for: Performance Health|McKesson EMH REGIONAL HEALTHCARE SYSTEMS|810
2018-12-05 14:46:02,430 INFO: Executing TransactionTrackerOperations.select_customer()
2018-12-05 14:46:09,241 INFO: Executing TransactionTrackerOperations.select_customer()
2018-12-05 14:46:20,755 INFO: Executing TransactionTrackerOperations.get_CM_parcels()
2018-12-05 14:46:27,070 INFO: Executing TransactionTrackerOperations.search_process_for_CMPDM() for: Performance Health|McKesson EMORY HEALTHCARE|810
2018-12-05 14:46:27,751 INFO: Executing TransactionTrackerOperations.select_customer()
2018-12-05 14:46:34,554 INFO: Executing TransactionTrackerOperations.select_customer()
2018-12-05 14:46:46,114 INFO: Executing TransactionTrackerOperations.get_CM_parcels()
2018-12-05 14:46:48,857 INFO: NoSuchElementException in TransactionTrackerOperations.get_CM_parcels()
2018-12-05 14:46:53,394 INFO: NoSuchElementException in TransactionTrackerOperations.get_CM_parcels()
2018-12-05 14:46:57,834 INFO: NoSuchElementException in TransactionTrackerOperations.get_CM_parcels()
2018-12-05 14:47:02,355 INFO: NoSuchElementException in TransactionTrackerOperations.get_CM_parcels()
2018-12-05 14:47:06,798 INFO: NoSuchElementException in TransactionTrackerOperations.get_CM_parcels()
2018-12-05 14:47:11,401 INFO: NoSuchElementException in TransactionTrackerOperations.get_CM_parcels()
2018-12-05 14:47:15,837 INFO: NoSuchElementException in TransactionTrackerOperations.get_CM_parcels()
2018-12-05 14:47:20,332 INFO: NoSuchElementException in TransactionTrackerOperations.get_CM_parcels()
2018-12-05 14:47:25,088 INFO: NoSuchElementException in TransactionTrackerOperations.get_CM_parcels()
2018-12-05 14:47:29,740 INFO: NoSuchElementException in TransactionTrackerOperations.get_CM_parcels()
2018-12-05 14:47:34,238 INFO: NoSuchElementException in TransactionTrackerOperations.get_CM_parcels()
2018-12-05 14:47:38,726 INFO: NoSuchElementException in TransactionTrackerOperations.get_CM_parcels()
2018-12-05 14:47:43,238 INFO: NoSuchElementException in TransactionTrackerOperations.get_CM_parcels()
2018-12-05 14:47:47,943 INFO: NoSuchElementException in TransactionTrackerOperations.get_CM_parcels()
2018-12-05 14:47:52,506 INFO: NoSuchElementException in TransactionTrackerOperations.get_CM_parcels()
2018-12-05 14:47:57,046 INFO: NoSuchElementException in TransactionTrackerOperations.get_CM_parcels()
2018-12-05 14:48:01,618 INFO: NoSuchElementException in TransactionTrackerOperations.get_CM_parcels()
2018-12-05 14:48:06,229 INFO: NoSuchElementException in TransactionTrackerOperations.get_CM_parcels()
2018-12-05 14:48:10,953 INFO: NoSuchElementException in TransactionTrackerOperations.get_CM_parcels()
2018-12-05 14:48:20,497 INFO: Executing TransactionTrackerOperations.search_process_for_CMPDM() for: Performance Health|McKesson FIRELANDS REGIONAL MEDICAL CENTER|810
2018-12-05 14:48:20,519 INFO: Executing TransactionTrackerOperations.select_customer()
2018-12-05 14:48:27,298 INFO: Executing TransactionTrackerOperations.select_customer()
2018-12-05 14:48:39,248 INFO: Executing TransactionTrackerOperations.get_CM_parcels()
2018-12-05 14:48:44,953 INFO: Executing TransactionTrackerOperations.search_process_for_CMPDM() for: Performance Health|McKesson FIRSTHEALTH CAROLINAS|810
2018-12-05 14:48:45,588 INFO: Executing TransactionTrackerOperations.select_customer()
2018-12-05 14:48:52,405 INFO: Executing TransactionTrackerOperations.select_customer()
2018-12-05 14:49:03,856 INFO: Executing TransactionTrackerOperations.get_CM_parcels()
2018-12-05 14:49:10,182 INFO: Executing TransactionTrackerOperations.search_process_for_CMPDM() for: Performance Health|McKesson FRANCISCAN ALLIANCE INC|810
2018-12-05 14:49:10,460 INFO: Executing TransactionTrackerOperations.select_customer()
2018-12-05 14:49:17,336 INFO: Executing TransactionTrackerOperations.select_customer()
2018-12-05 14:49:29,033 INFO: Executing TransactionTrackerOperations.get_CM_parcels()
2018-12-05 14:49:31,880 INFO: NoSuchElementException in TransactionTrackerOperations.get_CM_parcels()
2018-12-05 14:49:36,459 INFO: NoSuchElementException in TransactionTrackerOperations.get_CM_parcels()
2018-12-05 14:49:40,878 INFO: NoSuchElementException in TransactionTrackerOperations.get_CM_parcels()
2018-12-05 14:49:45,281 INFO: NoSuchElementException in TransactionTrackerOperations.get_CM_parcels()
2018-12-05 14:49:49,692 INFO: NoSuchElementException in TransactionTrackerOperations.get_CM_parcels()
2018-12-05 14:49:54,136 INFO: NoSuchElementException in TransactionTrackerOperations.get_CM_parcels()
2018-12-05 14:49:59,603 INFO: NoSuchElementException in TransactionTrackerOperations.get_CM_parcels()
2018-12-05 14:50:04,054 INFO: NoSuchElementException in TransactionTrackerOperations.get_CM_parcels()
2018-12-05 14:50:08,516 INFO: NoSuchElementException in TransactionTrackerOperations.get_CM_parcels()
2018-12-05 14:50:13,405 INFO: NoSuchElementException in TransactionTrackerOperations.get_CM_parcels()
2018-12-05 14:50:17,839 INFO: NoSuchElementException in TransactionTrackerOperations.get_CM_parcels()
2018-12-05 14:50:22,356 INFO: NoSuchElementException in TransactionTrackerOperations.get_CM_parcels()
2018-12-05 14:50:26,851 INFO: NoSuchElementException in TransactionTrackerOperations.get_CM_parcels()
2018-12-05 14:50:29,690 INFO: NoSuchElementException in TransactionTrackerOperations.get_CM_parcels()
2018-12-05 14:50:36,600 INFO: Executing TransactionTrackerOperations.search_process_for_CMPDM() for: Performance Health|McKesson GOOD SHEPHERD REHAB NETWORK|810
2018-12-05 14:50:37,353 INFO: Executing TransactionTrackerOperations.select_customer()
2018-12-05 14:50:44,237 INFO: Executing TransactionTrackerOperations.select_customer()
2018-12-05 14:50:55,648 INFO: Executing TransactionTrackerOperations.get_CM_parcels()
2018-12-05 14:50:59,053 INFO: NoSuchElementException in TransactionTrackerOperations.get_CM_parcels()
2018-12-05 14:51:03,683 INFO: NoSuchElementException in TransactionTrackerOperations.get_CM_parcels()
2018-12-05 14:51:08,481 INFO: NoSuchElementException in TransactionTrackerOperations.get_CM_parcels()
2018-12-05 14:51:13,599 INFO: NoSuchElementException in TransactionTrackerOperations.get_CM_parcels()
2018-12-05 14:51:18,060 INFO: NoSuchElementException in TransactionTrackerOperations.get_CM_parcels()
2018-12-05 14:51:22,524 INFO: NoSuchElementException in TransactionTrackerOperations.get_CM_parcels()
2018-12-05 14:51:27,169 INFO: NoSuchElementException in TransactionTrackerOperations.get_CM_parcels()
2018-12-05 14:51:31,607 INFO: NoSuchElementException in TransactionTrackerOperations.get_CM_parcels()
2018-12-05 14:51:36,132 INFO: NoSuchElementException in TransactionTrackerOperations.get_CM_parcels()
2018-12-05 14:51:40,631 INFO: NoSuchElementException in TransactionTrackerOperations.get_CM_parcels()
2018-12-05 14:51:45,265 INFO: NoSuchElementException in TransactionTrackerOperations.get_CM_parcels()
2018-12-05 14:51:50,343 INFO: NoSuchElementException in TransactionTrackerOperations.get_CM_parcels()
2018-12-05 14:51:59,587 INFO: Executing TransactionTrackerOperations.search_process_for_CMPDM() for: Performance Health|McKesson HALIFAX REGIONAL HOSPITAL|810
2018-12-05 14:51:59,605 INFO: Executing TransactionTrackerOperations.select_customer()
2018-12-05 14:52:06,399 INFO: Executing TransactionTrackerOperations.select_customer()
2018-12-05 14:52:17,738 INFO: Executing TransactionTrackerOperations.get_CM_parcels()
2018-12-05 14:52:23,935 INFO: Executing TransactionTrackerOperations.search_process_for_CMPDM() for: Performance Health|McKesson HATTISBURG CLINIC|810
2018-12-05 14:52:24,454 INFO: Executing TransactionTrackerOperations.select_customer()
2018-12-05 14:52:31,235 INFO: Executing TransactionTrackerOperations.select_customer()
2018-12-05 14:52:42,581 INFO: Executing TransactionTrackerOperations.get_CM_parcels()
2018-12-05 14:52:49,490 INFO: Executing TransactionTrackerOperations.search_process_for_CMPDM() for: Performance Health|McKesson IL BONE AND JOINT|810
2018-12-05 14:52:49,508 INFO: Executing TransactionTrackerOperations.select_customer()
2018-12-05 14:52:56,300 INFO: Executing TransactionTrackerOperations.select_customer()
2018-12-05 14:53:07,793 INFO: Executing TransactionTrackerOperations.get_CM_parcels()
2018-12-05 14:53:14,214 INFO: Executing TransactionTrackerOperations.search_process_for_CMPDM() for: Performance Health|McKesson LAKE CHARLES MEMORIAL HOSPITAL|810
2018-12-05 14:53:14,233 INFO: Executing TransactionTrackerOperations.select_customer()
2018-12-05 14:53:21,032 INFO: Executing TransactionTrackerOperations.select_customer()
2018-12-05 14:53:32,874 INFO: Executing TransactionTrackerOperations.get_CM_parcels()
2018-12-05 14:53:39,583 INFO: Executing TransactionTrackerOperations.search_process_for_CMPDM() for: Performance Health|McKesson LAWRENCE MEMORIAL HOSPITAL|810
2018-12-05 14:53:39,612 INFO: Executing TransactionTrackerOperations.select_customer()
2018-12-05 14:53:46,428 INFO: Executing TransactionTrackerOperations.select_customer()
2018-12-05 14:53:58,142 INFO: Executing TransactionTrackerOperations.get_CM_parcels()
2018-12-05 14:54:00,766 INFO: NoSuchElementException in TransactionTrackerOperations.get_CM_parcels()
2018-12-05 14:54:05,314 INFO: NoSuchElementException in TransactionTrackerOperations.get_CM_parcels()
2018-12-05 14:54:09,684 INFO: NoSuchElementException in TransactionTrackerOperations.get_CM_parcels()
2018-12-05 14:54:14,069 INFO: NoSuchElementException in TransactionTrackerOperations.get_CM_parcels()
2018-12-05 14:54:17,225 INFO: NoSuchElementException in TransactionTrackerOperations.get_CM_parcels()
2018-12-05 14:54:24,769 INFO: Executing TransactionTrackerOperations.search_process_for_CMPDM() for: Performance Health|McKesson LEESBURG REGIONAL|810
2018-12-05 14:54:24,787 INFO: Executing TransactionTrackerOperations.select_customer()
2018-12-05 14:54:31,565 INFO: Executing TransactionTrackerOperations.select_customer()
2018-12-05 14:54:42,747 INFO: Executing TransactionTrackerOperations.get_CM_parcels()
2018-12-05 14:54:43,518 INFO: NoSuchElementException in TransactionTrackerOperations.get_CM_parcels()
2018-12-05 14:54:50,839 INFO: Executing TransactionTrackerOperations.search_process_for_CMPDM() for: Performance Health|McKesson LOMA LINDA UNIVERSITY MEDICAL CENTER|810
2018-12-05 14:54:50,873 INFO: Executing TransactionTrackerOperations.select_customer()
2018-12-05 14:54:57,679 INFO: Executing TransactionTrackerOperations.select_customer()
2018-12-05 14:55:09,319 INFO: Executing TransactionTrackerOperations.get_CM_parcels()
2018-12-05 14:55:09,602 INFO: NoSuchElementException in TransactionTrackerOperations.get_CM_parcels()
2018-12-05 14:55:16,996 INFO: Executing TransactionTrackerOperations.search_process_for_CMPDM() for: Performance Health|McKesson MCG HEALTH INC|810
2018-12-05 14:55:17,016 INFO: Executing TransactionTrackerOperations.select_customer()
2018-12-05 14:55:23,839 INFO: Executing TransactionTrackerOperations.select_customer()
2018-12-05 14:55:34,946 INFO: Executing TransactionTrackerOperations.get_CM_parcels()
2018-12-05 14:55:37,557 INFO: NoSuchElementException in TransactionTrackerOperations.get_CM_parcels()
2018-12-05 14:55:42,073 INFO: NoSuchElementException in TransactionTrackerOperations.get_CM_parcels()
2018-12-05 14:55:46,439 INFO: NoSuchElementException in TransactionTrackerOperations.get_CM_parcels()
2018-12-05 14:55:50,430 INFO: NoSuchElementException in TransactionTrackerOperations.get_CM_parcels()
2018-12-05 14:55:56,786 INFO: Executing TransactionTrackerOperations.search_process_for_CMPDM() for: Performance Health|McKesson NCH HEALTHCARE|810
2018-12-05 14:55:58,210 INFO: Executing TransactionTrackerOperations.select_customer()
2018-12-05 14:56:05,339 INFO: Executing TransactionTrackerOperations.select_customer()
2018-12-05 14:56:18,353 INFO: Executing TransactionTrackerOperations.get_CM_parcels()
2018-12-05 14:56:21,175 INFO: NoSuchElementException in TransactionTrackerOperations.get_CM_parcels()
2018-12-05 14:56:25,817 INFO: NoSuchElementException in TransactionTrackerOperations.get_CM_parcels()
2018-12-05 14:56:30,502 INFO: NoSuchElementException in TransactionTrackerOperations.get_CM_parcels()
2018-12-05 14:56:34,978 INFO: NoSuchElementException in TransactionTrackerOperations.get_CM_parcels()
2018-12-05 14:56:39,647 INFO: NoSuchElementException in TransactionTrackerOperations.get_CM_parcels()
2018-12-05 14:56:43,314 INFO: NoSuchElementException in TransactionTrackerOperations.get_CM_parcels()
2018-12-05 14:56:49,513 INFO: Executing TransactionTrackerOperations.search_process_for_CMPDM() for: Performance Health|McKesson SACRED HEART HOSPITAL|810
2018-12-05 14:56:50,059 INFO: Executing TransactionTrackerOperations.select_customer()
2018-12-05 14:56:56,849 INFO: Executing TransactionTrackerOperations.select_customer()
2018-12-05 14:57:08,171 INFO: Executing TransactionTrackerOperations.get_CM_parcels()
2018-12-05 14:57:15,064 INFO: Executing TransactionTrackerOperations.search_process_for_CMPDM() for: Performance Health|McKesson SAINT FRANCES MEDICAL CENTER|810
2018-12-05 14:57:15,082 INFO: Executing TransactionTrackerOperations.select_customer()
2018-12-05 14:57:21,879 INFO: Executing TransactionTrackerOperations.select_customer()
2018-12-05 14:57:33,680 INFO: Executing TransactionTrackerOperations.get_CM_parcels()
2018-12-05 14:57:36,293 INFO: NoSuchElementException in TransactionTrackerOperations.get_CM_parcels()
2018-12-05 14:57:40,759 INFO: NoSuchElementException in TransactionTrackerOperations.get_CM_parcels()
2018-12-05 14:57:44,472 INFO: NoSuchElementException in TransactionTrackerOperations.get_CM_parcels()
2018-12-05 14:57:51,439 INFO: Executing TransactionTrackerOperations.search_process_for_CMPDM() for: Performance Health|McKesson SOUTHERN NEW HAMPSHIRE MEDICAL CENTER|810
2018-12-05 14:57:52,174 INFO: Executing TransactionTrackerOperations.select_customer()
2018-12-05 14:57:59,056 INFO: Executing TransactionTrackerOperations.select_customer()
2018-12-05 14:58:11,602 INFO: Executing TransactionTrackerOperations.get_CM_parcels()
2018-12-05 14:58:14,295 INFO: NoSuchElementException in TransactionTrackerOperations.get_CM_parcels()
2018-12-05 14:58:19,040 INFO: NoSuchElementException in TransactionTrackerOperations.get_CM_parcels()
2018-12-05 14:58:23,522 INFO: NoSuchElementException in TransactionTrackerOperations.get_CM_parcels()
2018-12-05 14:58:26,118 INFO: NoSuchElementException in TransactionTrackerOperations.get_CM_parcels()
2018-12-05 14:58:33,631 INFO: Executing TransactionTrackerOperations.search_process_for_CMPDM() for: Performance Health|McKesson TIFT REGIONAL MEDICAL CENTER|810
2018-12-05 14:58:33,650 INFO: Executing TransactionTrackerOperations.select_customer()
2018-12-05 14:58:40,566 INFO: Executing TransactionTrackerOperations.select_customer()
2018-12-05 14:58:52,603 INFO: Executing TransactionTrackerOperations.get_CM_parcels()
2018-12-05 14:58:59,003 INFO: Executing TransactionTrackerOperations.search_process_for_CMPDM() for: Performance Health|McKesson TRINITY MOTHER FRANCES HOSPITAL|810
2018-12-05 14:58:59,022 INFO: Executing TransactionTrackerOperations.select_customer()
2018-12-05 14:59:05,863 INFO: Executing TransactionTrackerOperations.select_customer()
2018-12-05 14:59:17,889 INFO: Executing TransactionTrackerOperations.get_CM_parcels()
2018-12-05 14:59:20,743 INFO: NoSuchElementException in TransactionTrackerOperations.get_CM_parcels()
2018-12-05 14:59:25,540 INFO: NoSuchElementException in TransactionTrackerOperations.get_CM_parcels()
2018-12-05 14:59:30,124 INFO: NoSuchElementException in TransactionTrackerOperations.get_CM_parcels()
2018-12-05 14:59:34,769 INFO: NoSuchElementException in TransactionTrackerOperations.get_CM_parcels()
2018-12-05 14:59:39,334 INFO: NoSuchElementException in TransactionTrackerOperations.get_CM_parcels()
2018-12-05 14:59:43,111 INFO: NoSuchElementException in TransactionTrackerOperations.get_CM_parcels()
2018-12-05 14:59:50,097 INFO: Executing TransactionTrackerOperations.search_process_for_CMPDM() for: Performance Health|McKesson Truman Medical Center|810
2018-12-05 14:59:50,168 INFO: Executing TransactionTrackerOperations.select_customer()
2018-12-05 14:59:57,054 INFO: Executing TransactionTrackerOperations.select_customer()
2018-12-05 15:00:08,971 INFO: Executing TransactionTrackerOperations.get_CM_parcels()
2018-12-05 15:00:12,396 INFO: NoSuchElementException in TransactionTrackerOperations.get_CM_parcels()
2018-12-05 15:00:16,889 INFO: NoSuchElementException in TransactionTrackerOperations.get_CM_parcels()
2018-12-05 15:00:21,295 INFO: NoSuchElementException in TransactionTrackerOperations.get_CM_parcels()
2018-12-05 15:00:25,784 INFO: NoSuchElementException in TransactionTrackerOperations.get_CM_parcels()
2018-12-05 15:00:30,177 INFO: NoSuchElementException in TransactionTrackerOperations.get_CM_parcels()
2018-12-05 15:00:35,566 INFO: NoSuchElementException in TransactionTrackerOperations.get_CM_parcels()
2018-12-05 15:00:40,377 INFO: NoSuchElementException in TransactionTrackerOperations.get_CM_parcels()
2018-12-05 15:00:45,083 INFO: NoSuchElementException in TransactionTrackerOperations.get_CM_parcels()
2018-12-05 15:00:49,960 INFO: NoSuchElementException in TransactionTrackerOperations.get_CM_parcels()
2018-12-05 15:00:55,231 INFO: NoSuchElementException in TransactionTrackerOperations.get_CM_parcels()
2018-12-05 15:01:00,267 INFO: NoSuchElementException in TransactionTrackerOperations.get_CM_parcels()
2018-12-05 15:01:06,100 INFO: NoSuchElementException in TransactionTrackerOperations.get_CM_parcels()
2018-12-05 15:01:12,101 INFO: NoSuchElementException in TransactionTrackerOperations.get_CM_parcels()
2018-12-05 15:01:17,274 INFO: NoSuchElementException in TransactionTrackerOperations.get_CM_parcels()
2018-12-05 15:01:22,444 INFO: NoSuchElementException in TransactionTrackerOperations.get_CM_parcels()
2018-12-05 15:01:27,738 INFO: NoSuchElementException in TransactionTrackerOperations.get_CM_parcels()
2018-12-05 15:01:32,454 INFO: NoSuchElementException in TransactionTrackerOperations.get_CM_parcels()
2018-12-05 15:01:41,525 INFO: Executing TransactionTrackerOperations.search_process_for_CMPDM() for: Performance Health|McKesson UNITED HOSPITAL SYSTEM INC|810
2018-12-05 15:01:41,545 INFO: Executing TransactionTrackerOperations.select_customer()
2018-12-05 15:01:48,354 INFO: Executing TransactionTrackerOperations.select_customer()
2018-12-05 15:01:59,727 INFO: Executing TransactionTrackerOperations.get_CM_parcels()
2018-12-05 15:02:02,373 INFO: NoSuchElementException in TransactionTrackerOperations.get_CM_parcels()
2018-12-05 15:02:07,099 INFO: NoSuchElementException in TransactionTrackerOperations.get_CM_parcels()
2018-12-05 15:02:10,344 INFO: NoSuchElementException in TransactionTrackerOperations.get_CM_parcels()
2018-12-05 15:02:16,670 INFO: Executing TransactionTrackerOperations.search_process_for_CMPDM() for: Performance Health|McKesson VAIL VALLEY MEDICAL CENTER|810
2018-12-05 15:02:17,333 INFO: Executing TransactionTrackerOperations.select_customer()
2018-12-05 15:02:24,115 INFO: Executing TransactionTrackerOperations.select_customer()
2018-12-05 15:02:35,439 INFO: Executing TransactionTrackerOperations.get_CM_parcels()
2018-12-05 15:02:38,140 INFO: NoSuchElementException in TransactionTrackerOperations.get_CM_parcels()
2018-12-05 15:02:42,605 INFO: NoSuchElementException in TransactionTrackerOperations.get_CM_parcels()
2018-12-05 15:02:47,004 INFO: NoSuchElementException in TransactionTrackerOperations.get_CM_parcels()
2018-12-05 15:02:51,496 INFO: NoSuchElementException in TransactionTrackerOperations.get_CM_parcels()
2018-12-05 15:02:55,896 INFO: NoSuchElementException in TransactionTrackerOperations.get_CM_parcels()
2018-12-05 15:03:00,359 INFO: NoSuchElementException in TransactionTrackerOperations.get_CM_parcels()
2018-12-05 15:03:04,834 INFO: NoSuchElementException in TransactionTrackerOperations.get_CM_parcels()
2018-12-05 15:03:09,488 INFO: NoSuchElementException in TransactionTrackerOperations.get_CM_parcels()
2018-12-05 15:03:14,088 INFO: NoSuchElementException in TransactionTrackerOperations.get_CM_parcels()
2018-12-05 15:03:18,551 INFO: NoSuchElementException in TransactionTrackerOperations.get_CM_parcels()
2018-12-05 15:03:23,067 INFO: NoSuchElementException in TransactionTrackerOperations.get_CM_parcels()
2018-12-05 15:03:27,749 INFO: NoSuchElementException in TransactionTrackerOperations.get_CM_parcels()
2018-12-05 15:03:32,371 INFO: NoSuchElementException in TransactionTrackerOperations.get_CM_parcels()
2018-12-05 15:03:36,910 INFO: NoSuchElementException in TransactionTrackerOperations.get_CM_parcels()
2018-12-05 15:03:40,734 INFO: NoSuchElementException in TransactionTrackerOperations.get_CM_parcels()
2018-12-05 15:03:48,389 INFO: Executing TransactionTrackerOperations.search_process_for_CMPDM() for: Performance Health|McKesson WHEATON FRANCISCAN HEALTHCARE|810
2018-12-05 15:03:48,414 INFO: Executing TransactionTrackerOperations.select_customer()
2018-12-05 15:03:55,642 INFO: Executing TransactionTrackerOperations.select_customer()
2018-12-05 15:04:07,264 INFO: Executing TransactionTrackerOperations.get_CM_parcels()
2018-12-05 15:04:12,934 INFO: Executing TransactionTrackerOperations.search_process_for_CMPDM() for: Performance Health|MFA DSSI|810
2018-12-05 15:04:13,876 INFO: Executing TransactionTrackerOperations.select_customer()
2018-12-05 15:04:20,702 INFO: Executing TransactionTrackerOperations.select_customer()
2018-12-05 15:04:31,669 INFO: Executing TransactionTrackerOperations.get_CM_parcels()
2018-12-05 15:04:38,404 INFO: Executing TransactionTrackerOperations.search_process_for_CMPDM() for: Performance Health|MIDWEST GERIATRIC DSSI|810
2018-12-05 15:04:38,422 INFO: Executing TransactionTrackerOperations.select_customer()
2018-12-05 15:04:45,350 INFO: Executing TransactionTrackerOperations.select_customer()
2018-12-05 15:04:56,700 INFO: Executing TransactionTrackerOperations.get_CM_parcels()
2018-12-05 15:05:02,718 INFO: Executing TransactionTrackerOperations.search_process_for_CMPDM() for: Performance Health|MIDWEST HEALTH DSSI|810
2018-12-05 15:05:02,742 INFO: Executing TransactionTrackerOperations.select_customer()
2018-12-05 15:05:09,578 INFO: Executing TransactionTrackerOperations.select_customer()
2018-12-05 15:05:20,866 INFO: Executing TransactionTrackerOperations.get_CM_parcels()
2018-12-05 15:05:23,564 INFO: NoSuchElementException in TransactionTrackerOperations.get_CM_parcels()
2018-12-05 15:05:28,106 INFO: NoSuchElementException in TransactionTrackerOperations.get_CM_parcels()
2018-12-05 15:05:31,135 INFO: NoSuchElementException in TransactionTrackerOperations.get_CM_parcels()
2018-12-05 15:05:38,507 INFO: Executing TransactionTrackerOperations.search_process_for_CMPDM() for: Performance Health|MISSION HEALTH DSSI|810
2018-12-05 15:05:38,527 INFO: Executing TransactionTrackerOperations.select_customer()
2018-12-05 15:05:45,375 INFO: Executing TransactionTrackerOperations.select_customer()
2018-12-05 15:05:56,644 INFO: Executing TransactionTrackerOperations.get_CM_parcels()
2018-12-05 15:05:59,308 INFO: NoSuchElementException in TransactionTrackerOperations.get_CM_parcels()
2018-12-05 15:06:03,794 INFO: NoSuchElementException in TransactionTrackerOperations.get_CM_parcels()
2018-12-05 15:06:08,488 INFO: NoSuchElementException in TransactionTrackerOperations.get_CM_parcels()
2018-12-05 15:06:12,949 INFO: NoSuchElementException in TransactionTrackerOperations.get_CM_parcels()
2018-12-05 15:06:17,368 INFO: NoSuchElementException in TransactionTrackerOperations.get_CM_parcels()
2018-12-05 15:06:21,887 INFO: NoSuchElementException in TransactionTrackerOperations.get_CM_parcels()
2018-12-05 15:06:25,380 INFO: NoSuchElementException in TransactionTrackerOperations.get_CM_parcels()
2018-12-05 15:06:33,036 INFO: Executing TransactionTrackerOperations.search_process_for_CMPDM() for: Performance Health|NEXION DSSI|810
2018-12-05 15:06:33,058 INFO: Executing TransactionTrackerOperations.select_customer()
2018-12-05 15:06:39,877 INFO: Executing TransactionTrackerOperations.select_customer()
2018-12-05 15:06:50,988 INFO: Executing TransactionTrackerOperations.get_CM_parcels()
2018-12-05 15:06:53,660 INFO: NoSuchElementException in TransactionTrackerOperations.get_CM_parcels()
2018-12-05 15:06:58,203 INFO: NoSuchElementException in TransactionTrackerOperations.get_CM_parcels()
2018-12-05 15:07:02,675 INFO: NoSuchElementException in TransactionTrackerOperations.get_CM_parcels()
2018-12-05 15:07:07,234 INFO: NoSuchElementException in TransactionTrackerOperations.get_CM_parcels()
2018-12-05 15:07:11,721 INFO: NoSuchElementException in TransactionTrackerOperations.get_CM_parcels()
2018-12-05 15:07:16,194 INFO: NoSuchElementException in TransactionTrackerOperations.get_CM_parcels()
2018-12-05 15:07:20,664 INFO: NoSuchElementException in TransactionTrackerOperations.get_CM_parcels()
2018-12-05 15:07:23,737 INFO: NoSuchElementException in TransactionTrackerOperations.get_CM_parcels()
2018-12-05 15:07:30,998 INFO: Executing TransactionTrackerOperations.search_process_for_CMPDM() for: Performance Health|NOLAND HEALTH SERVICES DSSI|810
2018-12-05 15:07:31,017 INFO: Executing TransactionTrackerOperations.select_customer()
2018-12-05 15:07:37,820 INFO: Executing TransactionTrackerOperations.select_customer()
2018-12-05 15:07:49,425 INFO: Executing TransactionTrackerOperations.get_CM_parcels()
2018-12-05 15:07:52,207 INFO: NoSuchElementException in TransactionTrackerOperations.get_CM_parcels()
2018-12-05 15:07:56,746 INFO: NoSuchElementException in TransactionTrackerOperations.get_CM_parcels()
2018-12-05 15:08:01,223 INFO: NoSuchElementException in TransactionTrackerOperations.get_CM_parcels()
2018-12-05 15:08:05,355 INFO: NoSuchElementException in TransactionTrackerOperations.get_CM_parcels()
2018-12-05 15:08:11,569 INFO: Executing TransactionTrackerOperations.search_process_for_CMPDM() for: Performance Health|NORTHPORT DSSI|810
2018-12-05 15:08:11,839 INFO: Executing TransactionTrackerOperations.select_customer()
2018-12-05 15:09:53,878 ERROR: Error in CMProductionDataMonitoring.TaskFilter()
2018-12-05 15:09:58,599 INFO: Executing TransactionTrackerOperations.search_process_for_CMPDM() for: Performance Health|NUVISION DSSI|810
2018-12-05 15:09:58,750 INFO: Executing TransactionTrackerOperations.select_customer()
2018-12-05 15:10:05,590 INFO: Executing TransactionTrackerOperations.select_customer()
2018-12-05 15:10:16,668 INFO: Executing TransactionTrackerOperations.get_CM_parcels()
2018-12-05 15:10:19,406 INFO: NoSuchElementException in TransactionTrackerOperations.get_CM_parcels()
2018-12-05 15:10:23,900 INFO: NoSuchElementException in TransactionTrackerOperations.get_CM_parcels()
2018-12-05 15:10:27,403 INFO: NoSuchElementException in TransactionTrackerOperations.get_CM_parcels()
2018-12-05 15:10:34,794 INFO: Executing TransactionTrackerOperations.search_process_for_CMPDM() for: Performance Health|ONIX GROUP DSSI|810
2018-12-05 15:10:34,871 INFO: Executing TransactionTrackerOperations.select_customer()
2018-12-05 15:10:41,682 INFO: Executing TransactionTrackerOperations.select_customer()
2018-12-05 15:10:52,932 INFO: Executing TransactionTrackerOperations.get_CM_parcels()
2018-12-05 15:10:55,631 INFO: NoSuchElementException in TransactionTrackerOperations.get_CM_parcels()
2018-12-05 15:11:00,165 INFO: NoSuchElementException in TransactionTrackerOperations.get_CM_parcels()
2018-12-05 15:11:04,624 INFO: NoSuchElementException in TransactionTrackerOperations.get_CM_parcels()
2018-12-05 15:11:08,612 INFO: NoSuchElementException in TransactionTrackerOperations.get_CM_parcels()
2018-12-05 15:11:15,434 INFO: Executing TransactionTrackerOperations.search_process_for_CMPDM() for: Performance Health|PENNMED CONSULTANTS INC DSSI|810
2018-12-05 15:11:15,454 INFO: Executing TransactionTrackerOperations.select_customer()
2018-12-05 15:11:22,253 INFO: Executing TransactionTrackerOperations.select_customer()
2018-12-05 15:11:33,966 INFO: Executing TransactionTrackerOperations.get_CM_parcels()
2018-12-05 15:11:40,576 INFO: Executing TransactionTrackerOperations.search_process_for_CMPDM() for: Performance Health|PREFERRED CARE DSSI|810
2018-12-05 15:11:40,610 INFO: Executing TransactionTrackerOperations.select_customer()
2018-12-05 15:11:47,403 INFO: Executing TransactionTrackerOperations.select_customer()
2018-12-05 15:11:58,669 INFO: Executing TransactionTrackerOperations.get_CM_parcels()
2018-12-05 15:12:04,106 INFO: Executing TransactionTrackerOperations.search_process_for_CMPDM() for: Performance Health|PRESBYTERIAN HOMES AND SERVICES DSSI|810
2018-12-05 15:12:04,586 INFO: Executing TransactionTrackerOperations.select_customer()
2018-12-05 15:12:11,404 INFO: Executing TransactionTrackerOperations.select_customer()
2018-12-05 15:12:23,123 INFO: Executing TransactionTrackerOperations.get_CM_parcels()
2018-12-05 15:12:25,831 INFO: NoSuchElementException in TransactionTrackerOperations.get_CM_parcels()
2018-12-05 15:12:30,377 INFO: NoSuchElementException in TransactionTrackerOperations.get_CM_parcels()
2018-12-05 15:12:34,781 INFO: NoSuchElementException in TransactionTrackerOperations.get_CM_parcels()
2018-12-05 15:12:39,295 INFO: NoSuchElementException in TransactionTrackerOperations.get_CM_parcels()
2018-12-05 15:12:43,711 INFO: NoSuchElementException in TransactionTrackerOperations.get_CM_parcels()
2018-12-05 15:12:46,545 INFO: NoSuchElementException in TransactionTrackerOperations.get_CM_parcels()
2018-12-05 15:12:52,594 INFO: Executing TransactionTrackerOperations.search_process_for_CMPDM() for: Performance Health|PRESBYTERIAN SENIOR LIVING DSSI|810
2018-12-05 15:12:53,253 INFO: Executing TransactionTrackerOperations.select_customer()
2018-12-05 15:13:00,086 INFO: Executing TransactionTrackerOperations.select_customer()
2018-12-05 15:13:11,822 INFO: Executing TransactionTrackerOperations.get_CM_parcels()
2018-12-05 15:13:15,100 INFO: NoSuchElementException in TransactionTrackerOperations.get_CM_parcels()
2018-12-05 15:13:20,022 INFO: NoSuchElementException in TransactionTrackerOperations.get_CM_parcels()
2018-12-05 15:13:25,080 INFO: NoSuchElementException in TransactionTrackerOperations.get_CM_parcels()
2018-12-05 15:13:27,738 INFO: NoSuchElementException in TransactionTrackerOperations.get_CM_parcels()
2018-12-05 15:13:35,103 INFO: Executing TransactionTrackerOperations.search_process_for_CMPDM() for: Performance Health|QUALITY LIFE SERVICES DSSI|810
2018-12-05 15:13:35,449 INFO: Executing TransactionTrackerOperations.select_customer()
2018-12-05 15:13:43,024 INFO: Executing TransactionTrackerOperations.select_customer()
2018-12-05 15:13:54,578 INFO: Executing TransactionTrackerOperations.get_CM_parcels()
2018-12-05 15:13:57,316 INFO: NoSuchElementException in TransactionTrackerOperations.get_CM_parcels()
2018-12-05 15:14:01,871 INFO: NoSuchElementException in TransactionTrackerOperations.get_CM_parcels()
2018-12-05 15:14:06,593 INFO: NoSuchElementException in TransactionTrackerOperations.get_CM_parcels()
2018-12-05 15:14:11,121 INFO: NoSuchElementException in TransactionTrackerOperations.get_CM_parcels()
2018-12-05 15:14:15,756 INFO: NoSuchElementException in TransactionTrackerOperations.get_CM_parcels()
2018-12-05 15:14:18,484 INFO: NoSuchElementException in TransactionTrackerOperations.get_CM_parcels()
2018-12-05 15:14:25,631 INFO: Executing TransactionTrackerOperations.search_process_for_CMPDM() for: Performance Health|Quest Healthcare Development DSSI|810
2018-12-05 15:14:25,653 INFO: Executing TransactionTrackerOperations.select_customer()
2018-12-05 15:14:32,468 INFO: Executing TransactionTrackerOperations.select_customer()
2018-12-05 15:14:44,007 INFO: Executing TransactionTrackerOperations.get_CM_parcels()
2018-12-05 15:14:51,923 INFO: Executing TransactionTrackerOperations.search_process_for_CMPDM() for: Performance Health|Regency Integrated Health Services DSSI|810
2018-12-05 15:14:52,843 INFO: Executing TransactionTrackerOperations.select_customer()
2018-12-05 15:14:59,926 INFO: Executing TransactionTrackerOperations.select_customer()
2018-12-05 15:15:12,146 INFO: Executing TransactionTrackerOperations.get_CM_parcels()
2018-12-05 15:15:18,800 INFO: Executing TransactionTrackerOperations.search_process_for_CMPDM() for: Performance Health|RENNES HEALTH DSSI|810
2018-12-05 15:15:19,674 INFO: Executing TransactionTrackerOperations.select_customer()
2018-12-05 15:15:26,786 INFO: Executing TransactionTrackerOperations.select_customer()
2018-12-05 15:15:38,347 INFO: Executing TransactionTrackerOperations.get_CM_parcels()
2018-12-05 15:15:41,178 INFO: NoSuchElementException in TransactionTrackerOperations.get_CM_parcels()
2018-12-05 15:15:45,828 INFO: NoSuchElementException in TransactionTrackerOperations.get_CM_parcels()
2018-12-05 15:15:50,281 INFO: NoSuchElementException in TransactionTrackerOperations.get_CM_parcels()
2018-12-05 15:15:54,914 INFO: NoSuchElementException in TransactionTrackerOperations.get_CM_parcels()
2018-12-05 15:15:58,489 INFO: NoSuchElementException in TransactionTrackerOperations.get_CM_parcels()
2018-12-05 15:16:05,814 INFO: Executing TransactionTrackerOperations.search_process_for_CMPDM() for: Performance Health|SABER HEALTHCARE DSSI|810
2018-12-05 15:16:05,833 INFO: Executing TransactionTrackerOperations.select_customer()
2018-12-05 15:16:12,654 INFO: Executing TransactionTrackerOperations.select_customer()
2018-12-05 15:16:24,749 INFO: Executing TransactionTrackerOperations.get_CM_parcels()
2018-12-05 15:16:31,245 INFO: Executing TransactionTrackerOperations.search_process_for_CMPDM() for: Performance Health|SPRENGER HEALTHCARE DSSI|810
2018-12-05 15:16:31,797 INFO: Executing TransactionTrackerOperations.select_customer()
2018-12-05 15:16:38,814 INFO: Executing TransactionTrackerOperations.select_customer()
2018-12-05 15:16:51,498 INFO: Executing TransactionTrackerOperations.get_CM_parcels()
2018-12-05 15:16:54,719 INFO: NoSuchElementException in TransactionTrackerOperations.get_CM_parcels()
2018-12-05 15:17:00,313 INFO: NoSuchElementException in TransactionTrackerOperations.get_CM_parcels()
2018-12-05 15:17:04,900 INFO: NoSuchElementException in TransactionTrackerOperations.get_CM_parcels()
2018-12-05 15:17:09,405 INFO: NoSuchElementException in TransactionTrackerOperations.get_CM_parcels()
2018-12-05 15:17:13,844 INFO: NoSuchElementException in TransactionTrackerOperations.get_CM_parcels()
2018-12-05 15:17:18,411 INFO: NoSuchElementException in TransactionTrackerOperations.get_CM_parcels()
2018-12-05 15:17:22,883 INFO: NoSuchElementException in TransactionTrackerOperations.get_CM_parcels()
2018-12-05 15:17:27,445 INFO: NoSuchElementException in TransactionTrackerOperations.get_CM_parcels()
2018-12-05 15:17:32,042 INFO: NoSuchElementException in TransactionTrackerOperations.get_CM_parcels()
2018-12-05 15:17:41,366 INFO: Executing TransactionTrackerOperations.search_process_for_CMPDM() for: Performance Health|SPRINGPOINT DSSI|810
2018-12-05 15:17:41,393 INFO: Executing TransactionTrackerOperations.select_customer()
2018-12-05 15:17:48,308 INFO: Executing TransactionTrackerOperations.select_customer()
2018-12-05 15:17:59,635 INFO: Executing TransactionTrackerOperations.get_CM_parcels()
2018-12-05 15:18:02,460 INFO: NoSuchElementException in TransactionTrackerOperations.get_CM_parcels()
2018-12-05 15:18:07,044 INFO: NoSuchElementException in TransactionTrackerOperations.get_CM_parcels()
2018-12-05 15:18:11,569 INFO: NoSuchElementException in TransactionTrackerOperations.get_CM_parcels()
2018-12-05 15:18:15,681 INFO: NoSuchElementException in TransactionTrackerOperations.get_CM_parcels()
2018-12-05 15:18:22,602 INFO: Executing TransactionTrackerOperations.search_process_for_CMPDM() for: Performance Health|STONERISE MEDICAL DSSI|810
2018-12-05 15:18:22,618 INFO: Executing TransactionTrackerOperations.select_customer()
2018-12-05 15:18:29,622 INFO: Executing TransactionTrackerOperations.select_customer()
2018-12-05 15:18:41,026 INFO: Executing TransactionTrackerOperations.get_CM_parcels()
2018-12-05 15:18:43,831 INFO: NoSuchElementException in TransactionTrackerOperations.get_CM_parcels()
2018-12-05 15:18:48,430 INFO: NoSuchElementException in TransactionTrackerOperations.get_CM_parcels()
2018-12-05 15:18:53,009 INFO: NoSuchElementException in TransactionTrackerOperations.get_CM_parcels()
2018-12-05 15:18:57,743 INFO: NoSuchElementException in TransactionTrackerOperations.get_CM_parcels()
2018-12-05 15:19:03,108 INFO: NoSuchElementException in TransactionTrackerOperations.get_CM_parcels()
2018-12-05 15:19:07,820 INFO: NoSuchElementException in TransactionTrackerOperations.get_CM_parcels()
2018-12-05 15:19:12,403 INFO: NoSuchElementException in TransactionTrackerOperations.get_CM_parcels()
2018-12-05 15:19:17,119 INFO: NoSuchElementException in TransactionTrackerOperations.get_CM_parcels()
2018-12-05 15:19:21,662 INFO: NoSuchElementException in TransactionTrackerOperations.get_CM_parcels()
2018-12-05 15:19:26,385 INFO: NoSuchElementException in TransactionTrackerOperations.get_CM_parcels()
2018-12-05 15:19:31,089 INFO: NoSuchElementException in TransactionTrackerOperations.get_CM_parcels()
2018-12-05 15:19:35,698 INFO: NoSuchElementException in TransactionTrackerOperations.get_CM_parcels()
2018-12-05 15:19:40,339 INFO: NoSuchElementException in TransactionTrackerOperations.get_CM_parcels()
2018-12-05 15:19:44,997 INFO: NoSuchElementException in TransactionTrackerOperations.get_CM_parcels()
2018-12-05 15:19:49,971 INFO: NoSuchElementException in TransactionTrackerOperations.get_CM_parcels()
2018-12-05 15:19:54,604 INFO: NoSuchElementException in TransactionTrackerOperations.get_CM_parcels()
2018-12-05 15:19:59,275 INFO: NoSuchElementException in TransactionTrackerOperations.get_CM_parcels()
2018-12-05 15:20:03,157 INFO: NoSuchElementException in TransactionTrackerOperations.get_CM_parcels()
2018-12-05 15:20:10,712 INFO: Executing TransactionTrackerOperations.search_process_for_CMPDM() for: Performance Health|TAMARAC ADMINISTRACTIVE SERVICES DSSI|810
2018-12-05 15:20:10,981 INFO: Executing TransactionTrackerOperations.select_customer()
2018-12-05 15:20:17,974 INFO: Executing TransactionTrackerOperations.select_customer()
2018-12-05 15:20:30,006 INFO: Executing TransactionTrackerOperations.get_CM_parcels()
2018-12-05 15:20:36,251 INFO: Executing TransactionTrackerOperations.search_process_for_CMPDM() for: Performance Health|TANDEM HEALTHCARE DSSI|810
2018-12-05 15:20:36,907 INFO: Executing TransactionTrackerOperations.select_customer()
2018-12-05 15:20:43,755 INFO: Executing TransactionTrackerOperations.select_customer()
2018-12-05 15:20:55,289 INFO: Executing TransactionTrackerOperations.get_CM_parcels()
2018-12-05 15:21:00,735 INFO: Executing TransactionTrackerOperations.search_process_for_CMPDM() for: Performance Health|TARA CARES LLC DSSI|810
2018-12-05 15:21:01,558 INFO: Executing TransactionTrackerOperations.select_customer()
2018-12-05 15:21:10,340 INFO: Executing TransactionTrackerOperations.select_customer()
2018-12-05 15:21:24,442 INFO: Executing TransactionTrackerOperations.get_CM_parcels()
2018-12-05 15:21:30,699 INFO: Executing TransactionTrackerOperations.search_process_for_CMPDM() for: Performance Health|TEALWOOD TWN DSSI|810
2018-12-05 15:21:31,789 INFO: Executing TransactionTrackerOperations.select_customer()
2018-12-05 15:21:38,740 INFO: Executing TransactionTrackerOperations.select_customer()
2018-12-05 15:21:50,009 INFO: Executing TransactionTrackerOperations.get_CM_parcels()
2018-12-05 15:21:52,830 INFO: NoSuchElementException in TransactionTrackerOperations.get_CM_parcels()
2018-12-05 15:21:57,362 INFO: NoSuchElementException in TransactionTrackerOperations.get_CM_parcels()
2018-12-05 15:22:01,831 INFO: NoSuchElementException in TransactionTrackerOperations.get_CM_parcels()
2018-12-05 15:22:06,268 INFO: NoSuchElementException in TransactionTrackerOperations.get_CM_parcels()
2018-12-05 15:22:10,706 INFO: NoSuchElementException in TransactionTrackerOperations.get_CM_parcels()
2018-12-05 15:22:15,217 INFO: NoSuchElementException in TransactionTrackerOperations.get_CM_parcels()
2018-12-05 15:22:19,703 INFO: NoSuchElementException in TransactionTrackerOperations.get_CM_parcels()
2018-12-05 15:22:24,210 INFO: NoSuchElementException in TransactionTrackerOperations.get_CM_parcels()
2018-12-05 15:22:28,690 INFO: NoSuchElementException in TransactionTrackerOperations.get_CM_parcels()
2018-12-05 15:22:32,603 INFO: NoSuchElementException in TransactionTrackerOperations.get_CM_parcels()
2018-12-05 15:22:40,296 INFO: Executing TransactionTrackerOperations.search_process_for_CMPDM() for: Performance Health|TRANS HEALTH CARE DSSI|810
2018-12-05 15:22:40,312 INFO: Executing TransactionTrackerOperations.select_customer()
2018-12-05 15:22:47,132 INFO: Executing TransactionTrackerOperations.select_customer()
2018-12-05 15:22:58,545 INFO: Executing TransactionTrackerOperations.get_CM_parcels()
2018-12-05 15:23:05,530 INFO: Executing TransactionTrackerOperations.search_process_for_CMPDM() for: Performance Health|UNITED MEDICAL DSSI|810
2018-12-05 15:23:05,550 INFO: Executing TransactionTrackerOperations.select_customer()
2018-12-05 15:23:12,363 INFO: Executing TransactionTrackerOperations.select_customer()
2018-12-05 15:23:23,587 INFO: Executing TransactionTrackerOperations.get_CM_parcels()
2018-12-05 15:23:29,773 INFO: Executing TransactionTrackerOperations.search_process_for_CMPDM() for: Performance Health|WILMAC DSSI|810
2018-12-05 15:23:30,336 INFO: Executing TransactionTrackerOperations.select_customer()
2018-12-05 15:23:37,156 INFO: Executing TransactionTrackerOperations.select_customer()
2018-12-05 15:23:48,081 INFO: Executing TransactionTrackerOperations.get_CM_parcels()
2018-12-05 15:23:50,752 INFO: NoSuchElementException in TransactionTrackerOperations.get_CM_parcels()
2018-12-05 15:23:55,294 INFO: NoSuchElementException in TransactionTrackerOperations.get_CM_parcels()
2018-12-05 15:23:59,781 INFO: NoSuchElementException in TransactionTrackerOperations.get_CM_parcels()
2018-12-05 15:24:02,630 INFO: NoSuchElementException in TransactionTrackerOperations.get_CM_parcels()
2018-12-05 15:24:10,034 INFO: Executing TransactionTrackerOperations.search_process_for_CMPDM() for: Performance Health|Senior Care Centers LLC|810
2018-12-05 15:24:10,054 INFO: Executing TransactionTrackerOperations.select_customer()
2018-12-05 15:24:16,901 INFO: Executing TransactionTrackerOperations.select_customer()
2018-12-05 15:24:27,993 INFO: Executing TransactionTrackerOperations.get_CM_parcels()
2018-12-05 15:24:34,387 INFO: Executing TransactionTrackerOperations.search_process_for_CMPDM() for: Performance Health|AMERICAN SENIOR COMMUNITIES DSSI|810
2018-12-05 15:24:34,407 INFO: Executing TransactionTrackerOperations.select_customer()
2018-12-05 15:24:41,225 INFO: Executing TransactionTrackerOperations.select_customer()
2018-12-05 15:24:52,894 INFO: Executing TransactionTrackerOperations.get_CM_parcels()
2018-12-05 15:24:59,693 INFO: Executing TransactionTrackerOperations.search_process_for_CMPDM() for: Performance Health|BaneCare Management DSSI|810
2018-12-05 15:24:59,709 INFO: Executing TransactionTrackerOperations.select_customer()
2018-12-05 15:25:06,538 INFO: Executing TransactionTrackerOperations.select_customer()
2018-12-05 15:25:17,906 INFO: Executing TransactionTrackerOperations.get_CM_parcels()
2018-12-05 15:25:24,720 INFO: Executing TransactionTrackerOperations.search_process_for_CMPDM() for: Performance Health|DSSI Next Step Healthcare|810
2018-12-05 15:25:24,740 INFO: Executing TransactionTrackerOperations.select_customer()
2018-12-05 15:25:31,541 INFO: Executing TransactionTrackerOperations.select_customer()
2018-12-05 15:25:43,006 INFO: Executing TransactionTrackerOperations.get_CM_parcels()
2018-12-05 15:25:46,644 INFO: NoSuchElementException in TransactionTrackerOperations.get_CM_parcels()
2018-12-05 15:25:51,138 INFO: NoSuchElementException in TransactionTrackerOperations.get_CM_parcels()
2018-12-05 15:25:55,565 INFO: NoSuchElementException in TransactionTrackerOperations.get_CM_parcels()
2018-12-05 15:26:00,010 INFO: NoSuchElementException in TransactionTrackerOperations.get_CM_parcels()
2018-12-05 15:26:04,428 INFO: NoSuchElementException in TransactionTrackerOperations.get_CM_parcels()
2018-12-05 15:26:08,995 INFO: NoSuchElementException in TransactionTrackerOperations.get_CM_parcels()
2018-12-05 15:26:13,435 INFO: NoSuchElementException in TransactionTrackerOperations.get_CM_parcels()
2018-12-05 15:26:17,898 INFO: NoSuchElementException in TransactionTrackerOperations.get_CM_parcels()
2018-12-05 15:26:22,392 INFO: NoSuchElementException in TransactionTrackerOperations.get_CM_parcels()
2018-12-05 15:26:26,953 INFO: NoSuchElementException in TransactionTrackerOperations.get_CM_parcels()
2018-12-05 15:26:31,425 INFO: NoSuchElementException in TransactionTrackerOperations.get_CM_parcels()
2018-12-05 15:26:36,138 INFO: NoSuchElementException in TransactionTrackerOperations.get_CM_parcels()
2018-12-05 15:26:40,698 INFO: NoSuchElementException in TransactionTrackerOperations.get_CM_parcels()
2018-12-05 15:26:45,460 INFO: NoSuchElementException in TransactionTrackerOperations.get_CM_parcels()
2018-12-05 15:26:50,023 INFO: NoSuchElementException in TransactionTrackerOperations.get_CM_parcels()
2018-12-05 15:26:54,757 INFO: NoSuchElementException in TransactionTrackerOperations.get_CM_parcels()
2018-12-05 15:26:59,372 INFO: NoSuchElementException in TransactionTrackerOperations.get_CM_parcels()
2018-12-05 15:27:02,266 INFO: NoSuchElementException in TransactionTrackerOperations.get_CM_parcels()
2018-12-05 15:27:09,191 INFO: Executing TransactionTrackerOperations.search_process_for_CMPDM() for: Performance Health|Regency Pacific DSSI|810
2018-12-05 15:27:10,103 INFO: Executing TransactionTrackerOperations.select_customer()
2018-12-05 15:27:16,986 INFO: Executing TransactionTrackerOperations.select_customer()
2018-12-05 15:27:28,125 INFO: Executing TransactionTrackerOperations.get_CM_parcels()
2018-12-05 15:27:34,676 INFO: Executing TransactionTrackerOperations.search_process_for_CMPDM() for: Performance Health|ADVANTAGE HPSI DSSI|810
2018-12-05 15:27:34,696 INFO: Executing TransactionTrackerOperations.select_customer()
2018-12-05 15:27:41,520 INFO: Executing TransactionTrackerOperations.select_customer()
2018-12-05 15:27:52,882 INFO: Executing TransactionTrackerOperations.get_CM_parcels()
2018-12-05 15:27:58,311 INFO: Executing TransactionTrackerOperations.search_process_for_CMPDM() for: Performance Health|ADVANTAGE NAVIGATOR DSSI|810
2018-12-05 15:27:58,959 INFO: Executing TransactionTrackerOperations.select_customer()
2018-12-05 15:28:05,768 INFO: Executing TransactionTrackerOperations.select_customer()
2018-12-05 15:28:17,313 INFO: Executing TransactionTrackerOperations.get_CM_parcels()
2018-12-05 15:28:23,696 INFO: Executing TransactionTrackerOperations.search_process_for_CMPDM() for: Performance Health|American Health Companies|810
2018-12-05 15:28:24,171 INFO: Executing TransactionTrackerOperations.select_customer()
2018-12-05 15:28:31,327 INFO: Executing TransactionTrackerOperations.select_customer()
2018-12-05 15:28:43,177 INFO: Executing TransactionTrackerOperations.get_CM_parcels()
2018-12-05 15:28:49,631 INFO: Executing TransactionTrackerOperations.search_process_for_CMPDM() for: Performance Health|APEX|810
2018-12-05 15:28:49,651 INFO: Executing TransactionTrackerOperations.select_customer()
2018-12-05 15:28:56,526 INFO: Executing TransactionTrackerOperations.select_customer()
2018-12-05 15:29:07,498 INFO: Executing TransactionTrackerOperations.get_CM_parcels()
2018-12-05 15:29:13,874 INFO: Executing TransactionTrackerOperations.search_process_for_CMPDM() for: Performance Health|APEX HEALTHCARE FLORIDA DSSI|810
2018-12-05 15:29:13,894 INFO: Executing TransactionTrackerOperations.select_customer()
2018-12-05 15:29:20,698 INFO: Executing TransactionTrackerOperations.select_customer()
2018-12-05 15:29:32,253 INFO: Executing TransactionTrackerOperations.get_CM_parcels()
2018-12-05 15:29:34,955 INFO: NoSuchElementException in TransactionTrackerOperations.get_CM_parcels()
2018-12-05 15:29:39,490 INFO: NoSuchElementException in TransactionTrackerOperations.get_CM_parcels()
2018-12-05 15:29:43,960 INFO: NoSuchElementException in TransactionTrackerOperations.get_CM_parcels()
2018-12-05 15:29:48,933 INFO: NoSuchElementException in TransactionTrackerOperations.get_CM_parcels()
2018-12-05 15:29:53,926 INFO: NoSuchElementException in TransactionTrackerOperations.get_CM_parcels()
2018-12-05 15:29:58,976 INFO: NoSuchElementException in TransactionTrackerOperations.get_CM_parcels()
2018-12-05 15:30:03,983 INFO: NoSuchElementException in TransactionTrackerOperations.get_CM_parcels()
2018-12-05 15:30:08,995 INFO: NoSuchElementException in TransactionTrackerOperations.get_CM_parcels()
2018-12-05 15:30:13,659 INFO: NoSuchElementException in TransactionTrackerOperations.get_CM_parcels()
2018-12-05 15:30:18,573 INFO: NoSuchElementException in TransactionTrackerOperations.get_CM_parcels()
2018-12-05 15:30:23,575 INFO: NoSuchElementException in TransactionTrackerOperations.get_CM_parcels()
2018-12-05 15:30:28,483 INFO: NoSuchElementException in TransactionTrackerOperations.get_CM_parcels()
2018-12-05 15:30:31,908 INFO: NoSuchElementException in TransactionTrackerOperations.get_CM_parcels()
2018-12-05 15:30:40,249 INFO: Executing TransactionTrackerOperations.search_process_for_CMPDM() for: Performance Health|ATRIUM LIVING CENTERS DSSI|810
2018-12-05 15:30:40,816 INFO: Executing TransactionTrackerOperations.select_customer()
2018-12-05 15:30:47,755 INFO: Executing TransactionTrackerOperations.select_customer()
2018-12-05 15:30:59,429 INFO: Executing TransactionTrackerOperations.get_CM_parcels()
2018-12-05 15:31:03,016 INFO: NoSuchElementException in TransactionTrackerOperations.get_CM_parcels()
2018-12-05 15:31:07,527 INFO: NoSuchElementException in TransactionTrackerOperations.get_CM_parcels()
2018-12-05 15:31:12,053 INFO: NoSuchElementException in TransactionTrackerOperations.get_CM_parcels()
2018-12-05 15:31:16,537 INFO: NoSuchElementException in TransactionTrackerOperations.get_CM_parcels()
2018-12-05 15:31:21,106 INFO: NoSuchElementException in TransactionTrackerOperations.get_CM_parcels()
2018-12-05 15:31:25,580 INFO: NoSuchElementException in TransactionTrackerOperations.get_CM_parcels()
2018-12-05 15:31:30,141 INFO: NoSuchElementException in TransactionTrackerOperations.get_CM_parcels()
2018-12-05 15:31:35,129 INFO: NoSuchElementException in TransactionTrackerOperations.get_CM_parcels()
2018-12-05 15:31:39,680 INFO: NoSuchElementException in TransactionTrackerOperations.get_CM_parcels()
2018-12-05 15:31:44,405 INFO: NoSuchElementException in TransactionTrackerOperations.get_CM_parcels()
2018-12-05 15:31:48,928 INFO: NoSuchElementException in TransactionTrackerOperations.get_CM_parcels()
2018-12-05 15:31:51,742 INFO: NoSuchElementException in TransactionTrackerOperations.get_CM_parcels()
2018-12-05 15:32:00,733 INFO: Executing TransactionTrackerOperations.search_process_for_CMPDM() for: Performance Health|AXIOM DSSI|810
2018-12-05 15:32:01,179 INFO: Executing TransactionTrackerOperations.select_customer()
2018-12-05 15:32:08,009 INFO: Executing TransactionTrackerOperations.select_customer()
2018-12-05 15:32:19,040 INFO: Executing TransactionTrackerOperations.get_CM_parcels()
2018-12-05 15:32:21,748 INFO: NoSuchElementException in TransactionTrackerOperations.get_CM_parcels()
2018-12-05 15:32:21,856 ERROR: Error in CMProductionDataMonitoring.TaskFilter()
2018-12-05 15:32:27,345 INFO: Executing TransactionTrackerOperations.search_process_for_CMPDM() for: Performance Health|BE GROUP DSSI|810
2018-12-05 15:32:27,361 INFO: Executing TransactionTrackerOperations.select_customer()
2018-12-05 15:32:34,173 INFO: Executing TransactionTrackerOperations.select_customer()
2018-12-05 15:32:45,616 INFO: Executing TransactionTrackerOperations.get_CM_parcels()
2018-12-05 15:32:52,055 INFO: Executing TransactionTrackerOperations.search_process_for_CMPDM() for: Performance Health|BEACON HEALTH DSSI|810
2018-12-05 15:32:52,507 INFO: Executing TransactionTrackerOperations.select_customer()
2018-12-05 15:32:59,336 INFO: Executing TransactionTrackerOperations.select_customer()
2018-12-05 15:33:10,534 INFO: Executing TransactionTrackerOperations.get_CM_parcels()
2018-12-05 15:33:13,366 INFO: NoSuchElementException in TransactionTrackerOperations.get_CM_parcels()
2018-12-05 15:33:17,977 INFO: NoSuchElementException in TransactionTrackerOperations.get_CM_parcels()
2018-12-05 15:33:22,399 INFO: NoSuchElementException in TransactionTrackerOperations.get_CM_parcels()
2018-12-05 15:33:27,319 INFO: NoSuchElementException in TransactionTrackerOperations.get_CM_parcels()
2018-12-05 15:33:31,831 INFO: NoSuchElementException in TransactionTrackerOperations.get_CM_parcels()
2018-12-05 15:33:34,768 INFO: NoSuchElementException in TransactionTrackerOperations.get_CM_parcels()
2018-12-05 15:33:41,133 INFO: Executing TransactionTrackerOperations.search_process_for_CMPDM() for: Performance Health|BENEDICTINE DSSI|810
2018-12-05 15:33:41,764 INFO: Executing TransactionTrackerOperations.select_customer()
2018-12-05 15:33:48,633 INFO: Executing TransactionTrackerOperations.select_customer()
2018-12-05 15:33:59,860 INFO: Executing TransactionTrackerOperations.get_CM_parcels()
2018-12-05 15:34:05,768 INFO: Executing TransactionTrackerOperations.search_process_for_CMPDM() for: Performance Health|Bethlen Communities Home Health and Hospice|810
2018-12-05 15:34:06,969 INFO: Executing TransactionTrackerOperations.select_customer()
2018-12-05 15:34:13,841 INFO: Executing TransactionTrackerOperations.select_customer()
2018-12-05 15:34:25,499 INFO: Executing TransactionTrackerOperations.get_CM_parcels()
2018-12-05 15:34:28,159 INFO: NoSuchElementException in TransactionTrackerOperations.get_CM_parcels()
2018-12-05 15:34:30,602 INFO: NoSuchElementException in TransactionTrackerOperations.get_CM_parcels()
2018-12-05 15:34:37,743 INFO: Executing TransactionTrackerOperations.search_process_for_CMPDM() for: Performance Health|BOMBAY LANE DSSI|810
2018-12-05 15:34:38,079 INFO: Executing TransactionTrackerOperations.select_customer()
2018-12-05 15:34:45,634 INFO: Executing TransactionTrackerOperations.select_customer()
2018-12-05 15:34:56,758 INFO: Executing TransactionTrackerOperations.get_CM_parcels()
2018-12-05 15:34:59,404 INFO: NoSuchElementException in TransactionTrackerOperations.get_CM_parcels()
2018-12-05 15:35:03,942 INFO: NoSuchElementException in TransactionTrackerOperations.get_CM_parcels()
2018-12-05 15:35:08,390 INFO: NoSuchElementException in TransactionTrackerOperations.get_CM_parcels()
2018-12-05 15:35:12,862 INFO: NoSuchElementException in TransactionTrackerOperations.get_CM_parcels()
2018-12-05 15:35:16,353 INFO: NoSuchElementException in TransactionTrackerOperations.get_CM_parcels()
2018-12-05 15:35:24,246 INFO: Executing TransactionTrackerOperations.search_process_for_CMPDM() for: Performance Health|CARDON AND ASSOCIATES DSSI|810
2018-12-05 15:35:24,270 INFO: Executing TransactionTrackerOperations.select_customer()
2018-12-05 15:35:31,082 INFO: Executing TransactionTrackerOperations.select_customer()
2018-12-05 15:35:43,044 INFO: Executing TransactionTrackerOperations.get_CM_parcels()
2018-12-05 15:35:45,799 INFO: NoSuchElementException in TransactionTrackerOperations.get_CM_parcels()
2018-12-05 15:35:50,361 INFO: NoSuchElementException in TransactionTrackerOperations.get_CM_parcels()
2018-12-05 15:35:54,770 INFO: NoSuchElementException in TransactionTrackerOperations.get_CM_parcels()
2018-12-05 15:35:59,294 INFO: NoSuchElementException in TransactionTrackerOperations.get_CM_parcels()
2018-12-05 15:36:03,699 INFO: NoSuchElementException in TransactionTrackerOperations.get_CM_parcels()
2018-12-05 15:36:08,451 INFO: NoSuchElementException in TransactionTrackerOperations.get_CM_parcels()
2018-12-05 15:36:13,252 INFO: NoSuchElementException in TransactionTrackerOperations.get_CM_parcels()
2018-12-05 15:36:18,413 INFO: NoSuchElementException in TransactionTrackerOperations.get_CM_parcels()
2018-12-05 15:36:23,337 INFO: NoSuchElementException in TransactionTrackerOperations.get_CM_parcels()
2018-12-05 15:36:28,354 INFO: NoSuchElementException in TransactionTrackerOperations.get_CM_parcels()
2018-12-05 15:36:32,908 INFO: NoSuchElementException in TransactionTrackerOperations.get_CM_parcels()
2018-12-05 15:36:37,832 INFO: NoSuchElementException in TransactionTrackerOperations.get_CM_parcels()
2018-12-05 15:36:41,663 INFO: NoSuchElementException in TransactionTrackerOperations.get_CM_parcels()
2018-12-05 15:36:49,300 INFO: Executing TransactionTrackerOperations.search_process_for_CMPDM() for: Performance Health|CERES PURCHASING SOLUTIONS DSSI|810
2018-12-05 15:36:49,490 INFO: Executing TransactionTrackerOperations.select_customer()
2018-12-05 15:36:56,303 INFO: Executing TransactionTrackerOperations.select_customer()
2018-12-05 15:37:08,008 INFO: Executing TransactionTrackerOperations.get_CM_parcels()
2018-12-05 15:37:14,194 INFO: Executing TransactionTrackerOperations.search_process_for_CMPDM() for: Performance Health|Chosen Healthcare DSSI|810
2018-12-05 15:37:14,856 INFO: Executing TransactionTrackerOperations.select_customer()
2018-12-05 15:37:21,683 INFO: Executing TransactionTrackerOperations.select_customer()
2018-12-05 15:37:32,776 INFO: Executing TransactionTrackerOperations.get_CM_parcels()
2018-12-05 15:37:39,466 INFO: Executing TransactionTrackerOperations.search_process_for_CMPDM() for: Performance Health|CLEAR CHOICE DSSI|810
2018-12-05 15:37:39,510 INFO: Executing TransactionTrackerOperations.select_customer()
2018-12-05 15:37:46,300 INFO: Executing TransactionTrackerOperations.select_customer()
2018-12-05 15:37:57,502 INFO: Executing TransactionTrackerOperations.get_CM_parcels()
2018-12-05 15:38:00,262 INFO: NoSuchElementException in TransactionTrackerOperations.get_CM_parcels()
2018-12-05 15:38:04,769 INFO: NoSuchElementException in TransactionTrackerOperations.get_CM_parcels()
2018-12-05 15:38:09,209 INFO: NoSuchElementException in TransactionTrackerOperations.get_CM_parcels()
2018-12-05 15:38:13,700 INFO: NoSuchElementException in TransactionTrackerOperations.get_CM_parcels()
2018-12-05 15:38:18,117 INFO: NoSuchElementException in TransactionTrackerOperations.get_CM_parcels()
2018-12-05 15:38:22,589 INFO: NoSuchElementException in TransactionTrackerOperations.get_CM_parcels()
2018-12-05 15:38:27,032 INFO: NoSuchElementException in TransactionTrackerOperations.get_CM_parcels()
2018-12-05 15:38:31,490 INFO: NoSuchElementException in TransactionTrackerOperations.get_CM_parcels()
2018-12-05 15:38:34,789 INFO: NoSuchElementException in TransactionTrackerOperations.get_CM_parcels()
2018-12-05 15:38:40,943 INFO: Executing TransactionTrackerOperations.search_process_for_CMPDM() for: Performance Health|COMMUNICARE DSSI|810
2018-12-05 15:38:41,510 INFO: Executing TransactionTrackerOperations.select_customer()
2018-12-05 15:38:48,320 INFO: Executing TransactionTrackerOperations.select_customer()
2018-12-05 15:38:59,625 INFO: Executing TransactionTrackerOperations.get_CM_parcels()
2018-12-05 15:39:06,471 INFO: Executing TransactionTrackerOperations.search_process_for_CMPDM() for: Performance Health|COMPLETE HEALTHCARE DSSI|810
2018-12-05 15:39:06,491 INFO: Executing TransactionTrackerOperations.select_customer()
2018-12-05 15:39:13,289 INFO: Executing TransactionTrackerOperations.select_customer()
2018-12-05 15:39:26,213 INFO: Executing TransactionTrackerOperations.get_CM_parcels()
2018-12-05 15:39:29,832 INFO: NoSuchElementException in TransactionTrackerOperations.get_CM_parcels()
2018-12-05 15:39:35,142 INFO: NoSuchElementException in TransactionTrackerOperations.get_CM_parcels()
2018-12-05 15:39:40,365 INFO: NoSuchElementException in TransactionTrackerOperations.get_CM_parcels()
2018-12-05 15:39:45,834 INFO: NoSuchElementException in TransactionTrackerOperations.get_CM_parcels()
2018-12-05 15:39:51,289 INFO: NoSuchElementException in TransactionTrackerOperations.get_CM_parcels()
2018-12-05 15:39:56,584 INFO: NoSuchElementException in TransactionTrackerOperations.get_CM_parcels()
2018-12-05 15:40:02,006 INFO: NoSuchElementException in TransactionTrackerOperations.get_CM_parcels()
2018-12-05 15:40:07,350 INFO: NoSuchElementException in TransactionTrackerOperations.get_CM_parcels()
2018-12-05 15:40:12,666 INFO: NoSuchElementException in TransactionTrackerOperations.get_CM_parcels()
2018-12-05 15:40:18,602 INFO: NoSuchElementException in TransactionTrackerOperations.get_CM_parcels()
2018-12-05 15:40:26,384 INFO: NoSuchElementException in TransactionTrackerOperations.get_CM_parcels()
2018-12-05 15:40:34,451 INFO: NoSuchElementException in TransactionTrackerOperations.get_CM_parcels()
2018-12-05 15:40:39,514 INFO: NoSuchElementException in TransactionTrackerOperations.get_CM_parcels()
2018-12-05 15:40:48,908 INFO: Executing TransactionTrackerOperations.search_process_for_CMPDM() for: Performance Health|COVENANT DOVE DSSI|810
2018-12-05 15:40:50,249 INFO: Executing TransactionTrackerOperations.select_customer()
2018-12-05 15:40:58,694 INFO: Executing TransactionTrackerOperations.select_customer()
2018-12-05 15:41:13,290 INFO: Executing TransactionTrackerOperations.get_CM_parcels()
2018-12-05 15:41:19,648 INFO: NoSuchElementException in TransactionTrackerOperations.get_CM_parcels()
2018-12-05 15:41:26,929 INFO: NoSuchElementException in TransactionTrackerOperations.get_CM_parcels()
2018-12-05 15:41:34,703 INFO: NoSuchElementException in TransactionTrackerOperations.get_CM_parcels()
2018-12-05 15:41:42,163 INFO: NoSuchElementException in TransactionTrackerOperations.get_CM_parcels()
2018-12-05 15:41:49,750 INFO: NoSuchElementException in TransactionTrackerOperations.get_CM_parcels()
2018-12-05 15:41:56,498 INFO: NoSuchElementException in TransactionTrackerOperations.get_CM_parcels()
2018-12-05 15:42:02,350 INFO: NoSuchElementException in TransactionTrackerOperations.get_CM_parcels()
2018-12-05 15:42:08,097 INFO: NoSuchElementException in TransactionTrackerOperations.get_CM_parcels()
2018-12-05 15:42:14,136 INFO: NoSuchElementException in TransactionTrackerOperations.get_CM_parcels()
2018-12-05 15:42:19,819 INFO: NoSuchElementException in TransactionTrackerOperations.get_CM_parcels()
2018-12-05 15:42:27,437 INFO: NoSuchElementException in TransactionTrackerOperations.get_CM_parcels()
2018-12-05 15:42:36,804 INFO: NoSuchElementException in TransactionTrackerOperations.get_CM_parcels()
2018-12-05 15:42:43,580 INFO: NoSuchElementException in TransactionTrackerOperations.get_CM_parcels()
2018-12-05 15:42:48,478 INFO: NoSuchElementException in TransactionTrackerOperations.get_CM_parcels()
2018-12-05 15:42:55,008 INFO: NoSuchElementException in TransactionTrackerOperations.get_CM_parcels()
2018-12-05 15:43:00,857 INFO: NoSuchElementException in TransactionTrackerOperations.get_CM_parcels()
2018-12-05 15:43:07,399 INFO: NoSuchElementException in TransactionTrackerOperations.get_CM_parcels()
2018-12-05 15:43:10,909 INFO: NoSuchElementException in TransactionTrackerOperations.get_CM_parcels()
2018-12-05 15:43:15,456 ERROR: Error in CMProductionDataMonitoring.TaskFilter()
