2018-12-10 11:49:13,252 INFO: Executing Script Credit Memo Prodution Data Monitoring
2018-12-10 11:49:13,344 INFO: Executing CMProductionDataMonitoring.execute_main()
2018-12-10 11:49:19,308 INFO: Login in to Launchpad
2018-12-10 11:49:35,714 INFO: Executing CMProductionDataMonitoring.TaskFilter()
2018-12-10 11:49:35,926 INFO: Refreshing access_token
2018-12-10 11:49:42,718 INFO: select InProgress task from input sheet from CMProductionDataMonitoring.TaskFilter()
2018-12-10 11:49:42,718 INFO: Executing TransactionTrackerOperations.search_process_for_CMPDM() for: Performance Health|McKesson EMH REGIONAL HEALTHCARE SYSTEMS|810
2018-12-10 11:49:42,739 INFO: Executing TransactionTrackerOperations.select_customer()
2018-12-10 11:49:49,570 INFO: Executing TransactionTrackerOperations.select_customer()
2018-12-10 11:51:46,937 INFO: Executing Script Credit Memo Prodution Data Monitoring
2018-12-10 11:51:47,036 INFO: Executing CMProductionDataMonitoring.execute_main()
2018-12-10 11:51:50,344 INFO: Login in to Launchpad
2018-12-10 11:52:05,577 INFO: Executing CMProductionDataMonitoring.TaskFilter()
2018-12-10 11:52:05,800 INFO: Refreshing access_token
2018-12-10 11:52:11,130 INFO: select InProgress task from input sheet from CMProductionDataMonitoring.TaskFilter()
2018-12-10 11:52:11,131 INFO: Executing TransactionTrackerOperations.search_process_for_CMPDM() for: Performance Health|McKesson BASCOM PALMER EYE INST|810
2018-12-10 11:52:11,339 INFO: Executing TransactionTrackerOperations.select_customer()
2018-12-10 11:52:18,305 INFO: Executing TransactionTrackerOperations.select_customer()
2018-12-10 11:52:29,666 INFO: Executing TransactionTrackerOperations.get_CM_parcels()
2018-12-10 11:52:35,736 INFO: Executing TransactionTrackerOperations.search_process_for_CMPDM() for: Performance Health|McKesson CABELL HUNTINGTON HOSPITAL|810
2018-12-10 11:52:35,938 INFO: Executing TransactionTrackerOperations.select_customer()
2018-12-10 11:52:42,801 INFO: Executing TransactionTrackerOperations.select_customer()
2018-12-10 11:52:54,240 INFO: Executing TransactionTrackerOperations.get_CM_parcels()
2018-12-10 11:52:57,057 INFO: NoSuchElementException in TransactionTrackerOperations.get_CM_parcels()
2018-12-10 11:53:01,685 INFO: NoSuchElementException in TransactionTrackerOperations.get_CM_parcels()
2018-12-10 11:53:04,313 INFO: NoSuchElementException in TransactionTrackerOperations.get_CM_parcels()
2018-12-10 11:53:10,367 INFO: Executing TransactionTrackerOperations.search_process_for_CMPDM() for: Performance Health|McKesson CHILDRENS HOSPITAL|810
2018-12-10 11:53:11,396 INFO: Executing TransactionTrackerOperations.select_customer()
2018-12-10 11:53:18,342 INFO: Executing TransactionTrackerOperations.select_customer()
2018-12-10 11:53:30,002 INFO: Executing TransactionTrackerOperations.get_CM_parcels()
2018-12-10 11:53:32,689 INFO: NoSuchElementException in TransactionTrackerOperations.get_CM_parcels()
2018-12-10 11:53:37,297 INFO: NoSuchElementException in TransactionTrackerOperations.get_CM_parcels()
2018-12-10 11:53:40,123 INFO: NoSuchElementException in TransactionTrackerOperations.get_CM_parcels()
2018-12-10 11:53:46,100 INFO: Executing TransactionTrackerOperations.search_process_for_CMPDM() for: Performance Health|McKesson CHRISTIANA CARE HEALTH|810
2018-12-10 11:53:46,703 INFO: Executing TransactionTrackerOperations.select_customer()
2018-12-10 11:53:53,527 INFO: Executing TransactionTrackerOperations.select_customer()
2018-12-10 11:54:05,223 INFO: Executing TransactionTrackerOperations.get_CM_parcels()
2018-12-10 11:54:07,967 INFO: NoSuchElementException in TransactionTrackerOperations.get_CM_parcels()
2018-12-10 11:54:12,487 INFO: NoSuchElementException in TransactionTrackerOperations.get_CM_parcels()
2018-12-10 11:54:17,149 INFO: NoSuchElementException in TransactionTrackerOperations.get_CM_parcels()
2018-12-10 11:54:21,632 INFO: NoSuchElementException in TransactionTrackerOperations.get_CM_parcels()
2018-12-10 11:54:26,120 INFO: NoSuchElementException in TransactionTrackerOperations.get_CM_parcels()
2018-12-10 11:54:30,550 INFO: NoSuchElementException in TransactionTrackerOperations.get_CM_parcels()
2018-12-10 11:54:35,052 INFO: NoSuchElementException in TransactionTrackerOperations.get_CM_parcels()
2018-12-10 11:54:39,565 INFO: NoSuchElementException in TransactionTrackerOperations.get_CM_parcels()
2018-12-10 11:54:44,191 INFO: NoSuchElementException in TransactionTrackerOperations.get_CM_parcels()
2018-12-10 11:54:48,665 INFO: NoSuchElementException in TransactionTrackerOperations.get_CM_parcels()
2018-12-10 11:54:53,182 INFO: NoSuchElementException in TransactionTrackerOperations.get_CM_parcels()
2018-12-10 11:54:57,204 INFO: NoSuchElementException in TransactionTrackerOperations.get_CM_parcels()
2018-12-10 11:55:04,430 INFO: Executing TransactionTrackerOperations.search_process_for_CMPDM() for: Performance Health|McKesson EMH REGIONAL HEALTHCARE SYSTEMS|810
2018-12-10 11:55:04,770 INFO: Executing TransactionTrackerOperations.select_customer()
2018-12-10 11:55:11,612 INFO: Executing TransactionTrackerOperations.select_customer()
2018-12-10 11:55:23,570 INFO: Executing TransactionTrackerOperations.get_CM_parcels()
2018-12-10 11:55:28,871 INFO: Executing TransactionTrackerOperations.search_process_for_CMPDM() for: Performance Health|McKesson EMORY HEALTHCARE|810
2018-12-10 11:55:29,757 INFO: Executing TransactionTrackerOperations.select_customer()
2018-12-10 11:55:36,560 INFO: Executing TransactionTrackerOperations.select_customer()
2018-12-10 11:55:47,693 INFO: Executing TransactionTrackerOperations.get_CM_parcels()
2018-12-10 11:55:50,374 INFO: NoSuchElementException in TransactionTrackerOperations.get_CM_parcels()
2018-12-10 11:55:54,910 INFO: NoSuchElementException in TransactionTrackerOperations.get_CM_parcels()
2018-12-10 11:55:59,324 INFO: NoSuchElementException in TransactionTrackerOperations.get_CM_parcels()
2018-12-10 11:56:03,748 INFO: NoSuchElementException in TransactionTrackerOperations.get_CM_parcels()
2018-12-10 11:56:08,184 INFO: NoSuchElementException in TransactionTrackerOperations.get_CM_parcels()
2018-12-10 11:56:12,629 INFO: NoSuchElementException in TransactionTrackerOperations.get_CM_parcels()
2018-12-10 11:56:17,193 INFO: NoSuchElementException in TransactionTrackerOperations.get_CM_parcels()
2018-12-10 11:56:21,638 INFO: NoSuchElementException in TransactionTrackerOperations.get_CM_parcels()
2018-12-10 11:56:26,185 INFO: NoSuchElementException in TransactionTrackerOperations.get_CM_parcels()
2018-12-10 11:56:30,868 INFO: NoSuchElementException in TransactionTrackerOperations.get_CM_parcels()
2018-12-10 11:56:35,376 INFO: NoSuchElementException in TransactionTrackerOperations.get_CM_parcels()
2018-12-10 11:56:39,855 INFO: NoSuchElementException in TransactionTrackerOperations.get_CM_parcels()
2018-12-10 11:56:44,372 INFO: NoSuchElementException in TransactionTrackerOperations.get_CM_parcels()
2018-12-10 11:56:48,867 INFO: NoSuchElementException in TransactionTrackerOperations.get_CM_parcels()
2018-12-10 11:56:53,550 INFO: NoSuchElementException in TransactionTrackerOperations.get_CM_parcels()
2018-12-10 11:56:58,069 INFO: NoSuchElementException in TransactionTrackerOperations.get_CM_parcels()
2018-12-10 11:57:02,612 INFO: NoSuchElementException in TransactionTrackerOperations.get_CM_parcels()
2018-12-10 11:57:07,166 INFO: NoSuchElementException in TransactionTrackerOperations.get_CM_parcels()
2018-12-10 11:57:11,756 INFO: NoSuchElementException in TransactionTrackerOperations.get_CM_parcels()
2018-12-10 11:57:16,593 INFO: NoSuchElementException in TransactionTrackerOperations.get_CM_parcels()
2018-12-10 11:57:19,346 INFO: NoSuchElementException in TransactionTrackerOperations.get_CM_parcels()
2018-12-10 11:57:26,631 INFO: Executing TransactionTrackerOperations.search_process_for_CMPDM() for: Performance Health|McKesson FIRELANDS REGIONAL MEDICAL CENTER|810
2018-12-10 11:57:26,755 INFO: Executing TransactionTrackerOperations.select_customer()
2018-12-10 11:57:33,535 INFO: Executing TransactionTrackerOperations.select_customer()
2018-12-10 11:57:45,101 INFO: Executing TransactionTrackerOperations.get_CM_parcels()
2018-12-10 11:57:51,163 INFO: Executing TransactionTrackerOperations.search_process_for_CMPDM() for: Performance Health|McKesson FIRSTHEALTH CAROLINAS|810
2018-12-10 11:57:51,349 INFO: Executing TransactionTrackerOperations.select_customer()
2018-12-10 11:57:58,136 INFO: Executing TransactionTrackerOperations.select_customer()
2018-12-10 11:58:09,420 INFO: Executing TransactionTrackerOperations.get_CM_parcels()
2018-12-10 11:58:15,362 INFO: Executing TransactionTrackerOperations.search_process_for_CMPDM() for: Performance Health|McKesson FRANCISCAN ALLIANCE INC|810
2018-12-10 11:58:15,466 INFO: Executing TransactionTrackerOperations.select_customer()
2018-12-10 11:58:22,674 INFO: Executing TransactionTrackerOperations.select_customer()
2018-12-10 11:58:34,002 INFO: Executing TransactionTrackerOperations.get_CM_parcels()
2018-12-10 11:58:36,757 INFO: NoSuchElementException in TransactionTrackerOperations.get_CM_parcels()
2018-12-10 11:58:41,600 INFO: NoSuchElementException in TransactionTrackerOperations.get_CM_parcels()
2018-12-10 11:58:46,192 INFO: NoSuchElementException in TransactionTrackerOperations.get_CM_parcels()
2018-12-10 11:58:51,027 INFO: NoSuchElementException in TransactionTrackerOperations.get_CM_parcels()
2018-12-10 11:58:55,446 INFO: NoSuchElementException in TransactionTrackerOperations.get_CM_parcels()
2018-12-10 11:58:59,911 INFO: NoSuchElementException in TransactionTrackerOperations.get_CM_parcels()
2018-12-10 11:59:04,453 INFO: NoSuchElementException in TransactionTrackerOperations.get_CM_parcels()
2018-12-10 11:59:08,900 INFO: NoSuchElementException in TransactionTrackerOperations.get_CM_parcels()
2018-12-10 11:59:13,368 INFO: NoSuchElementException in TransactionTrackerOperations.get_CM_parcels()
2018-12-10 11:59:18,185 INFO: NoSuchElementException in TransactionTrackerOperations.get_CM_parcels()
2018-12-10 11:59:22,797 INFO: NoSuchElementException in TransactionTrackerOperations.get_CM_parcels()
2018-12-10 11:59:27,273 INFO: NoSuchElementException in TransactionTrackerOperations.get_CM_parcels()
2018-12-10 11:59:31,894 INFO: NoSuchElementException in TransactionTrackerOperations.get_CM_parcels()
2018-12-10 11:59:36,401 INFO: NoSuchElementException in TransactionTrackerOperations.get_CM_parcels()
2018-12-10 11:59:46,116 INFO: Executing TransactionTrackerOperations.search_process_for_CMPDM() for: Performance Health|McKesson GOOD SHEPHERD REHAB NETWORK|810
2018-12-10 11:59:46,351 INFO: Executing TransactionTrackerOperations.select_customer()
2018-12-10 11:59:53,160 INFO: Executing TransactionTrackerOperations.select_customer()
2018-12-10 12:00:05,070 INFO: Executing TransactionTrackerOperations.get_CM_parcels()
2018-12-10 12:00:07,757 INFO: NoSuchElementException in TransactionTrackerOperations.get_CM_parcels()
2018-12-10 12:00:12,345 INFO: NoSuchElementException in TransactionTrackerOperations.get_CM_parcels()
2018-12-10 12:00:17,106 INFO: NoSuchElementException in TransactionTrackerOperations.get_CM_parcels()
2018-12-10 12:00:21,605 INFO: NoSuchElementException in TransactionTrackerOperations.get_CM_parcels()
2018-12-10 12:00:26,032 INFO: NoSuchElementException in TransactionTrackerOperations.get_CM_parcels()
2018-12-10 12:00:30,476 INFO: NoSuchElementException in TransactionTrackerOperations.get_CM_parcels()
2018-12-10 12:00:34,918 INFO: NoSuchElementException in TransactionTrackerOperations.get_CM_parcels()
2018-12-10 12:00:39,393 INFO: NoSuchElementException in TransactionTrackerOperations.get_CM_parcels()
2018-12-10 12:00:43,874 INFO: NoSuchElementException in TransactionTrackerOperations.get_CM_parcels()
2018-12-10 12:00:48,507 INFO: NoSuchElementException in TransactionTrackerOperations.get_CM_parcels()
2018-12-10 12:00:52,995 INFO: NoSuchElementException in TransactionTrackerOperations.get_CM_parcels()
2018-12-10 12:00:57,492 INFO: NoSuchElementException in TransactionTrackerOperations.get_CM_parcels()
2018-12-10 12:01:02,173 INFO: NoSuchElementException in TransactionTrackerOperations.get_CM_parcels()
2018-12-10 12:01:11,579 INFO: Executing TransactionTrackerOperations.search_process_for_CMPDM() for: Performance Health|McKesson HALIFAX REGIONAL HOSPITAL|810
2018-12-10 12:01:11,960 INFO: Executing TransactionTrackerOperations.select_customer()
2018-12-10 12:01:18,808 INFO: Executing TransactionTrackerOperations.select_customer()
2018-12-10 12:01:30,181 INFO: Executing TransactionTrackerOperations.get_CM_parcels()
2018-12-10 12:01:36,338 INFO: Executing TransactionTrackerOperations.search_process_for_CMPDM() for: Performance Health|McKesson HATTISBURG CLINIC|810
2018-12-10 12:01:36,596 INFO: Executing TransactionTrackerOperations.select_customer()
2018-12-10 12:01:43,408 INFO: Executing TransactionTrackerOperations.select_customer()
2018-12-10 12:01:55,016 INFO: Executing TransactionTrackerOperations.get_CM_parcels()
2018-12-10 12:02:00,372 INFO: Executing TransactionTrackerOperations.search_process_for_CMPDM() for: Performance Health|McKesson IL BONE AND JOINT|810
2018-12-10 12:02:01,133 INFO: Executing TransactionTrackerOperations.select_customer()
2018-12-10 12:02:07,913 INFO: Executing TransactionTrackerOperations.select_customer()
2018-12-10 12:02:19,052 INFO: Executing TransactionTrackerOperations.get_CM_parcels()
2018-12-10 12:02:25,172 INFO: Executing TransactionTrackerOperations.search_process_for_CMPDM() for: Performance Health|McKesson LAKE CHARLES MEMORIAL HOSPITAL|810
2018-12-10 12:02:25,199 INFO: Executing TransactionTrackerOperations.select_customer()
2018-12-10 12:02:31,989 INFO: Executing TransactionTrackerOperations.select_customer()
2018-12-10 12:02:43,834 INFO: Executing TransactionTrackerOperations.get_CM_parcels()
2018-12-10 12:02:49,163 INFO: Executing TransactionTrackerOperations.search_process_for_CMPDM() for: Performance Health|McKesson LAWRENCE MEMORIAL HOSPITAL|810
2018-12-10 12:02:49,759 INFO: Executing TransactionTrackerOperations.select_customer()
2018-12-10 12:02:56,547 INFO: Executing TransactionTrackerOperations.select_customer()
2018-12-10 12:03:07,937 INFO: Executing TransactionTrackerOperations.get_CM_parcels()
2018-12-10 12:03:10,591 INFO: NoSuchElementException in TransactionTrackerOperations.get_CM_parcels()
2018-12-10 12:03:15,038 INFO: NoSuchElementException in TransactionTrackerOperations.get_CM_parcels()
2018-12-10 12:03:19,452 INFO: NoSuchElementException in TransactionTrackerOperations.get_CM_parcels()
2018-12-10 12:03:23,907 INFO: NoSuchElementException in TransactionTrackerOperations.get_CM_parcels()
2018-12-10 12:03:27,202 INFO: NoSuchElementException in TransactionTrackerOperations.get_CM_parcels()
2018-12-10 12:03:33,102 INFO: Executing TransactionTrackerOperations.search_process_for_CMPDM() for: Performance Health|McKesson LEESBURG REGIONAL|810
2018-12-10 12:03:33,660 INFO: Executing TransactionTrackerOperations.select_customer()
2018-12-10 12:03:40,447 INFO: Executing TransactionTrackerOperations.select_customer()
2018-12-10 12:03:51,923 INFO: Executing TransactionTrackerOperations.get_CM_parcels()
2018-12-10 12:03:52,722 INFO: NoSuchElementException in TransactionTrackerOperations.get_CM_parcels()
2018-12-10 12:03:59,367 INFO: Executing TransactionTrackerOperations.search_process_for_CMPDM() for: Performance Health|McKesson LOMA LINDA UNIVERSITY MEDICAL CENTER|810
2018-12-10 12:03:59,391 INFO: Executing TransactionTrackerOperations.select_customer()
2018-12-10 12:04:06,179 INFO: Executing TransactionTrackerOperations.select_customer()
2018-12-10 12:04:18,146 INFO: Executing TransactionTrackerOperations.get_CM_parcels()
2018-12-10 12:04:18,424 INFO: NoSuchElementException in TransactionTrackerOperations.get_CM_parcels()
2018-12-10 12:04:24,490 INFO: Executing TransactionTrackerOperations.search_process_for_CMPDM() for: Performance Health|McKesson MCG HEALTH INC|810
2018-12-10 12:04:25,012 INFO: Executing TransactionTrackerOperations.select_customer()
2018-12-10 12:04:31,825 INFO: Executing TransactionTrackerOperations.select_customer()
2018-12-10 12:04:42,896 INFO: Executing TransactionTrackerOperations.get_CM_parcels()
2018-12-10 12:04:45,746 INFO: NoSuchElementException in TransactionTrackerOperations.get_CM_parcels()
2018-12-10 12:04:50,213 INFO: NoSuchElementException in TransactionTrackerOperations.get_CM_parcels()
2018-12-10 12:04:54,665 INFO: NoSuchElementException in TransactionTrackerOperations.get_CM_parcels()
2018-12-10 12:04:59,161 INFO: NoSuchElementException in TransactionTrackerOperations.get_CM_parcels()
2018-12-10 12:05:01,755 INFO: NoSuchElementException in TransactionTrackerOperations.get_CM_parcels()
2018-12-10 12:05:08,412 INFO: Executing TransactionTrackerOperations.search_process_for_CMPDM() for: Performance Health|McKesson NCH HEALTHCARE|810
2018-12-10 12:05:08,431 INFO: Executing TransactionTrackerOperations.select_customer()
2018-12-10 12:05:15,226 INFO: Executing TransactionTrackerOperations.select_customer()
2018-12-10 12:05:26,293 INFO: Executing TransactionTrackerOperations.get_CM_parcels()
2018-12-10 12:05:28,921 INFO: NoSuchElementException in TransactionTrackerOperations.get_CM_parcels()
2018-12-10 12:05:33,410 INFO: NoSuchElementException in TransactionTrackerOperations.get_CM_parcels()
2018-12-10 12:05:37,840 INFO: NoSuchElementException in TransactionTrackerOperations.get_CM_parcels()
2018-12-10 12:05:42,235 INFO: NoSuchElementException in TransactionTrackerOperations.get_CM_parcels()
2018-12-10 12:05:46,647 INFO: NoSuchElementException in TransactionTrackerOperations.get_CM_parcels()
2018-12-10 12:05:51,095 INFO: NoSuchElementException in TransactionTrackerOperations.get_CM_parcels()
2018-12-10 12:05:53,484 INFO: NoSuchElementException in TransactionTrackerOperations.get_CM_parcels()
2018-12-10 12:05:59,472 INFO: Executing TransactionTrackerOperations.search_process_for_CMPDM() for: Performance Health|McKesson SACRED HEART HOSPITAL|810
2018-12-10 12:05:59,967 INFO: Executing TransactionTrackerOperations.select_customer()
2018-12-10 12:06:06,881 INFO: Executing TransactionTrackerOperations.select_customer()
2018-12-10 12:06:18,492 INFO: Executing TransactionTrackerOperations.get_CM_parcels()
2018-12-10 12:06:23,872 INFO: Executing TransactionTrackerOperations.search_process_for_CMPDM() for: Performance Health|McKesson SAINT FRANCES MEDICAL CENTER|810
2018-12-10 12:06:24,415 INFO: Executing TransactionTrackerOperations.select_customer()
2018-12-10 12:06:31,265 INFO: Executing TransactionTrackerOperations.select_customer()
2018-12-10 12:06:42,760 INFO: Executing TransactionTrackerOperations.get_CM_parcels()
2018-12-10 12:06:45,505 INFO: NoSuchElementException in TransactionTrackerOperations.get_CM_parcels()
2018-12-10 12:06:49,979 INFO: NoSuchElementException in TransactionTrackerOperations.get_CM_parcels()
2018-12-10 12:06:54,357 INFO: NoSuchElementException in TransactionTrackerOperations.get_CM_parcels()
2018-12-10 12:07:01,866 INFO: Executing TransactionTrackerOperations.search_process_for_CMPDM() for: Performance Health|McKesson SOUTHERN NEW HAMPSHIRE MEDICAL CENTER|810
2018-12-10 12:07:02,370 INFO: Executing TransactionTrackerOperations.select_customer()
2018-12-10 12:07:09,199 INFO: Executing TransactionTrackerOperations.select_customer()
2018-12-10 12:07:21,320 INFO: Executing TransactionTrackerOperations.get_CM_parcels()
2018-12-10 12:07:23,979 INFO: NoSuchElementException in TransactionTrackerOperations.get_CM_parcels()
2018-12-10 12:07:28,437 INFO: NoSuchElementException in TransactionTrackerOperations.get_CM_parcels()
2018-12-10 12:07:32,821 INFO: NoSuchElementException in TransactionTrackerOperations.get_CM_parcels()
2018-12-10 12:07:35,620 INFO: NoSuchElementException in TransactionTrackerOperations.get_CM_parcels()
2018-12-10 12:07:41,702 INFO: Executing TransactionTrackerOperations.search_process_for_CMPDM() for: Performance Health|McKesson TIFT REGIONAL MEDICAL CENTER|810
2018-12-10 12:07:42,293 INFO: Executing TransactionTrackerOperations.select_customer()
2018-12-10 12:07:49,112 INFO: Executing TransactionTrackerOperations.select_customer()
2018-12-10 12:08:00,610 INFO: Executing TransactionTrackerOperations.get_CM_parcels()
2018-12-10 12:08:06,723 INFO: Executing TransactionTrackerOperations.search_process_for_CMPDM() for: Performance Health|McKesson TRINITY MOTHER FRANCES HOSPITAL|810
2018-12-10 12:08:06,743 INFO: Executing TransactionTrackerOperations.select_customer()
2018-12-10 12:08:13,569 INFO: Executing TransactionTrackerOperations.select_customer()
2018-12-10 12:08:25,561 INFO: Executing TransactionTrackerOperations.get_CM_parcels()
2018-12-10 12:08:28,227 INFO: NoSuchElementException in TransactionTrackerOperations.get_CM_parcels()
2018-12-10 12:08:32,743 INFO: NoSuchElementException in TransactionTrackerOperations.get_CM_parcels()
2018-12-10 12:08:37,265 INFO: NoSuchElementException in TransactionTrackerOperations.get_CM_parcels()
2018-12-10 12:08:41,678 INFO: NoSuchElementException in TransactionTrackerOperations.get_CM_parcels()
2018-12-10 12:08:46,095 INFO: NoSuchElementException in TransactionTrackerOperations.get_CM_parcels()
2018-12-10 12:08:50,913 INFO: NoSuchElementException in TransactionTrackerOperations.get_CM_parcels()
2018-12-10 12:08:53,297 INFO: NoSuchElementException in TransactionTrackerOperations.get_CM_parcels()
2018-12-10 12:08:59,224 INFO: Executing TransactionTrackerOperations.search_process_for_CMPDM() for: Performance Health|McKesson Truman Medical Center|810
2018-12-10 12:08:59,739 INFO: Executing TransactionTrackerOperations.select_customer()
2018-12-10 12:09:06,606 INFO: Executing TransactionTrackerOperations.select_customer()
2018-12-10 12:09:18,237 INFO: Executing TransactionTrackerOperations.get_CM_parcels()
2018-12-10 12:09:21,206 INFO: NoSuchElementException in TransactionTrackerOperations.get_CM_parcels()
2018-12-10 12:09:26,471 INFO: NoSuchElementException in TransactionTrackerOperations.get_CM_parcels()
2018-12-10 12:09:32,214 INFO: NoSuchElementException in TransactionTrackerOperations.get_CM_parcels()
2018-12-10 12:09:36,820 INFO: NoSuchElementException in TransactionTrackerOperations.get_CM_parcels()
2018-12-10 12:09:41,264 INFO: NoSuchElementException in TransactionTrackerOperations.get_CM_parcels()
2018-12-10 12:09:46,236 INFO: NoSuchElementException in TransactionTrackerOperations.get_CM_parcels()
2018-12-10 12:09:51,231 INFO: NoSuchElementException in TransactionTrackerOperations.get_CM_parcels()
2018-12-10 12:09:55,680 INFO: NoSuchElementException in TransactionTrackerOperations.get_CM_parcels()
2018-12-10 12:10:00,250 INFO: NoSuchElementException in TransactionTrackerOperations.get_CM_parcels()
2018-12-10 12:10:04,911 INFO: NoSuchElementException in TransactionTrackerOperations.get_CM_parcels()
2018-12-10 12:10:09,463 INFO: NoSuchElementException in TransactionTrackerOperations.get_CM_parcels()
2018-12-10 12:10:14,023 INFO: NoSuchElementException in TransactionTrackerOperations.get_CM_parcels()
2018-12-10 12:10:18,508 INFO: NoSuchElementException in TransactionTrackerOperations.get_CM_parcels()
2018-12-10 12:10:23,447 INFO: NoSuchElementException in TransactionTrackerOperations.get_CM_parcels()
2018-12-10 12:10:27,956 INFO: NoSuchElementException in TransactionTrackerOperations.get_CM_parcels()
2018-12-10 12:10:32,582 INFO: NoSuchElementException in TransactionTrackerOperations.get_CM_parcels()
2018-12-10 12:10:37,242 INFO: NoSuchElementException in TransactionTrackerOperations.get_CM_parcels()
2018-12-10 12:10:41,742 INFO: NoSuchElementException in TransactionTrackerOperations.get_CM_parcels()
2018-12-10 12:10:45,292 INFO: NoSuchElementException in TransactionTrackerOperations.get_CM_parcels()
2018-12-10 12:10:51,925 INFO: Executing TransactionTrackerOperations.search_process_for_CMPDM() for: Performance Health|McKesson UNITED HOSPITAL SYSTEM INC|810
2018-12-10 12:10:52,665 INFO: Executing TransactionTrackerOperations.select_customer()
2018-12-10 12:10:59,525 INFO: Executing TransactionTrackerOperations.select_customer()
2018-12-10 12:11:11,385 INFO: Executing TransactionTrackerOperations.get_CM_parcels()
2018-12-10 12:11:14,099 INFO: NoSuchElementException in TransactionTrackerOperations.get_CM_parcels()
2018-12-10 12:11:18,591 INFO: NoSuchElementException in TransactionTrackerOperations.get_CM_parcels()
2018-12-10 12:11:22,085 INFO: NoSuchElementException in TransactionTrackerOperations.get_CM_parcels()
2018-12-10 12:11:28,771 INFO: Executing TransactionTrackerOperations.search_process_for_CMPDM() for: Performance Health|McKesson VAIL VALLEY MEDICAL CENTER|810
2018-12-10 12:11:29,579 INFO: Executing TransactionTrackerOperations.select_customer()
2018-12-10 12:11:36,373 INFO: Executing TransactionTrackerOperations.select_customer()
2018-12-10 12:11:47,730 INFO: Executing TransactionTrackerOperations.get_CM_parcels()
2018-12-10 12:11:50,398 INFO: NoSuchElementException in TransactionTrackerOperations.get_CM_parcels()
2018-12-10 12:11:54,889 INFO: NoSuchElementException in TransactionTrackerOperations.get_CM_parcels()
2018-12-10 12:11:59,298 INFO: NoSuchElementException in TransactionTrackerOperations.get_CM_parcels()
2018-12-10 12:12:03,784 INFO: NoSuchElementException in TransactionTrackerOperations.get_CM_parcels()
2018-12-10 12:12:08,295 INFO: NoSuchElementException in TransactionTrackerOperations.get_CM_parcels()
2018-12-10 12:12:12,692 INFO: NoSuchElementException in TransactionTrackerOperations.get_CM_parcels()
2018-12-10 12:12:17,125 INFO: NoSuchElementException in TransactionTrackerOperations.get_CM_parcels()
2018-12-10 12:12:21,597 INFO: NoSuchElementException in TransactionTrackerOperations.get_CM_parcels()
2018-12-10 12:12:26,051 INFO: NoSuchElementException in TransactionTrackerOperations.get_CM_parcels()
2018-12-10 12:12:30,544 INFO: NoSuchElementException in TransactionTrackerOperations.get_CM_parcels()
2018-12-10 12:12:35,127 INFO: NoSuchElementException in TransactionTrackerOperations.get_CM_parcels()
2018-12-10 12:12:39,625 INFO: NoSuchElementException in TransactionTrackerOperations.get_CM_parcels()
2018-12-10 12:12:44,090 INFO: NoSuchElementException in TransactionTrackerOperations.get_CM_parcels()
2018-12-10 12:12:48,588 INFO: NoSuchElementException in TransactionTrackerOperations.get_CM_parcels()
2018-12-10 12:12:53,086 INFO: NoSuchElementException in TransactionTrackerOperations.get_CM_parcels()
2018-12-10 12:12:56,420 INFO: NoSuchElementException in TransactionTrackerOperations.get_CM_parcels()
2018-12-10 12:13:04,237 INFO: Executing TransactionTrackerOperations.search_process_for_CMPDM() for: Performance Health|McKesson WHEATON FRANCISCAN HEALTHCARE|810
2018-12-10 12:13:04,545 INFO: Executing TransactionTrackerOperations.select_customer()
2018-12-10 12:13:11,376 INFO: Executing TransactionTrackerOperations.select_customer()
2018-12-10 12:13:22,862 INFO: Executing TransactionTrackerOperations.get_CM_parcels()
2018-12-10 12:13:28,250 INFO: Executing TransactionTrackerOperations.search_process_for_CMPDM() for: Performance Health|MFA DSSI|810
2018-12-10 12:13:29,062 INFO: Executing TransactionTrackerOperations.select_customer()
2018-12-10 12:13:35,877 INFO: Executing TransactionTrackerOperations.select_customer()
2018-12-10 12:13:46,765 INFO: Executing TransactionTrackerOperations.get_CM_parcels()
2018-12-10 12:13:52,104 INFO: Executing TransactionTrackerOperations.search_process_for_CMPDM() for: Performance Health|MIDWEST GERIATRIC DSSI|810
2018-12-10 12:13:52,771 INFO: Executing TransactionTrackerOperations.select_customer()
2018-12-10 12:13:59,572 INFO: Executing TransactionTrackerOperations.select_customer()
2018-12-10 12:14:10,952 INFO: Executing TransactionTrackerOperations.get_CM_parcels()
2018-12-10 12:14:11,240 INFO: NoSuchElementException in TransactionTrackerOperations.get_CM_parcels()
2018-12-10 12:14:17,906 INFO: Executing TransactionTrackerOperations.search_process_for_CMPDM() for: Performance Health|MIDWEST HEALTH DSSI|810
2018-12-10 12:14:18,035 INFO: Executing TransactionTrackerOperations.select_customer()
2018-12-10 12:14:24,855 INFO: Executing TransactionTrackerOperations.select_customer()
2018-12-10 12:14:36,085 INFO: Executing TransactionTrackerOperations.get_CM_parcels()
2018-12-10 12:14:38,783 INFO: NoSuchElementException in TransactionTrackerOperations.get_CM_parcels()
2018-12-10 12:14:43,276 INFO: NoSuchElementException in TransactionTrackerOperations.get_CM_parcels()
2018-12-10 12:14:46,782 INFO: NoSuchElementException in TransactionTrackerOperations.get_CM_parcels()
2018-12-10 12:14:53,323 INFO: Executing TransactionTrackerOperations.search_process_for_CMPDM() for: Performance Health|MISSION HEALTH DSSI|810
2018-12-10 12:14:53,341 INFO: Executing TransactionTrackerOperations.select_customer()
2018-12-10 12:15:00,137 INFO: Executing TransactionTrackerOperations.select_customer()
2018-12-10 12:15:11,345 INFO: Executing TransactionTrackerOperations.get_CM_parcels()
2018-12-10 12:15:14,221 INFO: NoSuchElementException in TransactionTrackerOperations.get_CM_parcels()
2018-12-10 12:15:18,704 INFO: NoSuchElementException in TransactionTrackerOperations.get_CM_parcels()
2018-12-10 12:15:23,099 INFO: NoSuchElementException in TransactionTrackerOperations.get_CM_parcels()
2018-12-10 12:15:27,554 INFO: NoSuchElementException in TransactionTrackerOperations.get_CM_parcels()
2018-12-10 12:15:31,969 INFO: NoSuchElementException in TransactionTrackerOperations.get_CM_parcels()
2018-12-10 12:15:36,460 INFO: NoSuchElementException in TransactionTrackerOperations.get_CM_parcels()
2018-12-10 12:15:40,438 INFO: NoSuchElementException in TransactionTrackerOperations.get_CM_parcels()
2018-12-10 12:15:46,420 INFO: Executing TransactionTrackerOperations.search_process_for_CMPDM() for: Performance Health|NEXION DSSI|810
2018-12-10 12:15:46,891 INFO: Executing TransactionTrackerOperations.select_customer()
2018-12-10 12:15:53,702 INFO: Executing TransactionTrackerOperations.select_customer()
2018-12-10 12:16:04,783 INFO: Executing TransactionTrackerOperations.get_CM_parcels()
2018-12-10 12:16:07,439 INFO: NoSuchElementException in TransactionTrackerOperations.get_CM_parcels()
2018-12-10 12:16:11,946 INFO: NoSuchElementException in TransactionTrackerOperations.get_CM_parcels()
2018-12-10 12:16:16,332 INFO: NoSuchElementException in TransactionTrackerOperations.get_CM_parcels()
2018-12-10 12:16:20,834 INFO: NoSuchElementException in TransactionTrackerOperations.get_CM_parcels()
2018-12-10 12:16:25,256 INFO: NoSuchElementException in TransactionTrackerOperations.get_CM_parcels()
2018-12-10 12:16:29,691 INFO: NoSuchElementException in TransactionTrackerOperations.get_CM_parcels()
2018-12-10 12:16:34,983 INFO: NoSuchElementException in TransactionTrackerOperations.get_CM_parcels()
2018-12-10 12:16:39,083 INFO: NoSuchElementException in TransactionTrackerOperations.get_CM_parcels()
2018-12-10 12:16:46,272 INFO: Executing TransactionTrackerOperations.search_process_for_CMPDM() for: Performance Health|NOLAND HEALTH SERVICES DSSI|810
2018-12-10 12:16:46,291 INFO: Executing TransactionTrackerOperations.select_customer()
2018-12-10 12:16:53,091 INFO: Executing TransactionTrackerOperations.select_customer()
2018-12-10 12:17:04,512 INFO: Executing TransactionTrackerOperations.get_CM_parcels()
2018-12-10 12:17:07,173 INFO: NoSuchElementException in TransactionTrackerOperations.get_CM_parcels()
2018-12-10 12:17:11,839 INFO: NoSuchElementException in TransactionTrackerOperations.get_CM_parcels()
2018-12-10 12:17:16,239 INFO: NoSuchElementException in TransactionTrackerOperations.get_CM_parcels()
2018-12-10 12:17:20,701 INFO: NoSuchElementException in TransactionTrackerOperations.get_CM_parcels()
2018-12-10 12:17:23,512 INFO: NoSuchElementException in TransactionTrackerOperations.get_CM_parcels()
2018-12-10 12:17:29,562 INFO: Executing TransactionTrackerOperations.search_process_for_CMPDM() for: Performance Health|NORTHPORT DSSI|810
2018-12-10 12:17:29,949 INFO: Executing TransactionTrackerOperations.select_customer()
2018-12-10 12:17:36,761 INFO: Executing TransactionTrackerOperations.select_customer()
2018-12-10 12:17:47,922 INFO: Executing TransactionTrackerOperations.get_CM_parcels()
2018-12-10 12:17:53,961 INFO: Executing TransactionTrackerOperations.search_process_for_CMPDM() for: Performance Health|NUVISION DSSI|810
2018-12-10 12:17:53,979 INFO: Executing TransactionTrackerOperations.select_customer()
2018-12-10 12:18:00,790 INFO: Executing TransactionTrackerOperations.select_customer()
2018-12-10 12:18:11,881 INFO: Executing TransactionTrackerOperations.get_CM_parcels()
2018-12-10 12:18:14,524 INFO: NoSuchElementException in TransactionTrackerOperations.get_CM_parcels()
2018-12-10 12:18:19,023 INFO: NoSuchElementException in TransactionTrackerOperations.get_CM_parcels()
2018-12-10 12:18:22,528 INFO: NoSuchElementException in TransactionTrackerOperations.get_CM_parcels()
2018-12-10 12:18:28,554 INFO: Executing TransactionTrackerOperations.search_process_for_CMPDM() for: Performance Health|ONIX GROUP DSSI|810
2018-12-10 12:18:29,030 INFO: Executing TransactionTrackerOperations.select_customer()
2018-12-10 12:18:35,837 INFO: Executing TransactionTrackerOperations.select_customer()
2018-12-10 12:18:47,030 INFO: Executing TransactionTrackerOperations.get_CM_parcels()
2018-12-10 12:18:49,662 INFO: NoSuchElementException in TransactionTrackerOperations.get_CM_parcels()
2018-12-10 12:18:54,122 INFO: NoSuchElementException in TransactionTrackerOperations.get_CM_parcels()
2018-12-10 12:18:58,487 INFO: NoSuchElementException in TransactionTrackerOperations.get_CM_parcels()
2018-12-10 12:19:02,450 INFO: NoSuchElementException in TransactionTrackerOperations.get_CM_parcels()
2018-12-10 12:19:09,056 INFO: Executing TransactionTrackerOperations.search_process_for_CMPDM() for: Performance Health|PENNMED CONSULTANTS INC DSSI|810
2018-12-10 12:19:09,080 INFO: Executing TransactionTrackerOperations.select_customer()
2018-12-10 12:19:15,883 INFO: Executing TransactionTrackerOperations.select_customer()
2018-12-10 12:19:27,408 INFO: Executing TransactionTrackerOperations.get_CM_parcels()
2018-12-10 12:19:32,691 INFO: Executing TransactionTrackerOperations.search_process_for_CMPDM() for: Performance Health|PREFERRED CARE DSSI|810
2018-12-10 12:19:33,182 INFO: Executing TransactionTrackerOperations.select_customer()
2018-12-10 12:19:39,980 INFO: Executing TransactionTrackerOperations.select_customer()
2018-12-10 12:19:51,218 INFO: Executing TransactionTrackerOperations.get_CM_parcels()
2018-12-10 12:19:57,984 INFO: Executing TransactionTrackerOperations.search_process_for_CMPDM() for: Performance Health|PRESBYTERIAN HOMES AND SERVICES DSSI|810
2018-12-10 12:19:58,005 INFO: Executing TransactionTrackerOperations.select_customer()
2018-12-10 12:20:04,803 INFO: Executing TransactionTrackerOperations.select_customer()
2018-12-10 12:20:16,496 INFO: Executing TransactionTrackerOperations.get_CM_parcels()
2018-12-10 12:20:19,148 INFO: NoSuchElementException in TransactionTrackerOperations.get_CM_parcels()
2018-12-10 12:20:23,602 INFO: NoSuchElementException in TransactionTrackerOperations.get_CM_parcels()
2018-12-10 12:20:28,047 INFO: NoSuchElementException in TransactionTrackerOperations.get_CM_parcels()
2018-12-10 12:20:32,580 INFO: NoSuchElementException in TransactionTrackerOperations.get_CM_parcels()
2018-12-10 12:20:37,047 INFO: NoSuchElementException in TransactionTrackerOperations.get_CM_parcels()
2018-12-10 12:20:40,804 INFO: NoSuchElementException in TransactionTrackerOperations.get_CM_parcels()
2018-12-10 12:20:46,700 INFO: Executing TransactionTrackerOperations.search_process_for_CMPDM() for: Performance Health|PRESBYTERIAN SENIOR LIVING DSSI|810
2018-12-10 12:20:47,189 INFO: Executing TransactionTrackerOperations.select_customer()
2018-12-10 12:20:54,008 INFO: Executing TransactionTrackerOperations.select_customer()
2018-12-10 12:21:05,617 INFO: Executing TransactionTrackerOperations.get_CM_parcels()
2018-12-10 12:21:08,286 INFO: NoSuchElementException in TransactionTrackerOperations.get_CM_parcels()
2018-12-10 12:21:12,774 INFO: NoSuchElementException in TransactionTrackerOperations.get_CM_parcels()
2018-12-10 12:21:17,178 INFO: NoSuchElementException in TransactionTrackerOperations.get_CM_parcels()
2018-12-10 12:21:20,278 INFO: NoSuchElementException in TransactionTrackerOperations.get_CM_parcels()
2018-12-10 12:21:26,347 INFO: Executing TransactionTrackerOperations.search_process_for_CMPDM() for: Performance Health|QUALITY LIFE SERVICES DSSI|810
2018-12-10 12:21:26,999 INFO: Executing TransactionTrackerOperations.select_customer()
2018-12-10 12:21:33,813 INFO: Executing TransactionTrackerOperations.select_customer()
2018-12-10 12:21:44,992 INFO: Executing TransactionTrackerOperations.get_CM_parcels()
2018-12-10 12:21:47,754 INFO: NoSuchElementException in TransactionTrackerOperations.get_CM_parcels()
2018-12-10 12:21:52,261 INFO: NoSuchElementException in TransactionTrackerOperations.get_CM_parcels()
2018-12-10 12:21:56,692 INFO: NoSuchElementException in TransactionTrackerOperations.get_CM_parcels()
2018-12-10 12:22:01,149 INFO: NoSuchElementException in TransactionTrackerOperations.get_CM_parcels()
2018-12-10 12:22:05,550 INFO: NoSuchElementException in TransactionTrackerOperations.get_CM_parcels()
2018-12-10 12:22:08,585 INFO: NoSuchElementException in TransactionTrackerOperations.get_CM_parcels()
2018-12-10 12:22:14,541 INFO: Executing TransactionTrackerOperations.search_process_for_CMPDM() for: Performance Health|Quest Healthcare Development DSSI|810
2018-12-10 12:22:15,075 INFO: Executing TransactionTrackerOperations.select_customer()
2018-12-10 12:22:21,856 INFO: Executing TransactionTrackerOperations.select_customer()
2018-12-10 12:22:33,022 INFO: Executing TransactionTrackerOperations.get_CM_parcels()
2018-12-10 12:22:39,103 INFO: Executing TransactionTrackerOperations.search_process_for_CMPDM() for: Performance Health|Regency Integrated Health Services DSSI|810
2018-12-10 12:22:39,129 INFO: Executing TransactionTrackerOperations.select_customer()
2018-12-10 12:22:45,935 INFO: Executing TransactionTrackerOperations.select_customer()
2018-12-10 12:22:57,603 INFO: Executing TransactionTrackerOperations.get_CM_parcels()
2018-12-10 12:23:03,000 INFO: Executing TransactionTrackerOperations.search_process_for_CMPDM() for: Performance Health|RENNES HEALTH DSSI|810
2018-12-10 12:23:03,948 INFO: Executing TransactionTrackerOperations.select_customer()
2018-12-10 12:23:10,733 INFO: Executing TransactionTrackerOperations.select_customer()
2018-12-10 12:23:22,051 INFO: Executing TransactionTrackerOperations.get_CM_parcels()
2018-12-10 12:23:24,760 INFO: NoSuchElementException in TransactionTrackerOperations.get_CM_parcels()
2018-12-10 12:23:29,279 INFO: NoSuchElementException in TransactionTrackerOperations.get_CM_parcels()
2018-12-10 12:23:33,685 INFO: NoSuchElementException in TransactionTrackerOperations.get_CM_parcels()
2018-12-10 12:23:38,110 INFO: NoSuchElementException in TransactionTrackerOperations.get_CM_parcels()
2018-12-10 12:23:41,816 INFO: NoSuchElementException in TransactionTrackerOperations.get_CM_parcels()
2018-12-10 12:23:47,767 INFO: Executing TransactionTrackerOperations.search_process_for_CMPDM() for: Performance Health|SABER HEALTHCARE DSSI|810
2018-12-10 12:23:48,152 INFO: Executing TransactionTrackerOperations.select_customer()
2018-12-10 12:23:54,942 INFO: Executing TransactionTrackerOperations.select_customer()
2018-12-10 12:24:06,339 INFO: Executing TransactionTrackerOperations.get_CM_parcels()
2018-12-10 12:24:11,591 INFO: Executing TransactionTrackerOperations.search_process_for_CMPDM() for: Performance Health|SPRENGER HEALTHCARE DSSI|810
2018-12-10 12:24:12,141 INFO: Executing TransactionTrackerOperations.select_customer()
2018-12-10 12:24:18,977 INFO: Executing TransactionTrackerOperations.select_customer()
2018-12-10 12:24:30,450 INFO: Executing TransactionTrackerOperations.get_CM_parcels()
2018-12-10 12:24:33,147 INFO: NoSuchElementException in TransactionTrackerOperations.get_CM_parcels()
2018-12-10 12:24:37,664 INFO: NoSuchElementException in TransactionTrackerOperations.get_CM_parcels()
2018-12-10 12:24:42,080 INFO: NoSuchElementException in TransactionTrackerOperations.get_CM_parcels()
2018-12-10 12:24:46,564 INFO: NoSuchElementException in TransactionTrackerOperations.get_CM_parcels()
2018-12-10 12:24:50,954 INFO: NoSuchElementException in TransactionTrackerOperations.get_CM_parcels()
2018-12-10 12:24:55,382 INFO: NoSuchElementException in TransactionTrackerOperations.get_CM_parcels()
2018-12-10 12:24:59,813 INFO: NoSuchElementException in TransactionTrackerOperations.get_CM_parcels()
2018-12-10 12:25:04,275 INFO: NoSuchElementException in TransactionTrackerOperations.get_CM_parcels()
2018-12-10 12:25:08,834 INFO: NoSuchElementException in TransactionTrackerOperations.get_CM_parcels()
2018-12-10 12:25:13,311 INFO: NoSuchElementException in TransactionTrackerOperations.get_CM_parcels()
2018-12-10 12:25:17,099 INFO: NoSuchElementException in TransactionTrackerOperations.get_CM_parcels()
2018-12-10 12:25:23,853 INFO: Executing TransactionTrackerOperations.search_process_for_CMPDM() for: Performance Health|SPRINGPOINT DSSI|810
2018-12-10 12:25:24,803 INFO: Executing TransactionTrackerOperations.select_customer()
2018-12-10 12:25:31,626 INFO: Executing TransactionTrackerOperations.select_customer()
2018-12-10 12:25:42,811 INFO: Executing TransactionTrackerOperations.get_CM_parcels()
2018-12-10 12:25:45,426 INFO: NoSuchElementException in TransactionTrackerOperations.get_CM_parcels()
2018-12-10 12:25:49,879 INFO: NoSuchElementException in TransactionTrackerOperations.get_CM_parcels()
2018-12-10 12:25:54,257 INFO: NoSuchElementException in TransactionTrackerOperations.get_CM_parcels()
2018-12-10 12:25:58,442 INFO: NoSuchElementException in TransactionTrackerOperations.get_CM_parcels()
2018-12-10 12:26:05,209 INFO: Executing TransactionTrackerOperations.search_process_for_CMPDM() for: Performance Health|STONERISE MEDICAL DSSI|810
2018-12-10 12:26:05,412 INFO: Executing TransactionTrackerOperations.select_customer()
2018-12-10 12:26:12,208 INFO: Executing TransactionTrackerOperations.select_customer()
2018-12-10 12:26:23,537 INFO: Executing TransactionTrackerOperations.get_CM_parcels()
2018-12-10 12:26:26,404 INFO: NoSuchElementException in TransactionTrackerOperations.get_CM_parcels()
2018-12-10 12:26:30,911 INFO: NoSuchElementException in TransactionTrackerOperations.get_CM_parcels()
2018-12-10 12:26:35,305 INFO: NoSuchElementException in TransactionTrackerOperations.get_CM_parcels()
2018-12-10 12:26:39,732 INFO: NoSuchElementException in TransactionTrackerOperations.get_CM_parcels()
2018-12-10 12:26:44,114 INFO: NoSuchElementException in TransactionTrackerOperations.get_CM_parcels()
2018-12-10 12:26:48,700 INFO: NoSuchElementException in TransactionTrackerOperations.get_CM_parcels()
2018-12-10 12:26:53,161 INFO: NoSuchElementException in TransactionTrackerOperations.get_CM_parcels()
2018-12-10 12:26:57,603 INFO: NoSuchElementException in TransactionTrackerOperations.get_CM_parcels()
2018-12-10 12:27:02,135 INFO: NoSuchElementException in TransactionTrackerOperations.get_CM_parcels()
2018-12-10 12:27:06,565 INFO: NoSuchElementException in TransactionTrackerOperations.get_CM_parcels()
2018-12-10 12:27:11,012 INFO: NoSuchElementException in TransactionTrackerOperations.get_CM_parcels()
2018-12-10 12:27:15,519 INFO: NoSuchElementException in TransactionTrackerOperations.get_CM_parcels()
2018-12-10 12:27:20,073 INFO: NoSuchElementException in TransactionTrackerOperations.get_CM_parcels()
2018-12-10 12:27:24,740 INFO: NoSuchElementException in TransactionTrackerOperations.get_CM_parcels()
2018-12-10 12:27:29,355 INFO: NoSuchElementException in TransactionTrackerOperations.get_CM_parcels()
2018-12-10 12:27:33,849 INFO: NoSuchElementException in TransactionTrackerOperations.get_CM_parcels()
2018-12-10 12:27:38,380 INFO: NoSuchElementException in TransactionTrackerOperations.get_CM_parcels()
2018-12-10 12:27:42,980 INFO: NoSuchElementException in TransactionTrackerOperations.get_CM_parcels()
2018-12-10 12:27:46,268 INFO: NoSuchElementException in TransactionTrackerOperations.get_CM_parcels()
2018-12-10 12:27:53,026 INFO: Executing TransactionTrackerOperations.search_process_for_CMPDM() for: Performance Health|TAMARAC ADMINISTRACTIVE SERVICES DSSI|810
2018-12-10 12:27:53,862 INFO: Executing TransactionTrackerOperations.select_customer()
2018-12-10 12:28:00,668 INFO: Executing TransactionTrackerOperations.select_customer()
2018-12-10 12:28:12,360 INFO: Executing TransactionTrackerOperations.get_CM_parcels()
2018-12-10 12:28:17,752 INFO: Executing TransactionTrackerOperations.search_process_for_CMPDM() for: Performance Health|TANDEM HEALTHCARE DSSI|810
2018-12-10 12:28:18,508 INFO: Executing TransactionTrackerOperations.select_customer()
2018-12-10 12:28:25,313 INFO: Executing TransactionTrackerOperations.select_customer()
2018-12-10 12:28:36,720 INFO: Executing TransactionTrackerOperations.get_CM_parcels()
2018-12-10 12:28:42,082 INFO: Executing TransactionTrackerOperations.search_process_for_CMPDM() for: Performance Health|TARA CARES LLC DSSI|810
2018-12-10 12:28:42,676 INFO: Executing TransactionTrackerOperations.select_customer()
2018-12-10 12:28:49,474 INFO: Executing TransactionTrackerOperations.select_customer()
2018-12-10 12:29:00,844 INFO: Executing TransactionTrackerOperations.get_CM_parcels()
2018-12-10 12:29:03,766 INFO: Executing TransactionTrackerOperations.search_process_for_CMPDM() for: Performance Health|TEALWOOD TWN DSSI|810
2018-12-10 12:29:04,552 INFO: Executing TransactionTrackerOperations.select_customer()
2018-12-10 12:29:11,366 INFO: Executing TransactionTrackerOperations.select_customer()
2018-12-10 12:29:22,635 INFO: Executing TransactionTrackerOperations.get_CM_parcels()
2018-12-10 12:29:25,269 INFO: NoSuchElementException in TransactionTrackerOperations.get_CM_parcels()
2018-12-10 12:29:29,760 INFO: NoSuchElementException in TransactionTrackerOperations.get_CM_parcels()
2018-12-10 12:29:34,157 INFO: NoSuchElementException in TransactionTrackerOperations.get_CM_parcels()
2018-12-10 12:29:38,582 INFO: NoSuchElementException in TransactionTrackerOperations.get_CM_parcels()
2018-12-10 12:29:43,014 INFO: NoSuchElementException in TransactionTrackerOperations.get_CM_parcels()
2018-12-10 12:29:47,489 INFO: NoSuchElementException in TransactionTrackerOperations.get_CM_parcels()
2018-12-10 12:29:51,975 INFO: NoSuchElementException in TransactionTrackerOperations.get_CM_parcels()
2018-12-10 12:29:56,415 INFO: NoSuchElementException in TransactionTrackerOperations.get_CM_parcels()
2018-12-10 12:30:01,025 INFO: NoSuchElementException in TransactionTrackerOperations.get_CM_parcels()
2018-12-10 12:30:05,501 INFO: NoSuchElementException in TransactionTrackerOperations.get_CM_parcels()
2018-12-10 12:30:15,104 INFO: Executing TransactionTrackerOperations.search_process_for_CMPDM() for: Performance Health|TRANS HEALTH CARE DSSI|810
2018-12-10 12:30:15,409 INFO: Executing TransactionTrackerOperations.select_customer()
2018-12-10 12:30:22,229 INFO: Executing TransactionTrackerOperations.select_customer()
2018-12-10 12:30:33,656 INFO: Executing TransactionTrackerOperations.get_CM_parcels()
2018-12-10 12:30:39,099 INFO: Executing TransactionTrackerOperations.search_process_for_CMPDM() for: Performance Health|UNITED MEDICAL DSSI|810
2018-12-10 12:30:40,009 INFO: Executing TransactionTrackerOperations.select_customer()
2018-12-10 12:30:46,824 INFO: Executing TransactionTrackerOperations.select_customer()
2018-12-10 12:30:58,109 INFO: Executing TransactionTrackerOperations.get_CM_parcels()
2018-12-10 12:31:03,451 INFO: Executing TransactionTrackerOperations.search_process_for_CMPDM() for: Performance Health|WILMAC DSSI|810
2018-12-10 12:31:04,290 INFO: Executing TransactionTrackerOperations.select_customer()
2018-12-10 12:31:11,076 INFO: Executing TransactionTrackerOperations.select_customer()
2018-12-10 12:31:21,882 INFO: Executing TransactionTrackerOperations.get_CM_parcels()
2018-12-10 12:31:24,528 INFO: NoSuchElementException in TransactionTrackerOperations.get_CM_parcels()
2018-12-10 12:31:29,062 INFO: NoSuchElementException in TransactionTrackerOperations.get_CM_parcels()
2018-12-10 12:31:33,442 INFO: NoSuchElementException in TransactionTrackerOperations.get_CM_parcels()
2018-12-10 12:31:36,989 INFO: NoSuchElementException in TransactionTrackerOperations.get_CM_parcels()
2018-12-10 12:31:42,979 INFO: Executing TransactionTrackerOperations.search_process_for_CMPDM() for: Performance Health|Senior Care Centers LLC|810
2018-12-10 12:31:43,519 INFO: Executing TransactionTrackerOperations.select_customer()
2018-12-10 12:31:50,349 INFO: Executing TransactionTrackerOperations.select_customer()
2018-12-10 12:32:01,410 INFO: Executing TransactionTrackerOperations.get_CM_parcels()
2018-12-10 12:32:06,856 INFO: Executing TransactionTrackerOperations.search_process_for_CMPDM() for: Performance Health|AMERICAN SENIOR COMMUNITIES DSSI|810
2018-12-10 12:32:07,413 INFO: Executing TransactionTrackerOperations.select_customer()
2018-12-10 12:32:14,197 INFO: Executing TransactionTrackerOperations.select_customer()
2018-12-10 12:32:25,802 INFO: Executing TransactionTrackerOperations.get_CM_parcels()
2018-12-10 12:32:31,761 INFO: Executing TransactionTrackerOperations.search_process_for_CMPDM() for: Performance Health|BaneCare Management DSSI|810
2018-12-10 12:32:32,189 INFO: Executing TransactionTrackerOperations.select_customer()
2018-12-10 12:32:38,991 INFO: Executing TransactionTrackerOperations.select_customer()
2018-12-10 12:32:49,960 INFO: Executing TransactionTrackerOperations.get_CM_parcels()
2018-12-10 12:32:55,389 INFO: Executing TransactionTrackerOperations.search_process_for_CMPDM() for: Performance Health|DSSI Next Step Healthcare|810
2018-12-10 12:32:55,904 INFO: Executing TransactionTrackerOperations.select_customer()
2018-12-10 12:33:02,702 INFO: Executing TransactionTrackerOperations.select_customer()
2018-12-10 12:33:14,170 INFO: Executing TransactionTrackerOperations.get_CM_parcels()
2018-12-10 12:33:17,048 INFO: NoSuchElementException in TransactionTrackerOperations.get_CM_parcels()
2018-12-10 12:33:21,542 INFO: NoSuchElementException in TransactionTrackerOperations.get_CM_parcels()
2018-12-10 12:33:25,975 INFO: NoSuchElementException in TransactionTrackerOperations.get_CM_parcels()
2018-12-10 12:33:30,498 INFO: NoSuchElementException in TransactionTrackerOperations.get_CM_parcels()
2018-12-10 12:33:34,900 INFO: NoSuchElementException in TransactionTrackerOperations.get_CM_parcels()
2018-12-10 12:33:39,332 INFO: NoSuchElementException in TransactionTrackerOperations.get_CM_parcels()
2018-12-10 12:33:43,784 INFO: NoSuchElementException in TransactionTrackerOperations.get_CM_parcels()
2018-12-10 12:33:48,266 INFO: NoSuchElementException in TransactionTrackerOperations.get_CM_parcels()
2018-12-10 12:33:52,744 INFO: NoSuchElementException in TransactionTrackerOperations.get_CM_parcels()
2018-12-10 12:33:57,352 INFO: NoSuchElementException in TransactionTrackerOperations.get_CM_parcels()
2018-12-10 12:34:01,844 INFO: NoSuchElementException in TransactionTrackerOperations.get_CM_parcels()
2018-12-10 12:34:06,332 INFO: NoSuchElementException in TransactionTrackerOperations.get_CM_parcels()
2018-12-10 12:34:11,083 INFO: NoSuchElementException in TransactionTrackerOperations.get_CM_parcels()
2018-12-10 12:34:15,908 INFO: NoSuchElementException in TransactionTrackerOperations.get_CM_parcels()
2018-12-10 12:34:20,477 INFO: NoSuchElementException in TransactionTrackerOperations.get_CM_parcels()
2018-12-10 12:34:25,057 INFO: NoSuchElementException in TransactionTrackerOperations.get_CM_parcels()
2018-12-10 12:34:29,574 INFO: NoSuchElementException in TransactionTrackerOperations.get_CM_parcels()
2018-12-10 12:34:34,163 INFO: NoSuchElementException in TransactionTrackerOperations.get_CM_parcels()
2018-12-10 12:34:38,885 INFO: NoSuchElementException in TransactionTrackerOperations.get_CM_parcels()
2018-12-10 12:34:48,498 INFO: Executing TransactionTrackerOperations.search_process_for_CMPDM() for: Performance Health|Regency Pacific DSSI|810
2018-12-10 12:34:48,798 INFO: Executing TransactionTrackerOperations.select_customer()
2018-12-10 12:34:55,614 INFO: Executing TransactionTrackerOperations.select_customer()
2018-12-10 12:35:06,634 INFO: Executing TransactionTrackerOperations.get_CM_parcels()
2018-12-10 12:35:12,267 INFO: Executing TransactionTrackerOperations.search_process_for_CMPDM() for: Performance Health|ADVANTAGE HPSI DSSI|810
2018-12-10 12:35:13,134 INFO: Executing TransactionTrackerOperations.select_customer()
2018-12-10 12:35:19,926 INFO: Executing TransactionTrackerOperations.select_customer()
2018-12-10 12:35:31,249 INFO: Executing TransactionTrackerOperations.get_CM_parcels()
2018-12-10 12:35:33,882 INFO: NoSuchElementException in TransactionTrackerOperations.get_CM_parcels()
2018-12-10 12:35:38,394 INFO: NoSuchElementException in TransactionTrackerOperations.get_CM_parcels()
2018-12-10 12:35:42,797 INFO: NoSuchElementException in TransactionTrackerOperations.get_CM_parcels()
2018-12-10 12:35:45,416 INFO: NoSuchElementException in TransactionTrackerOperations.get_CM_parcels()
2018-12-10 12:35:51,386 INFO: Executing TransactionTrackerOperations.search_process_for_CMPDM() for: Performance Health|ADVANTAGE NAVIGATOR DSSI|810
2018-12-10 12:35:52,027 INFO: Executing TransactionTrackerOperations.select_customer()
2018-12-10 12:35:58,817 INFO: Executing TransactionTrackerOperations.select_customer()
2018-12-10 12:36:10,366 INFO: Executing TransactionTrackerOperations.get_CM_parcels()
2018-12-10 12:36:15,691 INFO: Executing TransactionTrackerOperations.search_process_for_CMPDM() for: Performance Health|American Health Companies|810
2018-12-10 12:36:16,441 INFO: Executing TransactionTrackerOperations.select_customer()
2018-12-10 12:36:23,434 INFO: Executing TransactionTrackerOperations.select_customer()
2018-12-10 12:36:35,209 INFO: Executing TransactionTrackerOperations.get_CM_parcels()
2018-12-10 12:36:40,702 INFO: Executing TransactionTrackerOperations.search_process_for_CMPDM() for: Performance Health|APEX|810
2018-12-10 12:36:41,374 INFO: Executing TransactionTrackerOperations.select_customer()
2018-12-10 12:36:48,238 INFO: Executing TransactionTrackerOperations.select_customer()
2018-12-10 12:36:59,203 INFO: Executing TransactionTrackerOperations.get_CM_parcels()
2018-12-10 12:37:05,197 INFO: Executing TransactionTrackerOperations.search_process_for_CMPDM() for: Performance Health|APEX HEALTHCARE FLORIDA DSSI|810
2018-12-10 12:37:05,217 INFO: Executing TransactionTrackerOperations.select_customer()
2018-12-10 12:37:12,092 INFO: Executing TransactionTrackerOperations.select_customer()
2018-12-10 12:37:23,748 INFO: Executing TransactionTrackerOperations.get_CM_parcels()
2018-12-10 12:37:26,450 INFO: NoSuchElementException in TransactionTrackerOperations.get_CM_parcels()
2018-12-10 12:37:31,020 INFO: NoSuchElementException in TransactionTrackerOperations.get_CM_parcels()
2018-12-10 12:37:35,727 INFO: NoSuchElementException in TransactionTrackerOperations.get_CM_parcels()
2018-12-10 12:37:40,642 INFO: NoSuchElementException in TransactionTrackerOperations.get_CM_parcels()
2018-12-10 12:37:46,193 INFO: NoSuchElementException in TransactionTrackerOperations.get_CM_parcels()
2018-12-10 12:37:51,775 INFO: NoSuchElementException in TransactionTrackerOperations.get_CM_parcels()
2018-12-10 12:37:56,540 INFO: NoSuchElementException in TransactionTrackerOperations.get_CM_parcels()
2018-12-10 12:38:01,150 INFO: NoSuchElementException in TransactionTrackerOperations.get_CM_parcels()
2018-12-10 12:38:05,879 INFO: NoSuchElementException in TransactionTrackerOperations.get_CM_parcels()
2018-12-10 12:38:10,462 INFO: NoSuchElementException in TransactionTrackerOperations.get_CM_parcels()
2018-12-10 12:38:15,054 INFO: NoSuchElementException in TransactionTrackerOperations.get_CM_parcels()
2018-12-10 12:38:19,637 INFO: NoSuchElementException in TransactionTrackerOperations.get_CM_parcels()
2018-12-10 12:38:24,355 INFO: NoSuchElementException in TransactionTrackerOperations.get_CM_parcels()
2018-12-10 12:38:26,966 INFO: NoSuchElementException in TransactionTrackerOperations.get_CM_parcels()
2018-12-10 12:38:33,808 INFO: Executing TransactionTrackerOperations.search_process_for_CMPDM() for: Performance Health|ATRIUM LIVING CENTERS DSSI|810
2018-12-10 12:38:34,657 INFO: Executing TransactionTrackerOperations.select_customer()
2018-12-10 12:38:41,549 INFO: Executing TransactionTrackerOperations.select_customer()
2018-12-10 12:38:53,739 INFO: Executing TransactionTrackerOperations.get_CM_parcels()
2018-12-10 12:38:56,851 INFO: NoSuchElementException in TransactionTrackerOperations.get_CM_parcels()
2018-12-10 12:39:01,494 INFO: NoSuchElementException in TransactionTrackerOperations.get_CM_parcels()
2018-12-10 12:39:06,033 INFO: NoSuchElementException in TransactionTrackerOperations.get_CM_parcels()
2018-12-10 12:39:10,686 INFO: NoSuchElementException in TransactionTrackerOperations.get_CM_parcels()
2018-12-10 12:39:15,191 INFO: NoSuchElementException in TransactionTrackerOperations.get_CM_parcels()
2018-12-10 12:39:20,625 INFO: NoSuchElementException in TransactionTrackerOperations.get_CM_parcels()
2018-12-10 12:39:25,770 INFO: NoSuchElementException in TransactionTrackerOperations.get_CM_parcels()
2018-12-10 12:39:30,563 INFO: NoSuchElementException in TransactionTrackerOperations.get_CM_parcels()
2018-12-10 12:39:35,413 INFO: NoSuchElementException in TransactionTrackerOperations.get_CM_parcels()
2018-12-10 12:39:40,496 INFO: NoSuchElementException in TransactionTrackerOperations.get_CM_parcels()
2018-12-10 12:39:45,252 INFO: NoSuchElementException in TransactionTrackerOperations.get_CM_parcels()
2018-12-10 12:39:49,340 INFO: NoSuchElementException in TransactionTrackerOperations.get_CM_parcels()
2018-12-10 12:39:55,945 INFO: Executing TransactionTrackerOperations.search_process_for_CMPDM() for: Performance Health|AXIOM DSSI|810
2018-12-10 12:39:56,855 INFO: Executing TransactionTrackerOperations.select_customer()
2018-12-10 12:40:03,695 INFO: Executing TransactionTrackerOperations.select_customer()
2018-12-10 12:40:14,769 INFO: Executing TransactionTrackerOperations.get_CM_parcels()
2018-12-10 12:40:17,796 INFO: NoSuchElementException in TransactionTrackerOperations.get_CM_parcels()
2018-12-10 12:40:20,756 INFO: NoSuchElementException in TransactionTrackerOperations.get_CM_parcels()
2018-12-10 12:40:26,693 INFO: Executing TransactionTrackerOperations.search_process_for_CMPDM() for: Performance Health|BE GROUP DSSI|810
2018-12-10 12:40:27,511 INFO: Executing TransactionTrackerOperations.select_customer()
2018-12-10 12:40:34,328 INFO: Executing TransactionTrackerOperations.select_customer()
2018-12-10 12:40:45,436 INFO: Executing TransactionTrackerOperations.get_CM_parcels()
2018-12-10 12:40:51,823 INFO: Executing TransactionTrackerOperations.search_process_for_CMPDM() for: Performance Health|BEACON HEALTH DSSI|810
2018-12-10 12:40:51,856 INFO: Executing TransactionTrackerOperations.select_customer()
2018-12-10 12:40:58,702 INFO: Executing TransactionTrackerOperations.select_customer()
2018-12-10 12:41:09,856 INFO: Executing TransactionTrackerOperations.get_CM_parcels()
2018-12-10 12:41:12,573 INFO: NoSuchElementException in TransactionTrackerOperations.get_CM_parcels()
2018-12-10 12:41:17,074 INFO: NoSuchElementException in TransactionTrackerOperations.get_CM_parcels()
2018-12-10 12:41:22,251 INFO: NoSuchElementException in TransactionTrackerOperations.get_CM_parcels()
2018-12-10 12:41:28,087 INFO: NoSuchElementException in TransactionTrackerOperations.get_CM_parcels()
2018-12-10 12:41:33,604 INFO: NoSuchElementException in TransactionTrackerOperations.get_CM_parcels()
2018-12-10 12:41:37,048 INFO: NoSuchElementException in TransactionTrackerOperations.get_CM_parcels()
2018-12-10 12:41:43,658 INFO: Executing TransactionTrackerOperations.search_process_for_CMPDM() for: Performance Health|BENEDICTINE DSSI|810
2018-12-10 12:41:43,724 INFO: Executing TransactionTrackerOperations.select_customer()
2018-12-10 12:41:50,552 INFO: Executing TransactionTrackerOperations.select_customer()
2018-12-10 12:42:01,686 INFO: Executing TransactionTrackerOperations.get_CM_parcels()
2018-12-10 12:42:07,335 INFO: Executing TransactionTrackerOperations.search_process_for_CMPDM() for: Performance Health|Bethlen Communities Home Health and Hospice|810
2018-12-10 12:42:07,862 INFO: Executing TransactionTrackerOperations.select_customer()
2018-12-10 12:42:14,691 INFO: Executing TransactionTrackerOperations.select_customer()
2018-12-10 12:42:26,096 INFO: Executing TransactionTrackerOperations.get_CM_parcels()
2018-12-10 12:42:28,749 INFO: NoSuchElementException in TransactionTrackerOperations.get_CM_parcels()
2018-12-10 12:42:31,663 INFO: NoSuchElementException in TransactionTrackerOperations.get_CM_parcels()
2018-12-10 12:42:38,347 INFO: Executing TransactionTrackerOperations.search_process_for_CMPDM() for: Performance Health|BOMBAY LANE DSSI|810
2018-12-10 12:42:38,366 INFO: Executing TransactionTrackerOperations.select_customer()
2018-12-10 12:42:45,178 INFO: Executing TransactionTrackerOperations.select_customer()
2018-12-10 12:42:56,224 INFO: Executing TransactionTrackerOperations.get_CM_parcels()
2018-12-10 12:42:58,923 INFO: NoSuchElementException in TransactionTrackerOperations.get_CM_parcels()
2018-12-10 12:43:03,416 INFO: NoSuchElementException in TransactionTrackerOperations.get_CM_parcels()
2018-12-10 12:43:07,853 INFO: NoSuchElementException in TransactionTrackerOperations.get_CM_parcels()
2018-12-10 12:43:12,375 INFO: NoSuchElementException in TransactionTrackerOperations.get_CM_parcels()
2018-12-10 12:43:16,793 INFO: NoSuchElementException in TransactionTrackerOperations.get_CM_parcels()
2018-12-10 12:43:24,947 INFO: Executing TransactionTrackerOperations.search_process_for_CMPDM() for: Performance Health|CARDON AND ASSOCIATES DSSI|810
2018-12-10 12:43:24,967 INFO: Executing TransactionTrackerOperations.select_customer()
2018-12-10 12:43:31,782 INFO: Executing TransactionTrackerOperations.select_customer()
2018-12-10 12:43:43,687 INFO: Executing TransactionTrackerOperations.get_CM_parcels()
2018-12-10 12:43:46,358 INFO: NoSuchElementException in TransactionTrackerOperations.get_CM_parcels()
2018-12-10 12:43:51,064 INFO: NoSuchElementException in TransactionTrackerOperations.get_CM_parcels()
2018-12-10 12:43:55,558 INFO: NoSuchElementException in TransactionTrackerOperations.get_CM_parcels()
2018-12-10 12:44:00,172 INFO: NoSuchElementException in TransactionTrackerOperations.get_CM_parcels()
2018-12-10 12:44:04,675 INFO: NoSuchElementException in TransactionTrackerOperations.get_CM_parcels()
2018-12-10 12:44:09,280 INFO: NoSuchElementException in TransactionTrackerOperations.get_CM_parcels()
2018-12-10 12:44:13,851 INFO: NoSuchElementException in TransactionTrackerOperations.get_CM_parcels()
2018-12-10 12:44:18,410 INFO: NoSuchElementException in TransactionTrackerOperations.get_CM_parcels()
2018-12-10 12:44:23,071 INFO: NoSuchElementException in TransactionTrackerOperations.get_CM_parcels()
2018-12-10 12:44:27,587 INFO: NoSuchElementException in TransactionTrackerOperations.get_CM_parcels()
2018-12-10 12:44:32,124 INFO: NoSuchElementException in TransactionTrackerOperations.get_CM_parcels()
2018-12-10 12:44:36,813 INFO: NoSuchElementException in TransactionTrackerOperations.get_CM_parcels()
2018-12-10 12:44:41,404 INFO: NoSuchElementException in TransactionTrackerOperations.get_CM_parcels()
2018-12-10 12:44:44,900 INFO: NoSuchElementException in TransactionTrackerOperations.get_CM_parcels()
2018-12-10 12:44:52,888 INFO: Executing TransactionTrackerOperations.search_process_for_CMPDM() for: Performance Health|CERES PURCHASING SOLUTIONS DSSI|810
2018-12-10 12:44:53,487 INFO: Executing TransactionTrackerOperations.select_customer()
2018-12-10 12:45:00,896 INFO: Executing TransactionTrackerOperations.select_customer()
2018-12-10 12:45:14,884 INFO: Executing TransactionTrackerOperations.get_CM_parcels()
2018-12-10 12:45:21,328 INFO: Executing TransactionTrackerOperations.search_process_for_CMPDM() for: Performance Health|Chosen Healthcare DSSI|810
2018-12-10 12:45:22,176 INFO: Executing TransactionTrackerOperations.select_customer()
2018-12-10 12:45:30,457 INFO: Executing TransactionTrackerOperations.select_customer()
2018-12-10 12:45:42,108 INFO: Executing TransactionTrackerOperations.get_CM_parcels()
2018-12-10 12:45:48,252 INFO: Executing TransactionTrackerOperations.search_process_for_CMPDM() for: Performance Health|CLEAR CHOICE DSSI|810
2018-12-10 12:45:48,497 INFO: Executing TransactionTrackerOperations.select_customer()
2018-12-10 12:45:55,387 INFO: Executing TransactionTrackerOperations.select_customer()
2018-12-10 12:46:06,662 INFO: Executing TransactionTrackerOperations.get_CM_parcels()
2018-12-10 12:46:09,343 INFO: NoSuchElementException in TransactionTrackerOperations.get_CM_parcels()
2018-12-10 12:46:13,862 INFO: NoSuchElementException in TransactionTrackerOperations.get_CM_parcels()
2018-12-10 12:46:18,292 INFO: NoSuchElementException in TransactionTrackerOperations.get_CM_parcels()
2018-12-10 12:46:22,804 INFO: NoSuchElementException in TransactionTrackerOperations.get_CM_parcels()
2018-12-10 12:46:27,346 INFO: NoSuchElementException in TransactionTrackerOperations.get_CM_parcels()
2018-12-10 12:46:31,874 INFO: NoSuchElementException in TransactionTrackerOperations.get_CM_parcels()
2018-12-10 12:46:36,365 INFO: NoSuchElementException in TransactionTrackerOperations.get_CM_parcels()
2018-12-10 12:46:40,877 INFO: NoSuchElementException in TransactionTrackerOperations.get_CM_parcels()
2018-12-10 12:46:45,122 INFO: NoSuchElementException in TransactionTrackerOperations.get_CM_parcels()
2018-12-10 12:46:52,085 INFO: Executing TransactionTrackerOperations.search_process_for_CMPDM() for: Performance Health|COMMUNICARE DSSI|810
2018-12-10 12:46:53,635 INFO: Executing TransactionTrackerOperations.select_customer()
2018-12-10 12:47:01,367 INFO: Executing TransactionTrackerOperations.select_customer()
2018-12-10 12:47:14,252 INFO: Executing TransactionTrackerOperations.get_CM_parcels()
2018-12-10 12:47:21,432 INFO: Executing TransactionTrackerOperations.search_process_for_CMPDM() for: Performance Health|COMPLETE HEALTHCARE DSSI|810
2018-12-10 12:47:21,774 INFO: Executing TransactionTrackerOperations.select_customer()
2018-12-10 12:47:28,851 INFO: Executing TransactionTrackerOperations.select_customer()
2018-12-10 12:47:41,285 INFO: Executing TransactionTrackerOperations.get_CM_parcels()
2018-12-10 12:47:44,480 INFO: NoSuchElementException in TransactionTrackerOperations.get_CM_parcels()
2018-12-10 12:47:49,313 INFO: NoSuchElementException in TransactionTrackerOperations.get_CM_parcels()
2018-12-10 12:47:54,470 INFO: NoSuchElementException in TransactionTrackerOperations.get_CM_parcels()
2018-12-10 12:47:59,129 INFO: NoSuchElementException in TransactionTrackerOperations.get_CM_parcels()
2018-12-10 12:48:03,753 INFO: NoSuchElementException in TransactionTrackerOperations.get_CM_parcels()
2018-12-10 12:48:09,317 INFO: NoSuchElementException in TransactionTrackerOperations.get_CM_parcels()
2018-12-10 12:48:14,209 INFO: NoSuchElementException in TransactionTrackerOperations.get_CM_parcels()
2018-12-10 12:48:19,265 INFO: NoSuchElementException in TransactionTrackerOperations.get_CM_parcels()
2018-12-10 12:48:24,057 INFO: NoSuchElementException in TransactionTrackerOperations.get_CM_parcels()
2018-12-10 12:48:28,705 INFO: NoSuchElementException in TransactionTrackerOperations.get_CM_parcels()
2018-12-10 12:48:33,405 INFO: NoSuchElementException in TransactionTrackerOperations.get_CM_parcels()
2018-12-10 12:48:38,175 INFO: NoSuchElementException in TransactionTrackerOperations.get_CM_parcels()
2018-12-10 12:48:43,130 INFO: NoSuchElementException in TransactionTrackerOperations.get_CM_parcels()
2018-12-10 12:48:46,426 INFO: NoSuchElementException in TransactionTrackerOperations.get_CM_parcels()
2018-12-10 12:48:54,830 INFO: Executing TransactionTrackerOperations.search_process_for_CMPDM() for: Performance Health|COVENANT DOVE DSSI|810
2018-12-10 12:48:55,483 INFO: Executing TransactionTrackerOperations.select_customer()
2018-12-10 12:49:02,406 INFO: Executing TransactionTrackerOperations.select_customer()
2018-12-10 12:49:13,850 INFO: Executing TransactionTrackerOperations.get_CM_parcels()
2018-12-10 12:49:17,233 INFO: NoSuchElementException in TransactionTrackerOperations.get_CM_parcels()
2018-12-10 12:49:22,636 INFO: NoSuchElementException in TransactionTrackerOperations.get_CM_parcels()
2018-12-10 12:49:27,246 INFO: NoSuchElementException in TransactionTrackerOperations.get_CM_parcels()
2018-12-10 12:49:31,767 INFO: NoSuchElementException in TransactionTrackerOperations.get_CM_parcels()
2018-12-10 12:49:36,341 INFO: NoSuchElementException in TransactionTrackerOperations.get_CM_parcels()
2018-12-10 12:49:41,198 INFO: NoSuchElementException in TransactionTrackerOperations.get_CM_parcels()
2018-12-10 12:49:46,013 INFO: NoSuchElementException in TransactionTrackerOperations.get_CM_parcels()
2018-12-10 12:49:50,841 INFO: NoSuchElementException in TransactionTrackerOperations.get_CM_parcels()
2018-12-10 12:49:55,456 INFO: NoSuchElementException in TransactionTrackerOperations.get_CM_parcels()
2018-12-10 12:50:00,308 INFO: NoSuchElementException in TransactionTrackerOperations.get_CM_parcels()
2018-12-10 12:50:04,869 INFO: NoSuchElementException in TransactionTrackerOperations.get_CM_parcels()
2018-12-10 12:50:09,566 INFO: NoSuchElementException in TransactionTrackerOperations.get_CM_parcels()
2018-12-10 12:50:14,309 INFO: NoSuchElementException in TransactionTrackerOperations.get_CM_parcels()
2018-12-10 12:50:19,051 INFO: NoSuchElementException in TransactionTrackerOperations.get_CM_parcels()
2018-12-10 12:50:24,207 INFO: NoSuchElementException in TransactionTrackerOperations.get_CM_parcels()
2018-12-10 12:50:29,001 INFO: NoSuchElementException in TransactionTrackerOperations.get_CM_parcels()
2018-12-10 12:50:34,349 INFO: NoSuchElementException in TransactionTrackerOperations.get_CM_parcels()
2018-12-10 12:50:39,114 INFO: NoSuchElementException in TransactionTrackerOperations.get_CM_parcels()
2018-12-10 12:50:43,899 INFO: NoSuchElementException in TransactionTrackerOperations.get_CM_parcels()
2018-12-10 12:50:54,118 INFO: Executing TransactionTrackerOperations.search_process_for_CMPDM() for: Performance Health|DIAKON LUTHERAN DSSI|810
2018-12-10 12:50:54,902 INFO: Executing TransactionTrackerOperations.select_customer()
2018-12-10 12:51:01,794 INFO: Executing TransactionTrackerOperations.select_customer()
2018-12-10 12:51:13,645 INFO: Executing TransactionTrackerOperations.get_CM_parcels()
2018-12-10 12:51:16,631 INFO: NoSuchElementException in TransactionTrackerOperations.get_CM_parcels()
2018-12-10 12:51:21,693 INFO: NoSuchElementException in TransactionTrackerOperations.get_CM_parcels()
2018-12-10 12:51:27,098 INFO: NoSuchElementException in TransactionTrackerOperations.get_CM_parcels()
2018-12-10 12:51:33,622 INFO: NoSuchElementException in TransactionTrackerOperations.get_CM_parcels()
2018-12-10 12:51:39,152 INFO: NoSuchElementException in TransactionTrackerOperations.get_CM_parcels()
2018-12-10 12:51:43,302 INFO: NoSuchElementException in TransactionTrackerOperations.get_CM_parcels()
2018-12-10 12:51:50,344 INFO: Executing TransactionTrackerOperations.search_process_for_CMPDM() for: Performance Health|DIVERSICARE DSSI|810
2018-12-10 12:51:51,032 INFO: Executing TransactionTrackerOperations.select_customer()
2018-12-10 12:51:58,064 INFO: Executing TransactionTrackerOperations.select_customer()
2018-12-10 12:52:09,498 INFO: Executing TransactionTrackerOperations.get_CM_parcels()
2018-12-10 12:52:14,880 INFO: Executing TransactionTrackerOperations.search_process_for_CMPDM() for: Performance Health|Dycora Transitional Health DSSI|810
2018-12-10 12:52:15,631 INFO: Executing TransactionTrackerOperations.select_customer()
2018-12-10 12:52:22,795 INFO: Executing TransactionTrackerOperations.select_customer()
2018-12-10 12:52:34,444 INFO: Executing TransactionTrackerOperations.get_CM_parcels()
2018-12-10 12:52:37,272 INFO: NoSuchElementException in TransactionTrackerOperations.get_CM_parcels()
2018-12-10 12:52:41,994 INFO: NoSuchElementException in TransactionTrackerOperations.get_CM_parcels()
2018-12-10 12:52:46,636 INFO: NoSuchElementException in TransactionTrackerOperations.get_CM_parcels()
2018-12-10 12:52:51,262 INFO: NoSuchElementException in TransactionTrackerOperations.get_CM_parcels()
2018-12-10 12:52:55,898 INFO: NoSuchElementException in TransactionTrackerOperations.get_CM_parcels()
2018-12-10 12:53:00,424 INFO: NoSuchElementException in TransactionTrackerOperations.get_CM_parcels()
2018-12-10 12:53:04,985 INFO: NoSuchElementException in TransactionTrackerOperations.get_CM_parcels()
2018-12-10 12:53:09,546 INFO: NoSuchElementException in TransactionTrackerOperations.get_CM_parcels()
2018-12-10 12:53:14,320 INFO: NoSuchElementException in TransactionTrackerOperations.get_CM_parcels()
2018-12-10 12:53:18,911 INFO: NoSuchElementException in TransactionTrackerOperations.get_CM_parcels()
2018-12-10 12:53:23,467 INFO: NoSuchElementException in TransactionTrackerOperations.get_CM_parcels()
2018-12-10 12:53:26,399 INFO: NoSuchElementException in TransactionTrackerOperations.get_CM_parcels()
2018-12-10 12:53:31,836 ERROR: Error in CMProductionDataMonitoring.TaskFilter()
