2019-01-15 10:56:52,498 INFO: Executing Script Credit Memo Prodution Data Monitoring
2019-01-15 10:56:52,731 INFO: Executing CMProductionDataMonitoring.execute_main()
2019-01-15 10:57:06,326 INFO: Login in to Launchpad
2019-01-15 10:57:31,839 INFO: Executing CMProductionDataMonitoring.TaskFilter()
2019-01-15 10:57:32,254 INFO: Refreshing access_token
2019-01-15 10:57:43,201 INFO: select InProgress task from input sheet from CMProductionDataMonitoring.TaskFilter()
2019-01-15 10:57:43,202 INFO: Executing TransactionTrackerOperations.search_process_for_CMPDM() for: Performance Health|BaneCare Management DSSI|810
2019-01-15 10:57:43,404 INFO: Executing TransactionTrackerOperations.select_customer()
2019-01-15 10:57:50,758 INFO: Executing TransactionTrackerOperations.select_customer()
2019-01-15 10:58:02,071 INFO: Executing TransactionTrackerOperations.get_CM_parcels()
2019-01-15 10:58:10,691 INFO: Executing TransactionTrackerOperations.search_process_for_CMPDM() for: Performance Health|DSSI Next Step Healthcare|810
2019-01-15 10:58:10,708 INFO: Executing TransactionTrackerOperations.select_customer()
2019-01-15 11:04:26,711 INFO: Executing Script Credit Memo Prodution Data Monitoring
2019-01-15 11:04:26,787 INFO: Executing CMProductionDataMonitoring.execute_main()
2019-01-15 11:04:31,325 INFO: Login in to Launchpad
2019-01-15 11:04:52,853 INFO: Executing CMProductionDataMonitoring.TaskFilter()
2019-01-15 11:04:53,039 INFO: Refreshing access_token
2019-01-15 11:04:59,533 INFO: select InProgress task from input sheet from CMProductionDataMonitoring.TaskFilter()
2019-01-15 11:04:59,534 INFO: Executing TransactionTrackerOperations.search_process_for_CMPDM() for: Performance Health|BaneCare Management DSSI|810
2019-01-15 11:04:59,569 INFO: Executing TransactionTrackerOperations.select_customer()
2019-01-15 11:05:06,512 INFO: Executing TransactionTrackerOperations.select_customer()
2019-01-15 11:05:17,686 INFO: Executing TransactionTrackerOperations.get_CM_parcels()
2019-01-15 11:05:25,038 INFO: Executing TransactionTrackerOperations.search_process_for_CMPDM() for: Performance Health|DSSI Next Step Healthcare|810
2019-01-15 11:05:25,732 INFO: Executing TransactionTrackerOperations.select_customer()
2019-01-15 11:05:32,544 INFO: Executing TransactionTrackerOperations.select_customer()
2019-01-15 11:05:43,848 INFO: Executing TransactionTrackerOperations.get_CM_parcels()
2019-01-15 11:05:51,717 INFO: Executing TransactionTrackerOperations.search_process_for_CMPDM() for: Performance Health|Regency Pacific DSSI|810
2019-01-15 11:05:51,731 INFO: Executing TransactionTrackerOperations.select_customer()
2019-01-15 11:05:58,503 INFO: Executing TransactionTrackerOperations.select_customer()
2019-01-15 11:06:09,807 INFO: Executing TransactionTrackerOperations.get_CM_parcels()
2019-01-15 11:06:10,069 INFO: NoSuchElementException in TransactionTrackerOperations.get_CM_parcels()
2019-01-15 11:06:16,871 INFO: Executing TransactionTrackerOperations.search_process_for_CMPDM() for: Performance Health|ADVANTAGE HPSI DSSI|810
2019-01-15 11:06:16,953 INFO: Executing TransactionTrackerOperations.select_customer()
2019-01-15 11:07:59,375 ERROR: Error in CMProductionDataMonitoring.TaskFilter()
2019-01-15 11:08:03,849 INFO: Executing TransactionTrackerOperations.search_process_for_CMPDM() for: Performance Health|ADVANTAGE NAVIGATOR DSSI|810
2019-01-15 11:08:04,299 INFO: Executing TransactionTrackerOperations.select_customer()
2019-01-15 11:08:11,180 INFO: Executing TransactionTrackerOperations.select_customer()
2019-01-15 11:08:22,486 INFO: Executing TransactionTrackerOperations.get_CM_parcels()
2019-01-15 11:08:29,047 INFO: Executing TransactionTrackerOperations.search_process_for_CMPDM() for: Performance Health|American Health Companies|810
2019-01-15 11:08:29,877 INFO: Executing TransactionTrackerOperations.select_customer()
2019-01-15 11:08:36,691 INFO: Executing TransactionTrackerOperations.select_customer()
2019-01-15 11:08:47,719 INFO: Executing TransactionTrackerOperations.get_CM_parcels()
2019-01-15 11:08:55,138 INFO: Executing TransactionTrackerOperations.search_process_for_CMPDM() for: Performance Health|APEX|810
2019-01-15 11:08:55,205 INFO: Executing TransactionTrackerOperations.select_customer()
2019-01-15 11:09:02,713 INFO: Executing TransactionTrackerOperations.select_customer()
2019-01-15 11:09:13,721 INFO: Executing TransactionTrackerOperations.get_CM_parcels()
2019-01-15 11:09:20,598 INFO: Executing TransactionTrackerOperations.search_process_for_CMPDM() for: Performance Health|APEX HEALTHCARE FLORIDA DSSI|810
2019-01-15 11:09:20,704 INFO: Executing TransactionTrackerOperations.select_customer()
2019-01-15 11:09:27,585 INFO: Executing TransactionTrackerOperations.select_customer()
2019-01-15 11:09:38,992 INFO: Executing TransactionTrackerOperations.get_CM_parcels()
2019-01-15 11:09:46,550 INFO: Executing TransactionTrackerOperations.search_process_for_CMPDM() for: Performance Health|ATRIUM LIVING CENTERS DSSI|810
2019-01-15 11:09:46,749 INFO: Executing TransactionTrackerOperations.select_customer()
2019-01-15 11:09:53,584 INFO: Executing TransactionTrackerOperations.select_customer()
2019-01-15 11:10:05,008 INFO: Executing TransactionTrackerOperations.get_CM_parcels()
2019-01-15 11:10:11,418 INFO: Executing TransactionTrackerOperations.search_process_for_CMPDM() for: Performance Health|AXIOM DSSI|810
2019-01-15 11:10:11,991 INFO: Executing TransactionTrackerOperations.select_customer()
2019-01-15 11:10:18,567 INFO: Executing TransactionTrackerOperations.select_customer()
2019-01-15 11:10:20,662 ERROR: Error in CMProductionDataMonitoring.TaskFilter()
2019-01-15 11:10:25,119 INFO: Executing TransactionTrackerOperations.search_process_for_CMPDM() for: Performance Health|BE GROUP DSSI|810
2019-01-15 11:10:25,551 INFO: Executing TransactionTrackerOperations.select_customer()
2019-01-15 11:10:32,401 INFO: Executing TransactionTrackerOperations.select_customer()
2019-01-15 11:10:43,239 INFO: Executing TransactionTrackerOperations.get_CM_parcels()
2019-01-15 11:10:49,527 INFO: Executing TransactionTrackerOperations.search_process_for_CMPDM() for: Performance Health|BEACON HEALTH DSSI|810
2019-01-15 11:10:50,221 INFO: Executing TransactionTrackerOperations.select_customer()
2019-01-15 11:10:57,007 INFO: Executing TransactionTrackerOperations.select_customer()
2019-01-15 11:11:07,922 INFO: Executing TransactionTrackerOperations.get_CM_parcels()
2019-01-15 11:11:10,612 INFO: NoSuchElementException in TransactionTrackerOperations.get_CM_parcels()
2019-01-15 11:11:14,945 INFO: NoSuchElementException in TransactionTrackerOperations.get_CM_parcels()
2019-01-15 11:11:19,267 INFO: NoSuchElementException in TransactionTrackerOperations.get_CM_parcels()
2019-01-15 11:11:23,490 INFO: NoSuchElementException in TransactionTrackerOperations.get_CM_parcels()
2019-01-15 11:11:27,714 INFO: NoSuchElementException in TransactionTrackerOperations.get_CM_parcels()
2019-01-15 11:11:31,925 INFO: NoSuchElementException in TransactionTrackerOperations.get_CM_parcels()
2019-01-15 11:11:35,523 INFO: NoSuchElementException in TransactionTrackerOperations.get_CM_parcels()
2019-01-15 11:11:42,783 INFO: Executing TransactionTrackerOperations.search_process_for_CMPDM() for: Performance Health|BENEDICTINE DSSI|810
2019-01-15 11:11:43,528 INFO: Executing TransactionTrackerOperations.select_customer()
2019-01-15 11:11:50,738 INFO: Executing TransactionTrackerOperations.select_customer()
2019-01-15 11:12:01,794 INFO: Executing TransactionTrackerOperations.get_CM_parcels()
2019-01-15 11:12:09,348 INFO: Executing TransactionTrackerOperations.search_process_for_CMPDM() for: Performance Health|Bethlen Communities Home Health and Hospice|810
2019-01-15 11:12:09,412 INFO: Executing TransactionTrackerOperations.select_customer()
2019-01-15 11:12:16,243 INFO: Executing TransactionTrackerOperations.select_customer()
2019-01-15 11:12:27,534 INFO: Executing TransactionTrackerOperations.get_CM_parcels()
2019-01-15 11:12:29,926 INFO: NoSuchElementException in TransactionTrackerOperations.get_CM_parcels()
2019-01-15 11:12:33,792 INFO: NoSuchElementException in TransactionTrackerOperations.get_CM_parcels()
2019-01-15 11:12:40,575 INFO: Executing TransactionTrackerOperations.search_process_for_CMPDM() for: Performance Health|BOMBAY LANE DSSI|810
2019-01-15 11:12:41,248 INFO: Executing TransactionTrackerOperations.select_customer()
2019-01-15 11:12:48,058 INFO: Executing TransactionTrackerOperations.select_customer()
2019-01-15 11:12:59,012 INFO: Executing TransactionTrackerOperations.get_CM_parcels()
2019-01-15 11:13:01,426 INFO: NoSuchElementException in TransactionTrackerOperations.get_CM_parcels()
2019-01-15 11:13:05,634 INFO: NoSuchElementException in TransactionTrackerOperations.get_CM_parcels()
2019-01-15 11:13:09,796 INFO: NoSuchElementException in TransactionTrackerOperations.get_CM_parcels()
2019-01-15 11:13:13,974 INFO: NoSuchElementException in TransactionTrackerOperations.get_CM_parcels()
2019-01-15 11:13:18,144 INFO: NoSuchElementException in TransactionTrackerOperations.get_CM_parcels()
2019-01-15 11:13:22,356 INFO: NoSuchElementException in TransactionTrackerOperations.get_CM_parcels()
2019-01-15 11:13:26,545 INFO: NoSuchElementException in TransactionTrackerOperations.get_CM_parcels()
2019-01-15 11:13:30,745 INFO: NoSuchElementException in TransactionTrackerOperations.get_CM_parcels()
2019-01-15 11:13:33,527 INFO: NoSuchElementException in TransactionTrackerOperations.get_CM_parcels()
2019-01-15 11:13:41,179 INFO: Executing TransactionTrackerOperations.search_process_for_CMPDM() for: Performance Health|CARDON AND ASSOCIATES DSSI|810
2019-01-15 11:13:41,195 INFO: Executing TransactionTrackerOperations.select_customer()
2019-01-15 11:13:47,964 INFO: Executing TransactionTrackerOperations.select_customer()
2019-01-15 11:13:59,254 INFO: Executing TransactionTrackerOperations.get_CM_parcels()
2019-01-15 11:14:06,390 INFO: Executing TransactionTrackerOperations.search_process_for_CMPDM() for: Performance Health|CERES PURCHASING SOLUTIONS DSSI|810
2019-01-15 11:14:06,408 INFO: Executing TransactionTrackerOperations.select_customer()
2019-01-15 11:14:13,194 INFO: Executing TransactionTrackerOperations.select_customer()
2019-01-15 11:14:24,544 INFO: Executing TransactionTrackerOperations.get_CM_parcels()
2019-01-15 11:14:30,052 INFO: Executing TransactionTrackerOperations.search_process_for_CMPDM() for: Performance Health|Chosen Healthcare DSSI|810
2019-01-15 11:14:30,424 INFO: Executing TransactionTrackerOperations.select_customer()
2019-01-15 11:14:37,162 INFO: Executing TransactionTrackerOperations.select_customer()
2019-01-15 11:14:48,278 INFO: Executing TransactionTrackerOperations.get_CM_parcels()
2019-01-15 11:14:53,776 INFO: Executing TransactionTrackerOperations.search_process_for_CMPDM() for: Performance Health|CLEAR CHOICE DSSI|810
2019-01-15 11:14:54,285 INFO: Executing TransactionTrackerOperations.select_customer()
2019-01-15 11:15:01,050 INFO: Executing TransactionTrackerOperations.select_customer()
2019-01-15 11:15:12,061 INFO: Executing TransactionTrackerOperations.get_CM_parcels()
2019-01-15 11:15:14,428 INFO: NoSuchElementException in TransactionTrackerOperations.get_CM_parcels()
2019-01-15 11:15:18,689 INFO: NoSuchElementException in TransactionTrackerOperations.get_CM_parcels()
2019-01-15 11:15:22,839 INFO: NoSuchElementException in TransactionTrackerOperations.get_CM_parcels()
2019-01-15 11:15:27,012 INFO: NoSuchElementException in TransactionTrackerOperations.get_CM_parcels()
2019-01-15 11:15:31,148 INFO: NoSuchElementException in TransactionTrackerOperations.get_CM_parcels()
2019-01-15 11:15:35,362 INFO: NoSuchElementException in TransactionTrackerOperations.get_CM_parcels()
2019-01-15 11:15:39,567 INFO: NoSuchElementException in TransactionTrackerOperations.get_CM_parcels()
2019-01-15 11:15:43,763 INFO: NoSuchElementException in TransactionTrackerOperations.get_CM_parcels()
2019-01-15 11:15:48,025 INFO: NoSuchElementException in TransactionTrackerOperations.get_CM_parcels()
2019-01-15 11:15:52,228 INFO: NoSuchElementException in TransactionTrackerOperations.get_CM_parcels()
2019-01-15 11:15:56,460 INFO: NoSuchElementException in TransactionTrackerOperations.get_CM_parcels()
2019-01-15 11:15:59,663 INFO: NoSuchElementException in TransactionTrackerOperations.get_CM_parcels()
2019-01-15 11:16:06,916 INFO: Executing TransactionTrackerOperations.search_process_for_CMPDM() for: Performance Health|COMMUNICARE DSSI|810
2019-01-15 11:16:07,705 INFO: Executing TransactionTrackerOperations.select_customer()
2019-01-15 11:16:14,496 INFO: Executing TransactionTrackerOperations.select_customer()
2019-01-15 11:16:25,545 INFO: Executing TransactionTrackerOperations.get_CM_parcels()
2019-01-15 11:16:31,152 INFO: Executing TransactionTrackerOperations.search_process_for_CMPDM() for: Performance Health|COMPLETE HEALTHCARE DSSI|810
2019-01-15 11:16:31,785 INFO: Executing TransactionTrackerOperations.select_customer()
2019-01-15 11:16:38,605 INFO: Executing TransactionTrackerOperations.select_customer()
2019-01-15 11:16:49,877 INFO: Executing TransactionTrackerOperations.get_CM_parcels()
2019-01-15 11:16:52,189 INFO: NoSuchElementException in TransactionTrackerOperations.get_CM_parcels()
2019-01-15 11:16:56,467 INFO: NoSuchElementException in TransactionTrackerOperations.get_CM_parcels()
2019-01-15 11:17:00,666 INFO: NoSuchElementException in TransactionTrackerOperations.get_CM_parcels()
2019-01-15 11:17:04,889 INFO: NoSuchElementException in TransactionTrackerOperations.get_CM_parcels()
2019-01-15 11:17:09,144 INFO: NoSuchElementException in TransactionTrackerOperations.get_CM_parcels()
2019-01-15 11:17:13,353 INFO: NoSuchElementException in TransactionTrackerOperations.get_CM_parcels()
2019-01-15 11:17:17,530 INFO: NoSuchElementException in TransactionTrackerOperations.get_CM_parcels()
2019-01-15 11:17:21,726 INFO: NoSuchElementException in TransactionTrackerOperations.get_CM_parcels()
2019-01-15 11:17:25,989 INFO: NoSuchElementException in TransactionTrackerOperations.get_CM_parcels()
2019-01-15 11:17:30,185 INFO: NoSuchElementException in TransactionTrackerOperations.get_CM_parcels()
2019-01-15 11:17:34,473 INFO: NoSuchElementException in TransactionTrackerOperations.get_CM_parcels()
2019-01-15 11:17:38,793 INFO: NoSuchElementException in TransactionTrackerOperations.get_CM_parcels()
2019-01-15 11:17:43,023 INFO: NoSuchElementException in TransactionTrackerOperations.get_CM_parcels()
2019-01-15 11:17:47,188 INFO: NoSuchElementException in TransactionTrackerOperations.get_CM_parcels()
2019-01-15 11:17:51,366 INFO: NoSuchElementException in TransactionTrackerOperations.get_CM_parcels()
2019-01-15 11:17:55,591 INFO: NoSuchElementException in TransactionTrackerOperations.get_CM_parcels()
2019-01-15 11:17:59,917 INFO: NoSuchElementException in TransactionTrackerOperations.get_CM_parcels()
2019-01-15 11:18:03,143 INFO: NoSuchElementException in TransactionTrackerOperations.get_CM_parcels()
2019-01-15 11:18:10,294 INFO: Executing TransactionTrackerOperations.search_process_for_CMPDM() for: Performance Health|COVENANT DOVE DSSI|810
2019-01-15 11:18:10,902 INFO: Executing TransactionTrackerOperations.select_customer()
2019-01-15 11:18:17,655 INFO: Executing TransactionTrackerOperations.select_customer()
2019-01-15 11:18:28,703 INFO: Executing TransactionTrackerOperations.get_CM_parcels()
2019-01-15 11:18:31,140 INFO: NoSuchElementException in TransactionTrackerOperations.get_CM_parcels()
2019-01-15 11:18:35,519 INFO: NoSuchElementException in TransactionTrackerOperations.get_CM_parcels()
2019-01-15 11:18:39,652 INFO: NoSuchElementException in TransactionTrackerOperations.get_CM_parcels()
2019-01-15 11:18:42,153 ERROR: Error in CMProductionDataMonitoring.TaskFilter()
2019-01-15 11:18:47,906 INFO: Executing TransactionTrackerOperations.search_process_for_CMPDM() for: Performance Health|DIAKON LUTHERAN DSSI|810
2019-01-15 11:18:47,922 INFO: Executing TransactionTrackerOperations.select_customer()
2019-01-15 11:18:54,688 INFO: Executing TransactionTrackerOperations.select_customer()
2019-01-15 11:19:05,786 INFO: Executing TransactionTrackerOperations.get_CM_parcels()
2019-01-15 11:19:08,156 INFO: NoSuchElementException in TransactionTrackerOperations.get_CM_parcels()
2019-01-15 11:19:12,423 INFO: NoSuchElementException in TransactionTrackerOperations.get_CM_parcels()
2019-01-15 11:19:16,634 INFO: NoSuchElementException in TransactionTrackerOperations.get_CM_parcels()
2019-01-15 11:19:20,800 INFO: NoSuchElementException in TransactionTrackerOperations.get_CM_parcels()
2019-01-15 11:19:24,964 INFO: NoSuchElementException in TransactionTrackerOperations.get_CM_parcels()
2019-01-15 11:19:29,173 INFO: NoSuchElementException in TransactionTrackerOperations.get_CM_parcels()
2019-01-15 11:19:33,366 INFO: NoSuchElementException in TransactionTrackerOperations.get_CM_parcels()
2019-01-15 11:19:37,750 INFO: NoSuchElementException in TransactionTrackerOperations.get_CM_parcels()
2019-01-15 11:19:40,943 INFO: NoSuchElementException in TransactionTrackerOperations.get_CM_parcels()
2019-01-15 11:19:47,371 INFO: Executing TransactionTrackerOperations.search_process_for_CMPDM() for: Performance Health|DIVERSICARE DSSI|810
2019-01-15 11:19:47,913 INFO: Executing TransactionTrackerOperations.select_customer()
2019-01-15 11:19:54,695 INFO: Executing TransactionTrackerOperations.select_customer()
2019-01-15 11:20:05,566 INFO: Executing TransactionTrackerOperations.get_CM_parcels()
2019-01-15 11:20:12,036 INFO: Executing TransactionTrackerOperations.search_process_for_CMPDM() for: Performance Health|Dycora Transitional Health DSSI|810
2019-01-15 11:20:12,400 INFO: Executing TransactionTrackerOperations.select_customer()
2019-01-15 11:20:19,189 INFO: Executing TransactionTrackerOperations.select_customer()
2019-01-15 11:20:30,235 INFO: Executing TransactionTrackerOperations.get_CM_parcels()
2019-01-15 11:20:32,558 INFO: NoSuchElementException in TransactionTrackerOperations.get_CM_parcels()
2019-01-15 11:20:36,780 INFO: NoSuchElementException in TransactionTrackerOperations.get_CM_parcels()
2019-01-15 11:20:40,949 INFO: NoSuchElementException in TransactionTrackerOperations.get_CM_parcels()
2019-01-15 11:20:45,125 INFO: NoSuchElementException in TransactionTrackerOperations.get_CM_parcels()
2019-01-15 11:20:49,262 INFO: NoSuchElementException in TransactionTrackerOperations.get_CM_parcels()
2019-01-15 11:20:53,456 INFO: NoSuchElementException in TransactionTrackerOperations.get_CM_parcels()
2019-01-15 11:20:57,624 INFO: NoSuchElementException in TransactionTrackerOperations.get_CM_parcels()
2019-01-15 11:21:02,001 INFO: NoSuchElementException in TransactionTrackerOperations.get_CM_parcels()
2019-01-15 11:21:06,208 INFO: NoSuchElementException in TransactionTrackerOperations.get_CM_parcels()
2019-01-15 11:21:10,477 INFO: NoSuchElementException in TransactionTrackerOperations.get_CM_parcels()
2019-01-15 11:21:14,781 INFO: NoSuchElementException in TransactionTrackerOperations.get_CM_parcels()
2019-01-15 11:21:19,031 INFO: NoSuchElementException in TransactionTrackerOperations.get_CM_parcels()
2019-01-15 11:21:23,306 INFO: NoSuchElementException in TransactionTrackerOperations.get_CM_parcels()
2019-01-15 11:21:27,568 INFO: NoSuchElementException in TransactionTrackerOperations.get_CM_parcels()
2019-01-15 11:21:30,370 INFO: NoSuchElementException in TransactionTrackerOperations.get_CM_parcels()
2019-01-15 11:21:37,367 INFO: Executing TransactionTrackerOperations.search_process_for_CMPDM() for: Performance Health|ERICKSON RETIREMENT COMMUNITIES DSSI|810
2019-01-15 11:21:37,933 INFO: Executing TransactionTrackerOperations.select_customer()
2019-01-15 11:21:44,704 INFO: Executing TransactionTrackerOperations.select_customer()
2019-01-15 11:21:56,271 INFO: Executing TransactionTrackerOperations.get_CM_parcels()
2019-01-15 11:21:58,612 INFO: NoSuchElementException in TransactionTrackerOperations.get_CM_parcels()
2019-01-15 11:22:02,984 INFO: NoSuchElementException in TransactionTrackerOperations.get_CM_parcels()
2019-01-15 11:22:07,123 INFO: NoSuchElementException in TransactionTrackerOperations.get_CM_parcels()
2019-01-15 11:22:11,369 INFO: NoSuchElementException in TransactionTrackerOperations.get_CM_parcels()
2019-01-15 11:22:15,511 INFO: NoSuchElementException in TransactionTrackerOperations.get_CM_parcels()
2019-01-15 11:22:19,659 INFO: NoSuchElementException in TransactionTrackerOperations.get_CM_parcels()
2019-01-15 11:22:23,880 INFO: NoSuchElementException in TransactionTrackerOperations.get_CM_parcels()
2019-01-15 11:22:28,099 INFO: NoSuchElementException in TransactionTrackerOperations.get_CM_parcels()
2019-01-15 11:22:32,416 INFO: NoSuchElementException in TransactionTrackerOperations.get_CM_parcels()
2019-01-15 11:22:36,653 INFO: NoSuchElementException in TransactionTrackerOperations.get_CM_parcels()
2019-01-15 11:22:40,891 INFO: NoSuchElementException in TransactionTrackerOperations.get_CM_parcels()
2019-01-15 11:22:45,177 INFO: NoSuchElementException in TransactionTrackerOperations.get_CM_parcels()
2019-01-15 11:22:49,454 INFO: NoSuchElementException in TransactionTrackerOperations.get_CM_parcels()
2019-01-15 11:22:53,718 INFO: NoSuchElementException in TransactionTrackerOperations.get_CM_parcels()
2019-01-15 11:22:57,958 INFO: NoSuchElementException in TransactionTrackerOperations.get_CM_parcels()
2019-01-15 11:23:02,420 INFO: NoSuchElementException in TransactionTrackerOperations.get_CM_parcels()
2019-01-15 11:23:06,817 INFO: NoSuchElementException in TransactionTrackerOperations.get_CM_parcels()
2019-01-15 11:23:11,326 INFO: NoSuchElementException in TransactionTrackerOperations.get_CM_parcels()
2019-01-15 11:23:15,655 INFO: NoSuchElementException in TransactionTrackerOperations.get_CM_parcels()
2019-01-15 11:23:18,291 INFO: NoSuchElementException in TransactionTrackerOperations.get_CM_parcels()
2019-01-15 11:23:25,471 INFO: Executing TransactionTrackerOperations.search_process_for_CMPDM() for: Performance Health|FORTIS MANAGEMENT GROUP DSSI|810
2019-01-15 11:23:26,089 INFO: Executing TransactionTrackerOperations.select_customer()
2019-01-15 11:23:32,912 INFO: Executing TransactionTrackerOperations.select_customer()
2019-01-15 11:23:44,106 INFO: Executing TransactionTrackerOperations.get_CM_parcels()
2019-01-15 11:23:44,370 INFO: NoSuchElementException in TransactionTrackerOperations.get_CM_parcels()
2019-01-15 11:23:50,737 INFO: Executing TransactionTrackerOperations.search_process_for_CMPDM() for: Performance Health|GOOD SAMARITAN SOCIETY DSSI|810
2019-01-15 11:23:51,226 INFO: Executing TransactionTrackerOperations.select_customer()
2019-01-15 11:23:57,931 INFO: Executing TransactionTrackerOperations.select_customer()
2019-01-15 11:24:09,212 INFO: Executing TransactionTrackerOperations.get_CM_parcels()
2019-01-15 11:24:14,778 INFO: Executing TransactionTrackerOperations.search_process_for_CMPDM() for: Performance Health|GULF COAST HEALTHCARE DSSI|810
2019-01-15 11:24:15,323 INFO: Executing TransactionTrackerOperations.select_customer()
2019-01-15 11:24:22,116 INFO: Executing TransactionTrackerOperations.select_customer()
2019-01-15 11:24:33,357 INFO: Executing TransactionTrackerOperations.get_CM_parcels()
2019-01-15 11:24:38,851 INFO: Executing TransactionTrackerOperations.search_process_for_CMPDM() for: Performance Health|ICARE MANAGEMENT DSSI|810
2019-01-15 11:24:39,326 INFO: Executing TransactionTrackerOperations.select_customer()
2019-01-15 11:24:46,148 INFO: Executing TransactionTrackerOperations.select_customer()
2019-01-15 11:24:57,493 INFO: Executing TransactionTrackerOperations.get_CM_parcels()
2019-01-15 11:24:59,791 INFO: NoSuchElementException in TransactionTrackerOperations.get_CM_parcels()
2019-01-15 11:25:04,100 INFO: NoSuchElementException in TransactionTrackerOperations.get_CM_parcels()
2019-01-15 11:25:08,271 INFO: NoSuchElementException in TransactionTrackerOperations.get_CM_parcels()
2019-01-15 11:25:12,562 INFO: NoSuchElementException in TransactionTrackerOperations.get_CM_parcels()
2019-01-15 11:25:16,783 INFO: NoSuchElementException in TransactionTrackerOperations.get_CM_parcels()
2019-01-15 11:25:20,938 INFO: NoSuchElementException in TransactionTrackerOperations.get_CM_parcels()
2019-01-15 11:25:23,680 INFO: NoSuchElementException in TransactionTrackerOperations.get_CM_parcels()
2019-01-15 11:25:30,072 INFO: Executing TransactionTrackerOperations.search_process_for_CMPDM() for: Performance Health|Kindred Healthcare via IntelliOrder|810
2019-01-15 11:25:30,573 INFO: Executing TransactionTrackerOperations.select_customer()
2019-01-15 11:25:37,355 INFO: Executing TransactionTrackerOperations.select_customer()
2019-01-15 11:25:48,492 INFO: Executing TransactionTrackerOperations.get_CM_parcels()
2019-01-15 11:25:50,815 INFO: NoSuchElementException in TransactionTrackerOperations.get_CM_parcels()
2019-01-15 11:25:55,071 INFO: NoSuchElementException in TransactionTrackerOperations.get_CM_parcels()
2019-01-15 11:25:59,264 INFO: NoSuchElementException in TransactionTrackerOperations.get_CM_parcels()
2019-01-15 11:26:03,402 INFO: NoSuchElementException in TransactionTrackerOperations.get_CM_parcels()
2019-01-15 11:26:07,585 INFO: NoSuchElementException in TransactionTrackerOperations.get_CM_parcels()
2019-01-15 11:26:11,872 INFO: NoSuchElementException in TransactionTrackerOperations.get_CM_parcels()
2019-01-15 11:26:16,043 INFO: NoSuchElementException in TransactionTrackerOperations.get_CM_parcels()
2019-01-15 11:26:20,329 INFO: NoSuchElementException in TransactionTrackerOperations.get_CM_parcels()
2019-01-15 11:26:24,532 INFO: NoSuchElementException in TransactionTrackerOperations.get_CM_parcels()
2019-01-15 11:26:28,827 INFO: NoSuchElementException in TransactionTrackerOperations.get_CM_parcels()
2019-01-15 11:26:33,061 INFO: NoSuchElementException in TransactionTrackerOperations.get_CM_parcels()
2019-01-15 11:26:37,298 INFO: NoSuchElementException in TransactionTrackerOperations.get_CM_parcels()
2019-01-15 11:26:41,553 INFO: NoSuchElementException in TransactionTrackerOperations.get_CM_parcels()
2019-01-15 11:26:45,927 INFO: NoSuchElementException in TransactionTrackerOperations.get_CM_parcels()
2019-01-15 11:26:50,182 INFO: NoSuchElementException in TransactionTrackerOperations.get_CM_parcels()
2019-01-15 11:26:54,483 INFO: NoSuchElementException in TransactionTrackerOperations.get_CM_parcels()
2019-01-15 11:26:58,747 INFO: NoSuchElementException in TransactionTrackerOperations.get_CM_parcels()
2019-01-15 11:27:03,208 INFO: NoSuchElementException in TransactionTrackerOperations.get_CM_parcels()
2019-01-15 11:27:07,403 INFO: NoSuchElementException in TransactionTrackerOperations.get_CM_parcels()
2019-01-15 11:27:11,768 INFO: NoSuchElementException in TransactionTrackerOperations.get_CM_parcels()
2019-01-15 11:27:15,951 INFO: NoSuchElementException in TransactionTrackerOperations.get_CM_parcels()
2019-01-15 11:27:20,120 INFO: NoSuchElementException in TransactionTrackerOperations.get_CM_parcels()
2019-01-15 11:27:24,370 INFO: NoSuchElementException in TransactionTrackerOperations.get_CM_parcels()
2019-01-15 11:27:28,646 INFO: NoSuchElementException in TransactionTrackerOperations.get_CM_parcels()
2019-01-15 11:27:32,846 INFO: NoSuchElementException in TransactionTrackerOperations.get_CM_parcels()
2019-01-15 11:27:37,015 INFO: NoSuchElementException in TransactionTrackerOperations.get_CM_parcels()
2019-01-15 11:27:41,168 INFO: NoSuchElementException in TransactionTrackerOperations.get_CM_parcels()
2019-01-15 11:27:45,347 INFO: NoSuchElementException in TransactionTrackerOperations.get_CM_parcels()
2019-01-15 11:27:49,555 INFO: NoSuchElementException in TransactionTrackerOperations.get_CM_parcels()
2019-01-15 11:27:53,821 INFO: NoSuchElementException in TransactionTrackerOperations.get_CM_parcels()
2019-01-15 11:27:57,987 INFO: NoSuchElementException in TransactionTrackerOperations.get_CM_parcels()
2019-01-15 11:28:02,326 INFO: NoSuchElementException in TransactionTrackerOperations.get_CM_parcels()
2019-01-15 11:28:06,670 INFO: NoSuchElementException in TransactionTrackerOperations.get_CM_parcels()
2019-01-15 11:28:10,979 INFO: NoSuchElementException in TransactionTrackerOperations.get_CM_parcels()
2019-01-15 11:28:15,205 INFO: NoSuchElementException in TransactionTrackerOperations.get_CM_parcels()
2019-01-15 11:28:19,421 INFO: NoSuchElementException in TransactionTrackerOperations.get_CM_parcels()
2019-01-15 11:28:23,728 INFO: NoSuchElementException in TransactionTrackerOperations.get_CM_parcels()
2019-01-15 11:28:27,897 INFO: NoSuchElementException in TransactionTrackerOperations.get_CM_parcels()
2019-01-15 11:28:32,070 INFO: NoSuchElementException in TransactionTrackerOperations.get_CM_parcels()
2019-01-15 11:28:36,397 INFO: NoSuchElementException in TransactionTrackerOperations.get_CM_parcels()
2019-01-15 11:28:40,596 INFO: NoSuchElementException in TransactionTrackerOperations.get_CM_parcels()
2019-01-15 11:28:44,889 INFO: NoSuchElementException in TransactionTrackerOperations.get_CM_parcels()
2019-01-15 11:28:49,155 INFO: NoSuchElementException in TransactionTrackerOperations.get_CM_parcels()
2019-01-15 11:28:53,377 INFO: NoSuchElementException in TransactionTrackerOperations.get_CM_parcels()
2019-01-15 11:28:57,537 INFO: NoSuchElementException in TransactionTrackerOperations.get_CM_parcels()
2019-01-15 11:29:01,871 INFO: NoSuchElementException in TransactionTrackerOperations.get_CM_parcels()
2019-01-15 11:29:05,292 INFO: NoSuchElementException in TransactionTrackerOperations.get_CM_parcels()
2019-01-15 11:29:13,023 INFO: Executing TransactionTrackerOperations.search_process_for_CMPDM() for: Performance Health|LAVIE ADMINISTRATIVE SERVICES DSSI|810
2019-01-15 11:29:13,040 INFO: Executing TransactionTrackerOperations.select_customer()
2019-01-15 11:29:19,878 INFO: Executing TransactionTrackerOperations.select_customer()
2019-01-15 11:29:31,186 INFO: Executing TransactionTrackerOperations.get_CM_parcels()
2019-01-15 11:29:33,476 INFO: NoSuchElementException in TransactionTrackerOperations.get_CM_parcels()
2019-01-15 11:29:37,668 INFO: NoSuchElementException in TransactionTrackerOperations.get_CM_parcels()
2019-01-15 11:29:41,807 INFO: NoSuchElementException in TransactionTrackerOperations.get_CM_parcels()
2019-01-15 11:29:46,045 INFO: NoSuchElementException in TransactionTrackerOperations.get_CM_parcels()
2019-01-15 11:29:50,265 INFO: NoSuchElementException in TransactionTrackerOperations.get_CM_parcels()
2019-01-15 11:29:54,563 INFO: NoSuchElementException in TransactionTrackerOperations.get_CM_parcels()
2019-01-15 11:29:58,771 INFO: NoSuchElementException in TransactionTrackerOperations.get_CM_parcels()
2019-01-15 11:30:03,161 INFO: NoSuchElementException in TransactionTrackerOperations.get_CM_parcels()
2019-01-15 11:30:07,368 INFO: NoSuchElementException in TransactionTrackerOperations.get_CM_parcels()
2019-01-15 11:30:11,602 INFO: NoSuchElementException in TransactionTrackerOperations.get_CM_parcels()
2019-01-15 11:30:15,819 INFO: NoSuchElementException in TransactionTrackerOperations.get_CM_parcels()
2019-01-15 11:30:20,078 INFO: NoSuchElementException in TransactionTrackerOperations.get_CM_parcels()
2019-01-15 11:30:22,469 INFO: NoSuchElementException in TransactionTrackerOperations.get_CM_parcels()
2019-01-15 11:30:29,731 INFO: Executing TransactionTrackerOperations.search_process_for_CMPDM() for: Performance Health|LEGACY SENIOR DSSI|810
2019-01-15 11:30:30,339 INFO: Executing TransactionTrackerOperations.select_customer()
2019-01-15 11:30:37,133 INFO: Executing TransactionTrackerOperations.select_customer()
2019-01-15 11:30:48,064 INFO: Executing TransactionTrackerOperations.get_CM_parcels()
2019-01-15 11:30:53,659 INFO: Executing TransactionTrackerOperations.search_process_for_CMPDM() for: Performance Health|MARINER DSSI|810
2019-01-15 11:30:54,145 INFO: Executing TransactionTrackerOperations.select_customer()
2019-01-15 11:31:00,926 INFO: Executing TransactionTrackerOperations.select_customer()
2019-01-15 11:31:11,923 INFO: Executing TransactionTrackerOperations.get_CM_parcels()
2019-01-15 11:31:18,218 INFO: Executing TransactionTrackerOperations.search_process_for_CMPDM() for: Performance Health|MARINER HEALTH DSSI|810
2019-01-15 11:31:18,234 INFO: Executing TransactionTrackerOperations.select_customer()
2019-01-15 11:31:25,050 INFO: Executing TransactionTrackerOperations.select_customer()
2019-01-15 11:31:36,110 INFO: Executing TransactionTrackerOperations.get_CM_parcels()
2019-01-15 11:31:38,414 INFO: NoSuchElementException in TransactionTrackerOperations.get_CM_parcels()
2019-01-15 11:31:42,607 INFO: NoSuchElementException in TransactionTrackerOperations.get_CM_parcels()
2019-01-15 11:31:46,754 INFO: NoSuchElementException in TransactionTrackerOperations.get_CM_parcels()
2019-01-15 11:31:50,935 INFO: NoSuchElementException in TransactionTrackerOperations.get_CM_parcels()
2019-01-15 11:31:55,112 INFO: NoSuchElementException in TransactionTrackerOperations.get_CM_parcels()
2019-01-15 11:31:59,343 INFO: NoSuchElementException in TransactionTrackerOperations.get_CM_parcels()
2019-01-15 11:32:03,527 INFO: NoSuchElementException in TransactionTrackerOperations.get_CM_parcels()
2019-01-15 11:32:07,713 INFO: NoSuchElementException in TransactionTrackerOperations.get_CM_parcels()
2019-01-15 11:32:11,919 INFO: NoSuchElementException in TransactionTrackerOperations.get_CM_parcels()
2019-01-15 11:32:16,201 INFO: NoSuchElementException in TransactionTrackerOperations.get_CM_parcels()
2019-01-15 11:32:20,418 INFO: NoSuchElementException in TransactionTrackerOperations.get_CM_parcels()
2019-01-15 11:32:24,729 INFO: NoSuchElementException in TransactionTrackerOperations.get_CM_parcels()
2019-01-15 11:32:28,955 INFO: NoSuchElementException in TransactionTrackerOperations.get_CM_parcels()
2019-01-15 11:32:32,774 INFO: NoSuchElementException in TransactionTrackerOperations.get_CM_parcels()
2019-01-15 11:32:41,218 INFO: Executing TransactionTrackerOperations.search_process_for_CMPDM() for: Performance Health|MEDCENTERDIRECT DOT COM|810
2019-01-15 11:32:41,236 INFO: Executing TransactionTrackerOperations.select_customer()
2019-01-15 11:32:48,030 INFO: Executing TransactionTrackerOperations.select_customer()
2019-01-15 11:32:59,245 INFO: Executing TransactionTrackerOperations.get_CM_parcels()
2019-01-15 11:33:04,768 INFO: Executing TransactionTrackerOperations.search_process_for_CMPDM() for: Performance Health|DSSI Kindred at Home|810
2019-01-15 11:33:05,293 INFO: Executing TransactionTrackerOperations.select_customer()
2019-01-15 11:33:12,109 INFO: Executing TransactionTrackerOperations.select_customer()
2019-01-15 11:33:23,329 INFO: Executing TransactionTrackerOperations.get_CM_parcels()
2019-01-15 11:33:28,771 INFO: Executing TransactionTrackerOperations.search_process_for_CMPDM() for: Performance Health|McKesson Medical Systems Columbus Community Hospital|810
2019-01-15 11:33:29,331 INFO: Executing TransactionTrackerOperations.select_customer()
2019-01-15 11:33:36,121 INFO: Executing TransactionTrackerOperations.select_customer()
2019-01-15 11:33:47,613 INFO: Executing TransactionTrackerOperations.get_CM_parcels()
2019-01-15 11:33:53,158 INFO: Executing TransactionTrackerOperations.search_process_for_CMPDM() for: Performance Health|McKesson Material Systems UT Health East Texas|810
2019-01-15 11:33:53,571 INFO: Executing TransactionTrackerOperations.select_customer()
2019-01-15 11:34:00,377 INFO: Executing TransactionTrackerOperations.select_customer()
2019-01-15 11:34:12,104 INFO: Executing TransactionTrackerOperations.get_CM_parcels()
2019-01-15 11:34:12,814 INFO: NoSuchElementException in TransactionTrackerOperations.get_CM_parcels()
2019-01-15 11:34:18,991 INFO: completed CMProductionDataMonitoring.execute_main()
2019-01-15 12:13:31,501 INFO: Executing Script Credit Memo Prodution Data Monitoring
2019-01-15 12:13:31,582 INFO: Executing CMProductionDataMonitoring.execute_main()
2019-01-15 12:13:36,471 INFO: Login in to Launchpad
2019-01-15 12:13:57,597 INFO: Executing CMProductionDataMonitoring.TaskFilter()
2019-01-15 12:13:57,824 INFO: Refreshing access_token
2019-01-15 12:14:05,069 INFO: select InProgress task from input sheet from CMProductionDataMonitoring.TaskFilter()
2019-01-15 12:14:05,070 INFO: Executing TransactionTrackerOperations.search_process_for_CMPDM() for: Performance Health|McKesson BASCOM PALMER EYE INST|810
2019-01-15 12:14:05,122 INFO: Executing TransactionTrackerOperations.select_customer()
2019-01-15 12:14:11,949 INFO: Executing TransactionTrackerOperations.select_customer()
2019-01-15 12:14:23,662 INFO: Executing TransactionTrackerOperations.get_CM_parcels()
2019-01-15 12:14:29,291 INFO: Executing TransactionTrackerOperations.search_process_for_CMPDM() for: Performance Health|McKesson CABELL HUNTINGTON HOSPITAL|810
2019-01-15 12:14:29,830 INFO: Executing TransactionTrackerOperations.select_customer()
2019-01-15 12:14:36,638 INFO: Executing TransactionTrackerOperations.select_customer()
2019-01-15 12:14:47,935 INFO: Executing TransactionTrackerOperations.get_CM_parcels()
2019-01-15 12:14:50,275 INFO: NoSuchElementException in TransactionTrackerOperations.get_CM_parcels()
2019-01-15 12:14:54,548 INFO: NoSuchElementException in TransactionTrackerOperations.get_CM_parcels()
2019-01-15 12:14:58,123 INFO: NoSuchElementException in TransactionTrackerOperations.get_CM_parcels()
2019-01-15 12:15:04,798 INFO: Executing TransactionTrackerOperations.search_process_for_CMPDM() for: Performance Health|McKesson CHILDRENS HOSPITAL|810
2019-01-15 12:15:05,375 INFO: Executing TransactionTrackerOperations.select_customer()
2019-01-15 12:15:12,219 INFO: Executing TransactionTrackerOperations.select_customer()
2019-01-15 12:15:23,657 INFO: Executing TransactionTrackerOperations.get_CM_parcels()
2019-01-15 12:15:25,971 INFO: NoSuchElementException in TransactionTrackerOperations.get_CM_parcels()
2019-01-15 12:15:30,280 INFO: NoSuchElementException in TransactionTrackerOperations.get_CM_parcels()
2019-01-15 12:15:33,241 INFO: NoSuchElementException in TransactionTrackerOperations.get_CM_parcels()
2019-01-15 12:15:40,158 INFO: Executing TransactionTrackerOperations.search_process_for_CMPDM() for: Performance Health|McKesson CHRISTIANA CARE HEALTH|810
2019-01-15 12:15:40,931 INFO: Executing TransactionTrackerOperations.select_customer()
2019-01-15 12:15:47,758 INFO: Executing TransactionTrackerOperations.select_customer()
2019-01-15 12:15:59,000 INFO: Executing TransactionTrackerOperations.get_CM_parcels()
2019-01-15 12:16:01,340 INFO: NoSuchElementException in TransactionTrackerOperations.get_CM_parcels()
2019-01-15 12:16:05,678 INFO: NoSuchElementException in TransactionTrackerOperations.get_CM_parcels()
2019-01-15 12:16:09,890 INFO: NoSuchElementException in TransactionTrackerOperations.get_CM_parcels()
2019-01-15 12:16:14,018 INFO: NoSuchElementException in TransactionTrackerOperations.get_CM_parcels()
2019-01-15 12:16:18,269 INFO: NoSuchElementException in TransactionTrackerOperations.get_CM_parcels()
2019-01-15 12:16:22,452 INFO: NoSuchElementException in TransactionTrackerOperations.get_CM_parcels()
2019-01-15 12:16:26,663 INFO: NoSuchElementException in TransactionTrackerOperations.get_CM_parcels()
2019-01-15 12:16:30,848 INFO: NoSuchElementException in TransactionTrackerOperations.get_CM_parcels()
2019-01-15 12:16:35,054 INFO: NoSuchElementException in TransactionTrackerOperations.get_CM_parcels()
2019-01-15 12:16:39,357 INFO: NoSuchElementException in TransactionTrackerOperations.get_CM_parcels()
2019-01-15 12:16:43,664 INFO: NoSuchElementException in TransactionTrackerOperations.get_CM_parcels()
2019-01-15 12:16:47,898 INFO: NoSuchElementException in TransactionTrackerOperations.get_CM_parcels()
2019-01-15 12:16:52,180 INFO: NoSuchElementException in TransactionTrackerOperations.get_CM_parcels()
2019-01-15 12:16:56,530 INFO: NoSuchElementException in TransactionTrackerOperations.get_CM_parcels()
2019-01-15 12:17:00,761 INFO: NoSuchElementException in TransactionTrackerOperations.get_CM_parcels()
2019-01-15 12:17:05,021 INFO: NoSuchElementException in TransactionTrackerOperations.get_CM_parcels()
2019-01-15 12:17:09,272 INFO: NoSuchElementException in TransactionTrackerOperations.get_CM_parcels()
2019-01-15 12:17:12,284 INFO: NoSuchElementException in TransactionTrackerOperations.get_CM_parcels()
2019-01-15 12:17:20,907 INFO: Executing TransactionTrackerOperations.search_process_for_CMPDM() for: Performance Health|McKesson EMH REGIONAL HEALTHCARE SYSTEMS|810
2019-01-15 12:17:20,924 INFO: Executing TransactionTrackerOperations.select_customer()
2019-01-15 12:17:27,730 INFO: Executing TransactionTrackerOperations.select_customer()
2019-01-15 12:17:39,579 INFO: Executing TransactionTrackerOperations.get_CM_parcels()
2019-01-15 12:17:45,830 INFO: Executing TransactionTrackerOperations.search_process_for_CMPDM() for: Performance Health|McKesson EMORY HEALTHCARE|810
2019-01-15 12:17:45,846 INFO: Executing TransactionTrackerOperations.select_customer()
2019-01-15 12:17:52,689 INFO: Executing TransactionTrackerOperations.select_customer()
2019-01-15 12:18:04,047 INFO: Executing TransactionTrackerOperations.get_CM_parcels()
2019-01-15 12:18:10,435 INFO: Executing TransactionTrackerOperations.search_process_for_CMPDM() for: Performance Health|McKesson FIRELANDS REGIONAL MEDICAL CENTER|810
2019-01-15 12:18:10,474 INFO: Executing TransactionTrackerOperations.select_customer()
2019-01-15 12:18:17,326 INFO: Executing TransactionTrackerOperations.select_customer()
2019-01-15 12:18:28,757 INFO: Executing TransactionTrackerOperations.get_CM_parcels()
2019-01-15 12:18:34,373 INFO: Executing TransactionTrackerOperations.search_process_for_CMPDM() for: Performance Health|McKesson FIRSTHEALTH CAROLINAS|810
2019-01-15 12:18:35,112 INFO: Executing TransactionTrackerOperations.select_customer()
2019-01-15 12:18:41,960 INFO: Executing TransactionTrackerOperations.select_customer()
2019-01-15 12:18:53,930 INFO: Executing TransactionTrackerOperations.get_CM_parcels()
2019-01-15 12:19:00,744 INFO: Executing TransactionTrackerOperations.search_process_for_CMPDM() for: Performance Health|McKesson FRANCISCAN ALLIANCE INC|810
2019-01-15 12:19:00,763 INFO: Executing TransactionTrackerOperations.select_customer()
2019-01-15 12:19:07,615 INFO: Executing TransactionTrackerOperations.select_customer()
2019-01-15 12:19:19,488 INFO: Executing TransactionTrackerOperations.get_CM_parcels()
2019-01-15 12:19:22,361 INFO: NoSuchElementException in TransactionTrackerOperations.get_CM_parcels()
2019-01-15 12:19:26,851 INFO: NoSuchElementException in TransactionTrackerOperations.get_CM_parcels()
2019-01-15 12:19:31,307 INFO: NoSuchElementException in TransactionTrackerOperations.get_CM_parcels()
2019-01-15 12:19:35,775 INFO: NoSuchElementException in TransactionTrackerOperations.get_CM_parcels()
2019-01-15 12:19:40,222 INFO: NoSuchElementException in TransactionTrackerOperations.get_CM_parcels()
2019-01-15 12:19:44,836 INFO: NoSuchElementException in TransactionTrackerOperations.get_CM_parcels()
2019-01-15 12:19:49,197 INFO: NoSuchElementException in TransactionTrackerOperations.get_CM_parcels()
2019-01-15 12:19:53,575 INFO: NoSuchElementException in TransactionTrackerOperations.get_CM_parcels()
2019-01-15 12:19:58,010 INFO: NoSuchElementException in TransactionTrackerOperations.get_CM_parcels()
2019-01-15 12:20:02,577 INFO: NoSuchElementException in TransactionTrackerOperations.get_CM_parcels()
2019-01-15 12:20:07,051 INFO: NoSuchElementException in TransactionTrackerOperations.get_CM_parcels()
2019-01-15 12:20:11,321 INFO: NoSuchElementException in TransactionTrackerOperations.get_CM_parcels()
2019-01-15 12:20:15,716 INFO: NoSuchElementException in TransactionTrackerOperations.get_CM_parcels()
2019-01-15 12:20:20,036 INFO: NoSuchElementException in TransactionTrackerOperations.get_CM_parcels()
2019-01-15 12:20:24,362 INFO: NoSuchElementException in TransactionTrackerOperations.get_CM_parcels()
2019-01-15 12:20:29,011 INFO: NoSuchElementException in TransactionTrackerOperations.get_CM_parcels()
2019-01-15 12:20:33,402 INFO: NoSuchElementException in TransactionTrackerOperations.get_CM_parcels()
2019-01-15 12:20:37,768 INFO: NoSuchElementException in TransactionTrackerOperations.get_CM_parcels()
2019-01-15 12:20:42,072 INFO: NoSuchElementException in TransactionTrackerOperations.get_CM_parcels()
2019-01-15 12:20:45,568 INFO: NoSuchElementException in TransactionTrackerOperations.get_CM_parcels()
2019-01-15 12:20:53,599 INFO: Executing TransactionTrackerOperations.search_process_for_CMPDM() for: Performance Health|McKesson GOOD SHEPHERD REHAB NETWORK|810
2019-01-15 12:20:54,185 INFO: Executing TransactionTrackerOperations.select_customer()
2019-01-15 12:21:00,939 INFO: Executing TransactionTrackerOperations.select_customer()
2019-01-15 12:21:12,278 INFO: Executing TransactionTrackerOperations.get_CM_parcels()
2019-01-15 12:21:14,947 INFO: NoSuchElementException in TransactionTrackerOperations.get_CM_parcels()
2019-01-15 12:21:19,510 INFO: NoSuchElementException in TransactionTrackerOperations.get_CM_parcels()
2019-01-15 12:21:23,748 INFO: NoSuchElementException in TransactionTrackerOperations.get_CM_parcels()
2019-01-15 12:21:28,194 INFO: NoSuchElementException in TransactionTrackerOperations.get_CM_parcels()
2019-01-15 12:21:32,357 INFO: NoSuchElementException in TransactionTrackerOperations.get_CM_parcels()
2019-01-15 12:21:36,556 INFO: NoSuchElementException in TransactionTrackerOperations.get_CM_parcels()
2019-01-15 12:21:40,805 INFO: NoSuchElementException in TransactionTrackerOperations.get_CM_parcels()
2019-01-15 12:21:45,091 INFO: NoSuchElementException in TransactionTrackerOperations.get_CM_parcels()
2019-01-15 12:21:49,368 INFO: NoSuchElementException in TransactionTrackerOperations.get_CM_parcels()
2019-01-15 12:21:53,580 INFO: NoSuchElementException in TransactionTrackerOperations.get_CM_parcels()
2019-01-15 12:21:58,088 INFO: NoSuchElementException in TransactionTrackerOperations.get_CM_parcels()
2019-01-15 12:22:02,513 INFO: NoSuchElementException in TransactionTrackerOperations.get_CM_parcels()
2019-01-15 12:22:06,729 INFO: NoSuchElementException in TransactionTrackerOperations.get_CM_parcels()
2019-01-15 12:22:11,002 INFO: NoSuchElementException in TransactionTrackerOperations.get_CM_parcels()
2019-01-15 12:22:15,289 INFO: NoSuchElementException in TransactionTrackerOperations.get_CM_parcels()
2019-01-15 12:22:19,556 INFO: NoSuchElementException in TransactionTrackerOperations.get_CM_parcels()
2019-01-15 12:22:23,827 INFO: NoSuchElementException in TransactionTrackerOperations.get_CM_parcels()
2019-01-15 12:22:28,138 INFO: NoSuchElementException in TransactionTrackerOperations.get_CM_parcels()
2019-01-15 12:22:31,399 INFO: NoSuchElementException in TransactionTrackerOperations.get_CM_parcels()
2019-01-15 12:22:39,283 INFO: Executing TransactionTrackerOperations.search_process_for_CMPDM() for: Performance Health|McKesson HALIFAX REGIONAL HOSPITAL|810
2019-01-15 12:22:39,843 INFO: Executing TransactionTrackerOperations.select_customer()
2019-01-15 12:22:46,657 INFO: Executing TransactionTrackerOperations.select_customer()
2019-01-15 12:22:57,853 INFO: Executing TransactionTrackerOperations.get_CM_parcels()
2019-01-15 12:23:03,446 INFO: Executing TransactionTrackerOperations.search_process_for_CMPDM() for: Performance Health|McKesson HATTISBURG CLINIC|810
2019-01-15 12:23:03,938 INFO: Executing TransactionTrackerOperations.select_customer()
2019-01-15 12:23:10,702 INFO: Executing TransactionTrackerOperations.select_customer()
2019-01-15 12:23:21,848 INFO: Executing TransactionTrackerOperations.get_CM_parcels()
2019-01-15 12:23:28,105 INFO: Executing TransactionTrackerOperations.search_process_for_CMPDM() for: Performance Health|McKesson IL BONE AND JOINT|810
2019-01-15 12:23:28,121 INFO: Executing TransactionTrackerOperations.select_customer()
2019-01-15 12:23:34,880 INFO: Executing TransactionTrackerOperations.select_customer()
2019-01-15 12:23:45,971 INFO: Executing TransactionTrackerOperations.get_CM_parcels()
2019-01-15 12:23:51,517 INFO: Executing TransactionTrackerOperations.search_process_for_CMPDM() for: Performance Health|McKesson LAKE CHARLES MEMORIAL HOSPITAL|810
2019-01-15 12:23:52,433 INFO: Executing TransactionTrackerOperations.select_customer()
2019-01-15 12:23:59,241 INFO: Executing TransactionTrackerOperations.select_customer()
2019-01-15 12:24:11,063 INFO: Executing TransactionTrackerOperations.get_CM_parcels()
2019-01-15 12:24:16,815 INFO: Executing TransactionTrackerOperations.search_process_for_CMPDM() for: Performance Health|McKesson LAWRENCE MEMORIAL HOSPITAL|810
2019-01-15 12:24:17,369 INFO: Executing TransactionTrackerOperations.select_customer()
2019-01-15 12:24:24,147 INFO: Executing TransactionTrackerOperations.select_customer()
2019-01-15 12:24:35,499 INFO: Executing TransactionTrackerOperations.get_CM_parcels()
2019-01-15 12:24:37,801 INFO: NoSuchElementException in TransactionTrackerOperations.get_CM_parcels()
2019-01-15 12:24:42,053 INFO: NoSuchElementException in TransactionTrackerOperations.get_CM_parcels()
2019-01-15 12:24:46,559 INFO: NoSuchElementException in TransactionTrackerOperations.get_CM_parcels()
2019-01-15 12:24:50,830 INFO: NoSuchElementException in TransactionTrackerOperations.get_CM_parcels()
2019-01-15 12:24:55,080 INFO: NoSuchElementException in TransactionTrackerOperations.get_CM_parcels()
2019-01-15 12:24:59,397 INFO: NoSuchElementException in TransactionTrackerOperations.get_CM_parcels()
2019-01-15 12:25:07,120 INFO: Executing TransactionTrackerOperations.search_process_for_CMPDM() for: Performance Health|McKesson LEESBURG REGIONAL|810
2019-01-15 12:25:07,734 INFO: Executing TransactionTrackerOperations.select_customer()
2019-01-15 12:25:14,478 INFO: Executing TransactionTrackerOperations.select_customer()
2019-01-15 12:25:25,540 INFO: Executing TransactionTrackerOperations.get_CM_parcels()
2019-01-15 12:25:26,495 INFO: NoSuchElementException in TransactionTrackerOperations.get_CM_parcels()
2019-01-15 12:25:32,713 INFO: Executing TransactionTrackerOperations.search_process_for_CMPDM() for: Performance Health|McKesson LOMA LINDA UNIVERSITY MEDICAL CENTER|810
2019-01-15 12:25:33,137 INFO: Executing TransactionTrackerOperations.select_customer()
2019-01-15 12:25:39,939 INFO: Executing TransactionTrackerOperations.select_customer()
2019-01-15 12:25:51,485 INFO: Executing TransactionTrackerOperations.get_CM_parcels()
2019-01-15 12:25:51,728 INFO: NoSuchElementException in TransactionTrackerOperations.get_CM_parcels()
2019-01-15 12:25:58,981 INFO: Executing TransactionTrackerOperations.search_process_for_CMPDM() for: Performance Health|McKesson MCG HEALTH INC|810
2019-01-15 12:25:58,997 INFO: Executing TransactionTrackerOperations.select_customer()
2019-01-15 12:26:05,763 INFO: Executing TransactionTrackerOperations.select_customer()
2019-01-15 12:26:16,787 INFO: Executing TransactionTrackerOperations.get_CM_parcels()
2019-01-15 12:26:19,095 INFO: NoSuchElementException in TransactionTrackerOperations.get_CM_parcels()
2019-01-15 12:26:23,328 INFO: NoSuchElementException in TransactionTrackerOperations.get_CM_parcels()
2019-01-15 12:26:27,610 INFO: NoSuchElementException in TransactionTrackerOperations.get_CM_parcels()
2019-01-15 12:26:31,835 INFO: NoSuchElementException in TransactionTrackerOperations.get_CM_parcels()
2019-01-15 12:26:36,007 INFO: NoSuchElementException in TransactionTrackerOperations.get_CM_parcels()
2019-01-15 12:26:39,613 INFO: NoSuchElementException in TransactionTrackerOperations.get_CM_parcels()
2019-01-15 12:26:45,917 INFO: Executing TransactionTrackerOperations.search_process_for_CMPDM() for: Performance Health|McKesson NCH HEALTHCARE|810
2019-01-15 12:26:46,309 INFO: Executing TransactionTrackerOperations.select_customer()
2019-01-15 12:26:53,090 INFO: Executing TransactionTrackerOperations.select_customer()
2019-01-15 12:27:04,103 INFO: Executing TransactionTrackerOperations.get_CM_parcels()
2019-01-15 12:27:06,427 INFO: NoSuchElementException in TransactionTrackerOperations.get_CM_parcels()
2019-01-15 12:27:10,671 INFO: NoSuchElementException in TransactionTrackerOperations.get_CM_parcels()
2019-01-15 12:27:14,814 INFO: NoSuchElementException in TransactionTrackerOperations.get_CM_parcels()
2019-01-15 12:27:19,042 INFO: NoSuchElementException in TransactionTrackerOperations.get_CM_parcels()
2019-01-15 12:27:23,296 INFO: NoSuchElementException in TransactionTrackerOperations.get_CM_parcels()
2019-01-15 12:27:27,497 INFO: NoSuchElementException in TransactionTrackerOperations.get_CM_parcels()
2019-01-15 12:27:31,679 INFO: NoSuchElementException in TransactionTrackerOperations.get_CM_parcels()
2019-01-15 12:27:35,933 INFO: NoSuchElementException in TransactionTrackerOperations.get_CM_parcels()
2019-01-15 12:27:38,665 INFO: NoSuchElementException in TransactionTrackerOperations.get_CM_parcels()
2019-01-15 12:27:44,856 INFO: Executing TransactionTrackerOperations.search_process_for_CMPDM() for: Performance Health|McKesson SACRED HEART HOSPITAL|810
2019-01-15 12:27:45,382 INFO: Executing TransactionTrackerOperations.select_customer()
2019-01-15 12:27:52,269 INFO: Executing TransactionTrackerOperations.select_customer()
2019-01-15 12:28:03,406 INFO: Executing TransactionTrackerOperations.get_CM_parcels()
2019-01-15 12:28:08,899 INFO: Executing TransactionTrackerOperations.search_process_for_CMPDM() for: Performance Health|McKesson SAINT FRANCES MEDICAL CENTER|810
2019-01-15 12:28:09,451 INFO: Executing TransactionTrackerOperations.select_customer()
2019-01-15 12:28:16,231 INFO: Executing TransactionTrackerOperations.select_customer()
2019-01-15 12:28:27,523 INFO: Executing TransactionTrackerOperations.get_CM_parcels()
2019-01-15 12:28:29,862 INFO: NoSuchElementException in TransactionTrackerOperations.get_CM_parcels()
2019-01-15 12:28:34,089 INFO: NoSuchElementException in TransactionTrackerOperations.get_CM_parcels()
2019-01-15 12:28:38,240 INFO: NoSuchElementException in TransactionTrackerOperations.get_CM_parcels()
2019-01-15 12:28:41,822 INFO: NoSuchElementException in TransactionTrackerOperations.get_CM_parcels()
2019-01-15 12:28:48,889 INFO: Executing TransactionTrackerOperations.search_process_for_CMPDM() for: Performance Health|McKesson SOUTHERN NEW HAMPSHIRE MEDICAL CENTER|810
2019-01-15 12:28:48,911 INFO: Executing TransactionTrackerOperations.select_customer()
2019-01-15 12:28:55,691 INFO: Executing TransactionTrackerOperations.select_customer()
2019-01-15 12:29:07,183 INFO: Executing TransactionTrackerOperations.get_CM_parcels()
2019-01-15 12:29:09,592 INFO: NoSuchElementException in TransactionTrackerOperations.get_CM_parcels()
2019-01-15 12:29:13,845 INFO: NoSuchElementException in TransactionTrackerOperations.get_CM_parcels()
2019-01-15 12:29:18,067 INFO: NoSuchElementException in TransactionTrackerOperations.get_CM_parcels()
2019-01-15 12:29:22,286 INFO: NoSuchElementException in TransactionTrackerOperations.get_CM_parcels()
2019-01-15 12:29:25,255 INFO: NoSuchElementException in TransactionTrackerOperations.get_CM_parcels()
2019-01-15 12:29:32,235 INFO: Executing TransactionTrackerOperations.search_process_for_CMPDM() for: Performance Health|McKesson TIFT REGIONAL MEDICAL CENTER|810
2019-01-15 12:29:32,683 INFO: Executing TransactionTrackerOperations.select_customer()
2019-01-15 12:29:39,422 INFO: Executing TransactionTrackerOperations.select_customer()
2019-01-15 12:29:50,848 INFO: Executing TransactionTrackerOperations.get_CM_parcels()
2019-01-15 12:29:56,357 INFO: Executing TransactionTrackerOperations.search_process_for_CMPDM() for: Performance Health|McKesson TRINITY MOTHER FRANCES HOSPITAL|810
2019-01-15 12:29:57,051 INFO: Executing TransactionTrackerOperations.select_customer()
2019-01-15 12:30:04,020 INFO: Executing TransactionTrackerOperations.select_customer()
2019-01-15 12:30:15,368 INFO: Executing TransactionTrackerOperations.get_CM_parcels()
2019-01-15 12:30:17,689 INFO: NoSuchElementException in TransactionTrackerOperations.get_CM_parcels()
2019-01-15 12:30:22,831 INFO: NoSuchElementException in TransactionTrackerOperations.get_CM_parcels()
2019-01-15 12:30:27,023 INFO: NoSuchElementException in TransactionTrackerOperations.get_CM_parcels()
2019-01-15 12:30:31,281 INFO: NoSuchElementException in TransactionTrackerOperations.get_CM_parcels()
2019-01-15 12:30:35,600 INFO: NoSuchElementException in TransactionTrackerOperations.get_CM_parcels()
2019-01-15 12:30:39,811 INFO: NoSuchElementException in TransactionTrackerOperations.get_CM_parcels()
2019-01-15 12:30:44,006 INFO: NoSuchElementException in TransactionTrackerOperations.get_CM_parcels()
2019-01-15 12:30:48,275 INFO: NoSuchElementException in TransactionTrackerOperations.get_CM_parcels()
2019-01-15 12:30:50,762 INFO: NoSuchElementException in TransactionTrackerOperations.get_CM_parcels()
2019-01-15 12:30:57,752 INFO: Executing TransactionTrackerOperations.search_process_for_CMPDM() for: Performance Health|McKesson Truman Medical Center|810
2019-01-15 12:30:57,767 INFO: Executing TransactionTrackerOperations.select_customer()
2019-01-15 12:31:04,598 INFO: Executing TransactionTrackerOperations.select_customer()
2019-01-15 12:31:15,822 INFO: Executing TransactionTrackerOperations.get_CM_parcels()
2019-01-15 12:31:21,333 INFO: Executing TransactionTrackerOperations.search_process_for_CMPDM() for: Performance Health|McKesson UNITED HOSPITAL SYSTEM INC|810
2019-01-15 12:31:21,869 INFO: Executing TransactionTrackerOperations.select_customer()
2019-01-15 12:31:28,815 INFO: Executing TransactionTrackerOperations.select_customer()
2019-01-15 12:31:40,148 INFO: Executing TransactionTrackerOperations.get_CM_parcels()
2019-01-15 12:31:42,554 INFO: NoSuchElementException in TransactionTrackerOperations.get_CM_parcels()
2019-01-15 12:31:46,923 INFO: NoSuchElementException in TransactionTrackerOperations.get_CM_parcels()
2019-01-15 12:31:51,113 INFO: NoSuchElementException in TransactionTrackerOperations.get_CM_parcels()
2019-01-15 12:31:54,926 INFO: NoSuchElementException in TransactionTrackerOperations.get_CM_parcels()
2019-01-15 12:32:01,133 INFO: Executing TransactionTrackerOperations.search_process_for_CMPDM() for: Performance Health|McKesson VAIL VALLEY MEDICAL CENTER|810
2019-01-15 12:32:01,778 INFO: Executing TransactionTrackerOperations.select_customer()
2019-01-15 12:32:08,626 INFO: Executing TransactionTrackerOperations.select_customer()
2019-01-15 12:32:19,898 INFO: Executing TransactionTrackerOperations.get_CM_parcels()
2019-01-15 12:32:22,380 INFO: NoSuchElementException in TransactionTrackerOperations.get_CM_parcels()
2019-01-15 12:32:26,584 INFO: NoSuchElementException in TransactionTrackerOperations.get_CM_parcels()
2019-01-15 12:32:30,756 INFO: NoSuchElementException in TransactionTrackerOperations.get_CM_parcels()
2019-01-15 12:32:35,021 INFO: NoSuchElementException in TransactionTrackerOperations.get_CM_parcels()
2019-01-15 12:32:39,148 INFO: NoSuchElementException in TransactionTrackerOperations.get_CM_parcels()
2019-01-15 12:32:43,381 INFO: NoSuchElementException in TransactionTrackerOperations.get_CM_parcels()
2019-01-15 12:32:47,639 INFO: NoSuchElementException in TransactionTrackerOperations.get_CM_parcels()
2019-01-15 12:32:51,928 INFO: NoSuchElementException in TransactionTrackerOperations.get_CM_parcels()
2019-01-15 12:32:56,158 INFO: NoSuchElementException in TransactionTrackerOperations.get_CM_parcels()
2019-01-15 12:33:00,442 INFO: NoSuchElementException in TransactionTrackerOperations.get_CM_parcels()
2019-01-15 12:33:04,672 INFO: NoSuchElementException in TransactionTrackerOperations.get_CM_parcels()
2019-01-15 12:33:08,939 INFO: NoSuchElementException in TransactionTrackerOperations.get_CM_parcels()
2019-01-15 12:33:13,284 INFO: NoSuchElementException in TransactionTrackerOperations.get_CM_parcels()
2019-01-15 12:33:17,651 INFO: NoSuchElementException in TransactionTrackerOperations.get_CM_parcels()
2019-01-15 12:33:21,960 INFO: NoSuchElementException in TransactionTrackerOperations.get_CM_parcels()
2019-01-15 12:33:26,343 INFO: NoSuchElementException in TransactionTrackerOperations.get_CM_parcels()
2019-01-15 12:33:30,702 INFO: NoSuchElementException in TransactionTrackerOperations.get_CM_parcels()
2019-01-15 12:33:33,124 ERROR: Error in CMProductionDataMonitoring.TaskFilter()
2019-01-15 12:33:37,622 INFO: Executing TransactionTrackerOperations.search_process_for_CMPDM() for: Performance Health|McKesson WHEATON FRANCISCAN HEALTHCARE|810
2019-01-15 12:33:38,559 INFO: Executing TransactionTrackerOperations.select_customer()
2019-01-15 12:33:45,348 INFO: Executing TransactionTrackerOperations.select_customer()
2019-01-15 12:33:56,777 INFO: Executing TransactionTrackerOperations.get_CM_parcels()
2019-01-15 12:34:02,505 INFO: Executing TransactionTrackerOperations.search_process_for_CMPDM() for: Performance Health|MFA DSSI|810
2019-01-15 12:34:02,520 INFO: Executing TransactionTrackerOperations.select_customer()
2019-01-15 12:35:44,662 ERROR: Error in CMProductionDataMonitoring.TaskFilter()
2019-01-15 12:35:49,463 INFO: Executing TransactionTrackerOperations.search_process_for_CMPDM() for: Performance Health|MIDWEST GERIATRIC DSSI|810
2019-01-15 12:35:49,478 INFO: Executing TransactionTrackerOperations.select_customer()
2019-01-15 12:37:31,853 ERROR: Error in CMProductionDataMonitoring.TaskFilter()
2019-01-15 12:37:36,367 INFO: Executing TransactionTrackerOperations.search_process_for_CMPDM() for: Performance Health|MIDWEST HEALTH DSSI|810
2019-01-15 12:37:36,917 INFO: Executing TransactionTrackerOperations.select_customer()
2019-01-15 12:37:44,093 INFO: Executing TransactionTrackerOperations.select_customer()
2019-01-15 12:37:55,067 INFO: Executing TransactionTrackerOperations.get_CM_parcels()
2019-01-15 12:37:57,570 INFO: NoSuchElementException in TransactionTrackerOperations.get_CM_parcels()
2019-01-15 12:38:02,034 INFO: NoSuchElementException in TransactionTrackerOperations.get_CM_parcels()
2019-01-15 12:38:06,306 INFO: NoSuchElementException in TransactionTrackerOperations.get_CM_parcels()
2019-01-15 12:38:10,103 INFO: NoSuchElementException in TransactionTrackerOperations.get_CM_parcels()
2019-01-15 12:38:17,200 INFO: Executing TransactionTrackerOperations.search_process_for_CMPDM() for: Performance Health|MISSION HEALTH DSSI|810
2019-01-15 12:38:17,217 INFO: Executing TransactionTrackerOperations.select_customer()
2019-01-15 12:38:23,954 INFO: Executing TransactionTrackerOperations.select_customer()
2019-01-15 12:38:35,085 INFO: Executing TransactionTrackerOperations.get_CM_parcels()
2019-01-15 12:38:37,478 INFO: NoSuchElementException in TransactionTrackerOperations.get_CM_parcels()
2019-01-15 12:38:41,677 INFO: NoSuchElementException in TransactionTrackerOperations.get_CM_parcels()
2019-01-15 12:38:45,897 INFO: NoSuchElementException in TransactionTrackerOperations.get_CM_parcels()
2019-01-15 12:38:50,102 INFO: NoSuchElementException in TransactionTrackerOperations.get_CM_parcels()
2019-01-15 12:38:54,253 INFO: NoSuchElementException in TransactionTrackerOperations.get_CM_parcels()
2019-01-15 12:38:58,484 INFO: NoSuchElementException in TransactionTrackerOperations.get_CM_parcels()
2019-01-15 12:39:02,991 INFO: NoSuchElementException in TransactionTrackerOperations.get_CM_parcels()
2019-01-15 12:39:07,270 INFO: NoSuchElementException in TransactionTrackerOperations.get_CM_parcels()
2019-01-15 12:39:11,487 INFO: NoSuchElementException in TransactionTrackerOperations.get_CM_parcels()
2019-01-15 12:39:15,097 INFO: NoSuchElementException in TransactionTrackerOperations.get_CM_parcels()
2019-01-15 12:39:22,291 INFO: Executing TransactionTrackerOperations.search_process_for_CMPDM() for: Performance Health|NEXION DSSI|810
2019-01-15 12:39:23,110 INFO: Executing TransactionTrackerOperations.select_customer()
2019-01-15 12:39:29,907 INFO: Executing TransactionTrackerOperations.select_customer()
2019-01-15 12:39:40,969 INFO: Executing TransactionTrackerOperations.get_CM_parcels()
2019-01-15 12:39:43,335 INFO: NoSuchElementException in TransactionTrackerOperations.get_CM_parcels()
2019-01-15 12:39:47,515 INFO: NoSuchElementException in TransactionTrackerOperations.get_CM_parcels()
2019-01-15 12:39:51,669 INFO: NoSuchElementException in TransactionTrackerOperations.get_CM_parcels()
2019-01-15 12:39:55,922 INFO: NoSuchElementException in TransactionTrackerOperations.get_CM_parcels()
2019-01-15 12:40:00,119 INFO: NoSuchElementException in TransactionTrackerOperations.get_CM_parcels()
2019-01-15 12:40:04,377 INFO: NoSuchElementException in TransactionTrackerOperations.get_CM_parcels()
2019-01-15 12:40:08,602 INFO: NoSuchElementException in TransactionTrackerOperations.get_CM_parcels()
2019-01-15 12:40:12,855 INFO: NoSuchElementException in TransactionTrackerOperations.get_CM_parcels()
2019-01-15 12:40:17,185 INFO: NoSuchElementException in TransactionTrackerOperations.get_CM_parcels()
2019-01-15 12:40:21,412 INFO: NoSuchElementException in TransactionTrackerOperations.get_CM_parcels()
2019-01-15 12:40:25,261 INFO: NoSuchElementException in TransactionTrackerOperations.get_CM_parcels()
2019-01-15 12:40:32,876 INFO: Executing TransactionTrackerOperations.search_process_for_CMPDM() for: Performance Health|NOLAND HEALTH SERVICES DSSI|810
2019-01-15 12:40:32,975 INFO: Executing TransactionTrackerOperations.select_customer()
2019-01-15 12:40:39,862 INFO: Executing TransactionTrackerOperations.select_customer()
2019-01-15 12:40:51,250 INFO: Executing TransactionTrackerOperations.get_CM_parcels()
2019-01-15 12:40:53,575 INFO: NoSuchElementException in TransactionTrackerOperations.get_CM_parcels()
2019-01-15 12:40:57,816 INFO: NoSuchElementException in TransactionTrackerOperations.get_CM_parcels()
2019-01-15 12:41:02,125 INFO: NoSuchElementException in TransactionTrackerOperations.get_CM_parcels()
2019-01-15 12:41:06,299 INFO: NoSuchElementException in TransactionTrackerOperations.get_CM_parcels()
2019-01-15 12:41:10,488 INFO: NoSuchElementException in TransactionTrackerOperations.get_CM_parcels()
2019-01-15 12:41:14,688 INFO: NoSuchElementException in TransactionTrackerOperations.get_CM_parcels()
2019-01-15 12:41:17,321 INFO: NoSuchElementException in TransactionTrackerOperations.get_CM_parcels()
2019-01-15 12:41:24,284 INFO: Executing TransactionTrackerOperations.search_process_for_CMPDM() for: Performance Health|NORTHPORT DSSI|810
2019-01-15 12:41:24,564 INFO: Executing TransactionTrackerOperations.select_customer()
2019-01-15 12:41:31,369 INFO: Executing TransactionTrackerOperations.select_customer()
2019-01-15 12:41:42,485 INFO: Executing TransactionTrackerOperations.get_CM_parcels()
2019-01-15 12:41:48,014 INFO: Executing TransactionTrackerOperations.search_process_for_CMPDM() for: Performance Health|NUVISION DSSI|810
2019-01-15 12:41:48,728 INFO: Executing TransactionTrackerOperations.select_customer()
2019-01-15 12:41:55,528 INFO: Executing TransactionTrackerOperations.select_customer()
2019-01-15 12:42:06,553 INFO: Executing TransactionTrackerOperations.get_CM_parcels()
2019-01-15 12:42:08,895 INFO: NoSuchElementException in TransactionTrackerOperations.get_CM_parcels()
2019-01-15 12:42:13,143 INFO: NoSuchElementException in TransactionTrackerOperations.get_CM_parcels()
2019-01-15 12:42:17,350 INFO: NoSuchElementException in TransactionTrackerOperations.get_CM_parcels()
2019-01-15 12:42:20,538 INFO: NoSuchElementException in TransactionTrackerOperations.get_CM_parcels()
2019-01-15 12:42:26,921 INFO: Executing TransactionTrackerOperations.search_process_for_CMPDM() for: Performance Health|ONIX GROUP DSSI|810
2019-01-15 12:42:27,500 INFO: Executing TransactionTrackerOperations.select_customer()
2019-01-15 12:42:34,286 INFO: Executing TransactionTrackerOperations.select_customer()
2019-01-15 12:42:45,371 INFO: Executing TransactionTrackerOperations.get_CM_parcels()
2019-01-15 12:42:47,689 INFO: NoSuchElementException in TransactionTrackerOperations.get_CM_parcels()
2019-01-15 12:42:51,925 INFO: NoSuchElementException in TransactionTrackerOperations.get_CM_parcels()
2019-01-15 12:42:56,118 INFO: NoSuchElementException in TransactionTrackerOperations.get_CM_parcels()
2019-01-15 12:43:00,290 INFO: NoSuchElementException in TransactionTrackerOperations.get_CM_parcels()
2019-01-15 12:43:03,664 INFO: NoSuchElementException in TransactionTrackerOperations.get_CM_parcels()
2019-01-15 12:43:10,717 INFO: Executing TransactionTrackerOperations.search_process_for_CMPDM() for: Performance Health|PENNMED CONSULTANTS INC DSSI|810
2019-01-15 12:43:10,732 INFO: Executing TransactionTrackerOperations.select_customer()
2019-01-15 12:43:17,471 INFO: Executing TransactionTrackerOperations.select_customer()
2019-01-15 12:43:28,905 INFO: Executing TransactionTrackerOperations.get_CM_parcels()
2019-01-15 12:43:34,756 INFO: Executing TransactionTrackerOperations.search_process_for_CMPDM() for: Performance Health|PREFERRED CARE DSSI|810
2019-01-15 12:43:35,557 INFO: Executing TransactionTrackerOperations.select_customer()
2019-01-15 12:43:42,353 INFO: Executing TransactionTrackerOperations.select_customer()
2019-01-15 12:43:53,524 INFO: Executing TransactionTrackerOperations.get_CM_parcels()
2019-01-15 12:43:58,960 INFO: Executing TransactionTrackerOperations.search_process_for_CMPDM() for: Performance Health|PRESBYTERIAN HOMES AND SERVICES DSSI|810
2019-01-15 12:43:59,535 INFO: Executing TransactionTrackerOperations.select_customer()
2019-01-15 12:44:06,475 INFO: Executing TransactionTrackerOperations.select_customer()
2019-01-15 12:44:18,027 INFO: Executing TransactionTrackerOperations.get_CM_parcels()
2019-01-15 12:44:20,355 INFO: NoSuchElementException in TransactionTrackerOperations.get_CM_parcels()
2019-01-15 12:44:24,554 INFO: NoSuchElementException in TransactionTrackerOperations.get_CM_parcels()
2019-01-15 12:44:28,737 INFO: NoSuchElementException in TransactionTrackerOperations.get_CM_parcels()
2019-01-15 12:44:32,921 INFO: NoSuchElementException in TransactionTrackerOperations.get_CM_parcels()
2019-01-15 12:44:37,116 INFO: NoSuchElementException in TransactionTrackerOperations.get_CM_parcels()
2019-01-15 12:44:41,312 INFO: NoSuchElementException in TransactionTrackerOperations.get_CM_parcels()
2019-01-15 12:44:45,617 INFO: NoSuchElementException in TransactionTrackerOperations.get_CM_parcels()
2019-01-15 12:44:49,836 INFO: NoSuchElementException in TransactionTrackerOperations.get_CM_parcels()
2019-01-15 12:44:57,615 INFO: Executing TransactionTrackerOperations.search_process_for_CMPDM() for: Performance Health|PRESBYTERIAN SENIOR LIVING DSSI|810
2019-01-15 12:44:58,036 INFO: Executing TransactionTrackerOperations.select_customer()
2019-01-15 12:45:04,775 INFO: Executing TransactionTrackerOperations.select_customer()
2019-01-15 12:45:16,267 INFO: Executing TransactionTrackerOperations.get_CM_parcels()
2019-01-15 12:45:18,636 INFO: NoSuchElementException in TransactionTrackerOperations.get_CM_parcels()
2019-01-15 12:45:22,854 INFO: NoSuchElementException in TransactionTrackerOperations.get_CM_parcels()
2019-01-15 12:45:27,098 INFO: NoSuchElementException in TransactionTrackerOperations.get_CM_parcels()
2019-01-15 12:45:31,334 INFO: NoSuchElementException in TransactionTrackerOperations.get_CM_parcels()
2019-01-15 12:45:35,534 INFO: NoSuchElementException in TransactionTrackerOperations.get_CM_parcels()
2019-01-15 12:45:37,959 INFO: NoSuchElementException in TransactionTrackerOperations.get_CM_parcels()
2019-01-15 12:45:44,166 INFO: Executing TransactionTrackerOperations.search_process_for_CMPDM() for: Performance Health|QUALITY LIFE SERVICES DSSI|810
2019-01-15 12:45:44,499 INFO: Executing TransactionTrackerOperations.select_customer()
2019-01-15 12:45:51,275 INFO: Executing TransactionTrackerOperations.select_customer()
2019-01-15 12:46:02,533 INFO: Executing TransactionTrackerOperations.get_CM_parcels()
2019-01-15 12:46:04,851 INFO: NoSuchElementException in TransactionTrackerOperations.get_CM_parcels()
2019-01-15 12:46:09,116 INFO: NoSuchElementException in TransactionTrackerOperations.get_CM_parcels()
2019-01-15 12:46:13,316 INFO: NoSuchElementException in TransactionTrackerOperations.get_CM_parcels()
2019-01-15 12:46:17,477 INFO: NoSuchElementException in TransactionTrackerOperations.get_CM_parcels()
2019-01-15 12:46:21,665 INFO: NoSuchElementException in TransactionTrackerOperations.get_CM_parcels()
2019-01-15 12:46:25,919 INFO: NoSuchElementException in TransactionTrackerOperations.get_CM_parcels()
2019-01-15 12:46:30,104 INFO: NoSuchElementException in TransactionTrackerOperations.get_CM_parcels()
2019-01-15 12:46:33,761 INFO: NoSuchElementException in TransactionTrackerOperations.get_CM_parcels()
2019-01-15 12:46:40,029 INFO: Executing TransactionTrackerOperations.search_process_for_CMPDM() for: Performance Health|Quest Healthcare Development DSSI|810
2019-01-15 12:46:40,521 INFO: Executing TransactionTrackerOperations.select_customer()
2019-01-15 12:46:47,308 INFO: Executing TransactionTrackerOperations.select_customer()
2019-01-15 12:46:58,446 INFO: Executing TransactionTrackerOperations.get_CM_parcels()
2019-01-15 12:47:03,955 INFO: Executing TransactionTrackerOperations.search_process_for_CMPDM() for: Performance Health|Regency Integrated Health Services DSSI|810
2019-01-15 12:47:04,365 INFO: Executing TransactionTrackerOperations.select_customer()
2019-01-15 12:47:11,178 INFO: Executing TransactionTrackerOperations.select_customer()
2019-01-15 12:47:22,739 INFO: Executing TransactionTrackerOperations.get_CM_parcels()
2019-01-15 12:47:28,207 INFO: Executing TransactionTrackerOperations.search_process_for_CMPDM() for: Performance Health|RENNES HEALTH DSSI|810
2019-01-15 12:47:28,621 INFO: Executing TransactionTrackerOperations.select_customer()
2019-01-15 12:47:35,398 INFO: Executing TransactionTrackerOperations.select_customer()
2019-01-15 12:47:46,367 INFO: Executing TransactionTrackerOperations.get_CM_parcels()
2019-01-15 12:47:48,791 INFO: NoSuchElementException in TransactionTrackerOperations.get_CM_parcels()
2019-01-15 12:47:52,988 INFO: NoSuchElementException in TransactionTrackerOperations.get_CM_parcels()
2019-01-15 12:47:57,412 INFO: NoSuchElementException in TransactionTrackerOperations.get_CM_parcels()
2019-01-15 12:48:02,338 INFO: NoSuchElementException in TransactionTrackerOperations.get_CM_parcels()
2019-01-15 12:48:06,780 INFO: NoSuchElementException in TransactionTrackerOperations.get_CM_parcels()
2019-01-15 12:48:11,322 INFO: NoSuchElementException in TransactionTrackerOperations.get_CM_parcels()
2019-01-15 12:48:13,726 INFO: NoSuchElementException in TransactionTrackerOperations.get_CM_parcels()
2019-01-15 12:48:21,988 INFO: Executing TransactionTrackerOperations.search_process_for_CMPDM() for: Performance Health|SABER HEALTHCARE DSSI|810
2019-01-15 12:48:22,395 INFO: Executing TransactionTrackerOperations.select_customer()
2019-01-15 12:48:29,500 INFO: Executing TransactionTrackerOperations.select_customer()
2019-01-15 12:48:40,985 INFO: Executing TransactionTrackerOperations.get_CM_parcels()
2019-01-15 12:48:47,913 INFO: Executing TransactionTrackerOperations.search_process_for_CMPDM() for: Performance Health|SPRENGER HEALTHCARE DSSI|810
2019-01-15 12:48:47,987 INFO: Executing TransactionTrackerOperations.select_customer()
2019-01-15 12:48:54,828 INFO: Executing TransactionTrackerOperations.select_customer()
2019-01-15 12:49:06,576 INFO: Executing TransactionTrackerOperations.get_CM_parcels()
2019-01-15 12:49:09,201 INFO: NoSuchElementException in TransactionTrackerOperations.get_CM_parcels()
2019-01-15 12:49:13,589 INFO: NoSuchElementException in TransactionTrackerOperations.get_CM_parcels()
2019-01-15 12:49:18,739 INFO: NoSuchElementException in TransactionTrackerOperations.get_CM_parcels()
2019-01-15 12:49:23,089 INFO: NoSuchElementException in TransactionTrackerOperations.get_CM_parcels()
2019-01-15 12:49:27,365 INFO: NoSuchElementException in TransactionTrackerOperations.get_CM_parcels()
2019-01-15 12:49:31,827 INFO: NoSuchElementException in TransactionTrackerOperations.get_CM_parcels()
2019-01-15 12:49:36,145 INFO: NoSuchElementException in TransactionTrackerOperations.get_CM_parcels()
2019-01-15 12:49:40,572 INFO: NoSuchElementException in TransactionTrackerOperations.get_CM_parcels()
2019-01-15 12:49:45,200 INFO: NoSuchElementException in TransactionTrackerOperations.get_CM_parcels()
2019-01-15 12:49:49,506 INFO: NoSuchElementException in TransactionTrackerOperations.get_CM_parcels()
2019-01-15 12:49:53,798 INFO: NoSuchElementException in TransactionTrackerOperations.get_CM_parcels()
2019-01-15 12:49:58,386 INFO: NoSuchElementException in TransactionTrackerOperations.get_CM_parcels()
2019-01-15 12:50:03,069 INFO: NoSuchElementException in TransactionTrackerOperations.get_CM_parcels()
2019-01-15 12:50:07,534 INFO: NoSuchElementException in TransactionTrackerOperations.get_CM_parcels()
2019-01-15 12:50:17,090 INFO: Executing TransactionTrackerOperations.search_process_for_CMPDM() for: Performance Health|SPRINGPOINT DSSI|810
2019-01-15 12:50:17,962 INFO: Executing TransactionTrackerOperations.select_customer()
2019-01-15 12:50:24,829 INFO: Executing TransactionTrackerOperations.select_customer()
2019-01-15 12:50:36,141 INFO: Executing TransactionTrackerOperations.get_CM_parcels()
2019-01-15 12:50:38,990 INFO: NoSuchElementException in TransactionTrackerOperations.get_CM_parcels()
2019-01-15 12:50:43,532 INFO: NoSuchElementException in TransactionTrackerOperations.get_CM_parcels()
2019-01-15 12:50:48,108 INFO: NoSuchElementException in TransactionTrackerOperations.get_CM_parcels()
2019-01-15 12:50:53,067 INFO: NoSuchElementException in TransactionTrackerOperations.get_CM_parcels()
2019-01-15 12:50:56,822 INFO: NoSuchElementException in TransactionTrackerOperations.get_CM_parcels()
2019-01-15 12:51:07,250 INFO: Executing TransactionTrackerOperations.search_process_for_CMPDM() for: Performance Health|STONERISE MEDICAL DSSI|810
2019-01-15 12:51:07,281 INFO: Executing TransactionTrackerOperations.select_customer()
2019-01-15 12:51:14,141 INFO: Executing TransactionTrackerOperations.select_customer()
2019-01-15 12:51:25,529 INFO: Executing TransactionTrackerOperations.get_CM_parcels()
2019-01-15 12:51:32,679 INFO: Executing TransactionTrackerOperations.search_process_for_CMPDM() for: Performance Health|TAMARAC ADMINISTRACTIVE SERVICES DSSI|810
2019-01-15 12:51:33,673 INFO: Executing TransactionTrackerOperations.select_customer()
2019-01-15 12:51:40,490 INFO: Executing TransactionTrackerOperations.select_customer()
2019-01-15 12:51:52,159 INFO: Executing TransactionTrackerOperations.get_CM_parcels()
2019-01-15 12:52:00,343 INFO: Executing TransactionTrackerOperations.search_process_for_CMPDM() for: Performance Health|TANDEM HEALTHCARE DSSI|810
2019-01-15 12:52:00,362 INFO: Executing TransactionTrackerOperations.select_customer()
2019-01-15 12:53:42,822 ERROR: Error in CMProductionDataMonitoring.TaskFilter()
2019-01-15 12:53:48,969 INFO: Executing TransactionTrackerOperations.search_process_for_CMPDM() for: Performance Health|TARA CARES LLC DSSI|810
2019-01-15 12:53:48,988 INFO: Executing TransactionTrackerOperations.select_customer()
2019-01-15 12:53:55,786 INFO: Executing TransactionTrackerOperations.select_customer()
2019-01-15 12:54:07,401 INFO: Executing TransactionTrackerOperations.get_CM_parcels()
2019-01-15 12:54:13,919 INFO: Executing TransactionTrackerOperations.search_process_for_CMPDM() for: Performance Health|TEALWOOD TWN DSSI|810
2019-01-15 12:54:14,596 INFO: Executing TransactionTrackerOperations.select_customer()
2019-01-15 12:54:21,985 INFO: Executing TransactionTrackerOperations.select_customer()
2019-01-15 12:54:33,195 INFO: Executing TransactionTrackerOperations.get_CM_parcels()
2019-01-15 12:54:39,971 INFO: Executing TransactionTrackerOperations.search_process_for_CMPDM() for: Performance Health|TRANS HEALTH CARE DSSI|810
2019-01-15 12:54:40,689 INFO: Executing TransactionTrackerOperations.select_customer()
2019-01-15 12:54:47,481 INFO: Executing TransactionTrackerOperations.select_customer()
2019-01-15 12:54:58,860 INFO: Executing TransactionTrackerOperations.get_CM_parcels()
2019-01-15 12:55:06,914 INFO: Executing TransactionTrackerOperations.search_process_for_CMPDM() for: Performance Health|UNITED MEDICAL DSSI|810
2019-01-15 12:55:06,922 ERROR: Error in CMProductionDataMonitoring.TaskFilter()
2019-01-15 12:55:12,127 INFO: Executing TransactionTrackerOperations.search_process_for_CMPDM() for: Performance Health|WILMAC DSSI|810
2019-01-15 12:55:12,143 INFO: Executing TransactionTrackerOperations.select_customer()
2019-01-15 12:55:18,949 INFO: Executing TransactionTrackerOperations.select_customer()
2019-01-15 12:55:29,789 INFO: Executing TransactionTrackerOperations.get_CM_parcels()
2019-01-15 12:55:32,276 INFO: NoSuchElementException in TransactionTrackerOperations.get_CM_parcels()
2019-01-15 12:55:36,614 INFO: NoSuchElementException in TransactionTrackerOperations.get_CM_parcels()
2019-01-15 12:55:40,838 INFO: NoSuchElementException in TransactionTrackerOperations.get_CM_parcels()
2019-01-15 12:55:45,051 INFO: NoSuchElementException in TransactionTrackerOperations.get_CM_parcels()
2019-01-15 12:55:48,956 INFO: NoSuchElementException in TransactionTrackerOperations.get_CM_parcels()
2019-01-15 12:55:56,298 INFO: Executing TransactionTrackerOperations.search_process_for_CMPDM() for: Performance Health|Senior Care Centers LLC|810
2019-01-15 12:55:56,305 ERROR: Error in CMProductionDataMonitoring.TaskFilter()
2019-01-15 12:56:00,724 INFO: completed CMProductionDataMonitoring.execute_main()
