2018-09-26 11:17:15,157 INFO: Executing Script Prodution Data Monitoring
2018-09-26 11:17:25,005 INFO: Login in to Launchpad
2018-09-26 11:17:46,812 INFO: Refreshing access_token
2018-09-26 11:17:50,921 INFO: Executing method 'search_process' from TransactionTrackerOperations
2018-09-26 11:17:50,958 INFO: Executing method 'select_customer' from TransactionTrackerOperations
2018-09-26 11:17:57,958 INFO: Executing method 'select_customer' from TransactionTrackerOperations
2018-09-26 11:18:20,713 INFO: Executing method 'get_parcel' from TransactionTrackerOperations
2018-09-26 11:18:30,493 INFO: Executing method 'search_process' from TransactionTrackerOperations
2018-09-26 11:18:30,531 INFO: Executing method 'select_customer' from TransactionTrackerOperations
2018-09-26 11:18:37,800 INFO: Executing method 'select_customer' from TransactionTrackerOperations
2018-09-26 11:19:00,440 INFO: Executing method 'get_parcel' from TransactionTrackerOperations
2018-09-26 11:19:07,419 INFO: Executing method 'search_process' from TransactionTrackerOperations
2018-09-26 11:19:07,450 INFO: Executing method 'select_customer' from TransactionTrackerOperations
2018-09-26 11:19:14,293 INFO: Executing method 'select_customer' from TransactionTrackerOperations
2018-09-26 11:19:37,290 INFO: Executing method 'get_parcel' from TransactionTrackerOperations
2018-09-26 11:19:45,433 INFO: Executing method 'search_process' from TransactionTrackerOperations
2018-09-26 11:19:45,470 INFO: Executing method 'select_customer' from TransactionTrackerOperations
2018-09-26 11:19:52,557 INFO: Executing method 'select_customer' from TransactionTrackerOperations
2018-09-26 11:20:15,393 INFO: Executing method 'get_parcel' from TransactionTrackerOperations
2018-09-26 11:20:23,188 INFO: Executing method 'search_process' from TransactionTrackerOperations
2018-09-26 11:20:23,224 INFO: Executing method 'select_customer' from TransactionTrackerOperations
2018-09-26 11:20:30,257 INFO: Executing method 'select_customer' from TransactionTrackerOperations
2018-09-26 11:20:53,522 INFO: Executing method 'get_parcel' from TransactionTrackerOperations
2018-09-26 11:21:02,653 INFO: Executing method 'search_process' from TransactionTrackerOperations
2018-09-26 11:21:02,683 INFO: Executing method 'select_customer' from TransactionTrackerOperations
2018-09-26 11:34:05,110 INFO: Executing Script Prodution Data Monitoring
2018-09-26 11:34:08,592 INFO: Login in to Launchpad
2018-09-26 11:34:25,618 INFO: Refreshing access_token
2018-09-26 11:34:30,135 INFO: Executing method 'search_process' from TransactionTrackerOperations
2018-09-26 11:34:30,173 INFO: Executing method 'select_customer' from TransactionTrackerOperations
2018-09-26 11:34:37,384 INFO: Executing method 'select_customer' from TransactionTrackerOperations
2018-09-26 11:35:00,027 INFO: Executing method 'get_parcel' from TransactionTrackerOperations
2018-09-26 11:35:07,083 INFO: Executing method 'search_process' from TransactionTrackerOperations
2018-09-26 11:35:07,121 INFO: Executing method 'select_customer' from TransactionTrackerOperations
2018-09-26 11:35:14,221 INFO: Executing method 'select_customer' from TransactionTrackerOperations
2018-09-26 11:35:36,497 INFO: Executing method 'get_parcel' from TransactionTrackerOperations
2018-09-26 11:35:44,831 INFO: Executing method 'search_process' from TransactionTrackerOperations
2018-09-26 11:35:44,868 INFO: Executing method 'select_customer' from TransactionTrackerOperations
2018-09-26 11:35:51,979 INFO: Executing method 'select_customer' from TransactionTrackerOperations
2018-09-26 11:36:15,154 INFO: Executing method 'get_parcel' from TransactionTrackerOperations
2018-09-26 11:36:22,204 INFO: Executing method 'search_process' from TransactionTrackerOperations
2018-09-26 11:36:22,235 INFO: Executing method 'select_customer' from TransactionTrackerOperations
2018-09-26 11:36:29,154 INFO: Executing method 'select_customer' from TransactionTrackerOperations
2018-09-26 11:36:51,875 INFO: Executing method 'get_parcel' from TransactionTrackerOperations
2018-09-26 11:37:00,299 INFO: Executing method 'search_process' from TransactionTrackerOperations
2018-09-26 11:37:00,337 INFO: Executing method 'select_customer' from TransactionTrackerOperations
2018-09-26 11:37:07,477 INFO: Executing method 'select_customer' from TransactionTrackerOperations
2018-09-26 11:37:30,136 INFO: Executing method 'get_parcel' from TransactionTrackerOperations
2018-09-26 11:37:37,197 INFO: Executing method 'search_process' from TransactionTrackerOperations
2018-09-26 11:37:37,234 INFO: Executing method 'select_customer' from TransactionTrackerOperations
2018-09-26 11:37:44,288 INFO: Executing method 'select_customer' from TransactionTrackerOperations
2018-09-26 11:38:06,502 INFO: Executing method 'get_parcel' from TransactionTrackerOperations
2018-09-26 11:38:12,870 INFO: Executing method 'search_process' from TransactionTrackerOperations
2018-09-26 11:38:12,909 INFO: Executing method 'select_customer' from TransactionTrackerOperations
2018-09-26 11:38:19,814 INFO: Executing method 'select_customer' from TransactionTrackerOperations
2018-09-26 11:38:42,288 INFO: Executing method 'get_parcel' from TransactionTrackerOperations
2018-09-26 11:38:50,526 INFO: Executing method 'search_process' from TransactionTrackerOperations
2018-09-26 11:38:50,562 INFO: Executing method 'select_customer' from TransactionTrackerOperations
2018-09-26 11:38:57,475 INFO: Executing method 'select_customer' from TransactionTrackerOperations
2018-09-26 11:39:20,101 INFO: Executing method 'get_parcel' from TransactionTrackerOperations
2018-09-26 11:39:28,830 INFO: Executing method 'search_process' from TransactionTrackerOperations
2018-09-26 11:39:28,861 INFO: Executing method 'select_customer' from TransactionTrackerOperations
2018-09-26 11:39:35,917 INFO: Executing method 'select_customer' from TransactionTrackerOperations
2018-09-26 11:39:58,183 INFO: Executing method 'get_parcel' from TransactionTrackerOperations
2018-09-26 11:40:05,197 INFO: Executing method 'search_process' from TransactionTrackerOperations
2018-09-26 11:40:05,234 INFO: Executing method 'select_customer' from TransactionTrackerOperations
2018-09-26 11:40:12,249 INFO: Executing method 'select_customer' from TransactionTrackerOperations
2018-09-26 11:40:34,735 INFO: Executing method 'get_parcel' from TransactionTrackerOperations
2018-09-26 11:40:41,838 INFO: Executing method 'search_process' from TransactionTrackerOperations
2018-09-26 11:40:41,867 INFO: Executing method 'select_customer' from TransactionTrackerOperations
2018-09-26 11:40:48,945 INFO: Executing method 'select_customer' from TransactionTrackerOperations
2018-09-26 11:41:11,935 INFO: Executing method 'get_parcel' from TransactionTrackerOperations
2018-09-26 11:41:20,449 INFO: Executing method 'search_process' from TransactionTrackerOperations
2018-09-26 11:41:20,487 INFO: Executing method 'select_customer' from TransactionTrackerOperations
2018-09-26 11:41:27,476 INFO: Executing method 'select_customer' from TransactionTrackerOperations
2018-09-26 11:41:50,149 INFO: Executing method 'get_parcel' from TransactionTrackerOperations
2018-09-26 11:41:57,266 INFO: Executing method 'search_process' from TransactionTrackerOperations
2018-09-26 11:41:57,302 INFO: Executing method 'select_customer' from TransactionTrackerOperations
2018-09-26 11:42:04,373 INFO: Executing method 'select_customer' from TransactionTrackerOperations
2018-09-26 11:42:27,032 INFO: Executing method 'get_parcel' from TransactionTrackerOperations
2018-09-26 11:42:35,828 INFO: Executing method 'search_process' from TransactionTrackerOperations
2018-09-26 11:42:35,859 INFO: Executing method 'select_customer' from TransactionTrackerOperations
2018-09-26 11:42:42,913 INFO: Executing method 'select_customer' from TransactionTrackerOperations
2018-09-26 11:43:05,334 INFO: Executing method 'get_parcel' from TransactionTrackerOperations
2018-09-26 11:43:12,416 INFO: Executing method 'search_process' from TransactionTrackerOperations
2018-09-26 11:43:12,449 INFO: Executing method 'select_customer' from TransactionTrackerOperations
2018-09-26 11:43:19,774 INFO: Executing method 'select_customer' from TransactionTrackerOperations
2018-09-26 11:43:42,334 INFO: Executing method 'get_parcel' from TransactionTrackerOperations
2018-09-26 11:43:49,633 INFO: Executing method 'search_process' from TransactionTrackerOperations
2018-09-26 11:43:49,672 INFO: Executing method 'select_customer' from TransactionTrackerOperations
2018-09-26 11:43:56,757 INFO: Executing method 'select_customer' from TransactionTrackerOperations
2018-09-26 11:44:19,132 INFO: Executing method 'get_parcel' from TransactionTrackerOperations
2018-09-26 11:44:27,843 INFO: Executing method 'search_process' from TransactionTrackerOperations
2018-09-26 11:44:27,878 INFO: Executing method 'select_customer' from TransactionTrackerOperations
2018-09-26 11:44:34,853 INFO: Executing method 'select_customer' from TransactionTrackerOperations
2018-09-26 11:44:57,212 INFO: Executing method 'get_parcel' from TransactionTrackerOperations
2018-09-26 11:45:05,340 INFO: Executing method 'search_process' from TransactionTrackerOperations
2018-09-26 11:45:05,381 INFO: Executing method 'select_customer' from TransactionTrackerOperations
2018-09-26 11:45:12,259 INFO: Executing method 'select_customer' from TransactionTrackerOperations
2018-09-26 11:45:34,443 INFO: Executing method 'get_parcel' from TransactionTrackerOperations
2018-09-26 11:45:41,675 INFO: Executing method 'search_process' from TransactionTrackerOperations
2018-09-26 11:45:41,712 INFO: Executing method 'select_customer' from TransactionTrackerOperations
2018-09-26 11:45:48,788 INFO: Executing method 'select_customer' from TransactionTrackerOperations
2018-09-26 11:46:11,711 INFO: Executing method 'get_parcel' from TransactionTrackerOperations
2018-09-26 11:53:40,060 INFO: Executing Script Prodution Data Monitoring
2018-09-26 11:53:42,450 INFO: Login in to Launchpad
2018-09-26 11:53:59,687 INFO: Refreshing access_token
2018-09-26 11:54:02,937 INFO: Executing method 'search_process' from TransactionTrackerOperations
2018-09-26 11:54:03,184 INFO: Executing method 'select_customer' from TransactionTrackerOperations
2018-09-26 11:54:09,996 INFO: Executing method 'select_customer' from TransactionTrackerOperations
2018-09-26 11:54:31,669 INFO: Executing method 'get_parcel' from TransactionTrackerOperations
2018-09-26 11:54:38,583 INFO: Executing method 'search_process' from TransactionTrackerOperations
2018-09-26 11:54:38,621 INFO: Executing method 'select_customer' from TransactionTrackerOperations
2018-09-26 11:54:45,388 INFO: Executing method 'select_customer' from TransactionTrackerOperations
2018-09-26 11:55:07,268 INFO: Executing method 'get_parcel' from TransactionTrackerOperations
2018-09-26 11:55:14,675 INFO: Executing method 'search_process' from TransactionTrackerOperations
2018-09-26 11:55:14,706 INFO: Executing method 'select_customer' from TransactionTrackerOperations
2018-09-26 11:55:21,466 INFO: Executing method 'select_customer' from TransactionTrackerOperations
2018-09-26 11:55:44,096 INFO: Executing method 'get_parcel' from TransactionTrackerOperations
2018-09-26 11:55:52,116 INFO: Executing method 'search_process' from TransactionTrackerOperations
2018-09-26 11:55:52,147 INFO: Executing method 'select_customer' from TransactionTrackerOperations
2018-09-26 11:55:58,867 INFO: Executing method 'select_customer' from TransactionTrackerOperations
2018-09-26 11:56:20,446 INFO: Executing method 'get_parcel' from TransactionTrackerOperations
2018-09-26 11:56:27,349 INFO: Executing method 'search_process' from TransactionTrackerOperations
2018-09-26 11:56:27,386 INFO: Executing method 'select_customer' from TransactionTrackerOperations
2018-09-26 11:56:34,135 INFO: Executing method 'select_customer' from TransactionTrackerOperations
2018-09-26 11:56:55,708 INFO: Executing method 'get_parcel' from TransactionTrackerOperations
2018-09-26 11:57:03,851 INFO: Executing method 'search_process' from TransactionTrackerOperations
2018-09-26 11:57:03,886 INFO: Executing method 'select_customer' from TransactionTrackerOperations
2018-09-26 11:57:10,640 INFO: Executing method 'select_customer' from TransactionTrackerOperations
2018-09-26 11:57:31,967 INFO: Executing method 'get_parcel' from TransactionTrackerOperations
2018-09-26 11:57:40,058 INFO: Executing method 'search_process' from TransactionTrackerOperations
2018-09-26 11:57:40,096 INFO: Executing method 'select_customer' from TransactionTrackerOperations
2018-09-26 11:57:46,895 INFO: Executing method 'select_customer' from TransactionTrackerOperations
2018-09-26 11:58:08,606 INFO: Executing method 'get_parcel' from TransactionTrackerOperations
2018-09-26 12:06:52,190 INFO: Executing Script Prodution Data Monitoring
2018-09-26 12:06:54,735 INFO: Login in to Launchpad
2018-09-26 12:07:10,767 INFO: Refreshing access_token
2018-09-26 12:07:13,884 INFO: Executing method 'search_process' from TransactionTrackerOperations
2018-09-26 12:07:14,006 INFO: Executing method 'select_customer' from TransactionTrackerOperations
2018-09-26 12:07:20,793 INFO: Executing method 'select_customer' from TransactionTrackerOperations
2018-09-26 12:07:42,463 INFO: Executing method 'get_parcel' from TransactionTrackerOperations
2018-09-26 12:09:14,951 INFO: Executing Script Prodution Data Monitoring
2018-09-26 12:09:17,267 INFO: Login in to Launchpad
2018-09-26 12:09:32,605 INFO: Refreshing access_token
2018-09-26 12:09:35,917 INFO: Executing method 'search_process' from TransactionTrackerOperations
2018-09-26 12:09:39,361 INFO: Executing method 'select_customer' from TransactionTrackerOperations
2018-09-26 12:09:46,318 INFO: Executing method 'select_customer' from TransactionTrackerOperations
2018-09-26 12:10:09,483 INFO: Executing method 'get_parcel' from TransactionTrackerOperations
2018-09-26 12:10:17,300 INFO: Executing method 'search_process' from TransactionTrackerOperations
2018-09-26 12:10:17,314 INFO: Executing method 'select_customer' from TransactionTrackerOperations
2018-09-26 12:10:24,420 INFO: Executing method 'select_customer' from TransactionTrackerOperations
2018-09-26 12:10:46,023 INFO: Executing method 'get_parcel' from TransactionTrackerOperations
2018-09-26 12:10:54,253 INFO: Executing method 'search_process' from TransactionTrackerOperations
2018-09-26 12:10:54,291 INFO: Executing method 'select_customer' from TransactionTrackerOperations
2018-09-26 12:11:01,165 INFO: Executing method 'select_customer' from TransactionTrackerOperations
2018-09-26 12:11:22,976 INFO: Executing method 'get_parcel' from TransactionTrackerOperations
2018-09-26 12:11:30,005 INFO: Executing method 'search_process' from TransactionTrackerOperations
2018-09-26 12:11:30,098 INFO: Executing method 'select_customer' from TransactionTrackerOperations
2018-09-26 12:11:36,904 INFO: Executing method 'select_customer' from TransactionTrackerOperations
2018-09-26 12:11:58,370 INFO: Executing method 'get_parcel' from TransactionTrackerOperations
2018-09-26 12:12:07,197 INFO: Executing method 'search_process' from TransactionTrackerOperations
2018-09-26 12:12:07,211 INFO: Executing method 'select_customer' from TransactionTrackerOperations
2018-09-26 12:12:14,051 INFO: Executing method 'select_customer' from TransactionTrackerOperations
2018-09-26 12:12:35,858 INFO: Executing method 'get_parcel' from TransactionTrackerOperations
2018-09-26 12:12:42,795 INFO: Executing method 'search_process' from TransactionTrackerOperations
2018-09-26 12:12:42,827 INFO: Executing method 'select_customer' from TransactionTrackerOperations
2018-09-26 12:12:49,615 INFO: Executing method 'select_customer' from TransactionTrackerOperations
2018-09-26 12:13:11,248 INFO: Executing method 'get_parcel' from TransactionTrackerOperations
2018-09-26 12:13:18,766 INFO: Executing method 'search_process' from TransactionTrackerOperations
2018-09-26 12:13:18,799 INFO: Executing method 'select_customer' from TransactionTrackerOperations
2018-09-26 12:13:25,570 INFO: Executing method 'select_customer' from TransactionTrackerOperations
2018-09-26 12:13:47,111 INFO: Executing method 'get_parcel' from TransactionTrackerOperations
2018-09-26 12:13:55,514 INFO: Executing method 'search_process' from TransactionTrackerOperations
2018-09-26 12:13:55,528 INFO: Executing method 'select_customer' from TransactionTrackerOperations
2018-09-26 12:14:02,399 INFO: Executing method 'select_customer' from TransactionTrackerOperations
2018-09-26 12:14:23,927 INFO: Executing method 'get_parcel' from TransactionTrackerOperations
2018-09-26 12:14:32,280 INFO: Executing method 'search_process' from TransactionTrackerOperations
2018-09-26 12:14:32,319 INFO: Executing method 'select_customer' from TransactionTrackerOperations
2018-09-26 12:14:39,195 INFO: Executing method 'select_customer' from TransactionTrackerOperations
2018-09-26 12:15:01,185 INFO: Executing method 'get_parcel' from TransactionTrackerOperations
2018-09-26 12:15:09,175 INFO: Executing method 'search_process' from TransactionTrackerOperations
2018-09-26 12:15:09,188 INFO: Executing method 'select_customer' from TransactionTrackerOperations
2018-09-26 12:15:15,893 INFO: Executing method 'select_customer' from TransactionTrackerOperations
2018-09-26 12:15:37,541 INFO: Executing method 'get_parcel' from TransactionTrackerOperations
2018-09-26 12:15:45,872 INFO: Executing method 'search_process' from TransactionTrackerOperations
2018-09-26 12:15:45,889 INFO: Executing method 'select_customer' from TransactionTrackerOperations
2018-09-26 12:15:52,642 INFO: Executing method 'select_customer' from TransactionTrackerOperations
2018-09-26 12:16:14,280 INFO: Executing method 'get_parcel' from TransactionTrackerOperations
2018-09-26 12:16:22,470 INFO: Executing method 'search_process' from TransactionTrackerOperations
2018-09-26 12:16:22,532 INFO: Executing method 'select_customer' from TransactionTrackerOperations
2018-09-26 12:16:29,281 INFO: Executing method 'select_customer' from TransactionTrackerOperations
2018-09-26 12:16:50,883 INFO: Executing method 'get_parcel' from TransactionTrackerOperations
2018-09-26 12:16:59,155 INFO: Executing method 'search_process' from TransactionTrackerOperations
2018-09-26 12:16:59,171 INFO: Executing method 'select_customer' from TransactionTrackerOperations
2018-09-26 12:17:05,923 INFO: Executing method 'select_customer' from TransactionTrackerOperations
2018-09-26 12:17:27,524 INFO: Executing method 'get_parcel' from TransactionTrackerOperations
2018-09-26 12:17:34,991 INFO: Executing method 'search_process' from TransactionTrackerOperations
2018-09-26 12:17:35,028 INFO: Executing method 'select_customer' from TransactionTrackerOperations
2018-09-26 12:17:41,828 INFO: Executing method 'select_customer' from TransactionTrackerOperations
2018-09-26 12:18:03,519 INFO: Executing method 'get_parcel' from TransactionTrackerOperations
2018-09-26 12:18:10,368 INFO: Executing method 'search_process' from TransactionTrackerOperations
2018-09-26 12:18:10,399 INFO: Executing method 'select_customer' from TransactionTrackerOperations
2018-09-26 12:18:17,144 INFO: Executing method 'select_customer' from TransactionTrackerOperations
2018-09-26 12:18:38,532 INFO: Executing method 'get_parcel' from TransactionTrackerOperations
2018-09-26 12:18:47,732 INFO: Executing method 'search_process' from TransactionTrackerOperations
2018-09-26 12:18:47,746 INFO: Executing method 'select_customer' from TransactionTrackerOperations
2018-09-26 12:18:54,768 INFO: Executing method 'select_customer' from TransactionTrackerOperations
2018-09-26 12:19:16,846 INFO: Executing method 'get_parcel' from TransactionTrackerOperations
2018-09-26 12:19:24,942 INFO: Executing method 'search_process' from TransactionTrackerOperations
2018-09-26 12:19:24,984 INFO: Executing method 'select_customer' from TransactionTrackerOperations
2018-09-26 12:19:31,835 INFO: Executing method 'select_customer' from TransactionTrackerOperations
2018-09-26 12:19:53,690 INFO: Executing method 'get_parcel' from TransactionTrackerOperations
2018-09-26 12:20:01,254 INFO: Executing method 'search_process' from TransactionTrackerOperations
2018-09-26 12:20:01,271 INFO: Executing method 'select_customer' from TransactionTrackerOperations
2018-09-26 12:20:08,078 INFO: Executing method 'select_customer' from TransactionTrackerOperations
2018-09-26 12:20:29,824 INFO: Executing method 'get_parcel' from TransactionTrackerOperations
2018-09-26 12:20:38,473 INFO: Executing method 'search_process' from TransactionTrackerOperations
2018-09-26 12:20:38,513 INFO: Executing method 'select_customer' from TransactionTrackerOperations
2018-09-26 12:20:45,309 INFO: Executing method 'select_customer' from TransactionTrackerOperations
2018-09-26 12:21:06,890 INFO: Executing method 'get_parcel' from TransactionTrackerOperations
2018-09-26 12:21:13,553 INFO: Executing method 'search_process' from TransactionTrackerOperations
2018-09-26 12:21:13,582 INFO: Executing method 'select_customer' from TransactionTrackerOperations
2018-09-26 12:21:20,356 INFO: Executing method 'select_customer' from TransactionTrackerOperations
2018-09-26 12:21:42,079 INFO: Executing method 'get_parcel' from TransactionTrackerOperations
2018-09-26 12:21:50,375 INFO: Executing method 'search_process' from TransactionTrackerOperations
2018-09-26 12:21:50,413 INFO: Executing method 'select_customer' from TransactionTrackerOperations
2018-09-26 12:21:57,232 INFO: Executing method 'select_customer' from TransactionTrackerOperations
2018-09-26 12:22:18,943 INFO: Executing method 'get_parcel' from TransactionTrackerOperations
2018-09-26 12:22:26,301 INFO: Executing method 'search_process' from TransactionTrackerOperations
2018-09-26 12:22:26,338 INFO: Executing method 'select_customer' from TransactionTrackerOperations
2018-09-26 12:22:33,166 INFO: Executing method 'select_customer' from TransactionTrackerOperations
2018-09-26 12:22:54,830 INFO: Executing method 'get_parcel' from TransactionTrackerOperations
2018-09-26 12:23:02,915 INFO: Executing method 'search_process' from TransactionTrackerOperations
2018-09-26 12:23:02,944 INFO: Executing method 'select_customer' from TransactionTrackerOperations
2018-09-26 12:23:09,815 INFO: Executing method 'select_customer' from TransactionTrackerOperations
2018-09-26 12:23:31,498 INFO: Executing method 'get_parcel' from TransactionTrackerOperations
2018-09-26 12:23:38,587 INFO: Executing method 'search_process' from TransactionTrackerOperations
2018-09-26 12:23:38,617 INFO: Executing method 'select_customer' from TransactionTrackerOperations
2018-09-26 12:23:45,404 INFO: Executing method 'select_customer' from TransactionTrackerOperations
2018-09-26 12:24:06,919 INFO: Executing method 'get_parcel' from TransactionTrackerOperations
2018-09-26 12:24:14,251 INFO: Executing method 'search_process' from TransactionTrackerOperations
2018-09-26 12:24:14,288 INFO: Executing method 'select_customer' from TransactionTrackerOperations
2018-09-26 12:24:21,124 INFO: Executing method 'select_customer' from TransactionTrackerOperations
2018-09-26 12:24:42,886 INFO: Executing method 'get_parcel' from TransactionTrackerOperations
2018-09-26 12:24:50,948 INFO: Executing method 'search_process' from TransactionTrackerOperations
2018-09-26 12:24:50,979 INFO: Executing method 'select_customer' from TransactionTrackerOperations
2018-09-26 12:24:57,775 INFO: Executing method 'select_customer' from TransactionTrackerOperations
2018-09-26 12:25:19,669 INFO: Executing method 'get_parcel' from TransactionTrackerOperations
2018-09-26 12:25:26,743 INFO: Executing method 'search_process' from TransactionTrackerOperations
2018-09-26 12:25:26,779 INFO: Executing method 'select_customer' from TransactionTrackerOperations
2018-09-26 12:25:33,554 INFO: Executing method 'select_customer' from TransactionTrackerOperations
2018-09-26 12:25:55,096 INFO: Executing method 'get_parcel' from TransactionTrackerOperations
2018-09-26 12:26:01,709 INFO: Executing method 'search_process' from TransactionTrackerOperations
2018-09-26 12:26:01,746 INFO: Executing method 'select_customer' from TransactionTrackerOperations
2018-09-26 12:26:08,546 INFO: Executing method 'select_customer' from TransactionTrackerOperations
2018-09-26 12:26:30,339 INFO: Executing method 'get_parcel' from TransactionTrackerOperations
2018-09-26 12:26:38,447 INFO: Executing method 'search_process' from TransactionTrackerOperations
2018-09-26 12:26:38,480 INFO: Executing method 'select_customer' from TransactionTrackerOperations
2018-09-26 12:26:45,273 INFO: Executing method 'select_customer' from TransactionTrackerOperations
2018-09-26 12:27:06,938 INFO: Executing method 'get_parcel' from TransactionTrackerOperations
2018-09-26 12:27:14,924 INFO: Executing method 'search_process' from TransactionTrackerOperations
2018-09-26 12:27:14,961 INFO: Executing method 'select_customer' from TransactionTrackerOperations
2018-09-26 12:27:21,788 INFO: Executing method 'select_customer' from TransactionTrackerOperations
2018-09-26 12:27:43,458 INFO: Executing method 'get_parcel' from TransactionTrackerOperations
2018-09-26 12:27:51,615 INFO: Executing method 'search_process' from TransactionTrackerOperations
2018-09-26 12:27:51,653 INFO: Executing method 'select_customer' from TransactionTrackerOperations
2018-09-26 12:27:58,503 INFO: Executing method 'select_customer' from TransactionTrackerOperations
2018-09-26 12:28:20,007 INFO: Executing method 'get_parcel' from TransactionTrackerOperations
2018-09-26 12:28:27,891 INFO: Executing method 'search_process' from TransactionTrackerOperations
2018-09-26 12:28:27,928 INFO: Executing method 'select_customer' from TransactionTrackerOperations
2018-09-26 12:28:34,720 INFO: Executing method 'select_customer' from TransactionTrackerOperations
2018-09-26 13:54:01,750 INFO: Executing Script Prodution Data Monitoring
2018-09-26 13:54:07,085 INFO: Login in to Launchpad
2018-09-26 13:54:27,812 INFO: Refreshing access_token
2018-09-26 13:54:31,992 INFO: Executing method 'search_process' from TransactionTrackerOperations
2018-09-26 13:54:32,031 INFO: Executing method 'select_customer' from TransactionTrackerOperations
2018-09-26 13:54:38,873 INFO: Executing method 'select_customer' from TransactionTrackerOperations
2018-09-26 13:56:55,071 INFO: Executing Script Prodution Data Monitoring
2018-09-26 13:56:57,856 INFO: Login in to Launchpad
2018-09-26 13:57:14,647 INFO: Refreshing access_token
2018-09-26 13:57:17,790 INFO: Executing method 'search_process' from TransactionTrackerOperations
2018-09-26 13:57:18,277 INFO: Executing method 'select_customer' from TransactionTrackerOperations
2018-09-26 13:57:25,091 INFO: Executing method 'select_customer' from TransactionTrackerOperations
2018-09-26 14:00:40,472 INFO: Executing Script Prodution Data Monitoring
2018-09-26 14:00:44,340 INFO: Login in to Launchpad
2018-09-26 14:01:00,920 INFO: Refreshing access_token
2018-09-26 14:01:04,459 INFO: Executing method 'search_process' from TransactionTrackerOperations
2018-09-26 14:01:04,475 INFO: Executing method 'select_customer' from TransactionTrackerOperations
2018-09-26 14:01:11,431 INFO: Executing method 'select_customer' from TransactionTrackerOperations
2018-09-26 14:23:28,958 INFO: Executing Script Prodution Data Monitoring
2018-09-26 14:23:31,547 INFO: Login in to Launchpad
2018-09-26 14:23:46,627 INFO: Refreshing access_token
2018-09-26 14:23:49,733 INFO: Executing method 'search_process' from TransactionTrackerOperations
2018-09-26 14:23:49,768 INFO: Executing method 'select_customer' from TransactionTrackerOperations
2018-09-26 14:23:56,537 INFO: Executing method 'select_customer' from TransactionTrackerOperations
2018-09-26 14:24:17,882 INFO: Executing method 'get_parcel' from TransactionTrackerOperations
2018-09-26 14:24:25,456 INFO: Executing method 'search_process' from TransactionTrackerOperations
2018-09-26 14:24:25,497 INFO: Executing method 'select_customer' from TransactionTrackerOperations
2018-09-26 14:24:32,279 INFO: Executing method 'select_customer' from TransactionTrackerOperations
2018-09-26 14:24:53,784 INFO: Executing method 'get_parcel' from TransactionTrackerOperations
2018-09-26 14:25:01,963 INFO: Executing method 'search_process' from TransactionTrackerOperations
2018-09-26 14:25:02,001 INFO: Executing method 'select_customer' from TransactionTrackerOperations
2018-09-26 14:25:08,801 INFO: Executing method 'select_customer' from TransactionTrackerOperations
2018-09-26 14:25:30,846 INFO: Executing method 'get_parcel' from TransactionTrackerOperations
2018-09-26 14:25:38,967 INFO: Executing method 'search_process' from TransactionTrackerOperations
2018-09-26 14:25:39,005 INFO: Executing method 'select_customer' from TransactionTrackerOperations
2018-09-26 14:25:45,799 INFO: Executing method 'select_customer' from TransactionTrackerOperations
2018-09-26 14:26:07,302 INFO: Executing method 'get_parcel' from TransactionTrackerOperations
2018-09-26 14:26:13,737 INFO: Executing method 'search_process' from TransactionTrackerOperations
2018-09-26 14:26:13,768 INFO: Executing method 'select_customer' from TransactionTrackerOperations
2018-09-26 14:26:20,562 INFO: Executing method 'select_customer' from TransactionTrackerOperations
2018-09-26 14:26:42,330 INFO: Executing method 'get_parcel' from TransactionTrackerOperations
2018-09-26 14:26:50,466 INFO: Executing method 'search_process' from TransactionTrackerOperations
2018-09-26 14:26:50,503 INFO: Executing method 'select_customer' from TransactionTrackerOperations
2018-09-26 14:26:57,436 INFO: Executing method 'select_customer' from TransactionTrackerOperations
2018-09-26 14:27:19,424 INFO: Executing method 'get_parcel' from TransactionTrackerOperations
2018-09-26 14:27:27,597 INFO: Executing method 'search_process' from TransactionTrackerOperations
2018-09-26 14:27:27,635 INFO: Executing method 'select_customer' from TransactionTrackerOperations
2018-09-26 14:27:34,471 INFO: Executing method 'select_customer' from TransactionTrackerOperations
2018-09-26 14:27:56,018 INFO: Executing method 'get_parcel' from TransactionTrackerOperations
2018-09-26 15:57:01,219 INFO: Executing Script Prodution Data Monitoring
2018-09-26 15:57:03,914 INFO: Login in to Launchpad
2018-09-26 15:57:19,018 INFO: Refreshing access_token
2018-09-26 15:57:23,966 INFO: Executing method 'select_supplier' from TransactionTrackerOperations
2018-09-26 15:58:57,002 INFO: Executing Script Prodution Data Monitoring
2018-09-26 15:58:59,598 INFO: Login in to Launchpad
2018-09-26 15:59:15,783 INFO: Refreshing access_token
2018-09-26 15:59:21,283 INFO: Executing method 'select_supplier' from TransactionTrackerOperations
2018-09-26 16:00:38,885 INFO: Executing Script Prodution Data Monitoring
2018-09-26 16:00:41,548 INFO: Login in to Launchpad
2018-09-26 16:00:58,340 INFO: Refreshing access_token
2018-09-26 16:01:07,177 INFO: Executing method 'select_supplier' from TransactionTrackerOperations
2018-09-26 16:09:36,121 INFO: Executing Script Prodution Data Monitoring
2018-09-26 16:09:39,667 INFO: Login in to Launchpad
2018-09-26 16:09:55,439 INFO: Refreshing access_token
2018-09-26 18:35:05,025 INFO: Executing Script Prodution Data Monitoring
2018-09-26 18:35:07,797 INFO: Login in to Launchpad
