2018-12-20 15:42:50,770 INFO: Executing Script Credit Memo Prodution Data Monitoring
2018-12-20 15:42:50,942 INFO: Executing CMProductionDataMonitoring.execute_main()
2018-12-20 15:42:57,359 INFO: Login in to Launchpad
2018-12-20 15:43:14,284 INFO: Executing CMProductionDataMonitoring.TaskFilter()
2018-12-20 15:43:14,659 INFO: Refreshing access_token
2018-12-20 15:43:22,784 INFO: select InProgress task from input sheet from CMProductionDataMonitoring.TaskFilter()
2018-12-20 15:43:22,785 INFO: Executing TransactionTrackerOperations.search_process_for_CMPDM() for: Performance Health|McKesson BASCOM PALMER EYE INST|810
2018-12-20 15:43:22,804 INFO: Executing TransactionTrackerOperations.select_customer()
2018-12-20 15:43:29,697 INFO: Executing TransactionTrackerOperations.select_customer()
2018-12-20 15:43:41,785 INFO: Executing TransactionTrackerOperations.get_CM_parcels()
2018-12-20 15:43:48,346 INFO: Executing TransactionTrackerOperations.search_process_for_CMPDM() for: Performance Health|McKesson CABELL HUNTINGTON HOSPITAL|810
2018-12-20 15:43:48,371 INFO: Executing TransactionTrackerOperations.select_customer()
2018-12-20 15:43:55,576 INFO: Executing TransactionTrackerOperations.select_customer()
2018-12-20 15:44:07,597 INFO: Executing TransactionTrackerOperations.get_CM_parcels()
2018-12-20 15:44:10,308 INFO: NoSuchElementException in TransactionTrackerOperations.get_CM_parcels()
2018-12-20 15:44:14,883 INFO: NoSuchElementException in TransactionTrackerOperations.get_CM_parcels()
2018-12-20 15:44:18,062 INFO: NoSuchElementException in TransactionTrackerOperations.get_CM_parcels()
2018-12-20 15:44:25,422 INFO: Executing TransactionTrackerOperations.search_process_for_CMPDM() for: Performance Health|McKesson CHILDRENS HOSPITAL|810
2018-12-20 15:44:25,451 INFO: Executing TransactionTrackerOperations.select_customer()
2018-12-20 15:44:32,310 INFO: Executing TransactionTrackerOperations.select_customer()
2018-12-20 15:44:44,094 INFO: Executing TransactionTrackerOperations.get_CM_parcels()
2018-12-20 15:44:46,883 INFO: NoSuchElementException in TransactionTrackerOperations.get_CM_parcels()
2018-12-20 15:44:51,525 INFO: NoSuchElementException in TransactionTrackerOperations.get_CM_parcels()
2018-12-20 15:44:54,637 INFO: NoSuchElementException in TransactionTrackerOperations.get_CM_parcels()
2018-12-20 15:45:02,065 INFO: Executing TransactionTrackerOperations.search_process_for_CMPDM() for: Performance Health|McKesson CHRISTIANA CARE HEALTH|810
2018-12-20 15:45:02,084 INFO: Executing TransactionTrackerOperations.select_customer()
2018-12-20 15:45:08,943 INFO: Executing TransactionTrackerOperations.select_customer()
2018-12-20 15:45:20,850 INFO: Executing TransactionTrackerOperations.get_CM_parcels()
2018-12-20 15:45:23,528 INFO: NoSuchElementException in TransactionTrackerOperations.get_CM_parcels()
2018-12-20 15:45:28,006 INFO: NoSuchElementException in TransactionTrackerOperations.get_CM_parcels()
2018-12-20 15:45:33,416 INFO: NoSuchElementException in TransactionTrackerOperations.get_CM_parcels()
2018-12-20 15:45:37,807 INFO: NoSuchElementException in TransactionTrackerOperations.get_CM_parcels()
2018-12-20 15:45:42,276 INFO: NoSuchElementException in TransactionTrackerOperations.get_CM_parcels()
2018-12-20 15:45:46,735 INFO: NoSuchElementException in TransactionTrackerOperations.get_CM_parcels()
2018-12-20 15:45:51,158 INFO: NoSuchElementException in TransactionTrackerOperations.get_CM_parcels()
2018-12-20 15:45:55,556 INFO: NoSuchElementException in TransactionTrackerOperations.get_CM_parcels()
2018-12-20 15:46:00,023 INFO: NoSuchElementException in TransactionTrackerOperations.get_CM_parcels()
2018-12-20 15:46:04,503 INFO: NoSuchElementException in TransactionTrackerOperations.get_CM_parcels()
2018-12-20 15:46:08,986 INFO: NoSuchElementException in TransactionTrackerOperations.get_CM_parcels()
2018-12-20 15:46:13,532 INFO: NoSuchElementException in TransactionTrackerOperations.get_CM_parcels()
2018-12-20 15:46:18,020 INFO: NoSuchElementException in TransactionTrackerOperations.get_CM_parcels()
2018-12-20 15:46:22,527 INFO: NoSuchElementException in TransactionTrackerOperations.get_CM_parcels()
2018-12-20 15:46:31,064 INFO: Executing TransactionTrackerOperations.search_process_for_CMPDM() for: Performance Health|McKesson EMH REGIONAL HEALTHCARE SYSTEMS|810
2018-12-20 15:46:31,702 INFO: Executing TransactionTrackerOperations.select_customer()
2018-12-20 15:46:38,529 INFO: Executing TransactionTrackerOperations.select_customer()
2018-12-20 15:46:50,522 INFO: Executing TransactionTrackerOperations.get_CM_parcels()
2018-12-20 15:46:56,397 INFO: Executing TransactionTrackerOperations.search_process_for_CMPDM() for: Performance Health|McKesson EMORY HEALTHCARE|810
2018-12-20 15:46:56,418 INFO: Executing TransactionTrackerOperations.select_customer()
2018-12-20 15:47:03,287 INFO: Executing TransactionTrackerOperations.select_customer()
2018-12-20 15:47:14,880 INFO: Executing TransactionTrackerOperations.get_CM_parcels()
2018-12-20 15:47:20,219 INFO: Executing TransactionTrackerOperations.search_process_for_CMPDM() for: Performance Health|McKesson FIRELANDS REGIONAL MEDICAL CENTER|810
2018-12-20 15:47:20,615 INFO: Executing TransactionTrackerOperations.select_customer()
2018-12-20 15:47:27,461 INFO: Executing TransactionTrackerOperations.select_customer()
2018-12-20 15:47:39,664 INFO: Executing TransactionTrackerOperations.get_CM_parcels()
2018-12-20 15:47:45,582 INFO: Executing TransactionTrackerOperations.search_process_for_CMPDM() for: Performance Health|McKesson FIRSTHEALTH CAROLINAS|810
2018-12-20 15:47:45,605 INFO: Executing TransactionTrackerOperations.select_customer()
2018-12-20 15:47:52,449 INFO: Executing TransactionTrackerOperations.select_customer()
2018-12-20 15:48:04,193 INFO: Executing TransactionTrackerOperations.get_CM_parcels()
2018-12-20 15:48:09,578 INFO: Executing TransactionTrackerOperations.search_process_for_CMPDM() for: Performance Health|McKesson FRANCISCAN ALLIANCE INC|810
2018-12-20 15:48:10,103 INFO: Executing TransactionTrackerOperations.select_customer()
2018-12-20 15:48:16,999 INFO: Executing TransactionTrackerOperations.select_customer()
2018-12-20 15:48:28,455 INFO: Executing TransactionTrackerOperations.get_CM_parcels()
2018-12-20 15:48:31,080 INFO: NoSuchElementException in TransactionTrackerOperations.get_CM_parcels()
2018-12-20 15:48:35,534 INFO: NoSuchElementException in TransactionTrackerOperations.get_CM_parcels()
2018-12-20 15:48:40,034 INFO: NoSuchElementException in TransactionTrackerOperations.get_CM_parcels()
2018-12-20 15:48:44,432 INFO: NoSuchElementException in TransactionTrackerOperations.get_CM_parcels()
2018-12-20 15:48:48,848 INFO: NoSuchElementException in TransactionTrackerOperations.get_CM_parcels()
2018-12-20 15:48:53,296 INFO: NoSuchElementException in TransactionTrackerOperations.get_CM_parcels()
2018-12-20 15:48:57,739 INFO: NoSuchElementException in TransactionTrackerOperations.get_CM_parcels()
2018-12-20 15:49:02,211 INFO: NoSuchElementException in TransactionTrackerOperations.get_CM_parcels()
2018-12-20 15:49:06,743 INFO: NoSuchElementException in TransactionTrackerOperations.get_CM_parcels()
2018-12-20 15:49:11,276 INFO: NoSuchElementException in TransactionTrackerOperations.get_CM_parcels()
2018-12-20 15:49:16,173 INFO: NoSuchElementException in TransactionTrackerOperations.get_CM_parcels()
2018-12-20 15:49:20,757 INFO: NoSuchElementException in TransactionTrackerOperations.get_CM_parcels()
2018-12-20 15:49:25,368 INFO: NoSuchElementException in TransactionTrackerOperations.get_CM_parcels()
2018-12-20 15:49:29,952 INFO: NoSuchElementException in TransactionTrackerOperations.get_CM_parcels()
2018-12-20 15:49:34,867 INFO: NoSuchElementException in TransactionTrackerOperations.get_CM_parcels()
2018-12-20 15:49:39,435 INFO: NoSuchElementException in TransactionTrackerOperations.get_CM_parcels()
2018-12-20 15:49:42,543 INFO: NoSuchElementException in TransactionTrackerOperations.get_CM_parcels()
2018-12-20 15:49:49,182 INFO: Executing TransactionTrackerOperations.search_process_for_CMPDM() for: Performance Health|McKesson GOOD SHEPHERD REHAB NETWORK|810
2018-12-20 15:49:49,796 INFO: Executing TransactionTrackerOperations.select_customer()
2018-12-20 15:49:56,618 INFO: Executing TransactionTrackerOperations.select_customer()
2018-12-20 15:50:08,666 INFO: Executing TransactionTrackerOperations.get_CM_parcels()
2018-12-20 15:50:11,322 INFO: NoSuchElementException in TransactionTrackerOperations.get_CM_parcels()
2018-12-20 15:50:15,891 INFO: NoSuchElementException in TransactionTrackerOperations.get_CM_parcels()
2018-12-20 15:50:20,410 INFO: NoSuchElementException in TransactionTrackerOperations.get_CM_parcels()
2018-12-20 15:50:24,844 INFO: NoSuchElementException in TransactionTrackerOperations.get_CM_parcels()
2018-12-20 15:50:29,285 INFO: NoSuchElementException in TransactionTrackerOperations.get_CM_parcels()
2018-12-20 15:50:34,127 INFO: NoSuchElementException in TransactionTrackerOperations.get_CM_parcels()
2018-12-20 15:50:38,541 INFO: NoSuchElementException in TransactionTrackerOperations.get_CM_parcels()
2018-12-20 15:50:42,981 INFO: NoSuchElementException in TransactionTrackerOperations.get_CM_parcels()
2018-12-20 15:50:47,554 INFO: NoSuchElementException in TransactionTrackerOperations.get_CM_parcels()
2018-12-20 15:50:52,005 INFO: NoSuchElementException in TransactionTrackerOperations.get_CM_parcels()
2018-12-20 15:50:56,601 INFO: NoSuchElementException in TransactionTrackerOperations.get_CM_parcels()
2018-12-20 15:51:01,141 INFO: NoSuchElementException in TransactionTrackerOperations.get_CM_parcels()
2018-12-20 15:51:05,741 INFO: NoSuchElementException in TransactionTrackerOperations.get_CM_parcels()
2018-12-20 15:51:10,179 INFO: NoSuchElementException in TransactionTrackerOperations.get_CM_parcels()
2018-12-20 15:51:14,701 INFO: NoSuchElementException in TransactionTrackerOperations.get_CM_parcels()
2018-12-20 15:51:17,078 INFO: NoSuchElementException in TransactionTrackerOperations.get_CM_parcels()
2018-12-20 15:51:24,471 INFO: Executing TransactionTrackerOperations.search_process_for_CMPDM() for: Performance Health|McKesson HALIFAX REGIONAL HOSPITAL|810
2018-12-20 15:51:24,492 INFO: Executing TransactionTrackerOperations.select_customer()
2018-12-20 15:51:31,325 INFO: Executing TransactionTrackerOperations.select_customer()
2018-12-20 15:51:43,282 INFO: Executing TransactionTrackerOperations.get_CM_parcels()
2018-12-20 15:51:49,885 INFO: Executing TransactionTrackerOperations.search_process_for_CMPDM() for: Performance Health|McKesson HATTISBURG CLINIC|810
2018-12-20 15:51:49,909 INFO: Executing TransactionTrackerOperations.select_customer()
2018-12-20 15:51:56,740 INFO: Executing TransactionTrackerOperations.select_customer()
2018-12-20 15:52:08,332 INFO: Executing TransactionTrackerOperations.get_CM_parcels()
2018-12-20 15:52:14,243 INFO: Executing TransactionTrackerOperations.search_process_for_CMPDM() for: Performance Health|McKesson IL BONE AND JOINT|810
2018-12-20 15:52:14,263 INFO: Executing TransactionTrackerOperations.select_customer()
2018-12-20 15:52:21,095 INFO: Executing TransactionTrackerOperations.select_customer()
2018-12-20 15:52:32,682 INFO: Executing TransactionTrackerOperations.get_CM_parcels()
2018-12-20 15:52:38,706 INFO: Executing TransactionTrackerOperations.search_process_for_CMPDM() for: Performance Health|McKesson LAKE CHARLES MEMORIAL HOSPITAL|810
2018-12-20 15:52:38,733 INFO: Executing TransactionTrackerOperations.select_customer()
2018-12-20 15:52:45,549 INFO: Executing TransactionTrackerOperations.select_customer()
2018-12-20 15:52:57,553 INFO: Executing TransactionTrackerOperations.get_CM_parcels()
2018-12-20 15:53:02,965 INFO: Executing TransactionTrackerOperations.search_process_for_CMPDM() for: Performance Health|McKesson LAWRENCE MEMORIAL HOSPITAL|810
2018-12-20 15:53:03,458 INFO: Executing TransactionTrackerOperations.select_customer()
2018-12-20 15:53:10,277 INFO: Executing TransactionTrackerOperations.select_customer()
2018-12-20 15:53:22,652 INFO: Executing TransactionTrackerOperations.get_CM_parcels()
2018-12-20 15:53:25,294 INFO: NoSuchElementException in TransactionTrackerOperations.get_CM_parcels()
2018-12-20 15:53:29,888 INFO: NoSuchElementException in TransactionTrackerOperations.get_CM_parcels()
2018-12-20 15:53:34,339 INFO: NoSuchElementException in TransactionTrackerOperations.get_CM_parcels()
2018-12-20 15:53:38,706 INFO: NoSuchElementException in TransactionTrackerOperations.get_CM_parcels()
2018-12-20 15:53:42,418 INFO: NoSuchElementException in TransactionTrackerOperations.get_CM_parcels()
2018-12-20 15:53:48,418 INFO: Executing TransactionTrackerOperations.search_process_for_CMPDM() for: Performance Health|McKesson LEESBURG REGIONAL|810
2018-12-20 15:53:48,937 INFO: Executing TransactionTrackerOperations.select_customer()
2018-12-20 15:53:55,767 INFO: Executing TransactionTrackerOperations.select_customer()
2018-12-20 15:54:07,060 INFO: Executing TransactionTrackerOperations.get_CM_parcels()
2018-12-20 15:54:07,828 INFO: NoSuchElementException in TransactionTrackerOperations.get_CM_parcels()
2018-12-20 15:54:13,845 INFO: Executing TransactionTrackerOperations.search_process_for_CMPDM() for: Performance Health|McKesson LOMA LINDA UNIVERSITY MEDICAL CENTER|810
2018-12-20 15:54:14,294 INFO: Executing TransactionTrackerOperations.select_customer()
2018-12-20 15:54:21,160 INFO: Executing TransactionTrackerOperations.select_customer()
2018-12-20 15:54:33,346 INFO: Executing TransactionTrackerOperations.get_CM_parcels()
2018-12-20 15:54:33,620 INFO: NoSuchElementException in TransactionTrackerOperations.get_CM_parcels()
2018-12-20 15:54:40,158 INFO: Executing TransactionTrackerOperations.search_process_for_CMPDM() for: Performance Health|McKesson MCG HEALTH INC|810
2018-12-20 15:54:40,177 INFO: Executing TransactionTrackerOperations.select_customer()
2018-12-20 15:54:47,010 INFO: Executing TransactionTrackerOperations.select_customer()
2018-12-20 15:54:58,517 INFO: Executing TransactionTrackerOperations.get_CM_parcels()
2018-12-20 15:55:01,194 INFO: NoSuchElementException in TransactionTrackerOperations.get_CM_parcels()
2018-12-20 15:55:05,708 INFO: NoSuchElementException in TransactionTrackerOperations.get_CM_parcels()
2018-12-20 15:55:10,116 INFO: NoSuchElementException in TransactionTrackerOperations.get_CM_parcels()
2018-12-20 15:55:14,510 INFO: NoSuchElementException in TransactionTrackerOperations.get_CM_parcels()
2018-12-20 15:55:18,024 INFO: NoSuchElementException in TransactionTrackerOperations.get_CM_parcels()
2018-12-20 15:55:24,711 INFO: Executing TransactionTrackerOperations.search_process_for_CMPDM() for: Performance Health|McKesson NCH HEALTHCARE|810
2018-12-20 15:55:25,150 INFO: Executing TransactionTrackerOperations.select_customer()
2018-12-20 15:55:31,966 INFO: Executing TransactionTrackerOperations.select_customer()
2018-12-20 15:55:43,408 INFO: Executing TransactionTrackerOperations.get_CM_parcels()
2018-12-20 15:55:46,034 INFO: NoSuchElementException in TransactionTrackerOperations.get_CM_parcels()
2018-12-20 15:55:50,512 INFO: NoSuchElementException in TransactionTrackerOperations.get_CM_parcels()
2018-12-20 15:55:54,978 INFO: NoSuchElementException in TransactionTrackerOperations.get_CM_parcels()
2018-12-20 15:55:59,379 INFO: NoSuchElementException in TransactionTrackerOperations.get_CM_parcels()
2018-12-20 15:56:03,792 INFO: NoSuchElementException in TransactionTrackerOperations.get_CM_parcels()
2018-12-20 15:56:08,207 INFO: NoSuchElementException in TransactionTrackerOperations.get_CM_parcels()
2018-12-20 15:56:12,415 INFO: NoSuchElementException in TransactionTrackerOperations.get_CM_parcels()
2018-12-20 15:56:19,045 INFO: Executing TransactionTrackerOperations.search_process_for_CMPDM() for: Performance Health|McKesson SACRED HEART HOSPITAL|810
2018-12-20 15:56:19,062 INFO: Executing TransactionTrackerOperations.select_customer()
2018-12-20 15:56:25,893 INFO: Executing TransactionTrackerOperations.select_customer()
2018-12-20 15:56:37,207 INFO: Executing TransactionTrackerOperations.get_CM_parcels()
2018-12-20 15:56:43,711 INFO: Executing TransactionTrackerOperations.search_process_for_CMPDM() for: Performance Health|McKesson SAINT FRANCES MEDICAL CENTER|810
2018-12-20 15:56:43,730 INFO: Executing TransactionTrackerOperations.select_customer()
2018-12-20 15:56:50,544 INFO: Executing TransactionTrackerOperations.select_customer()
2018-12-20 15:57:02,492 INFO: Executing TransactionTrackerOperations.get_CM_parcels()
2018-12-20 15:57:05,105 INFO: NoSuchElementException in TransactionTrackerOperations.get_CM_parcels()
2018-12-20 15:57:09,663 INFO: NoSuchElementException in TransactionTrackerOperations.get_CM_parcels()
2018-12-20 15:57:14,087 INFO: NoSuchElementException in TransactionTrackerOperations.get_CM_parcels()
2018-12-20 15:57:16,902 INFO: NoSuchElementException in TransactionTrackerOperations.get_CM_parcels()
2018-12-20 15:57:23,330 INFO: Executing TransactionTrackerOperations.search_process_for_CMPDM() for: Performance Health|McKesson SOUTHERN NEW HAMPSHIRE MEDICAL CENTER|810
2018-12-20 15:57:23,346 INFO: Executing TransactionTrackerOperations.select_customer()
2018-12-20 15:57:30,167 INFO: Executing TransactionTrackerOperations.select_customer()
2018-12-20 15:57:41,930 INFO: Executing TransactionTrackerOperations.get_CM_parcels()
2018-12-20 15:57:44,573 INFO: NoSuchElementException in TransactionTrackerOperations.get_CM_parcels()
2018-12-20 15:57:49,035 INFO: NoSuchElementException in TransactionTrackerOperations.get_CM_parcels()
2018-12-20 15:57:53,505 INFO: NoSuchElementException in TransactionTrackerOperations.get_CM_parcels()
2018-12-20 15:57:56,998 INFO: NoSuchElementException in TransactionTrackerOperations.get_CM_parcels()
2018-12-20 15:58:04,054 INFO: Executing TransactionTrackerOperations.search_process_for_CMPDM() for: Performance Health|McKesson TIFT REGIONAL MEDICAL CENTER|810
2018-12-20 15:58:04,116 INFO: Executing TransactionTrackerOperations.select_customer()
2018-12-20 15:58:10,936 INFO: Executing TransactionTrackerOperations.select_customer()
2018-12-20 15:58:22,946 INFO: Executing TransactionTrackerOperations.get_CM_parcels()
2018-12-20 15:58:28,984 INFO: Executing TransactionTrackerOperations.search_process_for_CMPDM() for: Performance Health|McKesson TRINITY MOTHER FRANCES HOSPITAL|810
2018-12-20 15:58:29,006 INFO: Executing TransactionTrackerOperations.select_customer()
2018-12-20 15:58:35,827 INFO: Executing TransactionTrackerOperations.select_customer()
2018-12-20 15:58:47,867 INFO: Executing TransactionTrackerOperations.get_CM_parcels()
2018-12-20 15:58:50,446 INFO: NoSuchElementException in TransactionTrackerOperations.get_CM_parcels()
2018-12-20 15:58:54,939 INFO: NoSuchElementException in TransactionTrackerOperations.get_CM_parcels()
2018-12-20 15:58:59,344 INFO: NoSuchElementException in TransactionTrackerOperations.get_CM_parcels()
2018-12-20 15:59:03,736 INFO: NoSuchElementException in TransactionTrackerOperations.get_CM_parcels()
2018-12-20 15:59:08,111 INFO: NoSuchElementException in TransactionTrackerOperations.get_CM_parcels()
2018-12-20 15:59:12,599 INFO: NoSuchElementException in TransactionTrackerOperations.get_CM_parcels()
2018-12-20 15:59:16,289 INFO: NoSuchElementException in TransactionTrackerOperations.get_CM_parcels()
2018-12-20 15:59:22,835 INFO: Executing TransactionTrackerOperations.search_process_for_CMPDM() for: Performance Health|McKesson Truman Medical Center|810
2018-12-20 15:59:22,870 INFO: Executing TransactionTrackerOperations.select_customer()
2018-12-20 15:59:29,718 INFO: Executing TransactionTrackerOperations.select_customer()
2018-12-20 15:59:41,286 INFO: Executing TransactionTrackerOperations.get_CM_parcels()
2018-12-20 15:59:47,300 INFO: Executing TransactionTrackerOperations.search_process_for_CMPDM() for: Performance Health|McKesson UNITED HOSPITAL SYSTEM INC|810
2018-12-20 15:59:47,321 INFO: Executing TransactionTrackerOperations.select_customer()
2018-12-20 15:59:54,132 INFO: Executing TransactionTrackerOperations.select_customer()
2018-12-20 16:00:05,945 INFO: Executing TransactionTrackerOperations.get_CM_parcels()
2018-12-20 16:00:08,629 INFO: NoSuchElementException in TransactionTrackerOperations.get_CM_parcels()
2018-12-20 16:00:13,162 INFO: NoSuchElementException in TransactionTrackerOperations.get_CM_parcels()
2018-12-20 16:00:17,572 INFO: NoSuchElementException in TransactionTrackerOperations.get_CM_parcels()
2018-12-20 16:00:19,948 INFO: NoSuchElementException in TransactionTrackerOperations.get_CM_parcels()
2018-12-20 16:00:27,031 INFO: Executing TransactionTrackerOperations.search_process_for_CMPDM() for: Performance Health|McKesson VAIL VALLEY MEDICAL CENTER|810
2018-12-20 16:00:27,047 INFO: Executing TransactionTrackerOperations.select_customer()
2018-12-20 16:00:33,885 INFO: Executing TransactionTrackerOperations.select_customer()
2018-12-20 16:00:45,701 INFO: Executing TransactionTrackerOperations.get_CM_parcels()
2018-12-20 16:00:48,355 INFO: NoSuchElementException in TransactionTrackerOperations.get_CM_parcels()
2018-12-20 16:00:52,888 INFO: NoSuchElementException in TransactionTrackerOperations.get_CM_parcels()
2018-12-20 16:00:57,267 INFO: NoSuchElementException in TransactionTrackerOperations.get_CM_parcels()
2018-12-20 16:01:01,657 INFO: NoSuchElementException in TransactionTrackerOperations.get_CM_parcels()
2018-12-20 16:01:06,132 INFO: NoSuchElementException in TransactionTrackerOperations.get_CM_parcels()
2018-12-20 16:01:10,586 INFO: NoSuchElementException in TransactionTrackerOperations.get_CM_parcels()
2018-12-20 16:01:15,016 INFO: NoSuchElementException in TransactionTrackerOperations.get_CM_parcels()
2018-12-20 16:01:19,680 INFO: NoSuchElementException in TransactionTrackerOperations.get_CM_parcels()
2018-12-20 16:01:24,152 INFO: NoSuchElementException in TransactionTrackerOperations.get_CM_parcels()
2018-12-20 16:01:29,514 INFO: NoSuchElementException in TransactionTrackerOperations.get_CM_parcels()
2018-12-20 16:01:35,042 INFO: NoSuchElementException in TransactionTrackerOperations.get_CM_parcels()
2018-12-20 16:01:40,413 INFO: NoSuchElementException in TransactionTrackerOperations.get_CM_parcels()
2018-12-20 16:01:45,842 INFO: NoSuchElementException in TransactionTrackerOperations.get_CM_parcels()
2018-12-20 16:01:51,153 INFO: NoSuchElementException in TransactionTrackerOperations.get_CM_parcels()
2018-12-20 16:01:56,639 INFO: NoSuchElementException in TransactionTrackerOperations.get_CM_parcels()
2018-12-20 16:02:02,144 INFO: NoSuchElementException in TransactionTrackerOperations.get_CM_parcels()
2018-12-20 16:02:07,507 INFO: NoSuchElementException in TransactionTrackerOperations.get_CM_parcels()
2018-12-20 16:02:11,986 INFO: NoSuchElementException in TransactionTrackerOperations.get_CM_parcels()
2018-12-20 16:02:19,606 INFO: Executing TransactionTrackerOperations.search_process_for_CMPDM() for: Performance Health|McKesson WHEATON FRANCISCAN HEALTHCARE|810
2018-12-20 16:02:20,086 INFO: Executing TransactionTrackerOperations.select_customer()
2018-12-20 16:02:27,184 INFO: Executing TransactionTrackerOperations.select_customer()
2018-12-20 16:02:40,050 INFO: Executing TransactionTrackerOperations.get_CM_parcels()
2018-12-20 16:02:45,510 INFO: Executing TransactionTrackerOperations.search_process_for_CMPDM() for: Performance Health|MFA DSSI|810
2018-12-20 16:02:46,437 INFO: Executing TransactionTrackerOperations.select_customer()
2018-12-20 16:02:53,544 INFO: Executing TransactionTrackerOperations.select_customer()
2018-12-20 16:03:05,102 INFO: Executing TransactionTrackerOperations.get_CM_parcels()
2018-12-20 16:03:10,792 INFO: Executing TransactionTrackerOperations.search_process_for_CMPDM() for: Performance Health|MIDWEST GERIATRIC DSSI|810
2018-12-20 16:03:11,608 INFO: Executing TransactionTrackerOperations.select_customer()
2018-12-20 16:03:18,761 INFO: Executing TransactionTrackerOperations.select_customer()
2018-12-20 16:03:31,062 INFO: Executing TransactionTrackerOperations.get_CM_parcels()
2018-12-20 16:03:31,411 INFO: NoSuchElementException in TransactionTrackerOperations.get_CM_parcels()
2018-12-20 16:03:37,428 INFO: Executing TransactionTrackerOperations.search_process_for_CMPDM() for: Performance Health|MIDWEST HEALTH DSSI|810
2018-12-20 16:03:38,334 INFO: Executing TransactionTrackerOperations.select_customer()
2018-12-20 16:03:45,515 INFO: Executing TransactionTrackerOperations.select_customer()
2018-12-20 16:03:57,721 INFO: Executing TransactionTrackerOperations.get_CM_parcels()
2018-12-20 16:04:01,214 INFO: NoSuchElementException in TransactionTrackerOperations.get_CM_parcels()
2018-12-20 16:04:06,471 INFO: NoSuchElementException in TransactionTrackerOperations.get_CM_parcels()
2018-12-20 16:04:11,922 INFO: NoSuchElementException in TransactionTrackerOperations.get_CM_parcels()
2018-12-20 16:04:20,500 INFO: Executing TransactionTrackerOperations.search_process_for_CMPDM() for: Performance Health|MISSION HEALTH DSSI|810
2018-12-20 16:04:20,888 INFO: Executing TransactionTrackerOperations.select_customer()
2018-12-20 16:04:27,954 INFO: Executing TransactionTrackerOperations.select_customer()
2018-12-20 16:04:40,103 INFO: Executing TransactionTrackerOperations.get_CM_parcels()
2018-12-20 16:04:43,761 INFO: NoSuchElementException in TransactionTrackerOperations.get_CM_parcels()
2018-12-20 16:04:49,343 INFO: NoSuchElementException in TransactionTrackerOperations.get_CM_parcels()
2018-12-20 16:04:54,726 INFO: NoSuchElementException in TransactionTrackerOperations.get_CM_parcels()
2018-12-20 16:04:59,995 INFO: NoSuchElementException in TransactionTrackerOperations.get_CM_parcels()
2018-12-20 16:05:05,261 INFO: NoSuchElementException in TransactionTrackerOperations.get_CM_parcels()
2018-12-20 16:05:10,538 INFO: NoSuchElementException in TransactionTrackerOperations.get_CM_parcels()
2018-12-20 16:05:15,847 INFO: NoSuchElementException in TransactionTrackerOperations.get_CM_parcels()
2018-12-20 16:05:19,689 INFO: NoSuchElementException in TransactionTrackerOperations.get_CM_parcels()
2018-12-20 16:05:26,671 INFO: Executing TransactionTrackerOperations.search_process_for_CMPDM() for: Performance Health|NEXION DSSI|810
2018-12-20 16:05:27,727 INFO: Executing TransactionTrackerOperations.select_customer()
2018-12-20 16:05:34,865 INFO: Executing TransactionTrackerOperations.select_customer()
2018-12-20 16:05:46,760 INFO: Executing TransactionTrackerOperations.get_CM_parcels()
2018-12-20 16:05:50,200 INFO: NoSuchElementException in TransactionTrackerOperations.get_CM_parcels()
2018-12-20 16:05:55,667 INFO: NoSuchElementException in TransactionTrackerOperations.get_CM_parcels()
2018-12-20 16:06:00,964 INFO: NoSuchElementException in TransactionTrackerOperations.get_CM_parcels()
2018-12-20 16:06:06,190 INFO: NoSuchElementException in TransactionTrackerOperations.get_CM_parcels()
2018-12-20 16:06:11,453 INFO: NoSuchElementException in TransactionTrackerOperations.get_CM_parcels()
2018-12-20 16:06:16,738 INFO: NoSuchElementException in TransactionTrackerOperations.get_CM_parcels()
2018-12-20 16:06:21,989 INFO: NoSuchElementException in TransactionTrackerOperations.get_CM_parcels()
2018-12-20 16:06:27,316 INFO: NoSuchElementException in TransactionTrackerOperations.get_CM_parcels()
2018-12-20 16:06:32,091 INFO: NoSuchElementException in TransactionTrackerOperations.get_CM_parcels()
2018-12-20 16:06:39,735 INFO: Executing TransactionTrackerOperations.search_process_for_CMPDM() for: Performance Health|NOLAND HEALTH SERVICES DSSI|810
2018-12-20 16:06:40,368 INFO: Executing TransactionTrackerOperations.select_customer()
2018-12-20 16:06:47,490 INFO: Executing TransactionTrackerOperations.select_customer()
2018-12-20 16:06:59,992 INFO: Executing TransactionTrackerOperations.get_CM_parcels()
2018-12-20 16:07:03,615 INFO: NoSuchElementException in TransactionTrackerOperations.get_CM_parcels()
2018-12-20 16:07:09,053 INFO: NoSuchElementException in TransactionTrackerOperations.get_CM_parcels()
2018-12-20 16:07:14,320 INFO: NoSuchElementException in TransactionTrackerOperations.get_CM_parcels()
2018-12-20 16:07:19,518 INFO: NoSuchElementException in TransactionTrackerOperations.get_CM_parcels()
2018-12-20 16:07:24,611 INFO: NoSuchElementException in TransactionTrackerOperations.get_CM_parcels()
2018-12-20 16:07:31,420 INFO: Executing TransactionTrackerOperations.search_process_for_CMPDM() for: Performance Health|NORTHPORT DSSI|810
2018-12-20 16:07:31,752 INFO: Executing TransactionTrackerOperations.select_customer()
2018-12-20 16:07:38,862 INFO: Executing TransactionTrackerOperations.select_customer()
2018-12-20 16:07:50,958 INFO: Executing TransactionTrackerOperations.get_CM_parcels()
2018-12-20 16:07:56,439 INFO: Executing TransactionTrackerOperations.search_process_for_CMPDM() for: Performance Health|NUVISION DSSI|810
2018-12-20 16:07:57,438 INFO: Executing TransactionTrackerOperations.select_customer()
2018-12-20 16:08:04,598 INFO: Executing TransactionTrackerOperations.select_customer()
2018-12-20 16:08:16,457 INFO: Executing TransactionTrackerOperations.get_CM_parcels()
2018-12-20 16:08:19,915 INFO: NoSuchElementException in TransactionTrackerOperations.get_CM_parcels()
2018-12-20 16:08:25,298 INFO: NoSuchElementException in TransactionTrackerOperations.get_CM_parcels()
2018-12-20 16:08:30,454 INFO: NoSuchElementException in TransactionTrackerOperations.get_CM_parcels()
2018-12-20 16:08:38,885 INFO: Executing TransactionTrackerOperations.search_process_for_CMPDM() for: Performance Health|ONIX GROUP DSSI|810
2018-12-20 16:08:39,106 INFO: Executing TransactionTrackerOperations.select_customer()
2018-12-20 16:08:46,218 INFO: Executing TransactionTrackerOperations.select_customer()
2018-12-20 16:08:58,284 INFO: Executing TransactionTrackerOperations.get_CM_parcels()
2018-12-20 16:09:01,774 INFO: NoSuchElementException in TransactionTrackerOperations.get_CM_parcels()
2018-12-20 16:09:07,191 INFO: NoSuchElementException in TransactionTrackerOperations.get_CM_parcels()
2018-12-20 16:09:12,635 INFO: NoSuchElementException in TransactionTrackerOperations.get_CM_parcels()
2018-12-20 16:09:18,213 INFO: NoSuchElementException in TransactionTrackerOperations.get_CM_parcels()
2018-12-20 16:09:21,093 INFO: NoSuchElementException in TransactionTrackerOperations.get_CM_parcels()
2018-12-20 16:09:27,154 INFO: Executing TransactionTrackerOperations.search_process_for_CMPDM() for: Performance Health|PENNMED CONSULTANTS INC DSSI|810
2018-12-20 16:09:28,093 INFO: Executing TransactionTrackerOperations.select_customer()
2018-12-20 16:09:35,257 INFO: Executing TransactionTrackerOperations.select_customer()
2018-12-20 16:09:47,980 INFO: Executing TransactionTrackerOperations.get_CM_parcels()
2018-12-20 16:09:53,422 INFO: Executing TransactionTrackerOperations.search_process_for_CMPDM() for: Performance Health|PREFERRED CARE DSSI|810
2018-12-20 16:09:54,458 INFO: Executing TransactionTrackerOperations.select_customer()
2018-12-20 16:10:01,550 INFO: Executing TransactionTrackerOperations.select_customer()
2018-12-20 16:10:13,568 INFO: Executing TransactionTrackerOperations.get_CM_parcels()
2018-12-20 16:10:20,019 INFO: Executing TransactionTrackerOperations.search_process_for_CMPDM() for: Performance Health|PRESBYTERIAN HOMES AND SERVICES DSSI|810
2018-12-20 16:10:20,362 INFO: Executing TransactionTrackerOperations.select_customer()
2018-12-20 16:10:27,437 INFO: Executing TransactionTrackerOperations.select_customer()
2018-12-20 16:10:40,689 INFO: Executing TransactionTrackerOperations.get_CM_parcels()
2018-12-20 16:10:44,116 INFO: NoSuchElementException in TransactionTrackerOperations.get_CM_parcels()
2018-12-20 16:10:49,386 INFO: NoSuchElementException in TransactionTrackerOperations.get_CM_parcels()
2018-12-20 16:10:54,787 INFO: NoSuchElementException in TransactionTrackerOperations.get_CM_parcels()
2018-12-20 16:11:00,055 INFO: NoSuchElementException in TransactionTrackerOperations.get_CM_parcels()
2018-12-20 16:11:05,440 INFO: NoSuchElementException in TransactionTrackerOperations.get_CM_parcels()
2018-12-20 16:11:10,682 INFO: NoSuchElementException in TransactionTrackerOperations.get_CM_parcels()
2018-12-20 16:11:14,092 INFO: NoSuchElementException in TransactionTrackerOperations.get_CM_parcels()
2018-12-20 16:11:22,119 INFO: Executing TransactionTrackerOperations.search_process_for_CMPDM() for: Performance Health|PRESBYTERIAN SENIOR LIVING DSSI|810
2018-12-20 16:11:22,483 INFO: Executing TransactionTrackerOperations.select_customer()
2018-12-20 16:11:29,749 INFO: Executing TransactionTrackerOperations.select_customer()
2018-12-20 16:11:42,252 INFO: Executing TransactionTrackerOperations.get_CM_parcels()
2018-12-20 16:11:45,953 INFO: NoSuchElementException in TransactionTrackerOperations.get_CM_parcels()
2018-12-20 16:11:51,219 INFO: NoSuchElementException in TransactionTrackerOperations.get_CM_parcels()
2018-12-20 16:11:56,463 INFO: NoSuchElementException in TransactionTrackerOperations.get_CM_parcels()
2018-12-20 16:12:01,101 INFO: NoSuchElementException in TransactionTrackerOperations.get_CM_parcels()
2018-12-20 16:12:08,145 INFO: Executing TransactionTrackerOperations.search_process_for_CMPDM() for: Performance Health|QUALITY LIFE SERVICES DSSI|810
2018-12-20 16:12:08,502 INFO: Executing TransactionTrackerOperations.select_customer()
2018-12-20 16:12:15,578 INFO: Executing TransactionTrackerOperations.select_customer()
2018-12-20 16:12:27,922 INFO: Executing TransactionTrackerOperations.get_CM_parcels()
2018-12-20 16:12:31,356 INFO: NoSuchElementException in TransactionTrackerOperations.get_CM_parcels()
2018-12-20 16:12:36,757 INFO: NoSuchElementException in TransactionTrackerOperations.get_CM_parcels()
2018-12-20 16:12:42,023 INFO: NoSuchElementException in TransactionTrackerOperations.get_CM_parcels()
2018-12-20 16:12:47,238 INFO: NoSuchElementException in TransactionTrackerOperations.get_CM_parcels()
2018-12-20 16:12:52,625 INFO: NoSuchElementException in TransactionTrackerOperations.get_CM_parcels()
2018-12-20 16:12:58,089 INFO: NoSuchElementException in TransactionTrackerOperations.get_CM_parcels()
2018-12-20 16:13:06,239 INFO: Executing TransactionTrackerOperations.search_process_for_CMPDM() for: Performance Health|Quest Healthcare Development DSSI|810
2018-12-20 16:13:07,203 INFO: Executing TransactionTrackerOperations.select_customer()
2018-12-20 16:13:14,303 INFO: Executing TransactionTrackerOperations.select_customer()
2018-12-20 16:13:26,755 INFO: Executing TransactionTrackerOperations.get_CM_parcels()
2018-12-20 16:13:32,861 INFO: Executing TransactionTrackerOperations.search_process_for_CMPDM() for: Performance Health|Regency Integrated Health Services DSSI|810
2018-12-20 16:13:32,986 INFO: Executing TransactionTrackerOperations.select_customer()
2018-12-20 16:13:40,065 INFO: Executing TransactionTrackerOperations.select_customer()
2018-12-20 16:13:52,907 INFO: Executing TransactionTrackerOperations.get_CM_parcels()
2018-12-20 16:13:58,421 INFO: Executing TransactionTrackerOperations.search_process_for_CMPDM() for: Performance Health|RENNES HEALTH DSSI|810
2018-12-20 16:13:58,449 INFO: Executing TransactionTrackerOperations.select_customer()
2018-12-20 16:15:40,951 ERROR: Error in CMProductionDataMonitoring.TaskFilter()
2018-12-20 16:15:47,024 INFO: Executing TransactionTrackerOperations.search_process_for_CMPDM() for: Performance Health|SABER HEALTHCARE DSSI|810
2018-12-20 16:15:47,051 INFO: Executing TransactionTrackerOperations.select_customer()
2018-12-20 16:15:54,129 INFO: Executing TransactionTrackerOperations.select_customer()
2018-12-20 16:16:06,356 INFO: Executing TransactionTrackerOperations.get_CM_parcels()
2018-12-20 16:16:12,452 INFO: Executing TransactionTrackerOperations.search_process_for_CMPDM() for: Performance Health|SPRENGER HEALTHCARE DSSI|810
2018-12-20 16:16:12,795 INFO: Executing TransactionTrackerOperations.select_customer()
2018-12-20 16:16:19,894 INFO: Executing TransactionTrackerOperations.select_customer()
2018-12-20 16:16:32,228 INFO: Executing TransactionTrackerOperations.get_CM_parcels()
2018-12-20 16:16:35,640 INFO: NoSuchElementException in TransactionTrackerOperations.get_CM_parcels()
2018-12-20 16:16:40,966 INFO: NoSuchElementException in TransactionTrackerOperations.get_CM_parcels()
2018-12-20 16:16:46,169 INFO: NoSuchElementException in TransactionTrackerOperations.get_CM_parcels()
2018-12-20 16:16:51,362 INFO: NoSuchElementException in TransactionTrackerOperations.get_CM_parcels()
2018-12-20 16:16:56,662 INFO: NoSuchElementException in TransactionTrackerOperations.get_CM_parcels()
2018-12-20 16:17:01,904 INFO: NoSuchElementException in TransactionTrackerOperations.get_CM_parcels()
2018-12-20 16:17:07,101 INFO: NoSuchElementException in TransactionTrackerOperations.get_CM_parcels()
2018-12-20 16:17:12,386 INFO: NoSuchElementException in TransactionTrackerOperations.get_CM_parcels()
2018-12-20 16:17:17,695 INFO: NoSuchElementException in TransactionTrackerOperations.get_CM_parcels()
2018-12-20 16:17:22,972 INFO: NoSuchElementException in TransactionTrackerOperations.get_CM_parcels()
2018-12-20 16:17:28,396 INFO: NoSuchElementException in TransactionTrackerOperations.get_CM_parcels()
2018-12-20 16:17:32,750 INFO: NoSuchElementException in TransactionTrackerOperations.get_CM_parcels()
2018-12-20 16:17:40,611 INFO: Executing TransactionTrackerOperations.search_process_for_CMPDM() for: Performance Health|SPRINGPOINT DSSI|810
2018-12-20 16:17:41,262 INFO: Executing TransactionTrackerOperations.select_customer()
2018-12-20 16:17:48,455 INFO: Executing TransactionTrackerOperations.select_customer()
2018-12-20 16:18:00,517 INFO: Executing TransactionTrackerOperations.get_CM_parcels()
2018-12-20 16:18:04,003 INFO: NoSuchElementException in TransactionTrackerOperations.get_CM_parcels()
2018-12-20 16:18:09,287 INFO: NoSuchElementException in TransactionTrackerOperations.get_CM_parcels()
2018-12-20 16:18:14,594 INFO: NoSuchElementException in TransactionTrackerOperations.get_CM_parcels()
2018-12-20 16:18:19,744 INFO: NoSuchElementException in TransactionTrackerOperations.get_CM_parcels()
2018-12-20 16:18:22,529 INFO: NoSuchElementException in TransactionTrackerOperations.get_CM_parcels()
2018-12-20 16:18:29,365 INFO: Executing TransactionTrackerOperations.search_process_for_CMPDM() for: Performance Health|STONERISE MEDICAL DSSI|810
2018-12-20 16:18:29,669 INFO: Executing TransactionTrackerOperations.select_customer()
2018-12-20 16:18:36,760 INFO: Executing TransactionTrackerOperations.select_customer()
2018-12-20 16:18:49,050 INFO: Executing TransactionTrackerOperations.get_CM_parcels()
2018-12-20 16:18:54,653 INFO: Executing TransactionTrackerOperations.search_process_for_CMPDM() for: Performance Health|TAMARAC ADMINISTRACTIVE SERVICES DSSI|810
2018-12-20 16:18:55,585 INFO: Executing TransactionTrackerOperations.select_customer()
2018-12-20 16:19:02,657 INFO: Executing TransactionTrackerOperations.select_customer()
2018-12-20 16:19:15,495 INFO: Executing TransactionTrackerOperations.get_CM_parcels()
2018-12-20 16:19:21,721 INFO: Executing TransactionTrackerOperations.search_process_for_CMPDM() for: Performance Health|TANDEM HEALTHCARE DSSI|810
2018-12-20 16:19:22,047 INFO: Executing TransactionTrackerOperations.select_customer()
2018-12-20 16:19:29,182 INFO: Executing TransactionTrackerOperations.select_customer()
2018-12-20 16:19:41,504 INFO: Executing TransactionTrackerOperations.get_CM_parcels()
2018-12-20 16:19:48,262 INFO: Executing TransactionTrackerOperations.search_process_for_CMPDM() for: Performance Health|TARA CARES LLC DSSI|810
2018-12-20 16:19:48,549 INFO: Executing TransactionTrackerOperations.select_customer()
2018-12-20 16:19:55,659 INFO: Executing TransactionTrackerOperations.select_customer()
2018-12-20 16:20:07,839 INFO: Executing TransactionTrackerOperations.get_CM_parcels()
2018-12-20 16:20:14,029 INFO: Executing TransactionTrackerOperations.search_process_for_CMPDM() for: Performance Health|TEALWOOD TWN DSSI|810
2018-12-20 16:20:14,399 INFO: Executing TransactionTrackerOperations.select_customer()
2018-12-20 16:20:21,477 INFO: Executing TransactionTrackerOperations.select_customer()
2018-12-20 16:20:33,570 INFO: Executing TransactionTrackerOperations.get_CM_parcels()
2018-12-20 16:20:37,064 INFO: NoSuchElementException in TransactionTrackerOperations.get_CM_parcels()
2018-12-20 16:20:42,394 INFO: NoSuchElementException in TransactionTrackerOperations.get_CM_parcels()
2018-12-20 16:20:47,814 INFO: NoSuchElementException in TransactionTrackerOperations.get_CM_parcels()
2018-12-20 16:20:52,998 INFO: NoSuchElementException in TransactionTrackerOperations.get_CM_parcels()
2018-12-20 16:20:58,347 INFO: NoSuchElementException in TransactionTrackerOperations.get_CM_parcels()
2018-12-20 16:21:03,695 INFO: NoSuchElementException in TransactionTrackerOperations.get_CM_parcels()
2018-12-20 16:21:08,908 INFO: NoSuchElementException in TransactionTrackerOperations.get_CM_parcels()
2018-12-20 16:21:14,146 INFO: NoSuchElementException in TransactionTrackerOperations.get_CM_parcels()
2018-12-20 16:21:19,609 INFO: NoSuchElementException in TransactionTrackerOperations.get_CM_parcels()
2018-12-20 16:21:24,885 INFO: NoSuchElementException in TransactionTrackerOperations.get_CM_parcels()
2018-12-20 16:21:29,375 INFO: NoSuchElementException in TransactionTrackerOperations.get_CM_parcels()
2018-12-20 16:21:36,950 INFO: Executing TransactionTrackerOperations.search_process_for_CMPDM() for: Performance Health|TRANS HEALTH CARE DSSI|810
2018-12-20 16:21:37,236 INFO: Executing TransactionTrackerOperations.select_customer()
2018-12-20 16:21:44,303 INFO: Executing TransactionTrackerOperations.select_customer()
2018-12-20 16:21:56,528 INFO: Executing TransactionTrackerOperations.get_CM_parcels()
2018-12-20 16:22:02,898 INFO: Executing TransactionTrackerOperations.search_process_for_CMPDM() for: Performance Health|UNITED MEDICAL DSSI|810
2018-12-20 16:22:03,189 INFO: Executing TransactionTrackerOperations.select_customer()
2018-12-20 16:22:10,299 INFO: Executing TransactionTrackerOperations.select_customer()
2018-12-20 16:22:22,391 INFO: Executing TransactionTrackerOperations.get_CM_parcels()
2018-12-20 16:22:27,979 INFO: Executing TransactionTrackerOperations.search_process_for_CMPDM() for: Performance Health|WILMAC DSSI|810
2018-12-20 16:22:28,904 INFO: Executing TransactionTrackerOperations.select_customer()
2018-12-20 16:22:36,011 INFO: Executing TransactionTrackerOperations.select_customer()
2018-12-20 16:22:47,694 INFO: Executing TransactionTrackerOperations.get_CM_parcels()
2018-12-20 16:22:51,178 INFO: NoSuchElementException in TransactionTrackerOperations.get_CM_parcels()
2018-12-20 16:22:56,589 INFO: NoSuchElementException in TransactionTrackerOperations.get_CM_parcels()
2018-12-20 16:23:01,950 INFO: NoSuchElementException in TransactionTrackerOperations.get_CM_parcels()
2018-12-20 16:23:07,109 INFO: NoSuchElementException in TransactionTrackerOperations.get_CM_parcels()
2018-12-20 16:23:09,991 INFO: NoSuchElementException in TransactionTrackerOperations.get_CM_parcels()
2018-12-20 16:23:16,843 INFO: Executing TransactionTrackerOperations.search_process_for_CMPDM() for: Performance Health|Senior Care Centers LLC|810
2018-12-20 16:23:17,427 INFO: Executing TransactionTrackerOperations.select_customer()
2018-12-20 16:23:24,640 INFO: Executing TransactionTrackerOperations.select_customer()
2018-12-20 16:23:36,761 INFO: Executing TransactionTrackerOperations.get_CM_parcels()
2018-12-20 16:23:42,734 INFO: Executing TransactionTrackerOperations.search_process_for_CMPDM() for: Performance Health|AMERICAN SENIOR COMMUNITIES DSSI|810
2018-12-20 16:23:43,147 INFO: Executing TransactionTrackerOperations.select_customer()
2018-12-20 16:23:50,248 INFO: Executing TransactionTrackerOperations.select_customer()
2018-12-20 16:24:02,972 INFO: Executing TransactionTrackerOperations.get_CM_parcels()
2018-12-20 16:24:09,144 INFO: Executing TransactionTrackerOperations.search_process_for_CMPDM() for: Performance Health|BaneCare Management DSSI|810
2018-12-20 16:24:09,576 INFO: Executing TransactionTrackerOperations.select_customer()
2018-12-20 16:24:16,678 INFO: Executing TransactionTrackerOperations.select_customer()
2018-12-20 16:24:28,682 INFO: Executing TransactionTrackerOperations.get_CM_parcels()
2018-12-20 16:24:34,293 INFO: Executing TransactionTrackerOperations.search_process_for_CMPDM() for: Performance Health|DSSI Next Step Healthcare|810
2018-12-20 16:24:35,204 INFO: Executing TransactionTrackerOperations.select_customer()
2018-12-20 16:24:42,329 INFO: Executing TransactionTrackerOperations.select_customer()
2018-12-20 16:24:54,669 INFO: Executing TransactionTrackerOperations.get_CM_parcels()
2018-12-20 16:25:00,831 INFO: Executing TransactionTrackerOperations.search_process_for_CMPDM() for: Performance Health|Regency Pacific DSSI|810
2018-12-20 16:25:01,250 INFO: Executing TransactionTrackerOperations.select_customer()
2018-12-20 16:25:08,389 INFO: Executing TransactionTrackerOperations.select_customer()
2018-12-20 16:25:20,483 INFO: Executing TransactionTrackerOperations.get_CM_parcels()
2018-12-20 16:25:20,846 INFO: NoSuchElementException in TransactionTrackerOperations.get_CM_parcels()
2018-12-20 16:25:27,574 INFO: Executing TransactionTrackerOperations.search_process_for_CMPDM() for: Performance Health|ADVANTAGE HPSI DSSI|810
2018-12-20 16:25:27,882 INFO: Executing TransactionTrackerOperations.select_customer()
2018-12-20 16:25:35,001 INFO: Executing TransactionTrackerOperations.select_customer()
2018-12-20 16:25:47,080 INFO: Executing TransactionTrackerOperations.get_CM_parcels()
2018-12-20 16:25:50,625 INFO: NoSuchElementException in TransactionTrackerOperations.get_CM_parcels()
2018-12-20 16:25:55,919 INFO: NoSuchElementException in TransactionTrackerOperations.get_CM_parcels()
2018-12-20 16:26:01,380 INFO: NoSuchElementException in TransactionTrackerOperations.get_CM_parcels()
2018-12-20 16:26:05,064 INFO: NoSuchElementException in TransactionTrackerOperations.get_CM_parcels()
2018-12-20 16:26:12,072 INFO: Executing TransactionTrackerOperations.search_process_for_CMPDM() for: Performance Health|ADVANTAGE NAVIGATOR DSSI|810
2018-12-20 16:26:12,412 INFO: Executing TransactionTrackerOperations.select_customer()
2018-12-20 16:26:19,500 INFO: Executing TransactionTrackerOperations.select_customer()
2018-12-20 16:26:31,804 INFO: Executing TransactionTrackerOperations.get_CM_parcels()
2018-12-20 16:26:37,939 INFO: Executing TransactionTrackerOperations.search_process_for_CMPDM() for: Performance Health|American Health Companies|810
2018-12-20 16:26:38,339 INFO: Executing TransactionTrackerOperations.select_customer()
2018-12-20 16:26:45,432 INFO: Executing TransactionTrackerOperations.select_customer()
2018-12-20 16:26:57,367 INFO: Executing TransactionTrackerOperations.get_CM_parcels()
2018-12-20 16:27:03,490 INFO: Executing TransactionTrackerOperations.search_process_for_CMPDM() for: Performance Health|APEX|810
2018-12-20 16:27:03,784 INFO: Executing TransactionTrackerOperations.select_customer()
2018-12-20 16:27:10,899 INFO: Executing TransactionTrackerOperations.select_customer()
2018-12-20 16:27:22,487 INFO: Executing TransactionTrackerOperations.get_CM_parcels()
2018-12-20 16:27:28,721 INFO: Executing TransactionTrackerOperations.search_process_for_CMPDM() for: Performance Health|APEX HEALTHCARE FLORIDA DSSI|810
2018-12-20 16:27:29,047 INFO: Executing TransactionTrackerOperations.select_customer()
2018-12-20 16:27:36,172 INFO: Executing TransactionTrackerOperations.select_customer()
2018-12-20 16:27:48,719 INFO: Executing TransactionTrackerOperations.get_CM_parcels()
2018-12-20 16:27:52,358 INFO: NoSuchElementException in TransactionTrackerOperations.get_CM_parcels()
2018-12-20 16:27:57,735 INFO: NoSuchElementException in TransactionTrackerOperations.get_CM_parcels()
2018-12-20 16:28:03,153 INFO: NoSuchElementException in TransactionTrackerOperations.get_CM_parcels()
2018-12-20 16:28:08,372 INFO: NoSuchElementException in TransactionTrackerOperations.get_CM_parcels()
2018-12-20 16:28:13,628 INFO: NoSuchElementException in TransactionTrackerOperations.get_CM_parcels()
2018-12-20 16:28:19,060 INFO: NoSuchElementException in TransactionTrackerOperations.get_CM_parcels()
2018-12-20 16:28:24,330 INFO: NoSuchElementException in TransactionTrackerOperations.get_CM_parcels()
2018-12-20 16:28:29,805 INFO: NoSuchElementException in TransactionTrackerOperations.get_CM_parcels()
2018-12-20 16:28:35,064 INFO: NoSuchElementException in TransactionTrackerOperations.get_CM_parcels()
2018-12-20 16:28:40,628 INFO: NoSuchElementException in TransactionTrackerOperations.get_CM_parcels()
2018-12-20 16:28:46,176 INFO: NoSuchElementException in TransactionTrackerOperations.get_CM_parcels()
2018-12-20 16:28:51,522 INFO: NoSuchElementException in TransactionTrackerOperations.get_CM_parcels()
2018-12-20 16:28:56,800 INFO: NoSuchElementException in TransactionTrackerOperations.get_CM_parcels()
2018-12-20 16:29:02,212 INFO: NoSuchElementException in TransactionTrackerOperations.get_CM_parcels()
2018-12-20 16:29:07,605 INFO: NoSuchElementException in TransactionTrackerOperations.get_CM_parcels()
2018-12-20 16:29:17,318 INFO: Executing TransactionTrackerOperations.search_process_for_CMPDM() for: Performance Health|ATRIUM LIVING CENTERS DSSI|810
2018-12-20 16:29:18,036 INFO: Executing TransactionTrackerOperations.select_customer()
2018-12-20 16:29:25,407 INFO: Executing TransactionTrackerOperations.select_customer()
2018-12-20 16:29:38,774 INFO: Executing TransactionTrackerOperations.get_CM_parcels()
2018-12-20 16:29:42,032 INFO: NoSuchElementException in TransactionTrackerOperations.get_CM_parcels()
2018-12-20 16:29:46,665 INFO: NoSuchElementException in TransactionTrackerOperations.get_CM_parcels()
2018-12-20 16:29:51,216 INFO: NoSuchElementException in TransactionTrackerOperations.get_CM_parcels()
2018-12-20 16:29:55,680 INFO: NoSuchElementException in TransactionTrackerOperations.get_CM_parcels()
2018-12-20 16:30:00,153 INFO: NoSuchElementException in TransactionTrackerOperations.get_CM_parcels()
2018-12-20 16:30:04,582 INFO: NoSuchElementException in TransactionTrackerOperations.get_CM_parcels()
2018-12-20 16:30:08,999 INFO: NoSuchElementException in TransactionTrackerOperations.get_CM_parcels()
2018-12-20 16:30:13,448 INFO: NoSuchElementException in TransactionTrackerOperations.get_CM_parcels()
2018-12-20 16:30:18,043 INFO: NoSuchElementException in TransactionTrackerOperations.get_CM_parcels()
2018-12-20 16:30:22,517 INFO: NoSuchElementException in TransactionTrackerOperations.get_CM_parcels()
2018-12-20 16:30:27,033 INFO: NoSuchElementException in TransactionTrackerOperations.get_CM_parcels()
2018-12-20 16:30:31,503 INFO: NoSuchElementException in TransactionTrackerOperations.get_CM_parcels()
2018-12-20 16:30:36,026 INFO: NoSuchElementException in TransactionTrackerOperations.get_CM_parcels()
2018-12-20 16:30:38,635 INFO: NoSuchElementException in TransactionTrackerOperations.get_CM_parcels()
2018-12-20 16:30:46,050 INFO: Executing TransactionTrackerOperations.search_process_for_CMPDM() for: Performance Health|AXIOM DSSI|810
2018-12-20 16:30:46,071 INFO: Executing TransactionTrackerOperations.select_customer()
2018-12-20 16:30:52,943 INFO: Executing TransactionTrackerOperations.select_customer()
2018-12-20 16:31:04,154 INFO: Executing TransactionTrackerOperations.get_CM_parcels()
2018-12-20 16:31:06,785 INFO: NoSuchElementException in TransactionTrackerOperations.get_CM_parcels()
2018-12-20 16:31:09,973 INFO: NoSuchElementException in TransactionTrackerOperations.get_CM_parcels()
2018-12-20 16:31:16,055 INFO: Executing TransactionTrackerOperations.search_process_for_CMPDM() for: Performance Health|BE GROUP DSSI|810
2018-12-20 16:31:16,762 INFO: Executing TransactionTrackerOperations.select_customer()
2018-12-20 16:31:23,602 INFO: Executing TransactionTrackerOperations.select_customer()
2018-12-20 16:31:34,822 INFO: Executing TransactionTrackerOperations.get_CM_parcels()
2018-12-20 16:31:41,043 INFO: Executing TransactionTrackerOperations.search_process_for_CMPDM() for: Performance Health|BEACON HEALTH DSSI|810
2018-12-20 16:31:41,355 INFO: Executing TransactionTrackerOperations.select_customer()
2018-12-20 16:31:48,591 INFO: Executing TransactionTrackerOperations.select_customer()
2018-12-20 16:32:00,007 INFO: Executing TransactionTrackerOperations.get_CM_parcels()
2018-12-20 16:32:02,621 INFO: NoSuchElementException in TransactionTrackerOperations.get_CM_parcels()
2018-12-20 16:32:07,098 INFO: NoSuchElementException in TransactionTrackerOperations.get_CM_parcels()
2018-12-20 16:32:11,584 INFO: NoSuchElementException in TransactionTrackerOperations.get_CM_parcels()
2018-12-20 16:32:15,976 INFO: NoSuchElementException in TransactionTrackerOperations.get_CM_parcels()
2018-12-20 16:32:20,342 INFO: NoSuchElementException in TransactionTrackerOperations.get_CM_parcels()
2018-12-20 16:32:24,083 INFO: NoSuchElementException in TransactionTrackerOperations.get_CM_parcels()
2018-12-20 16:32:30,083 INFO: Executing TransactionTrackerOperations.search_process_for_CMPDM() for: Performance Health|BENEDICTINE DSSI|810
2018-12-20 16:32:30,451 INFO: Executing TransactionTrackerOperations.select_customer()
2018-12-20 16:32:37,327 INFO: Executing TransactionTrackerOperations.select_customer()
2018-12-20 16:32:48,578 INFO: Executing TransactionTrackerOperations.get_CM_parcels()
2018-12-20 16:32:54,701 INFO: Executing TransactionTrackerOperations.search_process_for_CMPDM() for: Performance Health|Bethlen Communities Home Health and Hospice|810
2018-12-20 16:32:55,841 INFO: Executing TransactionTrackerOperations.select_customer()
2018-12-20 16:33:02,727 INFO: Executing TransactionTrackerOperations.select_customer()
2018-12-20 16:33:14,547 INFO: Executing TransactionTrackerOperations.get_CM_parcels()
2018-12-20 16:33:17,134 INFO: NoSuchElementException in TransactionTrackerOperations.get_CM_parcels()
2018-12-20 16:33:20,241 INFO: NoSuchElementException in TransactionTrackerOperations.get_CM_parcels()
2018-12-20 16:33:26,899 INFO: Executing TransactionTrackerOperations.search_process_for_CMPDM() for: Performance Health|BOMBAY LANE DSSI|810
2018-12-20 16:33:26,978 INFO: Executing TransactionTrackerOperations.select_customer()
2018-12-20 16:33:33,883 INFO: Executing TransactionTrackerOperations.select_customer()
2018-12-20 16:33:45,271 INFO: Executing TransactionTrackerOperations.get_CM_parcels()
2018-12-20 16:33:48,436 INFO: NoSuchElementException in TransactionTrackerOperations.get_CM_parcels()
2018-12-20 16:33:52,996 INFO: NoSuchElementException in TransactionTrackerOperations.get_CM_parcels()
2018-12-20 16:33:57,453 INFO: NoSuchElementException in TransactionTrackerOperations.get_CM_parcels()
2018-12-20 16:34:01,894 INFO: NoSuchElementException in TransactionTrackerOperations.get_CM_parcels()
2018-12-20 16:34:06,298 INFO: NoSuchElementException in TransactionTrackerOperations.get_CM_parcels()
2018-12-20 16:34:10,287 INFO: NoSuchElementException in TransactionTrackerOperations.get_CM_parcels()
2018-12-20 16:34:16,519 INFO: Executing TransactionTrackerOperations.search_process_for_CMPDM() for: Performance Health|CARDON AND ASSOCIATES DSSI|810
2018-12-20 16:34:17,347 INFO: Executing TransactionTrackerOperations.select_customer()
2018-12-20 16:34:24,204 INFO: Executing TransactionTrackerOperations.select_customer()
2018-12-20 16:34:36,037 INFO: Executing TransactionTrackerOperations.get_CM_parcels()
2018-12-20 16:34:38,649 INFO: NoSuchElementException in TransactionTrackerOperations.get_CM_parcels()
2018-12-20 16:34:43,189 INFO: NoSuchElementException in TransactionTrackerOperations.get_CM_parcels()
2018-12-20 16:34:47,656 INFO: NoSuchElementException in TransactionTrackerOperations.get_CM_parcels()
2018-12-20 16:34:52,116 INFO: NoSuchElementException in TransactionTrackerOperations.get_CM_parcels()
2018-12-20 16:34:56,561 INFO: NoSuchElementException in TransactionTrackerOperations.get_CM_parcels()
2018-12-20 16:35:01,994 INFO: NoSuchElementException in TransactionTrackerOperations.get_CM_parcels()
2018-12-20 16:35:07,014 INFO: NoSuchElementException in TransactionTrackerOperations.get_CM_parcels()
2018-12-20 16:35:12,052 INFO: NoSuchElementException in TransactionTrackerOperations.get_CM_parcels()
2018-12-20 16:35:17,252 INFO: NoSuchElementException in TransactionTrackerOperations.get_CM_parcels()
2018-12-20 16:35:22,541 INFO: NoSuchElementException in TransactionTrackerOperations.get_CM_parcels()
2018-12-20 16:35:27,817 INFO: NoSuchElementException in TransactionTrackerOperations.get_CM_parcels()
2018-12-20 16:35:32,971 INFO: NoSuchElementException in TransactionTrackerOperations.get_CM_parcels()
2018-12-20 16:35:38,058 INFO: NoSuchElementException in TransactionTrackerOperations.get_CM_parcels()
2018-12-20 16:35:43,174 INFO: NoSuchElementException in TransactionTrackerOperations.get_CM_parcels()
2018-12-20 16:35:48,724 INFO: NoSuchElementException in TransactionTrackerOperations.get_CM_parcels()
2018-12-20 16:35:51,276 INFO: NoSuchElementException in TransactionTrackerOperations.get_CM_parcels()
2018-12-20 16:35:58,765 INFO: Executing TransactionTrackerOperations.search_process_for_CMPDM() for: Performance Health|CERES PURCHASING SOLUTIONS DSSI|810
2018-12-20 16:35:58,801 INFO: Executing TransactionTrackerOperations.select_customer()
2018-12-20 16:36:05,786 INFO: Executing TransactionTrackerOperations.select_customer()
2018-12-20 16:36:17,668 INFO: Executing TransactionTrackerOperations.get_CM_parcels()
2018-12-20 16:36:23,848 INFO: Executing TransactionTrackerOperations.search_process_for_CMPDM() for: Performance Health|Chosen Healthcare DSSI|810
2018-12-20 16:36:23,876 INFO: Executing TransactionTrackerOperations.select_customer()
2018-12-20 16:36:30,741 INFO: Executing TransactionTrackerOperations.select_customer()
2018-12-20 16:36:42,042 INFO: Executing TransactionTrackerOperations.get_CM_parcels()
2018-12-20 16:36:47,561 INFO: Executing TransactionTrackerOperations.search_process_for_CMPDM() for: Performance Health|CLEAR CHOICE DSSI|810
2018-12-20 16:36:48,334 INFO: Executing TransactionTrackerOperations.select_customer()
2018-12-20 16:36:55,208 INFO: Executing TransactionTrackerOperations.select_customer()
2018-12-20 16:37:06,677 INFO: Executing TransactionTrackerOperations.get_CM_parcels()
2018-12-20 16:37:09,453 INFO: NoSuchElementException in TransactionTrackerOperations.get_CM_parcels()
2018-12-20 16:37:13,926 INFO: NoSuchElementException in TransactionTrackerOperations.get_CM_parcels()
2018-12-20 16:37:18,365 INFO: NoSuchElementException in TransactionTrackerOperations.get_CM_parcels()
2018-12-20 16:37:22,830 INFO: NoSuchElementException in TransactionTrackerOperations.get_CM_parcels()
2018-12-20 16:37:27,273 INFO: NoSuchElementException in TransactionTrackerOperations.get_CM_parcels()
2018-12-20 16:37:31,802 INFO: NoSuchElementException in TransactionTrackerOperations.get_CM_parcels()
2018-12-20 16:37:36,199 INFO: NoSuchElementException in TransactionTrackerOperations.get_CM_parcels()
2018-12-20 16:37:40,742 INFO: NoSuchElementException in TransactionTrackerOperations.get_CM_parcels()
2018-12-20 16:37:45,246 INFO: NoSuchElementException in TransactionTrackerOperations.get_CM_parcels()
2018-12-20 16:37:49,749 INFO: NoSuchElementException in TransactionTrackerOperations.get_CM_parcels()
2018-12-20 16:37:58,857 INFO: Executing TransactionTrackerOperations.search_process_for_CMPDM() for: Performance Health|COMMUNICARE DSSI|810
2018-12-20 16:37:58,879 INFO: Executing TransactionTrackerOperations.select_customer()
2018-12-20 16:38:05,722 INFO: Executing TransactionTrackerOperations.select_customer()
2018-12-20 16:38:17,305 INFO: Executing TransactionTrackerOperations.get_CM_parcels()
2018-12-20 16:38:23,412 INFO: Executing TransactionTrackerOperations.search_process_for_CMPDM() for: Performance Health|COMPLETE HEALTHCARE DSSI|810
2018-12-20 16:38:23,438 INFO: Executing TransactionTrackerOperations.select_customer()
2018-12-20 16:38:30,426 INFO: Executing TransactionTrackerOperations.select_customer()
2018-12-20 16:38:42,298 INFO: Executing TransactionTrackerOperations.get_CM_parcels()
2018-12-20 16:38:44,961 INFO: NoSuchElementException in TransactionTrackerOperations.get_CM_parcels()
2018-12-20 16:38:49,852 INFO: NoSuchElementException in TransactionTrackerOperations.get_CM_parcels()
2018-12-20 16:38:54,346 INFO: NoSuchElementException in TransactionTrackerOperations.get_CM_parcels()
2018-12-20 16:38:58,761 INFO: NoSuchElementException in TransactionTrackerOperations.get_CM_parcels()
2018-12-20 16:39:03,207 INFO: NoSuchElementException in TransactionTrackerOperations.get_CM_parcels()
2018-12-20 16:39:07,872 INFO: NoSuchElementException in TransactionTrackerOperations.get_CM_parcels()
2018-12-20 16:39:12,412 INFO: NoSuchElementException in TransactionTrackerOperations.get_CM_parcels()
2018-12-20 16:39:17,006 INFO: NoSuchElementException in TransactionTrackerOperations.get_CM_parcels()
2018-12-20 16:39:21,516 INFO: NoSuchElementException in TransactionTrackerOperations.get_CM_parcels()
2018-12-20 16:39:25,993 INFO: NoSuchElementException in TransactionTrackerOperations.get_CM_parcels()
2018-12-20 16:39:30,568 INFO: NoSuchElementException in TransactionTrackerOperations.get_CM_parcels()
2018-12-20 16:39:35,082 INFO: NoSuchElementException in TransactionTrackerOperations.get_CM_parcels()
2018-12-20 16:39:39,602 INFO: NoSuchElementException in TransactionTrackerOperations.get_CM_parcels()
2018-12-20 16:39:44,162 INFO: NoSuchElementException in TransactionTrackerOperations.get_CM_parcels()
2018-12-20 16:39:47,965 INFO: NoSuchElementException in TransactionTrackerOperations.get_CM_parcels()
2018-12-20 16:39:54,609 INFO: Executing TransactionTrackerOperations.search_process_for_CMPDM() for: Performance Health|COVENANT DOVE DSSI|810
2018-12-20 16:39:55,210 INFO: Executing TransactionTrackerOperations.select_customer()
2018-12-20 16:40:02,177 INFO: Executing TransactionTrackerOperations.select_customer()
2018-12-20 16:40:13,715 INFO: Executing TransactionTrackerOperations.get_CM_parcels()
2018-12-20 16:40:16,343 INFO: NoSuchElementException in TransactionTrackerOperations.get_CM_parcels()
2018-12-20 16:40:20,879 INFO: NoSuchElementException in TransactionTrackerOperations.get_CM_parcels()
2018-12-20 16:40:25,384 INFO: NoSuchElementException in TransactionTrackerOperations.get_CM_parcels()
2018-12-20 16:40:29,794 INFO: NoSuchElementException in TransactionTrackerOperations.get_CM_parcels()
2018-12-20 16:40:34,230 INFO: NoSuchElementException in TransactionTrackerOperations.get_CM_parcels()
2018-12-20 16:40:38,762 INFO: NoSuchElementException in TransactionTrackerOperations.get_CM_parcels()
2018-12-20 16:40:43,227 INFO: NoSuchElementException in TransactionTrackerOperations.get_CM_parcels()
2018-12-20 16:40:47,740 INFO: NoSuchElementException in TransactionTrackerOperations.get_CM_parcels()
2018-12-20 16:40:52,169 INFO: NoSuchElementException in TransactionTrackerOperations.get_CM_parcels()
2018-12-20 16:40:56,632 INFO: NoSuchElementException in TransactionTrackerOperations.get_CM_parcels()
2018-12-20 16:41:01,261 INFO: NoSuchElementException in TransactionTrackerOperations.get_CM_parcels()
2018-12-20 16:41:05,772 INFO: NoSuchElementException in TransactionTrackerOperations.get_CM_parcels()
2018-12-20 16:41:10,465 INFO: NoSuchElementException in TransactionTrackerOperations.get_CM_parcels()
2018-12-20 16:41:15,128 INFO: NoSuchElementException in TransactionTrackerOperations.get_CM_parcels()
2018-12-20 16:41:19,708 INFO: NoSuchElementException in TransactionTrackerOperations.get_CM_parcels()
2018-12-20 16:41:24,280 INFO: NoSuchElementException in TransactionTrackerOperations.get_CM_parcels()
2018-12-20 16:41:28,883 INFO: NoSuchElementException in TransactionTrackerOperations.get_CM_parcels()
2018-12-20 16:41:33,454 INFO: NoSuchElementException in TransactionTrackerOperations.get_CM_parcels()
2018-12-20 16:41:38,127 INFO: NoSuchElementException in TransactionTrackerOperations.get_CM_parcels()
2018-12-20 16:41:44,162 INFO: NoSuchElementException in TransactionTrackerOperations.get_CM_parcels()
2018-12-20 16:41:50,870 INFO: NoSuchElementException in TransactionTrackerOperations.get_CM_parcels()
2018-12-20 16:41:54,265 INFO: NoSuchElementException in TransactionTrackerOperations.get_CM_parcels()
2018-12-20 16:42:02,516 INFO: Executing TransactionTrackerOperations.search_process_for_CMPDM() for: Performance Health|DIAKON LUTHERAN DSSI|810
2018-12-20 16:42:03,065 INFO: Executing TransactionTrackerOperations.select_customer()
2018-12-20 16:42:10,555 INFO: Executing TransactionTrackerOperations.select_customer()
2018-12-20 16:42:23,539 INFO: Executing TransactionTrackerOperations.get_CM_parcels()
2018-12-20 16:42:26,948 INFO: NoSuchElementException in TransactionTrackerOperations.get_CM_parcels()
2018-12-20 16:42:32,070 INFO: NoSuchElementException in TransactionTrackerOperations.get_CM_parcels()
2018-12-20 16:42:37,098 INFO: NoSuchElementException in TransactionTrackerOperations.get_CM_parcels()
2018-12-20 16:42:42,140 INFO: NoSuchElementException in TransactionTrackerOperations.get_CM_parcels()
2018-12-20 16:42:47,169 INFO: NoSuchElementException in TransactionTrackerOperations.get_CM_parcels()
2018-12-20 16:42:52,264 INFO: NoSuchElementException in TransactionTrackerOperations.get_CM_parcels()
2018-12-20 16:42:57,060 INFO: NoSuchElementException in TransactionTrackerOperations.get_CM_parcels()
2018-12-20 16:43:03,927 INFO: Executing TransactionTrackerOperations.search_process_for_CMPDM() for: Performance Health|DIVERSICARE DSSI|810
2018-12-20 16:43:04,149 INFO: Executing TransactionTrackerOperations.select_customer()
2018-12-20 16:43:11,049 INFO: Executing TransactionTrackerOperations.select_customer()
2018-12-20 16:43:22,402 INFO: Executing TransactionTrackerOperations.get_CM_parcels()
2018-12-20 16:43:27,936 INFO: Executing TransactionTrackerOperations.search_process_for_CMPDM() for: Performance Health|Dycora Transitional Health DSSI|810
2018-12-20 16:43:28,823 INFO: Executing TransactionTrackerOperations.select_customer()
2018-12-20 16:43:35,735 INFO: Executing TransactionTrackerOperations.select_customer()
2018-12-20 16:43:47,363 INFO: Executing TransactionTrackerOperations.get_CM_parcels()
2018-12-20 16:43:49,977 INFO: NoSuchElementException in TransactionTrackerOperations.get_CM_parcels()
2018-12-20 16:43:54,468 INFO: NoSuchElementException in TransactionTrackerOperations.get_CM_parcels()
2018-12-20 16:43:58,952 INFO: NoSuchElementException in TransactionTrackerOperations.get_CM_parcels()
2018-12-20 16:44:03,397 INFO: NoSuchElementException in TransactionTrackerOperations.get_CM_parcels()
2018-12-20 16:44:07,858 INFO: NoSuchElementException in TransactionTrackerOperations.get_CM_parcels()
2018-12-20 16:44:12,356 INFO: NoSuchElementException in TransactionTrackerOperations.get_CM_parcels()
2018-12-20 16:44:16,983 INFO: NoSuchElementException in TransactionTrackerOperations.get_CM_parcels()
2018-12-20 16:44:21,490 INFO: NoSuchElementException in TransactionTrackerOperations.get_CM_parcels()
2018-12-20 16:44:26,656 INFO: NoSuchElementException in TransactionTrackerOperations.get_CM_parcels()
2018-12-20 16:44:32,083 INFO: NoSuchElementException in TransactionTrackerOperations.get_CM_parcels()
2018-12-20 16:44:36,801 INFO: NoSuchElementException in TransactionTrackerOperations.get_CM_parcels()
2018-12-20 16:44:41,335 INFO: NoSuchElementException in TransactionTrackerOperations.get_CM_parcels()
2018-12-20 16:44:43,738 INFO: NoSuchElementException in TransactionTrackerOperations.get_CM_parcels()
2018-12-20 16:44:49,317 ERROR: Error in CMProductionDataMonitoring.TaskFilter()
