2019-01-21 10:25:43,587 INFO: Executing Script Credit Memo Prodution Data Monitoring
2019-01-21 10:25:43,734 INFO: Executing CMProductionDataMonitoring.execute_main()
2019-01-21 10:25:54,068 INFO: Login in to Launchpad
2019-01-21 10:26:13,098 INFO: Executing CMProductionDataMonitoring.TaskFilter()
2019-01-21 10:26:13,454 INFO: Refreshing access_token
2019-01-21 10:26:21,089 INFO: select InProgress task from input sheet from CMProductionDataMonitoring.TaskFilter()
2019-01-21 10:26:21,090 INFO: Executing TransactionTrackerOperations.search_process_for_CMPDM() for: Performance Health|BaneCare Management DSSI|810
2019-01-21 10:26:21,182 INFO: Executing TransactionTrackerOperations.select_customer()
2019-01-21 10:26:28,023 INFO: Executing TransactionTrackerOperations.select_customer()
2019-01-21 10:26:39,021 INFO: Executing TransactionTrackerOperations.get_CM_parcels()
2019-01-21 10:26:44,503 INFO: Executing TransactionTrackerOperations.search_process_for_CMPDM() for: Performance Health|DSSI Next Step Healthcare|810
2019-01-21 10:26:44,911 INFO: Executing TransactionTrackerOperations.select_customer()
2019-01-21 10:26:51,680 INFO: Executing TransactionTrackerOperations.select_customer()
2019-01-21 10:27:02,968 INFO: Executing TransactionTrackerOperations.get_CM_parcels()
2019-01-21 10:27:08,514 INFO: Executing TransactionTrackerOperations.search_process_for_CMPDM() for: Performance Health|Regency Pacific DSSI|810
2019-01-21 10:27:08,866 INFO: Executing TransactionTrackerOperations.select_customer()
2019-01-21 10:27:15,698 INFO: Executing TransactionTrackerOperations.select_customer()
2019-01-21 10:27:26,686 INFO: Executing TransactionTrackerOperations.get_CM_parcels()
2019-01-21 10:27:27,408 INFO: NoSuchElementException in TransactionTrackerOperations.get_CM_parcels()
2019-01-21 10:27:33,568 INFO: Executing TransactionTrackerOperations.search_process_for_CMPDM() for: Performance Health|ADVANTAGE HPSI DSSI|810
2019-01-21 10:27:33,938 INFO: Executing TransactionTrackerOperations.select_customer()
2019-01-21 10:27:40,702 INFO: Executing TransactionTrackerOperations.select_customer()
2019-01-21 10:27:51,834 INFO: Executing TransactionTrackerOperations.get_CM_parcels()
2019-01-21 10:27:54,187 INFO: NoSuchElementException in TransactionTrackerOperations.get_CM_parcels()
2019-01-21 10:27:58,578 INFO: NoSuchElementException in TransactionTrackerOperations.get_CM_parcels()
2019-01-21 10:28:02,825 INFO: NoSuchElementException in TransactionTrackerOperations.get_CM_parcels()
2019-01-21 10:28:07,103 INFO: NoSuchElementException in TransactionTrackerOperations.get_CM_parcels()
2019-01-21 10:28:10,382 INFO: NoSuchElementException in TransactionTrackerOperations.get_CM_parcels()
2019-01-21 10:28:16,890 INFO: Executing TransactionTrackerOperations.search_process_for_CMPDM() for: Performance Health|ADVANTAGE NAVIGATOR DSSI|810
2019-01-21 10:28:17,417 INFO: Executing TransactionTrackerOperations.select_customer()
2019-01-21 10:28:24,726 INFO: Executing TransactionTrackerOperations.select_customer()
2019-01-21 10:28:35,982 INFO: Executing TransactionTrackerOperations.get_CM_parcels()
2019-01-21 10:28:41,975 INFO: Executing TransactionTrackerOperations.search_process_for_CMPDM() for: Performance Health|American Health Companies|810
2019-01-21 10:28:42,150 INFO: Executing TransactionTrackerOperations.select_customer()
2019-01-21 10:28:49,033 INFO: Executing TransactionTrackerOperations.select_customer()
2019-01-21 10:28:59,851 INFO: Executing TransactionTrackerOperations.get_CM_parcels()
2019-01-21 10:29:05,399 INFO: Executing TransactionTrackerOperations.search_process_for_CMPDM() for: Performance Health|APEX|810
2019-01-21 10:29:05,441 INFO: Executing TransactionTrackerOperations.select_customer()
2019-01-21 10:29:12,236 INFO: Executing TransactionTrackerOperations.select_customer()
2019-01-21 10:29:23,025 INFO: Executing TransactionTrackerOperations.get_CM_parcels()
2019-01-21 10:29:29,100 INFO: Executing TransactionTrackerOperations.search_process_for_CMPDM() for: Performance Health|APEX HEALTHCARE FLORIDA DSSI|810
2019-01-21 10:29:29,115 INFO: Executing TransactionTrackerOperations.select_customer()
2019-01-21 10:29:35,866 INFO: Executing TransactionTrackerOperations.select_customer()
2019-01-21 10:29:46,842 INFO: Executing TransactionTrackerOperations.get_CM_parcels()
2019-01-21 10:29:52,719 INFO: Executing TransactionTrackerOperations.search_process_for_CMPDM() for: Performance Health|ATRIUM LIVING CENTERS DSSI|810
2019-01-21 10:29:52,737 INFO: Executing TransactionTrackerOperations.select_customer()
2019-01-21 10:29:59,473 INFO: Executing TransactionTrackerOperations.select_customer()
2019-01-21 10:30:10,742 INFO: Executing TransactionTrackerOperations.get_CM_parcels()
2019-01-21 10:30:14,165 INFO: Executing TransactionTrackerOperations.search_process_for_CMPDM() for: Performance Health|AXIOM DSSI|810
2019-01-21 10:30:14,179 INFO: Executing TransactionTrackerOperations.select_customer()
2019-01-21 10:30:20,946 INFO: Executing TransactionTrackerOperations.select_customer()
2019-01-21 10:30:31,854 INFO: Executing TransactionTrackerOperations.get_CM_parcels()
2019-01-21 10:30:34,168 INFO: NoSuchElementException in TransactionTrackerOperations.get_CM_parcels()
2019-01-21 10:30:38,377 INFO: NoSuchElementException in TransactionTrackerOperations.get_CM_parcels()
2019-01-21 10:30:45,910 INFO: Executing TransactionTrackerOperations.search_process_for_CMPDM() for: Performance Health|BE GROUP DSSI|810
2019-01-21 10:30:46,047 INFO: Executing TransactionTrackerOperations.select_customer()
2019-01-21 10:30:52,832 INFO: Executing TransactionTrackerOperations.select_customer()
2019-01-21 10:31:03,675 INFO: Executing TransactionTrackerOperations.get_CM_parcels()
2019-01-21 10:31:09,204 INFO: Executing TransactionTrackerOperations.search_process_for_CMPDM() for: Performance Health|BEACON HEALTH DSSI|810
2019-01-21 10:31:09,768 INFO: Executing TransactionTrackerOperations.select_customer()
2019-01-21 10:31:16,556 INFO: Executing TransactionTrackerOperations.select_customer()
2019-01-21 10:31:27,559 INFO: Executing TransactionTrackerOperations.get_CM_parcels()
2019-01-21 10:31:33,068 INFO: Executing TransactionTrackerOperations.search_process_for_CMPDM() for: Performance Health|BENEDICTINE DSSI|810
2019-01-21 10:31:33,187 INFO: Executing TransactionTrackerOperations.select_customer()
2019-01-21 10:31:40,008 INFO: Executing TransactionTrackerOperations.select_customer()
2019-01-21 10:31:50,977 INFO: Executing TransactionTrackerOperations.get_CM_parcels()
2019-01-21 10:31:57,150 INFO: Executing TransactionTrackerOperations.search_process_for_CMPDM() for: Performance Health|Bethlen Communities Home Health and Hospice|810
2019-01-21 10:31:57,165 INFO: Executing TransactionTrackerOperations.select_customer()
2019-01-21 10:32:03,927 INFO: Executing TransactionTrackerOperations.select_customer()
2019-01-21 10:32:15,141 INFO: Executing TransactionTrackerOperations.get_CM_parcels()
2019-01-21 10:32:17,523 INFO: NoSuchElementException in TransactionTrackerOperations.get_CM_parcels()
2019-01-21 10:32:21,607 INFO: NoSuchElementException in TransactionTrackerOperations.get_CM_parcels()
2019-01-21 10:32:27,678 INFO: Executing TransactionTrackerOperations.search_process_for_CMPDM() for: Performance Health|BOMBAY LANE DSSI|810
2019-01-21 10:32:27,783 INFO: Executing TransactionTrackerOperations.select_customer()
2019-01-21 10:32:34,563 INFO: Executing TransactionTrackerOperations.select_customer()
2019-01-21 10:32:45,506 INFO: Executing TransactionTrackerOperations.get_CM_parcels()
2019-01-21 10:32:47,783 INFO: NoSuchElementException in TransactionTrackerOperations.get_CM_parcels()
2019-01-21 10:32:52,057 INFO: NoSuchElementException in TransactionTrackerOperations.get_CM_parcels()
2019-01-21 10:32:56,221 INFO: NoSuchElementException in TransactionTrackerOperations.get_CM_parcels()
2019-01-21 10:33:00,305 INFO: NoSuchElementException in TransactionTrackerOperations.get_CM_parcels()
2019-01-21 10:33:04,576 INFO: NoSuchElementException in TransactionTrackerOperations.get_CM_parcels()
2019-01-21 10:33:08,802 INFO: NoSuchElementException in TransactionTrackerOperations.get_CM_parcels()
2019-01-21 10:33:12,959 INFO: NoSuchElementException in TransactionTrackerOperations.get_CM_parcels()
2019-01-21 10:33:17,276 INFO: NoSuchElementException in TransactionTrackerOperations.get_CM_parcels()
2019-01-21 10:33:20,873 INFO: NoSuchElementException in TransactionTrackerOperations.get_CM_parcels()
2019-01-21 10:33:26,961 INFO: Executing TransactionTrackerOperations.search_process_for_CMPDM() for: Performance Health|CARDON AND ASSOCIATES DSSI|810
2019-01-21 10:33:27,136 INFO: Executing TransactionTrackerOperations.select_customer()
2019-01-21 10:33:33,955 INFO: Executing TransactionTrackerOperations.select_customer()
2019-01-21 10:33:45,456 INFO: Executing TransactionTrackerOperations.get_CM_parcels()
2019-01-21 10:33:47,850 INFO: NoSuchElementException in TransactionTrackerOperations.get_CM_parcels()
2019-01-21 10:33:52,111 INFO: NoSuchElementException in TransactionTrackerOperations.get_CM_parcels()
2019-01-21 10:33:56,377 INFO: NoSuchElementException in TransactionTrackerOperations.get_CM_parcels()
2019-01-21 10:34:00,610 INFO: NoSuchElementException in TransactionTrackerOperations.get_CM_parcels()
2019-01-21 10:34:04,814 INFO: NoSuchElementException in TransactionTrackerOperations.get_CM_parcels()
2019-01-21 10:34:09,053 INFO: NoSuchElementException in TransactionTrackerOperations.get_CM_parcels()
2019-01-21 10:34:13,293 INFO: NoSuchElementException in TransactionTrackerOperations.get_CM_parcels()
2019-01-21 10:34:17,566 INFO: NoSuchElementException in TransactionTrackerOperations.get_CM_parcels()
2019-01-21 10:34:21,831 INFO: NoSuchElementException in TransactionTrackerOperations.get_CM_parcels()
2019-01-21 10:34:26,084 INFO: NoSuchElementException in TransactionTrackerOperations.get_CM_parcels()
2019-01-21 10:34:30,294 INFO: NoSuchElementException in TransactionTrackerOperations.get_CM_parcels()
2019-01-21 10:34:34,500 INFO: NoSuchElementException in TransactionTrackerOperations.get_CM_parcels()
2019-01-21 10:34:38,709 INFO: NoSuchElementException in TransactionTrackerOperations.get_CM_parcels()
2019-01-21 10:34:43,095 INFO: NoSuchElementException in TransactionTrackerOperations.get_CM_parcels()
2019-01-21 10:34:47,335 INFO: NoSuchElementException in TransactionTrackerOperations.get_CM_parcels()
2019-01-21 10:34:51,565 INFO: NoSuchElementException in TransactionTrackerOperations.get_CM_parcels()
2019-01-21 10:34:55,861 INFO: NoSuchElementException in TransactionTrackerOperations.get_CM_parcels()
2019-01-21 10:35:00,257 INFO: NoSuchElementException in TransactionTrackerOperations.get_CM_parcels()
2019-01-21 10:35:02,784 INFO: NoSuchElementException in TransactionTrackerOperations.get_CM_parcels()
2019-01-21 10:35:10,090 INFO: Executing TransactionTrackerOperations.search_process_for_CMPDM() for: Performance Health|CERES PURCHASING SOLUTIONS DSSI|810
2019-01-21 10:35:10,105 INFO: Executing TransactionTrackerOperations.select_customer()
2019-01-21 10:35:16,858 INFO: Executing TransactionTrackerOperations.select_customer()
2019-01-21 10:35:28,333 INFO: Executing TransactionTrackerOperations.get_CM_parcels()
2019-01-21 10:35:33,926 INFO: Executing TransactionTrackerOperations.search_process_for_CMPDM() for: Performance Health|Chosen Healthcare DSSI|810
2019-01-21 10:35:34,303 INFO: Executing TransactionTrackerOperations.select_customer()
2019-01-21 10:35:41,078 INFO: Executing TransactionTrackerOperations.select_customer()
2019-01-21 10:35:52,355 INFO: Executing TransactionTrackerOperations.get_CM_parcels()
2019-01-21 10:35:58,881 INFO: Executing TransactionTrackerOperations.search_process_for_CMPDM() for: Performance Health|CLEAR CHOICE DSSI|810
2019-01-21 10:35:58,896 INFO: Executing TransactionTrackerOperations.select_customer()
2019-01-21 10:36:05,652 INFO: Executing TransactionTrackerOperations.select_customer()
2019-01-21 10:36:07,756 ERROR: Error in CMProductionDataMonitoring.TaskFilter()
2019-01-21 10:36:12,797 INFO: Executing TransactionTrackerOperations.search_process_for_CMPDM() for: Performance Health|COMMUNICARE DSSI|810
2019-01-21 10:36:12,811 INFO: Executing TransactionTrackerOperations.select_customer()
2019-01-21 10:36:19,623 INFO: Executing TransactionTrackerOperations.select_customer()
2019-01-21 10:36:30,690 INFO: Executing TransactionTrackerOperations.get_CM_parcels()
2019-01-21 10:36:36,407 INFO: Executing TransactionTrackerOperations.search_process_for_CMPDM() for: Performance Health|COMPLETE HEALTHCARE DSSI|810
2019-01-21 10:36:36,825 INFO: Executing TransactionTrackerOperations.select_customer()
2019-01-21 10:36:43,616 INFO: Executing TransactionTrackerOperations.select_customer()
2019-01-21 10:36:54,939 INFO: Executing TransactionTrackerOperations.get_CM_parcels()
2019-01-21 10:36:57,173 INFO: NoSuchElementException in TransactionTrackerOperations.get_CM_parcels()
2019-01-21 10:37:01,354 INFO: NoSuchElementException in TransactionTrackerOperations.get_CM_parcels()
2019-01-21 10:37:05,475 INFO: NoSuchElementException in TransactionTrackerOperations.get_CM_parcels()
2019-01-21 10:37:09,674 INFO: NoSuchElementException in TransactionTrackerOperations.get_CM_parcels()
2019-01-21 10:37:13,897 INFO: NoSuchElementException in TransactionTrackerOperations.get_CM_parcels()
2019-01-21 10:37:18,231 INFO: NoSuchElementException in TransactionTrackerOperations.get_CM_parcels()
2019-01-21 10:37:22,393 INFO: NoSuchElementException in TransactionTrackerOperations.get_CM_parcels()
2019-01-21 10:37:26,601 INFO: NoSuchElementException in TransactionTrackerOperations.get_CM_parcels()
2019-01-21 10:37:30,449 INFO: NoSuchElementException in TransactionTrackerOperations.get_CM_parcels()
2019-01-21 10:37:34,813 INFO: NoSuchElementException in TransactionTrackerOperations.get_CM_parcels()
2019-01-21 10:37:38,620 ERROR: Error in CMProductionDataMonitoring.TaskFilter()
2019-01-21 10:37:44,286 INFO: Executing TransactionTrackerOperations.search_process_for_CMPDM() for: Performance Health|COVENANT DOVE DSSI|810
2019-01-21 10:37:44,315 INFO: Executing TransactionTrackerOperations.select_customer()
2019-01-21 10:37:51,092 INFO: Executing TransactionTrackerOperations.select_customer()
2019-01-21 10:38:02,192 INFO: Executing TransactionTrackerOperations.get_CM_parcels()
2019-01-21 10:38:07,601 INFO: Executing TransactionTrackerOperations.search_process_for_CMPDM() for: Performance Health|DIAKON LUTHERAN DSSI|810
2019-01-21 10:38:07,720 INFO: Executing TransactionTrackerOperations.select_customer()
2019-01-21 10:38:14,519 INFO: Executing TransactionTrackerOperations.select_customer()
2019-01-21 10:38:16,573 ERROR: Error in CMProductionDataMonitoring.TaskFilter()
2019-01-21 10:38:21,023 INFO: Executing TransactionTrackerOperations.search_process_for_CMPDM() for: Performance Health|DIVERSICARE DSSI|810
2019-01-21 10:38:21,046 INFO: Executing TransactionTrackerOperations.select_customer()
2019-01-21 10:38:27,577 INFO: Executing TransactionTrackerOperations.select_customer()
2019-01-21 10:38:29,663 ERROR: Error in CMProductionDataMonitoring.TaskFilter()
2019-01-21 10:38:34,120 INFO: Executing TransactionTrackerOperations.search_process_for_CMPDM() for: Performance Health|Dycora Transitional Health DSSI|810
2019-01-21 10:38:34,157 INFO: Executing TransactionTrackerOperations.select_customer()
2019-01-21 10:38:40,964 INFO: Executing TransactionTrackerOperations.select_customer()
2019-01-21 10:38:52,109 INFO: Executing TransactionTrackerOperations.get_CM_parcels()
2019-01-21 10:38:54,464 INFO: NoSuchElementException in TransactionTrackerOperations.get_CM_parcels()
2019-01-21 10:38:58,667 INFO: NoSuchElementException in TransactionTrackerOperations.get_CM_parcels()
2019-01-21 10:39:02,778 INFO: NoSuchElementException in TransactionTrackerOperations.get_CM_parcels()
2019-01-21 10:39:06,979 INFO: NoSuchElementException in TransactionTrackerOperations.get_CM_parcels()
2019-01-21 10:39:11,126 INFO: NoSuchElementException in TransactionTrackerOperations.get_CM_parcels()
2019-01-21 10:39:15,318 INFO: NoSuchElementException in TransactionTrackerOperations.get_CM_parcels()
2019-01-21 10:39:19,589 INFO: NoSuchElementException in TransactionTrackerOperations.get_CM_parcels()
2019-01-21 10:39:23,803 INFO: NoSuchElementException in TransactionTrackerOperations.get_CM_parcels()
2019-01-21 10:39:27,979 INFO: NoSuchElementException in TransactionTrackerOperations.get_CM_parcels()
2019-01-21 10:39:32,152 INFO: NoSuchElementException in TransactionTrackerOperations.get_CM_parcels()
2019-01-21 10:39:36,428 INFO: NoSuchElementException in TransactionTrackerOperations.get_CM_parcels()
2019-01-21 10:39:40,672 INFO: NoSuchElementException in TransactionTrackerOperations.get_CM_parcels()
2019-01-21 10:39:46,062 INFO: NoSuchElementException in TransactionTrackerOperations.get_CM_parcels()
2019-01-21 10:39:50,530 INFO: NoSuchElementException in TransactionTrackerOperations.get_CM_parcels()
2019-01-21 10:39:55,517 INFO: NoSuchElementException in TransactionTrackerOperations.get_CM_parcels()
2019-01-21 10:39:58,416 INFO: NoSuchElementException in TransactionTrackerOperations.get_CM_parcels()
2019-01-21 10:40:06,432 INFO: Executing TransactionTrackerOperations.search_process_for_CMPDM() for: Performance Health|ERICKSON RETIREMENT COMMUNITIES DSSI|810
2019-01-21 10:40:06,538 INFO: Executing TransactionTrackerOperations.select_customer()
2019-01-21 10:40:13,597 INFO: Executing TransactionTrackerOperations.select_customer()
2019-01-21 10:40:26,099 INFO: Executing TransactionTrackerOperations.get_CM_parcels()
2019-01-21 10:40:28,678 INFO: NoSuchElementException in TransactionTrackerOperations.get_CM_parcels()
2019-01-21 10:40:32,954 INFO: NoSuchElementException in TransactionTrackerOperations.get_CM_parcels()
2019-01-21 10:40:37,324 INFO: NoSuchElementException in TransactionTrackerOperations.get_CM_parcels()
2019-01-21 10:40:41,477 INFO: NoSuchElementException in TransactionTrackerOperations.get_CM_parcels()
2019-01-21 10:40:45,862 INFO: NoSuchElementException in TransactionTrackerOperations.get_CM_parcels()
2019-01-21 10:40:50,159 INFO: NoSuchElementException in TransactionTrackerOperations.get_CM_parcels()
2019-01-21 10:40:54,427 INFO: NoSuchElementException in TransactionTrackerOperations.get_CM_parcels()
2019-01-21 10:40:58,686 INFO: NoSuchElementException in TransactionTrackerOperations.get_CM_parcels()
2019-01-21 10:41:02,998 INFO: NoSuchElementException in TransactionTrackerOperations.get_CM_parcels()
2019-01-21 10:41:07,286 INFO: NoSuchElementException in TransactionTrackerOperations.get_CM_parcels()
2019-01-21 10:41:11,697 INFO: NoSuchElementException in TransactionTrackerOperations.get_CM_parcels()
2019-01-21 10:41:15,991 INFO: NoSuchElementException in TransactionTrackerOperations.get_CM_parcels()
2019-01-21 10:41:20,286 INFO: NoSuchElementException in TransactionTrackerOperations.get_CM_parcels()
2019-01-21 10:41:24,756 INFO: NoSuchElementException in TransactionTrackerOperations.get_CM_parcels()
2019-01-21 10:41:29,285 INFO: NoSuchElementException in TransactionTrackerOperations.get_CM_parcels()
2019-01-21 10:41:33,902 INFO: NoSuchElementException in TransactionTrackerOperations.get_CM_parcels()
2019-01-21 10:41:38,326 INFO: NoSuchElementException in TransactionTrackerOperations.get_CM_parcels()
2019-01-21 10:41:42,612 INFO: NoSuchElementException in TransactionTrackerOperations.get_CM_parcels()
2019-01-21 10:41:46,876 INFO: NoSuchElementException in TransactionTrackerOperations.get_CM_parcels()
2019-01-21 10:41:51,218 INFO: NoSuchElementException in TransactionTrackerOperations.get_CM_parcels()
2019-01-21 10:41:54,434 INFO: NoSuchElementException in TransactionTrackerOperations.get_CM_parcels()
2019-01-21 10:42:01,340 INFO: Executing TransactionTrackerOperations.search_process_for_CMPDM() for: Performance Health|FORTIS MANAGEMENT GROUP DSSI|810
2019-01-21 10:42:01,569 INFO: Executing TransactionTrackerOperations.select_customer()
2019-01-21 10:42:08,356 INFO: Executing TransactionTrackerOperations.select_customer()
2019-01-21 10:42:19,583 INFO: Executing TransactionTrackerOperations.get_CM_parcels()
2019-01-21 10:42:19,871 INFO: NoSuchElementException in TransactionTrackerOperations.get_CM_parcels()
2019-01-21 10:42:25,948 INFO: Executing TransactionTrackerOperations.search_process_for_CMPDM() for: Performance Health|GOOD SAMARITAN SOCIETY DSSI|810
2019-01-21 10:42:26,159 INFO: Executing TransactionTrackerOperations.select_customer()
2019-01-21 10:42:32,929 INFO: Executing TransactionTrackerOperations.select_customer()
2019-01-21 10:42:44,283 INFO: Executing TransactionTrackerOperations.get_CM_parcels()
2019-01-21 10:42:49,879 INFO: Executing TransactionTrackerOperations.search_process_for_CMPDM() for: Performance Health|GULF COAST HEALTHCARE DSSI|810
2019-01-21 10:42:50,121 INFO: Executing TransactionTrackerOperations.select_customer()
2019-01-21 10:42:56,897 INFO: Executing TransactionTrackerOperations.select_customer()
2019-01-21 10:43:08,137 INFO: Executing TransactionTrackerOperations.get_CM_parcels()
2019-01-21 10:43:14,258 INFO: Executing TransactionTrackerOperations.search_process_for_CMPDM() for: Performance Health|ICARE MANAGEMENT DSSI|810
2019-01-21 10:43:14,275 INFO: Executing TransactionTrackerOperations.select_customer()
2019-01-21 10:43:21,038 INFO: Executing TransactionTrackerOperations.select_customer()
2019-01-21 10:43:32,517 INFO: Executing TransactionTrackerOperations.get_CM_parcels()
2019-01-21 10:43:35,088 INFO: NoSuchElementException in TransactionTrackerOperations.get_CM_parcels()
2019-01-21 10:43:39,504 INFO: NoSuchElementException in TransactionTrackerOperations.get_CM_parcels()
2019-01-21 10:43:43,913 INFO: NoSuchElementException in TransactionTrackerOperations.get_CM_parcels()
2019-01-21 10:43:48,258 INFO: NoSuchElementException in TransactionTrackerOperations.get_CM_parcels()
2019-01-21 10:43:52,625 INFO: NoSuchElementException in TransactionTrackerOperations.get_CM_parcels()
2019-01-21 10:43:57,015 INFO: NoSuchElementException in TransactionTrackerOperations.get_CM_parcels()
2019-01-21 10:44:00,079 INFO: NoSuchElementException in TransactionTrackerOperations.get_CM_parcels()
2019-01-21 10:44:06,619 INFO: Executing TransactionTrackerOperations.search_process_for_CMPDM() for: Performance Health|Kindred Healthcare via IntelliOrder|810
2019-01-21 10:44:06,861 INFO: Executing TransactionTrackerOperations.select_customer()
2019-01-21 10:44:13,685 INFO: Executing TransactionTrackerOperations.select_customer()
2019-01-21 10:44:25,214 INFO: Executing TransactionTrackerOperations.get_CM_parcels()
2019-01-21 10:44:27,749 INFO: NoSuchElementException in TransactionTrackerOperations.get_CM_parcels()
2019-01-21 10:44:32,335 INFO: NoSuchElementException in TransactionTrackerOperations.get_CM_parcels()
2019-01-21 10:44:37,135 INFO: NoSuchElementException in TransactionTrackerOperations.get_CM_parcels()
2019-01-21 10:44:41,576 INFO: NoSuchElementException in TransactionTrackerOperations.get_CM_parcels()
2019-01-21 10:44:46,171 INFO: NoSuchElementException in TransactionTrackerOperations.get_CM_parcels()
2019-01-21 10:44:50,510 INFO: NoSuchElementException in TransactionTrackerOperations.get_CM_parcels()
2019-01-21 10:44:54,965 INFO: NoSuchElementException in TransactionTrackerOperations.get_CM_parcels()
2019-01-21 10:44:59,220 INFO: NoSuchElementException in TransactionTrackerOperations.get_CM_parcels()
2019-01-21 10:45:03,539 INFO: NoSuchElementException in TransactionTrackerOperations.get_CM_parcels()
2019-01-21 10:45:07,850 INFO: NoSuchElementException in TransactionTrackerOperations.get_CM_parcels()
2019-01-21 10:45:12,209 INFO: NoSuchElementException in TransactionTrackerOperations.get_CM_parcels()
2019-01-21 10:45:16,636 INFO: NoSuchElementException in TransactionTrackerOperations.get_CM_parcels()
2019-01-21 10:45:20,980 INFO: NoSuchElementException in TransactionTrackerOperations.get_CM_parcels()
2019-01-21 10:45:25,374 INFO: NoSuchElementException in TransactionTrackerOperations.get_CM_parcels()
2019-01-21 10:45:29,738 INFO: NoSuchElementException in TransactionTrackerOperations.get_CM_parcels()
2019-01-21 10:45:34,097 INFO: NoSuchElementException in TransactionTrackerOperations.get_CM_parcels()
2019-01-21 10:45:38,464 INFO: NoSuchElementException in TransactionTrackerOperations.get_CM_parcels()
2019-01-21 10:45:42,780 INFO: NoSuchElementException in TransactionTrackerOperations.get_CM_parcels()
2019-01-21 10:45:47,201 INFO: NoSuchElementException in TransactionTrackerOperations.get_CM_parcels()
2019-01-21 10:45:51,487 INFO: NoSuchElementException in TransactionTrackerOperations.get_CM_parcels()
2019-01-21 10:45:55,784 INFO: NoSuchElementException in TransactionTrackerOperations.get_CM_parcels()
2019-01-21 10:46:00,091 INFO: NoSuchElementException in TransactionTrackerOperations.get_CM_parcels()
2019-01-21 10:46:04,424 INFO: NoSuchElementException in TransactionTrackerOperations.get_CM_parcels()
2019-01-21 10:46:08,734 INFO: NoSuchElementException in TransactionTrackerOperations.get_CM_parcels()
2019-01-21 10:46:12,898 INFO: NoSuchElementException in TransactionTrackerOperations.get_CM_parcels()
2019-01-21 10:46:17,103 INFO: NoSuchElementException in TransactionTrackerOperations.get_CM_parcels()
2019-01-21 10:46:21,395 INFO: NoSuchElementException in TransactionTrackerOperations.get_CM_parcels()
2019-01-21 10:46:25,573 INFO: NoSuchElementException in TransactionTrackerOperations.get_CM_parcels()
2019-01-21 10:46:29,741 INFO: NoSuchElementException in TransactionTrackerOperations.get_CM_parcels()
2019-01-21 10:46:33,963 INFO: NoSuchElementException in TransactionTrackerOperations.get_CM_parcels()
2019-01-21 10:46:38,246 INFO: NoSuchElementException in TransactionTrackerOperations.get_CM_parcels()
2019-01-21 10:46:42,495 INFO: NoSuchElementException in TransactionTrackerOperations.get_CM_parcels()
2019-01-21 10:46:46,871 INFO: NoSuchElementException in TransactionTrackerOperations.get_CM_parcels()
2019-01-21 10:46:51,237 INFO: NoSuchElementException in TransactionTrackerOperations.get_CM_parcels()
2019-01-21 10:46:55,577 INFO: NoSuchElementException in TransactionTrackerOperations.get_CM_parcels()
2019-01-21 10:46:59,917 INFO: NoSuchElementException in TransactionTrackerOperations.get_CM_parcels()
2019-01-21 10:47:04,331 INFO: NoSuchElementException in TransactionTrackerOperations.get_CM_parcels()
2019-01-21 10:47:08,667 INFO: NoSuchElementException in TransactionTrackerOperations.get_CM_parcels()
2019-01-21 10:47:13,127 INFO: NoSuchElementException in TransactionTrackerOperations.get_CM_parcels()
2019-01-21 10:47:17,483 INFO: NoSuchElementException in TransactionTrackerOperations.get_CM_parcels()
2019-01-21 10:47:21,833 INFO: NoSuchElementException in TransactionTrackerOperations.get_CM_parcels()
2019-01-21 10:47:26,200 INFO: NoSuchElementException in TransactionTrackerOperations.get_CM_parcels()
2019-01-21 10:47:30,453 INFO: NoSuchElementException in TransactionTrackerOperations.get_CM_parcels()
2019-01-21 10:47:34,745 INFO: NoSuchElementException in TransactionTrackerOperations.get_CM_parcels()
2019-01-21 10:47:39,099 INFO: NoSuchElementException in TransactionTrackerOperations.get_CM_parcels()
2019-01-21 10:47:43,406 INFO: NoSuchElementException in TransactionTrackerOperations.get_CM_parcels()
2019-01-21 10:47:47,649 INFO: NoSuchElementException in TransactionTrackerOperations.get_CM_parcels()
2019-01-21 10:47:52,047 INFO: NoSuchElementException in TransactionTrackerOperations.get_CM_parcels()
2019-01-21 10:47:57,572 INFO: NoSuchElementException in TransactionTrackerOperations.get_CM_parcels()
2019-01-21 10:48:02,579 INFO: NoSuchElementException in TransactionTrackerOperations.get_CM_parcels()
2019-01-21 10:48:07,849 INFO: NoSuchElementException in TransactionTrackerOperations.get_CM_parcels()
2019-01-21 10:48:10,846 INFO: NoSuchElementException in TransactionTrackerOperations.get_CM_parcels()
2019-01-21 10:48:19,322 INFO: Executing TransactionTrackerOperations.search_process_for_CMPDM() for: Performance Health|LAVIE ADMINISTRATIVE SERVICES DSSI|810
2019-01-21 10:48:19,427 INFO: Executing TransactionTrackerOperations.select_customer()
2019-01-21 10:48:26,580 INFO: Executing TransactionTrackerOperations.select_customer()
2019-01-21 10:48:38,874 INFO: Executing TransactionTrackerOperations.get_CM_parcels()
2019-01-21 10:48:41,994 INFO: NoSuchElementException in TransactionTrackerOperations.get_CM_parcels()
2019-01-21 10:48:46,954 INFO: NoSuchElementException in TransactionTrackerOperations.get_CM_parcels()
2019-01-21 10:48:51,764 INFO: NoSuchElementException in TransactionTrackerOperations.get_CM_parcels()
2019-01-21 10:48:56,903 INFO: NoSuchElementException in TransactionTrackerOperations.get_CM_parcels()
2019-01-21 10:49:01,198 INFO: NoSuchElementException in TransactionTrackerOperations.get_CM_parcels()
2019-01-21 10:49:05,529 INFO: NoSuchElementException in TransactionTrackerOperations.get_CM_parcels()
2019-01-21 10:49:09,755 INFO: NoSuchElementException in TransactionTrackerOperations.get_CM_parcels()
2019-01-21 10:49:13,997 INFO: NoSuchElementException in TransactionTrackerOperations.get_CM_parcels()
2019-01-21 10:49:18,518 INFO: NoSuchElementException in TransactionTrackerOperations.get_CM_parcels()
2019-01-21 10:49:22,947 INFO: NoSuchElementException in TransactionTrackerOperations.get_CM_parcels()
2019-01-21 10:49:27,249 INFO: NoSuchElementException in TransactionTrackerOperations.get_CM_parcels()
2019-01-21 10:49:31,532 INFO: NoSuchElementException in TransactionTrackerOperations.get_CM_parcels()
2019-01-21 10:49:33,887 INFO: NoSuchElementException in TransactionTrackerOperations.get_CM_parcels()
2019-01-21 10:49:41,259 INFO: Executing TransactionTrackerOperations.search_process_for_CMPDM() for: Performance Health|LEGACY SENIOR DSSI|810
2019-01-21 10:49:41,495 INFO: Executing TransactionTrackerOperations.select_customer()
2019-01-21 10:49:48,266 INFO: Executing TransactionTrackerOperations.select_customer()
2019-01-21 10:49:59,605 INFO: Executing TransactionTrackerOperations.get_CM_parcels()
2019-01-21 10:50:06,172 INFO: Executing TransactionTrackerOperations.search_process_for_CMPDM() for: Performance Health|MARINER DSSI|810
2019-01-21 10:50:06,186 INFO: Executing TransactionTrackerOperations.select_customer()
2019-01-21 10:50:12,984 INFO: Executing TransactionTrackerOperations.select_customer()
2019-01-21 10:50:25,266 INFO: Executing TransactionTrackerOperations.get_CM_parcels()
2019-01-21 10:50:30,769 INFO: Executing TransactionTrackerOperations.search_process_for_CMPDM() for: Performance Health|MARINER HEALTH DSSI|810
2019-01-21 10:50:31,303 INFO: Executing TransactionTrackerOperations.select_customer()
2019-01-21 10:50:38,473 INFO: Executing TransactionTrackerOperations.select_customer()
2019-01-21 10:50:50,469 INFO: Executing TransactionTrackerOperations.get_CM_parcels()
2019-01-21 10:50:53,175 INFO: NoSuchElementException in TransactionTrackerOperations.get_CM_parcels()
2019-01-21 10:50:57,740 INFO: NoSuchElementException in TransactionTrackerOperations.get_CM_parcels()
2019-01-21 10:51:02,131 INFO: NoSuchElementException in TransactionTrackerOperations.get_CM_parcels()
2019-01-21 10:51:06,472 INFO: NoSuchElementException in TransactionTrackerOperations.get_CM_parcels()
2019-01-21 10:51:10,746 INFO: NoSuchElementException in TransactionTrackerOperations.get_CM_parcels()
2019-01-21 10:51:15,077 INFO: NoSuchElementException in TransactionTrackerOperations.get_CM_parcels()
2019-01-21 10:51:19,488 INFO: NoSuchElementException in TransactionTrackerOperations.get_CM_parcels()
2019-01-21 10:51:23,941 INFO: NoSuchElementException in TransactionTrackerOperations.get_CM_parcels()
2019-01-21 10:51:28,307 INFO: NoSuchElementException in TransactionTrackerOperations.get_CM_parcels()
2019-01-21 10:51:32,893 INFO: NoSuchElementException in TransactionTrackerOperations.get_CM_parcels()
2019-01-21 10:51:37,381 INFO: NoSuchElementException in TransactionTrackerOperations.get_CM_parcels()
2019-01-21 10:51:41,754 INFO: NoSuchElementException in TransactionTrackerOperations.get_CM_parcels()
2019-01-21 10:51:46,059 INFO: NoSuchElementException in TransactionTrackerOperations.get_CM_parcels()
2019-01-21 10:51:50,395 INFO: NoSuchElementException in TransactionTrackerOperations.get_CM_parcels()
2019-01-21 10:51:52,871 INFO: NoSuchElementException in TransactionTrackerOperations.get_CM_parcels()
2019-01-21 10:52:01,643 INFO: Executing TransactionTrackerOperations.search_process_for_CMPDM() for: Performance Health|MEDCENTERDIRECT DOT COM|810
2019-01-21 10:52:01,859 INFO: Executing TransactionTrackerOperations.select_customer()
2019-01-21 10:52:08,669 INFO: Executing TransactionTrackerOperations.select_customer()
2019-01-21 10:52:19,909 INFO: Executing TransactionTrackerOperations.get_CM_parcels()
2019-01-21 10:52:26,071 INFO: Executing TransactionTrackerOperations.search_process_for_CMPDM() for: Performance Health|DSSI Kindred at Home|810
2019-01-21 10:52:26,158 INFO: Executing TransactionTrackerOperations.select_customer()
2019-01-21 10:52:32,983 INFO: Executing TransactionTrackerOperations.select_customer()
2019-01-21 10:52:44,403 INFO: Executing TransactionTrackerOperations.get_CM_parcels()
2019-01-21 10:52:50,770 INFO: Executing TransactionTrackerOperations.search_process_for_CMPDM() for: Performance Health|McKesson Medical Systems Columbus Community Hospital|810
2019-01-21 10:52:50,792 INFO: Executing TransactionTrackerOperations.select_customer()
2019-01-21 10:54:32,809 ERROR: Error in CMProductionDataMonitoring.TaskFilter()
2019-01-21 10:54:38,730 INFO: Executing TransactionTrackerOperations.search_process_for_CMPDM() for: Performance Health|McKesson Material Systems UT Health East Texas|810
2019-01-21 10:54:38,818 INFO: Executing TransactionTrackerOperations.select_customer()
2019-01-21 10:54:45,637 INFO: Executing TransactionTrackerOperations.select_customer()
2019-01-21 10:54:57,388 INFO: Executing TransactionTrackerOperations.get_CM_parcels()
2019-01-21 10:54:59,108 INFO: NoSuchElementException in TransactionTrackerOperations.get_CM_parcels()
2019-01-21 10:55:05,478 INFO: Executing TransactionTrackerOperations.search_process_for_CMPDM() for: Performance Health|DSSI Cadia Healthcare|810
2019-01-21 10:55:06,135 INFO: Executing TransactionTrackerOperations.select_customer()
2019-01-21 10:55:12,957 INFO: Executing TransactionTrackerOperations.select_customer()
2019-01-21 10:55:24,274 INFO: Executing TransactionTrackerOperations.get_CM_parcels()
2019-01-21 10:55:29,710 INFO: completed CMProductionDataMonitoring.execute_main()
2019-01-21 11:01:29,791 INFO: Executing Script Credit Memo Prodution Data Monitoring
2019-01-21 11:01:29,922 INFO: Executing CMProductionDataMonitoring.execute_main()
2019-01-21 11:01:34,666 INFO: Login in to Launchpad
2019-01-21 11:01:49,635 INFO: Executing CMProductionDataMonitoring.TaskFilter()
2019-01-21 11:01:49,835 INFO: Refreshing access_token
2019-01-21 11:01:56,344 INFO: select InProgress task from input sheet from CMProductionDataMonitoring.TaskFilter()
2019-01-21 11:01:56,344 INFO: Executing TransactionTrackerOperations.search_process_for_CMPDM() for: Performance Health|McKesson BASCOM PALMER EYE INST|810
2019-01-21 11:01:56,367 INFO: Executing TransactionTrackerOperations.select_customer()
2019-01-21 11:02:03,192 INFO: Executing TransactionTrackerOperations.select_customer()
2019-01-21 11:02:14,848 INFO: Executing TransactionTrackerOperations.get_CM_parcels()
2019-01-21 11:02:20,329 INFO: Executing TransactionTrackerOperations.search_process_for_CMPDM() for: Performance Health|McKesson CABELL HUNTINGTON HOSPITAL|810
2019-01-21 11:02:21,134 INFO: Executing TransactionTrackerOperations.select_customer()
2019-01-21 11:02:28,342 INFO: Executing TransactionTrackerOperations.select_customer()
2019-01-21 11:02:40,283 INFO: Executing TransactionTrackerOperations.get_CM_parcels()
2019-01-21 11:02:42,768 INFO: NoSuchElementException in TransactionTrackerOperations.get_CM_parcels()
2019-01-21 11:02:47,104 INFO: NoSuchElementException in TransactionTrackerOperations.get_CM_parcels()
2019-01-21 11:02:50,936 INFO: NoSuchElementException in TransactionTrackerOperations.get_CM_parcels()
2019-01-21 11:02:57,093 INFO: Executing TransactionTrackerOperations.search_process_for_CMPDM() for: Performance Health|McKesson CHILDRENS HOSPITAL|810
2019-01-21 11:02:57,709 INFO: Executing TransactionTrackerOperations.select_customer()
2019-01-21 11:03:04,583 INFO: Executing TransactionTrackerOperations.select_customer()
2019-01-21 11:03:15,757 INFO: Executing TransactionTrackerOperations.get_CM_parcels()
2019-01-21 11:03:18,168 INFO: NoSuchElementException in TransactionTrackerOperations.get_CM_parcels()
2019-01-21 11:03:22,489 INFO: NoSuchElementException in TransactionTrackerOperations.get_CM_parcels()
2019-01-21 11:03:25,486 INFO: NoSuchElementException in TransactionTrackerOperations.get_CM_parcels()
2019-01-21 11:03:32,113 INFO: Executing TransactionTrackerOperations.search_process_for_CMPDM() for: Performance Health|McKesson CHRISTIANA CARE HEALTH|810
2019-01-21 11:03:32,129 INFO: Executing TransactionTrackerOperations.select_customer()
2019-01-21 11:03:38,905 INFO: Executing TransactionTrackerOperations.select_customer()
2019-01-21 11:03:50,368 INFO: Executing TransactionTrackerOperations.get_CM_parcels()
2019-01-21 11:03:52,742 INFO: NoSuchElementException in TransactionTrackerOperations.get_CM_parcels()
2019-01-21 11:03:57,153 INFO: NoSuchElementException in TransactionTrackerOperations.get_CM_parcels()
2019-01-21 11:04:01,511 INFO: NoSuchElementException in TransactionTrackerOperations.get_CM_parcels()
2019-01-21 11:04:05,758 INFO: NoSuchElementException in TransactionTrackerOperations.get_CM_parcels()
2019-01-21 11:04:10,021 INFO: NoSuchElementException in TransactionTrackerOperations.get_CM_parcels()
2019-01-21 11:04:14,332 INFO: NoSuchElementException in TransactionTrackerOperations.get_CM_parcels()
2019-01-21 11:04:18,570 INFO: NoSuchElementException in TransactionTrackerOperations.get_CM_parcels()
2019-01-21 11:04:22,929 INFO: NoSuchElementException in TransactionTrackerOperations.get_CM_parcels()
2019-01-21 11:04:27,202 INFO: NoSuchElementException in TransactionTrackerOperations.get_CM_parcels()
2019-01-21 11:04:31,536 INFO: NoSuchElementException in TransactionTrackerOperations.get_CM_parcels()
2019-01-21 11:04:35,761 INFO: NoSuchElementException in TransactionTrackerOperations.get_CM_parcels()
2019-01-21 11:04:40,100 INFO: NoSuchElementException in TransactionTrackerOperations.get_CM_parcels()
2019-01-21 11:04:44,394 INFO: NoSuchElementException in TransactionTrackerOperations.get_CM_parcels()
2019-01-21 11:04:48,892 INFO: NoSuchElementException in TransactionTrackerOperations.get_CM_parcels()
2019-01-21 11:04:53,189 INFO: NoSuchElementException in TransactionTrackerOperations.get_CM_parcels()
2019-01-21 11:04:57,483 INFO: NoSuchElementException in TransactionTrackerOperations.get_CM_parcels()
2019-01-21 11:05:01,834 INFO: NoSuchElementException in TransactionTrackerOperations.get_CM_parcels()
2019-01-21 11:05:06,229 INFO: NoSuchElementException in TransactionTrackerOperations.get_CM_parcels()
2019-01-21 11:05:08,567 INFO: NoSuchElementException in TransactionTrackerOperations.get_CM_parcels()
2019-01-21 11:05:15,297 INFO: Executing TransactionTrackerOperations.search_process_for_CMPDM() for: Performance Health|McKesson EMH REGIONAL HEALTHCARE SYSTEMS|810
2019-01-21 11:05:15,606 INFO: Executing TransactionTrackerOperations.select_customer()
2019-01-21 11:05:22,405 INFO: Executing TransactionTrackerOperations.select_customer()
2019-01-21 11:05:33,811 INFO: Executing TransactionTrackerOperations.get_CM_parcels()
2019-01-21 11:05:39,296 INFO: Executing TransactionTrackerOperations.search_process_for_CMPDM() for: Performance Health|McKesson EMORY HEALTHCARE|810
2019-01-21 11:05:39,690 INFO: Executing TransactionTrackerOperations.select_customer()
2019-01-21 11:05:46,510 INFO: Executing TransactionTrackerOperations.select_customer()
2019-01-21 11:05:57,634 INFO: Executing TransactionTrackerOperations.get_CM_parcels()
2019-01-21 11:06:03,866 INFO: Executing TransactionTrackerOperations.search_process_for_CMPDM() for: Performance Health|McKesson FIRELANDS REGIONAL MEDICAL CENTER|810
2019-01-21 11:06:03,887 INFO: Executing TransactionTrackerOperations.select_customer()
2019-01-21 11:06:10,786 INFO: Executing TransactionTrackerOperations.select_customer()
2019-01-21 11:06:22,186 INFO: Executing TransactionTrackerOperations.get_CM_parcels()
2019-01-21 11:06:27,696 INFO: Executing TransactionTrackerOperations.search_process_for_CMPDM() for: Performance Health|McKesson FIRSTHEALTH CAROLINAS|810
2019-01-21 11:06:27,931 INFO: Executing TransactionTrackerOperations.select_customer()
2019-01-21 11:06:34,711 INFO: Executing TransactionTrackerOperations.select_customer()
2019-01-21 11:06:46,013 INFO: Executing TransactionTrackerOperations.get_CM_parcels()
2019-01-21 11:06:52,854 INFO: Executing TransactionTrackerOperations.search_process_for_CMPDM() for: Performance Health|McKesson FRANCISCAN ALLIANCE INC|810
2019-01-21 11:06:52,882 INFO: Executing TransactionTrackerOperations.select_customer()
2019-01-21 11:06:59,682 INFO: Executing TransactionTrackerOperations.select_customer()
2019-01-21 11:07:10,985 INFO: Executing TransactionTrackerOperations.get_CM_parcels()
2019-01-21 11:07:13,597 INFO: NoSuchElementException in TransactionTrackerOperations.get_CM_parcels()
2019-01-21 11:07:17,909 INFO: NoSuchElementException in TransactionTrackerOperations.get_CM_parcels()
2019-01-21 11:07:22,175 INFO: NoSuchElementException in TransactionTrackerOperations.get_CM_parcels()
2019-01-21 11:07:26,478 INFO: NoSuchElementException in TransactionTrackerOperations.get_CM_parcels()
2019-01-21 11:07:30,677 INFO: NoSuchElementException in TransactionTrackerOperations.get_CM_parcels()
2019-01-21 11:07:34,922 INFO: NoSuchElementException in TransactionTrackerOperations.get_CM_parcels()
2019-01-21 11:07:39,245 INFO: NoSuchElementException in TransactionTrackerOperations.get_CM_parcels()
2019-01-21 11:07:43,652 INFO: NoSuchElementException in TransactionTrackerOperations.get_CM_parcels()
2019-01-21 11:07:48,208 INFO: NoSuchElementException in TransactionTrackerOperations.get_CM_parcels()
2019-01-21 11:07:53,515 INFO: NoSuchElementException in TransactionTrackerOperations.get_CM_parcels()
2019-01-21 11:07:58,262 INFO: NoSuchElementException in TransactionTrackerOperations.get_CM_parcels()
2019-01-21 11:08:04,167 INFO: NoSuchElementException in TransactionTrackerOperations.get_CM_parcels()
2019-01-21 11:08:10,087 INFO: NoSuchElementException in TransactionTrackerOperations.get_CM_parcels()
2019-01-21 11:08:15,222 INFO: NoSuchElementException in TransactionTrackerOperations.get_CM_parcels()
2019-01-21 11:08:19,756 INFO: NoSuchElementException in TransactionTrackerOperations.get_CM_parcels()
2019-01-21 11:08:24,387 INFO: NoSuchElementException in TransactionTrackerOperations.get_CM_parcels()
2019-01-21 11:08:29,388 INFO: NoSuchElementException in TransactionTrackerOperations.get_CM_parcels()
2019-01-21 11:08:34,277 INFO: NoSuchElementException in TransactionTrackerOperations.get_CM_parcels()
2019-01-21 11:08:38,658 INFO: NoSuchElementException in TransactionTrackerOperations.get_CM_parcels()
2019-01-21 11:08:43,431 INFO: NoSuchElementException in TransactionTrackerOperations.get_CM_parcels()
2019-01-21 11:08:48,039 INFO: NoSuchElementException in TransactionTrackerOperations.get_CM_parcels()
2019-01-21 11:08:51,491 INFO: NoSuchElementException in TransactionTrackerOperations.get_CM_parcels()
2019-01-21 11:08:58,708 INFO: Executing TransactionTrackerOperations.search_process_for_CMPDM() for: Performance Health|McKesson GOOD SHEPHERD REHAB NETWORK|810
2019-01-21 11:08:58,728 INFO: Executing TransactionTrackerOperations.select_customer()
2019-01-21 11:09:05,531 INFO: Executing TransactionTrackerOperations.select_customer()
2019-01-21 11:09:17,256 INFO: Executing TransactionTrackerOperations.get_CM_parcels()
2019-01-21 11:09:19,670 INFO: NoSuchElementException in TransactionTrackerOperations.get_CM_parcels()
2019-01-21 11:09:23,992 INFO: NoSuchElementException in TransactionTrackerOperations.get_CM_parcels()
2019-01-21 11:09:28,263 INFO: NoSuchElementException in TransactionTrackerOperations.get_CM_parcels()
2019-01-21 11:09:32,556 INFO: NoSuchElementException in TransactionTrackerOperations.get_CM_parcels()
2019-01-21 11:09:36,810 INFO: NoSuchElementException in TransactionTrackerOperations.get_CM_parcels()
2019-01-21 11:09:41,039 INFO: NoSuchElementException in TransactionTrackerOperations.get_CM_parcels()
2019-01-21 11:09:45,321 INFO: NoSuchElementException in TransactionTrackerOperations.get_CM_parcels()
2019-01-21 11:09:49,860 INFO: NoSuchElementException in TransactionTrackerOperations.get_CM_parcels()
2019-01-21 11:09:54,159 INFO: NoSuchElementException in TransactionTrackerOperations.get_CM_parcels()
2019-01-21 11:09:58,464 INFO: NoSuchElementException in TransactionTrackerOperations.get_CM_parcels()
2019-01-21 11:10:02,866 INFO: NoSuchElementException in TransactionTrackerOperations.get_CM_parcels()
2019-01-21 11:10:07,155 INFO: NoSuchElementException in TransactionTrackerOperations.get_CM_parcels()
2019-01-21 11:10:11,481 INFO: NoSuchElementException in TransactionTrackerOperations.get_CM_parcels()
2019-01-21 11:10:15,952 INFO: NoSuchElementException in TransactionTrackerOperations.get_CM_parcels()
2019-01-21 11:10:20,276 INFO: NoSuchElementException in TransactionTrackerOperations.get_CM_parcels()
2019-01-21 11:10:24,635 INFO: NoSuchElementException in TransactionTrackerOperations.get_CM_parcels()
2019-01-21 11:10:29,049 INFO: NoSuchElementException in TransactionTrackerOperations.get_CM_parcels()
2019-01-21 11:10:33,464 INFO: NoSuchElementException in TransactionTrackerOperations.get_CM_parcels()
2019-01-21 11:10:37,848 INFO: NoSuchElementException in TransactionTrackerOperations.get_CM_parcels()
2019-01-21 11:10:42,277 INFO: NoSuchElementException in TransactionTrackerOperations.get_CM_parcels()
2019-01-21 11:10:50,859 INFO: Executing TransactionTrackerOperations.search_process_for_CMPDM() for: Performance Health|McKesson HALIFAX REGIONAL HOSPITAL|810
2019-01-21 11:10:51,621 INFO: Executing TransactionTrackerOperations.select_customer()
2019-01-21 11:10:58,429 INFO: Executing TransactionTrackerOperations.select_customer()
2019-01-21 11:11:09,957 INFO: Executing TransactionTrackerOperations.get_CM_parcels()
2019-01-21 11:11:15,496 INFO: Executing TransactionTrackerOperations.search_process_for_CMPDM() for: Performance Health|McKesson HATTISBURG CLINIC|810
2019-01-21 11:11:16,184 INFO: Executing TransactionTrackerOperations.select_customer()
2019-01-21 11:11:23,076 INFO: Executing TransactionTrackerOperations.select_customer()
2019-01-21 11:11:34,663 INFO: Executing TransactionTrackerOperations.get_CM_parcels()
2019-01-21 11:11:40,739 INFO: Executing TransactionTrackerOperations.search_process_for_CMPDM() for: Performance Health|McKesson IL BONE AND JOINT|810
2019-01-21 11:11:41,587 INFO: Executing TransactionTrackerOperations.select_customer()
2019-01-21 11:11:48,479 INFO: Executing TransactionTrackerOperations.select_customer()
2019-01-21 11:12:01,366 INFO: Executing TransactionTrackerOperations.get_CM_parcels()
2019-01-21 11:12:08,815 INFO: Executing TransactionTrackerOperations.search_process_for_CMPDM() for: Performance Health|McKesson LAKE CHARLES MEMORIAL HOSPITAL|810
2019-01-21 11:12:09,654 INFO: Executing TransactionTrackerOperations.select_customer()
2019-01-21 11:12:16,551 INFO: Executing TransactionTrackerOperations.select_customer()
2019-01-21 11:12:28,840 INFO: Executing TransactionTrackerOperations.get_CM_parcels()
2019-01-21 11:12:35,146 INFO: Executing TransactionTrackerOperations.search_process_for_CMPDM() for: Performance Health|McKesson LAWRENCE MEMORIAL HOSPITAL|810
2019-01-21 11:12:35,176 INFO: Executing TransactionTrackerOperations.select_customer()
2019-01-21 11:12:42,004 INFO: Executing TransactionTrackerOperations.select_customer()
2019-01-21 11:12:53,483 INFO: Executing TransactionTrackerOperations.get_CM_parcels()
2019-01-21 11:12:55,874 INFO: NoSuchElementException in TransactionTrackerOperations.get_CM_parcels()
2019-01-21 11:13:00,182 INFO: NoSuchElementException in TransactionTrackerOperations.get_CM_parcels()
2019-01-21 11:13:04,497 INFO: NoSuchElementException in TransactionTrackerOperations.get_CM_parcels()
2019-01-21 11:13:08,709 INFO: NoSuchElementException in TransactionTrackerOperations.get_CM_parcels()
2019-01-21 11:13:13,013 INFO: NoSuchElementException in TransactionTrackerOperations.get_CM_parcels()
2019-01-21 11:13:17,339 INFO: NoSuchElementException in TransactionTrackerOperations.get_CM_parcels()
2019-01-21 11:13:21,065 INFO: NoSuchElementException in TransactionTrackerOperations.get_CM_parcels()
2019-01-21 11:13:27,062 INFO: Executing TransactionTrackerOperations.search_process_for_CMPDM() for: Performance Health|McKesson LEESBURG REGIONAL|810
2019-01-21 11:13:27,432 INFO: Executing TransactionTrackerOperations.select_customer()
2019-01-21 11:13:34,253 INFO: Executing TransactionTrackerOperations.select_customer()
2019-01-21 11:13:45,412 INFO: Executing TransactionTrackerOperations.get_CM_parcels()
2019-01-21 11:13:46,395 INFO: NoSuchElementException in TransactionTrackerOperations.get_CM_parcels()
2019-01-21 11:13:52,421 INFO: Executing TransactionTrackerOperations.search_process_for_CMPDM() for: Performance Health|McKesson LOMA LINDA UNIVERSITY MEDICAL CENTER|810
2019-01-21 11:13:52,641 INFO: Executing TransactionTrackerOperations.select_customer()
2019-01-21 11:13:59,436 INFO: Executing TransactionTrackerOperations.select_customer()
2019-01-21 11:14:11,277 INFO: Executing TransactionTrackerOperations.get_CM_parcels()
2019-01-21 11:14:11,589 INFO: NoSuchElementException in TransactionTrackerOperations.get_CM_parcels()
2019-01-21 11:14:18,631 INFO: Executing TransactionTrackerOperations.search_process_for_CMPDM() for: Performance Health|McKesson MCG HEALTH INC|810
2019-01-21 11:14:18,647 INFO: Executing TransactionTrackerOperations.select_customer()
2019-01-21 11:14:25,433 INFO: Executing TransactionTrackerOperations.select_customer()
2019-01-21 11:14:36,445 INFO: Executing TransactionTrackerOperations.get_CM_parcels()
2019-01-21 11:14:38,874 INFO: NoSuchElementException in TransactionTrackerOperations.get_CM_parcels()
2019-01-21 11:14:43,260 INFO: NoSuchElementException in TransactionTrackerOperations.get_CM_parcels()
2019-01-21 11:14:47,544 INFO: NoSuchElementException in TransactionTrackerOperations.get_CM_parcels()
2019-01-21 11:14:51,770 INFO: NoSuchElementException in TransactionTrackerOperations.get_CM_parcels()
2019-01-21 11:14:56,000 INFO: NoSuchElementException in TransactionTrackerOperations.get_CM_parcels()
2019-01-21 11:15:00,244 INFO: NoSuchElementException in TransactionTrackerOperations.get_CM_parcels()
2019-01-21 11:15:03,246 INFO: NoSuchElementException in TransactionTrackerOperations.get_CM_parcels()
2019-01-21 11:15:09,609 INFO: Executing TransactionTrackerOperations.search_process_for_CMPDM() for: Performance Health|McKesson NCH HEALTHCARE|810
2019-01-21 11:15:09,899 INFO: Executing TransactionTrackerOperations.select_customer()
2019-01-21 11:15:16,758 INFO: Executing TransactionTrackerOperations.select_customer()
2019-01-21 11:15:27,837 INFO: Executing TransactionTrackerOperations.get_CM_parcels()
2019-01-21 11:15:30,281 INFO: NoSuchElementException in TransactionTrackerOperations.get_CM_parcels()
2019-01-21 11:15:34,776 INFO: NoSuchElementException in TransactionTrackerOperations.get_CM_parcels()
2019-01-21 11:15:39,088 INFO: NoSuchElementException in TransactionTrackerOperations.get_CM_parcels()
2019-01-21 11:15:43,375 INFO: NoSuchElementException in TransactionTrackerOperations.get_CM_parcels()
2019-01-21 11:15:47,615 INFO: NoSuchElementException in TransactionTrackerOperations.get_CM_parcels()
2019-01-21 11:15:51,955 INFO: NoSuchElementException in TransactionTrackerOperations.get_CM_parcels()
2019-01-21 11:15:56,199 INFO: NoSuchElementException in TransactionTrackerOperations.get_CM_parcels()
2019-01-21 11:16:00,459 INFO: NoSuchElementException in TransactionTrackerOperations.get_CM_parcels()
2019-01-21 11:16:04,780 INFO: NoSuchElementException in TransactionTrackerOperations.get_CM_parcels()
2019-01-21 11:16:12,585 INFO: Executing TransactionTrackerOperations.search_process_for_CMPDM() for: Performance Health|McKesson SACRED HEART HOSPITAL|810
2019-01-21 11:16:12,777 INFO: Executing TransactionTrackerOperations.select_customer()
2019-01-21 11:16:19,630 INFO: Executing TransactionTrackerOperations.select_customer()
2019-01-21 11:16:30,832 INFO: Executing TransactionTrackerOperations.get_CM_parcels()
2019-01-21 11:16:36,418 INFO: Executing TransactionTrackerOperations.search_process_for_CMPDM() for: Performance Health|McKesson SAINT FRANCES MEDICAL CENTER|810
2019-01-21 11:16:36,877 INFO: Executing TransactionTrackerOperations.select_customer()
2019-01-21 11:16:43,692 INFO: Executing TransactionTrackerOperations.select_customer()
2019-01-21 11:16:55,250 INFO: Executing TransactionTrackerOperations.get_CM_parcels()
2019-01-21 11:16:57,653 INFO: NoSuchElementException in TransactionTrackerOperations.get_CM_parcels()
2019-01-21 11:17:01,937 INFO: NoSuchElementException in TransactionTrackerOperations.get_CM_parcels()
2019-01-21 11:17:06,135 INFO: NoSuchElementException in TransactionTrackerOperations.get_CM_parcels()
2019-01-21 11:17:10,409 INFO: NoSuchElementException in TransactionTrackerOperations.get_CM_parcels()
2019-01-21 11:17:12,774 INFO: NoSuchElementException in TransactionTrackerOperations.get_CM_parcels()
2019-01-21 11:17:18,930 INFO: Executing TransactionTrackerOperations.search_process_for_CMPDM() for: Performance Health|McKesson SOUTHERN NEW HAMPSHIRE MEDICAL CENTER|810
2019-01-21 11:17:19,224 INFO: Executing TransactionTrackerOperations.select_customer()
2019-01-21 11:17:26,095 INFO: Executing TransactionTrackerOperations.select_customer()
2019-01-21 11:17:37,667 INFO: Executing TransactionTrackerOperations.get_CM_parcels()
2019-01-21 11:17:40,059 INFO: NoSuchElementException in TransactionTrackerOperations.get_CM_parcels()
2019-01-21 11:17:44,428 INFO: NoSuchElementException in TransactionTrackerOperations.get_CM_parcels()
2019-01-21 11:17:48,687 INFO: NoSuchElementException in TransactionTrackerOperations.get_CM_parcels()
2019-01-21 11:17:52,909 INFO: NoSuchElementException in TransactionTrackerOperations.get_CM_parcels()
2019-01-21 11:17:56,730 INFO: NoSuchElementException in TransactionTrackerOperations.get_CM_parcels()
2019-01-21 11:18:03,693 INFO: Executing TransactionTrackerOperations.search_process_for_CMPDM() for: Performance Health|McKesson TIFT REGIONAL MEDICAL CENTER|810
2019-01-21 11:18:03,712 INFO: Executing TransactionTrackerOperations.select_customer()
2019-01-21 11:18:10,512 INFO: Executing TransactionTrackerOperations.select_customer()
2019-01-21 11:18:21,908 INFO: Executing TransactionTrackerOperations.get_CM_parcels()
2019-01-21 11:18:27,486 INFO: Executing TransactionTrackerOperations.search_process_for_CMPDM() for: Performance Health|McKesson TRINITY MOTHER FRANCES HOSPITAL|810
2019-01-21 11:18:27,711 INFO: Executing TransactionTrackerOperations.select_customer()
2019-01-21 11:18:34,520 INFO: Executing TransactionTrackerOperations.select_customer()
2019-01-21 11:18:46,320 INFO: Executing TransactionTrackerOperations.get_CM_parcels()
2019-01-21 11:18:48,714 INFO: NoSuchElementException in TransactionTrackerOperations.get_CM_parcels()
2019-01-21 11:18:53,007 INFO: NoSuchElementException in TransactionTrackerOperations.get_CM_parcels()
2019-01-21 11:18:57,275 INFO: NoSuchElementException in TransactionTrackerOperations.get_CM_parcels()
2019-01-21 11:19:01,463 INFO: NoSuchElementException in TransactionTrackerOperations.get_CM_parcels()
2019-01-21 11:19:05,685 INFO: NoSuchElementException in TransactionTrackerOperations.get_CM_parcels()
2019-01-21 11:19:09,927 INFO: NoSuchElementException in TransactionTrackerOperations.get_CM_parcels()
2019-01-21 11:19:14,196 INFO: NoSuchElementException in TransactionTrackerOperations.get_CM_parcels()
2019-01-21 11:19:18,549 INFO: NoSuchElementException in TransactionTrackerOperations.get_CM_parcels()
2019-01-21 11:19:21,562 INFO: NoSuchElementException in TransactionTrackerOperations.get_CM_parcels()
2019-01-21 11:19:28,117 INFO: Executing TransactionTrackerOperations.search_process_for_CMPDM() for: Performance Health|McKesson Truman Medical Center|810
2019-01-21 11:19:28,135 INFO: Executing TransactionTrackerOperations.select_customer()
2019-01-21 11:19:34,915 INFO: Executing TransactionTrackerOperations.select_customer()
2019-01-21 11:19:46,444 INFO: Executing TransactionTrackerOperations.get_CM_parcels()
2019-01-21 11:19:51,927 INFO: Executing TransactionTrackerOperations.search_process_for_CMPDM() for: Performance Health|McKesson UNITED HOSPITAL SYSTEM INC|810
2019-01-21 11:19:52,230 INFO: Executing TransactionTrackerOperations.select_customer()
2019-01-21 11:19:59,035 INFO: Executing TransactionTrackerOperations.select_customer()
2019-01-21 11:20:10,273 INFO: Executing TransactionTrackerOperations.get_CM_parcels()
2019-01-21 11:20:12,684 INFO: NoSuchElementException in TransactionTrackerOperations.get_CM_parcels()
2019-01-21 11:20:16,976 INFO: NoSuchElementException in TransactionTrackerOperations.get_CM_parcels()
2019-01-21 11:20:21,229 INFO: NoSuchElementException in TransactionTrackerOperations.get_CM_parcels()
2019-01-21 11:20:25,465 INFO: NoSuchElementException in TransactionTrackerOperations.get_CM_parcels()
2019-01-21 11:20:27,845 INFO: NoSuchElementException in TransactionTrackerOperations.get_CM_parcels()
2019-01-21 11:20:34,099 INFO: Executing TransactionTrackerOperations.search_process_for_CMPDM() for: Performance Health|McKesson VAIL VALLEY MEDICAL CENTER|810
2019-01-21 11:20:34,381 INFO: Executing TransactionTrackerOperations.select_customer()
2019-01-21 11:20:41,225 INFO: Executing TransactionTrackerOperations.select_customer()
2019-01-21 11:20:52,590 INFO: Executing TransactionTrackerOperations.get_CM_parcels()
2019-01-21 11:20:55,093 INFO: NoSuchElementException in TransactionTrackerOperations.get_CM_parcels()
2019-01-21 11:20:59,408 INFO: NoSuchElementException in TransactionTrackerOperations.get_CM_parcels()
2019-01-21 11:21:03,632 INFO: NoSuchElementException in TransactionTrackerOperations.get_CM_parcels()
2019-01-21 11:21:07,904 INFO: NoSuchElementException in TransactionTrackerOperations.get_CM_parcels()
2019-01-21 11:21:12,190 INFO: NoSuchElementException in TransactionTrackerOperations.get_CM_parcels()
2019-01-21 11:21:16,427 INFO: NoSuchElementException in TransactionTrackerOperations.get_CM_parcels()
2019-01-21 11:21:20,718 INFO: NoSuchElementException in TransactionTrackerOperations.get_CM_parcels()
2019-01-21 11:21:24,916 INFO: NoSuchElementException in TransactionTrackerOperations.get_CM_parcels()
2019-01-21 11:21:29,210 INFO: NoSuchElementException in TransactionTrackerOperations.get_CM_parcels()
2019-01-21 11:21:33,512 INFO: NoSuchElementException in TransactionTrackerOperations.get_CM_parcels()
2019-01-21 11:21:37,779 INFO: NoSuchElementException in TransactionTrackerOperations.get_CM_parcels()
2019-01-21 11:21:42,093 INFO: NoSuchElementException in TransactionTrackerOperations.get_CM_parcels()
2019-01-21 11:21:46,379 INFO: NoSuchElementException in TransactionTrackerOperations.get_CM_parcels()
2019-01-21 11:21:50,592 INFO: NoSuchElementException in TransactionTrackerOperations.get_CM_parcels()
2019-01-21 11:21:54,873 INFO: NoSuchElementException in TransactionTrackerOperations.get_CM_parcels()
2019-01-21 11:21:59,167 INFO: NoSuchElementException in TransactionTrackerOperations.get_CM_parcels()
2019-01-21 11:22:03,554 INFO: NoSuchElementException in TransactionTrackerOperations.get_CM_parcels()
2019-01-21 11:22:07,983 INFO: NoSuchElementException in TransactionTrackerOperations.get_CM_parcels()
2019-01-21 11:22:12,231 INFO: NoSuchElementException in TransactionTrackerOperations.get_CM_parcels()
2019-01-21 11:22:16,532 INFO: NoSuchElementException in TransactionTrackerOperations.get_CM_parcels()
2019-01-21 11:22:20,806 INFO: NoSuchElementException in TransactionTrackerOperations.get_CM_parcels()
2019-01-21 11:22:25,118 INFO: NoSuchElementException in TransactionTrackerOperations.get_CM_parcels()
2019-01-21 11:22:28,780 INFO: NoSuchElementException in TransactionTrackerOperations.get_CM_parcels()
2019-01-21 11:22:35,583 INFO: Executing TransactionTrackerOperations.search_process_for_CMPDM() for: Performance Health|McKesson WHEATON FRANCISCAN HEALTHCARE|810
2019-01-21 11:22:36,190 INFO: Executing TransactionTrackerOperations.select_customer()
2019-01-21 11:22:43,015 INFO: Executing TransactionTrackerOperations.select_customer()
2019-01-21 11:22:54,369 INFO: Executing TransactionTrackerOperations.get_CM_parcels()
2019-01-21 11:23:00,495 INFO: Executing TransactionTrackerOperations.search_process_for_CMPDM() for: Performance Health|MFA DSSI|810
2019-01-21 11:23:00,517 INFO: Executing TransactionTrackerOperations.select_customer()
2019-01-21 11:23:07,367 INFO: Executing TransactionTrackerOperations.select_customer()
2019-01-21 11:23:18,194 INFO: Executing TransactionTrackerOperations.get_CM_parcels()
2019-01-21 11:23:23,711 INFO: Executing TransactionTrackerOperations.search_process_for_CMPDM() for: Performance Health|MIDWEST GERIATRIC DSSI|810
2019-01-21 11:23:24,242 INFO: Executing TransactionTrackerOperations.select_customer()
2019-01-21 11:23:31,114 INFO: Executing TransactionTrackerOperations.select_customer()
2019-01-21 11:23:42,366 INFO: Executing TransactionTrackerOperations.get_CM_parcels()
2019-01-21 11:23:42,668 INFO: NoSuchElementException in TransactionTrackerOperations.get_CM_parcels()
2019-01-21 11:23:49,322 INFO: Executing TransactionTrackerOperations.search_process_for_CMPDM() for: Performance Health|MIDWEST HEALTH DSSI|810
2019-01-21 11:23:49,735 INFO: Executing TransactionTrackerOperations.select_customer()
2019-01-21 11:23:56,578 INFO: Executing TransactionTrackerOperations.select_customer()
2019-01-21 11:24:07,584 INFO: Executing TransactionTrackerOperations.get_CM_parcels()
2019-01-21 11:24:09,961 INFO: NoSuchElementException in TransactionTrackerOperations.get_CM_parcels()
2019-01-21 11:24:14,333 INFO: NoSuchElementException in TransactionTrackerOperations.get_CM_parcels()
2019-01-21 11:24:18,564 INFO: NoSuchElementException in TransactionTrackerOperations.get_CM_parcels()
2019-01-21 11:24:22,848 INFO: NoSuchElementException in TransactionTrackerOperations.get_CM_parcels()
2019-01-21 11:24:25,219 INFO: NoSuchElementException in TransactionTrackerOperations.get_CM_parcels()
2019-01-21 11:24:31,940 INFO: Executing TransactionTrackerOperations.search_process_for_CMPDM() for: Performance Health|MISSION HEALTH DSSI|810
2019-01-21 11:24:31,957 INFO: Executing TransactionTrackerOperations.select_customer()
2019-01-21 11:24:38,757 INFO: Executing TransactionTrackerOperations.select_customer()
2019-01-21 11:24:49,880 INFO: Executing TransactionTrackerOperations.get_CM_parcels()
2019-01-21 11:24:52,407 INFO: NoSuchElementException in TransactionTrackerOperations.get_CM_parcels()
2019-01-21 11:24:56,681 INFO: NoSuchElementException in TransactionTrackerOperations.get_CM_parcels()
2019-01-21 11:25:00,888 INFO: NoSuchElementException in TransactionTrackerOperations.get_CM_parcels()
2019-01-21 11:25:05,133 INFO: NoSuchElementException in TransactionTrackerOperations.get_CM_parcels()
2019-01-21 11:25:09,324 INFO: NoSuchElementException in TransactionTrackerOperations.get_CM_parcels()
2019-01-21 11:25:13,584 INFO: NoSuchElementException in TransactionTrackerOperations.get_CM_parcels()
2019-01-21 11:25:17,825 INFO: NoSuchElementException in TransactionTrackerOperations.get_CM_parcels()
2019-01-21 11:25:22,178 INFO: NoSuchElementException in TransactionTrackerOperations.get_CM_parcels()
2019-01-21 11:25:26,690 INFO: NoSuchElementException in TransactionTrackerOperations.get_CM_parcels()
2019-01-21 11:25:30,919 INFO: NoSuchElementException in TransactionTrackerOperations.get_CM_parcels()
2019-01-21 11:25:33,985 INFO: NoSuchElementException in TransactionTrackerOperations.get_CM_parcels()
2019-01-21 11:25:40,509 INFO: Executing TransactionTrackerOperations.search_process_for_CMPDM() for: Performance Health|NEXION DSSI|810
2019-01-21 11:25:40,825 INFO: Executing TransactionTrackerOperations.select_customer()
2019-01-21 11:25:47,707 INFO: Executing TransactionTrackerOperations.select_customer()
2019-01-21 11:25:58,567 INFO: Executing TransactionTrackerOperations.get_CM_parcels()
2019-01-21 11:26:00,999 INFO: NoSuchElementException in TransactionTrackerOperations.get_CM_parcels()
2019-01-21 11:26:05,359 INFO: NoSuchElementException in TransactionTrackerOperations.get_CM_parcels()
2019-01-21 11:26:09,555 INFO: NoSuchElementException in TransactionTrackerOperations.get_CM_parcels()
2019-01-21 11:26:13,788 INFO: NoSuchElementException in TransactionTrackerOperations.get_CM_parcels()
2019-01-21 11:26:18,023 INFO: NoSuchElementException in TransactionTrackerOperations.get_CM_parcels()
2019-01-21 11:26:22,275 INFO: NoSuchElementException in TransactionTrackerOperations.get_CM_parcels()
2019-01-21 11:26:26,685 INFO: NoSuchElementException in TransactionTrackerOperations.get_CM_parcels()
2019-01-21 11:26:30,888 INFO: NoSuchElementException in TransactionTrackerOperations.get_CM_parcels()
2019-01-21 11:26:35,117 INFO: NoSuchElementException in TransactionTrackerOperations.get_CM_parcels()
2019-01-21 11:26:39,425 INFO: NoSuchElementException in TransactionTrackerOperations.get_CM_parcels()
2019-01-21 11:26:43,680 INFO: NoSuchElementException in TransactionTrackerOperations.get_CM_parcels()
2019-01-21 11:26:46,486 INFO: NoSuchElementException in TransactionTrackerOperations.get_CM_parcels()
2019-01-21 11:26:53,107 INFO: Executing TransactionTrackerOperations.search_process_for_CMPDM() for: Performance Health|NOLAND HEALTH SERVICES DSSI|810
2019-01-21 11:26:53,307 INFO: Executing TransactionTrackerOperations.select_customer()
2019-01-21 11:27:00,104 INFO: Executing TransactionTrackerOperations.select_customer()
2019-01-21 11:27:11,265 INFO: Executing TransactionTrackerOperations.get_CM_parcels()
2019-01-21 11:27:13,641 INFO: NoSuchElementException in TransactionTrackerOperations.get_CM_parcels()
2019-01-21 11:27:17,960 INFO: NoSuchElementException in TransactionTrackerOperations.get_CM_parcels()
2019-01-21 11:27:22,230 INFO: NoSuchElementException in TransactionTrackerOperations.get_CM_parcels()
2019-01-21 11:27:26,489 INFO: NoSuchElementException in TransactionTrackerOperations.get_CM_parcels()
2019-01-21 11:27:30,701 INFO: NoSuchElementException in TransactionTrackerOperations.get_CM_parcels()
2019-01-21 11:27:34,976 INFO: NoSuchElementException in TransactionTrackerOperations.get_CM_parcels()
2019-01-21 11:27:38,688 INFO: NoSuchElementException in TransactionTrackerOperations.get_CM_parcels()
2019-01-21 11:27:44,888 INFO: Executing TransactionTrackerOperations.search_process_for_CMPDM() for: Performance Health|NORTHPORT DSSI|810
2019-01-21 11:27:45,237 INFO: Executing TransactionTrackerOperations.select_customer()
2019-01-21 11:27:52,057 INFO: Executing TransactionTrackerOperations.select_customer()
2019-01-21 11:28:03,129 INFO: Executing TransactionTrackerOperations.get_CM_parcels()
2019-01-21 11:28:08,760 INFO: Executing TransactionTrackerOperations.search_process_for_CMPDM() for: Performance Health|NUVISION DSSI|810
2019-01-21 11:28:09,119 INFO: Executing TransactionTrackerOperations.select_customer()
2019-01-21 11:28:15,910 INFO: Executing TransactionTrackerOperations.select_customer()
2019-01-21 11:28:26,925 INFO: Executing TransactionTrackerOperations.get_CM_parcels()
2019-01-21 11:28:29,317 INFO: NoSuchElementException in TransactionTrackerOperations.get_CM_parcels()
2019-01-21 11:28:33,599 INFO: NoSuchElementException in TransactionTrackerOperations.get_CM_parcels()
2019-01-21 11:28:37,897 INFO: NoSuchElementException in TransactionTrackerOperations.get_CM_parcels()
2019-01-21 11:28:42,040 INFO: NoSuchElementException in TransactionTrackerOperations.get_CM_parcels()
2019-01-21 11:28:50,276 INFO: Executing TransactionTrackerOperations.search_process_for_CMPDM() for: Performance Health|ONIX GROUP DSSI|810
2019-01-21 11:28:50,291 INFO: Executing TransactionTrackerOperations.select_customer()
2019-01-21 11:28:57,073 INFO: Executing TransactionTrackerOperations.select_customer()
2019-01-21 11:29:08,232 INFO: Executing TransactionTrackerOperations.get_CM_parcels()
2019-01-21 11:29:10,615 INFO: NoSuchElementException in TransactionTrackerOperations.get_CM_parcels()
2019-01-21 11:29:14,890 INFO: NoSuchElementException in TransactionTrackerOperations.get_CM_parcels()
2019-01-21 11:29:19,150 INFO: NoSuchElementException in TransactionTrackerOperations.get_CM_parcels()
2019-01-21 11:29:23,377 INFO: NoSuchElementException in TransactionTrackerOperations.get_CM_parcels()
2019-01-21 11:29:27,180 INFO: NoSuchElementException in TransactionTrackerOperations.get_CM_parcels()
2019-01-21 11:29:33,902 INFO: Executing TransactionTrackerOperations.search_process_for_CMPDM() for: Performance Health|PENNMED CONSULTANTS INC DSSI|810
2019-01-21 11:29:33,921 INFO: Executing TransactionTrackerOperations.select_customer()
2019-01-21 11:29:40,765 INFO: Executing TransactionTrackerOperations.select_customer()
2019-01-21 11:29:52,147 INFO: Executing TransactionTrackerOperations.get_CM_parcels()
2019-01-21 11:29:57,712 INFO: Executing TransactionTrackerOperations.search_process_for_CMPDM() for: Performance Health|PREFERRED CARE DSSI|810
2019-01-21 11:29:57,979 INFO: Executing TransactionTrackerOperations.select_customer()
2019-01-21 11:30:04,827 INFO: Executing TransactionTrackerOperations.select_customer()
2019-01-21 11:30:15,978 INFO: Executing TransactionTrackerOperations.get_CM_parcels()
2019-01-21 11:30:22,121 INFO: Executing TransactionTrackerOperations.search_process_for_CMPDM() for: Performance Health|PRESBYTERIAN HOMES AND SERVICES DSSI|810
2019-01-21 11:30:22,137 INFO: Executing TransactionTrackerOperations.select_customer()
2019-01-21 11:30:28,951 INFO: Executing TransactionTrackerOperations.select_customer()
2019-01-21 11:30:40,437 INFO: Executing TransactionTrackerOperations.get_CM_parcels()
2019-01-21 11:30:42,878 INFO: NoSuchElementException in TransactionTrackerOperations.get_CM_parcels()
2019-01-21 11:30:47,210 INFO: NoSuchElementException in TransactionTrackerOperations.get_CM_parcels()
2019-01-21 11:30:51,465 INFO: NoSuchElementException in TransactionTrackerOperations.get_CM_parcels()
2019-01-21 11:30:55,709 INFO: NoSuchElementException in TransactionTrackerOperations.get_CM_parcels()
2019-01-21 11:30:59,954 INFO: NoSuchElementException in TransactionTrackerOperations.get_CM_parcels()
2019-01-21 11:31:04,201 INFO: NoSuchElementException in TransactionTrackerOperations.get_CM_parcels()
2019-01-21 11:31:08,483 INFO: NoSuchElementException in TransactionTrackerOperations.get_CM_parcels()
2019-01-21 11:31:12,735 INFO: NoSuchElementException in TransactionTrackerOperations.get_CM_parcels()
2019-01-21 11:31:15,326 INFO: NoSuchElementException in TransactionTrackerOperations.get_CM_parcels()
2019-01-21 11:31:21,441 INFO: Executing TransactionTrackerOperations.search_process_for_CMPDM() for: Performance Health|PRESBYTERIAN SENIOR LIVING DSSI|810
2019-01-21 11:31:21,641 INFO: Executing TransactionTrackerOperations.select_customer()
2019-01-21 11:31:28,424 INFO: Executing TransactionTrackerOperations.select_customer()
2019-01-21 11:31:39,643 INFO: Executing TransactionTrackerOperations.get_CM_parcels()
2019-01-21 11:31:42,050 INFO: NoSuchElementException in TransactionTrackerOperations.get_CM_parcels()
2019-01-21 11:31:46,359 INFO: NoSuchElementException in TransactionTrackerOperations.get_CM_parcels()
2019-01-21 11:31:50,556 INFO: NoSuchElementException in TransactionTrackerOperations.get_CM_parcels()
2019-01-21 11:31:54,852 INFO: NoSuchElementException in TransactionTrackerOperations.get_CM_parcels()
2019-01-21 11:31:59,081 INFO: NoSuchElementException in TransactionTrackerOperations.get_CM_parcels()
2019-01-21 11:32:02,566 INFO: NoSuchElementException in TransactionTrackerOperations.get_CM_parcels()
2019-01-21 11:32:08,672 INFO: Executing TransactionTrackerOperations.search_process_for_CMPDM() for: Performance Health|QUALITY LIFE SERVICES DSSI|810
2019-01-21 11:32:08,893 INFO: Executing TransactionTrackerOperations.select_customer()
2019-01-21 11:32:15,703 INFO: Executing TransactionTrackerOperations.select_customer()
2019-01-21 11:32:26,815 INFO: Executing TransactionTrackerOperations.get_CM_parcels()
2019-01-21 11:32:29,230 INFO: NoSuchElementException in TransactionTrackerOperations.get_CM_parcels()
2019-01-21 11:32:33,511 INFO: NoSuchElementException in TransactionTrackerOperations.get_CM_parcels()
2019-01-21 11:32:37,991 INFO: NoSuchElementException in TransactionTrackerOperations.get_CM_parcels()
2019-01-21 11:32:42,222 INFO: NoSuchElementException in TransactionTrackerOperations.get_CM_parcels()
2019-01-21 11:32:46,515 INFO: NoSuchElementException in TransactionTrackerOperations.get_CM_parcels()
2019-01-21 11:32:50,736 INFO: NoSuchElementException in TransactionTrackerOperations.get_CM_parcels()
2019-01-21 11:32:55,029 INFO: NoSuchElementException in TransactionTrackerOperations.get_CM_parcels()
2019-01-21 11:32:59,243 INFO: NoSuchElementException in TransactionTrackerOperations.get_CM_parcels()
2019-01-21 11:33:01,849 INFO: NoSuchElementException in TransactionTrackerOperations.get_CM_parcels()
2019-01-21 11:33:07,760 INFO: Executing TransactionTrackerOperations.search_process_for_CMPDM() for: Performance Health|Quest Healthcare Development DSSI|810
2019-01-21 11:33:07,977 INFO: Executing TransactionTrackerOperations.select_customer()
2019-01-21 11:33:14,813 INFO: Executing TransactionTrackerOperations.select_customer()
2019-01-21 11:33:26,135 INFO: Executing TransactionTrackerOperations.get_CM_parcels()
2019-01-21 11:33:31,791 INFO: Executing TransactionTrackerOperations.search_process_for_CMPDM() for: Performance Health|Regency Integrated Health Services DSSI|810
2019-01-21 11:33:31,980 INFO: Executing TransactionTrackerOperations.select_customer()
2019-01-21 11:33:38,776 INFO: Executing TransactionTrackerOperations.select_customer()
2019-01-21 11:33:50,453 INFO: Executing TransactionTrackerOperations.get_CM_parcels()
2019-01-21 11:33:56,693 INFO: Executing TransactionTrackerOperations.search_process_for_CMPDM() for: Performance Health|RENNES HEALTH DSSI|810
2019-01-21 11:33:56,710 INFO: Executing TransactionTrackerOperations.select_customer()
2019-01-21 11:34:03,491 INFO: Executing TransactionTrackerOperations.select_customer()
2019-01-21 11:34:14,673 INFO: Executing TransactionTrackerOperations.get_CM_parcels()
2019-01-21 11:34:17,221 INFO: NoSuchElementException in TransactionTrackerOperations.get_CM_parcels()
2019-01-21 11:34:21,554 INFO: NoSuchElementException in TransactionTrackerOperations.get_CM_parcels()
2019-01-21 11:34:25,774 INFO: NoSuchElementException in TransactionTrackerOperations.get_CM_parcels()
2019-01-21 11:34:30,044 INFO: NoSuchElementException in TransactionTrackerOperations.get_CM_parcels()
2019-01-21 11:34:34,300 INFO: NoSuchElementException in TransactionTrackerOperations.get_CM_parcels()
2019-01-21 11:34:38,569 INFO: NoSuchElementException in TransactionTrackerOperations.get_CM_parcels()
2019-01-21 11:34:41,861 INFO: NoSuchElementException in TransactionTrackerOperations.get_CM_parcels()
2019-01-21 11:34:47,910 INFO: Executing TransactionTrackerOperations.search_process_for_CMPDM() for: Performance Health|SABER HEALTHCARE DSSI|810
2019-01-21 11:34:48,135 INFO: Executing TransactionTrackerOperations.select_customer()
2019-01-21 11:34:55,009 INFO: Executing TransactionTrackerOperations.select_customer()
2019-01-21 11:35:06,244 INFO: Executing TransactionTrackerOperations.get_CM_parcels()
2019-01-21 11:35:12,462 INFO: Executing TransactionTrackerOperations.search_process_for_CMPDM() for: Performance Health|SPRENGER HEALTHCARE DSSI|810
2019-01-21 11:35:12,478 INFO: Executing TransactionTrackerOperations.select_customer()
2019-01-21 11:35:19,306 INFO: Executing TransactionTrackerOperations.select_customer()
2019-01-21 11:35:30,611 INFO: Executing TransactionTrackerOperations.get_CM_parcels()
2019-01-21 11:35:33,025 INFO: NoSuchElementException in TransactionTrackerOperations.get_CM_parcels()
2019-01-21 11:35:37,407 INFO: NoSuchElementException in TransactionTrackerOperations.get_CM_parcels()
2019-01-21 11:35:41,604 INFO: NoSuchElementException in TransactionTrackerOperations.get_CM_parcels()
2019-01-21 11:35:45,845 INFO: NoSuchElementException in TransactionTrackerOperations.get_CM_parcels()
2019-01-21 11:35:50,059 INFO: NoSuchElementException in TransactionTrackerOperations.get_CM_parcels()
2019-01-21 11:35:54,367 INFO: NoSuchElementException in TransactionTrackerOperations.get_CM_parcels()
2019-01-21 11:35:58,644 INFO: NoSuchElementException in TransactionTrackerOperations.get_CM_parcels()
2019-01-21 11:36:02,858 INFO: NoSuchElementException in TransactionTrackerOperations.get_CM_parcels()
2019-01-21 11:36:07,116 INFO: NoSuchElementException in TransactionTrackerOperations.get_CM_parcels()
2019-01-21 11:36:11,374 INFO: NoSuchElementException in TransactionTrackerOperations.get_CM_parcels()
2019-01-21 11:36:15,664 INFO: NoSuchElementException in TransactionTrackerOperations.get_CM_parcels()
2019-01-21 11:36:19,967 INFO: NoSuchElementException in TransactionTrackerOperations.get_CM_parcels()
2019-01-21 11:36:24,656 INFO: NoSuchElementException in TransactionTrackerOperations.get_CM_parcels()
2019-01-21 11:36:29,004 INFO: NoSuchElementException in TransactionTrackerOperations.get_CM_parcels()
2019-01-21 11:36:32,221 INFO: NoSuchElementException in TransactionTrackerOperations.get_CM_parcels()
2019-01-21 11:36:39,858 INFO: Executing TransactionTrackerOperations.search_process_for_CMPDM() for: Performance Health|SPRINGPOINT DSSI|810
2019-01-21 11:36:39,874 INFO: Executing TransactionTrackerOperations.select_customer()
2019-01-21 11:36:46,613 INFO: Executing TransactionTrackerOperations.select_customer()
2019-01-21 11:36:57,813 INFO: Executing TransactionTrackerOperations.get_CM_parcels()
2019-01-21 11:37:00,205 INFO: NoSuchElementException in TransactionTrackerOperations.get_CM_parcels()
2019-01-21 11:37:04,479 INFO: NoSuchElementException in TransactionTrackerOperations.get_CM_parcels()
2019-01-21 11:37:08,752 INFO: NoSuchElementException in TransactionTrackerOperations.get_CM_parcels()
2019-01-21 11:37:12,971 INFO: NoSuchElementException in TransactionTrackerOperations.get_CM_parcels()
2019-01-21 11:37:17,201 INFO: NoSuchElementException in TransactionTrackerOperations.get_CM_parcels()
2019-01-21 11:37:24,896 INFO: Executing TransactionTrackerOperations.search_process_for_CMPDM() for: Performance Health|STONERISE MEDICAL DSSI|810
2019-01-21 11:37:25,671 INFO: Executing TransactionTrackerOperations.select_customer()
2019-01-21 11:37:32,477 INFO: Executing TransactionTrackerOperations.select_customer()
2019-01-21 11:37:43,864 INFO: Executing TransactionTrackerOperations.get_CM_parcels()
2019-01-21 11:37:49,672 INFO: Executing TransactionTrackerOperations.search_process_for_CMPDM() for: Performance Health|TAMARAC ADMINISTRACTIVE SERVICES DSSI|810
2019-01-21 11:37:50,138 INFO: Executing TransactionTrackerOperations.select_customer()
2019-01-21 11:37:56,974 INFO: Executing TransactionTrackerOperations.select_customer()
2019-01-21 11:38:08,722 INFO: Executing TransactionTrackerOperations.get_CM_parcels()
2019-01-21 11:38:14,097 INFO: Executing TransactionTrackerOperations.search_process_for_CMPDM() for: Performance Health|TANDEM HEALTHCARE DSSI|810
2019-01-21 11:38:14,686 INFO: Executing TransactionTrackerOperations.select_customer()
2019-01-21 11:38:21,445 INFO: Executing TransactionTrackerOperations.select_customer()
2019-01-21 11:38:32,852 INFO: Executing TransactionTrackerOperations.get_CM_parcels()
2019-01-21 11:38:38,192 INFO: Executing TransactionTrackerOperations.search_process_for_CMPDM() for: Performance Health|TARA CARES LLC DSSI|810
2019-01-21 11:38:38,684 INFO: Executing TransactionTrackerOperations.select_customer()
2019-01-21 11:38:45,538 INFO: Executing TransactionTrackerOperations.select_customer()
2019-01-21 11:38:56,750 INFO: Executing TransactionTrackerOperations.get_CM_parcels()
2019-01-21 11:39:02,380 INFO: Executing TransactionTrackerOperations.search_process_for_CMPDM() for: Performance Health|TEALWOOD TWN DSSI|810
2019-01-21 11:39:02,733 INFO: Executing TransactionTrackerOperations.select_customer()
2019-01-21 11:39:09,585 INFO: Executing TransactionTrackerOperations.select_customer()
2019-01-21 11:39:20,894 INFO: Executing TransactionTrackerOperations.get_CM_parcels()
2019-01-21 11:39:26,145 INFO: Executing TransactionTrackerOperations.search_process_for_CMPDM() for: Performance Health|TRANS HEALTH CARE DSSI|810
2019-01-21 11:39:26,670 INFO: Executing TransactionTrackerOperations.select_customer()
2019-01-21 11:39:33,492 INFO: Executing TransactionTrackerOperations.select_customer()
2019-01-21 11:39:44,914 INFO: Executing TransactionTrackerOperations.get_CM_parcels()
2019-01-21 11:39:51,068 INFO: Executing TransactionTrackerOperations.search_process_for_CMPDM() for: Performance Health|UNITED MEDICAL DSSI|810
2019-01-21 11:39:51,090 INFO: Executing TransactionTrackerOperations.select_customer()
2019-01-21 11:39:57,911 INFO: Executing TransactionTrackerOperations.select_customer()
2019-01-21 11:40:09,134 INFO: Executing TransactionTrackerOperations.get_CM_parcels()
2019-01-21 11:40:15,260 INFO: Executing TransactionTrackerOperations.search_process_for_CMPDM() for: Performance Health|WILMAC DSSI|810
2019-01-21 11:40:15,276 INFO: Executing TransactionTrackerOperations.select_customer()
2019-01-21 11:40:22,072 INFO: Executing TransactionTrackerOperations.select_customer()
2019-01-21 11:40:33,086 INFO: Executing TransactionTrackerOperations.get_CM_parcels()
2019-01-21 11:40:35,497 INFO: NoSuchElementException in TransactionTrackerOperations.get_CM_parcels()
2019-01-21 11:40:39,802 INFO: NoSuchElementException in TransactionTrackerOperations.get_CM_parcels()
2019-01-21 11:40:44,122 INFO: NoSuchElementException in TransactionTrackerOperations.get_CM_parcels()
2019-01-21 11:40:48,339 INFO: NoSuchElementException in TransactionTrackerOperations.get_CM_parcels()
2019-01-21 11:40:52,639 INFO: NoSuchElementException in TransactionTrackerOperations.get_CM_parcels()
2019-01-21 11:40:55,373 INFO: NoSuchElementException in TransactionTrackerOperations.get_CM_parcels()
2019-01-21 11:41:02,143 INFO: Executing TransactionTrackerOperations.search_process_for_CMPDM() for: Performance Health|Senior Care Centers LLC|810
2019-01-21 11:41:02,487 INFO: Executing TransactionTrackerOperations.select_customer()
2019-01-21 11:41:09,296 INFO: Executing TransactionTrackerOperations.select_customer()
2019-01-21 11:41:20,381 INFO: Executing TransactionTrackerOperations.get_CM_parcels()
2019-01-21 11:41:25,966 INFO: completed CMProductionDataMonitoring.execute_main()
