2018-09-25 11:50:08,429 INFO: Executing Script Prodution Data Monitoring
2018-09-25 11:50:12,975 INFO: Login in to Launchpad
2018-09-25 11:50:13,294 INFO: Refreshing access_token
2018-09-25 11:54:21,574 INFO: Executing Script Prodution Data Monitoring
2018-09-25 11:54:24,028 INFO: Login in to Launchpad
2018-09-25 11:54:24,333 INFO: Refreshing access_token
2018-09-25 11:56:24,496 INFO: Executing Script Prodution Data Monitoring
2018-09-25 11:56:26,813 INFO: Login in to Launchpad
2018-09-25 11:56:27,027 INFO: Refreshing access_token
2018-09-25 12:18:54,828 INFO: Executing Script Prodution Data Monitoring
2018-09-25 12:18:58,330 INFO: Login in to Launchpad
2018-09-25 12:18:58,540 INFO: Refreshing access_token
2018-09-25 12:19:15,385 INFO: 
2018-09-25 12:19:23,238 INFO: 
2018-09-25 12:20:47,766 INFO: 
2018-09-25 13:45:53,639 INFO: Executing Script Prodution Data Monitoring
2018-09-25 13:45:57,130 INFO: Login in to Launchpad
2018-09-25 13:46:13,398 INFO: Refreshing access_token
2018-09-25 13:47:22,502 INFO: Executing Script Prodution Data Monitoring
2018-09-25 13:47:25,324 INFO: Login in to Launchpad
2018-09-25 13:47:39,804 INFO: Refreshing access_token
2018-09-25 13:47:42,809 INFO: 
2018-09-25 13:47:49,647 INFO: 
2018-09-25 13:48:13,284 INFO: 
2018-09-25 13:52:26,373 INFO: Executing Script Prodution Data Monitoring
2018-09-25 13:52:28,589 INFO: Login in to Launchpad
2018-09-25 13:52:42,450 INFO: Refreshing access_token
2018-09-25 13:52:45,785 INFO: 
2018-09-25 13:52:52,822 INFO: 
2018-09-25 13:53:16,720 INFO: 
2018-09-25 13:55:33,879 INFO: Executing Script Prodution Data Monitoring
2018-09-25 13:55:36,211 INFO: Login in to Launchpad
2018-09-25 13:55:51,733 INFO: Refreshing access_token
2018-09-25 13:55:54,882 INFO: 
2018-09-25 13:56:01,751 INFO: 
2018-09-25 13:56:30,888 INFO: 
2018-09-25 14:00:41,553 INFO: Executing Script Prodution Data Monitoring
2018-09-25 14:00:43,915 INFO: Login in to Launchpad
2018-09-25 14:00:59,886 INFO: Refreshing access_token
2018-09-25 14:01:03,282 INFO: In select customer method
2018-09-25 14:01:10,227 INFO: In select customer method
2018-09-25 14:01:36,750 INFO: Executing Script Prodution Data Monitoring
2018-09-25 14:01:39,584 INFO: Login in to Launchpad
2018-09-25 14:01:54,679 INFO: Refreshing access_token
2018-09-25 14:01:57,627 INFO: In select customer method
2018-09-25 14:02:04,476 INFO: In select customer method
2018-09-25 14:10:09,378 INFO: Executing Script Prodution Data Monitoring
2018-09-25 14:10:13,152 INFO: Login in to Launchpad
2018-09-25 14:10:33,292 INFO: Refreshing access_token
2018-09-25 14:10:36,125 INFO: In selec
2018-09-25 14:10:42,882 INFO: In selec
2018-09-25 14:11:57,934 INFO: Executing Script Prodution Data Monitoring
2018-09-25 14:12:00,346 INFO: Login in to Launchpad
2018-09-25 14:12:19,422 INFO: Refreshing access_token
2018-09-25 14:12:21,983 INFO: In selec
2018-09-25 14:13:00,531 INFO: Executing Script Prodution Data Monitoring
2018-09-25 14:13:02,911 INFO: Login in to Launchpad
2018-09-25 14:13:24,381 INFO: Refreshing access_token
2018-09-25 14:13:32,103 INFO: In selec
2018-09-25 14:13:38,887 INFO: In selec
2018-09-25 14:14:12,628 INFO: In selec
2018-09-25 14:17:29,091 INFO: Executing Script Prodution Data Monitoring
2018-09-25 14:17:31,977 INFO: Login in to Launchpad
2018-09-25 14:17:50,409 INFO: Refreshing access_token
2018-09-25 14:17:53,969 INFO: In selec
2018-09-25 14:18:30,066 INFO: Executing Script Prodution Data Monitoring
2018-09-25 14:18:32,857 INFO: Login in to Launchpad
2018-09-25 14:18:52,604 INFO: Refreshing access_token
2018-09-25 14:18:56,168 INFO: In selec
2018-09-25 14:19:29,032 INFO: Executing Script Prodution Data Monitoring
2018-09-25 14:19:32,183 INFO: Login in to Launchpad
2018-09-25 14:19:51,599 INFO: Refreshing access_token
2018-09-25 14:19:54,862 INFO: In selec
2018-09-25 14:21:16,234 INFO: Executing Script Prodution Data Monitoring
2018-09-25 14:21:19,184 INFO: Login in to Launchpad
2018-09-25 14:21:39,251 INFO: Refreshing access_token
2018-09-25 14:21:42,275 INFO: In selec
2018-09-25 14:22:03,199 INFO: Executing Script Prodution Data Monitoring
2018-09-25 14:22:05,429 INFO: Login in to Launchpad
2018-09-25 14:22:22,905 INFO: Refreshing access_token
2018-09-25 14:22:25,950 INFO: In selec
2018-09-25 14:22:46,579 INFO: Executing Script Prodution Data Monitoring
2018-09-25 14:22:48,886 INFO: Login in to Launchpad
2018-09-25 14:23:04,429 INFO: Refreshing access_token
2018-09-25 14:23:13,008 INFO: In selec
2018-09-25 14:23:19,834 INFO: In selec
2018-09-25 14:23:48,761 INFO: In selec
2018-09-25 14:23:55,985 INFO: In selec
2018-09-25 14:26:44,170 INFO: Executing Script Prodution Data Monitoring
2018-09-25 14:26:46,483 INFO: Login in to Launchpad
2018-09-25 14:27:02,988 INFO: Refreshing access_token
2018-09-25 14:27:11,348 INFO: In selec
2018-09-25 14:27:20,166 INFO: In selec
2018-09-25 14:27:49,363 INFO: In selec
2018-09-25 14:27:58,232 INFO: In selec
2018-09-25 14:36:39,802 INFO: Executing Script Prodution Data Monitoring
2018-09-25 14:36:43,927 INFO: Login in to Launchpad
2018-09-25 14:37:03,109 INFO: Refreshing access_token
2018-09-25 14:37:12,630 INFO: In selec
2018-09-25 14:37:21,489 INFO: In selec
2018-09-25 14:37:52,222 INFO: In selec
2018-09-25 14:39:30,275 INFO: Executing Script Prodution Data Monitoring
2018-09-25 14:39:32,979 INFO: Login in to Launchpad
2018-09-25 14:39:47,995 INFO: Refreshing access_token
2018-09-25 14:39:52,626 INFO: In selec
2018-09-25 14:40:01,460 INFO: In selec
2018-09-25 14:52:34,994 INFO: Executing Script Prodution Data Monitoring
2018-09-25 14:52:38,152 INFO: Login in to Launchpad
2018-09-25 14:52:55,898 INFO: Refreshing access_token
2018-09-25 14:53:06,464 INFO: In selec
2018-09-25 14:53:15,285 INFO: In selec
2018-09-25 14:53:45,566 INFO: In selec
2018-09-25 14:53:54,376 INFO: In selec
2018-09-25 14:54:24,582 INFO: In selec
2018-09-25 14:54:33,400 INFO: In selec
2018-09-25 14:56:42,760 INFO: Executing Script Prodution Data Monitoring
2018-09-25 14:56:55,701 INFO: Login in to Launchpad
2018-09-25 14:57:13,666 INFO: Refreshing access_token
2018-09-25 14:57:17,039 INFO: In selec
2018-09-25 14:57:25,849 INFO: In selec
2018-09-25 14:57:56,306 INFO: In selec
2018-09-25 14:58:05,198 INFO: In selec
2018-09-25 14:58:35,413 INFO: In selec
2018-09-25 14:58:44,255 INFO: In selec
2018-09-25 14:59:14,368 INFO: In selec
2018-09-25 14:59:23,349 INFO: In selec
2018-09-25 14:59:54,358 INFO: In selec
2018-09-25 15:00:03,138 INFO: In selec
2018-09-25 15:00:33,076 INFO: In selec
2018-09-25 15:00:41,926 INFO: In selec
2018-09-25 15:01:12,001 INFO: In selec
2018-09-25 15:01:20,811 INFO: In selec
2018-09-25 15:01:51,944 INFO: In selec
2018-09-25 15:02:00,754 INFO: In selec
2018-09-25 15:05:10,286 INFO: Executing Script Prodution Data Monitoring
2018-09-25 15:05:13,628 INFO: Login in to Launchpad
2018-09-25 15:05:29,344 INFO: Refreshing access_token
2018-09-25 15:05:32,719 INFO: In selec
2018-09-25 15:05:41,550 INFO: In selec
2018-09-25 15:07:28,585 INFO: Executing Script Prodution Data Monitoring
2018-09-25 15:07:30,927 INFO: Login in to Launchpad
2018-09-25 15:07:48,554 INFO: Refreshing access_token
2018-09-25 15:07:52,253 INFO: In selec
2018-09-25 15:13:14,909 INFO: Executing Script Prodution Data Monitoring
2018-09-25 15:13:17,304 INFO: Login in to Launchpad
2018-09-25 15:13:32,592 INFO: Refreshing access_token
2018-09-25 15:13:36,253 INFO: In select_customer 
2018-09-25 15:13:43,054 INFO: In select_customer 
2018-09-25 15:14:12,508 INFO: In select_customer 
2018-09-25 15:14:19,518 INFO: In select_customer 
2018-09-25 15:14:49,413 INFO: In select_customer 
2018-09-25 15:14:56,147 INFO: In select_customer 
2018-09-25 15:15:25,842 INFO: In select_customer 
2018-09-25 15:15:32,665 INFO: In select_customer 
2018-09-25 15:16:03,485 INFO: In select_customer 
2018-09-25 15:16:10,319 INFO: In select_customer 
2018-09-25 15:16:39,964 INFO: In select_customer 
2018-09-25 15:16:46,813 INFO: In select_customer 
2018-09-25 15:17:16,118 INFO: In select_customer 
2018-09-25 15:17:22,867 INFO: In select_customer 
2018-09-25 15:17:53,710 INFO: In select_customer 
2018-09-25 15:18:00,505 INFO: In select_customer 
2018-09-25 15:18:30,303 INFO: In select_customer 
2018-09-25 15:18:37,082 INFO: In select_customer 
2018-09-25 15:41:37,830 INFO: Executing Script Prodution Data Monitoring
2018-09-25 15:41:40,891 INFO: Login in to Launchpad
2018-09-25 15:41:55,929 INFO: Refreshing access_token
2018-09-25 15:41:59,763 INFO: In select_customer 
2018-09-25 15:42:06,604 INFO: In select_customer 
2018-09-25 15:42:35,498 INFO: In select_customer 
2018-09-25 15:42:42,310 INFO: In select_customer 
2018-09-25 15:43:11,303 INFO: In select_customer 
2018-09-25 15:43:18,144 INFO: In select_customer 
2018-09-25 15:43:47,082 INFO: In select_customer 
2018-09-25 15:43:53,919 INFO: In select_customer 
2018-09-25 15:44:22,619 INFO: In select_customer 
2018-09-25 15:44:29,395 INFO: In select_customer 
2018-09-25 16:16:35,695 INFO: Executing Script Prodution Data Monitoring
2018-09-25 16:16:39,100 INFO: Login in to Launchpad
2018-09-25 16:16:57,290 INFO: Refreshing access_token
2018-09-25 16:17:00,939 INFO: Executing method 'search_process' from TransactionTrackerOperations
2018-09-25 16:17:00,958 INFO: Executing method 'select_customer' from TransactionTrackerOperations
2018-09-25 16:17:07,789 INFO: Executing method 'select_customer' from TransactionTrackerOperations
2018-09-25 16:17:29,465 INFO: Executing method 'get_parcel' from TransactionTrackerOperations
2018-09-25 16:18:20,817 INFO: Executing Script Prodution Data Monitoring
2018-09-25 16:18:23,099 INFO: Login in to Launchpad
2018-09-25 16:18:45,729 INFO: Refreshing access_token
2018-09-25 16:18:49,064 INFO: Executing method 'search_process' from TransactionTrackerOperations
2018-09-25 16:18:49,083 INFO: Executing method 'select_customer' from TransactionTrackerOperations
2018-09-25 16:18:55,880 INFO: Executing method 'select_customer' from TransactionTrackerOperations
2018-09-25 16:19:17,381 INFO: Executing method 'get_parcel' from TransactionTrackerOperations
2018-09-25 16:19:25,013 INFO: Executing method 'search_process' from TransactionTrackerOperations
2018-09-25 16:19:25,032 INFO: Executing method 'select_customer' from TransactionTrackerOperations
2018-09-25 16:19:31,902 INFO: Executing method 'select_customer' from TransactionTrackerOperations
2018-09-25 16:19:53,664 INFO: Executing method 'get_parcel' from TransactionTrackerOperations
2018-09-25 16:20:00,639 INFO: Executing method 'search_process' from TransactionTrackerOperations
2018-09-25 16:20:00,660 INFO: Executing method 'select_customer' from TransactionTrackerOperations
2018-09-25 16:20:07,403 INFO: Executing method 'select_customer' from TransactionTrackerOperations
2018-09-25 16:20:29,120 INFO: Executing method 'get_parcel' from TransactionTrackerOperations
2018-09-25 16:20:36,317 INFO: Executing method 'search_process' from TransactionTrackerOperations
2018-09-25 16:20:36,356 INFO: Executing method 'select_customer' from TransactionTrackerOperations
2018-09-25 16:20:43,181 INFO: Executing method 'select_customer' from TransactionTrackerOperations
2018-09-25 16:21:04,723 INFO: Executing method 'get_parcel' from TransactionTrackerOperations
2018-09-25 16:21:11,885 INFO: Executing method 'search_process' from TransactionTrackerOperations
2018-09-25 16:21:11,924 INFO: Executing method 'select_customer' from TransactionTrackerOperations
2018-09-25 16:21:18,755 INFO: Executing method 'select_customer' from TransactionTrackerOperations
2018-09-25 16:21:40,406 INFO: Executing method 'get_parcel' from TransactionTrackerOperations
2018-09-25 16:21:48,488 INFO: Executing method 'search_process' from TransactionTrackerOperations
2018-09-25 16:21:48,524 INFO: Executing method 'select_customer' from TransactionTrackerOperations
2018-09-25 16:21:55,280 INFO: Executing method 'select_customer' from TransactionTrackerOperations
2018-09-25 16:33:01,098 INFO: Executing Script Prodution Data Monitoring
2018-09-25 16:33:06,141 INFO: Login in to Launchpad
2018-09-25 16:33:22,322 INFO: Refreshing access_token
2018-09-25 16:33:26,441 INFO: Executing method 'search_process' from TransactionTrackerOperations
2018-09-25 16:33:26,456 INFO: Executing method 'select_customer' from TransactionTrackerOperations
2018-09-25 16:33:33,250 INFO: Executing method 'select_customer' from TransactionTrackerOperations
2018-09-25 16:33:54,871 INFO: Executing method 'get_parcel' from TransactionTrackerOperations
2018-09-25 16:34:02,435 INFO: Executing method 'search_process' from TransactionTrackerOperations
2018-09-25 16:34:02,472 INFO: Executing method 'select_customer' from TransactionTrackerOperations
2018-09-25 16:34:09,374 INFO: Executing method 'select_customer' from TransactionTrackerOperations
2018-09-25 16:34:31,077 INFO: Executing method 'get_parcel' from TransactionTrackerOperations
2018-09-25 16:34:38,064 INFO: Executing method 'search_process' from TransactionTrackerOperations
2018-09-25 16:34:38,094 INFO: Executing method 'select_customer' from TransactionTrackerOperations
2018-09-25 16:34:44,972 INFO: Executing method 'select_customer' from TransactionTrackerOperations
2018-09-25 16:35:06,868 INFO: Executing method 'get_parcel' from TransactionTrackerOperations
2018-09-25 16:35:14,109 INFO: Executing method 'search_process' from TransactionTrackerOperations
2018-09-25 16:35:14,148 INFO: Executing method 'select_customer' from TransactionTrackerOperations
2018-09-25 16:35:20,928 INFO: Executing method 'select_customer' from TransactionTrackerOperations
2018-09-25 16:35:42,497 INFO: Executing method 'get_parcel' from TransactionTrackerOperations
2018-09-25 16:35:49,622 INFO: Executing method 'search_process' from TransactionTrackerOperations
2018-09-25 16:35:49,659 INFO: Executing method 'select_customer' from TransactionTrackerOperations
2018-09-25 16:35:56,436 INFO: Executing method 'select_customer' from TransactionTrackerOperations
2018-09-25 16:36:18,171 INFO: Executing method 'get_parcel' from TransactionTrackerOperations
2018-09-25 16:36:26,333 INFO: Executing method 'search_process' from TransactionTrackerOperations
2018-09-25 16:36:26,374 INFO: Executing method 'select_customer' from TransactionTrackerOperations
2018-09-25 16:36:33,231 INFO: Executing method 'select_customer' from TransactionTrackerOperations
2018-09-25 16:36:55,248 INFO: Executing method 'get_parcel' from TransactionTrackerOperations
2018-09-25 16:37:02,279 INFO: Executing method 'search_process' from TransactionTrackerOperations
2018-09-25 16:37:02,316 INFO: Executing method 'select_customer' from TransactionTrackerOperations
2018-09-25 16:37:09,098 INFO: Executing method 'select_customer' from TransactionTrackerOperations
2018-09-25 16:37:30,709 INFO: Executing method 'get_parcel' from TransactionTrackerOperations
2018-09-25 16:37:38,770 INFO: Executing method 'search_process' from TransactionTrackerOperations
2018-09-25 16:37:38,804 INFO: Executing method 'select_customer' from TransactionTrackerOperations
2018-09-25 16:37:45,509 INFO: Executing method 'select_customer' from TransactionTrackerOperations
2018-09-25 16:38:07,484 INFO: Executing method 'get_parcel' from TransactionTrackerOperations
2018-09-25 16:38:14,449 INFO: Executing method 'search_process' from TransactionTrackerOperations
2018-09-25 16:38:14,487 INFO: Executing method 'select_customer' from TransactionTrackerOperations
2018-09-25 16:38:21,477 INFO: Executing method 'select_customer' from TransactionTrackerOperations
2018-09-25 16:38:43,213 INFO: Executing method 'get_parcel' from TransactionTrackerOperations
2018-09-25 16:38:50,147 INFO: Executing method 'search_process' from TransactionTrackerOperations
2018-09-25 16:38:50,185 INFO: Executing method 'select_customer' from TransactionTrackerOperations
2018-09-25 16:38:56,966 INFO: Executing method 'select_customer' from TransactionTrackerOperations
2018-09-25 16:39:18,713 INFO: Executing method 'get_parcel' from TransactionTrackerOperations
2018-09-25 16:39:26,115 INFO: Executing method 'search_process' from TransactionTrackerOperations
2018-09-25 16:39:26,152 INFO: Executing method 'select_customer' from TransactionTrackerOperations
2018-09-25 16:39:32,975 INFO: Executing method 'select_customer' from TransactionTrackerOperations
2018-09-25 16:39:55,212 INFO: Executing method 'get_parcel' from TransactionTrackerOperations
2018-09-25 16:40:04,354 INFO: Executing method 'search_process' from TransactionTrackerOperations
2018-09-25 16:40:04,368 INFO: Executing method 'select_customer' from TransactionTrackerOperations
2018-09-25 16:40:11,120 INFO: Executing method 'select_customer' from TransactionTrackerOperations
2018-09-25 16:40:33,141 INFO: Executing method 'get_parcel' from TransactionTrackerOperations
2018-09-25 16:40:40,198 INFO: Executing method 'search_process' from TransactionTrackerOperations
2018-09-25 16:40:40,228 INFO: Executing method 'select_customer' from TransactionTrackerOperations
2018-09-25 16:40:46,981 INFO: Executing method 'select_customer' from TransactionTrackerOperations
2018-09-25 16:41:08,558 INFO: Executing method 'get_parcel' from TransactionTrackerOperations
2018-09-25 16:41:32,811 INFO: Executing method 'search_process' from TransactionTrackerOperations
2018-09-25 16:41:32,851 INFO: Executing method 'select_customer' from TransactionTrackerOperations
2018-09-25 16:41:39,659 INFO: Executing method 'select_customer' from TransactionTrackerOperations
2018-09-25 16:53:20,371 INFO: Executing Script Prodution Data Monitoring
2018-09-25 16:53:24,436 INFO: Login in to Launchpad
2018-09-25 16:53:40,928 INFO: Refreshing access_token
2018-09-25 16:53:45,118 INFO: Executing method 'search_process' from TransactionTrackerOperations
2018-09-25 16:53:45,130 INFO: Executing method 'select_customer' from TransactionTrackerOperations
2018-09-25 16:53:51,944 INFO: Executing method 'select_customer' from TransactionTrackerOperations
2018-09-25 16:54:13,898 INFO: Executing method 'get_parcel' from TransactionTrackerOperations
2018-09-25 16:54:21,402 INFO: Executing method 'search_process' from TransactionTrackerOperations
2018-09-25 16:54:21,419 INFO: Executing method 'select_customer' from TransactionTrackerOperations
2018-09-25 16:54:28,223 INFO: Executing method 'select_customer' from TransactionTrackerOperations
2018-09-25 16:54:50,168 INFO: Executing method 'get_parcel' from TransactionTrackerOperations
2018-09-25 16:54:57,070 INFO: Executing method 'search_process' from TransactionTrackerOperations
2018-09-25 16:54:57,090 INFO: Executing method 'select_customer' from TransactionTrackerOperations
2018-09-25 16:55:03,893 INFO: Executing method 'select_customer' from TransactionTrackerOperations
2018-09-25 16:55:25,650 INFO: Executing method 'get_parcel' from TransactionTrackerOperations
2018-09-25 16:55:33,257 INFO: Executing method 'search_process' from TransactionTrackerOperations
2018-09-25 16:55:33,295 INFO: Executing method 'select_customer' from TransactionTrackerOperations
2018-09-25 16:55:40,243 INFO: Executing method 'select_customer' from TransactionTrackerOperations
2018-09-25 16:56:02,072 INFO: Executing method 'get_parcel' from TransactionTrackerOperations
2018-09-25 16:56:09,332 INFO: Executing method 'search_process' from TransactionTrackerOperations
2018-09-25 16:56:09,369 INFO: Executing method 'select_customer' from TransactionTrackerOperations
2018-09-25 16:56:16,242 INFO: Executing method 'select_customer' from TransactionTrackerOperations
2018-09-25 16:56:38,042 INFO: Executing method 'get_parcel' from TransactionTrackerOperations
2018-09-25 16:56:46,216 INFO: Executing method 'search_process' from TransactionTrackerOperations
2018-09-25 16:56:46,241 INFO: Executing method 'select_customer' from TransactionTrackerOperations
2018-09-25 16:56:53,052 INFO: Executing method 'select_customer' from TransactionTrackerOperations
2018-09-25 16:57:15,000 INFO: Executing method 'get_parcel' from TransactionTrackerOperations
2018-09-25 16:57:21,938 INFO: Executing method 'search_process' from TransactionTrackerOperations
2018-09-25 16:57:21,974 INFO: Executing method 'select_customer' from TransactionTrackerOperations
2018-09-25 16:57:28,855 INFO: Executing method 'select_customer' from TransactionTrackerOperations
2018-09-25 16:57:50,513 INFO: Executing method 'get_parcel' from TransactionTrackerOperations
2018-09-25 16:57:58,653 INFO: Executing method 'search_process' from TransactionTrackerOperations
2018-09-25 16:57:58,677 INFO: Executing method 'select_customer' from TransactionTrackerOperations
2018-09-25 16:58:05,496 INFO: Executing method 'select_customer' from TransactionTrackerOperations
2018-09-25 16:58:27,799 INFO: Executing method 'get_parcel' from TransactionTrackerOperations
2018-09-25 16:58:34,732 INFO: Executing method 'search_process' from TransactionTrackerOperations
2018-09-25 16:58:34,745 INFO: Executing method 'select_customer' from TransactionTrackerOperations
2018-09-25 16:58:41,560 INFO: Executing method 'select_customer' from TransactionTrackerOperations
2018-09-25 16:59:03,271 INFO: Executing method 'get_parcel' from TransactionTrackerOperations
2018-09-25 16:59:10,015 INFO: Executing method 'search_process' from TransactionTrackerOperations
2018-09-25 16:59:10,052 INFO: Executing method 'select_customer' from TransactionTrackerOperations
2018-09-25 16:59:16,885 INFO: Executing method 'select_customer' from TransactionTrackerOperations
2018-09-25 16:59:38,709 INFO: Executing method 'get_parcel' from TransactionTrackerOperations
2018-09-25 16:59:46,106 INFO: Executing method 'search_process' from TransactionTrackerOperations
2018-09-25 16:59:46,142 INFO: Executing method 'select_customer' from TransactionTrackerOperations
2018-09-25 16:59:53,137 INFO: Executing method 'select_customer' from TransactionTrackerOperations
2018-09-25 17:00:14,953 INFO: Executing method 'get_parcel' from TransactionTrackerOperations
2018-09-25 17:00:23,008 INFO: Executing method 'search_process' from TransactionTrackerOperations
2018-09-25 17:00:23,037 INFO: Executing method 'select_customer' from TransactionTrackerOperations
2018-09-25 17:00:29,790 INFO: Executing method 'select_customer' from TransactionTrackerOperations
2018-09-25 17:00:51,777 INFO: Executing method 'get_parcel' from TransactionTrackerOperations
2018-09-25 17:00:58,713 INFO: Executing method 'search_process' from TransactionTrackerOperations
2018-09-25 17:00:58,750 INFO: Executing method 'select_customer' from TransactionTrackerOperations
2018-09-25 17:01:05,595 INFO: Executing method 'select_customer' from TransactionTrackerOperations
2018-09-25 17:01:27,371 INFO: Executing method 'get_parcel' from TransactionTrackerOperations
2018-09-25 17:01:33,778 INFO: Executing method 'search_process' from TransactionTrackerOperations
2018-09-25 17:01:33,816 INFO: Executing method 'select_customer' from TransactionTrackerOperations
2018-09-25 17:01:40,626 INFO: Executing method 'select_customer' from TransactionTrackerOperations
2018-09-25 17:02:02,179 INFO: Executing method 'get_parcel' from TransactionTrackerOperations
2018-09-25 17:02:10,077 INFO: Executing method 'search_process' from TransactionTrackerOperations
2018-09-25 17:02:10,102 INFO: Executing method 'select_customer' from TransactionTrackerOperations
2018-09-25 17:02:16,887 INFO: Executing method 'select_customer' from TransactionTrackerOperations
2018-09-25 17:02:38,914 INFO: Executing method 'get_parcel' from TransactionTrackerOperations
2018-09-25 17:02:45,865 INFO: Executing method 'search_process' from TransactionTrackerOperations
2018-09-25 17:02:45,879 INFO: Executing method 'select_customer' from TransactionTrackerOperations
2018-09-25 17:02:52,709 INFO: Executing method 'select_customer' from TransactionTrackerOperations
2018-09-25 17:03:14,682 INFO: Executing method 'get_parcel' from TransactionTrackerOperations
2018-09-25 17:03:22,267 INFO: Executing method 'search_process' from TransactionTrackerOperations
2018-09-25 17:03:22,305 INFO: Executing method 'select_customer' from TransactionTrackerOperations
2018-09-25 17:03:29,137 INFO: Executing method 'select_customer' from TransactionTrackerOperations
2018-09-25 17:03:51,123 INFO: Executing method 'get_parcel' from TransactionTrackerOperations
2018-09-25 17:03:58,004 INFO: Executing method 'search_process' from TransactionTrackerOperations
2018-09-25 17:03:58,040 INFO: Executing method 'select_customer' from TransactionTrackerOperations
2018-09-25 17:04:04,822 INFO: Executing method 'select_customer' from TransactionTrackerOperations
2018-09-25 17:04:27,161 INFO: Executing method 'get_parcel' from TransactionTrackerOperations
2018-09-25 17:04:34,081 INFO: Executing method 'search_process' from TransactionTrackerOperations
2018-09-25 17:04:34,113 INFO: Executing method 'select_customer' from TransactionTrackerOperations
2018-09-25 17:04:40,871 INFO: Executing method 'select_customer' from TransactionTrackerOperations
2018-09-25 17:05:02,197 INFO: Executing method 'get_parcel' from TransactionTrackerOperations
2018-09-25 17:05:09,450 INFO: Executing method 'search_process' from TransactionTrackerOperations
2018-09-25 17:05:09,484 INFO: Executing method 'select_customer' from TransactionTrackerOperations
2018-09-25 17:05:16,193 INFO: Executing method 'select_customer' from TransactionTrackerOperations
2018-09-25 17:05:37,763 INFO: Executing method 'get_parcel' from TransactionTrackerOperations
2018-09-25 17:05:46,034 INFO: Executing method 'search_process' from TransactionTrackerOperations
2018-09-25 17:05:46,072 INFO: Executing method 'select_customer' from TransactionTrackerOperations
2018-09-25 17:05:52,982 INFO: Executing method 'select_customer' from TransactionTrackerOperations
2018-09-25 17:06:15,018 INFO: Executing method 'get_parcel' from TransactionTrackerOperations
2018-09-25 17:06:21,931 INFO: Executing method 'search_process' from TransactionTrackerOperations
2018-09-25 17:06:21,969 INFO: Executing method 'select_customer' from TransactionTrackerOperations
2018-09-25 17:06:28,791 INFO: Executing method 'select_customer' from TransactionTrackerOperations
2018-09-25 17:06:50,606 INFO: Executing method 'get_parcel' from TransactionTrackerOperations
2018-09-25 17:06:57,688 INFO: Executing method 'search_process' from TransactionTrackerOperations
2018-09-25 17:06:57,725 INFO: Executing method 'select_customer' from TransactionTrackerOperations
2018-09-25 17:07:04,587 INFO: Executing method 'select_customer' from TransactionTrackerOperations
2018-09-25 17:07:26,371 INFO: Executing method 'get_parcel' from TransactionTrackerOperations
2018-09-25 17:07:33,978 INFO: Executing method 'search_process' from TransactionTrackerOperations
2018-09-25 17:07:34,016 INFO: Executing method 'select_customer' from TransactionTrackerOperations
2018-09-25 17:07:40,790 INFO: Executing method 'select_customer' from TransactionTrackerOperations
2018-09-25 17:08:02,302 INFO: Executing method 'get_parcel' from TransactionTrackerOperations
2018-09-25 17:08:09,240 INFO: Executing method 'search_process' from TransactionTrackerOperations
2018-09-25 17:08:09,277 INFO: Executing method 'select_customer' from TransactionTrackerOperations
2018-09-25 17:08:16,083 INFO: Executing method 'select_customer' from TransactionTrackerOperations
2018-09-25 17:08:37,722 INFO: Executing method 'get_parcel' from TransactionTrackerOperations
2018-09-25 17:08:44,976 INFO: Executing method 'search_process' from TransactionTrackerOperations
2018-09-25 17:08:45,014 INFO: Executing method 'select_customer' from TransactionTrackerOperations
2018-09-25 17:08:51,820 INFO: Executing method 'select_customer' from TransactionTrackerOperations
2018-09-25 17:09:13,270 INFO: Executing method 'get_parcel' from TransactionTrackerOperations
2018-09-25 17:09:21,161 INFO: Executing method 'search_process' from TransactionTrackerOperations
2018-09-25 17:09:21,192 INFO: Executing method 'select_customer' from TransactionTrackerOperations
2018-09-25 17:09:28,167 INFO: Executing method 'select_customer' from TransactionTrackerOperations
2018-09-25 17:09:49,908 INFO: Executing method 'get_parcel' from TransactionTrackerOperations
2018-09-25 17:09:56,916 INFO: Executing method 'search_process' from TransactionTrackerOperations
2018-09-25 17:09:56,954 INFO: Executing method 'select_customer' from TransactionTrackerOperations
2018-09-25 17:10:03,738 INFO: Executing method 'select_customer' from TransactionTrackerOperations
2018-09-25 17:10:25,258 INFO: Executing method 'get_parcel' from TransactionTrackerOperations
2018-09-25 17:10:33,259 INFO: Executing method 'search_process' from TransactionTrackerOperations
2018-09-25 17:10:33,276 INFO: Executing method 'select_customer' from TransactionTrackerOperations
2018-09-25 17:10:40,027 INFO: Executing method 'select_customer' from TransactionTrackerOperations
2018-09-25 17:11:01,687 INFO: Executing method 'get_parcel' from TransactionTrackerOperations
2018-09-25 17:55:33,643 INFO: Executing Script Prodution Data Monitoring
2018-09-25 17:55:38,391 INFO: Login in to Launchpad
2018-09-25 17:56:06,230 INFO: Refreshing access_token
2018-09-25 17:56:09,875 INFO: Executing method 'search_process' from TransactionTrackerOperations
2018-09-25 17:56:11,705 INFO: Executing method 'select_customer' from TransactionTrackerOperations
2018-09-25 17:56:18,676 INFO: Executing method 'select_customer' from TransactionTrackerOperations
2018-09-25 17:56:40,410 INFO: Executing method 'get_parcel' from TransactionTrackerOperations
2018-09-25 17:56:47,640 INFO: Executing method 'search_process' from TransactionTrackerOperations
2018-09-25 17:56:47,677 INFO: Executing method 'select_customer' from TransactionTrackerOperations
2018-09-25 17:56:54,641 INFO: Executing method 'select_customer' from TransactionTrackerOperations
2018-09-25 17:57:16,500 INFO: Executing method 'get_parcel' from TransactionTrackerOperations
2018-09-25 17:57:23,844 INFO: Executing method 'search_process' from TransactionTrackerOperations
2018-09-25 17:57:23,860 INFO: Executing method 'select_customer' from TransactionTrackerOperations
2018-09-25 17:57:30,740 INFO: Executing method 'select_customer' from TransactionTrackerOperations
2018-09-25 17:57:52,200 INFO: Executing method 'get_parcel' from TransactionTrackerOperations
2018-09-25 17:57:59,456 INFO: Executing method 'search_process' from TransactionTrackerOperations
2018-09-25 17:57:59,488 INFO: Executing method 'select_customer' from TransactionTrackerOperations
2018-09-25 17:58:06,216 INFO: Executing method 'select_customer' from TransactionTrackerOperations
2018-09-25 17:58:28,244 INFO: Executing method 'get_parcel' from TransactionTrackerOperations
2018-09-25 17:58:35,212 INFO: Executing method 'search_process' from TransactionTrackerOperations
2018-09-25 17:58:35,226 INFO: Executing method 'select_customer' from TransactionTrackerOperations
2018-09-25 17:58:42,021 INFO: Executing method 'select_customer' from TransactionTrackerOperations
2018-09-25 17:59:04,305 INFO: Executing method 'get_parcel' from TransactionTrackerOperations
2018-09-25 17:59:11,209 INFO: Executing method 'search_process' from TransactionTrackerOperations
2018-09-25 17:59:11,247 INFO: Executing method 'select_customer' from TransactionTrackerOperations
2018-09-25 17:59:18,042 INFO: Executing method 'select_customer' from TransactionTrackerOperations
2018-09-25 17:59:39,933 INFO: Executing method 'get_parcel' from TransactionTrackerOperations
2018-09-25 17:59:47,035 INFO: Executing method 'search_process' from TransactionTrackerOperations
2018-09-25 17:59:47,065 INFO: Executing method 'select_customer' from TransactionTrackerOperations
2018-09-25 17:59:53,853 INFO: Executing method 'select_customer' from TransactionTrackerOperations
2018-09-25 18:00:15,513 INFO: Executing method 'get_parcel' from TransactionTrackerOperations
2018-09-25 18:00:22,802 INFO: Executing method 'search_process' from TransactionTrackerOperations
2018-09-25 18:00:22,815 INFO: Executing method 'select_customer' from TransactionTrackerOperations
2018-09-25 18:00:29,568 INFO: Executing method 'select_customer' from TransactionTrackerOperations
2018-09-25 18:00:51,316 INFO: Executing method 'get_parcel' from TransactionTrackerOperations
2018-09-25 18:00:58,044 INFO: Executing method 'search_process' from TransactionTrackerOperations
2018-09-25 18:00:58,081 INFO: Executing method 'select_customer' from TransactionTrackerOperations
2018-09-25 18:01:04,872 INFO: Executing method 'select_customer' from TransactionTrackerOperations
2018-09-25 18:01:26,398 INFO: Executing method 'get_parcel' from TransactionTrackerOperations
2018-09-25 18:01:33,563 INFO: Executing method 'search_process' from TransactionTrackerOperations
2018-09-25 18:01:33,600 INFO: Executing method 'select_customer' from TransactionTrackerOperations
2018-09-25 18:01:40,444 INFO: Executing method 'select_customer' from TransactionTrackerOperations
2018-09-25 18:02:02,360 INFO: Executing method 'get_parcel' from TransactionTrackerOperations
2018-09-25 18:02:09,279 INFO: Executing method 'search_process' from TransactionTrackerOperations
2018-09-25 18:02:09,316 INFO: Executing method 'select_customer' from TransactionTrackerOperations
2018-09-25 18:02:16,179 INFO: Executing method 'select_customer' from TransactionTrackerOperations
2018-09-25 18:02:38,025 INFO: Executing method 'get_parcel' from TransactionTrackerOperations
2018-09-25 18:02:45,021 INFO: Executing method 'search_process' from TransactionTrackerOperations
2018-09-25 18:02:45,056 INFO: Executing method 'select_customer' from TransactionTrackerOperations
2018-09-25 18:02:51,907 INFO: Executing method 'select_customer' from TransactionTrackerOperations
2018-09-25 18:03:13,967 INFO: Executing method 'get_parcel' from TransactionTrackerOperations
2018-09-25 18:03:20,875 INFO: Executing method 'search_process' from TransactionTrackerOperations
2018-09-25 18:03:20,915 INFO: Executing method 'select_customer' from TransactionTrackerOperations
2018-09-25 18:03:27,700 INFO: Executing method 'select_customer' from TransactionTrackerOperations
2018-09-25 18:03:49,326 INFO: Executing method 'get_parcel' from TransactionTrackerOperations
2018-09-25 18:03:56,536 INFO: Executing method 'search_process' from TransactionTrackerOperations
2018-09-25 18:03:56,573 INFO: Executing method 'select_customer' from TransactionTrackerOperations
2018-09-25 18:04:03,468 INFO: Executing method 'select_customer' from TransactionTrackerOperations
2018-09-25 18:04:25,098 INFO: Executing method 'get_parcel' from TransactionTrackerOperations
2018-09-25 18:04:32,001 INFO: Executing method 'search_process' from TransactionTrackerOperations
2018-09-25 18:04:32,014 INFO: Executing method 'select_customer' from TransactionTrackerOperations
2018-09-25 18:04:38,957 INFO: Executing method 'select_customer' from TransactionTrackerOperations
2018-09-25 18:05:01,055 INFO: Executing method 'get_parcel' from TransactionTrackerOperations
2018-09-25 18:05:08,084 INFO: Executing method 'search_process' from TransactionTrackerOperations
2018-09-25 18:05:08,122 INFO: Executing method 'select_customer' from TransactionTrackerOperations
2018-09-25 18:05:14,955 INFO: Executing method 'select_customer' from TransactionTrackerOperations
2018-09-25 18:05:36,822 INFO: Executing method 'get_parcel' from TransactionTrackerOperations
2018-09-25 18:05:43,580 INFO: Executing method 'search_process' from TransactionTrackerOperations
2018-09-25 18:05:43,604 INFO: Executing method 'select_customer' from TransactionTrackerOperations
2018-09-25 18:05:50,451 INFO: Executing method 'select_customer' from TransactionTrackerOperations
2018-09-25 18:06:12,347 INFO: Executing method 'get_parcel' from TransactionTrackerOperations
2018-09-25 18:06:19,472 INFO: Executing method 'search_process' from TransactionTrackerOperations
2018-09-25 18:06:19,504 INFO: Executing method 'select_customer' from TransactionTrackerOperations
2018-09-25 18:06:26,371 INFO: Executing method 'select_customer' from TransactionTrackerOperations
2018-09-25 18:06:48,265 INFO: Executing method 'get_parcel' from TransactionTrackerOperations
2018-09-25 18:06:55,287 INFO: Executing method 'search_process' from TransactionTrackerOperations
2018-09-25 18:06:55,325 INFO: Executing method 'select_customer' from TransactionTrackerOperations
2018-09-25 18:07:02,190 INFO: Executing method 'select_customer' from TransactionTrackerOperations
2018-09-25 18:07:23,688 INFO: Executing method 'get_parcel' from TransactionTrackerOperations
2018-09-25 18:07:39,525 INFO: Executing method 'search_process' from TransactionTrackerOperations
2018-09-25 18:07:39,541 INFO: Executing method 'select_customer' from TransactionTrackerOperations
2018-09-25 18:07:47,222 INFO: Executing method 'select_customer' from TransactionTrackerOperations
2018-09-25 18:08:09,937 INFO: Executing method 'get_parcel' from TransactionTrackerOperations
2018-09-25 18:08:16,956 INFO: Executing method 'search_process' from TransactionTrackerOperations
2018-09-25 18:08:16,981 INFO: Executing method 'select_customer' from TransactionTrackerOperations
2018-09-25 18:08:23,908 INFO: Executing method 'select_customer' from TransactionTrackerOperations
2018-09-25 18:08:46,232 INFO: Executing method 'get_parcel' from TransactionTrackerOperations
2018-09-25 18:08:53,262 INFO: Executing method 'search_process' from TransactionTrackerOperations
2018-09-25 18:08:53,301 INFO: Executing method 'select_customer' from TransactionTrackerOperations
2018-09-25 18:09:00,112 INFO: Executing method 'select_customer' from TransactionTrackerOperations
2018-09-25 18:09:21,763 INFO: Executing method 'get_parcel' from TransactionTrackerOperations
2018-09-25 18:09:28,917 INFO: Executing method 'search_process' from TransactionTrackerOperations
2018-09-25 18:09:28,946 INFO: Executing method 'select_customer' from TransactionTrackerOperations
2018-09-25 18:09:35,903 INFO: Executing method 'select_customer' from TransactionTrackerOperations
2018-09-25 18:09:57,638 INFO: Executing method 'get_parcel' from TransactionTrackerOperations
2018-09-25 18:10:04,721 INFO: Executing method 'search_process' from TransactionTrackerOperations
2018-09-25 18:10:04,738 INFO: Executing method 'select_customer' from TransactionTrackerOperations
2018-09-25 18:10:11,534 INFO: Executing method 'select_customer' from TransactionTrackerOperations
2018-09-25 18:10:33,475 INFO: Executing method 'get_parcel' from TransactionTrackerOperations
2018-09-25 18:10:40,467 INFO: Executing method 'search_process' from TransactionTrackerOperations
2018-09-25 18:10:40,479 INFO: Executing method 'select_customer' from TransactionTrackerOperations
2018-09-25 18:10:47,317 INFO: Executing method 'select_customer' from TransactionTrackerOperations
2018-09-25 18:11:09,172 INFO: Executing method 'get_parcel' from TransactionTrackerOperations
2018-09-25 18:11:17,465 INFO: Executing method 'search_process' from TransactionTrackerOperations
2018-09-25 18:11:17,505 INFO: Executing method 'select_customer' from TransactionTrackerOperations
2018-09-25 18:11:24,515 INFO: Executing method 'select_customer' from TransactionTrackerOperations
2018-09-25 18:11:46,431 INFO: Executing method 'get_parcel' from TransactionTrackerOperations
2018-09-25 18:11:54,889 INFO: Executing method 'search_process' from TransactionTrackerOperations
2018-09-25 18:11:54,913 INFO: Executing method 'select_customer' from TransactionTrackerOperations
2018-09-25 18:12:02,298 INFO: Executing method 'select_customer' from TransactionTrackerOperations
2018-09-25 18:12:24,063 INFO: Executing method 'get_parcel' from TransactionTrackerOperations
2018-09-25 18:12:31,983 INFO: Executing method 'search_process' from TransactionTrackerOperations
2018-09-25 18:12:31,998 INFO: Executing method 'select_customer' from TransactionTrackerOperations
2018-09-25 18:12:38,828 INFO: Executing method 'select_customer' from TransactionTrackerOperations
2018-09-25 18:13:00,290 INFO: Executing method 'get_parcel' from TransactionTrackerOperations
2018-09-25 18:13:07,307 INFO: Executing method 'search_process' from TransactionTrackerOperations
2018-09-25 18:13:07,337 INFO: Executing method 'select_customer' from TransactionTrackerOperations
2018-09-25 18:13:14,623 INFO: Executing method 'select_customer' from TransactionTrackerOperations
2018-09-25 18:13:36,937 INFO: Executing method 'get_parcel' from TransactionTrackerOperations
2018-09-25 18:13:43,906 INFO: Executing method 'search_process' from TransactionTrackerOperations
2018-09-25 18:13:43,936 INFO: Executing method 'select_customer' from TransactionTrackerOperations
2018-09-25 18:13:50,915 INFO: Executing method 'select_customer' from TransactionTrackerOperations
2018-09-25 18:14:12,949 INFO: Executing method 'get_parcel' from TransactionTrackerOperations
2018-09-25 18:14:21,363 INFO: Executing method 'search_process' from TransactionTrackerOperations
2018-09-25 18:14:21,402 INFO: Executing method 'select_customer' from TransactionTrackerOperations
2018-09-25 18:14:28,698 INFO: Executing method 'select_customer' from TransactionTrackerOperations
2018-09-25 18:14:50,776 INFO: Executing method 'get_parcel' from TransactionTrackerOperations
2018-09-25 18:14:58,369 INFO: Executing method 'search_process' from TransactionTrackerOperations
2018-09-25 18:14:58,395 INFO: Executing method 'select_customer' from TransactionTrackerOperations
2018-09-25 18:15:05,171 INFO: Executing method 'select_customer' from TransactionTrackerOperations
2018-09-25 18:15:26,930 INFO: Executing method 'get_parcel' from TransactionTrackerOperations
2018-09-25 18:15:34,151 INFO: Executing method 'search_process' from TransactionTrackerOperations
2018-09-25 18:15:34,169 INFO: Executing method 'select_customer' from TransactionTrackerOperations
2018-09-25 18:15:41,574 INFO: Executing method 'select_customer' from TransactionTrackerOperations
2018-09-25 18:16:04,109 INFO: Executing method 'get_parcel' from TransactionTrackerOperations
2018-09-25 18:16:12,082 INFO: Executing method 'search_process' from TransactionTrackerOperations
2018-09-25 18:16:12,098 INFO: Executing method 'select_customer' from TransactionTrackerOperations
2018-09-25 18:16:18,962 INFO: Executing method 'select_customer' from TransactionTrackerOperations
2018-09-25 18:16:40,972 INFO: Executing method 'get_parcel' from TransactionTrackerOperations
2018-09-25 18:16:48,645 INFO: Executing method 'search_process' from TransactionTrackerOperations
2018-09-25 18:16:48,670 INFO: Executing method 'select_customer' from TransactionTrackerOperations
2018-09-25 18:16:55,400 INFO: Executing method 'select_customer' from TransactionTrackerOperations
2018-09-25 18:17:18,602 INFO: Executing method 'get_parcel' from TransactionTrackerOperations
2018-09-25 18:17:26,942 INFO: Executing method 'search_process' from TransactionTrackerOperations
2018-09-25 18:17:26,962 INFO: Executing method 'select_customer' from TransactionTrackerOperations
2018-09-25 18:17:34,232 INFO: Executing method 'select_customer' from TransactionTrackerOperations
2018-09-25 18:17:56,627 INFO: Executing method 'get_parcel' from TransactionTrackerOperations
2018-09-25 18:18:04,245 INFO: Executing method 'search_process' from TransactionTrackerOperations
2018-09-25 18:18:04,262 INFO: Executing method 'select_customer' from TransactionTrackerOperations
2018-09-25 18:18:11,333 INFO: Executing method 'select_customer' from TransactionTrackerOperations
2018-09-25 18:18:34,050 INFO: Executing method 'get_parcel' from TransactionTrackerOperations
2018-09-25 18:18:42,753 INFO: Executing method 'search_process' from TransactionTrackerOperations
2018-09-25 18:18:42,802 INFO: Executing method 'select_customer' from TransactionTrackerOperations
2018-09-25 18:18:49,656 INFO: Executing method 'select_customer' from TransactionTrackerOperations
2018-09-25 18:19:13,034 INFO: Executing method 'get_parcel' from TransactionTrackerOperations
2018-09-25 18:19:21,598 INFO: Executing method 'search_process' from TransactionTrackerOperations
2018-09-25 18:19:21,618 INFO: Executing method 'select_customer' from TransactionTrackerOperations
2018-09-25 18:19:28,936 INFO: Executing method 'select_customer' from TransactionTrackerOperations
2018-09-25 18:19:51,339 INFO: Executing method 'get_parcel' from TransactionTrackerOperations
2018-09-25 18:19:59,273 INFO: Executing method 'search_process' from TransactionTrackerOperations
2018-09-25 18:19:59,283 INFO: Executing method 'select_customer' from TransactionTrackerOperations
2018-09-25 18:20:06,106 INFO: Executing method 'select_customer' from TransactionTrackerOperations
2018-09-25 18:20:28,007 INFO: Executing method 'get_parcel' from TransactionTrackerOperations
2018-09-25 18:20:36,679 INFO: Executing method 'search_process' from TransactionTrackerOperations
2018-09-25 18:20:36,695 INFO: Executing method 'select_customer' from TransactionTrackerOperations
2018-09-25 18:20:43,655 INFO: Executing method 'select_customer' from TransactionTrackerOperations
2018-09-25 18:21:06,394 INFO: Executing method 'get_parcel' from TransactionTrackerOperations
2018-09-25 18:21:13,890 INFO: Executing method 'search_process' from TransactionTrackerOperations
2018-09-25 18:21:13,905 INFO: Executing method 'select_customer' from TransactionTrackerOperations
2018-09-25 18:21:21,076 INFO: Executing method 'select_customer' from TransactionTrackerOperations
2018-09-25 18:21:43,577 INFO: Executing method 'get_parcel' from TransactionTrackerOperations
2018-09-25 18:21:51,299 INFO: Executing method 'search_process' from TransactionTrackerOperations
2018-09-25 18:21:51,336 INFO: Executing method 'select_customer' from TransactionTrackerOperations
2018-09-25 18:21:58,256 INFO: Executing method 'select_customer' from TransactionTrackerOperations
2018-09-25 18:22:20,264 INFO: Executing method 'get_parcel' from TransactionTrackerOperations
2018-09-25 18:22:29,889 INFO: Executing method 'search_process' from TransactionTrackerOperations
2018-09-25 18:22:29,913 INFO: Executing method 'select_customer' from TransactionTrackerOperations
2018-09-25 18:22:36,827 INFO: Executing method 'select_customer' from TransactionTrackerOperations
2018-09-25 19:00:05,674 INFO: Executing Script Prodution Data Monitoring
2018-09-25 19:00:11,614 INFO: Login in to Launchpad
2018-09-25 19:00:43,835 INFO: Refreshing access_token
2018-09-25 19:00:51,296 INFO: Executing method 'search_process' from TransactionTrackerOperations
2018-09-25 19:00:51,315 INFO: Executing method 'select_customer' from TransactionTrackerOperations
2018-09-25 19:00:58,203 INFO: Executing method 'select_customer' from TransactionTrackerOperations
2018-09-25 19:01:20,318 INFO: Executing method 'get_parcel' from TransactionTrackerOperations
2018-09-25 19:01:30,921 INFO: Executing method 'search_process' from TransactionTrackerOperations
2018-09-25 19:01:30,936 INFO: Executing method 'select_customer' from TransactionTrackerOperations
2018-09-25 19:01:37,769 INFO: Executing method 'select_customer' from TransactionTrackerOperations
2018-09-25 19:01:59,517 INFO: Executing method 'get_parcel' from TransactionTrackerOperations
2018-09-25 19:02:07,932 INFO: Executing method 'search_process' from TransactionTrackerOperations
2018-09-25 19:02:07,949 INFO: Executing method 'select_customer' from TransactionTrackerOperations
2018-09-25 19:02:14,890 INFO: Executing method 'select_customer' from TransactionTrackerOperations
2018-09-25 19:02:36,658 INFO: Executing method 'get_parcel' from TransactionTrackerOperations
2018-09-25 19:02:45,386 INFO: Executing method 'search_process' from TransactionTrackerOperations
2018-09-25 19:02:45,423 INFO: Executing method 'select_customer' from TransactionTrackerOperations
2018-09-25 19:02:52,211 INFO: Executing method 'select_customer' from TransactionTrackerOperations
2018-09-25 19:03:13,805 INFO: Executing method 'get_parcel' from TransactionTrackerOperations
2018-09-25 19:03:22,036 INFO: Executing method 'search_process' from TransactionTrackerOperations
2018-09-25 19:03:22,066 INFO: Executing method 'select_customer' from TransactionTrackerOperations
2018-09-25 19:03:28,883 INFO: Executing method 'select_customer' from TransactionTrackerOperations
2018-09-25 19:03:50,514 INFO: Executing method 'get_parcel' from TransactionTrackerOperations
2018-09-25 19:04:00,763 INFO: Executing method 'search_process' from TransactionTrackerOperations
2018-09-25 19:04:00,794 INFO: Executing method 'select_customer' from TransactionTrackerOperations
2018-09-25 19:04:07,649 INFO: Executing method 'select_customer' from TransactionTrackerOperations
2018-09-25 19:04:29,642 INFO: Executing method 'get_parcel' from TransactionTrackerOperations
2018-09-25 19:04:37,010 INFO: Executing method 'search_process' from TransactionTrackerOperations
2018-09-25 19:04:37,046 INFO: Executing method 'select_customer' from TransactionTrackerOperations
2018-09-25 19:04:43,879 INFO: Executing method 'select_customer' from TransactionTrackerOperations
2018-09-25 19:05:05,306 INFO: Executing method 'get_parcel' from TransactionTrackerOperations
2018-09-25 19:05:14,102 INFO: Executing method 'search_process' from TransactionTrackerOperations
2018-09-25 19:05:14,135 INFO: Executing method 'select_customer' from TransactionTrackerOperations
2018-09-25 19:05:20,981 INFO: Executing method 'select_customer' from TransactionTrackerOperations
2018-09-25 19:05:42,944 INFO: Executing method 'get_parcel' from TransactionTrackerOperations
2018-09-25 19:05:53,504 INFO: Executing method 'search_process' from TransactionTrackerOperations
2018-09-25 19:05:53,539 INFO: Executing method 'select_customer' from TransactionTrackerOperations
2018-09-25 19:06:00,433 INFO: Executing method 'select_customer' from TransactionTrackerOperations
2018-09-25 19:06:22,117 INFO: Executing method 'get_parcel' from TransactionTrackerOperations
2018-09-25 19:06:30,447 INFO: Executing method 'search_process' from TransactionTrackerOperations
2018-09-25 19:06:30,472 INFO: Executing method 'select_customer' from TransactionTrackerOperations
2018-09-25 19:06:37,365 INFO: Executing method 'select_customer' from TransactionTrackerOperations
2018-09-25 19:06:59,242 INFO: Executing method 'get_parcel' from TransactionTrackerOperations
2018-09-25 19:07:09,744 INFO: Executing method 'search_process' from TransactionTrackerOperations
2018-09-25 19:07:09,761 INFO: Executing method 'select_customer' from TransactionTrackerOperations
2018-09-25 19:07:16,650 INFO: Executing method 'select_customer' from TransactionTrackerOperations
2018-09-25 19:13:22,201 INFO: Executing Script Prodution Data Monitoring
2018-09-25 19:13:25,147 INFO: Login in to Launchpad
2018-09-25 19:13:41,584 INFO: Refreshing access_token
2018-09-25 19:13:46,943 INFO: Executing method 'search_process' from TransactionTrackerOperations
2018-09-25 19:13:46,980 INFO: Executing method 'select_customer' from TransactionTrackerOperations
2018-09-25 19:13:54,224 INFO: Executing method 'select_customer' from TransactionTrackerOperations
2018-09-25 19:14:15,852 INFO: Executing method 'get_parcel' from TransactionTrackerOperations
2018-09-25 19:14:27,304 INFO: Executing method 'search_process' from TransactionTrackerOperations
2018-09-25 19:14:27,321 INFO: Executing method 'select_customer' from TransactionTrackerOperations
2018-09-25 19:26:26,002 INFO: Executing Script Prodution Data Monitoring
2018-09-25 19:26:28,606 INFO: Login in to Launchpad
2018-09-25 19:26:44,467 INFO: Refreshing access_token
2018-09-25 19:26:47,997 INFO: Executing method 'search_process' from TransactionTrackerOperations
2018-09-25 19:26:48,021 INFO: Executing method 'select_customer' from TransactionTrackerOperations
2018-09-25 19:26:58,184 INFO: Executing method 'select_customer' from TransactionTrackerOperations
2018-09-25 19:27:22,725 INFO: Executing method 'get_parcel' from TransactionTrackerOperations
2018-09-25 19:27:31,056 INFO: Executing method 'search_process' from TransactionTrackerOperations
2018-09-25 19:27:31,096 INFO: Executing method 'select_customer' from TransactionTrackerOperations
2018-09-25 19:27:38,599 INFO: Executing method 'select_customer' from TransactionTrackerOperations
2018-09-25 19:28:00,801 INFO: Executing method 'get_parcel' from TransactionTrackerOperations
2018-09-25 19:28:08,336 INFO: Executing method 'search_process' from TransactionTrackerOperations
2018-09-25 19:28:08,376 INFO: Executing method 'select_customer' from TransactionTrackerOperations
2018-09-25 19:28:15,505 INFO: Executing method 'select_customer' from TransactionTrackerOperations
2018-09-25 19:28:38,311 INFO: Executing method 'get_parcel' from TransactionTrackerOperations
2018-09-25 19:28:45,906 INFO: Executing method 'search_process' from TransactionTrackerOperations
2018-09-25 19:28:45,948 INFO: Executing method 'select_customer' from TransactionTrackerOperations
2018-09-25 19:28:53,090 INFO: Executing method 'select_customer' from TransactionTrackerOperations
2018-09-25 19:29:15,338 INFO: Executing method 'get_parcel' from TransactionTrackerOperations
2018-09-25 19:29:24,811 INFO: Executing method 'search_process' from TransactionTrackerOperations
2018-09-25 19:29:24,847 INFO: Executing method 'select_customer' from TransactionTrackerOperations
2018-09-25 19:29:31,905 INFO: Executing method 'select_customer' from TransactionTrackerOperations
2018-09-25 19:29:54,927 INFO: Executing method 'get_parcel' from TransactionTrackerOperations
2018-09-25 19:30:03,811 INFO: Executing method 'search_process' from TransactionTrackerOperations
2018-09-25 19:30:03,866 INFO: Executing method 'select_customer' from TransactionTrackerOperations
2018-09-25 19:30:10,820 INFO: Executing method 'select_customer' from TransactionTrackerOperations
2018-09-25 19:30:33,857 INFO: Executing method 'get_parcel' from TransactionTrackerOperations
2018-09-25 19:30:41,115 INFO: Executing method 'search_process' from TransactionTrackerOperations
2018-09-25 19:30:41,154 INFO: Executing method 'select_customer' from TransactionTrackerOperations
2018-09-25 19:30:48,202 INFO: Executing method 'select_customer' from TransactionTrackerOperations
2018-09-25 19:31:10,278 INFO: Executing method 'get_parcel' from TransactionTrackerOperations
2018-09-25 19:31:20,679 INFO: Executing method 'search_process' from TransactionTrackerOperations
2018-09-25 19:31:20,726 INFO: Executing method 'select_customer' from TransactionTrackerOperations
2018-09-25 19:31:27,712 INFO: Executing method 'select_customer' from TransactionTrackerOperations
2018-09-25 19:31:50,487 INFO: Executing method 'get_parcel' from TransactionTrackerOperations
2018-09-25 19:31:57,744 INFO: Executing method 'search_process' from TransactionTrackerOperations
2018-09-25 19:31:57,760 INFO: Executing method 'select_customer' from TransactionTrackerOperations
2018-09-25 19:32:04,852 INFO: Executing method 'select_customer' from TransactionTrackerOperations
2018-09-25 19:32:27,417 INFO: Executing method 'get_parcel' from TransactionTrackerOperations
2018-09-25 19:35:46,110 INFO: Executing Script Prodution Data Monitoring
2018-09-25 19:35:48,612 INFO: Login in to Launchpad
2018-09-25 19:36:05,091 INFO: Refreshing access_token
2018-09-25 19:42:19,514 INFO: Executing Script Prodution Data Monitoring
2018-09-25 19:42:21,929 INFO: Login in to Launchpad
2018-09-25 19:42:36,292 INFO: Refreshing access_token
2018-09-25 19:42:43,711 INFO: Executing method 'search_process' from TransactionTrackerOperations
2018-09-25 19:42:43,760 INFO: Executing method 'select_customer' from TransactionTrackerOperations
2018-09-25 19:42:50,725 INFO: Executing method 'select_customer' from TransactionTrackerOperations
2018-09-25 19:43:13,260 INFO: Executing method 'get_parcel' from TransactionTrackerOperations
2018-09-25 19:43:26,144 INFO: Executing method 'search_process' from TransactionTrackerOperations
2018-09-25 19:43:26,181 INFO: Executing method 'select_customer' from TransactionTrackerOperations
2018-09-25 19:43:33,421 INFO: Executing method 'select_customer' from TransactionTrackerOperations
2018-09-25 19:43:55,617 INFO: Executing method 'get_parcel' from TransactionTrackerOperations
2018-09-25 19:44:07,742 INFO: Executing method 'search_process' from TransactionTrackerOperations
2018-09-25 19:44:07,773 INFO: Executing method 'select_customer' from TransactionTrackerOperations
2018-09-25 19:44:14,270 INFO: Executing method 'select_customer' from TransactionTrackerOperations
2018-09-25 19:47:06,435 INFO: Executing Script Prodution Data Monitoring
2018-09-25 19:47:08,790 INFO: Login in to Launchpad
2018-09-25 19:47:24,369 INFO: Refreshing access_token
2018-09-25 19:47:27,833 INFO: Executing method 'search_process' from TransactionTrackerOperations
2018-09-25 19:47:28,263 INFO: Executing method 'select_customer' from TransactionTrackerOperations
2018-09-25 19:47:35,305 INFO: Executing method 'select_customer' from TransactionTrackerOperations
2018-09-25 19:47:57,143 INFO: Executing method 'get_parcel' from TransactionTrackerOperations
2018-09-25 19:48:05,874 INFO: Executing method 'search_process' from TransactionTrackerOperations
2018-09-25 19:48:05,906 INFO: Executing method 'select_customer' from TransactionTrackerOperations
2018-09-25 19:48:14,659 INFO: Executing method 'select_customer' from TransactionTrackerOperations
2018-09-25 19:48:37,916 INFO: Executing method 'get_parcel' from TransactionTrackerOperations
2018-09-25 19:48:45,653 INFO: Executing method 'search_process' from TransactionTrackerOperations
2018-09-25 19:48:45,688 INFO: Executing method 'select_customer' from TransactionTrackerOperations
2018-09-25 19:48:52,823 INFO: Executing method 'select_customer' from TransactionTrackerOperations
2018-09-25 19:49:15,269 INFO: Executing method 'get_parcel' from TransactionTrackerOperations
2018-09-25 19:49:23,376 INFO: Executing method 'search_process' from TransactionTrackerOperations
2018-09-25 19:49:23,416 INFO: Executing method 'select_customer' from TransactionTrackerOperations
2018-09-25 19:49:30,458 INFO: Executing method 'select_customer' from TransactionTrackerOperations
2018-09-25 19:49:53,089 INFO: Executing method 'get_parcel' from TransactionTrackerOperations
2018-09-25 19:50:02,508 INFO: Executing method 'search_process' from TransactionTrackerOperations
2018-09-25 19:50:02,544 INFO: Executing method 'select_customer' from TransactionTrackerOperations
2018-09-25 19:50:09,541 INFO: Executing method 'select_customer' from TransactionTrackerOperations
2018-09-25 19:50:31,959 INFO: Executing method 'get_parcel' from TransactionTrackerOperations
2018-09-25 19:50:41,494 INFO: Executing method 'search_process' from TransactionTrackerOperations
2018-09-25 19:50:41,539 INFO: Executing method 'select_customer' from TransactionTrackerOperations
2018-09-25 19:50:49,131 INFO: Executing method 'select_customer' from TransactionTrackerOperations
2018-09-25 19:51:11,624 INFO: Executing method 'get_parcel' from TransactionTrackerOperations
2018-09-25 19:51:18,665 INFO: Executing method 'search_process' from TransactionTrackerOperations
2018-09-25 19:51:18,716 INFO: Executing method 'select_customer' from TransactionTrackerOperations
2018-09-25 19:51:26,400 INFO: Executing method 'select_customer' from TransactionTrackerOperations
2018-09-25 19:51:48,848 INFO: Executing method 'get_parcel' from TransactionTrackerOperations
2018-09-25 19:51:57,528 INFO: Executing method 'search_process' from TransactionTrackerOperations
2018-09-25 19:51:57,578 INFO: Executing method 'select_customer' from TransactionTrackerOperations
2018-09-25 19:52:04,877 INFO: Executing method 'select_customer' from TransactionTrackerOperations
2018-09-25 19:52:27,846 INFO: Executing method 'get_parcel' from TransactionTrackerOperations
2018-09-25 19:52:35,909 INFO: Executing method 'search_process' from TransactionTrackerOperations
2018-09-25 19:52:35,960 INFO: Executing method 'select_customer' from TransactionTrackerOperations
2018-09-25 19:52:43,122 INFO: Executing method 'select_customer' from TransactionTrackerOperations
2018-09-25 19:53:06,005 INFO: Executing method 'get_parcel' from TransactionTrackerOperations
2018-09-25 19:53:13,105 INFO: Executing method 'search_process' from TransactionTrackerOperations
2018-09-25 19:53:13,146 INFO: Executing method 'select_customer' from TransactionTrackerOperations
2018-09-25 19:53:20,250 INFO: Executing method 'select_customer' from TransactionTrackerOperations
2018-09-25 19:53:42,483 INFO: Executing method 'get_parcel' from TransactionTrackerOperations
2018-09-25 19:53:52,992 INFO: Executing method 'search_process' from TransactionTrackerOperations
2018-09-25 19:53:53,031 INFO: Executing method 'select_customer' from TransactionTrackerOperations
2018-09-25 19:54:00,479 INFO: Executing method 'select_customer' from TransactionTrackerOperations
2018-09-25 19:54:23,400 INFO: Executing method 'get_parcel' from TransactionTrackerOperations
2018-09-25 19:54:32,623 INFO: Executing method 'search_process' from TransactionTrackerOperations
2018-09-25 19:54:32,642 INFO: Executing method 'select_customer' from TransactionTrackerOperations
2018-09-25 19:54:39,766 INFO: Executing method 'select_customer' from TransactionTrackerOperations
2018-09-25 19:55:02,707 INFO: Executing method 'get_parcel' from TransactionTrackerOperations
2018-09-25 19:55:10,887 INFO: Executing method 'search_process' from TransactionTrackerOperations
2018-09-25 19:55:10,923 INFO: Executing method 'select_customer' from TransactionTrackerOperations
2018-09-25 19:55:18,136 INFO: Executing method 'select_customer' from TransactionTrackerOperations
2018-09-25 19:55:40,067 INFO: Executing method 'get_parcel' from TransactionTrackerOperations
2018-09-25 19:55:47,091 INFO: Executing method 'search_process' from TransactionTrackerOperations
2018-09-25 19:55:47,139 INFO: Executing method 'select_customer' from TransactionTrackerOperations
2018-09-25 19:55:54,228 INFO: Executing method 'select_customer' from TransactionTrackerOperations
2018-09-25 19:56:16,820 INFO: Executing method 'get_parcel' from TransactionTrackerOperations
2018-09-25 19:56:25,399 INFO: Executing method 'search_process' from TransactionTrackerOperations
2018-09-25 19:56:25,445 INFO: Executing method 'select_customer' from TransactionTrackerOperations
2018-09-25 19:56:31,946 INFO: Executing method 'select_customer' from TransactionTrackerOperations
