2018-12-27 16:52:02,995 INFO: Executing Script Credit Memo Prodution Data Monitoring
2018-12-27 16:52:03,303 INFO: Executing CMProductionDataMonitoring.execute_main()
2018-12-27 16:52:14,593 INFO: Login in to Launchpad
2018-12-27 16:52:35,491 INFO: Executing CMProductionDataMonitoring.TaskFilter()
2018-12-27 16:52:36,008 INFO: Refreshing access_token
2018-12-27 16:52:44,896 INFO: select InProgress task from input sheet from CMProductionDataMonitoring.TaskFilter()
2018-12-27 16:52:44,896 INFO: Executing TransactionTrackerOperations.search_process_for_CMPDM() for: Performance Health|McKesson BASCOM PALMER EYE INST|810
2018-12-27 16:52:44,945 INFO: Executing TransactionTrackerOperations.select_customer()
2018-12-27 16:52:52,380 INFO: Executing TransactionTrackerOperations.select_customer()
2018-12-27 16:53:06,263 INFO: Executing TransactionTrackerOperations.get_CM_parcels()
2018-12-27 16:53:15,542 INFO: Executing TransactionTrackerOperations.search_process_for_CMPDM() for: Performance Health|McKesson CABELL HUNTINGTON HOSPITAL|810
2018-12-27 16:53:15,724 INFO: Executing TransactionTrackerOperations.select_customer()
2018-12-27 16:53:22,175 INFO: Executing TransactionTrackerOperations.select_customer()
2018-12-27 16:53:24,258 ERROR: Error in CMProductionDataMonitoring.TaskFilter()
2018-12-27 16:53:29,907 INFO: Executing TransactionTrackerOperations.search_process_for_CMPDM() for: Performance Health|McKesson CHILDRENS HOSPITAL|810
2018-12-27 16:53:30,126 INFO: Executing TransactionTrackerOperations.select_customer()
2018-12-27 16:53:37,612 INFO: Executing TransactionTrackerOperations.select_customer()
2018-12-27 16:53:50,877 INFO: Executing TransactionTrackerOperations.get_CM_parcels()
2018-12-27 16:53:54,946 INFO: NoSuchElementException in TransactionTrackerOperations.get_CM_parcels()
2018-12-27 16:53:57,626 ERROR: Error in CMProductionDataMonitoring.TaskFilter()
2018-12-27 16:54:03,023 INFO: Executing TransactionTrackerOperations.search_process_for_CMPDM() for: Performance Health|McKesson CHRISTIANA CARE HEALTH|810
2018-12-27 16:54:03,180 INFO: Executing TransactionTrackerOperations.select_customer()
2018-12-27 16:54:10,656 INFO: Executing TransactionTrackerOperations.select_customer()
2018-12-27 16:54:24,124 INFO: Executing TransactionTrackerOperations.get_CM_parcels()
2018-12-27 16:54:28,402 INFO: NoSuchElementException in TransactionTrackerOperations.get_CM_parcels()
2018-12-27 16:54:34,632 INFO: NoSuchElementException in TransactionTrackerOperations.get_CM_parcels()
2018-12-27 16:54:40,088 INFO: NoSuchElementException in TransactionTrackerOperations.get_CM_parcels()
2018-12-27 16:54:45,645 INFO: NoSuchElementException in TransactionTrackerOperations.get_CM_parcels()
2018-12-27 16:54:51,378 INFO: NoSuchElementException in TransactionTrackerOperations.get_CM_parcels()
2018-12-27 16:54:57,169 INFO: NoSuchElementException in TransactionTrackerOperations.get_CM_parcels()
2018-12-27 16:55:02,851 INFO: NoSuchElementException in TransactionTrackerOperations.get_CM_parcels()
2018-12-27 16:55:08,313 INFO: NoSuchElementException in TransactionTrackerOperations.get_CM_parcels()
2018-12-27 16:55:13,966 INFO: NoSuchElementException in TransactionTrackerOperations.get_CM_parcels()
2018-12-27 16:55:19,490 INFO: NoSuchElementException in TransactionTrackerOperations.get_CM_parcels()
2018-12-27 16:55:25,364 INFO: NoSuchElementException in TransactionTrackerOperations.get_CM_parcels()
2018-12-27 16:55:31,163 INFO: NoSuchElementException in TransactionTrackerOperations.get_CM_parcels()
2018-12-27 16:55:36,822 INFO: NoSuchElementException in TransactionTrackerOperations.get_CM_parcels()
2018-12-27 16:55:42,526 INFO: NoSuchElementException in TransactionTrackerOperations.get_CM_parcels()
2018-12-27 16:55:48,152 INFO: NoSuchElementException in TransactionTrackerOperations.get_CM_parcels()
2018-12-27 16:55:51,085 INFO: NoSuchElementException in TransactionTrackerOperations.get_CM_parcels()
2018-12-27 16:56:00,644 INFO: Executing TransactionTrackerOperations.search_process_for_CMPDM() for: Performance Health|McKesson EMH REGIONAL HEALTHCARE SYSTEMS|810
2018-12-27 16:56:01,696 INFO: Executing TransactionTrackerOperations.select_customer()
2018-12-27 16:56:08,948 INFO: Executing TransactionTrackerOperations.select_customer()
2018-12-27 16:56:22,701 INFO: Executing TransactionTrackerOperations.get_CM_parcels()
2018-12-27 16:56:30,449 INFO: Executing TransactionTrackerOperations.search_process_for_CMPDM() for: Performance Health|McKesson EMORY HEALTHCARE|810
2018-12-27 16:56:31,629 INFO: Executing TransactionTrackerOperations.select_customer()
2018-12-27 16:56:38,920 INFO: Executing TransactionTrackerOperations.select_customer()
2018-12-27 16:56:51,877 INFO: Executing TransactionTrackerOperations.get_CM_parcels()
2018-12-27 16:57:00,210 INFO: Executing TransactionTrackerOperations.search_process_for_CMPDM() for: Performance Health|McKesson FIRELANDS REGIONAL MEDICAL CENTER|810
2018-12-27 16:57:01,252 INFO: Executing TransactionTrackerOperations.select_customer()
2018-12-27 16:57:08,570 INFO: Executing TransactionTrackerOperations.select_customer()
2018-12-27 16:57:22,180 INFO: Executing TransactionTrackerOperations.get_CM_parcels()
2018-12-27 16:57:29,875 INFO: Executing TransactionTrackerOperations.search_process_for_CMPDM() for: Performance Health|McKesson FIRSTHEALTH CAROLINAS|810
2018-12-27 16:57:30,883 INFO: Executing TransactionTrackerOperations.select_customer()
2018-12-27 16:57:38,135 INFO: Executing TransactionTrackerOperations.select_customer()
2018-12-27 16:57:51,422 INFO: Executing TransactionTrackerOperations.get_CM_parcels()
2018-12-27 16:57:59,949 INFO: Executing TransactionTrackerOperations.search_process_for_CMPDM() for: Performance Health|McKesson FRANCISCAN ALLIANCE INC|810
2018-12-27 16:58:01,248 INFO: Executing TransactionTrackerOperations.select_customer()
2018-12-27 16:58:08,522 INFO: Executing TransactionTrackerOperations.select_customer()
2018-12-27 16:58:21,802 INFO: Executing TransactionTrackerOperations.get_CM_parcels()
2018-12-27 16:58:29,790 INFO: Executing TransactionTrackerOperations.search_process_for_CMPDM() for: Performance Health|McKesson GOOD SHEPHERD REHAB NETWORK|810
2018-12-27 16:58:30,769 INFO: Executing TransactionTrackerOperations.select_customer()
2018-12-27 16:58:37,985 INFO: Executing TransactionTrackerOperations.select_customer()
2018-12-27 16:58:52,265 INFO: Executing TransactionTrackerOperations.get_CM_parcels()
2018-12-27 16:58:56,274 INFO: NoSuchElementException in TransactionTrackerOperations.get_CM_parcels()
2018-12-27 16:59:02,355 INFO: NoSuchElementException in TransactionTrackerOperations.get_CM_parcels()
2018-12-27 16:59:07,884 INFO: NoSuchElementException in TransactionTrackerOperations.get_CM_parcels()
2018-12-27 16:59:13,368 INFO: NoSuchElementException in TransactionTrackerOperations.get_CM_parcels()
2018-12-27 16:59:19,280 INFO: NoSuchElementException in TransactionTrackerOperations.get_CM_parcels()
2018-12-27 16:59:26,034 INFO: NoSuchElementException in TransactionTrackerOperations.get_CM_parcels()
2018-12-27 16:59:31,521 INFO: NoSuchElementException in TransactionTrackerOperations.get_CM_parcels()
2018-12-27 16:59:37,140 INFO: NoSuchElementException in TransactionTrackerOperations.get_CM_parcels()
2018-12-27 16:59:42,959 INFO: NoSuchElementException in TransactionTrackerOperations.get_CM_parcels()
2018-12-27 16:59:48,660 INFO: NoSuchElementException in TransactionTrackerOperations.get_CM_parcels()
2018-12-27 16:59:54,282 INFO: NoSuchElementException in TransactionTrackerOperations.get_CM_parcels()
2018-12-27 17:00:00,105 INFO: NoSuchElementException in TransactionTrackerOperations.get_CM_parcels()
2018-12-27 17:00:05,728 INFO: NoSuchElementException in TransactionTrackerOperations.get_CM_parcels()
2018-12-27 17:00:11,541 INFO: NoSuchElementException in TransactionTrackerOperations.get_CM_parcels()
2018-12-27 17:00:17,086 INFO: NoSuchElementException in TransactionTrackerOperations.get_CM_parcels()
2018-12-27 17:00:22,768 INFO: NoSuchElementException in TransactionTrackerOperations.get_CM_parcels()
2018-12-27 17:00:26,273 INFO: NoSuchElementException in TransactionTrackerOperations.get_CM_parcels()
2018-12-27 17:00:34,908 INFO: Executing TransactionTrackerOperations.search_process_for_CMPDM() for: Performance Health|McKesson HALIFAX REGIONAL HOSPITAL|810
2018-12-27 17:00:35,908 INFO: Executing TransactionTrackerOperations.select_customer()
2018-12-27 17:00:43,126 INFO: Executing TransactionTrackerOperations.select_customer()
2018-12-27 17:00:56,489 INFO: Executing TransactionTrackerOperations.get_CM_parcels()
2018-12-27 17:01:03,778 INFO: Executing TransactionTrackerOperations.search_process_for_CMPDM() for: Performance Health|McKesson HATTISBURG CLINIC|810
2018-12-27 17:01:04,628 INFO: Executing TransactionTrackerOperations.select_customer()
2018-12-27 17:01:11,872 INFO: Executing TransactionTrackerOperations.select_customer()
2018-12-27 17:01:24,994 INFO: Executing TransactionTrackerOperations.get_CM_parcels()
2018-12-27 17:01:33,062 INFO: Executing TransactionTrackerOperations.search_process_for_CMPDM() for: Performance Health|McKesson IL BONE AND JOINT|810
2018-12-27 17:01:34,536 INFO: Executing TransactionTrackerOperations.select_customer()
2018-12-27 17:01:41,774 INFO: Executing TransactionTrackerOperations.select_customer()
2018-12-27 17:01:54,879 INFO: Executing TransactionTrackerOperations.get_CM_parcels()
2018-12-27 17:02:02,828 INFO: Executing TransactionTrackerOperations.search_process_for_CMPDM() for: Performance Health|McKesson LAKE CHARLES MEMORIAL HOSPITAL|810
2018-12-27 17:02:04,008 INFO: Executing TransactionTrackerOperations.select_customer()
2018-12-27 17:02:11,225 INFO: Executing TransactionTrackerOperations.select_customer()
2018-12-27 17:02:25,078 INFO: Executing TransactionTrackerOperations.get_CM_parcels()
2018-12-27 17:02:32,928 INFO: Executing TransactionTrackerOperations.search_process_for_CMPDM() for: Performance Health|McKesson LAWRENCE MEMORIAL HOSPITAL|810
2018-12-27 17:02:34,175 INFO: Executing TransactionTrackerOperations.select_customer()
2018-12-27 17:02:41,399 INFO: Executing TransactionTrackerOperations.select_customer()
2018-12-27 17:02:54,975 INFO: Executing TransactionTrackerOperations.get_CM_parcels()
2018-12-27 17:02:59,211 INFO: NoSuchElementException in TransactionTrackerOperations.get_CM_parcels()
2018-12-27 17:03:05,934 INFO: NoSuchElementException in TransactionTrackerOperations.get_CM_parcels()
2018-12-27 17:03:12,227 INFO: NoSuchElementException in TransactionTrackerOperations.get_CM_parcels()
2018-12-27 17:03:18,329 INFO: NoSuchElementException in TransactionTrackerOperations.get_CM_parcels()
2018-12-27 17:03:24,411 INFO: NoSuchElementException in TransactionTrackerOperations.get_CM_parcels()
2018-12-27 17:03:33,566 INFO: Executing TransactionTrackerOperations.search_process_for_CMPDM() for: Performance Health|McKesson LEESBURG REGIONAL|810
2018-12-27 17:03:34,633 INFO: Executing TransactionTrackerOperations.select_customer()
2018-12-27 17:03:41,844 INFO: Executing TransactionTrackerOperations.select_customer()
2018-12-27 17:03:55,181 INFO: Executing TransactionTrackerOperations.get_CM_parcels()
2018-12-27 17:03:56,320 INFO: NoSuchElementException in TransactionTrackerOperations.get_CM_parcels()
2018-12-27 17:04:03,555 INFO: Executing TransactionTrackerOperations.search_process_for_CMPDM() for: Performance Health|McKesson LOMA LINDA UNIVERSITY MEDICAL CENTER|810
2018-12-27 17:04:04,033 INFO: Executing TransactionTrackerOperations.select_customer()
2018-12-27 17:04:11,282 INFO: Executing TransactionTrackerOperations.select_customer()
2018-12-27 17:04:25,643 INFO: Executing TransactionTrackerOperations.get_CM_parcels()
2018-12-27 17:04:26,031 INFO: NoSuchElementException in TransactionTrackerOperations.get_CM_parcels()
2018-12-27 17:04:33,184 INFO: Executing TransactionTrackerOperations.search_process_for_CMPDM() for: Performance Health|McKesson MCG HEALTH INC|810
2018-12-27 17:04:33,554 INFO: Executing TransactionTrackerOperations.select_customer()
2018-12-27 17:04:40,796 INFO: Executing TransactionTrackerOperations.select_customer()
2018-12-27 17:04:53,706 INFO: Executing TransactionTrackerOperations.get_CM_parcels()
2018-12-27 17:04:57,628 INFO: NoSuchElementException in TransactionTrackerOperations.get_CM_parcels()
2018-12-27 17:05:03,451 INFO: NoSuchElementException in TransactionTrackerOperations.get_CM_parcels()
2018-12-27 17:05:09,032 INFO: NoSuchElementException in TransactionTrackerOperations.get_CM_parcels()
2018-12-27 17:05:14,557 INFO: NoSuchElementException in TransactionTrackerOperations.get_CM_parcels()
2018-12-27 17:05:18,700 INFO: NoSuchElementException in TransactionTrackerOperations.get_CM_parcels()
2018-12-27 17:05:25,306 INFO: Executing TransactionTrackerOperations.search_process_for_CMPDM() for: Performance Health|McKesson NCH HEALTHCARE|810
2018-12-27 17:05:25,790 INFO: Executing TransactionTrackerOperations.select_customer()
2018-12-27 17:05:32,975 INFO: Executing TransactionTrackerOperations.select_customer()
2018-12-27 17:05:45,820 INFO: Executing TransactionTrackerOperations.get_CM_parcels()
2018-12-27 17:05:49,703 INFO: NoSuchElementException in TransactionTrackerOperations.get_CM_parcels()
2018-12-27 17:05:55,418 INFO: NoSuchElementException in TransactionTrackerOperations.get_CM_parcels()
2018-12-27 17:06:01,224 INFO: NoSuchElementException in TransactionTrackerOperations.get_CM_parcels()
2018-12-27 17:06:06,658 INFO: NoSuchElementException in TransactionTrackerOperations.get_CM_parcels()
2018-12-27 17:06:12,139 INFO: NoSuchElementException in TransactionTrackerOperations.get_CM_parcels()
2018-12-27 17:06:17,715 INFO: NoSuchElementException in TransactionTrackerOperations.get_CM_parcels()
2018-12-27 17:06:23,634 INFO: NoSuchElementException in TransactionTrackerOperations.get_CM_parcels()
2018-12-27 17:06:33,257 INFO: Executing TransactionTrackerOperations.search_process_for_CMPDM() for: Performance Health|McKesson SACRED HEART HOSPITAL|810
2018-12-27 17:06:33,703 INFO: Executing TransactionTrackerOperations.select_customer()
2018-12-27 17:06:40,992 INFO: Executing TransactionTrackerOperations.select_customer()
2018-12-27 17:06:54,086 INFO: Executing TransactionTrackerOperations.get_CM_parcels()
2018-12-27 17:07:00,117 INFO: Executing TransactionTrackerOperations.search_process_for_CMPDM() for: Performance Health|McKesson SAINT FRANCES MEDICAL CENTER|810
2018-12-27 17:07:00,654 INFO: Executing TransactionTrackerOperations.select_customer()
2018-12-27 17:07:07,855 INFO: Executing TransactionTrackerOperations.select_customer()
2018-12-27 17:07:21,254 INFO: Executing TransactionTrackerOperations.get_CM_parcels()
2018-12-27 17:07:25,421 INFO: NoSuchElementException in TransactionTrackerOperations.get_CM_parcels()
2018-12-27 17:07:30,929 INFO: NoSuchElementException in TransactionTrackerOperations.get_CM_parcels()
2018-12-27 17:07:36,412 INFO: NoSuchElementException in TransactionTrackerOperations.get_CM_parcels()
2018-12-27 17:07:40,525 INFO: NoSuchElementException in TransactionTrackerOperations.get_CM_parcels()
2018-12-27 17:07:47,674 INFO: Executing TransactionTrackerOperations.search_process_for_CMPDM() for: Performance Health|McKesson SOUTHERN NEW HAMPSHIRE MEDICAL CENTER|810
2018-12-27 17:07:48,302 INFO: Executing TransactionTrackerOperations.select_customer()
2018-12-27 17:07:55,611 INFO: Executing TransactionTrackerOperations.select_customer()
2018-12-27 17:08:09,742 INFO: Executing TransactionTrackerOperations.get_CM_parcels()
2018-12-27 17:08:13,626 INFO: NoSuchElementException in TransactionTrackerOperations.get_CM_parcels()
2018-12-27 17:08:19,327 INFO: NoSuchElementException in TransactionTrackerOperations.get_CM_parcels()
2018-12-27 17:08:24,824 INFO: NoSuchElementException in TransactionTrackerOperations.get_CM_parcels()
2018-12-27 17:08:29,779 INFO: NoSuchElementException in TransactionTrackerOperations.get_CM_parcels()
2018-12-27 17:08:36,895 INFO: Executing TransactionTrackerOperations.search_process_for_CMPDM() for: Performance Health|McKesson TIFT REGIONAL MEDICAL CENTER|810
2018-12-27 17:08:37,347 INFO: Executing TransactionTrackerOperations.select_customer()
2018-12-27 17:08:44,645 INFO: Executing TransactionTrackerOperations.select_customer()
2018-12-27 17:08:58,398 INFO: Executing TransactionTrackerOperations.get_CM_parcels()
2018-12-27 17:09:03,824 INFO: Executing TransactionTrackerOperations.search_process_for_CMPDM() for: Performance Health|McKesson TRINITY MOTHER FRANCES HOSPITAL|810
2018-12-27 17:09:04,781 INFO: Executing TransactionTrackerOperations.select_customer()
2018-12-27 17:09:12,017 INFO: Executing TransactionTrackerOperations.select_customer()
2018-12-27 17:09:26,577 INFO: Executing TransactionTrackerOperations.get_CM_parcels()
2018-12-27 17:09:30,332 INFO: NoSuchElementException in TransactionTrackerOperations.get_CM_parcels()
2018-12-27 17:09:36,131 INFO: NoSuchElementException in TransactionTrackerOperations.get_CM_parcels()
2018-12-27 17:09:41,701 INFO: NoSuchElementException in TransactionTrackerOperations.get_CM_parcels()
2018-12-27 17:09:47,266 INFO: NoSuchElementException in TransactionTrackerOperations.get_CM_parcels()
2018-12-27 17:09:54,066 INFO: NoSuchElementException in TransactionTrackerOperations.get_CM_parcels()
2018-12-27 17:09:59,760 INFO: NoSuchElementException in TransactionTrackerOperations.get_CM_parcels()
2018-12-27 17:10:05,376 INFO: NoSuchElementException in TransactionTrackerOperations.get_CM_parcels()
2018-12-27 17:10:07,962 INFO: NoSuchElementException in TransactionTrackerOperations.get_CM_parcels()
2018-12-27 17:10:15,807 INFO: Executing TransactionTrackerOperations.search_process_for_CMPDM() for: Performance Health|McKesson Truman Medical Center|810
2018-12-27 17:10:16,605 INFO: Executing TransactionTrackerOperations.select_customer()
2018-12-27 17:10:23,819 INFO: Executing TransactionTrackerOperations.select_customer()
2018-12-27 17:10:37,839 INFO: Executing TransactionTrackerOperations.get_CM_parcels()
2018-12-27 17:10:42,130 INFO: Executing TransactionTrackerOperations.search_process_for_CMPDM() for: Performance Health|McKesson UNITED HOSPITAL SYSTEM INC|810
2018-12-27 17:10:42,988 INFO: Executing TransactionTrackerOperations.select_customer()
2018-12-27 17:10:50,083 INFO: Executing TransactionTrackerOperations.select_customer()
2018-12-27 17:11:04,948 INFO: Executing TransactionTrackerOperations.get_CM_parcels()
2018-12-27 17:11:09,648 INFO: NoSuchElementException in TransactionTrackerOperations.get_CM_parcels()
2018-12-27 17:11:15,701 INFO: NoSuchElementException in TransactionTrackerOperations.get_CM_parcels()
2018-12-27 17:11:21,590 INFO: NoSuchElementException in TransactionTrackerOperations.get_CM_parcels()
2018-12-27 17:11:24,772 INFO: NoSuchElementException in TransactionTrackerOperations.get_CM_parcels()
2018-12-27 17:11:34,100 INFO: Executing TransactionTrackerOperations.search_process_for_CMPDM() for: Performance Health|McKesson VAIL VALLEY MEDICAL CENTER|810
2018-12-27 17:11:35,887 INFO: Executing TransactionTrackerOperations.select_customer()
2018-12-27 17:11:43,964 INFO: Executing TransactionTrackerOperations.select_customer()
2018-12-27 17:11:58,888 INFO: Executing TransactionTrackerOperations.get_CM_parcels()
2018-12-27 17:12:06,796 INFO: Executing TransactionTrackerOperations.search_process_for_CMPDM() for: Performance Health|McKesson WHEATON FRANCISCAN HEALTHCARE|810
2018-12-27 17:12:08,077 INFO: Executing TransactionTrackerOperations.select_customer()
2018-12-27 17:12:18,327 INFO: Executing TransactionTrackerOperations.select_customer()
2018-12-27 17:12:33,560 INFO: Executing TransactionTrackerOperations.get_CM_parcels()
2018-12-27 17:12:41,020 INFO: Executing TransactionTrackerOperations.search_process_for_CMPDM() for: Performance Health|MFA DSSI|810
2018-12-27 17:12:42,142 INFO: Executing TransactionTrackerOperations.select_customer()
2018-12-27 17:12:49,584 INFO: Executing TransactionTrackerOperations.select_customer()
2018-12-27 17:13:01,775 INFO: Executing TransactionTrackerOperations.get_CM_parcels()
2018-12-27 17:13:09,467 INFO: Executing TransactionTrackerOperations.search_process_for_CMPDM() for: Performance Health|MIDWEST GERIATRIC DSSI|810
2018-12-27 17:13:10,691 INFO: Executing TransactionTrackerOperations.select_customer()
2018-12-27 17:13:18,209 INFO: Executing TransactionTrackerOperations.select_customer()
2018-12-27 17:13:31,247 INFO: Executing TransactionTrackerOperations.get_CM_parcels()
2018-12-27 17:13:31,721 INFO: NoSuchElementException in TransactionTrackerOperations.get_CM_parcels()
2018-12-27 17:13:40,777 INFO: Executing TransactionTrackerOperations.search_process_for_CMPDM() for: Performance Health|MIDWEST HEALTH DSSI|810
2018-12-27 17:13:42,045 INFO: Executing TransactionTrackerOperations.select_customer()
2018-12-27 17:13:49,638 INFO: Executing TransactionTrackerOperations.select_customer()
2018-12-27 17:14:02,642 INFO: Executing TransactionTrackerOperations.get_CM_parcels()
2018-12-27 17:14:07,440 INFO: NoSuchElementException in TransactionTrackerOperations.get_CM_parcels()
2018-12-27 17:14:13,376 INFO: NoSuchElementException in TransactionTrackerOperations.get_CM_parcels()
2018-12-27 17:14:20,678 INFO: NoSuchElementException in TransactionTrackerOperations.get_CM_parcels()
2018-12-27 17:14:23,777 INFO: NoSuchElementException in TransactionTrackerOperations.get_CM_parcels()
2018-12-27 17:14:31,458 INFO: Executing TransactionTrackerOperations.search_process_for_CMPDM() for: Performance Health|MISSION HEALTH DSSI|810
2018-12-27 17:14:32,281 INFO: Executing TransactionTrackerOperations.select_customer()
2018-12-27 17:14:39,732 INFO: Executing TransactionTrackerOperations.select_customer()
2018-12-27 17:14:52,584 INFO: Executing TransactionTrackerOperations.get_CM_parcels()
2018-12-27 17:14:56,948 INFO: NoSuchElementException in TransactionTrackerOperations.get_CM_parcels()
2018-12-27 17:15:03,163 INFO: NoSuchElementException in TransactionTrackerOperations.get_CM_parcels()
2018-12-27 17:15:09,163 INFO: NoSuchElementException in TransactionTrackerOperations.get_CM_parcels()
2018-12-27 17:15:15,175 INFO: NoSuchElementException in TransactionTrackerOperations.get_CM_parcels()
2018-12-27 17:15:21,061 INFO: NoSuchElementException in TransactionTrackerOperations.get_CM_parcels()
2018-12-27 17:15:27,066 INFO: NoSuchElementException in TransactionTrackerOperations.get_CM_parcels()
2018-12-27 17:15:33,011 INFO: NoSuchElementException in TransactionTrackerOperations.get_CM_parcels()
2018-12-27 17:15:38,701 INFO: NoSuchElementException in TransactionTrackerOperations.get_CM_parcels()
2018-12-27 17:15:47,378 INFO: Executing TransactionTrackerOperations.search_process_for_CMPDM() for: Performance Health|NEXION DSSI|810
2018-12-27 17:15:48,753 INFO: Executing TransactionTrackerOperations.select_customer()
2018-12-27 17:15:56,081 INFO: Executing TransactionTrackerOperations.select_customer()
2018-12-27 17:16:08,854 INFO: Executing TransactionTrackerOperations.get_CM_parcels()
2018-12-27 17:16:13,025 INFO: NoSuchElementException in TransactionTrackerOperations.get_CM_parcels()
2018-12-27 17:16:19,064 INFO: NoSuchElementException in TransactionTrackerOperations.get_CM_parcels()
2018-12-27 17:16:25,054 INFO: NoSuchElementException in TransactionTrackerOperations.get_CM_parcels()
2018-12-27 17:16:31,020 INFO: NoSuchElementException in TransactionTrackerOperations.get_CM_parcels()
2018-12-27 17:16:37,804 INFO: NoSuchElementException in TransactionTrackerOperations.get_CM_parcels()
2018-12-27 17:16:43,700 INFO: NoSuchElementException in TransactionTrackerOperations.get_CM_parcels()
2018-12-27 17:16:49,870 INFO: NoSuchElementException in TransactionTrackerOperations.get_CM_parcels()
2018-12-27 17:16:55,913 INFO: NoSuchElementException in TransactionTrackerOperations.get_CM_parcels()
2018-12-27 17:17:01,964 INFO: NoSuchElementException in TransactionTrackerOperations.get_CM_parcels()
2018-12-27 17:17:04,667 INFO: NoSuchElementException in TransactionTrackerOperations.get_CM_parcels()
2018-12-27 17:17:12,898 INFO: Executing TransactionTrackerOperations.search_process_for_CMPDM() for: Performance Health|NOLAND HEALTH SERVICES DSSI|810
2018-12-27 17:17:14,086 INFO: Executing TransactionTrackerOperations.select_customer()
2018-12-27 17:17:21,555 INFO: Executing TransactionTrackerOperations.select_customer()
2018-12-27 17:17:35,192 INFO: Executing TransactionTrackerOperations.get_CM_parcels()
2018-12-27 17:17:39,799 INFO: NoSuchElementException in TransactionTrackerOperations.get_CM_parcels()
2018-12-27 17:17:45,933 INFO: NoSuchElementException in TransactionTrackerOperations.get_CM_parcels()
2018-12-27 17:17:52,182 INFO: NoSuchElementException in TransactionTrackerOperations.get_CM_parcels()
2018-12-27 17:17:58,386 INFO: NoSuchElementException in TransactionTrackerOperations.get_CM_parcels()
2018-12-27 17:18:04,724 INFO: NoSuchElementException in TransactionTrackerOperations.get_CM_parcels()
2018-12-27 17:18:07,873 INFO: NoSuchElementException in TransactionTrackerOperations.get_CM_parcels()
2018-12-27 17:18:15,889 INFO: Executing TransactionTrackerOperations.search_process_for_CMPDM() for: Performance Health|NORTHPORT DSSI|810
2018-12-27 17:18:16,957 INFO: Executing TransactionTrackerOperations.select_customer()
2018-12-27 17:18:24,402 INFO: Executing TransactionTrackerOperations.select_customer()
2018-12-27 17:18:37,009 INFO: Executing TransactionTrackerOperations.get_CM_parcels()
2018-12-27 17:18:43,518 INFO: Executing TransactionTrackerOperations.search_process_for_CMPDM() for: Performance Health|NUVISION DSSI|810
2018-12-27 17:18:44,289 INFO: Executing TransactionTrackerOperations.select_customer()
2018-12-27 17:18:51,721 INFO: Executing TransactionTrackerOperations.select_customer()
2018-12-27 17:19:05,043 INFO: Executing TransactionTrackerOperations.get_CM_parcels()
2018-12-27 17:19:09,613 INFO: NoSuchElementException in TransactionTrackerOperations.get_CM_parcels()
2018-12-27 17:19:16,418 INFO: NoSuchElementException in TransactionTrackerOperations.get_CM_parcels()
2018-12-27 17:19:22,360 INFO: NoSuchElementException in TransactionTrackerOperations.get_CM_parcels()
2018-12-27 17:19:31,512 INFO: Executing TransactionTrackerOperations.search_process_for_CMPDM() for: Performance Health|ONIX GROUP DSSI|810
2018-12-27 17:19:32,338 INFO: Executing TransactionTrackerOperations.select_customer()
2018-12-27 17:19:39,713 INFO: Executing TransactionTrackerOperations.select_customer()
2018-12-27 17:19:52,608 INFO: Executing TransactionTrackerOperations.get_CM_parcels()
2018-12-27 17:19:56,711 INFO: NoSuchElementException in TransactionTrackerOperations.get_CM_parcels()
2018-12-27 17:20:03,201 INFO: NoSuchElementException in TransactionTrackerOperations.get_CM_parcels()
2018-12-27 17:20:09,265 INFO: NoSuchElementException in TransactionTrackerOperations.get_CM_parcels()
2018-12-27 17:20:15,283 INFO: NoSuchElementException in TransactionTrackerOperations.get_CM_parcels()
2018-12-27 17:20:18,704 INFO: NoSuchElementException in TransactionTrackerOperations.get_CM_parcels()
2018-12-27 17:20:25,923 INFO: Executing TransactionTrackerOperations.search_process_for_CMPDM() for: Performance Health|PENNMED CONSULTANTS INC DSSI|810
2018-12-27 17:20:27,204 INFO: Executing TransactionTrackerOperations.select_customer()
2018-12-27 17:20:34,997 INFO: Executing TransactionTrackerOperations.select_customer()
2018-12-27 17:20:48,204 INFO: Executing TransactionTrackerOperations.get_CM_parcels()
2018-12-27 17:20:54,777 INFO: Executing TransactionTrackerOperations.search_process_for_CMPDM() for: Performance Health|PREFERRED CARE DSSI|810
2018-12-27 17:20:55,690 INFO: Executing TransactionTrackerOperations.select_customer()
2018-12-27 17:21:02,991 INFO: Executing TransactionTrackerOperations.select_customer()
2018-12-27 17:21:15,896 INFO: Executing TransactionTrackerOperations.get_CM_parcels()
2018-12-27 17:21:22,549 INFO: Executing TransactionTrackerOperations.search_process_for_CMPDM() for: Performance Health|PRESBYTERIAN HOMES AND SERVICES DSSI|810
2018-12-27 17:21:23,660 INFO: Executing TransactionTrackerOperations.select_customer()
2018-12-27 17:21:31,012 INFO: Executing TransactionTrackerOperations.select_customer()
2018-12-27 17:21:44,693 INFO: Executing TransactionTrackerOperations.get_CM_parcels()
2018-12-27 17:21:49,280 INFO: NoSuchElementException in TransactionTrackerOperations.get_CM_parcels()
2018-12-27 17:21:55,496 INFO: NoSuchElementException in TransactionTrackerOperations.get_CM_parcels()
2018-12-27 17:22:01,667 INFO: NoSuchElementException in TransactionTrackerOperations.get_CM_parcels()
2018-12-27 17:22:07,711 INFO: NoSuchElementException in TransactionTrackerOperations.get_CM_parcels()
2018-12-27 17:22:14,047 INFO: NoSuchElementException in TransactionTrackerOperations.get_CM_parcels()
2018-12-27 17:22:20,198 INFO: NoSuchElementException in TransactionTrackerOperations.get_CM_parcels()
2018-12-27 17:22:25,617 INFO: NoSuchElementException in TransactionTrackerOperations.get_CM_parcels()
2018-12-27 17:22:34,393 INFO: Executing TransactionTrackerOperations.search_process_for_CMPDM() for: Performance Health|PRESBYTERIAN SENIOR LIVING DSSI|810
2018-12-27 17:22:35,702 INFO: Executing TransactionTrackerOperations.select_customer()
2018-12-27 17:22:43,118 INFO: Executing TransactionTrackerOperations.select_customer()
2018-12-27 17:22:56,660 INFO: Executing TransactionTrackerOperations.get_CM_parcels()
2018-12-27 17:23:01,672 INFO: NoSuchElementException in TransactionTrackerOperations.get_CM_parcels()
2018-12-27 17:23:08,932 INFO: NoSuchElementException in TransactionTrackerOperations.get_CM_parcels()
2018-12-27 17:23:14,964 INFO: NoSuchElementException in TransactionTrackerOperations.get_CM_parcels()
2018-12-27 17:23:20,888 INFO: NoSuchElementException in TransactionTrackerOperations.get_CM_parcels()
2018-12-27 17:23:25,899 INFO: NoSuchElementException in TransactionTrackerOperations.get_CM_parcels()
2018-12-27 17:23:33,475 INFO: Executing TransactionTrackerOperations.search_process_for_CMPDM() for: Performance Health|QUALITY LIFE SERVICES DSSI|810
2018-12-27 17:23:34,492 INFO: Executing TransactionTrackerOperations.select_customer()
2018-12-27 17:23:41,829 INFO: Executing TransactionTrackerOperations.select_customer()
2018-12-27 17:23:55,072 INFO: Executing TransactionTrackerOperations.get_CM_parcels()
2018-12-27 17:23:59,352 INFO: NoSuchElementException in TransactionTrackerOperations.get_CM_parcels()
2018-12-27 17:24:05,328 INFO: NoSuchElementException in TransactionTrackerOperations.get_CM_parcels()
2018-12-27 17:24:11,655 INFO: NoSuchElementException in TransactionTrackerOperations.get_CM_parcels()
2018-12-27 17:24:18,595 INFO: NoSuchElementException in TransactionTrackerOperations.get_CM_parcels()
2018-12-27 17:24:24,739 INFO: NoSuchElementException in TransactionTrackerOperations.get_CM_parcels()
2018-12-27 17:24:30,676 INFO: NoSuchElementException in TransactionTrackerOperations.get_CM_parcels()
2018-12-27 17:24:34,315 INFO: NoSuchElementException in TransactionTrackerOperations.get_CM_parcels()
2018-12-27 17:24:43,538 INFO: Executing TransactionTrackerOperations.search_process_for_CMPDM() for: Performance Health|Quest Healthcare Development DSSI|810
2018-12-27 17:24:44,374 INFO: Executing TransactionTrackerOperations.select_customer()
2018-12-27 17:24:51,835 INFO: Executing TransactionTrackerOperations.select_customer()
2018-12-27 17:25:04,961 INFO: Executing TransactionTrackerOperations.get_CM_parcels()
2018-12-27 17:25:11,388 INFO: Executing TransactionTrackerOperations.search_process_for_CMPDM() for: Performance Health|Regency Integrated Health Services DSSI|810
2018-12-27 17:25:12,708 INFO: Executing TransactionTrackerOperations.select_customer()
2018-12-27 17:25:20,036 INFO: Executing TransactionTrackerOperations.select_customer()
2018-12-27 17:25:33,801 INFO: Executing TransactionTrackerOperations.get_CM_parcels()
2018-12-27 17:25:40,265 INFO: Executing TransactionTrackerOperations.search_process_for_CMPDM() for: Performance Health|RENNES HEALTH DSSI|810
2018-12-27 17:25:41,004 INFO: Executing TransactionTrackerOperations.select_customer()
2018-12-27 17:25:48,324 INFO: Executing TransactionTrackerOperations.select_customer()
2018-12-27 17:26:01,459 INFO: Executing TransactionTrackerOperations.get_CM_parcels()
2018-12-27 17:26:05,839 INFO: NoSuchElementException in TransactionTrackerOperations.get_CM_parcels()
2018-12-27 17:26:11,826 INFO: NoSuchElementException in TransactionTrackerOperations.get_CM_parcels()
2018-12-27 17:26:17,673 INFO: NoSuchElementException in TransactionTrackerOperations.get_CM_parcels()
2018-12-27 17:26:23,671 INFO: NoSuchElementException in TransactionTrackerOperations.get_CM_parcels()
2018-12-27 17:26:29,542 INFO: NoSuchElementException in TransactionTrackerOperations.get_CM_parcels()
2018-12-27 17:26:33,554 INFO: NoSuchElementException in TransactionTrackerOperations.get_CM_parcels()
2018-12-27 17:26:41,393 INFO: Executing TransactionTrackerOperations.search_process_for_CMPDM() for: Performance Health|SABER HEALTHCARE DSSI|810
2018-12-27 17:26:42,218 INFO: Executing TransactionTrackerOperations.select_customer()
2018-12-27 17:26:49,650 INFO: Executing TransactionTrackerOperations.select_customer()
2018-12-27 17:27:02,851 INFO: Executing TransactionTrackerOperations.get_CM_parcels()
2018-12-27 17:27:08,895 INFO: Executing TransactionTrackerOperations.search_process_for_CMPDM() for: Performance Health|SPRENGER HEALTHCARE DSSI|810
2018-12-27 17:27:10,292 INFO: Executing TransactionTrackerOperations.select_customer()
2018-12-27 17:27:17,671 INFO: Executing TransactionTrackerOperations.select_customer()
2018-12-27 17:27:31,192 INFO: Executing TransactionTrackerOperations.get_CM_parcels()
2018-12-27 17:27:35,611 INFO: NoSuchElementException in TransactionTrackerOperations.get_CM_parcels()
2018-12-27 17:27:41,915 INFO: NoSuchElementException in TransactionTrackerOperations.get_CM_parcels()
2018-12-27 17:27:47,851 INFO: NoSuchElementException in TransactionTrackerOperations.get_CM_parcels()
2018-12-27 17:27:53,826 INFO: NoSuchElementException in TransactionTrackerOperations.get_CM_parcels()
2018-12-27 17:27:59,949 INFO: NoSuchElementException in TransactionTrackerOperations.get_CM_parcels()
2018-12-27 17:28:05,940 INFO: NoSuchElementException in TransactionTrackerOperations.get_CM_parcels()
2018-12-27 17:28:11,881 INFO: NoSuchElementException in TransactionTrackerOperations.get_CM_parcels()
2018-12-27 17:28:17,914 INFO: NoSuchElementException in TransactionTrackerOperations.get_CM_parcels()
2018-12-27 17:28:23,756 INFO: NoSuchElementException in TransactionTrackerOperations.get_CM_parcels()
2018-12-27 17:28:29,763 INFO: NoSuchElementException in TransactionTrackerOperations.get_CM_parcels()
2018-12-27 17:28:37,084 INFO: NoSuchElementException in TransactionTrackerOperations.get_CM_parcels()
2018-12-27 17:28:44,678 INFO: NoSuchElementException in TransactionTrackerOperations.get_CM_parcels()
2018-12-27 17:28:53,211 INFO: Executing TransactionTrackerOperations.search_process_for_CMPDM() for: Performance Health|SPRINGPOINT DSSI|810
2018-12-27 17:28:54,156 INFO: Executing TransactionTrackerOperations.select_customer()
2018-12-27 17:29:01,784 INFO: Executing TransactionTrackerOperations.select_customer()
2018-12-27 17:29:14,215 INFO: Executing TransactionTrackerOperations.get_CM_parcels()
2018-12-27 17:29:19,195 INFO: NoSuchElementException in TransactionTrackerOperations.get_CM_parcels()
2018-12-27 17:29:24,669 INFO: NoSuchElementException in TransactionTrackerOperations.get_CM_parcels()
2018-12-27 17:29:30,368 INFO: NoSuchElementException in TransactionTrackerOperations.get_CM_parcels()
2018-12-27 17:29:35,679 INFO: NoSuchElementException in TransactionTrackerOperations.get_CM_parcels()
2018-12-27 17:29:39,806 INFO: NoSuchElementException in TransactionTrackerOperations.get_CM_parcels()
2018-12-27 17:29:46,747 INFO: Executing TransactionTrackerOperations.search_process_for_CMPDM() for: Performance Health|STONERISE MEDICAL DSSI|810
2018-12-27 17:29:46,902 INFO: Executing TransactionTrackerOperations.select_customer()
2018-12-27 17:29:54,000 INFO: Executing TransactionTrackerOperations.select_customer()
2018-12-27 17:30:06,215 INFO: Executing TransactionTrackerOperations.get_CM_parcels()
2018-12-27 17:30:12,149 INFO: Executing TransactionTrackerOperations.search_process_for_CMPDM() for: Performance Health|TAMARAC ADMINISTRACTIVE SERVICES DSSI|810
2018-12-27 17:30:12,413 INFO: Executing TransactionTrackerOperations.select_customer()
2018-12-27 17:30:19,461 INFO: Executing TransactionTrackerOperations.select_customer()
2018-12-27 17:30:32,397 INFO: Executing TransactionTrackerOperations.get_CM_parcels()
2018-12-27 17:30:38,265 INFO: Executing TransactionTrackerOperations.search_process_for_CMPDM() for: Performance Health|TANDEM HEALTHCARE DSSI|810
2018-12-27 17:30:38,602 INFO: Executing TransactionTrackerOperations.select_customer()
2018-12-27 17:30:45,834 INFO: Executing TransactionTrackerOperations.select_customer()
2018-12-27 17:30:58,987 INFO: Executing TransactionTrackerOperations.get_CM_parcels()
2018-12-27 17:31:05,815 INFO: Executing TransactionTrackerOperations.search_process_for_CMPDM() for: Performance Health|TARA CARES LLC DSSI|810
2018-12-27 17:31:06,870 INFO: Executing TransactionTrackerOperations.select_customer()
2018-12-27 17:31:14,151 INFO: Executing TransactionTrackerOperations.select_customer()
2018-12-27 17:31:26,634 INFO: Executing TransactionTrackerOperations.get_CM_parcels()
2018-12-27 17:31:32,764 INFO: Executing TransactionTrackerOperations.search_process_for_CMPDM() for: Performance Health|TEALWOOD TWN DSSI|810
2018-12-27 17:31:33,168 INFO: Executing TransactionTrackerOperations.select_customer()
2018-12-27 17:31:40,641 INFO: Executing TransactionTrackerOperations.select_customer()
2018-12-27 17:31:53,139 INFO: Executing TransactionTrackerOperations.get_CM_parcels()
2018-12-27 17:31:56,662 INFO: NoSuchElementException in TransactionTrackerOperations.get_CM_parcels()
2018-12-27 17:32:02,300 INFO: NoSuchElementException in TransactionTrackerOperations.get_CM_parcels()
2018-12-27 17:32:07,726 INFO: NoSuchElementException in TransactionTrackerOperations.get_CM_parcels()
2018-12-27 17:32:12,860 INFO: NoSuchElementException in TransactionTrackerOperations.get_CM_parcels()
2018-12-27 17:32:18,074 INFO: NoSuchElementException in TransactionTrackerOperations.get_CM_parcels()
2018-12-27 17:32:23,874 INFO: NoSuchElementException in TransactionTrackerOperations.get_CM_parcels()
2018-12-27 17:32:29,328 INFO: NoSuchElementException in TransactionTrackerOperations.get_CM_parcels()
2018-12-27 17:32:34,781 INFO: NoSuchElementException in TransactionTrackerOperations.get_CM_parcels()
2018-12-27 17:32:39,995 INFO: NoSuchElementException in TransactionTrackerOperations.get_CM_parcels()
2018-12-27 17:32:45,380 INFO: NoSuchElementException in TransactionTrackerOperations.get_CM_parcels()
2018-12-27 17:32:50,689 INFO: NoSuchElementException in TransactionTrackerOperations.get_CM_parcels()
2018-12-27 17:32:53,175 INFO: NoSuchElementException in TransactionTrackerOperations.get_CM_parcels()
2018-12-27 17:33:00,627 INFO: Executing TransactionTrackerOperations.search_process_for_CMPDM() for: Performance Health|TRANS HEALTH CARE DSSI|810
2018-12-27 17:33:01,748 INFO: Executing TransactionTrackerOperations.select_customer()
2018-12-27 17:33:08,855 INFO: Executing TransactionTrackerOperations.select_customer()
2018-12-27 17:33:21,057 INFO: Executing TransactionTrackerOperations.get_CM_parcels()
2018-12-27 17:33:27,003 INFO: Executing TransactionTrackerOperations.search_process_for_CMPDM() for: Performance Health|UNITED MEDICAL DSSI|810
2018-12-27 17:33:27,688 INFO: Executing TransactionTrackerOperations.select_customer()
2018-12-27 17:33:35,032 INFO: Executing TransactionTrackerOperations.select_customer()
2018-12-27 17:33:49,474 INFO: Executing TransactionTrackerOperations.get_CM_parcels()
2018-12-27 17:33:55,548 INFO: Executing TransactionTrackerOperations.search_process_for_CMPDM() for: Performance Health|WILMAC DSSI|810
2018-12-27 17:33:55,862 INFO: Executing TransactionTrackerOperations.select_customer()
2018-12-27 17:34:03,662 INFO: Executing TransactionTrackerOperations.select_customer()
2018-12-27 17:34:18,869 INFO: Executing TransactionTrackerOperations.get_CM_parcels()
2018-12-27 17:34:23,465 INFO: NoSuchElementException in TransactionTrackerOperations.get_CM_parcels()
2018-12-27 17:34:31,940 INFO: NoSuchElementException in TransactionTrackerOperations.get_CM_parcels()
2018-12-27 17:34:39,369 INFO: NoSuchElementException in TransactionTrackerOperations.get_CM_parcels()
2018-12-27 17:34:45,351 INFO: NoSuchElementException in TransactionTrackerOperations.get_CM_parcels()
2018-12-27 17:34:48,669 INFO: NoSuchElementException in TransactionTrackerOperations.get_CM_parcels()
2018-12-27 17:34:55,956 INFO: Executing TransactionTrackerOperations.search_process_for_CMPDM() for: Performance Health|Senior Care Centers LLC|810
2018-12-27 17:34:57,375 INFO: Executing TransactionTrackerOperations.select_customer()
2018-12-27 17:35:06,421 INFO: Executing TransactionTrackerOperations.select_customer()
2018-12-27 17:35:19,177 INFO: Executing TransactionTrackerOperations.get_CM_parcels()
2018-12-27 17:35:25,945 INFO: Executing TransactionTrackerOperations.search_process_for_CMPDM() for: Performance Health|AMERICAN SENIOR COMMUNITIES DSSI|810
2018-12-27 17:35:26,659 INFO: Executing TransactionTrackerOperations.select_customer()
2018-12-27 17:35:33,828 INFO: Executing TransactionTrackerOperations.select_customer()
2018-12-27 17:35:46,999 INFO: Executing TransactionTrackerOperations.get_CM_parcels()
2018-12-27 17:35:53,205 INFO: Executing TransactionTrackerOperations.search_process_for_CMPDM() for: Performance Health|BaneCare Management DSSI|810
2018-12-27 17:35:53,698 INFO: Executing TransactionTrackerOperations.select_customer()
2018-12-27 17:36:01,015 INFO: Executing TransactionTrackerOperations.select_customer()
2018-12-27 17:36:13,447 INFO: Executing TransactionTrackerOperations.get_CM_parcels()
2018-12-27 17:36:18,889 INFO: Executing TransactionTrackerOperations.search_process_for_CMPDM() for: Performance Health|DSSI Next Step Healthcare|810
2018-12-27 17:36:19,859 INFO: Executing TransactionTrackerOperations.select_customer()
2018-12-27 17:36:27,107 INFO: Executing TransactionTrackerOperations.select_customer()
2018-12-27 17:36:39,833 INFO: Executing TransactionTrackerOperations.get_CM_parcels()
2018-12-27 17:36:45,900 INFO: Executing TransactionTrackerOperations.search_process_for_CMPDM() for: Performance Health|Regency Pacific DSSI|810
2018-12-27 17:36:46,451 INFO: Executing TransactionTrackerOperations.select_customer()
2018-12-27 17:36:53,664 INFO: Executing TransactionTrackerOperations.select_customer()
2018-12-27 17:37:06,100 INFO: Executing TransactionTrackerOperations.get_CM_parcels()
2018-12-27 17:37:06,473 INFO: NoSuchElementException in TransactionTrackerOperations.get_CM_parcels()
2018-12-27 17:37:13,831 INFO: Executing TransactionTrackerOperations.search_process_for_CMPDM() for: Performance Health|ADVANTAGE HPSI DSSI|810
2018-12-27 17:37:14,192 INFO: Executing TransactionTrackerOperations.select_customer()
2018-12-27 17:37:21,347 INFO: Executing TransactionTrackerOperations.select_customer()
2018-12-27 17:37:34,053 INFO: Executing TransactionTrackerOperations.get_CM_parcels()
2018-12-27 17:37:37,920 INFO: NoSuchElementException in TransactionTrackerOperations.get_CM_parcels()
2018-12-27 17:37:43,804 INFO: NoSuchElementException in TransactionTrackerOperations.get_CM_parcels()
2018-12-27 17:37:49,562 INFO: NoSuchElementException in TransactionTrackerOperations.get_CM_parcels()
2018-12-27 17:37:54,030 INFO: NoSuchElementException in TransactionTrackerOperations.get_CM_parcels()
2018-12-27 17:38:00,937 INFO: Executing TransactionTrackerOperations.search_process_for_CMPDM() for: Performance Health|ADVANTAGE NAVIGATOR DSSI|810
2018-12-27 17:38:02,465 INFO: Executing TransactionTrackerOperations.select_customer()
2018-12-27 17:38:10,904 INFO: Executing TransactionTrackerOperations.select_customer()
2018-12-27 17:38:25,997 INFO: Executing TransactionTrackerOperations.get_CM_parcels()
2018-12-27 17:38:33,479 INFO: Executing TransactionTrackerOperations.search_process_for_CMPDM() for: Performance Health|American Health Companies|810
2018-12-27 17:38:35,088 INFO: Executing TransactionTrackerOperations.select_customer()
2018-12-27 17:38:42,353 INFO: Executing TransactionTrackerOperations.select_customer()
2018-12-27 17:38:54,901 INFO: Executing TransactionTrackerOperations.get_CM_parcels()
2018-12-27 17:39:01,722 INFO: Executing TransactionTrackerOperations.search_process_for_CMPDM() for: Performance Health|APEX|810
2018-12-27 17:39:02,617 INFO: Executing TransactionTrackerOperations.select_customer()
2018-12-27 17:39:09,962 INFO: Executing TransactionTrackerOperations.select_customer()
2018-12-27 17:39:21,952 INFO: Executing TransactionTrackerOperations.get_CM_parcels()
2018-12-27 17:39:28,268 INFO: Executing TransactionTrackerOperations.search_process_for_CMPDM() for: Performance Health|APEX HEALTHCARE FLORIDA DSSI|810
2018-12-27 17:39:29,713 INFO: Executing TransactionTrackerOperations.select_customer()
2018-12-27 17:39:39,352 INFO: Executing TransactionTrackerOperations.select_customer()
2018-12-27 17:39:53,834 INFO: Executing TransactionTrackerOperations.get_CM_parcels()
2018-12-27 17:39:58,791 INFO: NoSuchElementException in TransactionTrackerOperations.get_CM_parcels()
2018-12-27 17:40:06,196 INFO: NoSuchElementException in TransactionTrackerOperations.get_CM_parcels()
2018-12-27 17:40:13,253 INFO: NoSuchElementException in TransactionTrackerOperations.get_CM_parcels()
2018-12-27 17:40:25,586 INFO: NoSuchElementException in TransactionTrackerOperations.get_CM_parcels()
2018-12-27 17:40:32,473 INFO: NoSuchElementException in TransactionTrackerOperations.get_CM_parcels()
2018-12-27 17:40:38,092 INFO: NoSuchElementException in TransactionTrackerOperations.get_CM_parcels()
2018-12-27 17:40:44,972 INFO: NoSuchElementException in TransactionTrackerOperations.get_CM_parcels()
2018-12-27 17:40:52,017 INFO: NoSuchElementException in TransactionTrackerOperations.get_CM_parcels()
2018-12-27 17:41:02,904 INFO: NoSuchElementException in TransactionTrackerOperations.get_CM_parcels()
2018-12-27 17:41:09,212 INFO: NoSuchElementException in TransactionTrackerOperations.get_CM_parcels()
2018-12-27 17:41:16,280 INFO: NoSuchElementException in TransactionTrackerOperations.get_CM_parcels()
2018-12-27 17:41:23,825 INFO: NoSuchElementException in TransactionTrackerOperations.get_CM_parcels()
2018-12-27 17:41:29,581 INFO: NoSuchElementException in TransactionTrackerOperations.get_CM_parcels()
2018-12-27 17:41:35,434 INFO: NoSuchElementException in TransactionTrackerOperations.get_CM_parcels()
2018-12-27 17:41:41,812 INFO: NoSuchElementException in TransactionTrackerOperations.get_CM_parcels()
2018-12-27 17:41:48,015 INFO: NoSuchElementException in TransactionTrackerOperations.get_CM_parcels()
2018-12-27 17:41:56,313 INFO: Executing TransactionTrackerOperations.search_process_for_CMPDM() for: Performance Health|ATRIUM LIVING CENTERS DSSI|810
2018-12-27 17:41:56,461 INFO: Executing TransactionTrackerOperations.select_customer()
2018-12-27 17:42:05,654 INFO: Executing TransactionTrackerOperations.select_customer()
2018-12-27 17:42:19,956 INFO: Executing TransactionTrackerOperations.get_CM_parcels()
2018-12-27 17:42:30,489 INFO: NoSuchElementException in TransactionTrackerOperations.get_CM_parcels()
2018-12-27 17:42:37,132 INFO: NoSuchElementException in TransactionTrackerOperations.get_CM_parcels()
2018-12-27 17:42:43,433 INFO: NoSuchElementException in TransactionTrackerOperations.get_CM_parcels()
2018-12-27 17:42:49,949 INFO: NoSuchElementException in TransactionTrackerOperations.get_CM_parcels()
2018-12-27 17:42:56,284 INFO: NoSuchElementException in TransactionTrackerOperations.get_CM_parcels()
2018-12-27 17:43:03,166 INFO: NoSuchElementException in TransactionTrackerOperations.get_CM_parcels()
2018-12-27 17:43:09,499 INFO: NoSuchElementException in TransactionTrackerOperations.get_CM_parcels()
2018-12-27 17:43:15,410 INFO: NoSuchElementException in TransactionTrackerOperations.get_CM_parcels()
2018-12-27 17:43:20,916 INFO: NoSuchElementException in TransactionTrackerOperations.get_CM_parcels()
2018-12-27 17:43:27,949 INFO: NoSuchElementException in TransactionTrackerOperations.get_CM_parcels()
2018-12-27 17:43:34,298 INFO: NoSuchElementException in TransactionTrackerOperations.get_CM_parcels()
2018-12-27 17:43:42,016 INFO: NoSuchElementException in TransactionTrackerOperations.get_CM_parcels()
2018-12-27 17:43:48,432 INFO: NoSuchElementException in TransactionTrackerOperations.get_CM_parcels()
2018-12-27 17:43:53,015 INFO: NoSuchElementException in TransactionTrackerOperations.get_CM_parcels()
2018-12-27 17:44:01,066 INFO: Executing TransactionTrackerOperations.search_process_for_CMPDM() for: Performance Health|AXIOM DSSI|810
2018-12-27 17:44:02,252 INFO: Executing TransactionTrackerOperations.select_customer()
2018-12-27 17:44:10,304 INFO: Executing TransactionTrackerOperations.select_customer()
2018-12-27 17:44:23,093 INFO: Executing TransactionTrackerOperations.get_CM_parcels()
2018-12-27 17:44:27,016 INFO: NoSuchElementException in TransactionTrackerOperations.get_CM_parcels()
2018-12-27 17:44:30,833 INFO: NoSuchElementException in TransactionTrackerOperations.get_CM_parcels()
2018-12-27 17:44:39,096 INFO: Executing TransactionTrackerOperations.search_process_for_CMPDM() for: Performance Health|BE GROUP DSSI|810
2018-12-27 17:44:40,449 INFO: Executing TransactionTrackerOperations.select_customer()
2018-12-27 17:44:48,380 INFO: Executing TransactionTrackerOperations.select_customer()
2018-12-27 17:45:00,749 INFO: Executing TransactionTrackerOperations.get_CM_parcels()
2018-12-27 17:45:09,055 INFO: Executing TransactionTrackerOperations.search_process_for_CMPDM() for: Performance Health|BEACON HEALTH DSSI|810
2018-12-27 17:45:10,772 INFO: Executing TransactionTrackerOperations.select_customer()
2018-12-27 17:45:18,249 INFO: Executing TransactionTrackerOperations.select_customer()
2018-12-27 17:45:31,081 INFO: Executing TransactionTrackerOperations.get_CM_parcels()
2018-12-27 17:45:35,248 INFO: NoSuchElementException in TransactionTrackerOperations.get_CM_parcels()
2018-12-27 17:45:41,060 INFO: NoSuchElementException in TransactionTrackerOperations.get_CM_parcels()
2018-12-27 17:45:46,889 INFO: NoSuchElementException in TransactionTrackerOperations.get_CM_parcels()
2018-12-27 17:45:51,992 INFO: NoSuchElementException in TransactionTrackerOperations.get_CM_parcels()
2018-12-27 17:45:57,317 INFO: NoSuchElementException in TransactionTrackerOperations.get_CM_parcels()
2018-12-27 17:46:01,750 INFO: NoSuchElementException in TransactionTrackerOperations.get_CM_parcels()
2018-12-27 17:46:09,617 INFO: Executing TransactionTrackerOperations.search_process_for_CMPDM() for: Performance Health|BENEDICTINE DSSI|810
2018-12-27 17:46:10,347 INFO: Executing TransactionTrackerOperations.select_customer()
2018-12-27 17:46:17,702 INFO: Executing TransactionTrackerOperations.select_customer()
2018-12-27 17:46:31,222 INFO: Executing TransactionTrackerOperations.get_CM_parcels()
2018-12-27 17:46:38,837 INFO: Executing TransactionTrackerOperations.search_process_for_CMPDM() for: Performance Health|Bethlen Communities Home Health and Hospice|810
2018-12-27 17:46:40,298 INFO: Executing TransactionTrackerOperations.select_customer()
2018-12-27 17:46:47,487 INFO: Executing TransactionTrackerOperations.select_customer()
2018-12-27 17:47:00,321 INFO: Executing TransactionTrackerOperations.get_CM_parcels()
2018-12-27 17:47:04,191 INFO: NoSuchElementException in TransactionTrackerOperations.get_CM_parcels()
2018-12-27 17:47:08,240 INFO: NoSuchElementException in TransactionTrackerOperations.get_CM_parcels()
2018-12-27 17:47:16,393 INFO: Executing TransactionTrackerOperations.search_process_for_CMPDM() for: Performance Health|BOMBAY LANE DSSI|810
2018-12-27 17:47:17,341 INFO: Executing TransactionTrackerOperations.select_customer()
2018-12-27 17:47:24,406 INFO: Executing TransactionTrackerOperations.select_customer()
2018-12-27 17:47:38,129 INFO: Executing TransactionTrackerOperations.get_CM_parcels()
2018-12-27 17:47:43,078 INFO: NoSuchElementException in TransactionTrackerOperations.get_CM_parcels()
2018-12-27 17:47:51,014 INFO: NoSuchElementException in TransactionTrackerOperations.get_CM_parcels()
2018-12-27 17:47:58,146 INFO: NoSuchElementException in TransactionTrackerOperations.get_CM_parcels()
2018-12-27 17:48:04,324 INFO: NoSuchElementException in TransactionTrackerOperations.get_CM_parcels()
2018-12-27 17:48:10,972 INFO: NoSuchElementException in TransactionTrackerOperations.get_CM_parcels()
2018-12-27 17:48:17,064 INFO: NoSuchElementException in TransactionTrackerOperations.get_CM_parcels()
2018-12-27 17:48:22,918 INFO: NoSuchElementException in TransactionTrackerOperations.get_CM_parcels()
2018-12-27 17:48:30,760 INFO: Executing TransactionTrackerOperations.search_process_for_CMPDM() for: Performance Health|CARDON AND ASSOCIATES DSSI|810
2018-12-27 17:48:32,497 INFO: Executing TransactionTrackerOperations.select_customer()
2018-12-27 17:48:41,212 INFO: Executing TransactionTrackerOperations.select_customer()
2018-12-27 17:48:55,240 INFO: Executing TransactionTrackerOperations.get_CM_parcels()
2018-12-27 17:49:01,243 INFO: NoSuchElementException in TransactionTrackerOperations.get_CM_parcels()
2018-12-27 17:49:10,879 INFO: NoSuchElementException in TransactionTrackerOperations.get_CM_parcels()
2018-12-27 17:49:18,360 INFO: NoSuchElementException in TransactionTrackerOperations.get_CM_parcels()
2018-12-27 17:49:25,693 INFO: NoSuchElementException in TransactionTrackerOperations.get_CM_parcels()
2018-12-27 17:49:31,741 INFO: NoSuchElementException in TransactionTrackerOperations.get_CM_parcels()
2018-12-27 17:49:38,306 INFO: NoSuchElementException in TransactionTrackerOperations.get_CM_parcels()
2018-12-27 17:49:44,742 INFO: NoSuchElementException in TransactionTrackerOperations.get_CM_parcels()
2018-12-27 17:49:50,941 INFO: NoSuchElementException in TransactionTrackerOperations.get_CM_parcels()
2018-12-27 17:49:57,039 INFO: NoSuchElementException in TransactionTrackerOperations.get_CM_parcels()
2018-12-27 17:50:07,735 INFO: NoSuchElementException in TransactionTrackerOperations.get_CM_parcels()
2018-12-27 17:50:13,172 INFO: NoSuchElementException in TransactionTrackerOperations.get_CM_parcels()
2018-12-27 17:50:18,318 INFO: NoSuchElementException in TransactionTrackerOperations.get_CM_parcels()
2018-12-27 17:50:23,729 INFO: NoSuchElementException in TransactionTrackerOperations.get_CM_parcels()
2018-12-27 17:50:28,971 INFO: NoSuchElementException in TransactionTrackerOperations.get_CM_parcels()
2018-12-27 17:50:34,197 INFO: NoSuchElementException in TransactionTrackerOperations.get_CM_parcels()
2018-12-27 17:50:38,505 INFO: NoSuchElementException in TransactionTrackerOperations.get_CM_parcels()
2018-12-27 17:50:46,872 INFO: Executing TransactionTrackerOperations.search_process_for_CMPDM() for: Performance Health|CERES PURCHASING SOLUTIONS DSSI|810
2018-12-27 17:50:47,315 INFO: Executing TransactionTrackerOperations.select_customer()
2018-12-27 17:50:54,455 INFO: Executing TransactionTrackerOperations.select_customer()
2018-12-27 17:51:07,168 INFO: Executing TransactionTrackerOperations.get_CM_parcels()
2018-12-27 17:51:14,455 INFO: Executing TransactionTrackerOperations.search_process_for_CMPDM() for: Performance Health|Chosen Healthcare DSSI|810
2018-12-27 17:51:15,828 INFO: Executing TransactionTrackerOperations.select_customer()
2018-12-27 17:51:22,922 INFO: Executing TransactionTrackerOperations.select_customer()
2018-12-27 17:51:34,977 INFO: Executing TransactionTrackerOperations.get_CM_parcels()
2018-12-27 17:51:42,166 INFO: Executing TransactionTrackerOperations.search_process_for_CMPDM() for: Performance Health|CLEAR CHOICE DSSI|810
2018-12-27 17:51:43,028 INFO: Executing TransactionTrackerOperations.select_customer()
2018-12-27 17:51:50,142 INFO: Executing TransactionTrackerOperations.select_customer()
2018-12-27 17:52:03,752 INFO: Executing TransactionTrackerOperations.get_CM_parcels()
2018-12-27 17:52:08,763 INFO: NoSuchElementException in TransactionTrackerOperations.get_CM_parcels()
2018-12-27 17:52:14,965 INFO: NoSuchElementException in TransactionTrackerOperations.get_CM_parcels()
2018-12-27 17:52:21,154 INFO: NoSuchElementException in TransactionTrackerOperations.get_CM_parcels()
2018-12-27 17:52:27,236 INFO: NoSuchElementException in TransactionTrackerOperations.get_CM_parcels()
2018-12-27 17:52:33,267 INFO: NoSuchElementException in TransactionTrackerOperations.get_CM_parcels()
2018-12-27 17:52:39,100 INFO: NoSuchElementException in TransactionTrackerOperations.get_CM_parcels()
2018-12-27 17:52:45,932 INFO: NoSuchElementException in TransactionTrackerOperations.get_CM_parcels()
2018-12-27 17:52:53,107 INFO: NoSuchElementException in TransactionTrackerOperations.get_CM_parcels()
2018-12-27 17:52:59,280 INFO: NoSuchElementException in TransactionTrackerOperations.get_CM_parcels()
2018-12-27 17:53:05,566 INFO: NoSuchElementException in TransactionTrackerOperations.get_CM_parcels()
2018-12-27 17:53:09,280 INFO: NoSuchElementException in TransactionTrackerOperations.get_CM_parcels()
2018-12-27 17:53:13,572 ERROR: Error in CMProductionDataMonitoring.TaskFilter()
