2019-01-08 10:27:00,471 INFO: Executing Script Credit Memo Prodution Data Monitoring
2019-01-08 10:27:00,642 INFO: Executing CMProductionDataMonitoring.execute_main()
2019-01-08 10:27:13,725 INFO: Login in to Launchpad
2019-01-08 10:27:27,490 INFO: Executing CMProductionDataMonitoring.TaskFilter()
2019-01-08 10:27:27,886 INFO: Refreshing access_token
2019-01-08 10:27:32,992 INFO: select InProgress task from input sheet from CMProductionDataMonitoring.TaskFilter()
2019-01-08 10:27:32,993 INFO: Executing TransactionTrackerOperations.search_process_for_CMPDM() for: Performance Health|McKesson BASCOM PALMER EYE INST|810
2019-01-08 10:27:33,434 INFO: Executing TransactionTrackerOperations.select_customer()
2019-01-08 10:27:40,994 INFO: Executing TransactionTrackerOperations.select_customer()
2019-01-08 10:27:54,073 INFO: Executing TransactionTrackerOperations.get_CM_parcels()
2019-01-08 10:28:02,917 INFO: Executing TransactionTrackerOperations.search_process_for_CMPDM() for: Performance Health|McKesson CABELL HUNTINGTON HOSPITAL|810
2019-01-08 10:28:03,371 INFO: Executing TransactionTrackerOperations.select_customer()
2019-01-08 10:28:10,423 INFO: Executing TransactionTrackerOperations.select_customer()
2019-01-08 10:28:26,954 INFO: Executing TransactionTrackerOperations.get_CM_parcels()
2019-01-08 10:28:31,111 INFO: NoSuchElementException in TransactionTrackerOperations.get_CM_parcels()
2019-01-08 10:28:38,477 INFO: NoSuchElementException in TransactionTrackerOperations.get_CM_parcels()
2019-01-08 10:28:50,928 INFO: NoSuchElementException in TransactionTrackerOperations.get_CM_parcels()
2019-01-08 10:29:03,373 INFO: Executing TransactionTrackerOperations.search_process_for_CMPDM() for: Performance Health|McKesson CHILDRENS HOSPITAL|810
2019-01-08 10:29:07,487 INFO: Executing TransactionTrackerOperations.select_customer()
2019-01-08 10:29:19,054 INFO: Executing TransactionTrackerOperations.select_customer()
2019-01-08 10:29:39,689 INFO: Executing TransactionTrackerOperations.get_CM_parcels()
2019-01-08 10:29:45,228 INFO: NoSuchElementException in TransactionTrackerOperations.get_CM_parcels()
2019-01-08 10:29:52,732 INFO: NoSuchElementException in TransactionTrackerOperations.get_CM_parcels()
2019-01-08 10:29:57,533 INFO: NoSuchElementException in TransactionTrackerOperations.get_CM_parcels()
2019-01-08 10:30:07,187 INFO: Executing TransactionTrackerOperations.search_process_for_CMPDM() for: Performance Health|McKesson CHRISTIANA CARE HEALTH|810
2019-01-08 10:30:08,552 INFO: Executing TransactionTrackerOperations.select_customer()
2019-01-08 10:30:16,923 INFO: Executing TransactionTrackerOperations.select_customer()
2019-01-08 10:30:32,362 INFO: Executing TransactionTrackerOperations.get_CM_parcels()
2019-01-08 10:30:36,885 INFO: NoSuchElementException in TransactionTrackerOperations.get_CM_parcels()
2019-01-08 10:30:45,744 INFO: NoSuchElementException in TransactionTrackerOperations.get_CM_parcels()
2019-01-08 10:30:54,092 INFO: NoSuchElementException in TransactionTrackerOperations.get_CM_parcels()
2019-01-08 10:31:03,354 INFO: NoSuchElementException in TransactionTrackerOperations.get_CM_parcels()
2019-01-08 10:31:13,268 INFO: NoSuchElementException in TransactionTrackerOperations.get_CM_parcels()
2019-01-08 10:31:21,376 INFO: NoSuchElementException in TransactionTrackerOperations.get_CM_parcels()
2019-01-08 10:31:28,639 INFO: NoSuchElementException in TransactionTrackerOperations.get_CM_parcels()
2019-01-08 10:31:34,979 INFO: NoSuchElementException in TransactionTrackerOperations.get_CM_parcels()
2019-01-08 10:31:43,551 INFO: NoSuchElementException in TransactionTrackerOperations.get_CM_parcels()
2019-01-08 10:31:50,723 INFO: NoSuchElementException in TransactionTrackerOperations.get_CM_parcels()
2019-01-08 10:31:57,575 INFO: NoSuchElementException in TransactionTrackerOperations.get_CM_parcels()
2019-01-08 10:32:06,276 INFO: NoSuchElementException in TransactionTrackerOperations.get_CM_parcels()
2019-01-08 10:32:15,579 INFO: NoSuchElementException in TransactionTrackerOperations.get_CM_parcels()
2019-01-08 10:32:22,249 INFO: NoSuchElementException in TransactionTrackerOperations.get_CM_parcels()
2019-01-08 10:32:28,904 INFO: NoSuchElementException in TransactionTrackerOperations.get_CM_parcels()
2019-01-08 10:32:35,844 INFO: NoSuchElementException in TransactionTrackerOperations.get_CM_parcels()
2019-01-08 10:32:40,704 INFO: NoSuchElementException in TransactionTrackerOperations.get_CM_parcels()
2019-01-08 10:32:50,036 INFO: Executing TransactionTrackerOperations.search_process_for_CMPDM() for: Performance Health|McKesson EMH REGIONAL HEALTHCARE SYSTEMS|810
2019-01-08 10:32:51,210 INFO: Executing TransactionTrackerOperations.select_customer()
2019-01-08 10:32:59,575 INFO: Executing TransactionTrackerOperations.select_customer()
2019-01-08 10:33:16,074 INFO: Executing TransactionTrackerOperations.get_CM_parcels()
2019-01-08 10:33:24,505 INFO: Executing TransactionTrackerOperations.search_process_for_CMPDM() for: Performance Health|McKesson EMORY HEALTHCARE|810
2019-01-08 10:33:26,543 INFO: Executing TransactionTrackerOperations.select_customer()
2019-01-08 10:33:34,904 INFO: Executing TransactionTrackerOperations.select_customer()
2019-01-08 10:33:51,735 INFO: Executing TransactionTrackerOperations.get_CM_parcels()
2019-01-08 10:34:00,014 INFO: Executing TransactionTrackerOperations.search_process_for_CMPDM() for: Performance Health|McKesson FIRELANDS REGIONAL MEDICAL CENTER|810
2019-01-08 10:34:00,623 INFO: Executing TransactionTrackerOperations.select_customer()
2019-01-08 10:34:11,909 INFO: Executing TransactionTrackerOperations.select_customer()
2019-01-08 10:34:29,761 INFO: Executing TransactionTrackerOperations.get_CM_parcels()
2019-01-08 10:34:37,925 INFO: Executing TransactionTrackerOperations.search_process_for_CMPDM() for: Performance Health|McKesson FIRSTHEALTH CAROLINAS|810
2019-01-08 10:34:38,632 INFO: Executing TransactionTrackerOperations.select_customer()
2019-01-08 10:34:47,593 INFO: Executing TransactionTrackerOperations.select_customer()
2019-01-08 10:35:02,116 INFO: Executing TransactionTrackerOperations.get_CM_parcels()
2019-01-08 10:35:09,377 INFO: Executing TransactionTrackerOperations.search_process_for_CMPDM() for: Performance Health|McKesson FRANCISCAN ALLIANCE INC|810
2019-01-08 10:35:10,619 INFO: Executing TransactionTrackerOperations.select_customer()
2019-01-08 10:35:18,661 INFO: Executing TransactionTrackerOperations.select_customer()
2019-01-08 10:35:31,692 INFO: Executing TransactionTrackerOperations.get_CM_parcels()
2019-01-08 10:35:38,337 INFO: Executing TransactionTrackerOperations.search_process_for_CMPDM() for: Performance Health|McKesson GOOD SHEPHERD REHAB NETWORK|810
2019-01-08 10:35:38,872 INFO: Executing TransactionTrackerOperations.select_customer()
2019-01-08 10:35:46,017 INFO: Executing TransactionTrackerOperations.select_customer()
2019-01-08 10:35:59,346 INFO: Executing TransactionTrackerOperations.get_CM_parcels()
2019-01-08 10:36:03,265 INFO: NoSuchElementException in TransactionTrackerOperations.get_CM_parcels()
2019-01-08 10:36:08,797 INFO: NoSuchElementException in TransactionTrackerOperations.get_CM_parcels()
2019-01-08 10:36:14,253 INFO: NoSuchElementException in TransactionTrackerOperations.get_CM_parcels()
2019-01-08 10:36:19,673 INFO: NoSuchElementException in TransactionTrackerOperations.get_CM_parcels()
2019-01-08 10:36:25,322 INFO: NoSuchElementException in TransactionTrackerOperations.get_CM_parcels()
2019-01-08 10:36:30,734 INFO: NoSuchElementException in TransactionTrackerOperations.get_CM_parcels()
2019-01-08 10:36:36,451 INFO: NoSuchElementException in TransactionTrackerOperations.get_CM_parcels()
2019-01-08 10:36:41,904 INFO: NoSuchElementException in TransactionTrackerOperations.get_CM_parcels()
2019-01-08 10:36:47,308 INFO: NoSuchElementException in TransactionTrackerOperations.get_CM_parcels()
2019-01-08 10:36:52,659 INFO: NoSuchElementException in TransactionTrackerOperations.get_CM_parcels()
2019-01-08 10:36:58,146 INFO: NoSuchElementException in TransactionTrackerOperations.get_CM_parcels()
2019-01-08 10:37:03,747 INFO: NoSuchElementException in TransactionTrackerOperations.get_CM_parcels()
2019-01-08 10:37:09,255 INFO: NoSuchElementException in TransactionTrackerOperations.get_CM_parcels()
2019-01-08 10:37:14,872 INFO: NoSuchElementException in TransactionTrackerOperations.get_CM_parcels()
2019-01-08 10:37:20,197 INFO: NoSuchElementException in TransactionTrackerOperations.get_CM_parcels()
2019-01-08 10:37:25,737 INFO: NoSuchElementException in TransactionTrackerOperations.get_CM_parcels()
2019-01-08 10:37:31,083 INFO: NoSuchElementException in TransactionTrackerOperations.get_CM_parcels()
2019-01-08 10:37:34,952 INFO: NoSuchElementException in TransactionTrackerOperations.get_CM_parcels()
2019-01-08 10:37:43,764 INFO: Executing TransactionTrackerOperations.search_process_for_CMPDM() for: Performance Health|McKesson HALIFAX REGIONAL HOSPITAL|810
2019-01-08 10:37:44,170 INFO: Executing TransactionTrackerOperations.select_customer()
2019-01-08 10:37:51,307 INFO: Executing TransactionTrackerOperations.select_customer()
2019-01-08 10:38:04,442 INFO: Executing TransactionTrackerOperations.get_CM_parcels()
2019-01-08 10:38:11,731 INFO: Executing TransactionTrackerOperations.search_process_for_CMPDM() for: Performance Health|McKesson HATTISBURG CLINIC|810
2019-01-08 10:38:12,432 INFO: Executing TransactionTrackerOperations.select_customer()
2019-01-08 10:38:19,513 INFO: Executing TransactionTrackerOperations.select_customer()
2019-01-08 10:38:32,357 INFO: Executing TransactionTrackerOperations.get_CM_parcels()
2019-01-08 10:38:39,548 INFO: Executing TransactionTrackerOperations.search_process_for_CMPDM() for: Performance Health|McKesson IL BONE AND JOINT|810
2019-01-08 10:38:40,479 INFO: Executing TransactionTrackerOperations.select_customer()
2019-01-08 10:38:47,591 INFO: Executing TransactionTrackerOperations.select_customer()
2019-01-08 10:39:00,586 INFO: Executing TransactionTrackerOperations.get_CM_parcels()
2019-01-08 10:39:06,880 INFO: Executing TransactionTrackerOperations.search_process_for_CMPDM() for: Performance Health|McKesson LAKE CHARLES MEMORIAL HOSPITAL|810
2019-01-08 10:39:07,259 INFO: Executing TransactionTrackerOperations.select_customer()
2019-01-08 10:39:14,918 INFO: Executing TransactionTrackerOperations.select_customer()
2019-01-08 10:39:28,240 INFO: Executing TransactionTrackerOperations.get_CM_parcels()
2019-01-08 10:39:36,121 INFO: Executing TransactionTrackerOperations.search_process_for_CMPDM() for: Performance Health|McKesson LAWRENCE MEMORIAL HOSPITAL|810
2019-01-08 10:39:36,600 INFO: Executing TransactionTrackerOperations.select_customer()
2019-01-08 10:39:43,739 INFO: Executing TransactionTrackerOperations.select_customer()
2019-01-08 10:39:57,068 INFO: Executing TransactionTrackerOperations.get_CM_parcels()
2019-01-08 10:40:00,781 INFO: NoSuchElementException in TransactionTrackerOperations.get_CM_parcels()
2019-01-08 10:40:06,224 INFO: NoSuchElementException in TransactionTrackerOperations.get_CM_parcels()
2019-01-08 10:40:11,548 INFO: NoSuchElementException in TransactionTrackerOperations.get_CM_parcels()
2019-01-08 10:40:16,893 INFO: NoSuchElementException in TransactionTrackerOperations.get_CM_parcels()
2019-01-08 10:40:23,739 INFO: NoSuchElementException in TransactionTrackerOperations.get_CM_parcels()
2019-01-08 10:40:28,901 INFO: NoSuchElementException in TransactionTrackerOperations.get_CM_parcels()
2019-01-08 10:40:37,493 INFO: Executing TransactionTrackerOperations.search_process_for_CMPDM() for: Performance Health|McKesson LEESBURG REGIONAL|810
2019-01-08 10:40:38,360 INFO: Executing TransactionTrackerOperations.select_customer()
2019-01-08 10:40:45,965 INFO: Executing TransactionTrackerOperations.select_customer()
2019-01-08 10:40:59,073 INFO: Executing TransactionTrackerOperations.get_CM_parcels()
2019-01-08 10:41:00,116 INFO: NoSuchElementException in TransactionTrackerOperations.get_CM_parcels()
2019-01-08 10:41:08,366 INFO: Executing TransactionTrackerOperations.search_process_for_CMPDM() for: Performance Health|McKesson LOMA LINDA UNIVERSITY MEDICAL CENTER|810
2019-01-08 10:41:08,736 INFO: Executing TransactionTrackerOperations.select_customer()
2019-01-08 10:41:15,830 INFO: Executing TransactionTrackerOperations.select_customer()
2019-01-08 10:41:29,174 INFO: Executing TransactionTrackerOperations.get_CM_parcels()
2019-01-08 10:41:29,556 INFO: NoSuchElementException in TransactionTrackerOperations.get_CM_parcels()
2019-01-08 10:41:36,414 INFO: Executing TransactionTrackerOperations.search_process_for_CMPDM() for: Performance Health|McKesson MCG HEALTH INC|810
2019-01-08 10:41:37,053 INFO: Executing TransactionTrackerOperations.select_customer()
2019-01-08 10:41:45,014 INFO: Executing TransactionTrackerOperations.select_customer()
2019-01-08 10:41:57,611 INFO: Executing TransactionTrackerOperations.get_CM_parcels()
2019-01-08 10:42:01,185 INFO: NoSuchElementException in TransactionTrackerOperations.get_CM_parcels()
2019-01-08 10:42:06,496 INFO: NoSuchElementException in TransactionTrackerOperations.get_CM_parcels()
2019-01-08 10:42:11,828 INFO: NoSuchElementException in TransactionTrackerOperations.get_CM_parcels()
2019-01-08 10:42:17,084 INFO: NoSuchElementException in TransactionTrackerOperations.get_CM_parcels()
2019-01-08 10:42:22,610 INFO: NoSuchElementException in TransactionTrackerOperations.get_CM_parcels()
2019-01-08 10:42:32,019 INFO: Executing TransactionTrackerOperations.search_process_for_CMPDM() for: Performance Health|McKesson NCH HEALTHCARE|810
2019-01-08 10:42:32,359 INFO: Executing TransactionTrackerOperations.select_customer()
2019-01-08 10:42:39,505 INFO: Executing TransactionTrackerOperations.select_customer()
2019-01-08 10:42:51,954 INFO: Executing TransactionTrackerOperations.get_CM_parcels()
2019-01-08 10:42:55,364 INFO: NoSuchElementException in TransactionTrackerOperations.get_CM_parcels()
2019-01-08 10:43:00,780 INFO: NoSuchElementException in TransactionTrackerOperations.get_CM_parcels()
2019-01-08 10:43:06,169 INFO: NoSuchElementException in TransactionTrackerOperations.get_CM_parcels()
2019-01-08 10:43:11,563 INFO: NoSuchElementException in TransactionTrackerOperations.get_CM_parcels()
2019-01-08 10:43:16,797 INFO: NoSuchElementException in TransactionTrackerOperations.get_CM_parcels()
2019-01-08 10:43:21,911 INFO: NoSuchElementException in TransactionTrackerOperations.get_CM_parcels()
2019-01-08 10:43:27,017 INFO: NoSuchElementException in TransactionTrackerOperations.get_CM_parcels()
2019-01-08 10:43:30,725 INFO: NoSuchElementException in TransactionTrackerOperations.get_CM_parcels()
2019-01-08 10:43:38,974 INFO: Executing TransactionTrackerOperations.search_process_for_CMPDM() for: Performance Health|McKesson SACRED HEART HOSPITAL|810
2019-01-08 10:43:39,188 INFO: Executing TransactionTrackerOperations.select_customer()
2019-01-08 10:43:46,296 INFO: Executing TransactionTrackerOperations.select_customer()
2019-01-08 10:43:58,949 INFO: Executing TransactionTrackerOperations.get_CM_parcels()
2019-01-08 10:44:06,223 INFO: Executing TransactionTrackerOperations.search_process_for_CMPDM() for: Performance Health|McKesson SAINT FRANCES MEDICAL CENTER|810
2019-01-08 10:44:06,587 INFO: Executing TransactionTrackerOperations.select_customer()
2019-01-08 10:44:13,637 INFO: Executing TransactionTrackerOperations.select_customer()
2019-01-08 10:44:26,993 INFO: Executing TransactionTrackerOperations.get_CM_parcels()
2019-01-08 10:44:30,485 INFO: NoSuchElementException in TransactionTrackerOperations.get_CM_parcels()
2019-01-08 10:44:35,733 INFO: NoSuchElementException in TransactionTrackerOperations.get_CM_parcels()
2019-01-08 10:44:40,821 INFO: NoSuchElementException in TransactionTrackerOperations.get_CM_parcels()
2019-01-08 10:44:44,465 INFO: NoSuchElementException in TransactionTrackerOperations.get_CM_parcels()
2019-01-08 10:44:52,449 INFO: Executing TransactionTrackerOperations.search_process_for_CMPDM() for: Performance Health|McKesson SOUTHERN NEW HAMPSHIRE MEDICAL CENTER|810
2019-01-08 10:44:52,761 INFO: Executing TransactionTrackerOperations.select_customer()
2019-01-08 10:44:59,840 INFO: Executing TransactionTrackerOperations.select_customer()
2019-01-08 10:45:13,541 INFO: Executing TransactionTrackerOperations.get_CM_parcels()
2019-01-08 10:45:17,478 INFO: NoSuchElementException in TransactionTrackerOperations.get_CM_parcels()
2019-01-08 10:45:22,933 INFO: NoSuchElementException in TransactionTrackerOperations.get_CM_parcels()
2019-01-08 10:45:28,260 INFO: NoSuchElementException in TransactionTrackerOperations.get_CM_parcels()
2019-01-08 10:45:33,518 INFO: NoSuchElementException in TransactionTrackerOperations.get_CM_parcels()
2019-01-08 10:45:36,405 INFO: NoSuchElementException in TransactionTrackerOperations.get_CM_parcels()
2019-01-08 10:45:44,483 INFO: Executing TransactionTrackerOperations.search_process_for_CMPDM() for: Performance Health|McKesson TIFT REGIONAL MEDICAL CENTER|810
2019-01-08 10:45:44,912 INFO: Executing TransactionTrackerOperations.select_customer()
2019-01-08 10:45:52,105 INFO: Executing TransactionTrackerOperations.select_customer()
2019-01-08 10:46:04,859 INFO: Executing TransactionTrackerOperations.get_CM_parcels()
2019-01-08 10:46:11,404 INFO: Executing TransactionTrackerOperations.search_process_for_CMPDM() for: Performance Health|McKesson TRINITY MOTHER FRANCES HOSPITAL|810
2019-01-08 10:46:11,762 INFO: Executing TransactionTrackerOperations.select_customer()
2019-01-08 10:46:18,867 INFO: Executing TransactionTrackerOperations.select_customer()
2019-01-08 10:46:31,755 INFO: Executing TransactionTrackerOperations.get_CM_parcels()
2019-01-08 10:46:35,066 INFO: NoSuchElementException in TransactionTrackerOperations.get_CM_parcels()
2019-01-08 10:46:40,382 INFO: NoSuchElementException in TransactionTrackerOperations.get_CM_parcels()
2019-01-08 10:46:45,415 INFO: NoSuchElementException in TransactionTrackerOperations.get_CM_parcels()
2019-01-08 10:46:50,530 INFO: NoSuchElementException in TransactionTrackerOperations.get_CM_parcels()
2019-01-08 10:46:55,779 INFO: NoSuchElementException in TransactionTrackerOperations.get_CM_parcels()
2019-01-08 10:47:01,227 INFO: NoSuchElementException in TransactionTrackerOperations.get_CM_parcels()
2019-01-08 10:47:06,400 INFO: NoSuchElementException in TransactionTrackerOperations.get_CM_parcels()
2019-01-08 10:47:09,997 INFO: NoSuchElementException in TransactionTrackerOperations.get_CM_parcels()
2019-01-08 10:47:18,829 INFO: Executing TransactionTrackerOperations.search_process_for_CMPDM() for: Performance Health|McKesson Truman Medical Center|810
2019-01-08 10:47:18,945 INFO: Executing TransactionTrackerOperations.select_customer()
2019-01-08 10:47:26,152 INFO: Executing TransactionTrackerOperations.select_customer()
2019-01-08 10:47:38,573 INFO: Executing TransactionTrackerOperations.get_CM_parcels()
2019-01-08 10:47:45,752 INFO: Executing TransactionTrackerOperations.search_process_for_CMPDM() for: Performance Health|McKesson UNITED HOSPITAL SYSTEM INC|810
2019-01-08 10:47:45,891 INFO: Executing TransactionTrackerOperations.select_customer()
2019-01-08 10:47:52,910 INFO: Executing TransactionTrackerOperations.select_customer()
2019-01-08 10:48:05,615 INFO: Executing TransactionTrackerOperations.get_CM_parcels()
2019-01-08 10:48:09,060 INFO: NoSuchElementException in TransactionTrackerOperations.get_CM_parcels()
2019-01-08 10:48:14,453 INFO: NoSuchElementException in TransactionTrackerOperations.get_CM_parcels()
2019-01-08 10:48:19,531 INFO: NoSuchElementException in TransactionTrackerOperations.get_CM_parcels()
2019-01-08 10:48:23,484 INFO: NoSuchElementException in TransactionTrackerOperations.get_CM_parcels()
2019-01-08 10:48:32,515 INFO: Executing TransactionTrackerOperations.search_process_for_CMPDM() for: Performance Health|McKesson VAIL VALLEY MEDICAL CENTER|810
2019-01-08 10:48:32,884 INFO: Executing TransactionTrackerOperations.select_customer()
2019-01-08 10:48:39,999 INFO: Executing TransactionTrackerOperations.select_customer()
2019-01-08 10:48:52,708 INFO: Executing TransactionTrackerOperations.get_CM_parcels()
2019-01-08 10:48:56,546 INFO: NoSuchElementException in TransactionTrackerOperations.get_CM_parcels()
2019-01-08 10:49:01,794 INFO: NoSuchElementException in TransactionTrackerOperations.get_CM_parcels()
2019-01-08 10:49:06,995 INFO: NoSuchElementException in TransactionTrackerOperations.get_CM_parcels()
2019-01-08 10:49:12,277 INFO: NoSuchElementException in TransactionTrackerOperations.get_CM_parcels()
2019-01-08 10:49:18,033 INFO: NoSuchElementException in TransactionTrackerOperations.get_CM_parcels()
2019-01-08 10:49:23,568 INFO: NoSuchElementException in TransactionTrackerOperations.get_CM_parcels()
2019-01-08 10:49:28,969 INFO: NoSuchElementException in TransactionTrackerOperations.get_CM_parcels()
2019-01-08 10:49:34,397 INFO: NoSuchElementException in TransactionTrackerOperations.get_CM_parcels()
2019-01-08 10:49:39,672 INFO: NoSuchElementException in TransactionTrackerOperations.get_CM_parcels()
2019-01-08 10:49:45,148 INFO: NoSuchElementException in TransactionTrackerOperations.get_CM_parcels()
2019-01-08 10:49:50,521 INFO: NoSuchElementException in TransactionTrackerOperations.get_CM_parcels()
2019-01-08 10:49:55,700 INFO: NoSuchElementException in TransactionTrackerOperations.get_CM_parcels()
2019-01-08 10:50:01,059 INFO: NoSuchElementException in TransactionTrackerOperations.get_CM_parcels()
2019-01-08 10:50:06,963 INFO: NoSuchElementException in TransactionTrackerOperations.get_CM_parcels()
2019-01-08 10:50:12,232 INFO: NoSuchElementException in TransactionTrackerOperations.get_CM_parcels()
2019-01-08 10:50:17,498 INFO: NoSuchElementException in TransactionTrackerOperations.get_CM_parcels()
2019-01-08 10:50:22,720 INFO: NoSuchElementException in TransactionTrackerOperations.get_CM_parcels()
2019-01-08 10:50:28,431 INFO: NoSuchElementException in TransactionTrackerOperations.get_CM_parcels()
2019-01-08 10:50:33,861 INFO: NoSuchElementException in TransactionTrackerOperations.get_CM_parcels()
2019-01-08 10:50:39,644 INFO: NoSuchElementException in TransactionTrackerOperations.get_CM_parcels()
2019-01-08 10:50:43,127 INFO: NoSuchElementException in TransactionTrackerOperations.get_CM_parcels()
2019-01-08 10:50:52,444 INFO: Executing TransactionTrackerOperations.search_process_for_CMPDM() for: Performance Health|McKesson WHEATON FRANCISCAN HEALTHCARE|810
2019-01-08 10:50:52,885 INFO: Executing TransactionTrackerOperations.select_customer()
2019-01-08 10:51:00,028 INFO: Executing TransactionTrackerOperations.select_customer()
2019-01-08 10:51:13,305 INFO: Executing TransactionTrackerOperations.get_CM_parcels()
2019-01-08 10:51:20,569 INFO: Executing TransactionTrackerOperations.search_process_for_CMPDM() for: Performance Health|MFA DSSI|810
2019-01-08 10:51:21,080 INFO: Executing TransactionTrackerOperations.select_customer()
2019-01-08 10:51:28,213 INFO: Executing TransactionTrackerOperations.select_customer()
2019-01-08 10:51:39,854 INFO: Executing TransactionTrackerOperations.get_CM_parcels()
2019-01-08 10:51:47,090 INFO: Executing TransactionTrackerOperations.search_process_for_CMPDM() for: Performance Health|MIDWEST GERIATRIC DSSI|810
2019-01-08 10:51:47,402 INFO: Executing TransactionTrackerOperations.select_customer()
2019-01-08 10:51:54,409 INFO: Executing TransactionTrackerOperations.select_customer()
2019-01-08 10:52:06,712 INFO: Executing TransactionTrackerOperations.get_CM_parcels()
2019-01-08 10:52:07,073 INFO: NoSuchElementException in TransactionTrackerOperations.get_CM_parcels()
2019-01-08 10:52:14,958 INFO: Executing TransactionTrackerOperations.search_process_for_CMPDM() for: Performance Health|MIDWEST HEALTH DSSI|810
2019-01-08 10:52:15,221 INFO: Executing TransactionTrackerOperations.select_customer()
2019-01-08 10:52:22,338 INFO: Executing TransactionTrackerOperations.select_customer()
2019-01-08 10:52:34,453 INFO: Executing TransactionTrackerOperations.get_CM_parcels()
2019-01-08 10:52:37,769 INFO: NoSuchElementException in TransactionTrackerOperations.get_CM_parcels()
2019-01-08 10:52:43,004 INFO: NoSuchElementException in TransactionTrackerOperations.get_CM_parcels()
2019-01-08 10:52:48,210 INFO: NoSuchElementException in TransactionTrackerOperations.get_CM_parcels()
2019-01-08 10:52:52,236 INFO: NoSuchElementException in TransactionTrackerOperations.get_CM_parcels()
2019-01-08 10:53:00,413 INFO: Executing TransactionTrackerOperations.search_process_for_CMPDM() for: Performance Health|MISSION HEALTH DSSI|810
2019-01-08 10:53:00,861 INFO: Executing TransactionTrackerOperations.select_customer()
2019-01-08 10:53:07,920 INFO: Executing TransactionTrackerOperations.select_customer()
2019-01-08 10:53:20,151 INFO: Executing TransactionTrackerOperations.get_CM_parcels()
2019-01-08 10:53:23,556 INFO: NoSuchElementException in TransactionTrackerOperations.get_CM_parcels()
2019-01-08 10:53:28,866 INFO: NoSuchElementException in TransactionTrackerOperations.get_CM_parcels()
2019-01-08 10:53:33,897 INFO: NoSuchElementException in TransactionTrackerOperations.get_CM_parcels()
2019-01-08 10:53:39,265 INFO: NoSuchElementException in TransactionTrackerOperations.get_CM_parcels()
2019-01-08 10:53:44,418 INFO: NoSuchElementException in TransactionTrackerOperations.get_CM_parcels()
2019-01-08 10:53:49,725 INFO: NoSuchElementException in TransactionTrackerOperations.get_CM_parcels()
2019-01-08 10:53:54,818 INFO: NoSuchElementException in TransactionTrackerOperations.get_CM_parcels()
2019-01-08 10:53:59,906 INFO: NoSuchElementException in TransactionTrackerOperations.get_CM_parcels()
2019-01-08 10:54:04,672 INFO: NoSuchElementException in TransactionTrackerOperations.get_CM_parcels()
2019-01-08 10:54:13,572 INFO: Executing TransactionTrackerOperations.search_process_for_CMPDM() for: Performance Health|NEXION DSSI|810
2019-01-08 10:54:14,362 INFO: Executing TransactionTrackerOperations.select_customer()
2019-01-08 10:54:21,526 INFO: Executing TransactionTrackerOperations.select_customer()
2019-01-08 10:54:33,248 INFO: Executing TransactionTrackerOperations.get_CM_parcels()
2019-01-08 10:54:36,740 INFO: NoSuchElementException in TransactionTrackerOperations.get_CM_parcels()
2019-01-08 10:54:41,994 INFO: NoSuchElementException in TransactionTrackerOperations.get_CM_parcels()
2019-01-08 10:54:47,006 INFO: NoSuchElementException in TransactionTrackerOperations.get_CM_parcels()
2019-01-08 10:54:52,055 INFO: NoSuchElementException in TransactionTrackerOperations.get_CM_parcels()
2019-01-08 10:54:57,209 INFO: NoSuchElementException in TransactionTrackerOperations.get_CM_parcels()
2019-01-08 10:55:02,409 INFO: NoSuchElementException in TransactionTrackerOperations.get_CM_parcels()
2019-01-08 10:55:07,474 INFO: NoSuchElementException in TransactionTrackerOperations.get_CM_parcels()
2019-01-08 10:55:12,685 INFO: NoSuchElementException in TransactionTrackerOperations.get_CM_parcels()
2019-01-08 10:55:17,753 INFO: NoSuchElementException in TransactionTrackerOperations.get_CM_parcels()
2019-01-08 10:55:22,611 INFO: NoSuchElementException in TransactionTrackerOperations.get_CM_parcels()
2019-01-08 10:55:31,048 INFO: Executing TransactionTrackerOperations.search_process_for_CMPDM() for: Performance Health|NOLAND HEALTH SERVICES DSSI|810
2019-01-08 10:55:31,571 INFO: Executing TransactionTrackerOperations.select_customer()
2019-01-08 10:55:38,624 INFO: Executing TransactionTrackerOperations.select_customer()
2019-01-08 10:55:51,380 INFO: Executing TransactionTrackerOperations.get_CM_parcels()
2019-01-08 10:55:54,711 INFO: NoSuchElementException in TransactionTrackerOperations.get_CM_parcels()
2019-01-08 10:55:59,967 INFO: NoSuchElementException in TransactionTrackerOperations.get_CM_parcels()
2019-01-08 10:56:05,232 INFO: NoSuchElementException in TransactionTrackerOperations.get_CM_parcels()
2019-01-08 10:56:10,263 INFO: NoSuchElementException in TransactionTrackerOperations.get_CM_parcels()
2019-01-08 10:56:15,547 INFO: NoSuchElementException in TransactionTrackerOperations.get_CM_parcels()
2019-01-08 10:56:19,470 INFO: NoSuchElementException in TransactionTrackerOperations.get_CM_parcels()
2019-01-08 10:56:26,109 INFO: Executing TransactionTrackerOperations.search_process_for_CMPDM() for: Performance Health|NORTHPORT DSSI|810
2019-01-08 10:56:26,857 INFO: Executing TransactionTrackerOperations.select_customer()
2019-01-08 10:56:33,898 INFO: Executing TransactionTrackerOperations.select_customer()
2019-01-08 10:56:45,795 INFO: Executing TransactionTrackerOperations.get_CM_parcels()
2019-01-08 10:56:53,010 INFO: Executing TransactionTrackerOperations.search_process_for_CMPDM() for: Performance Health|NUVISION DSSI|810
2019-01-08 10:56:53,259 INFO: Executing TransactionTrackerOperations.select_customer()
2019-01-08 10:57:00,328 INFO: Executing TransactionTrackerOperations.select_customer()
2019-01-08 10:57:12,251 INFO: Executing TransactionTrackerOperations.get_CM_parcels()
2019-01-08 10:57:16,870 INFO: NoSuchElementException in TransactionTrackerOperations.get_CM_parcels()
2019-01-08 10:57:22,316 INFO: NoSuchElementException in TransactionTrackerOperations.get_CM_parcels()
2019-01-08 10:57:27,488 INFO: NoSuchElementException in TransactionTrackerOperations.get_CM_parcels()
2019-01-08 10:57:36,281 INFO: Executing TransactionTrackerOperations.search_process_for_CMPDM() for: Performance Health|ONIX GROUP DSSI|810
2019-01-08 10:57:36,655 INFO: Executing TransactionTrackerOperations.select_customer()
2019-01-08 10:57:43,724 INFO: Executing TransactionTrackerOperations.select_customer()
2019-01-08 10:57:55,702 INFO: Executing TransactionTrackerOperations.get_CM_parcels()
2019-01-08 10:57:59,200 INFO: NoSuchElementException in TransactionTrackerOperations.get_CM_parcels()
2019-01-08 10:58:04,604 INFO: NoSuchElementException in TransactionTrackerOperations.get_CM_parcels()
2019-01-08 10:58:09,674 INFO: NoSuchElementException in TransactionTrackerOperations.get_CM_parcels()
2019-01-08 10:58:15,609 INFO: NoSuchElementException in TransactionTrackerOperations.get_CM_parcels()
2019-01-08 10:58:19,389 INFO: NoSuchElementException in TransactionTrackerOperations.get_CM_parcels()
2019-01-08 10:58:26,656 INFO: Executing TransactionTrackerOperations.search_process_for_CMPDM() for: Performance Health|PENNMED CONSULTANTS INC DSSI|810
2019-01-08 10:58:26,922 INFO: Executing TransactionTrackerOperations.select_customer()
2019-01-08 10:58:33,948 INFO: Executing TransactionTrackerOperations.select_customer()
2019-01-08 10:58:46,495 INFO: Executing TransactionTrackerOperations.get_CM_parcels()
2019-01-08 10:58:53,106 INFO: Executing TransactionTrackerOperations.search_process_for_CMPDM() for: Performance Health|PREFERRED CARE DSSI|810
2019-01-08 10:58:53,508 INFO: Executing TransactionTrackerOperations.select_customer()
2019-01-08 10:59:00,765 INFO: Executing TransactionTrackerOperations.select_customer()
2019-01-08 10:59:12,966 INFO: Executing TransactionTrackerOperations.get_CM_parcels()
2019-01-08 10:59:20,273 INFO: Executing TransactionTrackerOperations.search_process_for_CMPDM() for: Performance Health|PRESBYTERIAN HOMES AND SERVICES DSSI|810
2019-01-08 10:59:20,650 INFO: Executing TransactionTrackerOperations.select_customer()
2019-01-08 10:59:27,742 INFO: Executing TransactionTrackerOperations.select_customer()
2019-01-08 10:59:40,564 INFO: Executing TransactionTrackerOperations.get_CM_parcels()
2019-01-08 10:59:43,872 INFO: NoSuchElementException in TransactionTrackerOperations.get_CM_parcels()
2019-01-08 10:59:49,080 INFO: NoSuchElementException in TransactionTrackerOperations.get_CM_parcels()
2019-01-08 10:59:54,467 INFO: NoSuchElementException in TransactionTrackerOperations.get_CM_parcels()
2019-01-08 10:59:59,473 INFO: NoSuchElementException in TransactionTrackerOperations.get_CM_parcels()
2019-01-08 11:00:04,659 INFO: NoSuchElementException in TransactionTrackerOperations.get_CM_parcels()
2019-01-08 11:00:09,935 INFO: NoSuchElementException in TransactionTrackerOperations.get_CM_parcels()
2019-01-08 11:00:15,244 INFO: NoSuchElementException in TransactionTrackerOperations.get_CM_parcels()
2019-01-08 11:00:17,720 INFO: NoSuchElementException in TransactionTrackerOperations.get_CM_parcels()
2019-01-08 11:00:27,367 INFO: Executing TransactionTrackerOperations.search_process_for_CMPDM() for: Performance Health|PRESBYTERIAN SENIOR LIVING DSSI|810
2019-01-08 11:00:27,772 INFO: Executing TransactionTrackerOperations.select_customer()
2019-01-08 11:00:34,795 INFO: Executing TransactionTrackerOperations.select_customer()
2019-01-08 11:00:47,249 INFO: Executing TransactionTrackerOperations.get_CM_parcels()
2019-01-08 11:00:50,909 INFO: NoSuchElementException in TransactionTrackerOperations.get_CM_parcels()
2019-01-08 11:00:56,342 INFO: NoSuchElementException in TransactionTrackerOperations.get_CM_parcels()
2019-01-08 11:01:01,758 INFO: NoSuchElementException in TransactionTrackerOperations.get_CM_parcels()
2019-01-08 11:01:07,052 INFO: NoSuchElementException in TransactionTrackerOperations.get_CM_parcels()
2019-01-08 11:01:12,000 INFO: NoSuchElementException in TransactionTrackerOperations.get_CM_parcels()
2019-01-08 11:01:20,057 INFO: Executing TransactionTrackerOperations.search_process_for_CMPDM() for: Performance Health|QUALITY LIFE SERVICES DSSI|810
2019-01-08 11:01:20,306 INFO: Executing TransactionTrackerOperations.select_customer()
2019-01-08 11:01:27,374 INFO: Executing TransactionTrackerOperations.select_customer()
2019-01-08 11:01:39,564 INFO: Executing TransactionTrackerOperations.get_CM_parcels()
2019-01-08 11:01:43,033 INFO: NoSuchElementException in TransactionTrackerOperations.get_CM_parcels()
2019-01-08 11:01:48,397 INFO: NoSuchElementException in TransactionTrackerOperations.get_CM_parcels()
2019-01-08 11:01:53,416 INFO: NoSuchElementException in TransactionTrackerOperations.get_CM_parcels()
2019-01-08 11:01:58,507 INFO: NoSuchElementException in TransactionTrackerOperations.get_CM_parcels()
2019-01-08 11:02:03,713 INFO: NoSuchElementException in TransactionTrackerOperations.get_CM_parcels()
2019-01-08 11:02:08,896 INFO: NoSuchElementException in TransactionTrackerOperations.get_CM_parcels()
2019-01-08 11:02:15,138 INFO: NoSuchElementException in TransactionTrackerOperations.get_CM_parcels()
2019-01-08 11:02:25,488 INFO: Executing TransactionTrackerOperations.search_process_for_CMPDM() for: Performance Health|Quest Healthcare Development DSSI|810
2019-01-08 11:02:25,740 INFO: Executing TransactionTrackerOperations.select_customer()
2019-01-08 11:02:32,856 INFO: Executing TransactionTrackerOperations.select_customer()
2019-01-08 11:02:44,990 INFO: Executing TransactionTrackerOperations.get_CM_parcels()
2019-01-08 11:02:52,132 INFO: Executing TransactionTrackerOperations.search_process_for_CMPDM() for: Performance Health|Regency Integrated Health Services DSSI|810
2019-01-08 11:02:52,616 INFO: Executing TransactionTrackerOperations.select_customer()
2019-01-08 11:02:59,805 INFO: Executing TransactionTrackerOperations.select_customer()
2019-01-08 11:03:12,406 INFO: Executing TransactionTrackerOperations.get_CM_parcels()
2019-01-08 11:03:18,593 INFO: Executing TransactionTrackerOperations.search_process_for_CMPDM() for: Performance Health|RENNES HEALTH DSSI|810
2019-01-08 11:03:19,920 INFO: Executing TransactionTrackerOperations.select_customer()
2019-01-08 11:03:26,949 INFO: Executing TransactionTrackerOperations.select_customer()
2019-01-08 11:03:38,968 INFO: Executing TransactionTrackerOperations.get_CM_parcels()
2019-01-08 11:03:42,354 INFO: NoSuchElementException in TransactionTrackerOperations.get_CM_parcels()
2019-01-08 11:03:47,643 INFO: NoSuchElementException in TransactionTrackerOperations.get_CM_parcels()
2019-01-08 11:03:52,797 INFO: NoSuchElementException in TransactionTrackerOperations.get_CM_parcels()
2019-01-08 11:03:57,884 INFO: NoSuchElementException in TransactionTrackerOperations.get_CM_parcels()
2019-01-08 11:04:02,981 INFO: NoSuchElementException in TransactionTrackerOperations.get_CM_parcels()
2019-01-08 11:04:06,925 INFO: NoSuchElementException in TransactionTrackerOperations.get_CM_parcels()
2019-01-08 11:04:15,229 INFO: Executing TransactionTrackerOperations.search_process_for_CMPDM() for: Performance Health|SABER HEALTHCARE DSSI|810
2019-01-08 11:04:15,531 INFO: Executing TransactionTrackerOperations.select_customer()
2019-01-08 11:04:22,584 INFO: Executing TransactionTrackerOperations.select_customer()
2019-01-08 11:04:34,683 INFO: Executing TransactionTrackerOperations.get_CM_parcels()
2019-01-08 11:04:41,248 INFO: Executing TransactionTrackerOperations.search_process_for_CMPDM() for: Performance Health|SPRENGER HEALTHCARE DSSI|810
2019-01-08 11:04:41,642 INFO: Executing TransactionTrackerOperations.select_customer()
2019-01-08 11:04:48,744 INFO: Executing TransactionTrackerOperations.select_customer()
2019-01-08 11:05:01,055 INFO: Executing TransactionTrackerOperations.get_CM_parcels()
2019-01-08 11:05:04,673 INFO: NoSuchElementException in TransactionTrackerOperations.get_CM_parcels()
2019-01-08 11:05:10,445 INFO: NoSuchElementException in TransactionTrackerOperations.get_CM_parcels()
2019-01-08 11:05:15,740 INFO: NoSuchElementException in TransactionTrackerOperations.get_CM_parcels()
2019-01-08 11:05:21,198 INFO: NoSuchElementException in TransactionTrackerOperations.get_CM_parcels()
2019-01-08 11:05:26,647 INFO: NoSuchElementException in TransactionTrackerOperations.get_CM_parcels()
2019-01-08 11:05:31,933 INFO: NoSuchElementException in TransactionTrackerOperations.get_CM_parcels()
2019-01-08 11:05:37,124 INFO: NoSuchElementException in TransactionTrackerOperations.get_CM_parcels()
2019-01-08 11:05:42,673 INFO: NoSuchElementException in TransactionTrackerOperations.get_CM_parcels()
2019-01-08 11:05:48,244 INFO: NoSuchElementException in TransactionTrackerOperations.get_CM_parcels()
2019-01-08 11:05:53,944 INFO: NoSuchElementException in TransactionTrackerOperations.get_CM_parcels()
2019-01-08 11:05:59,222 INFO: NoSuchElementException in TransactionTrackerOperations.get_CM_parcels()
2019-01-08 11:06:04,434 INFO: NoSuchElementException in TransactionTrackerOperations.get_CM_parcels()
2019-01-08 11:06:09,629 INFO: NoSuchElementException in TransactionTrackerOperations.get_CM_parcels()
2019-01-08 11:06:12,097 INFO: NoSuchElementException in TransactionTrackerOperations.get_CM_parcels()
2019-01-08 11:06:21,224 INFO: Executing TransactionTrackerOperations.search_process_for_CMPDM() for: Performance Health|SPRINGPOINT DSSI|810
2019-01-08 11:06:21,602 INFO: Executing TransactionTrackerOperations.select_customer()
2019-01-08 11:06:28,670 INFO: Executing TransactionTrackerOperations.select_customer()
2019-01-08 11:06:40,760 INFO: Executing TransactionTrackerOperations.get_CM_parcels()
2019-01-08 11:06:44,454 INFO: NoSuchElementException in TransactionTrackerOperations.get_CM_parcels()
2019-01-08 11:06:49,775 INFO: NoSuchElementException in TransactionTrackerOperations.get_CM_parcels()
2019-01-08 11:06:54,867 INFO: NoSuchElementException in TransactionTrackerOperations.get_CM_parcels()
2019-01-08 11:06:59,916 INFO: NoSuchElementException in TransactionTrackerOperations.get_CM_parcels()
2019-01-08 11:07:03,926 INFO: NoSuchElementException in TransactionTrackerOperations.get_CM_parcels()
2019-01-08 11:07:12,658 INFO: Executing TransactionTrackerOperations.search_process_for_CMPDM() for: Performance Health|STONERISE MEDICAL DSSI|810
2019-01-08 11:07:13,009 INFO: Executing TransactionTrackerOperations.select_customer()
2019-01-08 11:07:20,103 INFO: Executing TransactionTrackerOperations.select_customer()
2019-01-08 11:07:32,445 INFO: Executing TransactionTrackerOperations.get_CM_parcels()
2019-01-08 11:07:38,631 INFO: Executing TransactionTrackerOperations.search_process_for_CMPDM() for: Performance Health|TAMARAC ADMINISTRACTIVE SERVICES DSSI|810
2019-01-08 11:07:39,963 INFO: Executing TransactionTrackerOperations.select_customer()
2019-01-08 11:07:47,069 INFO: Executing TransactionTrackerOperations.select_customer()
2019-01-08 11:07:59,813 INFO: Executing TransactionTrackerOperations.get_CM_parcels()
2019-01-08 11:08:05,691 INFO: Executing TransactionTrackerOperations.search_process_for_CMPDM() for: Performance Health|TANDEM HEALTHCARE DSSI|810
2019-01-08 11:08:06,801 INFO: Executing TransactionTrackerOperations.select_customer()
2019-01-08 11:08:13,854 INFO: Executing TransactionTrackerOperations.select_customer()
2019-01-08 11:08:26,069 INFO: Executing TransactionTrackerOperations.get_CM_parcels()
2019-01-08 11:08:32,295 INFO: Executing TransactionTrackerOperations.search_process_for_CMPDM() for: Performance Health|TARA CARES LLC DSSI|810
2019-01-08 11:08:33,584 INFO: Executing TransactionTrackerOperations.select_customer()
2019-01-08 11:08:40,776 INFO: Executing TransactionTrackerOperations.select_customer()
2019-01-08 11:08:52,937 INFO: Executing TransactionTrackerOperations.get_CM_parcels()
2019-01-08 11:09:00,097 INFO: Executing TransactionTrackerOperations.search_process_for_CMPDM() for: Performance Health|TEALWOOD TWN DSSI|810
2019-01-08 11:09:00,440 INFO: Executing TransactionTrackerOperations.select_customer()
2019-01-08 11:09:07,480 INFO: Executing TransactionTrackerOperations.select_customer()
2019-01-08 11:09:20,812 INFO: Executing TransactionTrackerOperations.get_CM_parcels()
2019-01-08 11:09:24,299 INFO: NoSuchElementException in TransactionTrackerOperations.get_CM_parcels()
2019-01-08 11:09:29,596 INFO: NoSuchElementException in TransactionTrackerOperations.get_CM_parcels()
2019-01-08 11:09:34,765 INFO: NoSuchElementException in TransactionTrackerOperations.get_CM_parcels()
2019-01-08 11:09:39,932 INFO: NoSuchElementException in TransactionTrackerOperations.get_CM_parcels()
2019-01-08 11:09:45,067 INFO: NoSuchElementException in TransactionTrackerOperations.get_CM_parcels()
2019-01-08 11:09:50,194 INFO: NoSuchElementException in TransactionTrackerOperations.get_CM_parcels()
2019-01-08 11:09:55,451 INFO: NoSuchElementException in TransactionTrackerOperations.get_CM_parcels()
2019-01-08 11:10:00,639 INFO: NoSuchElementException in TransactionTrackerOperations.get_CM_parcels()
2019-01-08 11:10:05,712 INFO: NoSuchElementException in TransactionTrackerOperations.get_CM_parcels()
2019-01-08 11:10:10,789 INFO: NoSuchElementException in TransactionTrackerOperations.get_CM_parcels()
2019-01-08 11:10:16,669 INFO: NoSuchElementException in TransactionTrackerOperations.get_CM_parcels()
2019-01-08 11:10:21,791 INFO: NoSuchElementException in TransactionTrackerOperations.get_CM_parcels()
2019-01-08 11:10:31,906 INFO: Executing TransactionTrackerOperations.search_process_for_CMPDM() for: Performance Health|TRANS HEALTH CARE DSSI|810
2019-01-08 11:10:32,540 INFO: Executing TransactionTrackerOperations.select_customer()
2019-01-08 11:10:39,624 INFO: Executing TransactionTrackerOperations.select_customer()
2019-01-08 11:10:52,143 INFO: Executing TransactionTrackerOperations.get_CM_parcels()
2019-01-08 11:10:58,446 INFO: Executing TransactionTrackerOperations.search_process_for_CMPDM() for: Performance Health|UNITED MEDICAL DSSI|810
2019-01-08 11:10:59,875 INFO: Executing TransactionTrackerOperations.select_customer()
2019-01-08 11:11:06,951 INFO: Executing TransactionTrackerOperations.select_customer()
2019-01-08 11:11:19,187 INFO: Executing TransactionTrackerOperations.get_CM_parcels()
2019-01-08 11:11:26,396 INFO: Executing TransactionTrackerOperations.search_process_for_CMPDM() for: Performance Health|WILMAC DSSI|810
2019-01-08 11:11:26,805 INFO: Executing TransactionTrackerOperations.select_customer()
2019-01-08 11:11:33,935 INFO: Executing TransactionTrackerOperations.select_customer()
2019-01-08 11:11:47,287 INFO: Executing TransactionTrackerOperations.get_CM_parcels()
2019-01-08 11:11:51,231 INFO: NoSuchElementException in TransactionTrackerOperations.get_CM_parcels()
2019-01-08 11:11:56,608 INFO: NoSuchElementException in TransactionTrackerOperations.get_CM_parcels()
2019-01-08 11:12:01,819 INFO: NoSuchElementException in TransactionTrackerOperations.get_CM_parcels()
2019-01-08 11:12:07,093 INFO: NoSuchElementException in TransactionTrackerOperations.get_CM_parcels()
2019-01-08 11:12:10,806 INFO: NoSuchElementException in TransactionTrackerOperations.get_CM_parcels()
2019-01-08 11:12:18,287 INFO: Executing TransactionTrackerOperations.search_process_for_CMPDM() for: Performance Health|Senior Care Centers LLC|810
2019-01-08 11:12:19,649 INFO: Executing TransactionTrackerOperations.select_customer()
2019-01-08 11:12:26,756 INFO: Executing TransactionTrackerOperations.select_customer()
2019-01-08 11:12:39,081 INFO: Executing TransactionTrackerOperations.get_CM_parcels()
2019-01-08 11:12:45,864 INFO: completed CMProductionDataMonitoring.execute_main()
2019-01-08 11:38:13,378 INFO: Executing Script Credit Memo Prodution Data Monitoring
2019-01-08 11:38:13,538 INFO: Executing CMProductionDataMonitoring.execute_main()
2019-01-08 11:38:20,237 INFO: Login in to Launchpad
2019-01-08 11:39:02,074 INFO: Executing CMProductionDataMonitoring.TaskFilter()
2019-01-08 11:39:02,401 INFO: Refreshing access_token
2019-01-08 11:39:06,911 INFO: select InProgress task from input sheet from CMProductionDataMonitoring.TaskFilter()
2019-01-08 11:39:06,911 INFO: Executing TransactionTrackerOperations.search_process_for_CMPDM() for: Performance Health|BaneCare Management DSSI|810
2019-01-08 11:39:07,149 INFO: Executing TransactionTrackerOperations.select_customer()
2019-01-08 11:39:14,442 INFO: Executing TransactionTrackerOperations.select_customer()
2019-01-08 11:39:27,136 INFO: Executing TransactionTrackerOperations.get_CM_parcels()
2019-01-08 11:39:33,417 INFO: Executing TransactionTrackerOperations.search_process_for_CMPDM() for: Performance Health|DSSI Next Step Healthcare|810
2019-01-08 11:39:34,826 INFO: Executing TransactionTrackerOperations.select_customer()
2019-01-08 11:39:41,978 INFO: Executing TransactionTrackerOperations.select_customer()
2019-01-08 11:39:54,491 INFO: Executing TransactionTrackerOperations.get_CM_parcels()
2019-01-08 11:40:01,140 INFO: Executing TransactionTrackerOperations.search_process_for_CMPDM() for: Performance Health|Regency Pacific DSSI|810
2019-01-08 11:40:01,437 INFO: Executing TransactionTrackerOperations.select_customer()
2019-01-08 11:40:08,543 INFO: Executing TransactionTrackerOperations.select_customer()
2019-01-08 11:40:20,739 INFO: Executing TransactionTrackerOperations.get_CM_parcels()
2019-01-08 11:40:21,127 INFO: NoSuchElementException in TransactionTrackerOperations.get_CM_parcels()
2019-01-08 11:40:28,952 INFO: Executing TransactionTrackerOperations.search_process_for_CMPDM() for: Performance Health|ADVANTAGE HPSI DSSI|810
2019-01-08 11:40:29,392 INFO: Executing TransactionTrackerOperations.select_customer()
2019-01-08 11:40:36,434 INFO: Executing TransactionTrackerOperations.select_customer()
2019-01-08 11:40:48,643 INFO: Executing TransactionTrackerOperations.get_CM_parcels()
2019-01-08 11:40:52,121 INFO: NoSuchElementException in TransactionTrackerOperations.get_CM_parcels()
2019-01-08 11:40:58,089 INFO: NoSuchElementException in TransactionTrackerOperations.get_CM_parcels()
2019-01-08 11:41:03,368 INFO: NoSuchElementException in TransactionTrackerOperations.get_CM_parcels()
2019-01-08 11:41:08,791 INFO: NoSuchElementException in TransactionTrackerOperations.get_CM_parcels()
2019-01-08 11:41:18,387 INFO: Executing TransactionTrackerOperations.search_process_for_CMPDM() for: Performance Health|ADVANTAGE NAVIGATOR DSSI|810
2019-01-08 11:41:18,824 INFO: Executing TransactionTrackerOperations.select_customer()
2019-01-08 11:41:26,009 INFO: Executing TransactionTrackerOperations.select_customer()
2019-01-08 11:41:38,492 INFO: Executing TransactionTrackerOperations.get_CM_parcels()
2019-01-08 11:41:46,362 INFO: Executing TransactionTrackerOperations.search_process_for_CMPDM() for: Performance Health|American Health Companies|810
2019-01-08 11:41:46,565 INFO: Executing TransactionTrackerOperations.select_customer()
2019-01-08 11:41:53,684 INFO: Executing TransactionTrackerOperations.select_customer()
2019-01-08 11:42:05,691 INFO: Executing TransactionTrackerOperations.get_CM_parcels()
2019-01-08 11:42:11,876 INFO: Executing TransactionTrackerOperations.search_process_for_CMPDM() for: Performance Health|APEX|810
2019-01-08 11:42:13,456 INFO: Executing TransactionTrackerOperations.select_customer()
2019-01-08 11:42:20,564 INFO: Executing TransactionTrackerOperations.select_customer()
2019-01-08 11:42:32,223 INFO: Executing TransactionTrackerOperations.get_CM_parcels()
2019-01-08 11:42:38,455 INFO: Executing TransactionTrackerOperations.search_process_for_CMPDM() for: Performance Health|APEX HEALTHCARE FLORIDA DSSI|810
2019-01-08 11:42:39,683 INFO: Executing TransactionTrackerOperations.select_customer()
2019-01-08 11:42:46,798 INFO: Executing TransactionTrackerOperations.select_customer()
2019-01-08 11:42:59,411 INFO: Executing TransactionTrackerOperations.get_CM_parcels()
2019-01-08 11:43:02,879 INFO: NoSuchElementException in TransactionTrackerOperations.get_CM_parcels()
2019-01-08 11:43:08,444 INFO: NoSuchElementException in TransactionTrackerOperations.get_CM_parcels()
2019-01-08 11:43:13,705 INFO: NoSuchElementException in TransactionTrackerOperations.get_CM_parcels()
2019-01-08 11:43:18,982 INFO: NoSuchElementException in TransactionTrackerOperations.get_CM_parcels()
2019-01-08 11:43:24,174 INFO: NoSuchElementException in TransactionTrackerOperations.get_CM_parcels()
2019-01-08 11:43:29,508 INFO: NoSuchElementException in TransactionTrackerOperations.get_CM_parcels()
2019-01-08 11:43:34,726 INFO: NoSuchElementException in TransactionTrackerOperations.get_CM_parcels()
2019-01-08 11:43:39,954 INFO: NoSuchElementException in TransactionTrackerOperations.get_CM_parcels()
2019-01-08 11:43:45,229 INFO: NoSuchElementException in TransactionTrackerOperations.get_CM_parcels()
2019-01-08 11:43:50,755 INFO: NoSuchElementException in TransactionTrackerOperations.get_CM_parcels()
2019-01-08 11:43:56,068 INFO: NoSuchElementException in TransactionTrackerOperations.get_CM_parcels()
2019-01-08 11:44:01,475 INFO: NoSuchElementException in TransactionTrackerOperations.get_CM_parcels()
2019-01-08 11:44:06,908 INFO: NoSuchElementException in TransactionTrackerOperations.get_CM_parcels()
2019-01-08 11:44:12,331 INFO: NoSuchElementException in TransactionTrackerOperations.get_CM_parcels()
2019-01-08 11:44:18,228 INFO: NoSuchElementException in TransactionTrackerOperations.get_CM_parcels()
2019-01-08 11:44:23,648 INFO: NoSuchElementException in TransactionTrackerOperations.get_CM_parcels()
2019-01-08 11:44:27,195 INFO: NoSuchElementException in TransactionTrackerOperations.get_CM_parcels()
2019-01-08 11:44:36,526 INFO: Executing TransactionTrackerOperations.search_process_for_CMPDM() for: Performance Health|ATRIUM LIVING CENTERS DSSI|810
2019-01-08 11:44:37,436 INFO: Executing TransactionTrackerOperations.select_customer()
2019-01-08 11:44:44,520 INFO: Executing TransactionTrackerOperations.select_customer()
2019-01-08 11:44:57,296 INFO: Executing TransactionTrackerOperations.get_CM_parcels()
2019-01-08 11:45:00,946 INFO: NoSuchElementException in TransactionTrackerOperations.get_CM_parcels()
2019-01-08 11:45:06,671 INFO: NoSuchElementException in TransactionTrackerOperations.get_CM_parcels()
2019-01-08 11:45:12,563 INFO: NoSuchElementException in TransactionTrackerOperations.get_CM_parcels()
2019-01-08 11:45:22,010 INFO: NoSuchElementException in TransactionTrackerOperations.get_CM_parcels()
2019-01-08 11:45:27,593 INFO: NoSuchElementException in TransactionTrackerOperations.get_CM_parcels()
2019-01-08 11:45:33,528 INFO: NoSuchElementException in TransactionTrackerOperations.get_CM_parcels()
2019-01-08 11:45:38,933 INFO: NoSuchElementException in TransactionTrackerOperations.get_CM_parcels()
2019-01-08 11:45:44,304 INFO: NoSuchElementException in TransactionTrackerOperations.get_CM_parcels()
2019-01-08 11:45:49,803 INFO: NoSuchElementException in TransactionTrackerOperations.get_CM_parcels()
2019-01-08 11:45:55,520 INFO: NoSuchElementException in TransactionTrackerOperations.get_CM_parcels()
2019-01-08 11:46:00,979 INFO: NoSuchElementException in TransactionTrackerOperations.get_CM_parcels()
2019-01-08 11:46:06,460 INFO: NoSuchElementException in TransactionTrackerOperations.get_CM_parcels()
2019-01-08 11:46:11,797 INFO: NoSuchElementException in TransactionTrackerOperations.get_CM_parcels()
2019-01-08 11:46:17,386 INFO: NoSuchElementException in TransactionTrackerOperations.get_CM_parcels()
2019-01-08 11:46:21,134 INFO: NoSuchElementException in TransactionTrackerOperations.get_CM_parcels()
2019-01-08 11:46:31,242 INFO: Executing TransactionTrackerOperations.search_process_for_CMPDM() for: Performance Health|AXIOM DSSI|810
2019-01-08 11:46:32,064 INFO: Executing TransactionTrackerOperations.select_customer()
2019-01-08 11:46:39,141 INFO: Executing TransactionTrackerOperations.select_customer()
2019-01-08 11:46:51,030 INFO: Executing TransactionTrackerOperations.get_CM_parcels()
2019-01-08 11:46:54,487 INFO: NoSuchElementException in TransactionTrackerOperations.get_CM_parcels()
2019-01-08 11:46:59,306 INFO: NoSuchElementException in TransactionTrackerOperations.get_CM_parcels()
2019-01-08 11:47:07,441 INFO: Executing TransactionTrackerOperations.search_process_for_CMPDM() for: Performance Health|BE GROUP DSSI|810
2019-01-08 11:47:08,076 INFO: Executing TransactionTrackerOperations.select_customer()
2019-01-08 11:47:15,225 INFO: Executing TransactionTrackerOperations.select_customer()
2019-01-08 11:47:27,163 INFO: Executing TransactionTrackerOperations.get_CM_parcels()
2019-01-08 11:47:34,500 INFO: Executing TransactionTrackerOperations.search_process_for_CMPDM() for: Performance Health|BEACON HEALTH DSSI|810
2019-01-08 11:47:35,179 INFO: Executing TransactionTrackerOperations.select_customer()
2019-01-08 11:47:43,448 INFO: Executing TransactionTrackerOperations.select_customer()
2019-01-08 11:47:55,507 INFO: Executing TransactionTrackerOperations.get_CM_parcels()
2019-01-08 11:47:59,077 INFO: NoSuchElementException in TransactionTrackerOperations.get_CM_parcels()
2019-01-08 11:48:04,423 INFO: NoSuchElementException in TransactionTrackerOperations.get_CM_parcels()
2019-01-08 11:48:09,707 INFO: NoSuchElementException in TransactionTrackerOperations.get_CM_parcels()
2019-01-08 11:48:15,193 INFO: NoSuchElementException in TransactionTrackerOperations.get_CM_parcels()
2019-01-08 11:48:21,163 INFO: NoSuchElementException in TransactionTrackerOperations.get_CM_parcels()
2019-01-08 11:48:26,465 INFO: NoSuchElementException in TransactionTrackerOperations.get_CM_parcels()
2019-01-08 11:48:29,295 INFO: NoSuchElementException in TransactionTrackerOperations.get_CM_parcels()
2019-01-08 11:48:37,361 INFO: Executing TransactionTrackerOperations.search_process_for_CMPDM() for: Performance Health|BENEDICTINE DSSI|810
2019-01-08 11:48:37,942 INFO: Executing TransactionTrackerOperations.select_customer()
2019-01-08 11:48:45,143 INFO: Executing TransactionTrackerOperations.select_customer()
2019-01-08 11:48:58,187 INFO: Executing TransactionTrackerOperations.get_CM_parcels()
2019-01-08 11:49:06,070 INFO: Executing TransactionTrackerOperations.search_process_for_CMPDM() for: Performance Health|Bethlen Communities Home Health and Hospice|810
2019-01-08 11:49:06,407 INFO: Executing TransactionTrackerOperations.select_customer()
2019-01-08 11:49:12,658 INFO: Executing TransactionTrackerOperations.select_customer()
2019-01-08 11:49:14,739 ERROR: Error in CMProductionDataMonitoring.TaskFilter()
2019-01-08 11:49:20,512 INFO: Executing TransactionTrackerOperations.search_process_for_CMPDM() for: Performance Health|BOMBAY LANE DSSI|810
2019-01-08 11:49:20,540 INFO: Executing TransactionTrackerOperations.select_customer()
2019-01-08 11:49:27,641 INFO: Executing TransactionTrackerOperations.select_customer()
2019-01-08 11:49:39,538 INFO: Executing TransactionTrackerOperations.get_CM_parcels()
2019-01-08 11:49:42,993 INFO: NoSuchElementException in TransactionTrackerOperations.get_CM_parcels()
2019-01-08 11:49:48,369 INFO: NoSuchElementException in TransactionTrackerOperations.get_CM_parcels()
2019-01-08 11:49:53,423 INFO: NoSuchElementException in TransactionTrackerOperations.get_CM_parcels()
2019-01-08 11:49:58,543 INFO: NoSuchElementException in TransactionTrackerOperations.get_CM_parcels()
2019-01-08 11:50:03,638 INFO: NoSuchElementException in TransactionTrackerOperations.get_CM_parcels()
2019-01-08 11:50:08,804 INFO: NoSuchElementException in TransactionTrackerOperations.get_CM_parcels()
2019-01-08 11:50:14,779 INFO: NoSuchElementException in TransactionTrackerOperations.get_CM_parcels()
2019-01-08 11:50:19,086 INFO: NoSuchElementException in TransactionTrackerOperations.get_CM_parcels()
2019-01-08 11:50:27,612 INFO: Executing TransactionTrackerOperations.search_process_for_CMPDM() for: Performance Health|CARDON AND ASSOCIATES DSSI|810
2019-01-08 11:50:28,219 INFO: Executing TransactionTrackerOperations.select_customer()
2019-01-08 11:50:35,253 INFO: Executing TransactionTrackerOperations.select_customer()
2019-01-08 11:50:47,813 INFO: Executing TransactionTrackerOperations.get_CM_parcels()
2019-01-08 11:50:51,258 INFO: NoSuchElementException in TransactionTrackerOperations.get_CM_parcels()
2019-01-08 11:50:56,528 INFO: NoSuchElementException in TransactionTrackerOperations.get_CM_parcels()
2019-01-08 11:51:01,782 INFO: NoSuchElementException in TransactionTrackerOperations.get_CM_parcels()
2019-01-08 11:51:06,960 INFO: NoSuchElementException in TransactionTrackerOperations.get_CM_parcels()
2019-01-08 11:51:12,171 INFO: NoSuchElementException in TransactionTrackerOperations.get_CM_parcels()
2019-01-08 11:51:17,251 INFO: NoSuchElementException in TransactionTrackerOperations.get_CM_parcels()
2019-01-08 11:51:22,611 INFO: NoSuchElementException in TransactionTrackerOperations.get_CM_parcels()
2019-01-08 11:51:27,776 INFO: NoSuchElementException in TransactionTrackerOperations.get_CM_parcels()
2019-01-08 11:51:32,954 INFO: NoSuchElementException in TransactionTrackerOperations.get_CM_parcels()
2019-01-08 11:51:38,142 INFO: NoSuchElementException in TransactionTrackerOperations.get_CM_parcels()
2019-01-08 11:51:43,345 INFO: NoSuchElementException in TransactionTrackerOperations.get_CM_parcels()
2019-01-08 11:51:48,781 INFO: NoSuchElementException in TransactionTrackerOperations.get_CM_parcels()
2019-01-08 11:51:53,909 INFO: NoSuchElementException in TransactionTrackerOperations.get_CM_parcels()
2019-01-08 11:51:59,553 INFO: NoSuchElementException in TransactionTrackerOperations.get_CM_parcels()
2019-01-08 11:52:05,021 INFO: NoSuchElementException in TransactionTrackerOperations.get_CM_parcels()
2019-01-08 11:52:10,145 INFO: NoSuchElementException in TransactionTrackerOperations.get_CM_parcels()
2019-01-08 11:52:15,131 INFO: NoSuchElementException in TransactionTrackerOperations.get_CM_parcels()
2019-01-08 11:52:23,594 INFO: Executing TransactionTrackerOperations.search_process_for_CMPDM() for: Performance Health|CERES PURCHASING SOLUTIONS DSSI|810
2019-01-08 11:52:23,896 INFO: Executing TransactionTrackerOperations.select_customer()
2019-01-08 11:52:30,923 INFO: Executing TransactionTrackerOperations.select_customer()
2019-01-08 11:52:43,582 INFO: Executing TransactionTrackerOperations.get_CM_parcels()
2019-01-08 11:52:50,502 INFO: Executing TransactionTrackerOperations.search_process_for_CMPDM() for: Performance Health|Chosen Healthcare DSSI|810
2019-01-08 11:52:51,050 INFO: Executing TransactionTrackerOperations.select_customer()
2019-01-08 11:52:58,143 INFO: Executing TransactionTrackerOperations.select_customer()
2019-01-08 11:53:10,281 INFO: Executing TransactionTrackerOperations.get_CM_parcels()
2019-01-08 11:53:16,406 INFO: Executing TransactionTrackerOperations.search_process_for_CMPDM() for: Performance Health|CLEAR CHOICE DSSI|810
2019-01-08 11:53:16,629 INFO: Executing TransactionTrackerOperations.select_customer()
2019-01-08 11:53:24,198 INFO: Executing TransactionTrackerOperations.select_customer()
2019-01-08 11:53:36,337 INFO: Executing TransactionTrackerOperations.get_CM_parcels()
2019-01-08 11:53:39,760 INFO: NoSuchElementException in TransactionTrackerOperations.get_CM_parcels()
2019-01-08 11:53:45,187 INFO: NoSuchElementException in TransactionTrackerOperations.get_CM_parcels()
2019-01-08 11:53:50,427 INFO: NoSuchElementException in TransactionTrackerOperations.get_CM_parcels()
2019-01-08 11:53:55,551 INFO: NoSuchElementException in TransactionTrackerOperations.get_CM_parcels()
2019-01-08 11:54:00,856 INFO: NoSuchElementException in TransactionTrackerOperations.get_CM_parcels()
2019-01-08 11:54:06,033 INFO: NoSuchElementException in TransactionTrackerOperations.get_CM_parcels()
2019-01-08 11:54:11,077 INFO: NoSuchElementException in TransactionTrackerOperations.get_CM_parcels()
2019-01-08 11:54:17,338 INFO: NoSuchElementException in TransactionTrackerOperations.get_CM_parcels()
2019-01-08 11:54:22,465 INFO: NoSuchElementException in TransactionTrackerOperations.get_CM_parcels()
2019-01-08 11:54:27,863 INFO: NoSuchElementException in TransactionTrackerOperations.get_CM_parcels()
2019-01-08 11:54:32,302 INFO: NoSuchElementException in TransactionTrackerOperations.get_CM_parcels()
2019-01-08 11:54:40,809 INFO: Executing TransactionTrackerOperations.search_process_for_CMPDM() for: Performance Health|COMMUNICARE DSSI|810
2019-01-08 11:54:41,201 INFO: Executing TransactionTrackerOperations.select_customer()
2019-01-08 11:54:48,241 INFO: Executing TransactionTrackerOperations.select_customer()
2019-01-08 11:55:00,349 INFO: Executing TransactionTrackerOperations.get_CM_parcels()
2019-01-08 11:55:07,261 INFO: Executing TransactionTrackerOperations.search_process_for_CMPDM() for: Performance Health|COMPLETE HEALTHCARE DSSI|810
2019-01-08 11:55:07,634 INFO: Executing TransactionTrackerOperations.select_customer()
2019-01-08 11:55:14,682 INFO: Executing TransactionTrackerOperations.select_customer()
2019-01-08 11:55:27,113 INFO: Executing TransactionTrackerOperations.get_CM_parcels()
2019-01-08 11:55:30,432 INFO: NoSuchElementException in TransactionTrackerOperations.get_CM_parcels()
2019-01-08 11:55:35,752 INFO: NoSuchElementException in TransactionTrackerOperations.get_CM_parcels()
2019-01-08 11:55:40,808 INFO: NoSuchElementException in TransactionTrackerOperations.get_CM_parcels()
2019-01-08 11:55:45,871 INFO: NoSuchElementException in TransactionTrackerOperations.get_CM_parcels()
2019-01-08 11:55:51,188 INFO: NoSuchElementException in TransactionTrackerOperations.get_CM_parcels()
2019-01-08 11:55:56,336 INFO: NoSuchElementException in TransactionTrackerOperations.get_CM_parcels()
2019-01-08 11:56:01,715 INFO: NoSuchElementException in TransactionTrackerOperations.get_CM_parcels()
2019-01-08 11:56:07,190 INFO: NoSuchElementException in TransactionTrackerOperations.get_CM_parcels()
2019-01-08 11:56:12,427 INFO: NoSuchElementException in TransactionTrackerOperations.get_CM_parcels()
2019-01-08 11:56:17,690 INFO: NoSuchElementException in TransactionTrackerOperations.get_CM_parcels()
2019-01-08 11:56:23,306 INFO: NoSuchElementException in TransactionTrackerOperations.get_CM_parcels()
2019-01-08 11:56:28,617 INFO: NoSuchElementException in TransactionTrackerOperations.get_CM_parcels()
2019-01-08 11:56:34,206 INFO: NoSuchElementException in TransactionTrackerOperations.get_CM_parcels()
2019-01-08 11:56:39,646 INFO: NoSuchElementException in TransactionTrackerOperations.get_CM_parcels()
2019-01-08 11:56:45,013 INFO: NoSuchElementException in TransactionTrackerOperations.get_CM_parcels()
2019-01-08 11:56:50,398 INFO: NoSuchElementException in TransactionTrackerOperations.get_CM_parcels()
2019-01-08 11:56:52,878 INFO: NoSuchElementException in TransactionTrackerOperations.get_CM_parcels()
2019-01-08 11:57:01,814 INFO: Executing TransactionTrackerOperations.search_process_for_CMPDM() for: Performance Health|COVENANT DOVE DSSI|810
2019-01-08 11:57:02,450 INFO: Executing TransactionTrackerOperations.select_customer()
2019-01-08 11:57:09,574 INFO: Executing TransactionTrackerOperations.select_customer()
2019-01-08 11:57:21,806 INFO: Executing TransactionTrackerOperations.get_CM_parcels()
2019-01-08 11:57:25,286 INFO: NoSuchElementException in TransactionTrackerOperations.get_CM_parcels()
2019-01-08 11:57:30,632 INFO: NoSuchElementException in TransactionTrackerOperations.get_CM_parcels()
2019-01-08 11:57:35,734 INFO: NoSuchElementException in TransactionTrackerOperations.get_CM_parcels()
2019-01-08 11:57:40,812 INFO: NoSuchElementException in TransactionTrackerOperations.get_CM_parcels()
2019-01-08 11:57:46,138 INFO: NoSuchElementException in TransactionTrackerOperations.get_CM_parcels()
2019-01-08 11:57:51,310 INFO: NoSuchElementException in TransactionTrackerOperations.get_CM_parcels()
2019-01-08 11:57:56,484 INFO: NoSuchElementException in TransactionTrackerOperations.get_CM_parcels()
2019-01-08 11:58:01,700 INFO: NoSuchElementException in TransactionTrackerOperations.get_CM_parcels()
2019-01-08 11:58:07,058 INFO: NoSuchElementException in TransactionTrackerOperations.get_CM_parcels()
2019-01-08 11:58:12,208 INFO: NoSuchElementException in TransactionTrackerOperations.get_CM_parcels()
2019-01-08 11:58:17,459 INFO: NoSuchElementException in TransactionTrackerOperations.get_CM_parcels()
2019-01-08 11:58:22,810 INFO: NoSuchElementException in TransactionTrackerOperations.get_CM_parcels()
2019-01-08 11:58:28,135 INFO: NoSuchElementException in TransactionTrackerOperations.get_CM_parcels()
2019-01-08 11:58:33,382 INFO: NoSuchElementException in TransactionTrackerOperations.get_CM_parcels()
2019-01-08 11:58:38,553 INFO: NoSuchElementException in TransactionTrackerOperations.get_CM_parcels()
2019-01-08 11:58:43,919 INFO: NoSuchElementException in TransactionTrackerOperations.get_CM_parcels()
2019-01-08 11:58:49,342 INFO: NoSuchElementException in TransactionTrackerOperations.get_CM_parcels()
2019-01-08 11:58:54,520 INFO: NoSuchElementException in TransactionTrackerOperations.get_CM_parcels()
2019-01-08 11:58:59,744 INFO: NoSuchElementException in TransactionTrackerOperations.get_CM_parcels()
2019-01-08 11:59:05,028 INFO: NoSuchElementException in TransactionTrackerOperations.get_CM_parcels()
2019-01-08 11:59:10,435 INFO: NoSuchElementException in TransactionTrackerOperations.get_CM_parcels()
2019-01-08 11:59:15,756 INFO: NoSuchElementException in TransactionTrackerOperations.get_CM_parcels()
2019-01-08 11:59:21,352 INFO: NoSuchElementException in TransactionTrackerOperations.get_CM_parcels()
2019-01-08 11:59:25,023 INFO: NoSuchElementException in TransactionTrackerOperations.get_CM_parcels()
2019-01-08 11:59:34,261 INFO: Executing TransactionTrackerOperations.search_process_for_CMPDM() for: Performance Health|DIAKON LUTHERAN DSSI|810
2019-01-08 11:59:34,761 INFO: Executing TransactionTrackerOperations.select_customer()
2019-01-08 11:59:41,818 INFO: Executing TransactionTrackerOperations.select_customer()
2019-01-08 11:59:53,879 INFO: Executing TransactionTrackerOperations.get_CM_parcels()
2019-01-08 11:59:57,241 INFO: NoSuchElementException in TransactionTrackerOperations.get_CM_parcels()
2019-01-08 12:00:02,580 INFO: NoSuchElementException in TransactionTrackerOperations.get_CM_parcels()
2019-01-08 12:00:07,716 INFO: NoSuchElementException in TransactionTrackerOperations.get_CM_parcels()
2019-01-08 12:00:12,907 INFO: NoSuchElementException in TransactionTrackerOperations.get_CM_parcels()
2019-01-08 12:00:18,467 INFO: NoSuchElementException in TransactionTrackerOperations.get_CM_parcels()
2019-01-08 12:00:23,705 INFO: NoSuchElementException in TransactionTrackerOperations.get_CM_parcels()
2019-01-08 12:00:28,937 INFO: NoSuchElementException in TransactionTrackerOperations.get_CM_parcels()
2019-01-08 12:00:34,150 INFO: NoSuchElementException in TransactionTrackerOperations.get_CM_parcels()
2019-01-08 12:00:36,653 INFO: NoSuchElementException in TransactionTrackerOperations.get_CM_parcels()
2019-01-08 12:00:44,487 INFO: Executing TransactionTrackerOperations.search_process_for_CMPDM() for: Performance Health|DIVERSICARE DSSI|810
2019-01-08 12:00:45,733 INFO: Executing TransactionTrackerOperations.select_customer()
2019-01-08 12:00:52,876 INFO: Executing TransactionTrackerOperations.select_customer()
2019-01-08 12:01:05,020 INFO: Executing TransactionTrackerOperations.get_CM_parcels()
2019-01-08 12:01:12,255 INFO: Executing TransactionTrackerOperations.search_process_for_CMPDM() for: Performance Health|Dycora Transitional Health DSSI|810
2019-01-08 12:01:12,643 INFO: Executing TransactionTrackerOperations.select_customer()
2019-01-08 12:01:19,708 INFO: Executing TransactionTrackerOperations.select_customer()
2019-01-08 12:01:31,939 INFO: Executing TransactionTrackerOperations.get_CM_parcels()
2019-01-08 12:01:35,354 INFO: NoSuchElementException in TransactionTrackerOperations.get_CM_parcels()
2019-01-08 12:01:40,633 INFO: NoSuchElementException in TransactionTrackerOperations.get_CM_parcels()
2019-01-08 12:01:45,740 INFO: NoSuchElementException in TransactionTrackerOperations.get_CM_parcels()
2019-01-08 12:01:50,867 INFO: NoSuchElementException in TransactionTrackerOperations.get_CM_parcels()
2019-01-08 12:01:56,108 INFO: NoSuchElementException in TransactionTrackerOperations.get_CM_parcels()
2019-01-08 12:02:01,777 INFO: NoSuchElementException in TransactionTrackerOperations.get_CM_parcels()
2019-01-08 12:02:07,327 INFO: NoSuchElementException in TransactionTrackerOperations.get_CM_parcels()
2019-01-08 12:02:13,328 INFO: NoSuchElementException in TransactionTrackerOperations.get_CM_parcels()
2019-01-08 12:02:18,637 INFO: NoSuchElementException in TransactionTrackerOperations.get_CM_parcels()
2019-01-08 12:02:23,718 INFO: NoSuchElementException in TransactionTrackerOperations.get_CM_parcels()
2019-01-08 12:02:28,963 INFO: NoSuchElementException in TransactionTrackerOperations.get_CM_parcels()
2019-01-08 12:02:34,086 INFO: NoSuchElementException in TransactionTrackerOperations.get_CM_parcels()
2019-01-08 12:02:39,232 INFO: NoSuchElementException in TransactionTrackerOperations.get_CM_parcels()
2019-01-08 12:02:42,297 INFO: NoSuchElementException in TransactionTrackerOperations.get_CM_parcels()
2019-01-08 12:02:51,543 INFO: Executing TransactionTrackerOperations.search_process_for_CMPDM() for: Performance Health|ERICKSON RETIREMENT COMMUNITIES DSSI|810
2019-01-08 12:02:52,082 INFO: Executing TransactionTrackerOperations.select_customer()
2019-01-08 12:02:59,119 INFO: Executing TransactionTrackerOperations.select_customer()
2019-01-08 12:03:11,866 INFO: Executing TransactionTrackerOperations.get_CM_parcels()
2019-01-08 12:03:15,195 INFO: NoSuchElementException in TransactionTrackerOperations.get_CM_parcels()
2019-01-08 12:03:20,502 INFO: NoSuchElementException in TransactionTrackerOperations.get_CM_parcels()
2019-01-08 12:03:25,636 INFO: NoSuchElementException in TransactionTrackerOperations.get_CM_parcels()
2019-01-08 12:03:30,746 INFO: NoSuchElementException in TransactionTrackerOperations.get_CM_parcels()
2019-01-08 12:03:35,827 INFO: NoSuchElementException in TransactionTrackerOperations.get_CM_parcels()
2019-01-08 12:03:40,921 INFO: NoSuchElementException in TransactionTrackerOperations.get_CM_parcels()
2019-01-08 12:03:46,197 INFO: NoSuchElementException in TransactionTrackerOperations.get_CM_parcels()
2019-01-08 12:03:51,437 INFO: NoSuchElementException in TransactionTrackerOperations.get_CM_parcels()
2019-01-08 12:03:56,532 INFO: NoSuchElementException in TransactionTrackerOperations.get_CM_parcels()
2019-01-08 12:04:01,874 INFO: NoSuchElementException in TransactionTrackerOperations.get_CM_parcels()
2019-01-08 12:04:07,460 INFO: NoSuchElementException in TransactionTrackerOperations.get_CM_parcels()
2019-01-08 12:04:12,799 INFO: NoSuchElementException in TransactionTrackerOperations.get_CM_parcels()
2019-01-08 12:04:18,467 INFO: NoSuchElementException in TransactionTrackerOperations.get_CM_parcels()
2019-01-08 12:04:23,734 INFO: NoSuchElementException in TransactionTrackerOperations.get_CM_parcels()
2019-01-08 12:04:29,049 INFO: NoSuchElementException in TransactionTrackerOperations.get_CM_parcels()
2019-01-08 12:04:34,354 INFO: NoSuchElementException in TransactionTrackerOperations.get_CM_parcels()
2019-01-08 12:04:39,805 INFO: NoSuchElementException in TransactionTrackerOperations.get_CM_parcels()
2019-01-08 12:04:44,790 INFO: NoSuchElementException in TransactionTrackerOperations.get_CM_parcels()
2019-01-08 12:04:53,428 INFO: Executing TransactionTrackerOperations.search_process_for_CMPDM() for: Performance Health|FORTIS MANAGEMENT GROUP DSSI|810
2019-01-08 12:04:53,926 INFO: Executing TransactionTrackerOperations.select_customer()
2019-01-08 12:05:01,063 INFO: Executing TransactionTrackerOperations.select_customer()
2019-01-08 12:05:13,494 INFO: Executing TransactionTrackerOperations.get_CM_parcels()
2019-01-08 12:05:13,845 INFO: NoSuchElementException in TransactionTrackerOperations.get_CM_parcels()
2019-01-08 12:05:22,253 INFO: Executing TransactionTrackerOperations.search_process_for_CMPDM() for: Performance Health|GOOD SAMARITAN SOCIETY DSSI|810
2019-01-08 12:05:23,628 INFO: Executing TransactionTrackerOperations.select_customer()
2019-01-08 12:05:32,019 INFO: Executing TransactionTrackerOperations.select_customer()
2019-01-08 12:05:34,128 ERROR: Error in CMProductionDataMonitoring.TaskFilter()
2019-01-08 12:05:38,843 INFO: Executing TransactionTrackerOperations.search_process_for_CMPDM() for: Performance Health|GULF COAST HEALTHCARE DSSI|810
2019-01-08 12:05:38,865 INFO: Executing TransactionTrackerOperations.select_customer()
2019-01-08 12:07:21,193 ERROR: Error in CMProductionDataMonitoring.TaskFilter()
2019-01-08 12:07:27,378 INFO: Executing TransactionTrackerOperations.search_process_for_CMPDM() for: Performance Health|ICARE MANAGEMENT DSSI|810
2019-01-08 12:07:28,279 INFO: Executing TransactionTrackerOperations.select_customer()
2019-01-08 12:07:35,361 INFO: Executing TransactionTrackerOperations.select_customer()
2019-01-08 12:07:37,438 ERROR: Error in CMProductionDataMonitoring.TaskFilter()
2019-01-08 12:07:43,197 INFO: Executing TransactionTrackerOperations.search_process_for_CMPDM() for: Performance Health|Kindred Healthcare via IntelliOrder|810
2019-01-08 12:07:43,214 INFO: Executing TransactionTrackerOperations.select_customer()
2019-01-08 12:07:50,342 INFO: Executing TransactionTrackerOperations.select_customer()
2019-01-08 12:08:03,026 INFO: Executing TransactionTrackerOperations.get_CM_parcels()
2019-01-08 12:08:06,844 INFO: NoSuchElementException in TransactionTrackerOperations.get_CM_parcels()
2019-01-08 12:08:12,361 INFO: NoSuchElementException in TransactionTrackerOperations.get_CM_parcels()
2019-01-08 12:08:17,535 INFO: NoSuchElementException in TransactionTrackerOperations.get_CM_parcels()
2019-01-08 12:08:22,732 INFO: NoSuchElementException in TransactionTrackerOperations.get_CM_parcels()
2019-01-08 12:08:27,946 INFO: NoSuchElementException in TransactionTrackerOperations.get_CM_parcels()
2019-01-08 12:08:33,280 INFO: NoSuchElementException in TransactionTrackerOperations.get_CM_parcels()
2019-01-08 12:08:38,602 INFO: NoSuchElementException in TransactionTrackerOperations.get_CM_parcels()
2019-01-08 12:08:44,885 INFO: NoSuchElementException in TransactionTrackerOperations.get_CM_parcels()
2019-01-08 12:08:50,820 INFO: NoSuchElementException in TransactionTrackerOperations.get_CM_parcels()
2019-01-08 12:08:57,180 INFO: NoSuchElementException in TransactionTrackerOperations.get_CM_parcels()
2019-01-08 12:09:02,970 INFO: NoSuchElementException in TransactionTrackerOperations.get_CM_parcels()
2019-01-08 12:09:09,516 INFO: NoSuchElementException in TransactionTrackerOperations.get_CM_parcels()
2019-01-08 12:09:14,804 INFO: NoSuchElementException in TransactionTrackerOperations.get_CM_parcels()
2019-01-08 12:09:20,901 INFO: NoSuchElementException in TransactionTrackerOperations.get_CM_parcels()
2019-01-08 12:09:26,265 INFO: NoSuchElementException in TransactionTrackerOperations.get_CM_parcels()
2019-01-08 12:09:31,946 INFO: NoSuchElementException in TransactionTrackerOperations.get_CM_parcels()
2019-01-08 12:09:37,581 INFO: NoSuchElementException in TransactionTrackerOperations.get_CM_parcels()
2019-01-08 12:09:43,126 INFO: NoSuchElementException in TransactionTrackerOperations.get_CM_parcels()
2019-01-08 12:09:48,518 INFO: NoSuchElementException in TransactionTrackerOperations.get_CM_parcels()
2019-01-08 12:09:53,832 INFO: NoSuchElementException in TransactionTrackerOperations.get_CM_parcels()
2019-01-08 12:09:59,186 INFO: NoSuchElementException in TransactionTrackerOperations.get_CM_parcels()
2019-01-08 12:10:04,684 INFO: NoSuchElementException in TransactionTrackerOperations.get_CM_parcels()
2019-01-08 12:10:10,020 INFO: NoSuchElementException in TransactionTrackerOperations.get_CM_parcels()
2019-01-08 12:10:16,464 INFO: NoSuchElementException in TransactionTrackerOperations.get_CM_parcels()
2019-01-08 12:10:22,352 INFO: NoSuchElementException in TransactionTrackerOperations.get_CM_parcels()
2019-01-08 12:10:27,747 INFO: NoSuchElementException in TransactionTrackerOperations.get_CM_parcels()
2019-01-08 12:10:33,192 INFO: NoSuchElementException in TransactionTrackerOperations.get_CM_parcels()
2019-01-08 12:10:38,536 INFO: NoSuchElementException in TransactionTrackerOperations.get_CM_parcels()
2019-01-08 12:10:43,735 INFO: NoSuchElementException in TransactionTrackerOperations.get_CM_parcels()
2019-01-08 12:10:49,303 INFO: NoSuchElementException in TransactionTrackerOperations.get_CM_parcels()
2019-01-08 12:10:54,745 INFO: NoSuchElementException in TransactionTrackerOperations.get_CM_parcels()
2019-01-08 12:11:00,379 INFO: NoSuchElementException in TransactionTrackerOperations.get_CM_parcels()
2019-01-08 12:11:05,589 INFO: NoSuchElementException in TransactionTrackerOperations.get_CM_parcels()
2019-01-08 12:11:10,934 INFO: NoSuchElementException in TransactionTrackerOperations.get_CM_parcels()
2019-01-08 12:11:16,342 INFO: NoSuchElementException in TransactionTrackerOperations.get_CM_parcels()
2019-01-08 12:11:21,827 INFO: NoSuchElementException in TransactionTrackerOperations.get_CM_parcels()
2019-01-08 12:11:27,279 INFO: NoSuchElementException in TransactionTrackerOperations.get_CM_parcels()
2019-01-08 12:11:32,675 INFO: NoSuchElementException in TransactionTrackerOperations.get_CM_parcels()
2019-01-08 12:11:37,959 INFO: NoSuchElementException in TransactionTrackerOperations.get_CM_parcels()
2019-01-08 12:11:43,519 INFO: NoSuchElementException in TransactionTrackerOperations.get_CM_parcels()
2019-01-08 12:11:48,797 INFO: NoSuchElementException in TransactionTrackerOperations.get_CM_parcels()
2019-01-08 12:11:52,969 INFO: NoSuchElementException in TransactionTrackerOperations.get_CM_parcels()
2019-01-08 12:12:01,738 INFO: Executing TransactionTrackerOperations.search_process_for_CMPDM() for: Performance Health|LAVIE ADMINISTRATIVE SERVICES DSSI|810
2019-01-08 12:12:02,191 INFO: Executing TransactionTrackerOperations.select_customer()
2019-01-08 12:12:09,314 INFO: Executing TransactionTrackerOperations.select_customer()
2019-01-08 12:12:22,314 INFO: Executing TransactionTrackerOperations.get_CM_parcels()
2019-01-08 12:12:25,785 INFO: NoSuchElementException in TransactionTrackerOperations.get_CM_parcels()
2019-01-08 12:12:31,649 INFO: NoSuchElementException in TransactionTrackerOperations.get_CM_parcels()
2019-01-08 12:12:37,046 INFO: NoSuchElementException in TransactionTrackerOperations.get_CM_parcels()
2019-01-08 12:12:42,394 INFO: NoSuchElementException in TransactionTrackerOperations.get_CM_parcels()
2019-01-08 12:12:47,621 INFO: NoSuchElementException in TransactionTrackerOperations.get_CM_parcels()
2019-01-08 12:12:52,833 INFO: NoSuchElementException in TransactionTrackerOperations.get_CM_parcels()
2019-01-08 12:12:58,392 INFO: NoSuchElementException in TransactionTrackerOperations.get_CM_parcels()
2019-01-08 12:13:04,020 INFO: NoSuchElementException in TransactionTrackerOperations.get_CM_parcels()
2019-01-08 12:13:09,460 INFO: NoSuchElementException in TransactionTrackerOperations.get_CM_parcels()
2019-01-08 12:13:14,764 INFO: NoSuchElementException in TransactionTrackerOperations.get_CM_parcels()
2019-01-08 12:13:20,344 INFO: NoSuchElementException in TransactionTrackerOperations.get_CM_parcels()
2019-01-08 12:13:25,821 INFO: NoSuchElementException in TransactionTrackerOperations.get_CM_parcels()
2019-01-08 12:13:28,522 INFO: NoSuchElementException in TransactionTrackerOperations.get_CM_parcels()
2019-01-08 12:13:36,680 INFO: Executing TransactionTrackerOperations.search_process_for_CMPDM() for: Performance Health|LEGACY SENIOR DSSI|810
2019-01-08 12:13:37,030 INFO: Executing TransactionTrackerOperations.select_customer()
2019-01-08 12:13:44,681 INFO: Executing TransactionTrackerOperations.select_customer()
2019-01-08 12:13:56,948 INFO: Executing TransactionTrackerOperations.get_CM_parcels()
2019-01-08 12:14:04,319 INFO: Executing TransactionTrackerOperations.search_process_for_CMPDM() for: Performance Health|MARINER DSSI|810
2019-01-08 12:14:04,917 INFO: Executing TransactionTrackerOperations.select_customer()
2019-01-08 12:14:12,168 INFO: Executing TransactionTrackerOperations.select_customer()
2019-01-08 12:14:24,277 INFO: Executing TransactionTrackerOperations.get_CM_parcels()
2019-01-08 12:14:31,513 INFO: Executing TransactionTrackerOperations.search_process_for_CMPDM() for: Performance Health|MARINER HEALTH DSSI|810
2019-01-08 12:14:32,026 INFO: Executing TransactionTrackerOperations.select_customer()
2019-01-08 12:14:39,254 INFO: Executing TransactionTrackerOperations.select_customer()
2019-01-08 12:14:51,680 INFO: Executing TransactionTrackerOperations.get_CM_parcels()
2019-01-08 12:14:55,348 INFO: NoSuchElementException in TransactionTrackerOperations.get_CM_parcels()
2019-01-08 12:15:00,766 INFO: NoSuchElementException in TransactionTrackerOperations.get_CM_parcels()
2019-01-08 12:15:06,160 INFO: NoSuchElementException in TransactionTrackerOperations.get_CM_parcels()
2019-01-08 12:15:11,442 INFO: NoSuchElementException in TransactionTrackerOperations.get_CM_parcels()
2019-01-08 12:15:16,754 INFO: NoSuchElementException in TransactionTrackerOperations.get_CM_parcels()
2019-01-08 12:15:22,172 INFO: NoSuchElementException in TransactionTrackerOperations.get_CM_parcels()
2019-01-08 12:15:27,540 INFO: NoSuchElementException in TransactionTrackerOperations.get_CM_parcels()
2019-01-08 12:15:32,919 INFO: NoSuchElementException in TransactionTrackerOperations.get_CM_parcels()
2019-01-08 12:15:38,202 INFO: NoSuchElementException in TransactionTrackerOperations.get_CM_parcels()
2019-01-08 12:15:43,733 INFO: NoSuchElementException in TransactionTrackerOperations.get_CM_parcels()
2019-01-08 12:15:49,037 INFO: NoSuchElementException in TransactionTrackerOperations.get_CM_parcels()
2019-01-08 12:15:54,342 INFO: NoSuchElementException in TransactionTrackerOperations.get_CM_parcels()
2019-01-08 12:15:59,271 INFO: NoSuchElementException in TransactionTrackerOperations.get_CM_parcels()
2019-01-08 12:16:07,754 INFO: Executing TransactionTrackerOperations.search_process_for_CMPDM() for: Performance Health|MEDCENTERDIRECT DOT COM|810
2019-01-08 12:16:08,342 INFO: Executing TransactionTrackerOperations.select_customer()
2019-01-08 12:16:15,474 INFO: Executing TransactionTrackerOperations.select_customer()
2019-01-08 12:16:27,819 INFO: Executing TransactionTrackerOperations.get_CM_parcels()
2019-01-08 12:16:35,317 INFO: Executing TransactionTrackerOperations.search_process_for_CMPDM() for: Performance Health|DSSI Kindred at Home|810
2019-01-08 12:16:35,757 INFO: Executing TransactionTrackerOperations.select_customer()
2019-01-08 12:16:42,843 INFO: Executing TransactionTrackerOperations.select_customer()
2019-01-08 12:16:55,133 INFO: Executing TransactionTrackerOperations.get_CM_parcels()
2019-01-08 12:17:01,356 INFO: Executing TransactionTrackerOperations.search_process_for_CMPDM() for: Performance Health|McKesson Medical Systems Columbus Community Hospital|810
2019-01-08 12:17:01,491 INFO: Executing TransactionTrackerOperations.select_customer()
2019-01-08 12:17:09,666 INFO: Executing TransactionTrackerOperations.select_customer()
2019-01-08 12:17:23,585 INFO: Executing TransactionTrackerOperations.get_CM_parcels()
2019-01-08 12:17:30,812 INFO: Executing TransactionTrackerOperations.search_process_for_CMPDM() for: Performance Health|McKesson Material Systems UT Health East Texas|810
2019-01-08 12:17:31,378 INFO: Executing TransactionTrackerOperations.select_customer()
2019-01-08 12:17:38,461 INFO: Executing TransactionTrackerOperations.select_customer()
2019-01-08 12:17:51,580 INFO: Executing TransactionTrackerOperations.get_CM_parcels()
2019-01-08 12:17:58,792 INFO: completed CMProductionDataMonitoring.execute_main()
