2018-10-15 20:31:44,759 INFO: Executing Script Credit Memo Prodution Data Monitoring
2018-10-15 20:31:54,106 INFO: Login in to Launchpad
2018-10-15 20:32:10,977 INFO: Refreshing access_token
2018-10-15 20:32:15,919 INFO: Executing method 'search_process' from TransactionTrackerOperations
2018-10-15 20:32:16,944 INFO: Executing method 'select_customer' from TransactionTrackerOperations
2018-10-15 20:32:25,716 INFO: Executing method 'select_customer' from TransactionTrackerOperations
2018-10-15 20:37:22,637 INFO: Executing Script Credit Memo Prodution Data Monitoring
2018-10-15 20:37:27,153 INFO: Login in to Launchpad
2018-10-15 20:37:42,313 INFO: Refreshing access_token
2018-10-15 20:37:46,087 INFO: Executing method 'search_process' from TransactionTrackerOperations
2018-10-15 20:37:47,102 INFO: Executing method 'select_customer' from TransactionTrackerOperations
2018-10-15 20:37:56,303 INFO: Executing method 'select_customer' from TransactionTrackerOperations
2018-10-15 20:40:49,306 INFO: Executing Script Credit Memo Prodution Data Monitoring
2018-10-15 20:40:54,418 INFO: Login in to Launchpad
2018-10-15 20:41:19,008 INFO: Refreshing access_token
2018-10-15 20:41:22,527 INFO: Executing method 'search_process' from TransactionTrackerOperations
2018-10-15 20:41:32,055 INFO: Executing method 'select_customer' from TransactionTrackerOperations
2018-10-15 20:41:40,936 INFO: Executing method 'select_customer' from TransactionTrackerOperations
2018-10-15 20:43:03,987 INFO: Executing Script Credit Memo Prodution Data Monitoring
2018-10-15 20:43:09,299 INFO: Login in to Launchpad
2018-10-15 20:43:24,545 INFO: Refreshing access_token
2018-10-15 20:43:28,119 INFO: Executing method 'search_process' from TransactionTrackerOperations
2018-10-15 20:43:29,138 INFO: Executing method 'select_customer' from TransactionTrackerOperations
2018-10-15 20:43:38,163 INFO: Executing method 'select_customer' from TransactionTrackerOperations
2018-10-15 20:43:56,703 INFO: Executing method 'search_process' from TransactionTrackerOperations
2018-10-15 20:43:57,716 INFO: Executing method 'select_customer' from TransactionTrackerOperations
2018-10-15 20:46:06,036 INFO: Executing Script Credit Memo Prodution Data Monitoring
2018-10-15 20:46:13,093 INFO: Login in to Launchpad
2018-10-15 20:46:38,172 INFO: Refreshing access_token
2018-10-15 20:46:41,727 INFO: Executing method 'search_process' from TransactionTrackerOperations
2018-10-15 20:46:42,745 INFO: Executing method 'select_customer' from TransactionTrackerOperations
2018-10-15 20:46:51,524 INFO: Executing method 'select_customer' from TransactionTrackerOperations
2018-10-15 20:47:16,849 INFO: Executing method 'search_process' from TransactionTrackerOperations
2018-10-15 20:47:17,875 INFO: Executing method 'select_customer' from TransactionTrackerOperations
2018-10-15 20:47:26,967 INFO: Executing method 'select_customer' from TransactionTrackerOperations
2018-10-15 20:53:20,149 INFO: Executing Script Credit Memo Prodution Data Monitoring
2018-10-15 20:53:23,718 INFO: Login in to Launchpad
2018-10-15 20:53:38,577 INFO: Refreshing access_token
2018-10-15 20:53:42,711 INFO: Executing method 'search_process' from TransactionTrackerOperations
2018-10-15 20:53:43,790 INFO: Executing method 'select_customer' from TransactionTrackerOperations
2018-10-15 20:53:53,069 INFO: Executing method 'select_customer' from TransactionTrackerOperations
2018-10-15 20:55:11,748 INFO: Executing Script Credit Memo Prodution Data Monitoring
2018-10-15 20:55:15,608 INFO: Login in to Launchpad
2018-10-15 20:55:31,060 INFO: Refreshing access_token
2018-10-15 20:55:34,642 INFO: Executing method 'search_process' from TransactionTrackerOperations
2018-10-15 20:55:35,658 INFO: Executing method 'select_customer' from TransactionTrackerOperations
2018-10-15 20:55:44,575 INFO: Executing method 'select_customer' from TransactionTrackerOperations
2018-10-15 21:16:15,381 INFO: Executing Script Credit Memo Prodution Data Monitoring
2018-10-15 21:16:19,216 INFO: Login in to Launchpad
2018-10-15 21:16:35,318 INFO: Refreshing access_token
2018-10-15 21:16:39,237 INFO: Executing method 'search_process' from TransactionTrackerOperations
2018-10-15 21:16:40,384 INFO: Executing method 'select_customer' from TransactionTrackerOperations
2018-10-15 21:16:49,101 INFO: Executing method 'select_customer' from TransactionTrackerOperations
2018-10-15 21:17:13,290 INFO: Executing method 'search_process' from TransactionTrackerOperations
2018-10-15 21:17:14,302 INFO: Executing method 'select_customer' from TransactionTrackerOperations
2018-10-15 21:17:23,001 INFO: Executing method 'select_customer' from TransactionTrackerOperations
2018-10-15 21:21:31,959 INFO: Executing Script Credit Memo Prodution Data Monitoring
2018-10-15 21:21:37,148 INFO: Login in to Launchpad
2018-10-15 21:22:03,495 INFO: Refreshing access_token
2018-10-15 21:22:07,079 INFO: Executing method 'search_process' from TransactionTrackerOperations
2018-10-15 21:22:08,095 INFO: Executing method 'select_customer' from TransactionTrackerOperations
2018-10-15 21:22:16,793 INFO: Executing method 'select_customer' from TransactionTrackerOperations
