2018-11-12 09:25:23,190 INFO: Executing Script Credit Memo Prodution Data Monitoring
2018-11-12 09:25:31,679 INFO: Login in to Launchpad
2018-11-12 09:25:44,332 INFO: Refreshing access_token
2018-11-12 09:25:50,422 INFO: Executing method 'search_process' from TransactionTrackerOperations
2018-11-12 09:25:52,449 INFO: Executing method 'select_customer' from TransactionTrackerOperations
2018-11-12 09:26:01,355 INFO: Executing method 'select_customer' from TransactionTrackerOperations
2018-11-12 09:26:21,046 INFO: Executing method 'search_process' from TransactionTrackerOperations
2018-11-12 09:26:23,149 INFO: Executing method 'select_customer' from TransactionTrackerOperations
2018-11-12 09:26:31,827 INFO: Executing method 'select_customer' from TransactionTrackerOperations
2018-11-12 09:27:00,269 INFO: Executing method 'search_process' from TransactionTrackerOperations
2018-11-12 09:27:04,622 INFO: Executing method 'select_customer' from TransactionTrackerOperations
2018-11-12 09:27:13,451 INFO: Executing method 'select_customer' from TransactionTrackerOperations
2018-11-12 09:27:40,487 INFO: Executing method 'search_process' from TransactionTrackerOperations
2018-11-12 09:27:42,643 INFO: Executing method 'select_customer' from TransactionTrackerOperations
2018-11-12 09:27:51,714 INFO: Executing method 'select_customer' from TransactionTrackerOperations
2018-11-12 09:28:48,735 INFO: Executing method 'search_process' from TransactionTrackerOperations
2018-11-12 09:28:51,192 INFO: Executing method 'select_customer' from TransactionTrackerOperations
2018-11-12 09:28:59,954 INFO: Executing method 'select_customer' from TransactionTrackerOperations
2018-11-12 09:29:20,844 INFO: Executing method 'search_process' from TransactionTrackerOperations
2018-11-12 09:29:22,862 INFO: Executing method 'select_customer' from TransactionTrackerOperations
2018-11-12 09:29:31,676 INFO: Executing method 'select_customer' from TransactionTrackerOperations
2018-11-12 09:30:49,729 INFO: Executing method 'search_process' from TransactionTrackerOperations
2018-11-12 09:30:52,068 INFO: Executing method 'select_customer' from TransactionTrackerOperations
2018-11-12 09:31:00,735 INFO: Executing method 'select_customer' from TransactionTrackerOperations
2018-11-12 09:31:21,076 INFO: Executing method 'search_process' from TransactionTrackerOperations
2018-11-12 09:31:23,120 INFO: Executing method 'select_customer' from TransactionTrackerOperations
2018-11-12 09:31:31,831 INFO: Executing method 'select_customer' from TransactionTrackerOperations
2018-11-12 09:31:51,087 INFO: Executing method 'search_process' from TransactionTrackerOperations
2018-11-12 09:31:53,104 INFO: Executing method 'select_customer' from TransactionTrackerOperations
2018-11-12 09:32:01,772 INFO: Executing method 'select_customer' from TransactionTrackerOperations
2018-11-12 09:32:55,183 INFO: Executing method 'search_process' from TransactionTrackerOperations
2018-11-12 09:32:57,736 INFO: Executing method 'select_customer' from TransactionTrackerOperations
2018-11-12 09:33:06,441 INFO: Executing method 'select_customer' from TransactionTrackerOperations
2018-11-12 09:34:01,442 INFO: Executing method 'search_process' from TransactionTrackerOperations
2018-11-12 09:34:03,547 INFO: Executing method 'select_customer' from TransactionTrackerOperations
2018-11-12 09:34:12,286 INFO: Executing method 'select_customer' from TransactionTrackerOperations
2018-11-12 09:34:31,945 INFO: Executing method 'search_process' from TransactionTrackerOperations
2018-11-12 09:34:33,962 INFO: Executing method 'select_customer' from TransactionTrackerOperations
2018-11-12 09:34:42,599 INFO: Executing method 'select_customer' from TransactionTrackerOperations
2018-11-12 09:35:01,669 INFO: Executing method 'search_process' from TransactionTrackerOperations
2018-11-12 09:35:03,684 INFO: Executing method 'select_customer' from TransactionTrackerOperations
2018-11-12 09:35:12,387 INFO: Executing method 'select_customer' from TransactionTrackerOperations
2018-11-12 09:37:07,162 INFO: Executing method 'search_process' from TransactionTrackerOperations
2018-11-12 09:37:09,185 INFO: Executing method 'select_customer' from TransactionTrackerOperations
2018-11-12 09:37:17,937 INFO: Executing method 'select_customer' from TransactionTrackerOperations
2018-11-12 09:37:37,870 INFO: Executing method 'search_process' from TransactionTrackerOperations
2018-11-12 09:37:39,887 INFO: Executing method 'select_customer' from TransactionTrackerOperations
2018-11-12 09:37:48,573 INFO: Executing method 'select_customer' from TransactionTrackerOperations
2018-11-12 09:38:21,990 INFO: Executing method 'search_process' from TransactionTrackerOperations
2018-11-12 09:38:24,008 INFO: Executing method 'select_customer' from TransactionTrackerOperations
2018-11-12 09:38:32,697 INFO: Executing method 'select_customer' from TransactionTrackerOperations
2018-11-12 09:38:53,867 INFO: Executing method 'search_process' from TransactionTrackerOperations
2018-11-12 09:38:55,989 INFO: Executing method 'select_customer' from TransactionTrackerOperations
2018-11-12 09:39:04,725 INFO: Executing method 'select_customer' from TransactionTrackerOperations
2018-11-12 09:39:26,193 INFO: Executing method 'search_process' from TransactionTrackerOperations
2018-11-12 09:39:28,211 INFO: Executing method 'select_customer' from TransactionTrackerOperations
2018-11-12 09:39:36,925 INFO: Executing method 'select_customer' from TransactionTrackerOperations
2018-11-12 09:40:13,186 INFO: Executing method 'search_process' from TransactionTrackerOperations
2018-11-12 09:40:15,551 INFO: Executing method 'select_customer' from TransactionTrackerOperations
2018-11-12 09:40:24,296 INFO: Executing method 'select_customer' from TransactionTrackerOperations
2018-11-12 09:41:04,508 INFO: Executing method 'search_process' from TransactionTrackerOperations
2018-11-12 09:41:07,163 INFO: Executing method 'select_customer' from TransactionTrackerOperations
2018-11-12 09:41:15,798 INFO: Executing method 'select_customer' from TransactionTrackerOperations
2018-11-12 09:41:36,142 INFO: Executing method 'search_process' from TransactionTrackerOperations
2018-11-12 09:41:38,686 INFO: Executing method 'select_customer' from TransactionTrackerOperations
2018-11-12 09:41:47,358 INFO: Executing method 'select_customer' from TransactionTrackerOperations
2018-11-12 09:42:16,352 INFO: Executing method 'search_process' from TransactionTrackerOperations
2018-11-12 09:42:18,582 INFO: Executing method 'select_customer' from TransactionTrackerOperations
2018-11-12 09:42:27,278 INFO: Executing method 'select_customer' from TransactionTrackerOperations
2018-11-12 09:42:56,803 INFO: Executing method 'search_process' from TransactionTrackerOperations
2018-11-12 09:42:58,822 INFO: Executing method 'select_customer' from TransactionTrackerOperations
2018-11-12 09:43:07,497 INFO: Executing method 'select_customer' from TransactionTrackerOperations
2018-11-12 09:43:28,999 INFO: Executing method 'search_process' from TransactionTrackerOperations
2018-11-12 09:43:31,412 INFO: Executing method 'select_customer' from TransactionTrackerOperations
2018-11-12 09:43:40,213 INFO: Executing method 'select_customer' from TransactionTrackerOperations
2018-11-12 09:44:18,437 INFO: Executing method 'search_process' from TransactionTrackerOperations
2018-11-12 09:44:20,457 INFO: Executing method 'select_customer' from TransactionTrackerOperations
2018-11-12 09:44:29,165 INFO: Executing method 'select_customer' from TransactionTrackerOperations
2018-11-12 09:45:44,657 INFO: Executing method 'search_process' from TransactionTrackerOperations
2018-11-12 09:45:46,674 INFO: Executing method 'select_customer' from TransactionTrackerOperations
2018-11-12 09:45:55,311 INFO: Executing method 'select_customer' from TransactionTrackerOperations
2018-11-12 09:46:20,874 INFO: Executing method 'search_process' from TransactionTrackerOperations
2018-11-12 09:46:22,893 INFO: Executing method 'select_customer' from TransactionTrackerOperations
2018-11-12 09:46:31,558 INFO: Executing method 'select_customer' from TransactionTrackerOperations
2018-11-12 09:47:36,414 INFO: Executing method 'search_process' from TransactionTrackerOperations
2018-11-12 09:47:38,431 INFO: Executing method 'select_customer' from TransactionTrackerOperations
2018-11-12 09:47:47,142 INFO: Executing method 'select_customer' from TransactionTrackerOperations
2018-11-12 09:48:07,524 INFO: Executing method 'search_process' from TransactionTrackerOperations
2018-11-12 09:48:09,561 INFO: Executing method 'select_customer' from TransactionTrackerOperations
2018-11-12 09:48:18,203 INFO: Executing method 'select_customer' from TransactionTrackerOperations
2018-11-12 09:48:38,096 INFO: Executing method 'search_process' from TransactionTrackerOperations
2018-11-12 09:48:40,113 INFO: Executing method 'select_customer' from TransactionTrackerOperations
2018-11-12 09:48:48,821 INFO: Executing method 'select_customer' from TransactionTrackerOperations
2018-11-12 09:49:08,738 INFO: Executing method 'search_process' from TransactionTrackerOperations
2018-11-12 09:49:10,979 INFO: Executing method 'select_customer' from TransactionTrackerOperations
2018-11-12 09:49:19,669 INFO: Executing method 'select_customer' from TransactionTrackerOperations
2018-11-12 09:49:45,711 INFO: Executing method 'search_process' from TransactionTrackerOperations
2018-11-12 09:49:47,727 INFO: Executing method 'select_customer' from TransactionTrackerOperations
2018-11-12 09:49:56,417 INFO: Executing method 'select_customer' from TransactionTrackerOperations
2018-11-12 09:50:36,283 INFO: Executing method 'search_process' from TransactionTrackerOperations
2018-11-12 09:50:38,302 INFO: Executing method 'select_customer' from TransactionTrackerOperations
2018-11-12 09:50:46,951 INFO: Executing method 'select_customer' from TransactionTrackerOperations
2018-11-12 09:51:30,459 INFO: Executing method 'search_process' from TransactionTrackerOperations
2018-11-12 09:51:32,548 INFO: Executing method 'select_customer' from TransactionTrackerOperations
2018-11-12 09:51:41,217 INFO: Executing method 'select_customer' from TransactionTrackerOperations
2018-11-12 09:52:10,904 INFO: Executing method 'search_process' from TransactionTrackerOperations
2018-11-12 09:52:12,924 INFO: Executing method 'select_customer' from TransactionTrackerOperations
2018-11-12 09:52:21,591 INFO: Executing method 'select_customer' from TransactionTrackerOperations
2018-11-12 09:53:13,856 INFO: Executing method 'search_process' from TransactionTrackerOperations
2018-11-12 09:53:15,876 INFO: Executing method 'select_customer' from TransactionTrackerOperations
2018-11-12 09:53:24,599 INFO: Executing method 'select_customer' from TransactionTrackerOperations
2018-11-12 09:55:13,796 INFO: Executing method 'search_process' from TransactionTrackerOperations
2018-11-12 09:55:15,814 INFO: Executing method 'select_customer' from TransactionTrackerOperations
2018-11-12 09:55:24,502 INFO: Executing method 'select_customer' from TransactionTrackerOperations
2018-11-12 09:55:53,356 INFO: Executing method 'search_process' from TransactionTrackerOperations
2018-11-12 09:55:55,373 INFO: Executing method 'select_customer' from TransactionTrackerOperations
2018-11-12 09:56:04,021 INFO: Executing method 'select_customer' from TransactionTrackerOperations
2018-11-12 09:56:35,606 INFO: Executing method 'search_process' from TransactionTrackerOperations
2018-11-12 09:56:37,879 INFO: Executing method 'select_customer' from TransactionTrackerOperations
2018-11-12 09:56:46,590 INFO: Executing method 'select_customer' from TransactionTrackerOperations
2018-11-12 09:57:05,609 INFO: Executing method 'search_process' from TransactionTrackerOperations
2018-11-12 09:57:07,633 INFO: Executing method 'select_customer' from TransactionTrackerOperations
2018-11-12 09:57:16,318 INFO: Executing method 'select_customer' from TransactionTrackerOperations
2018-11-12 09:59:00,870 INFO: Executing method 'search_process' from TransactionTrackerOperations
2018-11-12 09:59:03,093 INFO: Executing method 'select_customer' from TransactionTrackerOperations
2018-11-12 09:59:11,812 INFO: Executing method 'select_customer' from TransactionTrackerOperations
2018-11-12 09:59:45,120 INFO: Executing method 'search_process' from TransactionTrackerOperations
2018-11-12 09:59:47,136 INFO: Executing method 'select_customer' from TransactionTrackerOperations
2018-11-12 09:59:55,836 INFO: Executing method 'select_customer' from TransactionTrackerOperations
2018-11-12 10:00:24,361 INFO: Executing method 'search_process' from TransactionTrackerOperations
2018-11-12 10:00:26,377 INFO: Executing method 'select_customer' from TransactionTrackerOperations
2018-11-12 10:00:35,047 INFO: Executing method 'select_customer' from TransactionTrackerOperations
2018-11-12 10:01:10,756 INFO: Executing method 'search_process' from TransactionTrackerOperations
2018-11-12 10:01:12,771 INFO: Executing method 'select_customer' from TransactionTrackerOperations
2018-11-12 10:01:21,484 INFO: Executing method 'select_customer' from TransactionTrackerOperations
2018-11-12 10:01:40,451 INFO: Executing method 'search_process' from TransactionTrackerOperations
2018-11-12 10:01:42,468 INFO: Executing method 'select_customer' from TransactionTrackerOperations
2018-11-12 10:01:51,116 INFO: Executing method 'select_customer' from TransactionTrackerOperations
2018-11-12 10:03:08,114 INFO: Executing method 'search_process' from TransactionTrackerOperations
2018-11-12 10:03:10,132 INFO: Executing method 'select_customer' from TransactionTrackerOperations
2018-11-12 10:03:18,811 INFO: Executing method 'select_customer' from TransactionTrackerOperations
2018-11-12 10:03:51,328 INFO: Executing method 'search_process' from TransactionTrackerOperations
2018-11-12 10:03:53,345 INFO: Executing method 'select_customer' from TransactionTrackerOperations
2018-11-12 10:04:02,038 INFO: Executing method 'select_customer' from TransactionTrackerOperations
2018-11-12 10:04:21,235 INFO: Executing method 'search_process' from TransactionTrackerOperations
2018-11-12 10:04:23,279 INFO: Executing method 'select_customer' from TransactionTrackerOperations
2018-11-12 10:04:32,052 INFO: Executing method 'select_customer' from TransactionTrackerOperations
2018-11-12 10:05:17,184 INFO: Executing method 'search_process' from TransactionTrackerOperations
2018-11-12 10:05:19,200 INFO: Executing method 'select_customer' from TransactionTrackerOperations
2018-11-12 10:05:27,854 INFO: Executing method 'select_customer' from TransactionTrackerOperations
2018-11-12 10:06:00,489 INFO: Executing method 'search_process' from TransactionTrackerOperations
2018-11-12 10:06:02,504 INFO: Executing method 'select_customer' from TransactionTrackerOperations
2018-11-12 10:06:13,164 INFO: Executing method 'select_customer' from TransactionTrackerOperations
2018-11-12 10:07:44,126 INFO: Executing method 'search_process' from TransactionTrackerOperations
2018-11-12 10:07:46,515 INFO: Executing method 'select_customer' from TransactionTrackerOperations
2018-11-12 10:07:55,336 INFO: Executing method 'select_customer' from TransactionTrackerOperations
2018-11-12 10:08:15,857 INFO: Executing method 'search_process' from TransactionTrackerOperations
2018-11-12 10:08:17,878 INFO: Executing method 'select_customer' from TransactionTrackerOperations
2018-11-12 10:08:26,780 INFO: Executing method 'select_customer' from TransactionTrackerOperations
2018-11-12 10:08:46,855 INFO: Executing method 'search_process' from TransactionTrackerOperations
2018-11-12 10:08:49,040 INFO: Executing method 'select_customer' from TransactionTrackerOperations
2018-11-12 10:08:58,063 INFO: Executing method 'select_customer' from TransactionTrackerOperations
2018-11-12 10:10:38,627 INFO: Executing method 'search_process' from TransactionTrackerOperations
2018-11-12 10:10:40,644 INFO: Executing method 'select_customer' from TransactionTrackerOperations
2018-11-12 10:10:49,595 INFO: Executing method 'select_customer' from TransactionTrackerOperations
2018-11-12 10:11:48,063 INFO: Executing method 'search_process' from TransactionTrackerOperations
2018-11-12 10:11:50,081 INFO: Executing method 'select_customer' from TransactionTrackerOperations
2018-11-12 10:11:59,024 INFO: Executing method 'select_customer' from TransactionTrackerOperations
2018-11-12 10:12:18,912 INFO: Executing method 'search_process' from TransactionTrackerOperations
2018-11-12 10:12:20,928 INFO: Executing method 'select_customer' from TransactionTrackerOperations
2018-11-12 10:12:30,212 INFO: Executing method 'select_customer' from TransactionTrackerOperations
2018-11-12 10:12:51,104 INFO: Executing method 'search_process' from TransactionTrackerOperations
2018-11-12 10:12:53,187 INFO: Executing method 'select_customer' from TransactionTrackerOperations
2018-11-12 10:13:02,372 INFO: Executing method 'select_customer' from TransactionTrackerOperations
2018-11-12 10:13:34,097 INFO: Executing method 'search_process' from TransactionTrackerOperations
2018-11-12 10:13:36,182 INFO: Executing method 'select_customer' from TransactionTrackerOperations
2018-11-12 10:13:45,250 INFO: Executing method 'select_customer' from TransactionTrackerOperations
2018-11-12 10:14:04,958 INFO: Executing method 'search_process' from TransactionTrackerOperations
2018-11-12 10:14:07,042 INFO: Executing method 'select_customer' from TransactionTrackerOperations
2018-11-12 10:14:16,136 INFO: Executing method 'select_customer' from TransactionTrackerOperations
2018-11-12 10:14:36,101 INFO: Executing method 'search_process' from TransactionTrackerOperations
2018-11-12 10:14:38,127 INFO: Executing method 'select_customer' from TransactionTrackerOperations
2018-11-12 10:14:47,460 INFO: Executing method 'select_customer' from TransactionTrackerOperations
2018-11-12 10:15:07,769 INFO: Executing method 'search_process' from TransactionTrackerOperations
2018-11-12 10:15:09,790 INFO: Executing method 'select_customer' from TransactionTrackerOperations
2018-11-12 10:15:18,719 INFO: Executing method 'select_customer' from TransactionTrackerOperations
2018-11-12 10:17:20,800 INFO: Executing method 'search_process' from TransactionTrackerOperations
2018-11-12 10:17:23,091 INFO: Executing method 'select_customer' from TransactionTrackerOperations
2018-11-12 10:17:32,231 INFO: Executing method 'select_customer' from TransactionTrackerOperations
2018-11-12 10:18:54,446 INFO: Executing method 'search_process' from TransactionTrackerOperations
2018-11-12 10:18:56,469 INFO: Executing method 'select_customer' from TransactionTrackerOperations
2018-11-12 10:19:05,277 INFO: Executing method 'select_customer' from TransactionTrackerOperations
2018-11-12 10:19:25,288 INFO: Executing method 'search_process' from TransactionTrackerOperations
2018-11-12 10:19:27,576 INFO: Executing method 'select_customer' from TransactionTrackerOperations
2018-11-12 10:19:36,719 INFO: Executing method 'select_customer' from TransactionTrackerOperations
2018-11-12 10:20:05,972 INFO: Executing method 'search_process' from TransactionTrackerOperations
2018-11-12 10:20:08,024 INFO: Executing method 'select_customer' from TransactionTrackerOperations
2018-11-12 10:20:16,892 INFO: Executing method 'select_customer' from TransactionTrackerOperations
2018-11-12 10:20:36,892 INFO: Executing method 'search_process' from TransactionTrackerOperations
2018-11-12 10:20:38,928 INFO: Executing method 'select_customer' from TransactionTrackerOperations
2018-11-12 10:20:48,110 INFO: Executing method 'select_customer' from TransactionTrackerOperations
2018-11-12 10:21:07,495 INFO: Executing method 'search_process' from TransactionTrackerOperations
2018-11-12 10:21:09,542 INFO: Executing method 'select_customer' from TransactionTrackerOperations
2018-11-12 10:21:18,602 INFO: Executing method 'select_customer' from TransactionTrackerOperations
2018-11-12 10:22:47,366 INFO: Executing method 'search_process' from TransactionTrackerOperations
2018-11-12 10:22:49,385 INFO: Executing method 'select_customer' from TransactionTrackerOperations
2018-11-12 10:22:58,142 INFO: Executing method 'select_customer' from TransactionTrackerOperations
2018-11-12 10:24:01,384 INFO: Executing method 'search_process' from TransactionTrackerOperations
2018-11-12 10:24:03,412 INFO: Executing method 'select_customer' from TransactionTrackerOperations
2018-11-12 10:24:12,596 INFO: Executing method 'select_customer' from TransactionTrackerOperations
2018-11-12 10:25:09,792 INFO: Executing method 'search_process' from TransactionTrackerOperations
2018-11-12 10:25:11,990 INFO: Executing method 'select_customer' from TransactionTrackerOperations
2018-11-12 10:25:20,945 INFO: Executing method 'select_customer' from TransactionTrackerOperations
2018-11-12 10:25:44,757 INFO: Executing method 'search_process' from TransactionTrackerOperations
2018-11-12 10:25:46,772 INFO: Executing method 'select_customer' from TransactionTrackerOperations
2018-11-12 10:25:55,851 INFO: Executing method 'select_customer' from TransactionTrackerOperations
2018-11-12 10:36:48,869 INFO: Executing Script Credit Memo Prodution Data Monitoring
2018-11-12 10:36:54,232 INFO: Login in to Launchpad
2018-11-12 10:37:08,256 INFO: Refreshing access_token
2018-11-12 10:37:12,206 INFO: Executing method 'search_process' from TransactionTrackerOperations
2018-11-12 10:37:14,241 INFO: Executing method 'select_customer' from TransactionTrackerOperations
2018-11-12 10:37:23,308 INFO: Executing method 'select_customer' from TransactionTrackerOperations
2018-11-12 10:37:43,907 INFO: Executing method 'search_process' from TransactionTrackerOperations
2018-11-12 10:37:46,040 INFO: Executing method 'select_customer' from TransactionTrackerOperations
2018-11-12 10:37:54,977 INFO: Executing method 'select_customer' from TransactionTrackerOperations
2018-11-12 10:38:30,641 INFO: Executing method 'search_process' from TransactionTrackerOperations
2018-11-12 10:38:32,660 INFO: Executing method 'select_customer' from TransactionTrackerOperations
2018-11-12 10:38:41,397 INFO: Executing method 'select_customer' from TransactionTrackerOperations
2018-11-12 10:39:01,540 INFO: Executing method 'search_process' from TransactionTrackerOperations
2018-11-12 10:39:03,558 INFO: Executing method 'select_customer' from TransactionTrackerOperations
2018-11-12 10:39:12,373 INFO: Executing method 'select_customer' from TransactionTrackerOperations
2018-11-12 10:39:35,311 INFO: Executing method 'search_process' from TransactionTrackerOperations
2018-11-12 10:39:37,326 INFO: Executing method 'select_customer' from TransactionTrackerOperations
2018-11-12 10:39:46,306 INFO: Executing method 'select_customer' from TransactionTrackerOperations
2018-11-12 10:40:21,459 INFO: Executing method 'search_process' from TransactionTrackerOperations
2018-11-12 10:40:24,034 INFO: Executing method 'select_customer' from TransactionTrackerOperations
2018-11-12 10:40:33,234 INFO: Executing method 'select_customer' from TransactionTrackerOperations
2018-11-12 10:41:42,015 INFO: Executing method 'search_process' from TransactionTrackerOperations
2018-11-12 10:41:44,465 INFO: Executing method 'select_customer' from TransactionTrackerOperations
2018-11-12 10:41:53,356 INFO: Executing method 'select_customer' from TransactionTrackerOperations
2018-11-12 10:42:14,034 INFO: Executing method 'search_process' from TransactionTrackerOperations
2018-11-12 10:42:16,053 INFO: Executing method 'select_customer' from TransactionTrackerOperations
2018-11-12 10:42:25,194 INFO: Executing method 'select_customer' from TransactionTrackerOperations
2018-11-12 10:42:44,960 INFO: Executing method 'search_process' from TransactionTrackerOperations
2018-11-12 10:42:46,980 INFO: Executing method 'select_customer' from TransactionTrackerOperations
2018-11-12 10:42:56,075 INFO: Executing method 'select_customer' from TransactionTrackerOperations
2018-11-12 10:43:43,952 INFO: Executing method 'search_process' from TransactionTrackerOperations
2018-11-12 10:43:45,973 INFO: Executing method 'select_customer' from TransactionTrackerOperations
2018-11-12 10:43:55,177 INFO: Executing method 'select_customer' from TransactionTrackerOperations
2018-11-12 10:47:19,680 INFO: Executing method 'search_process' from TransactionTrackerOperations
2018-11-12 10:47:21,722 INFO: Executing method 'select_customer' from TransactionTrackerOperations
2018-11-12 10:47:30,746 INFO: Executing method 'select_customer' from TransactionTrackerOperations
2018-11-12 10:48:32,150 INFO: Executing method 'search_process' from TransactionTrackerOperations
2018-11-12 10:48:34,247 INFO: Executing method 'select_customer' from TransactionTrackerOperations
2018-11-12 10:48:43,076 INFO: Executing method 'select_customer' from TransactionTrackerOperations
2018-11-12 10:50:09,833 INFO: Executing method 'search_process' from TransactionTrackerOperations
2018-11-12 10:50:11,968 INFO: Executing method 'select_customer' from TransactionTrackerOperations
2018-11-12 10:50:21,004 INFO: Executing method 'select_customer' from TransactionTrackerOperations
2018-11-12 10:51:00,094 INFO: Executing method 'search_process' from TransactionTrackerOperations
2018-11-12 10:51:02,149 INFO: Executing method 'select_customer' from TransactionTrackerOperations
2018-11-12 10:51:11,054 INFO: Executing method 'select_customer' from TransactionTrackerOperations
2018-11-12 10:54:23,349 INFO: Executing method 'search_process' from TransactionTrackerOperations
2018-11-12 10:54:25,369 INFO: Executing method 'select_customer' from TransactionTrackerOperations
2018-11-12 10:54:34,237 INFO: Executing method 'select_customer' from TransactionTrackerOperations
2018-11-12 10:55:34,499 INFO: Executing method 'search_process' from TransactionTrackerOperations
2018-11-12 10:55:36,526 INFO: Executing method 'select_customer' from TransactionTrackerOperations
2018-11-12 10:55:45,779 INFO: Executing method 'select_customer' from TransactionTrackerOperations
2018-11-12 10:56:50,701 INFO: Executing method 'search_process' from TransactionTrackerOperations
2018-11-12 10:56:53,075 INFO: Executing method 'select_customer' from TransactionTrackerOperations
2018-11-12 10:57:02,438 INFO: Executing method 'select_customer' from TransactionTrackerOperations
2018-11-12 10:57:22,625 INFO: Executing method 'search_process' from TransactionTrackerOperations
2018-11-12 10:57:24,897 INFO: Executing method 'select_customer' from TransactionTrackerOperations
2018-11-12 10:57:34,226 INFO: Executing method 'select_customer' from TransactionTrackerOperations
2018-11-12 11:00:23,309 INFO: Executing method 'search_process' from TransactionTrackerOperations
2018-11-12 11:00:25,436 INFO: Executing method 'select_customer' from TransactionTrackerOperations
2018-11-12 11:00:34,535 INFO: Executing method 'select_customer' from TransactionTrackerOperations
2018-11-12 11:02:51,680 INFO: Executing method 'search_process' from TransactionTrackerOperations
2018-11-12 11:02:53,710 INFO: Executing method 'select_customer' from TransactionTrackerOperations
2018-11-12 11:03:02,831 INFO: Executing method 'select_customer' from TransactionTrackerOperations
2018-11-12 11:03:39,352 INFO: Executing method 'search_process' from TransactionTrackerOperations
2018-11-12 11:03:41,369 INFO: Executing method 'select_customer' from TransactionTrackerOperations
2018-11-12 11:03:50,353 INFO: Executing method 'select_customer' from TransactionTrackerOperations
2018-11-12 11:04:46,173 INFO: Executing method 'search_process' from TransactionTrackerOperations
2018-11-12 11:04:48,190 INFO: Executing method 'select_customer' from TransactionTrackerOperations
2018-11-12 11:04:57,403 INFO: Executing method 'select_customer' from TransactionTrackerOperations
2018-11-12 11:06:16,072 INFO: Executing method 'search_process' from TransactionTrackerOperations
2018-11-12 11:06:18,088 INFO: Executing method 'select_customer' from TransactionTrackerOperations
2018-11-12 11:06:27,041 INFO: Executing method 'select_customer' from TransactionTrackerOperations
2018-11-12 11:06:47,058 INFO: Executing method 'search_process' from TransactionTrackerOperations
2018-11-12 11:06:49,248 INFO: Executing method 'select_customer' from TransactionTrackerOperations
2018-11-12 11:06:58,178 INFO: Executing method 'select_customer' from TransactionTrackerOperations
2018-11-12 11:07:17,410 INFO: Executing method 'search_process' from TransactionTrackerOperations
2018-11-12 11:07:19,617 INFO: Executing method 'select_customer' from TransactionTrackerOperations
2018-11-12 11:07:28,595 INFO: Executing method 'select_customer' from TransactionTrackerOperations
